Namespace(bs=128, cp_dir='./checkpoints/cifar100_new/resnet18/sgd/run_ms_2/run0', data_dir='./data/cifar100', dir='.', dtype='cifar100', ep=200, loadckp=False, lr=0.1, milestones=[100, 120], mo=0.9, ms=2, mtype='resnet18', n='cifar100_new/resnet18/sgd', num_classes=100, print_freq=100, use_cuda=True, wd=0.0005)
Epoch: [0 | 200]
Phase:train -- Batch_idx:100/391-- 3169.77 samples/sec-- Loss:4.34 -- Error1:94.79
Phase:train -- Batch_idx:200/391-- 3541.14 samples/sec-- Loss:4.09 -- Error1:92.61
Phase:train -- Batch_idx:300/391-- 3687.17 samples/sec-- Loss:3.94 -- Error1:90.64
Train_Loss = 3.8390796040344237, Train_Err = 89.254
Val_Loss = 3.480091156387329, Val_Err = 83.27
Epoch: [1 | 200]
Phase:train -- Batch_idx:100/391-- 3672.88 samples/sec-- Loss:3.30 -- Error1:81.21
Phase:train -- Batch_idx:200/391-- 3837.85 samples/sec-- Loss:3.24 -- Error1:80.38
Phase:train -- Batch_idx:300/391-- 3896.50 samples/sec-- Loss:3.18 -- Error1:79.04
Train_Loss = 3.115678722991943, Train_Err = 77.802
Val_Loss = 2.8410017276763915, Val_Err = 72.31
Epoch: [2 | 200]
Phase:train -- Batch_idx:100/391-- 3664.02 samples/sec-- Loss:2.68 -- Error1:69.34
Phase:train -- Batch_idx:200/391-- 3832.84 samples/sec-- Loss:2.63 -- Error1:68.15
Phase:train -- Batch_idx:300/391-- 3892.88 samples/sec-- Loss:2.58 -- Error1:67.23
Train_Loss = 2.526772209320068, Train_Err = 66.12
Val_Loss = 2.5206357151031495, Val_Err = 65.05
Epoch: [3 | 200]
Phase:train -- Batch_idx:100/391-- 3667.52 samples/sec-- Loss:2.13 -- Error1:57.38
Phase:train -- Batch_idx:200/391-- 3835.62 samples/sec-- Loss:2.12 -- Error1:57.09
Phase:train -- Batch_idx:300/391-- 3894.48 samples/sec-- Loss:2.09 -- Error1:56.45
Train_Loss = 2.0656152387237547, Train_Err = 55.85
Val_Loss = 2.1967673511505126, Val_Err = 58.59
Epoch: [4 | 200]
Phase:train -- Batch_idx:100/391-- 3662.61 samples/sec-- Loss:1.73 -- Error1:48.38
Phase:train -- Batch_idx:200/391-- 3832.88 samples/sec-- Loss:1.74 -- Error1:48.53
Phase:train -- Batch_idx:300/391-- 3892.70 samples/sec-- Loss:1.74 -- Error1:48.57
Train_Loss = 1.7284027307510377, Train_Err = 48.5
Val_Loss = 2.0415555086135866, Val_Err = 54.13
Epoch: [5 | 200]
Phase:train -- Batch_idx:100/391-- 3663.03 samples/sec-- Loss:1.39 -- Error1:39.93
Phase:train -- Batch_idx:200/391-- 3832.73 samples/sec-- Loss:1.45 -- Error1:41.53
Phase:train -- Batch_idx:300/391-- 3893.11 samples/sec-- Loss:1.48 -- Error1:42.28
Train_Loss = 1.4937020050811767, Train_Err = 42.522
Val_Loss = 1.9024040939331055, Val_Err = 51.79
Epoch: [6 | 200]
Phase:train -- Batch_idx:100/391-- 3674.54 samples/sec-- Loss:1.16 -- Error1:33.92
Phase:train -- Batch_idx:200/391-- 3837.45 samples/sec-- Loss:1.23 -- Error1:35.85
Phase:train -- Batch_idx:300/391-- 3896.29 samples/sec-- Loss:1.28 -- Error1:37.20
Train_Loss = 1.3068887228012085, Train_Err = 37.878
Val_Loss = 1.9000230100631714, Val_Err = 50.97
Epoch: [7 | 200]
Phase:train -- Batch_idx:100/391-- 3676.56 samples/sec-- Loss:0.98 -- Error1:28.90
Phase:train -- Batch_idx:200/391-- 3841.21 samples/sec-- Loss:1.07 -- Error1:31.74
Phase:train -- Batch_idx:300/391-- 3898.97 samples/sec-- Loss:1.12 -- Error1:32.97
Train_Loss = 1.156857552947998, Train_Err = 33.95
Val_Loss = 2.0288878723144532, Val_Err = 52.69
Epoch: [8 | 200]
Phase:train -- Batch_idx:100/391-- 3667.85 samples/sec-- Loss:0.84 -- Error1:25.20
Phase:train -- Batch_idx:200/391-- 3836.66 samples/sec-- Loss:0.92 -- Error1:27.65
Phase:train -- Batch_idx:300/391-- 3896.65 samples/sec-- Loss:0.98 -- Error1:29.33
Train_Loss = 1.026817893600464, Train_Err = 30.552
Val_Loss = 1.8986589729309082, Val_Err = 49.13
Epoch: [9 | 200]
Phase:train -- Batch_idx:100/391-- 3668.20 samples/sec-- Loss:0.72 -- Error1:21.20
Phase:train -- Batch_idx:200/391-- 3837.22 samples/sec-- Loss:0.80 -- Error1:24.10
Phase:train -- Batch_idx:300/391-- 3897.52 samples/sec-- Loss:0.88 -- Error1:26.54
Train_Loss = 0.9230867218399048, Train_Err = 27.766
Val_Loss = 2.2933785926818846, Val_Err = 53.87
Epoch: [10 | 200]
Phase:train -- Batch_idx:100/391-- 3673.01 samples/sec-- Loss:0.62 -- Error1:18.84
Phase:train -- Batch_idx:200/391-- 3839.03 samples/sec-- Loss:0.69 -- Error1:21.03
Phase:train -- Batch_idx:300/391-- 3897.80 samples/sec-- Loss:0.77 -- Error1:23.40
Train_Loss = 0.8152416964721679, Train_Err = 24.836
Val_Loss = 1.9528693143844604, Val_Err = 48.7
Epoch: [11 | 200]
Phase:train -- Batch_idx:100/391-- 3689.30 samples/sec-- Loss:0.52 -- Error1:15.98
Phase:train -- Batch_idx:200/391-- 3848.53 samples/sec-- Loss:0.60 -- Error1:18.50
Phase:train -- Batch_idx:300/391-- 3904.27 samples/sec-- Loss:0.69 -- Error1:21.00
Train_Loss = 0.7429162600326538, Train_Err = 22.714
Val_Loss = 2.0604501987457273, Val_Err = 50.39
Epoch: [12 | 200]
Phase:train -- Batch_idx:100/391-- 3709.79 samples/sec-- Loss:0.51 -- Error1:15.45
Phase:train -- Batch_idx:200/391-- 3858.85 samples/sec-- Loss:0.55 -- Error1:16.79
Phase:train -- Batch_idx:300/391-- 3910.99 samples/sec-- Loss:0.64 -- Error1:19.51
Train_Loss = 0.6900876031303406, Train_Err = 21.168
Val_Loss = 1.969426781463623, Val_Err = 49.38
Epoch: [13 | 200]
Phase:train -- Batch_idx:100/391-- 3688.70 samples/sec-- Loss:0.45 -- Error1:13.62
Phase:train -- Batch_idx:200/391-- 3847.54 samples/sec-- Loss:0.47 -- Error1:14.38
Phase:train -- Batch_idx:300/391-- 3903.92 samples/sec-- Loss:0.55 -- Error1:16.85
Train_Loss = 0.6264948547744751, Train_Err = 19.142
Val_Loss = 2.778750657653809, Val_Err = 57.47
Epoch: [14 | 200]
Phase:train -- Batch_idx:100/391-- 3711.04 samples/sec-- Loss:0.45 -- Error1:13.28
Phase:train -- Batch_idx:200/391-- 3858.55 samples/sec-- Loss:0.48 -- Error1:14.53
Phase:train -- Batch_idx:300/391-- 3911.54 samples/sec-- Loss:0.55 -- Error1:16.74
Train_Loss = 0.6125591184806823, Train_Err = 18.732
Val_Loss = 2.265826858139038, Val_Err = 53.52
Epoch: [15 | 200]
Phase:train -- Batch_idx:100/391-- 3706.34 samples/sec-- Loss:0.41 -- Error1:12.74
Phase:train -- Batch_idx:200/391-- 3857.01 samples/sec-- Loss:0.44 -- Error1:13.65
Phase:train -- Batch_idx:300/391-- 3909.55 samples/sec-- Loss:0.51 -- Error1:15.55
Train_Loss = 0.5674494365882874, Train_Err = 17.368
Val_Loss = 2.4446638568878174, Val_Err = 54.07
Epoch: [16 | 200]
Phase:train -- Batch_idx:100/391-- 3716.48 samples/sec-- Loss:0.38 -- Error1:11.49
Phase:train -- Batch_idx:200/391-- 3863.57 samples/sec-- Loss:0.41 -- Error1:12.44
Phase:train -- Batch_idx:300/391-- 3915.30 samples/sec-- Loss:0.49 -- Error1:14.96
Train_Loss = 0.5546149936676026, Train_Err = 16.862
Val_Loss = 2.2323080520629883, Val_Err = 52.66
Epoch: [17 | 200]
Phase:train -- Batch_idx:100/391-- 3714.56 samples/sec-- Loss:0.36 -- Error1:10.65
Phase:train -- Batch_idx:200/391-- 3862.20 samples/sec-- Loss:0.39 -- Error1:11.88
Phase:train -- Batch_idx:300/391-- 3914.30 samples/sec-- Loss:0.46 -- Error1:13.92
Train_Loss = 0.5187800688934326, Train_Err = 15.79
Val_Loss = 2.5580153186798094, Val_Err = 54.0
Epoch: [18 | 200]
Phase:train -- Batch_idx:100/391-- 3691.82 samples/sec-- Loss:0.39 -- Error1:11.71
Phase:train -- Batch_idx:200/391-- 3849.60 samples/sec-- Loss:0.41 -- Error1:12.29
Phase:train -- Batch_idx:300/391-- 3905.40 samples/sec-- Loss:0.47 -- Error1:14.20
Train_Loss = 0.5319895936012268, Train_Err = 16.168
Val_Loss = 2.5434698160171507, Val_Err = 54.05
Epoch: [19 | 200]
Phase:train -- Batch_idx:100/391-- 3708.12 samples/sec-- Loss:0.40 -- Error1:11.64
Phase:train -- Batch_idx:200/391-- 3858.57 samples/sec-- Loss:0.42 -- Error1:12.39
Phase:train -- Batch_idx:300/391-- 3910.59 samples/sec-- Loss:0.48 -- Error1:14.35
Train_Loss = 0.5290637863731384, Train_Err = 16.01
Val_Loss = 2.394806597137451, Val_Err = 52.73
Epoch: [20 | 200]
Phase:train -- Batch_idx:100/391-- 3731.81 samples/sec-- Loss:0.36 -- Error1:10.34
Phase:train -- Batch_idx:200/391-- 3872.44 samples/sec-- Loss:0.37 -- Error1:10.97
Phase:train -- Batch_idx:300/391-- 3921.81 samples/sec-- Loss:0.43 -- Error1:13.03
Train_Loss = 0.4885185661315918, Train_Err = 14.83
Val_Loss = 2.341767911338806, Val_Err = 51.36
Epoch: [21 | 200]
Phase:train -- Batch_idx:100/391-- 3720.59 samples/sec-- Loss:0.37 -- Error1:11.34
Phase:train -- Batch_idx:200/391-- 3865.83 samples/sec-- Loss:0.39 -- Error1:11.96
Phase:train -- Batch_idx:300/391-- 3916.91 samples/sec-- Loss:0.45 -- Error1:13.84
Train_Loss = 0.5101743772888183, Train_Err = 15.632
Val_Loss = 2.226326978302002, Val_Err = 50.86
Epoch: [22 | 200]
Phase:train -- Batch_idx:100/391-- 3693.79 samples/sec-- Loss:0.36 -- Error1:10.83
Phase:train -- Batch_idx:200/391-- 3850.31 samples/sec-- Loss:0.36 -- Error1:10.97
Phase:train -- Batch_idx:300/391-- 3905.89 samples/sec-- Loss:0.43 -- Error1:12.95
Train_Loss = 0.4937858441925049, Train_Err = 14.988
Val_Loss = 2.3202687013626098, Val_Err = 52.09
Epoch: [23 | 200]
Phase:train -- Batch_idx:100/391-- 3707.37 samples/sec-- Loss:0.36 -- Error1:10.62
Phase:train -- Batch_idx:200/391-- 3858.47 samples/sec-- Loss:0.37 -- Error1:10.88
Phase:train -- Batch_idx:300/391-- 3911.29 samples/sec-- Loss:0.42 -- Error1:12.53
Train_Loss = 0.4786760558700561, Train_Err = 14.556
Val_Loss = 2.3820589263916014, Val_Err = 51.24
Epoch: [24 | 200]
Phase:train -- Batch_idx:100/391-- 3692.54 samples/sec-- Loss:0.34 -- Error1:10.00
Phase:train -- Batch_idx:200/391-- 3850.75 samples/sec-- Loss:0.37 -- Error1:10.95
Phase:train -- Batch_idx:300/391-- 3906.71 samples/sec-- Loss:0.43 -- Error1:12.91
Train_Loss = 0.49320326669692993, Train_Err = 14.844
Val_Loss = 2.5552517700195314, Val_Err = 54.26
Epoch: [25 | 200]
Phase:train -- Batch_idx:100/391-- 3704.24 samples/sec-- Loss:0.34 -- Error1:10.41
Phase:train -- Batch_idx:200/391-- 3856.79 samples/sec-- Loss:0.34 -- Error1:10.42
Phase:train -- Batch_idx:300/391-- 3910.81 samples/sec-- Loss:0.39 -- Error1:11.77
Train_Loss = 0.45572033000946044, Train_Err = 13.852
Val_Loss = 2.482369631767273, Val_Err = 54.58
Epoch: [26 | 200]
Phase:train -- Batch_idx:100/391-- 3707.44 samples/sec-- Loss:0.39 -- Error1:11.66
Phase:train -- Batch_idx:200/391-- 3858.12 samples/sec-- Loss:0.39 -- Error1:11.62
Phase:train -- Batch_idx:300/391-- 3911.65 samples/sec-- Loss:0.44 -- Error1:13.45
Train_Loss = 0.4959567696762085, Train_Err = 15.108
Val_Loss = 2.3420728004455564, Val_Err = 52.9
Epoch: [27 | 200]
Phase:train -- Batch_idx:100/391-- 3705.11 samples/sec-- Loss:0.35 -- Error1:10.20
Phase:train -- Batch_idx:200/391-- 3857.60 samples/sec-- Loss:0.36 -- Error1:10.68
Phase:train -- Batch_idx:300/391-- 3910.88 samples/sec-- Loss:0.40 -- Error1:12.24
Train_Loss = 0.4500293992996216, Train_Err = 13.662
Val_Loss = 2.5224918426513674, Val_Err = 53.23
Epoch: [28 | 200]
Phase:train -- Batch_idx:100/391-- 3705.52 samples/sec-- Loss:0.35 -- Error1:10.58
Phase:train -- Batch_idx:200/391-- 3858.66 samples/sec-- Loss:0.36 -- Error1:10.87
Phase:train -- Batch_idx:300/391-- 3912.79 samples/sec-- Loss:0.42 -- Error1:12.76
Train_Loss = 0.475219797744751, Train_Err = 14.498
Val_Loss = 2.411966654396057, Val_Err = 53.65
Epoch: [29 | 200]
Phase:train -- Batch_idx:100/391-- 3707.21 samples/sec-- Loss:0.35 -- Error1:10.18
Phase:train -- Batch_idx:200/391-- 3859.16 samples/sec-- Loss:0.35 -- Error1:10.34
Phase:train -- Batch_idx:300/391-- 3912.72 samples/sec-- Loss:0.40 -- Error1:11.90
Train_Loss = 0.4562730789756775, Train_Err = 13.834
Val_Loss = 2.6183851833343508, Val_Err = 54.21
Epoch: [30 | 200]
Phase:train -- Batch_idx:100/391-- 3707.84 samples/sec-- Loss:0.37 -- Error1:10.91
Phase:train -- Batch_idx:200/391-- 3859.29 samples/sec-- Loss:0.37 -- Error1:10.94
Phase:train -- Batch_idx:300/391-- 3912.58 samples/sec-- Loss:0.42 -- Error1:12.41
Train_Loss = 0.47003370645523074, Train_Err = 14.096
Val_Loss = 2.417512163543701, Val_Err = 51.81
Epoch: [31 | 200]
Phase:train -- Batch_idx:100/391-- 3707.30 samples/sec-- Loss:0.33 -- Error1:9.70
Phase:train -- Batch_idx:200/391-- 3859.05 samples/sec-- Loss:0.33 -- Error1:9.81
Phase:train -- Batch_idx:300/391-- 3911.92 samples/sec-- Loss:0.38 -- Error1:11.43
Train_Loss = 0.4370920191955566, Train_Err = 13.148
Val_Loss = 2.5719726902008055, Val_Err = 53.08
Epoch: [32 | 200]
Phase:train -- Batch_idx:100/391-- 3710.05 samples/sec-- Loss:0.35 -- Error1:10.55
Phase:train -- Batch_idx:200/391-- 3860.81 samples/sec-- Loss:0.36 -- Error1:11.04
Phase:train -- Batch_idx:300/391-- 3913.96 samples/sec-- Loss:0.43 -- Error1:13.05
Train_Loss = 0.47861458629608156, Train_Err = 14.514
Val_Loss = 2.477333165550232, Val_Err = 53.38
Epoch: [33 | 200]
Phase:train -- Batch_idx:100/391-- 3705.44 samples/sec-- Loss:0.34 -- Error1:9.77
Phase:train -- Batch_idx:200/391-- 3857.28 samples/sec-- Loss:0.34 -- Error1:9.91
Phase:train -- Batch_idx:300/391-- 3910.84 samples/sec-- Loss:0.40 -- Error1:11.77
Train_Loss = 0.4596338633728027, Train_Err = 13.752
Val_Loss = 2.620534790802002, Val_Err = 55.13
Epoch: [34 | 200]
Phase:train -- Batch_idx:100/391-- 3691.75 samples/sec-- Loss:0.35 -- Error1:10.24
Phase:train -- Batch_idx:200/391-- 3849.67 samples/sec-- Loss:0.36 -- Error1:10.79
Phase:train -- Batch_idx:300/391-- 3905.58 samples/sec-- Loss:0.42 -- Error1:12.58
Train_Loss = 0.4734325283432007, Train_Err = 14.316
Val_Loss = 2.686081360244751, Val_Err = 54.99
Epoch: [35 | 200]
Phase:train -- Batch_idx:100/391-- 3708.30 samples/sec-- Loss:0.33 -- Error1:9.64
Phase:train -- Batch_idx:200/391-- 3859.79 samples/sec-- Loss:0.34 -- Error1:9.81
Phase:train -- Batch_idx:300/391-- 3912.16 samples/sec-- Loss:0.38 -- Error1:11.17
Train_Loss = 0.43391342933654786, Train_Err = 12.912
Val_Loss = 2.5851015663146972, Val_Err = 52.94
Epoch: [36 | 200]
Phase:train -- Batch_idx:100/391-- 3722.05 samples/sec-- Loss:0.33 -- Error1:10.10
Phase:train -- Batch_idx:200/391-- 3866.97 samples/sec-- Loss:0.35 -- Error1:10.62
Phase:train -- Batch_idx:300/391-- 3918.07 samples/sec-- Loss:0.40 -- Error1:12.03
Train_Loss = 0.451237259311676, Train_Err = 13.674
Val_Loss = 2.4127506675720216, Val_Err = 51.86
Epoch: [37 | 200]
Phase:train -- Batch_idx:100/391-- 3681.25 samples/sec-- Loss:0.33 -- Error1:9.81
Phase:train -- Batch_idx:200/391-- 3844.32 samples/sec-- Loss:0.34 -- Error1:10.18
Phase:train -- Batch_idx:300/391-- 3902.67 samples/sec-- Loss:0.40 -- Error1:12.02
Train_Loss = 0.4695064392852783, Train_Err = 14.204
Val_Loss = 2.5216516410827636, Val_Err = 54.1
Epoch: [38 | 200]
Phase:train -- Batch_idx:100/391-- 3708.77 samples/sec-- Loss:0.32 -- Error1:9.05
Phase:train -- Batch_idx:200/391-- 3859.76 samples/sec-- Loss:0.32 -- Error1:9.49
Phase:train -- Batch_idx:300/391-- 3912.63 samples/sec-- Loss:0.37 -- Error1:11.05
Train_Loss = 0.4236576284408569, Train_Err = 12.682
Val_Loss = 2.5042694038391113, Val_Err = 52.49
Epoch: [39 | 200]
Phase:train -- Batch_idx:100/391-- 3706.88 samples/sec-- Loss:0.34 -- Error1:9.95
Phase:train -- Batch_idx:200/391-- 3859.39 samples/sec-- Loss:0.36 -- Error1:10.59
Phase:train -- Batch_idx:300/391-- 3912.19 samples/sec-- Loss:0.40 -- Error1:12.14
Train_Loss = 0.44571403616905214, Train_Err = 13.456
Val_Loss = 2.417266234970093, Val_Err = 52.17
Epoch: [40 | 200]
Phase:train -- Batch_idx:100/391-- 3708.05 samples/sec-- Loss:0.34 -- Error1:9.91
Phase:train -- Batch_idx:200/391-- 3860.08 samples/sec-- Loss:0.35 -- Error1:10.37
Phase:train -- Batch_idx:300/391-- 3913.51 samples/sec-- Loss:0.40 -- Error1:11.87
Train_Loss = 0.45274442735672, Train_Err = 13.614
Val_Loss = 2.5811362777709963, Val_Err = 55.01
Epoch: [41 | 200]
Phase:train -- Batch_idx:100/391-- 3700.84 samples/sec-- Loss:0.33 -- Error1:9.93
Phase:train -- Batch_idx:200/391-- 3856.03 samples/sec-- Loss:0.33 -- Error1:9.89
Phase:train -- Batch_idx:300/391-- 3910.75 samples/sec-- Loss:0.38 -- Error1:11.23
Train_Loss = 0.44161301197052, Train_Err = 13.176
Val_Loss = 2.733400281906128, Val_Err = 55.86
Epoch: [42 | 200]
Phase:train -- Batch_idx:100/391-- 3684.10 samples/sec-- Loss:0.34 -- Error1:9.99
Phase:train -- Batch_idx:200/391-- 3845.04 samples/sec-- Loss:0.34 -- Error1:10.09
Phase:train -- Batch_idx:300/391-- 3901.27 samples/sec-- Loss:0.38 -- Error1:11.34
Train_Loss = 0.43368532316207886, Train_Err = 12.9
Val_Loss = 2.7800315364837647, Val_Err = 54.88
Epoch: [43 | 200]
Phase:train -- Batch_idx:100/391-- 3704.05 samples/sec-- Loss:0.33 -- Error1:10.04
Phase:train -- Batch_idx:200/391-- 3858.17 samples/sec-- Loss:0.34 -- Error1:10.17
Phase:train -- Batch_idx:300/391-- 3911.52 samples/sec-- Loss:0.40 -- Error1:11.98
Train_Loss = 0.44390654129028323, Train_Err = 13.322
Val_Loss = 2.4828022720336915, Val_Err = 53.01
Epoch: [44 | 200]
Phase:train -- Batch_idx:100/391-- 3725.38 samples/sec-- Loss:0.31 -- Error1:9.57
Phase:train -- Batch_idx:200/391-- 3869.71 samples/sec-- Loss:0.33 -- Error1:10.11
Phase:train -- Batch_idx:300/391-- 3920.26 samples/sec-- Loss:0.39 -- Error1:11.99
Train_Loss = 0.4426693578529358, Train_Err = 13.41
Val_Loss = 2.335376462554932, Val_Err = 52.01
Epoch: [45 | 200]
Phase:train -- Batch_idx:100/391-- 3706.66 samples/sec-- Loss:0.31 -- Error1:9.49
Phase:train -- Batch_idx:200/391-- 3858.49 samples/sec-- Loss:0.34 -- Error1:10.07
Phase:train -- Batch_idx:300/391-- 3912.49 samples/sec-- Loss:0.39 -- Error1:11.72
Train_Loss = 0.44948285221099854, Train_Err = 13.678
Val_Loss = 2.5474583972930906, Val_Err = 52.78
Epoch: [46 | 200]
Phase:train -- Batch_idx:100/391-- 3724.79 samples/sec-- Loss:0.32 -- Error1:9.34
Phase:train -- Batch_idx:200/391-- 3868.85 samples/sec-- Loss:0.35 -- Error1:10.36
Phase:train -- Batch_idx:300/391-- 3918.99 samples/sec-- Loss:0.40 -- Error1:11.81
Train_Loss = 0.45022906370162963, Train_Err = 13.55
Val_Loss = 2.512796349143982, Val_Err = 52.4
Epoch: [47 | 200]
Phase:train -- Batch_idx:100/391-- 3695.33 samples/sec-- Loss:0.34 -- Error1:9.89
Phase:train -- Batch_idx:200/391-- 3853.01 samples/sec-- Loss:0.35 -- Error1:10.38
Phase:train -- Batch_idx:300/391-- 3907.96 samples/sec-- Loss:0.39 -- Error1:11.76
Train_Loss = 0.43841335014343263, Train_Err = 13.168
Val_Loss = 2.5358244598388673, Val_Err = 54.69
Epoch: [48 | 200]
Phase:train -- Batch_idx:100/391-- 3705.47 samples/sec-- Loss:0.32 -- Error1:9.45
Phase:train -- Batch_idx:200/391-- 3859.01 samples/sec-- Loss:0.34 -- Error1:10.20
Phase:train -- Batch_idx:300/391-- 3913.10 samples/sec-- Loss:0.38 -- Error1:11.45
Train_Loss = 0.42812921854019165, Train_Err = 12.79
Val_Loss = 2.7372367012023924, Val_Err = 55.22
Epoch: [49 | 200]
Phase:train -- Batch_idx:100/391-- 3700.37 samples/sec-- Loss:0.35 -- Error1:10.38
Phase:train -- Batch_idx:200/391-- 3855.64 samples/sec-- Loss:0.34 -- Error1:10.13
Phase:train -- Batch_idx:300/391-- 3910.99 samples/sec-- Loss:0.38 -- Error1:11.44
Train_Loss = 0.4401273238945007, Train_Err = 13.322
Val_Loss = 2.7137488693237306, Val_Err = 55.11
Epoch: [50 | 200]
Phase:train -- Batch_idx:100/391-- 3720.16 samples/sec-- Loss:0.33 -- Error1:9.82
Phase:train -- Batch_idx:200/391-- 3865.88 samples/sec-- Loss:0.34 -- Error1:10.18
Phase:train -- Batch_idx:300/391-- 3917.33 samples/sec-- Loss:0.37 -- Error1:11.36
Train_Loss = 0.4259133702850342, Train_Err = 12.906
Val_Loss = 2.4580651443481445, Val_Err = 53.03
Epoch: [51 | 200]
Phase:train -- Batch_idx:100/391-- 3703.09 samples/sec-- Loss:0.35 -- Error1:10.22
Phase:train -- Batch_idx:200/391-- 3857.06 samples/sec-- Loss:0.36 -- Error1:10.64
Phase:train -- Batch_idx:300/391-- 3911.00 samples/sec-- Loss:0.40 -- Error1:11.88
Train_Loss = 0.45671618322372437, Train_Err = 13.556
Val_Loss = 2.5285141181945803, Val_Err = 52.98
Epoch: [52 | 200]
Phase:train -- Batch_idx:100/391-- 3692.94 samples/sec-- Loss:0.33 -- Error1:9.63
Phase:train -- Batch_idx:200/391-- 3851.97 samples/sec-- Loss:0.34 -- Error1:10.04
Phase:train -- Batch_idx:300/391-- 3908.05 samples/sec-- Loss:0.38 -- Error1:11.30
Train_Loss = 0.42903434814453123, Train_Err = 12.816
Val_Loss = 2.407123903656006, Val_Err = 51.72
Epoch: [53 | 200]
Phase:train -- Batch_idx:100/391-- 3690.79 samples/sec-- Loss:0.34 -- Error1:10.30
Phase:train -- Batch_idx:200/391-- 3850.93 samples/sec-- Loss:0.34 -- Error1:10.38
Phase:train -- Batch_idx:300/391-- 3907.70 samples/sec-- Loss:0.38 -- Error1:11.61
Train_Loss = 0.43413735858917235, Train_Err = 13.186
Val_Loss = 2.5856559509277344, Val_Err = 54.67
Epoch: [54 | 200]
Phase:train -- Batch_idx:100/391-- 3721.76 samples/sec-- Loss:0.33 -- Error1:9.77
Phase:train -- Batch_idx:200/391-- 3866.93 samples/sec-- Loss:0.34 -- Error1:9.93
Phase:train -- Batch_idx:300/391-- 3918.23 samples/sec-- Loss:0.37 -- Error1:10.92
Train_Loss = 0.414717752494812, Train_Err = 12.39
Val_Loss = 2.3748669506073, Val_Err = 52.45
Epoch: [55 | 200]
Phase:train -- Batch_idx:100/391-- 3710.03 samples/sec-- Loss:0.31 -- Error1:9.44
Phase:train -- Batch_idx:200/391-- 3861.01 samples/sec-- Loss:0.34 -- Error1:10.14
Phase:train -- Batch_idx:300/391-- 3913.68 samples/sec-- Loss:0.38 -- Error1:11.41
Train_Loss = 0.4285190505409241, Train_Err = 12.796
Val_Loss = 2.5610180465698242, Val_Err = 53.92
Epoch: [56 | 200]
Phase:train -- Batch_idx:100/391-- 3709.44 samples/sec-- Loss:0.35 -- Error1:10.66
Phase:train -- Batch_idx:200/391-- 3861.59 samples/sec-- Loss:0.35 -- Error1:10.38
Phase:train -- Batch_idx:300/391-- 3914.80 samples/sec-- Loss:0.39 -- Error1:11.83
Train_Loss = 0.4445626601409912, Train_Err = 13.298
Val_Loss = 2.3982238021850586, Val_Err = 51.74
Epoch: [57 | 200]
Phase:train -- Batch_idx:100/391-- 3703.28 samples/sec-- Loss:0.31 -- Error1:9.34
Phase:train -- Batch_idx:200/391-- 3858.22 samples/sec-- Loss:0.32 -- Error1:9.52
Phase:train -- Batch_idx:300/391-- 3912.87 samples/sec-- Loss:0.37 -- Error1:11.05
Train_Loss = 0.42462254661560056, Train_Err = 12.788
Val_Loss = 2.6039861679077148, Val_Err = 55.24
Epoch: [58 | 200]
Phase:train -- Batch_idx:100/391-- 3700.32 samples/sec-- Loss:0.33 -- Error1:9.91
Phase:train -- Batch_idx:200/391-- 3855.49 samples/sec-- Loss:0.35 -- Error1:10.34
Phase:train -- Batch_idx:300/391-- 3910.25 samples/sec-- Loss:0.39 -- Error1:11.80
Train_Loss = 0.4435540245056152, Train_Err = 13.356
Val_Loss = 2.4952674119949343, Val_Err = 52.61
Epoch: [59 | 200]
Phase:train -- Batch_idx:100/391-- 3712.02 samples/sec-- Loss:0.31 -- Error1:8.65
Phase:train -- Batch_idx:200/391-- 3862.30 samples/sec-- Loss:0.33 -- Error1:9.53
Phase:train -- Batch_idx:300/391-- 3914.53 samples/sec-- Loss:0.37 -- Error1:10.90
Train_Loss = 0.4280895555496216, Train_Err = 12.638
Val_Loss = 2.817318083572388, Val_Err = 55.97
Epoch: [60 | 200]
Phase:train -- Batch_idx:100/391-- 3705.00 samples/sec-- Loss:0.30 -- Error1:8.42
Phase:train -- Batch_idx:200/391-- 3858.79 samples/sec-- Loss:0.31 -- Error1:9.22
Phase:train -- Batch_idx:300/391-- 3912.86 samples/sec-- Loss:0.36 -- Error1:10.84
Train_Loss = 0.4204473808670044, Train_Err = 12.534
Val_Loss = 2.4402719230651857, Val_Err = 52.72
Epoch: [61 | 200]
Phase:train -- Batch_idx:100/391-- 3702.47 samples/sec-- Loss:0.32 -- Error1:9.33
Phase:train -- Batch_idx:200/391-- 3856.72 samples/sec-- Loss:0.34 -- Error1:9.98
Phase:train -- Batch_idx:300/391-- 3911.20 samples/sec-- Loss:0.38 -- Error1:11.42
Train_Loss = 0.4304847028541565, Train_Err = 12.874
Val_Loss = 2.599731000518799, Val_Err = 54.83
Epoch: [62 | 200]
Phase:train -- Batch_idx:100/391-- 3708.79 samples/sec-- Loss:0.33 -- Error1:9.66
Phase:train -- Batch_idx:200/391-- 3860.96 samples/sec-- Loss:0.34 -- Error1:9.85
Phase:train -- Batch_idx:300/391-- 3914.07 samples/sec-- Loss:0.39 -- Error1:11.53
Train_Loss = 0.4432224462509155, Train_Err = 13.05
Val_Loss = 2.6247122203826905, Val_Err = 55.17
Epoch: [63 | 200]
Phase:train -- Batch_idx:100/391-- 3709.34 samples/sec-- Loss:0.31 -- Error1:9.17
Phase:train -- Batch_idx:200/391-- 3860.69 samples/sec-- Loss:0.32 -- Error1:9.53
Phase:train -- Batch_idx:300/391-- 3913.40 samples/sec-- Loss:0.37 -- Error1:10.89
Train_Loss = 0.4151731912612915, Train_Err = 12.332
Val_Loss = 2.6462149810791016, Val_Err = 54.54
Epoch: [64 | 200]
Phase:train -- Batch_idx:100/391-- 3735.02 samples/sec-- Loss:0.31 -- Error1:8.81
Phase:train -- Batch_idx:200/391-- 3874.80 samples/sec-- Loss:0.32 -- Error1:9.43
Phase:train -- Batch_idx:300/391-- 3923.92 samples/sec-- Loss:0.37 -- Error1:10.83
Train_Loss = 0.4253983815002441, Train_Err = 12.512
Val_Loss = 2.4206429248809815, Val_Err = 53.43
Epoch: [65 | 200]
Phase:train -- Batch_idx:100/391-- 3700.46 samples/sec-- Loss:0.34 -- Error1:10.15
Phase:train -- Batch_idx:200/391-- 3855.93 samples/sec-- Loss:0.35 -- Error1:10.53
Phase:train -- Batch_idx:300/391-- 3911.16 samples/sec-- Loss:0.38 -- Error1:11.54
Train_Loss = 0.43031770112991335, Train_Err = 13.012
Val_Loss = 2.4510109111785887, Val_Err = 52.74
Epoch: [66 | 200]
Phase:train -- Batch_idx:100/391-- 3713.57 samples/sec-- Loss:0.33 -- Error1:9.88
Phase:train -- Batch_idx:200/391-- 3862.42 samples/sec-- Loss:0.33 -- Error1:9.76
Phase:train -- Batch_idx:300/391-- 3915.18 samples/sec-- Loss:0.38 -- Error1:11.58
Train_Loss = 0.4329273558235168, Train_Err = 13.094
Val_Loss = 2.3409926609039307, Val_Err = 51.88
Epoch: [67 | 200]
Phase:train -- Batch_idx:100/391-- 3701.77 samples/sec-- Loss:0.31 -- Error1:9.05
Phase:train -- Batch_idx:200/391-- 3856.46 samples/sec-- Loss:0.33 -- Error1:9.77
Phase:train -- Batch_idx:300/391-- 3910.96 samples/sec-- Loss:0.38 -- Error1:11.37
Train_Loss = 0.4193261520004272, Train_Err = 12.558
Val_Loss = 2.440600733566284, Val_Err = 52.71
Epoch: [68 | 200]
Phase:train -- Batch_idx:100/391-- 3704.03 samples/sec-- Loss:0.31 -- Error1:9.12
Phase:train -- Batch_idx:200/391-- 3857.88 samples/sec-- Loss:0.33 -- Error1:9.64
Phase:train -- Batch_idx:300/391-- 3912.07 samples/sec-- Loss:0.37 -- Error1:10.98
Train_Loss = 0.4213642726325989, Train_Err = 12.498
Val_Loss = 2.69605860748291, Val_Err = 54.41
Epoch: [69 | 200]
Phase:train -- Batch_idx:100/391-- 3706.84 samples/sec-- Loss:0.32 -- Error1:9.39
Phase:train -- Batch_idx:200/391-- 3858.76 samples/sec-- Loss:0.34 -- Error1:9.92
Phase:train -- Batch_idx:300/391-- 3912.84 samples/sec-- Loss:0.38 -- Error1:11.31
Train_Loss = 0.4294051768302917, Train_Err = 12.838
Val_Loss = 2.529292244720459, Val_Err = 55.02
Epoch: [70 | 200]
Phase:train -- Batch_idx:100/391-- 3734.78 samples/sec-- Loss:0.35 -- Error1:10.46
Phase:train -- Batch_idx:200/391-- 3873.52 samples/sec-- Loss:0.35 -- Error1:10.68
Phase:train -- Batch_idx:300/391-- 3922.57 samples/sec-- Loss:0.40 -- Error1:11.84
Train_Loss = 0.436640339384079, Train_Err = 13.016
Val_Loss = 2.505156481933594, Val_Err = 54.0
Epoch: [71 | 200]
Phase:train -- Batch_idx:100/391-- 3733.64 samples/sec-- Loss:0.31 -- Error1:9.35
Phase:train -- Batch_idx:200/391-- 3874.14 samples/sec-- Loss:0.33 -- Error1:9.94
Phase:train -- Batch_idx:300/391-- 3922.67 samples/sec-- Loss:0.37 -- Error1:11.27
Train_Loss = 0.429881127204895, Train_Err = 12.968
Val_Loss = 2.5482970523834227, Val_Err = 54.53
Epoch: [72 | 200]
Phase:train -- Batch_idx:100/391-- 3726.82 samples/sec-- Loss:0.31 -- Error1:9.13
Phase:train -- Batch_idx:200/391-- 3870.55 samples/sec-- Loss:0.34 -- Error1:10.16
Phase:train -- Batch_idx:300/391-- 3920.97 samples/sec-- Loss:0.38 -- Error1:11.31
Train_Loss = 0.42662448764801025, Train_Err = 12.74
Val_Loss = 2.365345655822754, Val_Err = 52.79
Epoch: [73 | 200]
Phase:train -- Batch_idx:100/391-- 3722.81 samples/sec-- Loss:0.33 -- Error1:9.58
Phase:train -- Batch_idx:200/391-- 3867.92 samples/sec-- Loss:0.33 -- Error1:9.84
Phase:train -- Batch_idx:300/391-- 3918.93 samples/sec-- Loss:0.36 -- Error1:10.85
Train_Loss = 0.4134622639656067, Train_Err = 12.444
Val_Loss = 2.3286314992904664, Val_Err = 52.42
Epoch: [74 | 200]
Phase:train -- Batch_idx:100/391-- 3714.92 samples/sec-- Loss:0.32 -- Error1:9.30
Phase:train -- Batch_idx:200/391-- 3862.61 samples/sec-- Loss:0.33 -- Error1:9.91
Phase:train -- Batch_idx:300/391-- 3914.81 samples/sec-- Loss:0.38 -- Error1:11.32
Train_Loss = 0.4324352269554138, Train_Err = 12.996
Val_Loss = 2.9307806171417234, Val_Err = 56.42
Epoch: [75 | 200]
Phase:train -- Batch_idx:100/391-- 3701.31 samples/sec-- Loss:0.34 -- Error1:10.02
Phase:train -- Batch_idx:200/391-- 3856.57 samples/sec-- Loss:0.33 -- Error1:9.72
Phase:train -- Batch_idx:300/391-- 3911.02 samples/sec-- Loss:0.37 -- Error1:11.05
Train_Loss = 0.4225767090034485, Train_Err = 12.48
Val_Loss = 2.4866858360290527, Val_Err = 52.09
Epoch: [76 | 200]
Phase:train -- Batch_idx:100/391-- 3721.83 samples/sec-- Loss:0.33 -- Error1:9.68
Phase:train -- Batch_idx:200/391-- 3868.29 samples/sec-- Loss:0.34 -- Error1:10.29
Phase:train -- Batch_idx:300/391-- 3919.48 samples/sec-- Loss:0.38 -- Error1:11.28
Train_Loss = 0.42935613008499146, Train_Err = 12.836
Val_Loss = 2.9785612613677976, Val_Err = 56.2
Epoch: [77 | 200]
Phase:train -- Batch_idx:100/391-- 3698.70 samples/sec-- Loss:0.32 -- Error1:9.82
Phase:train -- Batch_idx:200/391-- 3854.55 samples/sec-- Loss:0.34 -- Error1:10.20
Phase:train -- Batch_idx:300/391-- 3910.14 samples/sec-- Loss:0.38 -- Error1:11.34
Train_Loss = 0.421603302116394, Train_Err = 12.674
Val_Loss = 2.684545751953125, Val_Err = 55.32
Epoch: [78 | 200]
Phase:train -- Batch_idx:100/391-- 3714.37 samples/sec-- Loss:0.31 -- Error1:8.91
Phase:train -- Batch_idx:200/391-- 3863.13 samples/sec-- Loss:0.32 -- Error1:9.18
Phase:train -- Batch_idx:300/391-- 3914.84 samples/sec-- Loss:0.35 -- Error1:10.30
Train_Loss = 0.4057911906814575, Train_Err = 11.966
Val_Loss = 2.485955146789551, Val_Err = 52.49
Epoch: [79 | 200]
Phase:train -- Batch_idx:100/391-- 3713.09 samples/sec-- Loss:0.31 -- Error1:8.92
Phase:train -- Batch_idx:200/391-- 3862.97 samples/sec-- Loss:0.33 -- Error1:9.45
Phase:train -- Batch_idx:300/391-- 3913.80 samples/sec-- Loss:0.37 -- Error1:10.85
Train_Loss = 0.4248080136871338, Train_Err = 12.62
Val_Loss = 2.4523785667419435, Val_Err = 52.1
Epoch: [80 | 200]
Phase:train -- Batch_idx:100/391-- 3699.68 samples/sec-- Loss:0.33 -- Error1:9.45
Phase:train -- Batch_idx:200/391-- 3856.36 samples/sec-- Loss:0.33 -- Error1:9.57
Phase:train -- Batch_idx:300/391-- 3911.26 samples/sec-- Loss:0.37 -- Error1:11.06
Train_Loss = 0.42869111541748045, Train_Err = 12.79
Val_Loss = 2.5893102619171144, Val_Err = 54.91
Epoch: [81 | 200]
Phase:train -- Batch_idx:100/391-- 3727.98 samples/sec-- Loss:0.33 -- Error1:9.79
Phase:train -- Batch_idx:200/391-- 3870.83 samples/sec-- Loss:0.34 -- Error1:10.20
Phase:train -- Batch_idx:300/391-- 3921.49 samples/sec-- Loss:0.37 -- Error1:11.21
Train_Loss = 0.41978425691604615, Train_Err = 12.518
Val_Loss = 2.4689725498199464, Val_Err = 53.19
Epoch: [82 | 200]
Phase:train -- Batch_idx:100/391-- 3686.42 samples/sec-- Loss:0.30 -- Error1:8.84
Phase:train -- Batch_idx:200/391-- 3847.06 samples/sec-- Loss:0.33 -- Error1:9.84
Phase:train -- Batch_idx:300/391-- 3904.06 samples/sec-- Loss:0.36 -- Error1:10.76
Train_Loss = 0.4129265042877197, Train_Err = 12.356
Val_Loss = 2.8490600856781008, Val_Err = 56.18
Epoch: [83 | 200]
Phase:train -- Batch_idx:100/391-- 3707.80 samples/sec-- Loss:0.31 -- Error1:9.01
Phase:train -- Batch_idx:200/391-- 3859.84 samples/sec-- Loss:0.34 -- Error1:10.12
Phase:train -- Batch_idx:300/391-- 3912.33 samples/sec-- Loss:0.38 -- Error1:11.55
Train_Loss = 0.4234890274620056, Train_Err = 12.736
Val_Loss = 2.9979866649627684, Val_Err = 56.45
Epoch: [84 | 200]
Phase:train -- Batch_idx:100/391-- 3682.47 samples/sec-- Loss:0.32 -- Error1:9.29
Phase:train -- Batch_idx:200/391-- 3846.23 samples/sec-- Loss:0.34 -- Error1:9.85
Phase:train -- Batch_idx:300/391-- 3904.22 samples/sec-- Loss:0.38 -- Error1:11.13
Train_Loss = 0.42312260089874265, Train_Err = 12.558
Val_Loss = 3.114361436843872, Val_Err = 58.56
Epoch: [85 | 200]
Phase:train -- Batch_idx:100/391-- 3685.21 samples/sec-- Loss:0.30 -- Error1:8.72
Phase:train -- Batch_idx:200/391-- 3846.61 samples/sec-- Loss:0.32 -- Error1:9.61
Phase:train -- Batch_idx:300/391-- 3904.70 samples/sec-- Loss:0.37 -- Error1:11.03
Train_Loss = 0.42207249866485597, Train_Err = 12.546
Val_Loss = 2.413785676574707, Val_Err = 51.95
Epoch: [86 | 200]
Phase:train -- Batch_idx:100/391-- 3682.23 samples/sec-- Loss:0.29 -- Error1:8.48
Phase:train -- Batch_idx:200/391-- 3844.86 samples/sec-- Loss:0.31 -- Error1:9.21
Phase:train -- Batch_idx:300/391-- 3902.99 samples/sec-- Loss:0.36 -- Error1:10.57
Train_Loss = 0.40909867668151856, Train_Err = 12.156
Val_Loss = 2.507218225479126, Val_Err = 52.61
Epoch: [87 | 200]
Phase:train -- Batch_idx:100/391-- 3666.91 samples/sec-- Loss:0.33 -- Error1:9.62
Phase:train -- Batch_idx:200/391-- 3837.59 samples/sec-- Loss:0.34 -- Error1:9.83
Phase:train -- Batch_idx:300/391-- 3897.77 samples/sec-- Loss:0.38 -- Error1:11.33
Train_Loss = 0.4247868905448914, Train_Err = 12.594
Val_Loss = 2.4410349018096924, Val_Err = 53.55
Epoch: [88 | 200]
Phase:train -- Batch_idx:100/391-- 3668.29 samples/sec-- Loss:0.32 -- Error1:9.41
Phase:train -- Batch_idx:200/391-- 3839.08 samples/sec-- Loss:0.33 -- Error1:9.74
Phase:train -- Batch_idx:300/391-- 3899.77 samples/sec-- Loss:0.38 -- Error1:11.35
Train_Loss = 0.4243744215583801, Train_Err = 12.714
Val_Loss = 2.405725067520142, Val_Err = 52.71
Epoch: [89 | 200]
Phase:train -- Batch_idx:100/391-- 3693.64 samples/sec-- Loss:0.34 -- Error1:9.77
Phase:train -- Batch_idx:200/391-- 3853.18 samples/sec-- Loss:0.34 -- Error1:10.03
Phase:train -- Batch_idx:300/391-- 3908.72 samples/sec-- Loss:0.38 -- Error1:11.40
Train_Loss = 0.42766000188827513, Train_Err = 12.722
Val_Loss = 2.6095007392883303, Val_Err = 53.64
Epoch: [90 | 200]
Phase:train -- Batch_idx:100/391-- 3688.38 samples/sec-- Loss:0.30 -- Error1:8.62
Phase:train -- Batch_idx:200/391-- 3848.13 samples/sec-- Loss:0.31 -- Error1:9.00
Phase:train -- Batch_idx:300/391-- 3905.29 samples/sec-- Loss:0.36 -- Error1:10.53
Train_Loss = 0.4166079461288452, Train_Err = 12.194
Val_Loss = 2.5819891292572024, Val_Err = 52.39
Epoch: [91 | 200]
Phase:train -- Batch_idx:100/391-- 3687.56 samples/sec-- Loss:0.33 -- Error1:9.72
Phase:train -- Batch_idx:200/391-- 3848.48 samples/sec-- Loss:0.34 -- Error1:10.19
Phase:train -- Batch_idx:300/391-- 3905.38 samples/sec-- Loss:0.38 -- Error1:11.46
Train_Loss = 0.431230456867218, Train_Err = 12.914
Val_Loss = 2.5857992294311525, Val_Err = 52.99
Epoch: [92 | 200]
Phase:train -- Batch_idx:100/391-- 3695.31 samples/sec-- Loss:0.31 -- Error1:8.88
Phase:train -- Batch_idx:200/391-- 3853.65 samples/sec-- Loss:0.32 -- Error1:9.53
Phase:train -- Batch_idx:300/391-- 3908.85 samples/sec-- Loss:0.37 -- Error1:11.11
Train_Loss = 0.4209115531158447, Train_Err = 12.592
Val_Loss = 2.424143700790405, Val_Err = 52.51
Epoch: [93 | 200]
Phase:train -- Batch_idx:100/391-- 3675.10 samples/sec-- Loss:0.31 -- Error1:9.19
Phase:train -- Batch_idx:200/391-- 3842.98 samples/sec-- Loss:0.32 -- Error1:9.55
Phase:train -- Batch_idx:300/391-- 3902.39 samples/sec-- Loss:0.37 -- Error1:10.88
Train_Loss = 0.41549962715148925, Train_Err = 12.316
Val_Loss = 2.4628663108825686, Val_Err = 54.2
Epoch: [94 | 200]
Phase:train -- Batch_idx:100/391-- 3657.48 samples/sec-- Loss:0.32 -- Error1:9.44
Phase:train -- Batch_idx:200/391-- 3831.86 samples/sec-- Loss:0.33 -- Error1:9.78
Phase:train -- Batch_idx:300/391-- 3894.62 samples/sec-- Loss:0.37 -- Error1:11.01
Train_Loss = 0.41835640009880065, Train_Err = 12.372
Val_Loss = 2.694185845565796, Val_Err = 55.26
Epoch: [95 | 200]
Phase:train -- Batch_idx:100/391-- 3713.33 samples/sec-- Loss:0.32 -- Error1:9.56
Phase:train -- Batch_idx:200/391-- 3863.11 samples/sec-- Loss:0.33 -- Error1:10.04
Phase:train -- Batch_idx:300/391-- 3915.31 samples/sec-- Loss:0.39 -- Error1:11.46
Train_Loss = 0.42996305795669554, Train_Err = 12.85
Val_Loss = 2.5488239040374756, Val_Err = 53.76
Epoch: [96 | 200]
Phase:train -- Batch_idx:100/391-- 3717.65 samples/sec-- Loss:0.31 -- Error1:9.12
Phase:train -- Batch_idx:200/391-- 3865.67 samples/sec-- Loss:0.32 -- Error1:9.52
Phase:train -- Batch_idx:300/391-- 3917.58 samples/sec-- Loss:0.36 -- Error1:10.78
Train_Loss = 0.4140463670539856, Train_Err = 12.32
Val_Loss = 2.453385286331177, Val_Err = 52.62
Epoch: [97 | 200]
Phase:train -- Batch_idx:100/391-- 3724.58 samples/sec-- Loss:0.30 -- Error1:8.69
Phase:train -- Batch_idx:200/391-- 3869.18 samples/sec-- Loss:0.32 -- Error1:9.39
Phase:train -- Batch_idx:300/391-- 3919.80 samples/sec-- Loss:0.37 -- Error1:11.14
Train_Loss = 0.42399899209976194, Train_Err = 12.71
Val_Loss = 2.6633560348510743, Val_Err = 54.36
Epoch: [98 | 200]
Phase:train -- Batch_idx:100/391-- 3717.23 samples/sec-- Loss:0.34 -- Error1:9.96
Phase:train -- Batch_idx:200/391-- 3863.83 samples/sec-- Loss:0.35 -- Error1:10.14
Phase:train -- Batch_idx:300/391-- 3916.43 samples/sec-- Loss:0.38 -- Error1:11.40
Train_Loss = 0.4327944044113159, Train_Err = 12.78
Val_Loss = 2.5069979389190675, Val_Err = 52.45
Epoch: [99 | 200]
Phase:train -- Batch_idx:100/391-- 3718.12 samples/sec-- Loss:0.29 -- Error1:8.22
Phase:train -- Batch_idx:200/391-- 3865.05 samples/sec-- Loss:0.30 -- Error1:8.83
Phase:train -- Batch_idx:300/391-- 3916.29 samples/sec-- Loss:0.35 -- Error1:10.37
Train_Loss = 0.4030945664691925, Train_Err = 11.916
Val_Loss = 2.4145214027404784, Val_Err = 51.72
Epoch: [100 | 200]
Phase:train -- Batch_idx:100/391-- 3741.58 samples/sec-- Loss:0.21 -- Error1:5.88
Phase:train -- Batch_idx:200/391-- 3877.87 samples/sec-- Loss:0.17 -- Error1:4.53
Phase:train -- Batch_idx:300/391-- 3925.56 samples/sec-- Loss:0.14 -- Error1:3.76
Train_Loss = 0.1308520115327835, Train_Err = 3.352
Val_Loss = 1.6579824993133545, Val_Err = 39.92
Epoch: [101 | 200]
Phase:train -- Batch_idx:100/391-- 3687.82 samples/sec-- Loss:0.03 -- Error1:0.16
Phase:train -- Batch_idx:200/391-- 3849.46 samples/sec-- Loss:0.03 -- Error1:0.21
Phase:train -- Batch_idx:300/391-- 3906.42 samples/sec-- Loss:0.03 -- Error1:0.22
Train_Loss = 0.028352575216889383, Train_Err = 0.2
Val_Loss = 1.6404684606552125, Val_Err = 39.49
Epoch: [102 | 200]
Phase:train -- Batch_idx:100/391-- 3646.79 samples/sec-- Loss:0.02 -- Error1:0.05
Phase:train -- Batch_idx:200/391-- 3825.91 samples/sec-- Loss:0.02 -- Error1:0.06
Phase:train -- Batch_idx:300/391-- 3889.65 samples/sec-- Loss:0.02 -- Error1:0.05
Train_Loss = 0.018271306611299516, Train_Err = 0.058
Val_Loss = 1.6319058210372925, Val_Err = 39.64
Epoch: [103 | 200]
Phase:train -- Batch_idx:100/391-- 3697.59 samples/sec-- Loss:0.01 -- Error1:0.03
Phase:train -- Batch_idx:200/391-- 3853.90 samples/sec-- Loss:0.01 -- Error1:0.03
Phase:train -- Batch_idx:300/391-- 3908.70 samples/sec-- Loss:0.01 -- Error1:0.04
Train_Loss = 0.014790346219539643, Train_Err = 0.046
Val_Loss = 1.624895991897583, Val_Err = 39.31
Epoch: [104 | 200]
Phase:train -- Batch_idx:100/391-- 3666.73 samples/sec-- Loss:0.01 -- Error1:0.02
Phase:train -- Batch_idx:200/391-- 3837.89 samples/sec-- Loss:0.01 -- Error1:0.04
Phase:train -- Batch_idx:300/391-- 3898.31 samples/sec-- Loss:0.01 -- Error1:0.03
Train_Loss = 0.013231066944599152, Train_Err = 0.038
Val_Loss = 1.6152844379425049, Val_Err = 39.31
Epoch: [105 | 200]
Phase:train -- Batch_idx:100/391-- 3666.92 samples/sec-- Loss:0.01 -- Error1:0.02
Phase:train -- Batch_idx:200/391-- 3837.81 samples/sec-- Loss:0.01 -- Error1:0.03
Phase:train -- Batch_idx:300/391-- 3898.49 samples/sec-- Loss:0.01 -- Error1:0.04
Train_Loss = 0.01178592246502638, Train_Err = 0.038
Val_Loss = 1.5977329177856445, Val_Err = 39.1
Epoch: [106 | 200]
Phase:train -- Batch_idx:100/391-- 3662.69 samples/sec-- Loss:0.01 -- Error1:0.02
Phase:train -- Batch_idx:200/391-- 3834.27 samples/sec-- Loss:0.01 -- Error1:0.02
Phase:train -- Batch_idx:300/391-- 3896.20 samples/sec-- Loss:0.01 -- Error1:0.03
Train_Loss = 0.01134949646472931, Train_Err = 0.03
Val_Loss = 1.595642779159546, Val_Err = 39.13
Epoch: [107 | 200]
Phase:train -- Batch_idx:100/391-- 3696.47 samples/sec-- Loss:0.01 -- Error1:0.04
Phase:train -- Batch_idx:200/391-- 3852.83 samples/sec-- Loss:0.01 -- Error1:0.03
Phase:train -- Batch_idx:300/391-- 3908.31 samples/sec-- Loss:0.01 -- Error1:0.03
Train_Loss = 0.010779691103100777, Train_Err = 0.028
Val_Loss = 1.5831988790512086, Val_Err = 39.09
Epoch: [108 | 200]
Phase:train -- Batch_idx:100/391-- 3676.04 samples/sec-- Loss:0.01 -- Error1:0.01
Phase:train -- Batch_idx:200/391-- 3841.86 samples/sec-- Loss:0.01 -- Error1:0.03
Phase:train -- Batch_idx:300/391-- 3900.20 samples/sec-- Loss:0.01 -- Error1:0.03
Train_Loss = 0.010468467925786972, Train_Err = 0.036
Val_Loss = 1.5741020683288574, Val_Err = 39.06
Epoch: [109 | 200]
Phase:train -- Batch_idx:100/391-- 3671.53 samples/sec-- Loss:0.01 -- Error1:0.03
Phase:train -- Batch_idx:200/391-- 3840.24 samples/sec-- Loss:0.01 -- Error1:0.05
Phase:train -- Batch_idx:300/391-- 3900.03 samples/sec-- Loss:0.01 -- Error1:0.04
Train_Loss = 0.010245112106204032, Train_Err = 0.036
Val_Loss = 1.569436702156067, Val_Err = 38.77
Epoch: [110 | 200]
Phase:train -- Batch_idx:100/391-- 3660.30 samples/sec-- Loss:0.01 -- Error1:0.01
Phase:train -- Batch_idx:200/391-- 3833.88 samples/sec-- Loss:0.01 -- Error1:0.01
Phase:train -- Batch_idx:300/391-- 3895.83 samples/sec-- Loss:0.01 -- Error1:0.02
Train_Loss = 0.010170570105016232, Train_Err = 0.028
Val_Loss = 1.5604483213424682, Val_Err = 38.7
Epoch: [111 | 200]
Phase:train -- Batch_idx:100/391-- 3671.05 samples/sec-- Loss:0.01 -- Error1:0.05
Phase:train -- Batch_idx:200/391-- 3838.87 samples/sec-- Loss:0.01 -- Error1:0.04
Phase:train -- Batch_idx:300/391-- 3898.40 samples/sec-- Loss:0.01 -- Error1:0.04
Train_Loss = 0.010172449086904525, Train_Err = 0.04
Val_Loss = 1.5577894296646118, Val_Err = 38.67
Epoch: [112 | 200]
Phase:train -- Batch_idx:100/391-- 3679.17 samples/sec-- Loss:0.01 -- Error1:0.02
Phase:train -- Batch_idx:200/391-- 3844.22 samples/sec-- Loss:0.01 -- Error1:0.03
Phase:train -- Batch_idx:300/391-- 3901.68 samples/sec-- Loss:0.01 -- Error1:0.02
Train_Loss = 0.010167782291173934, Train_Err = 0.038
Val_Loss = 1.5552996238708496, Val_Err = 38.52
Epoch: [113 | 200]
Phase:train -- Batch_idx:100/391-- 3671.43 samples/sec-- Loss:0.01 -- Error1:0.02
Phase:train -- Batch_idx:200/391-- 3840.20 samples/sec-- Loss:0.01 -- Error1:0.02
Phase:train -- Batch_idx:300/391-- 3899.90 samples/sec-- Loss:0.01 -- Error1:0.02
Train_Loss = 0.009964364525079728, Train_Err = 0.026
Val_Loss = 1.5487502851486206, Val_Err = 38.37
Epoch: [114 | 200]
Phase:train -- Batch_idx:100/391-- 3667.89 samples/sec-- Loss:0.01 -- Error1:0.01
Phase:train -- Batch_idx:200/391-- 3837.48 samples/sec-- Loss:0.01 -- Error1:0.02
Phase:train -- Batch_idx:300/391-- 3898.01 samples/sec-- Loss:0.01 -- Error1:0.03
Train_Loss = 0.010081988316178321, Train_Err = 0.026
Val_Loss = 1.5492750589370727, Val_Err = 38.44
Epoch: [115 | 200]
Phase:train -- Batch_idx:100/391-- 3665.86 samples/sec-- Loss:0.01 -- Error1:0.02
Phase:train -- Batch_idx:200/391-- 3834.85 samples/sec-- Loss:0.01 -- Error1:0.02
Phase:train -- Batch_idx:300/391-- 3894.99 samples/sec-- Loss:0.01 -- Error1:0.02
Train_Loss = 0.009920754960179329, Train_Err = 0.028
Val_Loss = 1.5473436529159545, Val_Err = 38.55
Epoch: [116 | 200]
Phase:train -- Batch_idx:100/391-- 3674.72 samples/sec-- Loss:0.01 -- Error1:0.02
Phase:train -- Batch_idx:200/391-- 3841.72 samples/sec-- Loss:0.01 -- Error1:0.02
Phase:train -- Batch_idx:300/391-- 3899.70 samples/sec-- Loss:0.01 -- Error1:0.02
Train_Loss = 0.0100609445053339, Train_Err = 0.034
Val_Loss = 1.5467705236434937, Val_Err = 38.1
Epoch: [117 | 200]
Phase:train -- Batch_idx:100/391-- 3668.07 samples/sec-- Loss:0.01 -- Error1:0.02
Phase:train -- Batch_idx:200/391-- 3837.60 samples/sec-- Loss:0.01 -- Error1:0.02
Phase:train -- Batch_idx:300/391-- 3898.46 samples/sec-- Loss:0.01 -- Error1:0.02
Train_Loss = 0.010088414688706398, Train_Err = 0.022
Val_Loss = 1.5491332925796508, Val_Err = 38.26
Epoch: [118 | 200]
Phase:train -- Batch_idx:100/391-- 3675.34 samples/sec-- Loss:0.01 -- Error1:0.03
Phase:train -- Batch_idx:200/391-- 3842.02 samples/sec-- Loss:0.01 -- Error1:0.02
Phase:train -- Batch_idx:300/391-- 3901.21 samples/sec-- Loss:0.01 -- Error1:0.04
Train_Loss = 0.00999057915210724, Train_Err = 0.034
Val_Loss = 1.5518730829238891, Val_Err = 38.06
Epoch: [119 | 200]
Phase:train -- Batch_idx:100/391-- 3675.80 samples/sec-- Loss:0.01 -- Error1:0.02
Phase:train -- Batch_idx:200/391-- 3840.09 samples/sec-- Loss:0.01 -- Error1:0.01
Phase:train -- Batch_idx:300/391-- 3899.54 samples/sec-- Loss:0.01 -- Error1:0.02
Train_Loss = 0.009911136056780815, Train_Err = 0.024
Val_Loss = 1.547791743850708, Val_Err = 38.39
Epoch: [120 | 200]
Phase:train -- Batch_idx:100/391-- 3710.19 samples/sec-- Loss:0.01 -- Error1:0.02
Phase:train -- Batch_idx:200/391-- 3860.35 samples/sec-- Loss:0.01 -- Error1:0.02
Phase:train -- Batch_idx:300/391-- 3913.06 samples/sec-- Loss:0.01 -- Error1:0.02
Train_Loss = 0.009302429676353932, Train_Err = 0.016
Val_Loss = 1.5513846366882325, Val_Err = 38.1
Epoch: [121 | 200]
Phase:train -- Batch_idx:100/391-- 3710.80 samples/sec-- Loss:0.01 -- Error1:0.01
Phase:train -- Batch_idx:200/391-- 3861.38 samples/sec-- Loss:0.01 -- Error1:0.02
Phase:train -- Batch_idx:300/391-- 3914.09 samples/sec-- Loss:0.01 -- Error1:0.02
Train_Loss = 0.009199286646842957, Train_Err = 0.018
Val_Loss = 1.5487733188629151, Val_Err = 38.32
Epoch: [122 | 200]
Phase:train -- Batch_idx:100/391-- 3707.25 samples/sec-- Loss:0.01 -- Error1:0.02
Phase:train -- Batch_idx:200/391-- 3860.21 samples/sec-- Loss:0.01 -- Error1:0.02
Phase:train -- Batch_idx:300/391-- 3914.12 samples/sec-- Loss:0.01 -- Error1:0.02
Train_Loss = 0.0093780994784832, Train_Err = 0.018
Val_Loss = 1.5506974054336549, Val_Err = 37.9
Epoch: [123 | 200]
Phase:train -- Batch_idx:100/391-- 3653.77 samples/sec-- Loss:0.01 -- Error1:0.02
Phase:train -- Batch_idx:200/391-- 3829.08 samples/sec-- Loss:0.01 -- Error1:0.01
Phase:train -- Batch_idx:300/391-- 3891.97 samples/sec-- Loss:0.01 -- Error1:0.02
Train_Loss = 0.00920026003062725, Train_Err = 0.022
Val_Loss = 1.5506771453857422, Val_Err = 38.18
Epoch: [124 | 200]
Phase:train -- Batch_idx:100/391-- 3705.84 samples/sec-- Loss:0.01 -- Error1:0.02
Phase:train -- Batch_idx:200/391-- 3857.79 samples/sec-- Loss:0.01 -- Error1:0.02
Phase:train -- Batch_idx:300/391-- 3910.93 samples/sec-- Loss:0.01 -- Error1:0.03
Train_Loss = 0.009191522806584834, Train_Err = 0.03
Val_Loss = 1.548859365272522, Val_Err = 38.06
Epoch: [125 | 200]
Phase:train -- Batch_idx:100/391-- 3710.28 samples/sec-- Loss:0.01 -- Error1:0.02
Phase:train -- Batch_idx:200/391-- 3861.72 samples/sec-- Loss:0.01 -- Error1:0.02
Phase:train -- Batch_idx:300/391-- 3914.50 samples/sec-- Loss:0.01 -- Error1:0.02
Train_Loss = 0.00918164739191532, Train_Err = 0.02
Val_Loss = 1.552684774017334, Val_Err = 38.19
Epoch: [126 | 200]
Phase:train -- Batch_idx:100/391-- 3714.76 samples/sec-- Loss:0.01 -- Error1:0.02
Phase:train -- Batch_idx:200/391-- 3863.64 samples/sec-- Loss:0.01 -- Error1:0.02
Phase:train -- Batch_idx:300/391-- 3916.02 samples/sec-- Loss:0.01 -- Error1:0.02
Train_Loss = 0.009020452073216438, Train_Err = 0.018
Val_Loss = 1.54595092754364, Val_Err = 38.09
Epoch: [127 | 200]
Phase:train -- Batch_idx:100/391-- 3705.10 samples/sec-- Loss:0.01 -- Error1:0.02
Phase:train -- Batch_idx:200/391-- 3857.60 samples/sec-- Loss:0.01 -- Error1:0.02
Phase:train -- Batch_idx:300/391-- 3912.10 samples/sec-- Loss:0.01 -- Error1:0.02
Train_Loss = 0.009100067057013512, Train_Err = 0.018
Val_Loss = 1.5522202487945556, Val_Err = 38.03
Epoch: [128 | 200]
Phase:train -- Batch_idx:100/391-- 3710.10 samples/sec-- Loss:0.01 -- Error1:0.02
Phase:train -- Batch_idx:200/391-- 3858.95 samples/sec-- Loss:0.01 -- Error1:0.01
Phase:train -- Batch_idx:300/391-- 3911.43 samples/sec-- Loss:0.01 -- Error1:0.02
Train_Loss = 0.008995010966062545, Train_Err = 0.014
Val_Loss = 1.5494215381622314, Val_Err = 37.97
Epoch: [129 | 200]
Phase:train -- Batch_idx:100/391-- 3717.65 samples/sec-- Loss:0.01 -- Error1:0.03
Phase:train -- Batch_idx:200/391-- 3866.17 samples/sec-- Loss:0.01 -- Error1:0.02
Phase:train -- Batch_idx:300/391-- 3917.86 samples/sec-- Loss:0.01 -- Error1:0.02
Train_Loss = 0.00926678419560194, Train_Err = 0.024
Val_Loss = 1.5569206075668336, Val_Err = 38.13
Epoch: [130 | 200]
Phase:train -- Batch_idx:100/391-- 3701.81 samples/sec-- Loss:0.01 -- Error1:0.02
Phase:train -- Batch_idx:200/391-- 3856.68 samples/sec-- Loss:0.01 -- Error1:0.02
Phase:train -- Batch_idx:300/391-- 3911.26 samples/sec-- Loss:0.01 -- Error1:0.02
Train_Loss = 0.00905102656185627, Train_Err = 0.016
Val_Loss = 1.5492372648239137, Val_Err = 38.02
Epoch: [131 | 200]
Phase:train -- Batch_idx:100/391-- 3686.15 samples/sec-- Loss:0.01 -- Error1:0.01
Phase:train -- Batch_idx:200/391-- 3847.80 samples/sec-- Loss:0.01 -- Error1:0.01
Phase:train -- Batch_idx:300/391-- 3905.34 samples/sec-- Loss:0.01 -- Error1:0.01
Train_Loss = 0.009076788437366486, Train_Err = 0.022
Val_Loss = 1.5487704473495483, Val_Err = 37.86
Epoch: [132 | 200]
Phase:train -- Batch_idx:100/391-- 3682.75 samples/sec-- Loss:0.01 -- Error1:0.02
Phase:train -- Batch_idx:200/391-- 3845.38 samples/sec-- Loss:0.01 -- Error1:0.02
Phase:train -- Batch_idx:300/391-- 3902.78 samples/sec-- Loss:0.01 -- Error1:0.02
Train_Loss = 0.009207604531049728, Train_Err = 0.02
Val_Loss = 1.5500322412490846, Val_Err = 37.96
Epoch: [133 | 200]
Phase:train -- Batch_idx:100/391-- 3725.42 samples/sec-- Loss:0.01 -- Error1:0.02
Phase:train -- Batch_idx:200/391-- 3869.71 samples/sec-- Loss:0.01 -- Error1:0.02
Phase:train -- Batch_idx:300/391-- 3919.62 samples/sec-- Loss:0.01 -- Error1:0.02
Train_Loss = 0.009158379516750574, Train_Err = 0.024
Val_Loss = 1.5540421697616578, Val_Err = 38.16
Epoch: [134 | 200]
Phase:train -- Batch_idx:100/391-- 3709.77 samples/sec-- Loss:0.01 -- Error1:0.02
Phase:train -- Batch_idx:200/391-- 3861.00 samples/sec-- Loss:0.01 -- Error1:0.01
Phase:train -- Batch_idx:300/391-- 3914.52 samples/sec-- Loss:0.01 -- Error1:0.01
Train_Loss = 0.009049051983058453, Train_Err = 0.014
Val_Loss = 1.5510231443405151, Val_Err = 38.17
Epoch: [135 | 200]
Phase:train -- Batch_idx:100/391-- 3705.66 samples/sec-- Loss:0.01 -- Error1:0.02
Phase:train -- Batch_idx:200/391-- 3857.97 samples/sec-- Loss:0.01 -- Error1:0.02
Phase:train -- Batch_idx:300/391-- 3912.09 samples/sec-- Loss:0.01 -- Error1:0.02
Train_Loss = 0.009137040506601333, Train_Err = 0.02
Val_Loss = 1.5493009323120117, Val_Err = 37.86
Epoch: [136 | 200]
Phase:train -- Batch_idx:100/391-- 3698.50 samples/sec-- Loss:0.01 -- Error1:0.03
Phase:train -- Batch_idx:200/391-- 3853.68 samples/sec-- Loss:0.01 -- Error1:0.03
Phase:train -- Batch_idx:300/391-- 3908.87 samples/sec-- Loss:0.01 -- Error1:0.03
Train_Loss = 0.009103089471161365, Train_Err = 0.022
Val_Loss = 1.5534181623458863, Val_Err = 38.05
Epoch: [137 | 200]
Phase:train -- Batch_idx:100/391-- 3724.02 samples/sec-- Loss:0.01 -- Error1:0.01
Phase:train -- Batch_idx:200/391-- 3869.05 samples/sec-- Loss:0.01 -- Error1:0.02
Phase:train -- Batch_idx:300/391-- 3919.38 samples/sec-- Loss:0.01 -- Error1:0.02
Train_Loss = 0.008931524575352668, Train_Err = 0.022
Val_Loss = 1.5551886907577515, Val_Err = 38.1
Epoch: [138 | 200]
Phase:train -- Batch_idx:100/391-- 3733.65 samples/sec-- Loss:0.01 -- Error1:0.05
Phase:train -- Batch_idx:200/391-- 3874.00 samples/sec-- Loss:0.01 -- Error1:0.03
Phase:train -- Batch_idx:300/391-- 3923.47 samples/sec-- Loss:0.01 -- Error1:0.03
Train_Loss = 0.009317049237787724, Train_Err = 0.026
Val_Loss = 1.5511010984420777, Val_Err = 37.97
Epoch: [139 | 200]
Phase:train -- Batch_idx:100/391-- 3703.06 samples/sec-- Loss:0.01 -- Error1:0.00
Phase:train -- Batch_idx:200/391-- 3857.38 samples/sec-- Loss:0.01 -- Error1:0.01
Phase:train -- Batch_idx:300/391-- 3912.21 samples/sec-- Loss:0.01 -- Error1:0.02
Train_Loss = 0.008925442735254764, Train_Err = 0.016
Val_Loss = 1.5541599966049193, Val_Err = 37.93
Epoch: [140 | 200]
Phase:train -- Batch_idx:100/391-- 3708.95 samples/sec-- Loss:0.01 -- Error1:0.02
Phase:train -- Batch_idx:200/391-- 3859.59 samples/sec-- Loss:0.01 -- Error1:0.03
Phase:train -- Batch_idx:300/391-- 3911.63 samples/sec-- Loss:0.01 -- Error1:0.03
Train_Loss = 0.009082289601564408, Train_Err = 0.02
Val_Loss = 1.5542527671813964, Val_Err = 37.94
Epoch: [141 | 200]
Phase:train -- Batch_idx:100/391-- 3726.80 samples/sec-- Loss:0.01 -- Error1:0.00
Phase:train -- Batch_idx:200/391-- 3870.35 samples/sec-- Loss:0.01 -- Error1:0.01
Phase:train -- Batch_idx:300/391-- 3920.08 samples/sec-- Loss:0.01 -- Error1:0.01
Train_Loss = 0.00906530325561762, Train_Err = 0.016
Val_Loss = 1.5548470924377442, Val_Err = 37.99
Epoch: [142 | 200]
Phase:train -- Batch_idx:100/391-- 3699.23 samples/sec-- Loss:0.01 -- Error1:0.02
Phase:train -- Batch_idx:200/391-- 3855.31 samples/sec-- Loss:0.01 -- Error1:0.02
Phase:train -- Batch_idx:300/391-- 3910.41 samples/sec-- Loss:0.01 -- Error1:0.02
Train_Loss = 0.008881211510300637, Train_Err = 0.018
Val_Loss = 1.554900774383545, Val_Err = 38.06
Epoch: [143 | 200]
Phase:train -- Batch_idx:100/391-- 3702.82 samples/sec-- Loss:0.01 -- Error1:0.05
Phase:train -- Batch_idx:200/391-- 3856.55 samples/sec-- Loss:0.01 -- Error1:0.03
Phase:train -- Batch_idx:300/391-- 3911.21 samples/sec-- Loss:0.01 -- Error1:0.02
Train_Loss = 0.009187189604640007, Train_Err = 0.024
Val_Loss = 1.5566729515075683, Val_Err = 38.1
Epoch: [144 | 200]
Phase:train -- Batch_idx:100/391-- 3728.71 samples/sec-- Loss:0.01 -- Error1:0.01
Phase:train -- Batch_idx:200/391-- 3870.50 samples/sec-- Loss:0.01 -- Error1:0.01
Phase:train -- Batch_idx:300/391-- 3920.22 samples/sec-- Loss:0.01 -- Error1:0.01
Train_Loss = 0.009172409314513207, Train_Err = 0.018
Val_Loss = 1.5552157918930054, Val_Err = 38.11
Epoch: [145 | 200]
Phase:train -- Batch_idx:100/391-- 3695.14 samples/sec-- Loss:0.01 -- Error1:0.02
Phase:train -- Batch_idx:200/391-- 3853.98 samples/sec-- Loss:0.01 -- Error1:0.04
Phase:train -- Batch_idx:300/391-- 3909.29 samples/sec-- Loss:0.01 -- Error1:0.03
Train_Loss = 0.009219066487550736, Train_Err = 0.024
Val_Loss = 1.5560240385055542, Val_Err = 38.06
Epoch: [146 | 200]
Phase:train -- Batch_idx:100/391-- 3714.43 samples/sec-- Loss:0.01 -- Error1:0.04
Phase:train -- Batch_idx:200/391-- 3864.18 samples/sec-- Loss:0.01 -- Error1:0.02
Phase:train -- Batch_idx:300/391-- 3916.82 samples/sec-- Loss:0.01 -- Error1:0.01
Train_Loss = 0.008972483746707439, Train_Err = 0.014
Val_Loss = 1.5555903038024903, Val_Err = 38.17
Epoch: [147 | 200]
Phase:train -- Batch_idx:100/391-- 3724.76 samples/sec-- Loss:0.01 -- Error1:0.02
Phase:train -- Batch_idx:200/391-- 3867.52 samples/sec-- Loss:0.01 -- Error1:0.02
Phase:train -- Batch_idx:300/391-- 3918.51 samples/sec-- Loss:0.01 -- Error1:0.02
Train_Loss = 0.00910252356082201, Train_Err = 0.022
Val_Loss = 1.557687223625183, Val_Err = 38.02
Epoch: [148 | 200]
Phase:train -- Batch_idx:100/391-- 3703.01 samples/sec-- Loss:0.01 -- Error1:0.01
Phase:train -- Batch_idx:200/391-- 3856.04 samples/sec-- Loss:0.01 -- Error1:0.01
Phase:train -- Batch_idx:300/391-- 3909.84 samples/sec-- Loss:0.01 -- Error1:0.02
Train_Loss = 0.009109663036465645, Train_Err = 0.016
Val_Loss = 1.5568231035232545, Val_Err = 38.17
Epoch: [149 | 200]
Phase:train -- Batch_idx:100/391-- 3695.25 samples/sec-- Loss:0.01 -- Error1:0.01
Phase:train -- Batch_idx:200/391-- 3853.58 samples/sec-- Loss:0.01 -- Error1:0.01
Phase:train -- Batch_idx:300/391-- 3908.80 samples/sec-- Loss:0.01 -- Error1:0.02
Train_Loss = 0.008935203601419925, Train_Err = 0.02
Val_Loss = 1.557741039276123, Val_Err = 37.88
Epoch: [150 | 200]
Phase:train -- Batch_idx:100/391-- 3695.15 samples/sec-- Loss:0.01 -- Error1:0.02
Phase:train -- Batch_idx:200/391-- 3852.93 samples/sec-- Loss:0.01 -- Error1:0.02
Phase:train -- Batch_idx:300/391-- 3908.47 samples/sec-- Loss:0.01 -- Error1:0.02
Train_Loss = 0.008857301903069019, Train_Err = 0.02
Val_Loss = 1.5606450708389281, Val_Err = 38.13
Epoch: [151 | 200]
Phase:train -- Batch_idx:100/391-- 3701.37 samples/sec-- Loss:0.01 -- Error1:0.02
Phase:train -- Batch_idx:200/391-- 3855.96 samples/sec-- Loss:0.01 -- Error1:0.03
Phase:train -- Batch_idx:300/391-- 3910.62 samples/sec-- Loss:0.01 -- Error1:0.03
Train_Loss = 0.009028397432565689, Train_Err = 0.024
Val_Loss = 1.5603337379455566, Val_Err = 38.15
Epoch: [152 | 200]
Phase:train -- Batch_idx:100/391-- 3716.55 samples/sec-- Loss:0.01 -- Error1:0.02
Phase:train -- Batch_idx:200/391-- 3863.54 samples/sec-- Loss:0.01 -- Error1:0.01
Phase:train -- Batch_idx:300/391-- 3915.07 samples/sec-- Loss:0.01 -- Error1:0.02
Train_Loss = 0.009059567559659481, Train_Err = 0.014
Val_Loss = 1.5608561603546143, Val_Err = 38.19
Epoch: [153 | 200]
Phase:train -- Batch_idx:100/391-- 3704.38 samples/sec-- Loss:0.01 -- Error1:0.05
Phase:train -- Batch_idx:200/391-- 3858.04 samples/sec-- Loss:0.01 -- Error1:0.03
Phase:train -- Batch_idx:300/391-- 3911.03 samples/sec-- Loss:0.01 -- Error1:0.03
Train_Loss = 0.008912749180197715, Train_Err = 0.026
Val_Loss = 1.5591497245788575, Val_Err = 37.98
Epoch: [154 | 200]
Phase:train -- Batch_idx:100/391-- 3696.68 samples/sec-- Loss:0.01 -- Error1:0.02
Phase:train -- Batch_idx:200/391-- 3854.48 samples/sec-- Loss:0.01 -- Error1:0.02
Phase:train -- Batch_idx:300/391-- 3909.70 samples/sec-- Loss:0.01 -- Error1:0.01
Train_Loss = 0.008935088095664978, Train_Err = 0.012
Val_Loss = 1.5590636659622192, Val_Err = 37.96
Epoch: [155 | 200]
Phase:train -- Batch_idx:100/391-- 3703.22 samples/sec-- Loss:0.01 -- Error1:0.02
Phase:train -- Batch_idx:200/391-- 3856.12 samples/sec-- Loss:0.01 -- Error1:0.02
Phase:train -- Batch_idx:300/391-- 3910.93 samples/sec-- Loss:0.01 -- Error1:0.02
Train_Loss = 0.008981008972227573, Train_Err = 0.018
Val_Loss = 1.5596848808288575, Val_Err = 38.01
Epoch: [156 | 200]
Phase:train -- Batch_idx:100/391-- 3694.60 samples/sec-- Loss:0.01 -- Error1:0.02
Phase:train -- Batch_idx:200/391-- 3851.81 samples/sec-- Loss:0.01 -- Error1:0.02
Phase:train -- Batch_idx:300/391-- 3906.91 samples/sec-- Loss:0.01 -- Error1:0.02
Train_Loss = 0.008997968911528587, Train_Err = 0.02
Val_Loss = 1.560526309967041, Val_Err = 37.99
Epoch: [157 | 200]
Phase:train -- Batch_idx:100/391-- 3723.46 samples/sec-- Loss:0.01 -- Error1:0.01
Phase:train -- Batch_idx:200/391-- 3868.64 samples/sec-- Loss:0.01 -- Error1:0.01
Phase:train -- Batch_idx:300/391-- 3918.69 samples/sec-- Loss:0.01 -- Error1:0.01
Train_Loss = 0.008924405662417412, Train_Err = 0.01
Val_Loss = 1.5587860652923584, Val_Err = 38.12
Epoch: [158 | 200]
Phase:train -- Batch_idx:100/391-- 3680.63 samples/sec-- Loss:0.01 -- Error1:0.02
Phase:train -- Batch_idx:200/391-- 3845.63 samples/sec-- Loss:0.01 -- Error1:0.01
Phase:train -- Batch_idx:300/391-- 3904.00 samples/sec-- Loss:0.01 -- Error1:0.01
Train_Loss = 0.008915330416858196, Train_Err = 0.014
Val_Loss = 1.5600138898849487, Val_Err = 37.95
Epoch: [159 | 200]
Phase:train -- Batch_idx:100/391-- 3718.94 samples/sec-- Loss:0.01 -- Error1:0.01
Phase:train -- Batch_idx:200/391-- 3864.28 samples/sec-- Loss:0.01 -- Error1:0.01
Phase:train -- Batch_idx:300/391-- 3916.56 samples/sec-- Loss:0.01 -- Error1:0.01
Train_Loss = 0.008943206666111946, Train_Err = 0.016
Val_Loss = 1.561812286567688, Val_Err = 38.15
Epoch: [160 | 200]
Phase:train -- Batch_idx:100/391-- 3725.85 samples/sec-- Loss:0.01 -- Error1:0.03
Phase:train -- Batch_idx:200/391-- 3868.20 samples/sec-- Loss:0.01 -- Error1:0.02
Phase:train -- Batch_idx:300/391-- 3918.08 samples/sec-- Loss:0.01 -- Error1:0.02
Train_Loss = 0.00909625559926033, Train_Err = 0.02
Val_Loss = 1.5584988481521607, Val_Err = 38.11
Epoch: [161 | 200]
Phase:train -- Batch_idx:100/391-- 3729.93 samples/sec-- Loss:0.01 -- Error1:0.02
Phase:train -- Batch_idx:200/391-- 3872.10 samples/sec-- Loss:0.01 -- Error1:0.02
Phase:train -- Batch_idx:300/391-- 3921.16 samples/sec-- Loss:0.01 -- Error1:0.02
Train_Loss = 0.009149472588300706, Train_Err = 0.02
Val_Loss = 1.5684112432479858, Val_Err = 38.12
Epoch: [162 | 200]
Phase:train -- Batch_idx:100/391-- 3704.11 samples/sec-- Loss:0.01 -- Error1:0.03
Phase:train -- Batch_idx:200/391-- 3858.50 samples/sec-- Loss:0.01 -- Error1:0.02
Phase:train -- Batch_idx:300/391-- 3912.98 samples/sec-- Loss:0.01 -- Error1:0.03
Train_Loss = 0.009029305246770382, Train_Err = 0.026
Val_Loss = 1.560027350616455, Val_Err = 37.99
Epoch: [163 | 200]
Phase:train -- Batch_idx:100/391-- 3698.70 samples/sec-- Loss:0.01 -- Error1:0.02
Phase:train -- Batch_idx:200/391-- 3854.47 samples/sec-- Loss:0.01 -- Error1:0.01
Phase:train -- Batch_idx:300/391-- 3910.32 samples/sec-- Loss:0.01 -- Error1:0.02
Train_Loss = 0.008958535678982735, Train_Err = 0.02
Val_Loss = 1.5635493761062622, Val_Err = 38.1
Epoch: [164 | 200]
Phase:train -- Batch_idx:100/391-- 3710.03 samples/sec-- Loss:0.01 -- Error1:0.01
Phase:train -- Batch_idx:200/391-- 3859.77 samples/sec-- Loss:0.01 -- Error1:0.00
Phase:train -- Batch_idx:300/391-- 3912.87 samples/sec-- Loss:0.01 -- Error1:0.01
Train_Loss = 0.00906022365987301, Train_Err = 0.014
Val_Loss = 1.5680249137878417, Val_Err = 38.11
Epoch: [165 | 200]
Phase:train -- Batch_idx:100/391-- 3710.95 samples/sec-- Loss:0.01 -- Error1:0.02
Phase:train -- Batch_idx:200/391-- 3861.86 samples/sec-- Loss:0.01 -- Error1:0.01
Phase:train -- Batch_idx:300/391-- 3914.47 samples/sec-- Loss:0.01 -- Error1:0.01
Train_Loss = 0.009012875885367394, Train_Err = 0.014
Val_Loss = 1.5630927787780762, Val_Err = 38.2
Epoch: [166 | 200]
Phase:train -- Batch_idx:100/391-- 3722.01 samples/sec-- Loss:0.01 -- Error1:0.01
Phase:train -- Batch_idx:200/391-- 3867.82 samples/sec-- Loss:0.01 -- Error1:0.01
Phase:train -- Batch_idx:300/391-- 3918.77 samples/sec-- Loss:0.01 -- Error1:0.02
Train_Loss = 0.009070874020755291, Train_Err = 0.018
Val_Loss = 1.5676571786880493, Val_Err = 37.87
Epoch: [167 | 200]
Phase:train -- Batch_idx:100/391-- 3701.63 samples/sec-- Loss:0.01 -- Error1:0.00
Phase:train -- Batch_idx:200/391-- 3856.08 samples/sec-- Loss:0.01 -- Error1:0.01
Phase:train -- Batch_idx:300/391-- 3910.93 samples/sec-- Loss:0.01 -- Error1:0.01
Train_Loss = 0.009008747805953026, Train_Err = 0.016
Val_Loss = 1.5626461233139037, Val_Err = 37.9
Epoch: [168 | 200]
Phase:train -- Batch_idx:100/391-- 3704.82 samples/sec-- Loss:0.01 -- Error1:0.01
Phase:train -- Batch_idx:200/391-- 3857.27 samples/sec-- Loss:0.01 -- Error1:0.01
Phase:train -- Batch_idx:300/391-- 3910.63 samples/sec-- Loss:0.01 -- Error1:0.02
Train_Loss = 0.008878621810674668, Train_Err = 0.024
Val_Loss = 1.561819249343872, Val_Err = 37.93
Epoch: [169 | 200]
Phase:train -- Batch_idx:100/391-- 3704.02 samples/sec-- Loss:0.01 -- Error1:0.02
Phase:train -- Batch_idx:200/391-- 3858.31 samples/sec-- Loss:0.01 -- Error1:0.02
Phase:train -- Batch_idx:300/391-- 3912.23 samples/sec-- Loss:0.01 -- Error1:0.02
Train_Loss = 0.008988824679851532, Train_Err = 0.02
Val_Loss = 1.5665108541488648, Val_Err = 38.0
Epoch: [170 | 200]
Phase:train -- Batch_idx:100/391-- 3695.60 samples/sec-- Loss:0.01 -- Error1:0.02
Phase:train -- Batch_idx:200/391-- 3853.94 samples/sec-- Loss:0.01 -- Error1:0.02
Phase:train -- Batch_idx:300/391-- 3909.78 samples/sec-- Loss:0.01 -- Error1:0.02
Train_Loss = 0.009275851384401321, Train_Err = 0.02
Val_Loss = 1.5652274293899535, Val_Err = 37.9
Epoch: [171 | 200]
Phase:train -- Batch_idx:100/391-- 3726.92 samples/sec-- Loss:0.01 -- Error1:0.02
Phase:train -- Batch_idx:200/391-- 3870.32 samples/sec-- Loss:0.01 -- Error1:0.03
Phase:train -- Batch_idx:300/391-- 3921.01 samples/sec-- Loss:0.01 -- Error1:0.03
Train_Loss = 0.0091137222802639, Train_Err = 0.024
Val_Loss = 1.5716436805725098, Val_Err = 38.11
Epoch: [172 | 200]
Phase:train -- Batch_idx:100/391-- 3722.25 samples/sec-- Loss:0.01 -- Error1:0.02
Phase:train -- Batch_idx:200/391-- 3866.71 samples/sec-- Loss:0.01 -- Error1:0.02
Phase:train -- Batch_idx:300/391-- 3913.68 samples/sec-- Loss:0.01 -- Error1:0.03
Train_Loss = 0.009015844241976738, Train_Err = 0.028
Val_Loss = 1.5726166774749757, Val_Err = 38.13
Epoch: [173 | 200]
Phase:train -- Batch_idx:100/391-- 3736.00 samples/sec-- Loss:0.01 -- Error1:0.05
Phase:train -- Batch_idx:200/391-- 3875.52 samples/sec-- Loss:0.01 -- Error1:0.04
Phase:train -- Batch_idx:300/391-- 3923.72 samples/sec-- Loss:0.01 -- Error1:0.03
Train_Loss = 0.009009044430553913, Train_Err = 0.024
Val_Loss = 1.5710341705322266, Val_Err = 38.13
Epoch: [174 | 200]
Phase:train -- Batch_idx:100/391-- 3729.39 samples/sec-- Loss:0.01 -- Error1:0.01
Phase:train -- Batch_idx:200/391-- 3872.17 samples/sec-- Loss:0.01 -- Error1:0.01
Phase:train -- Batch_idx:300/391-- 3922.54 samples/sec-- Loss:0.01 -- Error1:0.02
Train_Loss = 0.008977062195539474, Train_Err = 0.018
Val_Loss = 1.569569471168518, Val_Err = 38.15
Epoch: [175 | 200]
Phase:train -- Batch_idx:100/391-- 3725.50 samples/sec-- Loss:0.01 -- Error1:0.02
Phase:train -- Batch_idx:200/391-- 3869.72 samples/sec-- Loss:0.01 -- Error1:0.02
Phase:train -- Batch_idx:300/391-- 3920.68 samples/sec-- Loss:0.01 -- Error1:0.01
Train_Loss = 0.008851941957771779, Train_Err = 0.014
Val_Loss = 1.571113963508606, Val_Err = 38.1
Epoch: [176 | 200]
Phase:train -- Batch_idx:100/391-- 3738.95 samples/sec-- Loss:0.01 -- Error1:0.02
Phase:train -- Batch_idx:200/391-- 3875.94 samples/sec-- Loss:0.01 -- Error1:0.02
Phase:train -- Batch_idx:300/391-- 3924.13 samples/sec-- Loss:0.01 -- Error1:0.01
Train_Loss = 0.008892968930602074, Train_Err = 0.014
Val_Loss = 1.5674380262374878, Val_Err = 38.07
Epoch: [177 | 200]
Phase:train -- Batch_idx:100/391-- 3747.74 samples/sec-- Loss:0.01 -- Error1:0.02
Phase:train -- Batch_idx:200/391-- 3881.72 samples/sec-- Loss:0.01 -- Error1:0.02
Phase:train -- Batch_idx:300/391-- 3927.65 samples/sec-- Loss:0.01 -- Error1:0.02
Train_Loss = 0.008950135795474053, Train_Err = 0.02
Val_Loss = 1.5681598915100097, Val_Err = 37.91
Epoch: [178 | 200]
Phase:train -- Batch_idx:100/391-- 3735.94 samples/sec-- Loss:0.01 -- Error1:0.02
Phase:train -- Batch_idx:200/391-- 3876.12 samples/sec-- Loss:0.01 -- Error1:0.02
Phase:train -- Batch_idx:300/391-- 3925.13 samples/sec-- Loss:0.01 -- Error1:0.02
Train_Loss = 0.009030164270997048, Train_Err = 0.022
Val_Loss = 1.5713621671676636, Val_Err = 38.23
Epoch: [179 | 200]
Phase:train -- Batch_idx:100/391-- 3708.18 samples/sec-- Loss:0.01 -- Error1:0.02
Phase:train -- Batch_idx:200/391-- 3859.17 samples/sec-- Loss:0.01 -- Error1:0.02
Phase:train -- Batch_idx:300/391-- 3913.22 samples/sec-- Loss:0.01 -- Error1:0.03
Train_Loss = 0.00928819428563118, Train_Err = 0.026
Val_Loss = 1.569217785835266, Val_Err = 38.12
Epoch: [180 | 200]
Phase:train -- Batch_idx:100/391-- 3743.40 samples/sec-- Loss:0.01 -- Error1:0.02
Phase:train -- Batch_idx:200/391-- 3878.11 samples/sec-- Loss:0.01 -- Error1:0.02
Phase:train -- Batch_idx:300/391-- 3925.39 samples/sec-- Loss:0.01 -- Error1:0.02
Train_Loss = 0.008948237035870553, Train_Err = 0.02
Val_Loss = 1.5733785995483398, Val_Err = 38.03
Epoch: [181 | 200]
Phase:train -- Batch_idx:100/391-- 3729.33 samples/sec-- Loss:0.01 -- Error1:0.01
Phase:train -- Batch_idx:200/391-- 3872.37 samples/sec-- Loss:0.01 -- Error1:0.02
Phase:train -- Batch_idx:300/391-- 3920.64 samples/sec-- Loss:0.01 -- Error1:0.02
Train_Loss = 0.008901083473563194, Train_Err = 0.024
Val_Loss = 1.5715885961532592, Val_Err = 38.21
Epoch: [182 | 200]
Phase:train -- Batch_idx:100/391-- 3723.43 samples/sec-- Loss:0.01 -- Error1:0.04
Phase:train -- Batch_idx:200/391-- 3868.96 samples/sec-- Loss:0.01 -- Error1:0.03
Phase:train -- Batch_idx:300/391-- 3919.66 samples/sec-- Loss:0.01 -- Error1:0.02
Train_Loss = 0.008876818405985832, Train_Err = 0.024
Val_Loss = 1.5703444959640502, Val_Err = 38.03
Epoch: [183 | 200]
Phase:train -- Batch_idx:100/391-- 3727.15 samples/sec-- Loss:0.01 -- Error1:0.01
Phase:train -- Batch_idx:200/391-- 3870.45 samples/sec-- Loss:0.01 -- Error1:0.02
Phase:train -- Batch_idx:300/391-- 3921.34 samples/sec-- Loss:0.01 -- Error1:0.02
Train_Loss = 0.008965957506299018, Train_Err = 0.02
Val_Loss = 1.5757414339065552, Val_Err = 38.19
Epoch: [184 | 200]
Phase:train -- Batch_idx:100/391-- 3746.27 samples/sec-- Loss:0.01 -- Error1:0.01
Phase:train -- Batch_idx:200/391-- 3879.96 samples/sec-- Loss:0.01 -- Error1:0.02
Phase:train -- Batch_idx:300/391-- 3926.88 samples/sec-- Loss:0.01 -- Error1:0.02
Train_Loss = 0.008858129340410232, Train_Err = 0.018
Val_Loss = 1.5709136251449585, Val_Err = 37.96
Epoch: [185 | 200]
Phase:train -- Batch_idx:100/391-- 3716.08 samples/sec-- Loss:0.01 -- Error1:0.02
Phase:train -- Batch_idx:200/391-- 3864.62 samples/sec-- Loss:0.01 -- Error1:0.02
Phase:train -- Batch_idx:300/391-- 3914.27 samples/sec-- Loss:0.01 -- Error1:0.02
Train_Loss = 0.008739566742181779, Train_Err = 0.016
Val_Loss = 1.5754176136016846, Val_Err = 38.09
Epoch: [186 | 200]
Phase:train -- Batch_idx:100/391-- 3724.07 samples/sec-- Loss:0.01 -- Error1:0.04
Phase:train -- Batch_idx:200/391-- 3867.92 samples/sec-- Loss:0.01 -- Error1:0.03
Phase:train -- Batch_idx:300/391-- 3919.49 samples/sec-- Loss:0.01 -- Error1:0.03
Train_Loss = 0.008896570874452591, Train_Err = 0.028
Val_Loss = 1.5730417045593261, Val_Err = 37.85
Epoch: [187 | 200]
Phase:train -- Batch_idx:100/391-- 3672.32 samples/sec-- Loss:0.01 -- Error1:0.02
Phase:train -- Batch_idx:200/391-- 3840.82 samples/sec-- Loss:0.01 -- Error1:0.02
Phase:train -- Batch_idx:300/391-- 3901.14 samples/sec-- Loss:0.01 -- Error1:0.02
Train_Loss = 0.00905441145658493, Train_Err = 0.016
Val_Loss = 1.5755368404388428, Val_Err = 38.03
Epoch: [188 | 200]
Phase:train -- Batch_idx:100/391-- 3724.64 samples/sec-- Loss:0.01 -- Error1:0.02
Phase:train -- Batch_idx:200/391-- 3868.90 samples/sec-- Loss:0.01 -- Error1:0.02
Phase:train -- Batch_idx:300/391-- 3919.63 samples/sec-- Loss:0.01 -- Error1:0.02
Train_Loss = 0.00883371210873127, Train_Err = 0.022
Val_Loss = 1.5768634660720826, Val_Err = 38.04
Epoch: [189 | 200]
Phase:train -- Batch_idx:100/391-- 3718.53 samples/sec-- Loss:0.01 -- Error1:0.03
Phase:train -- Batch_idx:200/391-- 3866.72 samples/sec-- Loss:0.01 -- Error1:0.03
Phase:train -- Batch_idx:300/391-- 3918.00 samples/sec-- Loss:0.01 -- Error1:0.02
Train_Loss = 0.00885251911520958, Train_Err = 0.026
Val_Loss = 1.5734343761444092, Val_Err = 37.87
Epoch: [190 | 200]
Phase:train -- Batch_idx:100/391-- 3733.14 samples/sec-- Loss:0.01 -- Error1:0.02
Phase:train -- Batch_idx:200/391-- 3874.25 samples/sec-- Loss:0.01 -- Error1:0.03
Phase:train -- Batch_idx:300/391-- 3923.60 samples/sec-- Loss:0.01 -- Error1:0.03
Train_Loss = 0.009051616876125336, Train_Err = 0.026
Val_Loss = 1.5734030836105346, Val_Err = 37.98
Epoch: [191 | 200]
Phase:train -- Batch_idx:100/391-- 3718.66 samples/sec-- Loss:0.01 -- Error1:0.02
Phase:train -- Batch_idx:200/391-- 3865.82 samples/sec-- Loss:0.01 -- Error1:0.02
Phase:train -- Batch_idx:300/391-- 3916.97 samples/sec-- Loss:0.01 -- Error1:0.02
Train_Loss = 0.00887842763543129, Train_Err = 0.018
Val_Loss = 1.5782031995773316, Val_Err = 38.09
Epoch: [192 | 200]
Phase:train -- Batch_idx:100/391-- 3717.93 samples/sec-- Loss:0.01 -- Error1:0.03
Phase:train -- Batch_idx:200/391-- 3864.91 samples/sec-- Loss:0.01 -- Error1:0.03
Phase:train -- Batch_idx:300/391-- 3916.56 samples/sec-- Loss:0.01 -- Error1:0.03
Train_Loss = 0.008987785601615906, Train_Err = 0.024
Val_Loss = 1.5775754041671752, Val_Err = 37.93
Epoch: [193 | 200]
Phase:train -- Batch_idx:100/391-- 3724.30 samples/sec-- Loss:0.01 -- Error1:0.01
Phase:train -- Batch_idx:200/391-- 3869.44 samples/sec-- Loss:0.01 -- Error1:0.02
Phase:train -- Batch_idx:300/391-- 3919.26 samples/sec-- Loss:0.01 -- Error1:0.02
Train_Loss = 0.008807888772785663, Train_Err = 0.02
Val_Loss = 1.5779490539550782, Val_Err = 38.14
Epoch: [194 | 200]
Phase:train -- Batch_idx:100/391-- 3726.43 samples/sec-- Loss:0.01 -- Error1:0.02
Phase:train -- Batch_idx:200/391-- 3870.53 samples/sec-- Loss:0.01 -- Error1:0.02
Phase:train -- Batch_idx:300/391-- 3921.20 samples/sec-- Loss:0.01 -- Error1:0.02
Train_Loss = 0.008978532164096832, Train_Err = 0.02
Val_Loss = 1.5786123905181886, Val_Err = 37.91
Epoch: [195 | 200]
Phase:train -- Batch_idx:100/391-- 3723.50 samples/sec-- Loss:0.01 -- Error1:0.02
Phase:train -- Batch_idx:200/391-- 3868.41 samples/sec-- Loss:0.01 -- Error1:0.01
Phase:train -- Batch_idx:300/391-- 3919.58 samples/sec-- Loss:0.01 -- Error1:0.02
Train_Loss = 0.008914592250287533, Train_Err = 0.022
Val_Loss = 1.5761599033355713, Val_Err = 37.95
Epoch: [196 | 200]
Phase:train -- Batch_idx:100/391-- 3705.39 samples/sec-- Loss:0.01 -- Error1:0.01
Phase:train -- Batch_idx:200/391-- 3857.75 samples/sec-- Loss:0.01 -- Error1:0.02
Phase:train -- Batch_idx:300/391-- 3911.26 samples/sec-- Loss:0.01 -- Error1:0.02
Train_Loss = 0.00894441867440939, Train_Err = 0.022
Val_Loss = 1.5783849599838258, Val_Err = 38.18
Epoch: [197 | 200]
Phase:train -- Batch_idx:100/391-- 3718.22 samples/sec-- Loss:0.01 -- Error1:0.02
Phase:train -- Batch_idx:200/391-- 3866.10 samples/sec-- Loss:0.01 -- Error1:0.02
Phase:train -- Batch_idx:300/391-- 3917.05 samples/sec-- Loss:0.01 -- Error1:0.02
Train_Loss = 0.008900894106030463, Train_Err = 0.016
Val_Loss = 1.579540418624878, Val_Err = 38.08
Epoch: [198 | 200]
Phase:train -- Batch_idx:100/391-- 3714.60 samples/sec-- Loss:0.01 -- Error1:0.02
Phase:train -- Batch_idx:200/391-- 3863.01 samples/sec-- Loss:0.01 -- Error1:0.02
Phase:train -- Batch_idx:300/391-- 3916.16 samples/sec-- Loss:0.01 -- Error1:0.01
Train_Loss = 0.008977341796457768, Train_Err = 0.016
Val_Loss = 1.5795155294418335, Val_Err = 38.14
Epoch: [199 | 200]
Phase:train -- Batch_idx:100/391-- 3708.75 samples/sec-- Loss:0.01 -- Error1:0.03
Phase:train -- Batch_idx:200/391-- 3860.56 samples/sec-- Loss:0.01 -- Error1:0.03
Phase:train -- Batch_idx:300/391-- 3914.48 samples/sec-- Loss:0.01 -- Error1:0.03
Train_Loss = 0.008885899122655392, Train_Err = 0.024
Val_Loss = 1.5799419174194336, Val_Err = 38.11
