Namespace(bs=128, cp_dir='./checkpoints/tinyimagenet/resnet18/fsgd/run_ms_4/run1', data_dir='./data/tinyimagenet', dir='.', dtype='tinyimagenet', ep=100, loadckp=None, lr=0.1, milestones=[30, 60, 90], mo=0.9, ms=4, mtype='resnet18', n='tinyimagenet/resnet18/fsgd', num_classes=200, print_freq=100, std=0.001, use_cuda=True, wd=0.0001)
Epoch: [0 | 100]
Phase:train -- Batch_idx:100/782-- 1545.20 samples/sec-- Loss:5.52 -- Error1:99.28
Phase:train -- Batch_idx:200/782-- 1801.67 samples/sec-- Loss:5.37 -- Error1:99.05
Phase:train -- Batch_idx:300/782-- 1908.98 samples/sec-- Loss:5.26 -- Error1:98.68
Phase:train -- Batch_idx:400/782-- 1925.76 samples/sec-- Loss:5.17 -- Error1:98.14
Phase:train -- Batch_idx:500/782-- 1971.60 samples/sec-- Loss:5.09 -- Error1:97.72
Phase:train -- Batch_idx:600/782-- 2003.52 samples/sec-- Loss:5.01 -- Error1:97.24
Phase:train -- Batch_idx:700/782-- 2025.15 samples/sec-- Loss:4.94 -- Error1:96.60
Train_Loss = 4.8733184669494625, Train_Err = 96.058
Val_Loss = 4.438278889465332, Val_Err = 92.27
Epoch: [1 | 100]
Phase:train -- Batch_idx:100/782-- 1817.10 samples/sec-- Loss:4.19 -- Error1:89.32
Phase:train -- Batch_idx:200/782-- 1967.41 samples/sec-- Loss:4.15 -- Error1:88.69
Phase:train -- Batch_idx:300/782-- 2007.35 samples/sec-- Loss:4.10 -- Error1:88.17
Phase:train -- Batch_idx:400/782-- 2014.58 samples/sec-- Loss:4.05 -- Error1:87.55
Phase:train -- Batch_idx:500/782-- 2037.89 samples/sec-- Loss:4.00 -- Error1:86.92
Phase:train -- Batch_idx:600/782-- 2055.60 samples/sec-- Loss:3.97 -- Error1:86.44
Phase:train -- Batch_idx:700/782-- 2065.19 samples/sec-- Loss:3.93 -- Error1:85.87
Train_Loss = 3.9094737129211428, Train_Err = 85.502
Val_Loss = 3.8883230201721193, Val_Err = 83.98
Epoch: [2 | 100]
Phase:train -- Batch_idx:100/782-- 1884.69 samples/sec-- Loss:3.59 -- Error1:80.87
Phase:train -- Batch_idx:200/782-- 2006.53 samples/sec-- Loss:3.56 -- Error1:80.21
Phase:train -- Batch_idx:300/782-- 2051.60 samples/sec-- Loss:3.54 -- Error1:79.95
Phase:train -- Batch_idx:400/782-- 2025.56 samples/sec-- Loss:3.53 -- Error1:79.60
Phase:train -- Batch_idx:500/782-- 2051.27 samples/sec-- Loss:3.51 -- Error1:79.27
Phase:train -- Batch_idx:600/782-- 2066.49 samples/sec-- Loss:3.50 -- Error1:79.08
Phase:train -- Batch_idx:700/782-- 2076.66 samples/sec-- Loss:3.48 -- Error1:78.75
Train_Loss = 3.4738367075347902, Train_Err = 78.568
Val_Loss = 3.4904857635498048, Val_Err = 77.9
Epoch: [3 | 100]
Phase:train -- Batch_idx:100/782-- 1819.85 samples/sec-- Loss:3.29 -- Error1:75.88
Phase:train -- Batch_idx:200/782-- 1974.03 samples/sec-- Loss:3.27 -- Error1:75.51
Phase:train -- Batch_idx:300/782-- 2037.03 samples/sec-- Loss:3.25 -- Error1:75.11
Phase:train -- Batch_idx:400/782-- 2021.96 samples/sec-- Loss:3.25 -- Error1:74.77
Phase:train -- Batch_idx:500/782-- 2042.74 samples/sec-- Loss:3.24 -- Error1:74.54
Phase:train -- Batch_idx:600/782-- 2059.19 samples/sec-- Loss:3.23 -- Error1:74.33
Phase:train -- Batch_idx:700/782-- 2070.99 samples/sec-- Loss:3.22 -- Error1:74.20
Train_Loss = 3.214679060058594, Train_Err = 74.117
Val_Loss = 3.3305860290527343, Val_Err = 75.36
Epoch: [4 | 100]
Phase:train -- Batch_idx:100/782-- 1814.08 samples/sec-- Loss:3.02 -- Error1:70.42
Phase:train -- Batch_idx:200/782-- 1965.50 samples/sec-- Loss:3.02 -- Error1:70.50
Phase:train -- Batch_idx:300/782-- 2020.33 samples/sec-- Loss:3.03 -- Error1:70.78
Phase:train -- Batch_idx:400/782-- 2023.49 samples/sec-- Loss:3.03 -- Error1:70.75
Phase:train -- Batch_idx:500/782-- 2044.23 samples/sec-- Loss:3.03 -- Error1:70.62
Phase:train -- Batch_idx:600/782-- 2059.27 samples/sec-- Loss:3.02 -- Error1:70.47
Phase:train -- Batch_idx:700/782-- 2070.10 samples/sec-- Loss:3.01 -- Error1:70.44
Train_Loss = 3.009243269882202, Train_Err = 70.321
Val_Loss = 3.1376561164855956, Val_Err = 71.54
Epoch: [5 | 100]
Phase:train -- Batch_idx:100/782-- 1830.29 samples/sec-- Loss:2.84 -- Error1:66.90
Phase:train -- Batch_idx:200/782-- 1970.28 samples/sec-- Loss:2.85 -- Error1:67.52
Phase:train -- Batch_idx:300/782-- 2028.30 samples/sec-- Loss:2.85 -- Error1:67.55
Phase:train -- Batch_idx:400/782-- 2025.18 samples/sec-- Loss:2.85 -- Error1:67.62
Phase:train -- Batch_idx:500/782-- 2048.85 samples/sec-- Loss:2.85 -- Error1:67.49
Phase:train -- Batch_idx:600/782-- 2063.76 samples/sec-- Loss:2.84 -- Error1:67.43
Phase:train -- Batch_idx:700/782-- 2072.69 samples/sec-- Loss:2.84 -- Error1:67.39
Train_Loss = 2.839220242233276, Train_Err = 67.252
Val_Loss = 2.9981858810424806, Val_Err = 69.28
Epoch: [6 | 100]
Phase:train -- Batch_idx:100/782-- 1790.96 samples/sec-- Loss:2.62 -- Error1:63.02
Phase:train -- Batch_idx:200/782-- 1958.17 samples/sec-- Loss:2.64 -- Error1:63.68
Phase:train -- Batch_idx:300/782-- 1997.34 samples/sec-- Loss:2.67 -- Error1:64.07
Phase:train -- Batch_idx:400/782-- 2006.75 samples/sec-- Loss:2.68 -- Error1:64.12
Phase:train -- Batch_idx:500/782-- 2030.40 samples/sec-- Loss:2.69 -- Error1:64.36
Phase:train -- Batch_idx:600/782-- 2049.20 samples/sec-- Loss:2.69 -- Error1:64.32
Phase:train -- Batch_idx:700/782-- 2064.19 samples/sec-- Loss:2.69 -- Error1:64.42
Train_Loss = 2.691061386871338, Train_Err = 64.384
Val_Loss = 2.9717130096435547, Val_Err = 68.63
Epoch: [7 | 100]
Phase:train -- Batch_idx:100/782-- 1857.18 samples/sec-- Loss:2.55 -- Error1:61.84
Phase:train -- Batch_idx:200/782-- 1977.86 samples/sec-- Loss:2.56 -- Error1:62.12
Phase:train -- Batch_idx:300/782-- 2026.61 samples/sec-- Loss:2.57 -- Error1:62.21
Phase:train -- Batch_idx:400/782-- 2015.30 samples/sec-- Loss:2.57 -- Error1:62.16
Phase:train -- Batch_idx:500/782-- 2039.57 samples/sec-- Loss:2.57 -- Error1:62.19
Phase:train -- Batch_idx:600/782-- 2057.55 samples/sec-- Loss:2.57 -- Error1:62.14
Phase:train -- Batch_idx:700/782-- 2066.98 samples/sec-- Loss:2.57 -- Error1:62.14
Train_Loss = 2.5694705170440675, Train_Err = 62.077
Val_Loss = 2.878614458465576, Val_Err = 66.94
Epoch: [8 | 100]
Phase:train -- Batch_idx:100/782-- 1793.45 samples/sec-- Loss:2.40 -- Error1:58.79
Phase:train -- Batch_idx:200/782-- 1949.53 samples/sec-- Loss:2.41 -- Error1:58.86
Phase:train -- Batch_idx:300/782-- 1987.96 samples/sec-- Loss:2.42 -- Error1:58.83
Phase:train -- Batch_idx:400/782-- 2009.84 samples/sec-- Loss:2.43 -- Error1:59.25
Phase:train -- Batch_idx:500/782-- 2033.03 samples/sec-- Loss:2.44 -- Error1:59.52
Phase:train -- Batch_idx:600/782-- 2049.69 samples/sec-- Loss:2.45 -- Error1:59.68
Phase:train -- Batch_idx:700/782-- 2045.20 samples/sec-- Loss:2.46 -- Error1:59.78
Train_Loss = 2.4556364361572265, Train_Err = 59.767
Val_Loss = 2.7551228202819824, Val_Err = 64.17
Epoch: [9 | 100]
Phase:train -- Batch_idx:100/782-- 1847.31 samples/sec-- Loss:2.30 -- Error1:56.57
Phase:train -- Batch_idx:200/782-- 1980.54 samples/sec-- Loss:2.30 -- Error1:56.86
Phase:train -- Batch_idx:300/782-- 2007.97 samples/sec-- Loss:2.33 -- Error1:57.49
Phase:train -- Batch_idx:400/782-- 2023.22 samples/sec-- Loss:2.34 -- Error1:57.70
Phase:train -- Batch_idx:500/782-- 2046.00 samples/sec-- Loss:2.34 -- Error1:57.66
Phase:train -- Batch_idx:600/782-- 2062.71 samples/sec-- Loss:2.35 -- Error1:57.76
Phase:train -- Batch_idx:700/782-- 2057.72 samples/sec-- Loss:2.35 -- Error1:57.74
Train_Loss = 2.3554286600494385, Train_Err = 57.746
Val_Loss = 2.77523821105957, Val_Err = 64.11
Epoch: [10 | 100]
Phase:train -- Batch_idx:100/782-- 1843.83 samples/sec-- Loss:2.16 -- Error1:54.31
Phase:train -- Batch_idx:200/782-- 1980.46 samples/sec-- Loss:2.18 -- Error1:54.60
Phase:train -- Batch_idx:300/782-- 2036.53 samples/sec-- Loss:2.21 -- Error1:55.07
Phase:train -- Batch_idx:400/782-- 2019.16 samples/sec-- Loss:2.22 -- Error1:55.30
Phase:train -- Batch_idx:500/782-- 2040.73 samples/sec-- Loss:2.24 -- Error1:55.66
Phase:train -- Batch_idx:600/782-- 2055.72 samples/sec-- Loss:2.25 -- Error1:55.86
Phase:train -- Batch_idx:700/782-- 2047.99 samples/sec-- Loss:2.26 -- Error1:56.02
Train_Loss = 2.2710866803741454, Train_Err = 56.101
Val_Loss = 2.7824552730560304, Val_Err = 64.31
Epoch: [11 | 100]
Phase:train -- Batch_idx:100/782-- 1818.84 samples/sec-- Loss:2.09 -- Error1:52.41
Phase:train -- Batch_idx:200/782-- 1961.88 samples/sec-- Loss:2.12 -- Error1:53.46
Phase:train -- Batch_idx:300/782-- 2003.64 samples/sec-- Loss:2.14 -- Error1:53.76
Phase:train -- Batch_idx:400/782-- 2010.23 samples/sec-- Loss:2.15 -- Error1:53.97
Phase:train -- Batch_idx:500/782-- 2034.83 samples/sec-- Loss:2.16 -- Error1:54.09
Phase:train -- Batch_idx:600/782-- 2049.96 samples/sec-- Loss:2.17 -- Error1:54.24
Phase:train -- Batch_idx:700/782-- 2043.99 samples/sec-- Loss:2.18 -- Error1:54.47
Train_Loss = 2.1859582919311524, Train_Err = 54.499
Val_Loss = 2.7586826484680174, Val_Err = 62.58
Epoch: [12 | 100]
Phase:train -- Batch_idx:100/782-- 1823.25 samples/sec-- Loss:2.05 -- Error1:51.78
Phase:train -- Batch_idx:200/782-- 1975.85 samples/sec-- Loss:2.06 -- Error1:51.92
Phase:train -- Batch_idx:300/782-- 2014.33 samples/sec-- Loss:2.07 -- Error1:52.03
Phase:train -- Batch_idx:400/782-- 2031.58 samples/sec-- Loss:2.08 -- Error1:52.23
Phase:train -- Batch_idx:500/782-- 2050.12 samples/sec-- Loss:2.09 -- Error1:52.41
Phase:train -- Batch_idx:600/782-- 2065.29 samples/sec-- Loss:2.10 -- Error1:52.67
Phase:train -- Batch_idx:700/782-- 2057.41 samples/sec-- Loss:2.11 -- Error1:52.79
Train_Loss = 2.1161478369140627, Train_Err = 52.969
Val_Loss = 2.7173992485046385, Val_Err = 62.44
Epoch: [13 | 100]
Phase:train -- Batch_idx:100/782-- 1822.78 samples/sec-- Loss:1.94 -- Error1:49.47
Phase:train -- Batch_idx:200/782-- 1966.12 samples/sec-- Loss:1.99 -- Error1:50.78
Phase:train -- Batch_idx:300/782-- 1992.05 samples/sec-- Loss:1.99 -- Error1:50.76
Phase:train -- Batch_idx:400/782-- 2024.35 samples/sec-- Loss:2.01 -- Error1:51.15
Phase:train -- Batch_idx:500/782-- 2046.04 samples/sec-- Loss:2.01 -- Error1:51.20
Phase:train -- Batch_idx:600/782-- 2061.77 samples/sec-- Loss:2.03 -- Error1:51.36
Phase:train -- Batch_idx:700/782-- 2052.52 samples/sec-- Loss:2.04 -- Error1:51.61
Train_Loss = 2.0483243907928466, Train_Err = 51.782
Val_Loss = 2.7253689895629885, Val_Err = 62.04
Epoch: [14 | 100]
Phase:train -- Batch_idx:100/782-- 1849.16 samples/sec-- Loss:1.89 -- Error1:48.18
Phase:train -- Batch_idx:200/782-- 1987.30 samples/sec-- Loss:1.91 -- Error1:48.70
Phase:train -- Batch_idx:300/782-- 2034.57 samples/sec-- Loss:1.93 -- Error1:49.15
Phase:train -- Batch_idx:400/782-- 2025.64 samples/sec-- Loss:1.94 -- Error1:49.29
Phase:train -- Batch_idx:500/782-- 2046.30 samples/sec-- Loss:1.95 -- Error1:49.60
Phase:train -- Batch_idx:600/782-- 2064.27 samples/sec-- Loss:1.96 -- Error1:49.95
Phase:train -- Batch_idx:700/782-- 2056.32 samples/sec-- Loss:1.98 -- Error1:50.21
Train_Loss = 1.9844252452087403, Train_Err = 50.37
Val_Loss = 2.7266110332489015, Val_Err = 61.29
Epoch: [15 | 100]
Phase:train -- Batch_idx:100/782-- 1815.54 samples/sec-- Loss:1.81 -- Error1:47.03
Phase:train -- Batch_idx:200/782-- 1964.34 samples/sec-- Loss:1.84 -- Error1:47.63
Phase:train -- Batch_idx:300/782-- 2025.91 samples/sec-- Loss:1.87 -- Error1:48.09
Phase:train -- Batch_idx:400/782-- 2012.86 samples/sec-- Loss:1.88 -- Error1:48.47
Phase:train -- Batch_idx:500/782-- 2042.12 samples/sec-- Loss:1.90 -- Error1:48.75
Phase:train -- Batch_idx:600/782-- 2059.86 samples/sec-- Loss:1.91 -- Error1:48.94
Phase:train -- Batch_idx:700/782-- 2054.26 samples/sec-- Loss:1.92 -- Error1:49.25
Train_Loss = 1.9315587454986571, Train_Err = 49.439
Val_Loss = 2.722153133392334, Val_Err = 61.08
Epoch: [16 | 100]
Phase:train -- Batch_idx:100/782-- 1860.78 samples/sec-- Loss:1.74 -- Error1:45.01
Phase:train -- Batch_idx:200/782-- 1998.69 samples/sec-- Loss:1.76 -- Error1:45.62
Phase:train -- Batch_idx:300/782-- 2049.37 samples/sec-- Loss:1.79 -- Error1:46.24
Phase:train -- Batch_idx:400/782-- 2030.14 samples/sec-- Loss:1.82 -- Error1:46.91
Phase:train -- Batch_idx:500/782-- 2047.91 samples/sec-- Loss:1.84 -- Error1:47.41
Phase:train -- Batch_idx:600/782-- 2056.22 samples/sec-- Loss:1.85 -- Error1:47.70
Phase:train -- Batch_idx:700/782-- 2059.63 samples/sec-- Loss:1.87 -- Error1:47.96
Train_Loss = 1.87585718170166, Train_Err = 48.144
Val_Loss = 2.640298914718628, Val_Err = 59.74
Epoch: [17 | 100]
Phase:train -- Batch_idx:100/782-- 1819.34 samples/sec-- Loss:1.71 -- Error1:44.35
Phase:train -- Batch_idx:200/782-- 1978.69 samples/sec-- Loss:1.73 -- Error1:44.83
Phase:train -- Batch_idx:300/782-- 2033.43 samples/sec-- Loss:1.75 -- Error1:45.39
Phase:train -- Batch_idx:400/782-- 2021.23 samples/sec-- Loss:1.78 -- Error1:45.84
Phase:train -- Batch_idx:500/782-- 2042.88 samples/sec-- Loss:1.79 -- Error1:46.19
Phase:train -- Batch_idx:600/782-- 2040.01 samples/sec-- Loss:1.81 -- Error1:46.51
Phase:train -- Batch_idx:700/782-- 2050.47 samples/sec-- Loss:1.81 -- Error1:46.71
Train_Loss = 1.8218167102050782, Train_Err = 46.874
Val_Loss = 2.7729712615966795, Val_Err = 61.64
Epoch: [18 | 100]
Phase:train -- Batch_idx:100/782-- 1833.77 samples/sec-- Loss:1.67 -- Error1:43.97
Phase:train -- Batch_idx:200/782-- 1973.81 samples/sec-- Loss:1.69 -- Error1:44.46
Phase:train -- Batch_idx:300/782-- 2030.17 samples/sec-- Loss:1.71 -- Error1:44.56
Phase:train -- Batch_idx:400/782-- 2028.19 samples/sec-- Loss:1.73 -- Error1:45.03
Phase:train -- Batch_idx:500/782-- 2049.12 samples/sec-- Loss:1.74 -- Error1:45.33
Phase:train -- Batch_idx:600/782-- 2037.08 samples/sec-- Loss:1.76 -- Error1:45.61
Phase:train -- Batch_idx:700/782-- 2048.66 samples/sec-- Loss:1.77 -- Error1:45.97
Train_Loss = 1.783034786643982, Train_Err = 46.186
Val_Loss = 2.634023971557617, Val_Err = 59.88
Epoch: [19 | 100]
Phase:train -- Batch_idx:100/782-- 1842.34 samples/sec-- Loss:1.63 -- Error1:42.85
Phase:train -- Batch_idx:200/782-- 1986.92 samples/sec-- Loss:1.66 -- Error1:43.16
Phase:train -- Batch_idx:300/782-- 2037.25 samples/sec-- Loss:1.67 -- Error1:43.46
Phase:train -- Batch_idx:400/782-- 2025.00 samples/sec-- Loss:1.69 -- Error1:43.99
Phase:train -- Batch_idx:500/782-- 2044.55 samples/sec-- Loss:1.70 -- Error1:44.30
Phase:train -- Batch_idx:600/782-- 2038.05 samples/sec-- Loss:1.72 -- Error1:44.65
Phase:train -- Batch_idx:700/782-- 2052.55 samples/sec-- Loss:1.73 -- Error1:44.92
Train_Loss = 1.7439480598449708, Train_Err = 45.233
Val_Loss = 2.679822215652466, Val_Err = 59.2
Epoch: [20 | 100]
Phase:train -- Batch_idx:100/782-- 1842.85 samples/sec-- Loss:1.55 -- Error1:41.00
Phase:train -- Batch_idx:200/782-- 1987.11 samples/sec-- Loss:1.56 -- Error1:41.66
Phase:train -- Batch_idx:300/782-- 2041.20 samples/sec-- Loss:1.60 -- Error1:42.63
Phase:train -- Batch_idx:400/782-- 2025.66 samples/sec-- Loss:1.64 -- Error1:43.26
Phase:train -- Batch_idx:500/782-- 2050.70 samples/sec-- Loss:1.65 -- Error1:43.61
Phase:train -- Batch_idx:600/782-- 2037.86 samples/sec-- Loss:1.68 -- Error1:44.01
Phase:train -- Batch_idx:700/782-- 2051.26 samples/sec-- Loss:1.69 -- Error1:44.32
Train_Loss = 1.7034044147109986, Train_Err = 44.556
Val_Loss = 2.6596484897613526, Val_Err = 59.67
Epoch: [21 | 100]
Phase:train -- Batch_idx:100/782-- 1848.32 samples/sec-- Loss:1.54 -- Error1:40.40
Phase:train -- Batch_idx:200/782-- 1994.47 samples/sec-- Loss:1.57 -- Error1:41.29
Phase:train -- Batch_idx:300/782-- 2037.45 samples/sec-- Loss:1.60 -- Error1:41.92
Phase:train -- Batch_idx:400/782-- 2032.14 samples/sec-- Loss:1.61 -- Error1:42.19
Phase:train -- Batch_idx:500/782-- 2051.91 samples/sec-- Loss:1.62 -- Error1:42.51
Phase:train -- Batch_idx:600/782-- 2041.77 samples/sec-- Loss:1.64 -- Error1:42.96
Phase:train -- Batch_idx:700/782-- 2056.84 samples/sec-- Loss:1.65 -- Error1:43.29
Train_Loss = 1.6632677021408082, Train_Err = 43.477
Val_Loss = 2.6952841506958007, Val_Err = 58.82
Epoch: [22 | 100]
Phase:train -- Batch_idx:100/782-- 1865.69 samples/sec-- Loss:1.49 -- Error1:39.22
Phase:train -- Batch_idx:200/782-- 1998.51 samples/sec-- Loss:1.53 -- Error1:40.30
Phase:train -- Batch_idx:300/782-- 2046.67 samples/sec-- Loss:1.55 -- Error1:40.76
Phase:train -- Batch_idx:400/782-- 2035.80 samples/sec-- Loss:1.57 -- Error1:41.26
Phase:train -- Batch_idx:500/782-- 2055.12 samples/sec-- Loss:1.59 -- Error1:41.77
Phase:train -- Batch_idx:600/782-- 2051.59 samples/sec-- Loss:1.60 -- Error1:42.03
Phase:train -- Batch_idx:700/782-- 2062.63 samples/sec-- Loss:1.61 -- Error1:42.50
Train_Loss = 1.6298402965545655, Train_Err = 42.842
Val_Loss = 2.8808084377288816, Val_Err = 61.88
Epoch: [23 | 100]
Phase:train -- Batch_idx:100/782-- 1839.82 samples/sec-- Loss:1.49 -- Error1:39.62
Phase:train -- Batch_idx:200/782-- 1979.48 samples/sec-- Loss:1.50 -- Error1:39.86
Phase:train -- Batch_idx:300/782-- 2025.50 samples/sec-- Loss:1.52 -- Error1:40.61
Phase:train -- Batch_idx:400/782-- 2030.95 samples/sec-- Loss:1.54 -- Error1:41.02
Phase:train -- Batch_idx:500/782-- 2050.63 samples/sec-- Loss:1.56 -- Error1:41.41
Phase:train -- Batch_idx:600/782-- 2042.91 samples/sec-- Loss:1.58 -- Error1:41.86
Phase:train -- Batch_idx:700/782-- 2055.61 samples/sec-- Loss:1.59 -- Error1:42.05
Train_Loss = 1.6011054426956177, Train_Err = 42.259
Val_Loss = 2.66743412399292, Val_Err = 58.84
Epoch: [24 | 100]
Phase:train -- Batch_idx:100/782-- 1840.05 samples/sec-- Loss:1.39 -- Error1:37.70
Phase:train -- Batch_idx:200/782-- 1985.37 samples/sec-- Loss:1.44 -- Error1:38.50
Phase:train -- Batch_idx:300/782-- 2034.33 samples/sec-- Loss:1.48 -- Error1:39.51
Phase:train -- Batch_idx:400/782-- 2026.59 samples/sec-- Loss:1.50 -- Error1:39.97
Phase:train -- Batch_idx:500/782-- 2046.71 samples/sec-- Loss:1.52 -- Error1:40.46
Phase:train -- Batch_idx:600/782-- 2040.48 samples/sec-- Loss:1.54 -- Error1:40.96
Phase:train -- Batch_idx:700/782-- 2053.18 samples/sec-- Loss:1.56 -- Error1:41.31
Train_Loss = 1.567084623260498, Train_Err = 41.58
Val_Loss = 2.797187275695801, Val_Err = 60.57
Epoch: [25 | 100]
Phase:train -- Batch_idx:100/782-- 1851.44 samples/sec-- Loss:1.41 -- Error1:37.97
Phase:train -- Batch_idx:200/782-- 1998.46 samples/sec-- Loss:1.43 -- Error1:38.67
Phase:train -- Batch_idx:300/782-- 2042.53 samples/sec-- Loss:1.46 -- Error1:39.11
Phase:train -- Batch_idx:400/782-- 2025.80 samples/sec-- Loss:1.47 -- Error1:39.45
Phase:train -- Batch_idx:500/782-- 2048.84 samples/sec-- Loss:1.50 -- Error1:39.96
Phase:train -- Batch_idx:600/782-- 2041.34 samples/sec-- Loss:1.52 -- Error1:40.45
Phase:train -- Batch_idx:700/782-- 2054.88 samples/sec-- Loss:1.53 -- Error1:40.77
Train_Loss = 1.54230512550354, Train_Err = 40.977
Val_Loss = 2.676889045715332, Val_Err = 58.7
Epoch: [26 | 100]
Phase:train -- Batch_idx:100/782-- 1884.40 samples/sec-- Loss:1.36 -- Error1:36.57
Phase:train -- Batch_idx:200/782-- 1996.84 samples/sec-- Loss:1.40 -- Error1:37.62
Phase:train -- Batch_idx:300/782-- 2044.95 samples/sec-- Loss:1.43 -- Error1:38.45
Phase:train -- Batch_idx:400/782-- 2035.29 samples/sec-- Loss:1.45 -- Error1:38.91
Phase:train -- Batch_idx:500/782-- 2058.32 samples/sec-- Loss:1.47 -- Error1:39.36
Phase:train -- Batch_idx:600/782-- 2046.65 samples/sec-- Loss:1.49 -- Error1:39.82
Phase:train -- Batch_idx:700/782-- 2059.43 samples/sec-- Loss:1.50 -- Error1:40.18
Train_Loss = 1.5123318131256103, Train_Err = 40.376
Val_Loss = 2.6733466773986816, Val_Err = 58.73
Epoch: [27 | 100]
Phase:train -- Batch_idx:100/782-- 1838.57 samples/sec-- Loss:1.39 -- Error1:38.09
Phase:train -- Batch_idx:200/782-- 1983.02 samples/sec-- Loss:1.40 -- Error1:38.41
Phase:train -- Batch_idx:300/782-- 2034.80 samples/sec-- Loss:1.42 -- Error1:38.68
Phase:train -- Batch_idx:400/782-- 2021.71 samples/sec-- Loss:1.44 -- Error1:38.99
Phase:train -- Batch_idx:500/782-- 2051.79 samples/sec-- Loss:1.46 -- Error1:39.56
Phase:train -- Batch_idx:600/782-- 2039.98 samples/sec-- Loss:1.48 -- Error1:39.87
Phase:train -- Batch_idx:700/782-- 2053.43 samples/sec-- Loss:1.49 -- Error1:40.14
Train_Loss = 1.499779368171692, Train_Err = 40.356
Val_Loss = 2.6595424770355223, Val_Err = 58.67
Epoch: [28 | 100]
Phase:train -- Batch_idx:100/782-- 1846.82 samples/sec-- Loss:1.33 -- Error1:35.92
Phase:train -- Batch_idx:200/782-- 1978.21 samples/sec-- Loss:1.35 -- Error1:36.63
Phase:train -- Batch_idx:300/782-- 2032.14 samples/sec-- Loss:1.38 -- Error1:37.38
Phase:train -- Batch_idx:400/782-- 2024.46 samples/sec-- Loss:1.41 -- Error1:38.01
Phase:train -- Batch_idx:500/782-- 2037.23 samples/sec-- Loss:1.43 -- Error1:38.56
Phase:train -- Batch_idx:600/782-- 2062.42 samples/sec-- Loss:1.44 -- Error1:38.86
Phase:train -- Batch_idx:700/782-- 2092.29 samples/sec-- Loss:1.46 -- Error1:39.26
Train_Loss = 1.4682238492584228, Train_Err = 39.491
Val_Loss = 2.6956151878356933, Val_Err = 58.86
Epoch: [29 | 100]
Phase:train -- Batch_idx:100/782-- 2041.07 samples/sec-- Loss:1.30 -- Error1:35.38
Phase:train -- Batch_idx:200/782-- 2161.84 samples/sec-- Loss:1.32 -- Error1:35.95
Phase:train -- Batch_idx:300/782-- 2206.73 samples/sec-- Loss:1.35 -- Error1:36.84
Phase:train -- Batch_idx:400/782-- 2213.62 samples/sec-- Loss:1.38 -- Error1:37.43
Phase:train -- Batch_idx:500/782-- 2220.73 samples/sec-- Loss:1.40 -- Error1:37.96
Phase:train -- Batch_idx:600/782-- 2230.74 samples/sec-- Loss:1.41 -- Error1:38.34
Phase:train -- Batch_idx:700/782-- 2244.57 samples/sec-- Loss:1.43 -- Error1:38.61
Train_Loss = 1.4393785430908204, Train_Err = 38.923
Val_Loss = 2.826891841125488, Val_Err = 59.78
Epoch: [30 | 100]
Phase:train -- Batch_idx:100/782-- 2046.55 samples/sec-- Loss:1.16 -- Error1:31.67
Phase:train -- Batch_idx:200/782-- 2179.57 samples/sec-- Loss:1.12 -- Error1:30.27
Phase:train -- Batch_idx:300/782-- 2226.48 samples/sec-- Loss:1.09 -- Error1:29.52
Phase:train -- Batch_idx:400/782-- 2255.57 samples/sec-- Loss:1.06 -- Error1:28.94
Phase:train -- Batch_idx:500/782-- 2243.13 samples/sec-- Loss:1.05 -- Error1:28.50
Phase:train -- Batch_idx:600/782-- 2253.73 samples/sec-- Loss:1.04 -- Error1:28.24
Phase:train -- Batch_idx:700/782-- 2259.89 samples/sec-- Loss:1.02 -- Error1:27.92
Train_Loss = 1.017263045730591, Train_Err = 27.722
Val_Loss = 2.5151701675415037, Val_Err = 53.42
Epoch: [31 | 100]
Phase:train -- Batch_idx:100/782-- 2073.68 samples/sec-- Loss:0.88 -- Error1:24.30
Phase:train -- Batch_idx:200/782-- 2167.84 samples/sec-- Loss:0.89 -- Error1:24.66
Phase:train -- Batch_idx:300/782-- 2204.47 samples/sec-- Loss:0.88 -- Error1:24.31
Phase:train -- Batch_idx:400/782-- 2232.31 samples/sec-- Loss:0.88 -- Error1:24.29
Phase:train -- Batch_idx:500/782-- 2229.13 samples/sec-- Loss:0.88 -- Error1:24.29
Phase:train -- Batch_idx:600/782-- 2240.49 samples/sec-- Loss:0.88 -- Error1:24.27
Phase:train -- Batch_idx:700/782-- 2252.26 samples/sec-- Loss:0.88 -- Error1:24.38
Train_Loss = 0.8798057304000855, Train_Err = 24.384
Val_Loss = 2.581834591674805, Val_Err = 53.26
Epoch: [32 | 100]
Phase:train -- Batch_idx:100/782-- 2059.71 samples/sec-- Loss:0.81 -- Error1:22.73
Phase:train -- Batch_idx:200/782-- 2166.78 samples/sec-- Loss:0.81 -- Error1:22.93
Phase:train -- Batch_idx:300/782-- 2198.64 samples/sec-- Loss:0.81 -- Error1:22.66
Phase:train -- Batch_idx:400/782-- 2226.59 samples/sec-- Loss:0.81 -- Error1:22.67
Phase:train -- Batch_idx:500/782-- 2223.70 samples/sec-- Loss:0.82 -- Error1:22.79
Phase:train -- Batch_idx:600/782-- 2241.04 samples/sec-- Loss:0.82 -- Error1:22.82
Phase:train -- Batch_idx:700/782-- 2249.21 samples/sec-- Loss:0.82 -- Error1:22.81
Train_Loss = 0.821778737487793, Train_Err = 22.885
Val_Loss = 2.64290390625, Val_Err = 53.48
Epoch: [33 | 100]
Phase:train -- Batch_idx:100/782-- 2054.90 samples/sec-- Loss:0.77 -- Error1:21.37
Phase:train -- Batch_idx:200/782-- 2186.23 samples/sec-- Loss:0.78 -- Error1:21.87
Phase:train -- Batch_idx:300/782-- 2244.07 samples/sec-- Loss:0.77 -- Error1:21.60
Phase:train -- Batch_idx:400/782-- 2255.38 samples/sec-- Loss:0.77 -- Error1:21.69
Phase:train -- Batch_idx:500/782-- 2254.19 samples/sec-- Loss:0.77 -- Error1:21.70
Phase:train -- Batch_idx:600/782-- 2263.50 samples/sec-- Loss:0.77 -- Error1:21.71
Phase:train -- Batch_idx:700/782-- 2273.73 samples/sec-- Loss:0.78 -- Error1:21.88
Train_Loss = 0.777266072063446, Train_Err = 21.872
Val_Loss = 2.665921064758301, Val_Err = 53.23
Epoch: [34 | 100]
Phase:train -- Batch_idx:100/782-- 2062.50 samples/sec-- Loss:0.73 -- Error1:20.23
Phase:train -- Batch_idx:200/782-- 2172.38 samples/sec-- Loss:0.74 -- Error1:20.41
Phase:train -- Batch_idx:300/782-- 2212.34 samples/sec-- Loss:0.74 -- Error1:20.57
Phase:train -- Batch_idx:400/782-- 2236.11 samples/sec-- Loss:0.74 -- Error1:20.64
Phase:train -- Batch_idx:500/782-- 2236.30 samples/sec-- Loss:0.74 -- Error1:20.66
Phase:train -- Batch_idx:600/782-- 2242.94 samples/sec-- Loss:0.74 -- Error1:20.74
Phase:train -- Batch_idx:700/782-- 2256.35 samples/sec-- Loss:0.74 -- Error1:20.84
Train_Loss = 0.7434854426383972, Train_Err = 20.83
Val_Loss = 2.6827711532592775, Val_Err = 53.21
Epoch: [35 | 100]
Phase:train -- Batch_idx:100/782-- 2074.04 samples/sec-- Loss:0.70 -- Error1:19.85
Phase:train -- Batch_idx:200/782-- 2187.53 samples/sec-- Loss:0.70 -- Error1:19.76
Phase:train -- Batch_idx:300/782-- 2227.31 samples/sec-- Loss:0.70 -- Error1:20.04
Phase:train -- Batch_idx:400/782-- 2244.79 samples/sec-- Loss:0.71 -- Error1:20.02
Phase:train -- Batch_idx:500/782-- 2238.15 samples/sec-- Loss:0.71 -- Error1:20.05
Phase:train -- Batch_idx:600/782-- 2248.75 samples/sec-- Loss:0.71 -- Error1:20.06
Phase:train -- Batch_idx:700/782-- 2258.99 samples/sec-- Loss:0.71 -- Error1:20.15
Train_Loss = 0.7153024339866638, Train_Err = 20.225
Val_Loss = 2.7357742568969727, Val_Err = 53.5
Epoch: [36 | 100]
Phase:train -- Batch_idx:100/782-- 2054.07 samples/sec-- Loss:0.67 -- Error1:18.64
Phase:train -- Batch_idx:200/782-- 2182.14 samples/sec-- Loss:0.68 -- Error1:19.43
Phase:train -- Batch_idx:300/782-- 2234.77 samples/sec-- Loss:0.68 -- Error1:19.43
Phase:train -- Batch_idx:400/782-- 2259.26 samples/sec-- Loss:0.68 -- Error1:19.40
Phase:train -- Batch_idx:500/782-- 2251.24 samples/sec-- Loss:0.68 -- Error1:19.42
Phase:train -- Batch_idx:600/782-- 2258.32 samples/sec-- Loss:0.68 -- Error1:19.43
Phase:train -- Batch_idx:700/782-- 2270.64 samples/sec-- Loss:0.68 -- Error1:19.54
Train_Loss = 0.6856560649108887, Train_Err = 19.602
Val_Loss = 2.7442766540527344, Val_Err = 53.42
Epoch: [37 | 100]
Phase:train -- Batch_idx:100/782-- 2111.55 samples/sec-- Loss:0.64 -- Error1:18.44
Phase:train -- Batch_idx:200/782-- 2325.31 samples/sec-- Loss:0.64 -- Error1:18.40
Phase:train -- Batch_idx:300/782-- 2400.69 samples/sec-- Loss:0.65 -- Error1:18.57
Phase:train -- Batch_idx:400/782-- 2439.27 samples/sec-- Loss:0.66 -- Error1:18.76
Phase:train -- Batch_idx:500/782-- 2450.32 samples/sec-- Loss:0.66 -- Error1:18.80
Phase:train -- Batch_idx:600/782-- 2468.94 samples/sec-- Loss:0.66 -- Error1:18.89
Phase:train -- Batch_idx:700/782-- 2482.41 samples/sec-- Loss:0.66 -- Error1:18.98
Train_Loss = 0.6644958450984955, Train_Err = 19.02
Val_Loss = 2.771127352142334, Val_Err = 53.48
Epoch: [38 | 100]
Phase:train -- Batch_idx:100/782-- 2393.80 samples/sec-- Loss:0.63 -- Error1:18.12
Phase:train -- Batch_idx:200/782-- 2487.60 samples/sec-- Loss:0.63 -- Error1:18.21
Phase:train -- Batch_idx:300/782-- 2523.44 samples/sec-- Loss:0.64 -- Error1:18.23
Phase:train -- Batch_idx:400/782-- 2533.69 samples/sec-- Loss:0.64 -- Error1:18.35
Phase:train -- Batch_idx:500/782-- 2532.29 samples/sec-- Loss:0.64 -- Error1:18.37
Phase:train -- Batch_idx:600/782-- 2556.25 samples/sec-- Loss:0.64 -- Error1:18.47
Phase:train -- Batch_idx:700/782-- 2573.30 samples/sec-- Loss:0.64 -- Error1:18.50
Train_Loss = 0.6466802852630615, Train_Err = 18.563
Val_Loss = 2.8132648330688474, Val_Err = 53.99
Epoch: [39 | 100]
Phase:train -- Batch_idx:100/782-- 2476.17 samples/sec-- Loss:0.59 -- Error1:16.98
Phase:train -- Batch_idx:200/782-- 2561.70 samples/sec-- Loss:0.60 -- Error1:17.27
Phase:train -- Batch_idx:300/782-- 2593.23 samples/sec-- Loss:0.60 -- Error1:17.31
Phase:train -- Batch_idx:400/782-- 2612.07 samples/sec-- Loss:0.61 -- Error1:17.63
Phase:train -- Batch_idx:500/782-- 2623.98 samples/sec-- Loss:0.61 -- Error1:17.73
Phase:train -- Batch_idx:600/782-- 2632.46 samples/sec-- Loss:0.62 -- Error1:17.88
Phase:train -- Batch_idx:700/782-- 2638.56 samples/sec-- Loss:0.62 -- Error1:18.03
Train_Loss = 0.6252117657852173, Train_Err = 18.104
Val_Loss = 2.829631346130371, Val_Err = 53.43
Epoch: [40 | 100]
Phase:train -- Batch_idx:100/782-- 2461.92 samples/sec-- Loss:0.59 -- Error1:17.15
Phase:train -- Batch_idx:200/782-- 2552.69 samples/sec-- Loss:0.60 -- Error1:17.25
Phase:train -- Batch_idx:300/782-- 2591.34 samples/sec-- Loss:0.60 -- Error1:17.28
Phase:train -- Batch_idx:400/782-- 2609.37 samples/sec-- Loss:0.60 -- Error1:17.38
Phase:train -- Batch_idx:500/782-- 2620.74 samples/sec-- Loss:0.60 -- Error1:17.45
Phase:train -- Batch_idx:600/782-- 2629.24 samples/sec-- Loss:0.60 -- Error1:17.47
Phase:train -- Batch_idx:700/782-- 2634.38 samples/sec-- Loss:0.61 -- Error1:17.60
Train_Loss = 0.6097371820831299, Train_Err = 17.636
Val_Loss = 2.8725843841552736, Val_Err = 53.66
Epoch: [41 | 100]
Phase:train -- Batch_idx:100/782-- 2480.44 samples/sec-- Loss:0.57 -- Error1:16.59
Phase:train -- Batch_idx:200/782-- 2571.83 samples/sec-- Loss:0.57 -- Error1:16.35
Phase:train -- Batch_idx:300/782-- 2605.84 samples/sec-- Loss:0.57 -- Error1:16.55
Phase:train -- Batch_idx:400/782-- 2622.09 samples/sec-- Loss:0.58 -- Error1:16.78
Phase:train -- Batch_idx:500/782-- 2630.46 samples/sec-- Loss:0.59 -- Error1:17.02
Phase:train -- Batch_idx:600/782-- 2638.49 samples/sec-- Loss:0.59 -- Error1:17.12
Phase:train -- Batch_idx:700/782-- 2643.25 samples/sec-- Loss:0.59 -- Error1:17.27
Train_Loss = 0.5931741599273682, Train_Err = 17.299
Val_Loss = 2.909688868713379, Val_Err = 53.81
Epoch: [42 | 100]
Phase:train -- Batch_idx:100/782-- 2505.69 samples/sec-- Loss:0.56 -- Error1:16.02
Phase:train -- Batch_idx:200/782-- 2572.34 samples/sec-- Loss:0.57 -- Error1:16.53
Phase:train -- Batch_idx:300/782-- 2602.21 samples/sec-- Loss:0.57 -- Error1:16.68
Phase:train -- Batch_idx:400/782-- 2618.90 samples/sec-- Loss:0.57 -- Error1:16.82
Phase:train -- Batch_idx:500/782-- 2628.05 samples/sec-- Loss:0.57 -- Error1:16.88
Phase:train -- Batch_idx:600/782-- 2634.51 samples/sec-- Loss:0.58 -- Error1:17.02
Phase:train -- Batch_idx:700/782-- 2641.34 samples/sec-- Loss:0.58 -- Error1:17.09
Train_Loss = 0.5808601475715637, Train_Err = 17.083
Val_Loss = 2.9336681335449217, Val_Err = 53.61
Epoch: [43 | 100]
Phase:train -- Batch_idx:100/782-- 2499.68 samples/sec-- Loss:0.55 -- Error1:16.16
Phase:train -- Batch_idx:200/782-- 2586.30 samples/sec-- Loss:0.56 -- Error1:16.34
Phase:train -- Batch_idx:300/782-- 2614.81 samples/sec-- Loss:0.56 -- Error1:16.47
Phase:train -- Batch_idx:400/782-- 2628.31 samples/sec-- Loss:0.56 -- Error1:16.40
Phase:train -- Batch_idx:500/782-- 2636.11 samples/sec-- Loss:0.56 -- Error1:16.46
Phase:train -- Batch_idx:600/782-- 2642.97 samples/sec-- Loss:0.56 -- Error1:16.53
Phase:train -- Batch_idx:700/782-- 2646.60 samples/sec-- Loss:0.56 -- Error1:16.61
Train_Loss = 0.5663126908493042, Train_Err = 16.675
Val_Loss = 2.956881202697754, Val_Err = 54.04
Epoch: [44 | 100]
Phase:train -- Batch_idx:100/782-- 2477.65 samples/sec-- Loss:0.54 -- Error1:15.45
Phase:train -- Batch_idx:200/782-- 2578.81 samples/sec-- Loss:0.54 -- Error1:15.62
Phase:train -- Batch_idx:300/782-- 2612.65 samples/sec-- Loss:0.54 -- Error1:15.59
Phase:train -- Batch_idx:400/782-- 2630.53 samples/sec-- Loss:0.54 -- Error1:15.87
Phase:train -- Batch_idx:500/782-- 2639.50 samples/sec-- Loss:0.54 -- Error1:16.06
Phase:train -- Batch_idx:600/782-- 2646.77 samples/sec-- Loss:0.55 -- Error1:16.15
Phase:train -- Batch_idx:700/782-- 2650.45 samples/sec-- Loss:0.55 -- Error1:16.18
Train_Loss = 0.5502843733596802, Train_Err = 16.222
Val_Loss = 2.9515866004943847, Val_Err = 54.03
Epoch: [45 | 100]
Phase:train -- Batch_idx:100/782-- 2488.18 samples/sec-- Loss:0.52 -- Error1:15.54
Phase:train -- Batch_idx:200/782-- 2565.28 samples/sec-- Loss:0.52 -- Error1:15.40
Phase:train -- Batch_idx:300/782-- 2600.34 samples/sec-- Loss:0.52 -- Error1:15.45
Phase:train -- Batch_idx:400/782-- 2618.81 samples/sec-- Loss:0.52 -- Error1:15.58
Phase:train -- Batch_idx:500/782-- 2629.93 samples/sec-- Loss:0.53 -- Error1:15.70
Phase:train -- Batch_idx:600/782-- 2636.41 samples/sec-- Loss:0.53 -- Error1:15.78
Phase:train -- Batch_idx:700/782-- 2641.26 samples/sec-- Loss:0.53 -- Error1:15.83
Train_Loss = 0.5383774954032898, Train_Err = 15.929
Val_Loss = 2.97579775390625, Val_Err = 53.97
Epoch: [46 | 100]
Phase:train -- Batch_idx:100/782-- 2503.34 samples/sec-- Loss:0.51 -- Error1:15.03
Phase:train -- Batch_idx:200/782-- 2587.06 samples/sec-- Loss:0.52 -- Error1:15.33
Phase:train -- Batch_idx:300/782-- 2613.27 samples/sec-- Loss:0.52 -- Error1:15.36
Phase:train -- Batch_idx:400/782-- 2629.53 samples/sec-- Loss:0.52 -- Error1:15.27
Phase:train -- Batch_idx:500/782-- 2640.08 samples/sec-- Loss:0.52 -- Error1:15.43
Phase:train -- Batch_idx:600/782-- 2647.33 samples/sec-- Loss:0.52 -- Error1:15.47
Phase:train -- Batch_idx:700/782-- 2651.67 samples/sec-- Loss:0.53 -- Error1:15.57
Train_Loss = 0.5269607229423523, Train_Err = 15.636
Val_Loss = 3.0030010604858397, Val_Err = 53.8
Epoch: [47 | 100]
Phase:train -- Batch_idx:100/782-- 2489.44 samples/sec-- Loss:0.49 -- Error1:14.61
Phase:train -- Batch_idx:200/782-- 2581.30 samples/sec-- Loss:0.50 -- Error1:14.78
Phase:train -- Batch_idx:300/782-- 2613.35 samples/sec-- Loss:0.50 -- Error1:14.71
Phase:train -- Batch_idx:400/782-- 2627.88 samples/sec-- Loss:0.50 -- Error1:14.86
Phase:train -- Batch_idx:500/782-- 2637.02 samples/sec-- Loss:0.51 -- Error1:15.02
Phase:train -- Batch_idx:600/782-- 2644.18 samples/sec-- Loss:0.51 -- Error1:15.08
Phase:train -- Batch_idx:700/782-- 2648.61 samples/sec-- Loss:0.51 -- Error1:15.16
Train_Loss = 0.5168282946968079, Train_Err = 15.261
Val_Loss = 3.014296341705322, Val_Err = 54.31
Epoch: [48 | 100]
Phase:train -- Batch_idx:100/782-- 2500.92 samples/sec-- Loss:0.47 -- Error1:13.88
Phase:train -- Batch_idx:200/782-- 2591.08 samples/sec-- Loss:0.48 -- Error1:14.23
Phase:train -- Batch_idx:300/782-- 2605.28 samples/sec-- Loss:0.48 -- Error1:14.30
Phase:train -- Batch_idx:400/782-- 2623.95 samples/sec-- Loss:0.49 -- Error1:14.43
Phase:train -- Batch_idx:500/782-- 2634.57 samples/sec-- Loss:0.49 -- Error1:14.65
Phase:train -- Batch_idx:600/782-- 2643.51 samples/sec-- Loss:0.49 -- Error1:14.77
Phase:train -- Batch_idx:700/782-- 2648.03 samples/sec-- Loss:0.50 -- Error1:14.94
Train_Loss = 0.503004283695221, Train_Err = 15.051
Val_Loss = 3.0550698684692383, Val_Err = 54.49
Epoch: [49 | 100]
Phase:train -- Batch_idx:100/782-- 2492.54 samples/sec-- Loss:0.47 -- Error1:13.79
Phase:train -- Batch_idx:200/782-- 2585.69 samples/sec-- Loss:0.48 -- Error1:14.27
Phase:train -- Batch_idx:300/782-- 2602.10 samples/sec-- Loss:0.48 -- Error1:14.23
Phase:train -- Batch_idx:400/782-- 2619.31 samples/sec-- Loss:0.48 -- Error1:14.25
Phase:train -- Batch_idx:500/782-- 2629.53 samples/sec-- Loss:0.48 -- Error1:14.39
Phase:train -- Batch_idx:600/782-- 2637.60 samples/sec-- Loss:0.49 -- Error1:14.48
Phase:train -- Batch_idx:700/782-- 2644.61 samples/sec-- Loss:0.49 -- Error1:14.64
Train_Loss = 0.49420504665374754, Train_Err = 14.723
Val_Loss = 3.0568001564025877, Val_Err = 54.38
Epoch: [50 | 100]
Phase:train -- Batch_idx:100/782-- 2494.64 samples/sec-- Loss:0.48 -- Error1:14.12
Phase:train -- Batch_idx:200/782-- 2587.00 samples/sec-- Loss:0.48 -- Error1:14.25
Phase:train -- Batch_idx:300/782-- 2618.28 samples/sec-- Loss:0.48 -- Error1:14.10
Phase:train -- Batch_idx:400/782-- 2624.94 samples/sec-- Loss:0.48 -- Error1:14.10
Phase:train -- Batch_idx:500/782-- 2632.07 samples/sec-- Loss:0.48 -- Error1:14.15
Phase:train -- Batch_idx:600/782-- 2638.62 samples/sec-- Loss:0.48 -- Error1:14.20
Phase:train -- Batch_idx:700/782-- 2645.00 samples/sec-- Loss:0.48 -- Error1:14.32
Train_Loss = 0.4853710546875, Train_Err = 14.433
Val_Loss = 3.09296321182251, Val_Err = 54.26
Epoch: [51 | 100]
Phase:train -- Batch_idx:100/782-- 2528.45 samples/sec-- Loss:0.47 -- Error1:13.95
Phase:train -- Batch_idx:200/782-- 2597.31 samples/sec-- Loss:0.47 -- Error1:14.08
Phase:train -- Batch_idx:300/782-- 2620.53 samples/sec-- Loss:0.47 -- Error1:14.03
Phase:train -- Batch_idx:400/782-- 2634.13 samples/sec-- Loss:0.47 -- Error1:14.11
Phase:train -- Batch_idx:500/782-- 2641.48 samples/sec-- Loss:0.47 -- Error1:14.32
Phase:train -- Batch_idx:600/782-- 2647.40 samples/sec-- Loss:0.47 -- Error1:14.33
Phase:train -- Batch_idx:700/782-- 2650.70 samples/sec-- Loss:0.48 -- Error1:14.45
Train_Loss = 0.47880679416656496, Train_Err = 14.468
Val_Loss = 3.1374462326049803, Val_Err = 54.3
Epoch: [52 | 100]
Phase:train -- Batch_idx:100/782-- 2495.84 samples/sec-- Loss:0.45 -- Error1:13.59
Phase:train -- Batch_idx:200/782-- 2596.14 samples/sec-- Loss:0.46 -- Error1:13.95
Phase:train -- Batch_idx:300/782-- 2614.76 samples/sec-- Loss:0.46 -- Error1:13.84
Phase:train -- Batch_idx:400/782-- 2626.33 samples/sec-- Loss:0.46 -- Error1:13.78
Phase:train -- Batch_idx:500/782-- 2636.21 samples/sec-- Loss:0.46 -- Error1:13.95
Phase:train -- Batch_idx:600/782-- 2642.41 samples/sec-- Loss:0.47 -- Error1:14.08
Phase:train -- Batch_idx:700/782-- 2646.09 samples/sec-- Loss:0.47 -- Error1:14.13
Train_Loss = 0.4691626942539215, Train_Err = 14.159
Val_Loss = 3.126277702331543, Val_Err = 54.01
Epoch: [53 | 100]
Phase:train -- Batch_idx:100/782-- 2512.24 samples/sec-- Loss:0.45 -- Error1:13.42
Phase:train -- Batch_idx:200/782-- 2590.10 samples/sec-- Loss:0.45 -- Error1:13.55
Phase:train -- Batch_idx:300/782-- 2620.18 samples/sec-- Loss:0.45 -- Error1:13.54
Phase:train -- Batch_idx:400/782-- 2635.79 samples/sec-- Loss:0.45 -- Error1:13.67
Phase:train -- Batch_idx:500/782-- 2645.18 samples/sec-- Loss:0.45 -- Error1:13.73
Phase:train -- Batch_idx:600/782-- 2649.38 samples/sec-- Loss:0.46 -- Error1:13.89
Phase:train -- Batch_idx:700/782-- 2653.80 samples/sec-- Loss:0.46 -- Error1:13.92
Train_Loss = 0.461695289478302, Train_Err = 13.929
Val_Loss = 3.090782781982422, Val_Err = 54.42
Epoch: [54 | 100]
Phase:train -- Batch_idx:100/782-- 2490.19 samples/sec-- Loss:0.42 -- Error1:12.88
Phase:train -- Batch_idx:200/782-- 2574.26 samples/sec-- Loss:0.43 -- Error1:12.97
Phase:train -- Batch_idx:300/782-- 2608.57 samples/sec-- Loss:0.43 -- Error1:13.19
Phase:train -- Batch_idx:400/782-- 2626.82 samples/sec-- Loss:0.44 -- Error1:13.17
Phase:train -- Batch_idx:500/782-- 2638.94 samples/sec-- Loss:0.44 -- Error1:13.36
Phase:train -- Batch_idx:600/782-- 2646.33 samples/sec-- Loss:0.45 -- Error1:13.46
Phase:train -- Batch_idx:700/782-- 2650.36 samples/sec-- Loss:0.45 -- Error1:13.56
Train_Loss = 0.45253419589996335, Train_Err = 13.704
Val_Loss = 3.1407083992004394, Val_Err = 54.0
Epoch: [55 | 100]
Phase:train -- Batch_idx:100/782-- 2489.93 samples/sec-- Loss:0.44 -- Error1:12.91
Phase:train -- Batch_idx:200/782-- 2571.13 samples/sec-- Loss:0.43 -- Error1:12.90
Phase:train -- Batch_idx:300/782-- 2607.66 samples/sec-- Loss:0.43 -- Error1:13.08
Phase:train -- Batch_idx:400/782-- 2629.77 samples/sec-- Loss:0.44 -- Error1:13.16
Phase:train -- Batch_idx:500/782-- 2642.52 samples/sec-- Loss:0.44 -- Error1:13.30
Phase:train -- Batch_idx:600/782-- 2650.08 samples/sec-- Loss:0.44 -- Error1:13.46
Phase:train -- Batch_idx:700/782-- 2652.55 samples/sec-- Loss:0.44 -- Error1:13.50
Train_Loss = 0.4471554942703247, Train_Err = 13.594
Val_Loss = 3.1591853225708006, Val_Err = 53.89
Epoch: [56 | 100]
Phase:train -- Batch_idx:100/782-- 2518.65 samples/sec-- Loss:0.42 -- Error1:12.77
Phase:train -- Batch_idx:200/782-- 2604.86 samples/sec-- Loss:0.42 -- Error1:12.90
Phase:train -- Batch_idx:300/782-- 2621.96 samples/sec-- Loss:0.42 -- Error1:12.96
Phase:train -- Batch_idx:400/782-- 2634.08 samples/sec-- Loss:0.43 -- Error1:13.09
Phase:train -- Batch_idx:500/782-- 2641.55 samples/sec-- Loss:0.43 -- Error1:13.16
Phase:train -- Batch_idx:600/782-- 2646.39 samples/sec-- Loss:0.43 -- Error1:13.18
Phase:train -- Batch_idx:700/782-- 2651.16 samples/sec-- Loss:0.43 -- Error1:13.27
Train_Loss = 0.4370885487174988, Train_Err = 13.366
Val_Loss = 3.1845171257019045, Val_Err = 53.93
Epoch: [57 | 100]
Phase:train -- Batch_idx:100/782-- 2508.69 samples/sec-- Loss:0.41 -- Error1:12.68
Phase:train -- Batch_idx:200/782-- 2597.63 samples/sec-- Loss:0.41 -- Error1:12.71
Phase:train -- Batch_idx:300/782-- 2627.23 samples/sec-- Loss:0.42 -- Error1:12.86
Phase:train -- Batch_idx:400/782-- 2640.36 samples/sec-- Loss:0.42 -- Error1:12.79
Phase:train -- Batch_idx:500/782-- 2648.46 samples/sec-- Loss:0.42 -- Error1:12.87
Phase:train -- Batch_idx:600/782-- 2654.96 samples/sec-- Loss:0.42 -- Error1:12.95
Phase:train -- Batch_idx:700/782-- 2659.09 samples/sec-- Loss:0.43 -- Error1:13.09
Train_Loss = 0.42985141189575193, Train_Err = 13.139
Val_Loss = 3.1931684463500978, Val_Err = 54.13
Epoch: [58 | 100]
Phase:train -- Batch_idx:100/782-- 2499.50 samples/sec-- Loss:0.41 -- Error1:12.66
Phase:train -- Batch_idx:200/782-- 2595.41 samples/sec-- Loss:0.42 -- Error1:12.76
Phase:train -- Batch_idx:300/782-- 2625.15 samples/sec-- Loss:0.41 -- Error1:12.68
Phase:train -- Batch_idx:400/782-- 2638.73 samples/sec-- Loss:0.41 -- Error1:12.54
Phase:train -- Batch_idx:500/782-- 2649.16 samples/sec-- Loss:0.42 -- Error1:12.70
Phase:train -- Batch_idx:600/782-- 2655.62 samples/sec-- Loss:0.42 -- Error1:12.78
Phase:train -- Batch_idx:700/782-- 2660.24 samples/sec-- Loss:0.42 -- Error1:12.91
Train_Loss = 0.4216113016700745, Train_Err = 12.952
Val_Loss = 3.223778314971924, Val_Err = 54.49
Epoch: [59 | 100]
Phase:train -- Batch_idx:100/782-- 2497.31 samples/sec-- Loss:0.39 -- Error1:11.90
Phase:train -- Batch_idx:200/782-- 2591.21 samples/sec-- Loss:0.39 -- Error1:12.16
Phase:train -- Batch_idx:300/782-- 2609.76 samples/sec-- Loss:0.40 -- Error1:12.34
Phase:train -- Batch_idx:400/782-- 2625.01 samples/sec-- Loss:0.41 -- Error1:12.57
Phase:train -- Batch_idx:500/782-- 2635.86 samples/sec-- Loss:0.41 -- Error1:12.59
Phase:train -- Batch_idx:600/782-- 2646.11 samples/sec-- Loss:0.41 -- Error1:12.58
Phase:train -- Batch_idx:700/782-- 2652.46 samples/sec-- Loss:0.41 -- Error1:12.63
Train_Loss = 0.41386135535240176, Train_Err = 12.711
Val_Loss = 3.236590480041504, Val_Err = 54.32
Epoch: [60 | 100]
Phase:train -- Batch_idx:100/782-- 2488.17 samples/sec-- Loss:0.38 -- Error1:11.55
Phase:train -- Batch_idx:200/782-- 2585.44 samples/sec-- Loss:0.38 -- Error1:11.68
Phase:train -- Batch_idx:300/782-- 2605.40 samples/sec-- Loss:0.38 -- Error1:11.64
Phase:train -- Batch_idx:400/782-- 2622.30 samples/sec-- Loss:0.38 -- Error1:11.58
Phase:train -- Batch_idx:500/782-- 2634.70 samples/sec-- Loss:0.37 -- Error1:11.33
Phase:train -- Batch_idx:600/782-- 2643.53 samples/sec-- Loss:0.37 -- Error1:11.36
Phase:train -- Batch_idx:700/782-- 2649.60 samples/sec-- Loss:0.37 -- Error1:11.32
Train_Loss = 0.3699765503501892, Train_Err = 11.248
Val_Loss = 3.204199452972412, Val_Err = 54.21
Epoch: [61 | 100]
Phase:train -- Batch_idx:100/782-- 2496.97 samples/sec-- Loss:0.34 -- Error1:10.17
Phase:train -- Batch_idx:200/782-- 2583.95 samples/sec-- Loss:0.35 -- Error1:10.53
Phase:train -- Batch_idx:300/782-- 2613.42 samples/sec-- Loss:0.35 -- Error1:10.65
Phase:train -- Batch_idx:400/782-- 2630.04 samples/sec-- Loss:0.36 -- Error1:10.76
Phase:train -- Batch_idx:500/782-- 2641.30 samples/sec-- Loss:0.35 -- Error1:10.75
Phase:train -- Batch_idx:600/782-- 2647.46 samples/sec-- Loss:0.35 -- Error1:10.69
Phase:train -- Batch_idx:700/782-- 2651.42 samples/sec-- Loss:0.35 -- Error1:10.72
Train_Loss = 0.35415859491348267, Train_Err = 10.688
Val_Loss = 3.190447001647949, Val_Err = 53.71
Epoch: [62 | 100]
Phase:train -- Batch_idx:100/782-- 2515.12 samples/sec-- Loss:0.35 -- Error1:10.70
Phase:train -- Batch_idx:200/782-- 2578.08 samples/sec-- Loss:0.35 -- Error1:10.52
Phase:train -- Batch_idx:300/782-- 2610.07 samples/sec-- Loss:0.35 -- Error1:10.44
Phase:train -- Batch_idx:400/782-- 2629.19 samples/sec-- Loss:0.35 -- Error1:10.47
Phase:train -- Batch_idx:500/782-- 2637.84 samples/sec-- Loss:0.34 -- Error1:10.43
Phase:train -- Batch_idx:600/782-- 2645.12 samples/sec-- Loss:0.35 -- Error1:10.43
Phase:train -- Batch_idx:700/782-- 2650.84 samples/sec-- Loss:0.35 -- Error1:10.46
Train_Loss = 0.34495282382011416, Train_Err = 10.398
Val_Loss = 3.22663451461792, Val_Err = 53.95
Epoch: [63 | 100]
Phase:train -- Batch_idx:100/782-- 2492.87 samples/sec-- Loss:0.35 -- Error1:10.36
Phase:train -- Batch_idx:200/782-- 2578.13 samples/sec-- Loss:0.34 -- Error1:10.27
Phase:train -- Batch_idx:300/782-- 2608.58 samples/sec-- Loss:0.34 -- Error1:10.36
Phase:train -- Batch_idx:400/782-- 2625.60 samples/sec-- Loss:0.35 -- Error1:10.35
Phase:train -- Batch_idx:500/782-- 2637.29 samples/sec-- Loss:0.34 -- Error1:10.31
Phase:train -- Batch_idx:600/782-- 2646.48 samples/sec-- Loss:0.34 -- Error1:10.21
Phase:train -- Batch_idx:700/782-- 2652.77 samples/sec-- Loss:0.34 -- Error1:10.26
Train_Loss = 0.3436167297554016, Train_Err = 10.316
Val_Loss = 3.2048070121765138, Val_Err = 53.8
Epoch: [64 | 100]
Phase:train -- Batch_idx:100/782-- 2500.23 samples/sec-- Loss:0.34 -- Error1:10.37
Phase:train -- Batch_idx:200/782-- 2588.06 samples/sec-- Loss:0.34 -- Error1:10.31
Phase:train -- Batch_idx:300/782-- 2613.85 samples/sec-- Loss:0.34 -- Error1:10.41
Phase:train -- Batch_idx:400/782-- 2630.94 samples/sec-- Loss:0.34 -- Error1:10.34
Phase:train -- Batch_idx:500/782-- 2641.31 samples/sec-- Loss:0.34 -- Error1:10.30
Phase:train -- Batch_idx:600/782-- 2648.25 samples/sec-- Loss:0.34 -- Error1:10.27
Phase:train -- Batch_idx:700/782-- 2651.66 samples/sec-- Loss:0.34 -- Error1:10.28
Train_Loss = 0.33985506315231323, Train_Err = 10.317
Val_Loss = 3.2194916648864744, Val_Err = 53.69
Epoch: [65 | 100]
Phase:train -- Batch_idx:100/782-- 2506.06 samples/sec-- Loss:0.34 -- Error1:10.51
Phase:train -- Batch_idx:200/782-- 2581.18 samples/sec-- Loss:0.34 -- Error1:10.29
Phase:train -- Batch_idx:300/782-- 2610.05 samples/sec-- Loss:0.34 -- Error1:10.29
Phase:train -- Batch_idx:400/782-- 2628.07 samples/sec-- Loss:0.34 -- Error1:10.33
Phase:train -- Batch_idx:500/782-- 2637.26 samples/sec-- Loss:0.33 -- Error1:10.14
Phase:train -- Batch_idx:600/782-- 2644.09 samples/sec-- Loss:0.33 -- Error1:10.13
Phase:train -- Batch_idx:700/782-- 2650.82 samples/sec-- Loss:0.33 -- Error1:10.07
Train_Loss = 0.3343219306659698, Train_Err = 10.095
Val_Loss = 3.2176119728088377, Val_Err = 53.68
Epoch: [66 | 100]
Phase:train -- Batch_idx:100/782-- 2512.01 samples/sec-- Loss:0.33 -- Error1:9.89
Phase:train -- Batch_idx:200/782-- 2581.93 samples/sec-- Loss:0.33 -- Error1:10.00
Phase:train -- Batch_idx:300/782-- 2611.73 samples/sec-- Loss:0.33 -- Error1:10.07
Phase:train -- Batch_idx:400/782-- 2629.09 samples/sec-- Loss:0.33 -- Error1:10.03
Phase:train -- Batch_idx:500/782-- 2634.61 samples/sec-- Loss:0.33 -- Error1:10.07
Phase:train -- Batch_idx:600/782-- 2641.32 samples/sec-- Loss:0.33 -- Error1:10.07
Phase:train -- Batch_idx:700/782-- 2647.38 samples/sec-- Loss:0.33 -- Error1:10.01
Train_Loss = 0.3318214410400391, Train_Err = 10.019
Val_Loss = 3.2494225135803223, Val_Err = 53.8
Epoch: [67 | 100]
Phase:train -- Batch_idx:100/782-- 2502.97 samples/sec-- Loss:0.33 -- Error1:10.04
Phase:train -- Batch_idx:200/782-- 2573.07 samples/sec-- Loss:0.33 -- Error1:10.08
Phase:train -- Batch_idx:300/782-- 2604.36 samples/sec-- Loss:0.33 -- Error1:9.96
Phase:train -- Batch_idx:400/782-- 2619.05 samples/sec-- Loss:0.33 -- Error1:9.91
Phase:train -- Batch_idx:500/782-- 2630.84 samples/sec-- Loss:0.33 -- Error1:9.95
Phase:train -- Batch_idx:600/782-- 2638.23 samples/sec-- Loss:0.33 -- Error1:9.91
Phase:train -- Batch_idx:700/782-- 2644.78 samples/sec-- Loss:0.33 -- Error1:9.92
Train_Loss = 0.32921734853744505, Train_Err = 9.983
Val_Loss = 3.231897592926025, Val_Err = 53.56
Epoch: [68 | 100]
Phase:train -- Batch_idx:100/782-- 2508.79 samples/sec-- Loss:0.31 -- Error1:9.41
Phase:train -- Batch_idx:200/782-- 2584.74 samples/sec-- Loss:0.32 -- Error1:9.78
Phase:train -- Batch_idx:300/782-- 2614.01 samples/sec-- Loss:0.33 -- Error1:9.92
Phase:train -- Batch_idx:400/782-- 2631.95 samples/sec-- Loss:0.33 -- Error1:9.98
Phase:train -- Batch_idx:500/782-- 2643.47 samples/sec-- Loss:0.33 -- Error1:10.01
Phase:train -- Batch_idx:600/782-- 2650.09 samples/sec-- Loss:0.33 -- Error1:10.04
Phase:train -- Batch_idx:700/782-- 2654.98 samples/sec-- Loss:0.33 -- Error1:10.01
Train_Loss = 0.3296003434371948, Train_Err = 10.039
Val_Loss = 3.2539052787780762, Val_Err = 54.04
Epoch: [69 | 100]
Phase:train -- Batch_idx:100/782-- 2478.35 samples/sec-- Loss:0.34 -- Error1:10.12
Phase:train -- Batch_idx:200/782-- 2570.85 samples/sec-- Loss:0.33 -- Error1:9.81
Phase:train -- Batch_idx:300/782-- 2608.26 samples/sec-- Loss:0.32 -- Error1:9.67
Phase:train -- Batch_idx:400/782-- 2626.58 samples/sec-- Loss:0.32 -- Error1:9.82
Phase:train -- Batch_idx:500/782-- 2636.15 samples/sec-- Loss:0.32 -- Error1:9.73
Phase:train -- Batch_idx:600/782-- 2642.25 samples/sec-- Loss:0.32 -- Error1:9.79
Phase:train -- Batch_idx:700/782-- 2648.45 samples/sec-- Loss:0.32 -- Error1:9.79
Train_Loss = 0.3238455462169647, Train_Err = 9.79
Val_Loss = 3.246066195678711, Val_Err = 53.66
Epoch: [70 | 100]
Phase:train -- Batch_idx:100/782-- 2498.24 samples/sec-- Loss:0.32 -- Error1:9.73
Phase:train -- Batch_idx:200/782-- 2591.02 samples/sec-- Loss:0.32 -- Error1:9.75
Phase:train -- Batch_idx:300/782-- 2626.67 samples/sec-- Loss:0.32 -- Error1:9.69
Phase:train -- Batch_idx:400/782-- 2632.00 samples/sec-- Loss:0.32 -- Error1:9.77
Phase:train -- Batch_idx:500/782-- 2639.83 samples/sec-- Loss:0.32 -- Error1:9.75
Phase:train -- Batch_idx:600/782-- 2646.79 samples/sec-- Loss:0.32 -- Error1:9.81
Phase:train -- Batch_idx:700/782-- 2650.25 samples/sec-- Loss:0.32 -- Error1:9.82
Train_Loss = 0.322664981174469, Train_Err = 9.795
Val_Loss = 3.2528617973327636, Val_Err = 53.52
Epoch: [71 | 100]
Phase:train -- Batch_idx:100/782-- 2513.29 samples/sec-- Loss:0.32 -- Error1:9.73
Phase:train -- Batch_idx:200/782-- 2584.79 samples/sec-- Loss:0.32 -- Error1:9.34
Phase:train -- Batch_idx:300/782-- 2616.86 samples/sec-- Loss:0.32 -- Error1:9.54
Phase:train -- Batch_idx:400/782-- 2632.24 samples/sec-- Loss:0.32 -- Error1:9.63
Phase:train -- Batch_idx:500/782-- 2640.98 samples/sec-- Loss:0.32 -- Error1:9.57
Phase:train -- Batch_idx:600/782-- 2647.38 samples/sec-- Loss:0.32 -- Error1:9.59
Phase:train -- Batch_idx:700/782-- 2652.38 samples/sec-- Loss:0.32 -- Error1:9.62
Train_Loss = 0.3189008359718323, Train_Err = 9.615
Val_Loss = 3.2649541862487794, Val_Err = 53.66
Epoch: [72 | 100]
Phase:train -- Batch_idx:100/782-- 2533.79 samples/sec-- Loss:0.32 -- Error1:9.28
Phase:train -- Batch_idx:200/782-- 2596.70 samples/sec-- Loss:0.32 -- Error1:9.54
Phase:train -- Batch_idx:300/782-- 2621.09 samples/sec-- Loss:0.33 -- Error1:9.64
Phase:train -- Batch_idx:400/782-- 2635.43 samples/sec-- Loss:0.32 -- Error1:9.68
Phase:train -- Batch_idx:500/782-- 2643.07 samples/sec-- Loss:0.32 -- Error1:9.65
Phase:train -- Batch_idx:600/782-- 2648.11 samples/sec-- Loss:0.32 -- Error1:9.69
Phase:train -- Batch_idx:700/782-- 2652.59 samples/sec-- Loss:0.32 -- Error1:9.70
Train_Loss = 0.32345501265525817, Train_Err = 9.738
Val_Loss = 3.251157935333252, Val_Err = 53.64
Epoch: [73 | 100]
Phase:train -- Batch_idx:100/782-- 2504.58 samples/sec-- Loss:0.31 -- Error1:9.49
Phase:train -- Batch_idx:200/782-- 2586.27 samples/sec-- Loss:0.32 -- Error1:9.70
Phase:train -- Batch_idx:300/782-- 2613.85 samples/sec-- Loss:0.32 -- Error1:9.46
Phase:train -- Batch_idx:400/782-- 2626.18 samples/sec-- Loss:0.32 -- Error1:9.41
Phase:train -- Batch_idx:500/782-- 2637.92 samples/sec-- Loss:0.32 -- Error1:9.41
Phase:train -- Batch_idx:600/782-- 2646.30 samples/sec-- Loss:0.32 -- Error1:9.46
Phase:train -- Batch_idx:700/782-- 2650.48 samples/sec-- Loss:0.32 -- Error1:9.46
Train_Loss = 0.3171374200439453, Train_Err = 9.511
Val_Loss = 3.2414791213989256, Val_Err = 53.58
Epoch: [74 | 100]
Phase:train -- Batch_idx:100/782-- 2499.14 samples/sec-- Loss:0.32 -- Error1:9.69
Phase:train -- Batch_idx:200/782-- 2590.70 samples/sec-- Loss:0.32 -- Error1:9.56
Phase:train -- Batch_idx:300/782-- 2622.88 samples/sec-- Loss:0.32 -- Error1:9.53
Phase:train -- Batch_idx:400/782-- 2639.47 samples/sec-- Loss:0.32 -- Error1:9.49
Phase:train -- Batch_idx:500/782-- 2643.54 samples/sec-- Loss:0.32 -- Error1:9.48
Phase:train -- Batch_idx:600/782-- 2647.32 samples/sec-- Loss:0.32 -- Error1:9.51
Phase:train -- Batch_idx:700/782-- 2651.39 samples/sec-- Loss:0.32 -- Error1:9.54
Train_Loss = 0.3173395404815674, Train_Err = 9.517
Val_Loss = 3.283037648010254, Val_Err = 53.67
Epoch: [75 | 100]
Phase:train -- Batch_idx:100/782-- 2527.88 samples/sec-- Loss:0.31 -- Error1:9.34
Phase:train -- Batch_idx:200/782-- 2597.38 samples/sec-- Loss:0.31 -- Error1:9.54
Phase:train -- Batch_idx:300/782-- 2620.55 samples/sec-- Loss:0.31 -- Error1:9.66
Phase:train -- Batch_idx:400/782-- 2635.71 samples/sec-- Loss:0.31 -- Error1:9.58
Phase:train -- Batch_idx:500/782-- 2642.01 samples/sec-- Loss:0.31 -- Error1:9.58
Phase:train -- Batch_idx:600/782-- 2648.25 samples/sec-- Loss:0.31 -- Error1:9.67
Phase:train -- Batch_idx:700/782-- 2651.28 samples/sec-- Loss:0.31 -- Error1:9.67
Train_Loss = 0.31222352972030637, Train_Err = 9.655
Val_Loss = 3.260063024902344, Val_Err = 53.56
Epoch: [76 | 100]
Phase:train -- Batch_idx:100/782-- 2519.74 samples/sec-- Loss:0.31 -- Error1:9.24
Phase:train -- Batch_idx:200/782-- 2591.47 samples/sec-- Loss:0.31 -- Error1:9.27
Phase:train -- Batch_idx:300/782-- 2617.15 samples/sec-- Loss:0.31 -- Error1:9.34
Phase:train -- Batch_idx:400/782-- 2630.99 samples/sec-- Loss:0.31 -- Error1:9.42
Phase:train -- Batch_idx:500/782-- 2641.87 samples/sec-- Loss:0.31 -- Error1:9.46
Phase:train -- Batch_idx:600/782-- 2650.65 samples/sec-- Loss:0.31 -- Error1:9.42
Phase:train -- Batch_idx:700/782-- 2655.19 samples/sec-- Loss:0.31 -- Error1:9.48
Train_Loss = 0.31586430320739745, Train_Err = 9.54
Val_Loss = 3.2799043312072755, Val_Err = 53.79
Epoch: [77 | 100]
Phase:train -- Batch_idx:100/782-- 2486.33 samples/sec-- Loss:0.32 -- Error1:9.55
Phase:train -- Batch_idx:200/782-- 2584.23 samples/sec-- Loss:0.31 -- Error1:9.42
Phase:train -- Batch_idx:300/782-- 2607.04 samples/sec-- Loss:0.31 -- Error1:9.38
Phase:train -- Batch_idx:400/782-- 2625.60 samples/sec-- Loss:0.31 -- Error1:9.54
Phase:train -- Batch_idx:500/782-- 2634.65 samples/sec-- Loss:0.31 -- Error1:9.48
Phase:train -- Batch_idx:600/782-- 2641.92 samples/sec-- Loss:0.31 -- Error1:9.47
Phase:train -- Batch_idx:700/782-- 2648.11 samples/sec-- Loss:0.31 -- Error1:9.41
Train_Loss = 0.3110667580509186, Train_Err = 9.374
Val_Loss = 3.2776622680664063, Val_Err = 53.68
Epoch: [78 | 100]
Phase:train -- Batch_idx:100/782-- 2505.60 samples/sec-- Loss:0.31 -- Error1:9.38
Phase:train -- Batch_idx:200/782-- 2599.45 samples/sec-- Loss:0.30 -- Error1:9.30
Phase:train -- Batch_idx:300/782-- 2624.10 samples/sec-- Loss:0.30 -- Error1:9.27
Phase:train -- Batch_idx:400/782-- 2633.16 samples/sec-- Loss:0.31 -- Error1:9.34
Phase:train -- Batch_idx:500/782-- 2639.82 samples/sec-- Loss:0.31 -- Error1:9.38
Phase:train -- Batch_idx:600/782-- 2646.24 samples/sec-- Loss:0.31 -- Error1:9.45
Phase:train -- Batch_idx:700/782-- 2651.04 samples/sec-- Loss:0.31 -- Error1:9.45
Train_Loss = 0.3141383989715576, Train_Err = 9.495
Val_Loss = 3.2905340301513673, Val_Err = 53.73
Epoch: [79 | 100]
Phase:train -- Batch_idx:100/782-- 2516.37 samples/sec-- Loss:0.30 -- Error1:9.05
Phase:train -- Batch_idx:200/782-- 2595.65 samples/sec-- Loss:0.31 -- Error1:9.25
Phase:train -- Batch_idx:300/782-- 2618.02 samples/sec-- Loss:0.31 -- Error1:9.38
Phase:train -- Batch_idx:400/782-- 2630.02 samples/sec-- Loss:0.31 -- Error1:9.27
Phase:train -- Batch_idx:500/782-- 2638.87 samples/sec-- Loss:0.31 -- Error1:9.26
Phase:train -- Batch_idx:600/782-- 2645.05 samples/sec-- Loss:0.31 -- Error1:9.25
Phase:train -- Batch_idx:700/782-- 2649.43 samples/sec-- Loss:0.31 -- Error1:9.24
Train_Loss = 0.3074506908607483, Train_Err = 9.253
Val_Loss = 3.2736011558532714, Val_Err = 53.73
Epoch: [80 | 100]
Phase:train -- Batch_idx:100/782-- 2490.42 samples/sec-- Loss:0.31 -- Error1:9.48
Phase:train -- Batch_idx:200/782-- 2586.31 samples/sec-- Loss:0.31 -- Error1:9.29
Phase:train -- Batch_idx:300/782-- 2618.69 samples/sec-- Loss:0.31 -- Error1:9.31
Phase:train -- Batch_idx:400/782-- 2626.00 samples/sec-- Loss:0.31 -- Error1:9.27
Phase:train -- Batch_idx:500/782-- 2634.63 samples/sec-- Loss:0.31 -- Error1:9.23
Phase:train -- Batch_idx:600/782-- 2644.14 samples/sec-- Loss:0.30 -- Error1:9.17
Phase:train -- Batch_idx:700/782-- 2650.05 samples/sec-- Loss:0.31 -- Error1:9.23
Train_Loss = 0.3070074838066101, Train_Err = 9.255
Val_Loss = 3.292134390258789, Val_Err = 53.67
Epoch: [81 | 100]
Phase:train -- Batch_idx:100/782-- 2496.89 samples/sec-- Loss:0.31 -- Error1:9.49
Phase:train -- Batch_idx:200/782-- 2576.27 samples/sec-- Loss:0.31 -- Error1:9.48
Phase:train -- Batch_idx:300/782-- 2607.02 samples/sec-- Loss:0.31 -- Error1:9.49
Phase:train -- Batch_idx:400/782-- 2621.93 samples/sec-- Loss:0.31 -- Error1:9.42
Phase:train -- Batch_idx:500/782-- 2633.86 samples/sec-- Loss:0.31 -- Error1:9.31
Phase:train -- Batch_idx:600/782-- 2641.37 samples/sec-- Loss:0.31 -- Error1:9.29
Phase:train -- Batch_idx:700/782-- 2645.16 samples/sec-- Loss:0.31 -- Error1:9.30
Train_Loss = 0.3072267351913452, Train_Err = 9.315
Val_Loss = 3.294229468536377, Val_Err = 53.77
Epoch: [82 | 100]
Phase:train -- Batch_idx:100/782-- 2500.48 samples/sec-- Loss:0.30 -- Error1:9.50
Phase:train -- Batch_idx:200/782-- 2579.59 samples/sec-- Loss:0.31 -- Error1:9.77
Phase:train -- Batch_idx:300/782-- 2609.60 samples/sec-- Loss:0.31 -- Error1:9.65
Phase:train -- Batch_idx:400/782-- 2625.33 samples/sec-- Loss:0.31 -- Error1:9.52
Phase:train -- Batch_idx:500/782-- 2636.09 samples/sec-- Loss:0.31 -- Error1:9.48
Phase:train -- Batch_idx:600/782-- 2643.40 samples/sec-- Loss:0.31 -- Error1:9.43
Phase:train -- Batch_idx:700/782-- 2649.15 samples/sec-- Loss:0.31 -- Error1:9.40
Train_Loss = 0.306004740562439, Train_Err = 9.379
Val_Loss = 3.3182315574645997, Val_Err = 53.67
Epoch: [83 | 100]
Phase:train -- Batch_idx:100/782-- 2492.35 samples/sec-- Loss:0.30 -- Error1:8.95
Phase:train -- Batch_idx:200/782-- 2584.14 samples/sec-- Loss:0.30 -- Error1:9.14
Phase:train -- Batch_idx:300/782-- 2618.81 samples/sec-- Loss:0.30 -- Error1:9.18
Phase:train -- Batch_idx:400/782-- 2633.36 samples/sec-- Loss:0.30 -- Error1:9.16
Phase:train -- Batch_idx:500/782-- 2644.97 samples/sec-- Loss:0.30 -- Error1:9.21
Phase:train -- Batch_idx:600/782-- 2651.23 samples/sec-- Loss:0.30 -- Error1:9.24
Phase:train -- Batch_idx:700/782-- 2654.04 samples/sec-- Loss:0.30 -- Error1:9.25
Train_Loss = 0.30435184899330137, Train_Err = 9.242
Val_Loss = 3.304823624420166, Val_Err = 53.71
Epoch: [84 | 100]
Phase:train -- Batch_idx:100/782-- 2501.13 samples/sec-- Loss:0.29 -- Error1:9.10
Phase:train -- Batch_idx:200/782-- 2595.28 samples/sec-- Loss:0.30 -- Error1:9.27
Phase:train -- Batch_idx:300/782-- 2613.10 samples/sec-- Loss:0.30 -- Error1:9.20
Phase:train -- Batch_idx:400/782-- 2628.01 samples/sec-- Loss:0.30 -- Error1:9.21
Phase:train -- Batch_idx:500/782-- 2636.48 samples/sec-- Loss:0.30 -- Error1:9.22
Phase:train -- Batch_idx:600/782-- 2642.89 samples/sec-- Loss:0.30 -- Error1:9.23
Phase:train -- Batch_idx:700/782-- 2647.59 samples/sec-- Loss:0.30 -- Error1:9.21
Train_Loss = 0.30230588815689086, Train_Err = 9.23
Val_Loss = 3.302637300872803, Val_Err = 53.45
Epoch: [85 | 100]
Phase:train -- Batch_idx:100/782-- 2506.04 samples/sec-- Loss:0.31 -- Error1:9.33
Phase:train -- Batch_idx:200/782-- 2584.42 samples/sec-- Loss:0.30 -- Error1:9.11
Phase:train -- Batch_idx:300/782-- 2615.49 samples/sec-- Loss:0.30 -- Error1:9.04
Phase:train -- Batch_idx:400/782-- 2632.94 samples/sec-- Loss:0.30 -- Error1:9.10
Phase:train -- Batch_idx:500/782-- 2642.68 samples/sec-- Loss:0.30 -- Error1:9.06
Phase:train -- Batch_idx:600/782-- 2647.48 samples/sec-- Loss:0.30 -- Error1:9.11
Phase:train -- Batch_idx:700/782-- 2653.59 samples/sec-- Loss:0.30 -- Error1:9.13
Train_Loss = 0.3028068024921417, Train_Err = 9.169
Val_Loss = 3.285573937988281, Val_Err = 53.52
Epoch: [86 | 100]
Phase:train -- Batch_idx:100/782-- 2505.67 samples/sec-- Loss:0.31 -- Error1:9.30
Phase:train -- Batch_idx:200/782-- 2579.08 samples/sec-- Loss:0.30 -- Error1:9.16
Phase:train -- Batch_idx:300/782-- 2609.80 samples/sec-- Loss:0.30 -- Error1:9.11
Phase:train -- Batch_idx:400/782-- 2628.09 samples/sec-- Loss:0.30 -- Error1:9.14
Phase:train -- Batch_idx:500/782-- 2638.82 samples/sec-- Loss:0.30 -- Error1:9.24
Phase:train -- Batch_idx:600/782-- 2643.71 samples/sec-- Loss:0.30 -- Error1:9.20
Phase:train -- Batch_idx:700/782-- 2648.10 samples/sec-- Loss:0.30 -- Error1:9.18
Train_Loss = 0.30177476234436035, Train_Err = 9.131
Val_Loss = 3.3068251487731932, Val_Err = 53.97
Epoch: [87 | 100]
Phase:train -- Batch_idx:100/782-- 2495.70 samples/sec-- Loss:0.31 -- Error1:9.47
Phase:train -- Batch_idx:200/782-- 2592.61 samples/sec-- Loss:0.31 -- Error1:9.24
Phase:train -- Batch_idx:300/782-- 2625.56 samples/sec-- Loss:0.30 -- Error1:9.17
Phase:train -- Batch_idx:400/782-- 2641.80 samples/sec-- Loss:0.30 -- Error1:9.20
Phase:train -- Batch_idx:500/782-- 2650.90 samples/sec-- Loss:0.30 -- Error1:9.25
Phase:train -- Batch_idx:600/782-- 2653.78 samples/sec-- Loss:0.30 -- Error1:9.25
Phase:train -- Batch_idx:700/782-- 2655.41 samples/sec-- Loss:0.30 -- Error1:9.19
Train_Loss = 0.3019918512058258, Train_Err = 9.177
Val_Loss = 3.3062464714050295, Val_Err = 54.0
Epoch: [88 | 100]
Phase:train -- Batch_idx:100/782-- 2515.37 samples/sec-- Loss:0.30 -- Error1:9.34
Phase:train -- Batch_idx:200/782-- 2591.86 samples/sec-- Loss:0.30 -- Error1:9.27
Phase:train -- Batch_idx:300/782-- 2623.16 samples/sec-- Loss:0.30 -- Error1:9.07
Phase:train -- Batch_idx:400/782-- 2638.58 samples/sec-- Loss:0.30 -- Error1:9.15
Phase:train -- Batch_idx:500/782-- 2647.52 samples/sec-- Loss:0.30 -- Error1:9.10
Phase:train -- Batch_idx:600/782-- 2653.17 samples/sec-- Loss:0.30 -- Error1:9.15
Phase:train -- Batch_idx:700/782-- 2656.82 samples/sec-- Loss:0.30 -- Error1:9.10
Train_Loss = 0.2983903822517395, Train_Err = 9.076
Val_Loss = 3.3037269035339354, Val_Err = 53.54
Epoch: [89 | 100]
Phase:train -- Batch_idx:100/782-- 2480.06 samples/sec-- Loss:0.30 -- Error1:9.28
Phase:train -- Batch_idx:200/782-- 2576.99 samples/sec-- Loss:0.30 -- Error1:9.30
Phase:train -- Batch_idx:300/782-- 2604.09 samples/sec-- Loss:0.30 -- Error1:9.20
Phase:train -- Batch_idx:400/782-- 2620.35 samples/sec-- Loss:0.30 -- Error1:9.19
Phase:train -- Batch_idx:500/782-- 2629.75 samples/sec-- Loss:0.30 -- Error1:9.15
Phase:train -- Batch_idx:600/782-- 2638.16 samples/sec-- Loss:0.30 -- Error1:9.06
Phase:train -- Batch_idx:700/782-- 2643.23 samples/sec-- Loss:0.30 -- Error1:9.12
Train_Loss = 0.2979492449760437, Train_Err = 9.109
Val_Loss = 3.338250047302246, Val_Err = 53.69
Epoch: [90 | 100]
Phase:train -- Batch_idx:100/782-- 2497.26 samples/sec-- Loss:0.30 -- Error1:8.94
Phase:train -- Batch_idx:200/782-- 2575.18 samples/sec-- Loss:0.30 -- Error1:8.95
Phase:train -- Batch_idx:300/782-- 2607.16 samples/sec-- Loss:0.29 -- Error1:8.92
Phase:train -- Batch_idx:400/782-- 2621.11 samples/sec-- Loss:0.29 -- Error1:8.86
Phase:train -- Batch_idx:500/782-- 2633.92 samples/sec-- Loss:0.30 -- Error1:8.93
Phase:train -- Batch_idx:600/782-- 2639.96 samples/sec-- Loss:0.29 -- Error1:8.92
Phase:train -- Batch_idx:700/782-- 2645.74 samples/sec-- Loss:0.29 -- Error1:8.87
Train_Loss = 0.29342401789665223, Train_Err = 8.855
Val_Loss = 3.3355267784118654, Val_Err = 53.55
Epoch: [91 | 100]
Phase:train -- Batch_idx:100/782-- 2506.22 samples/sec-- Loss:0.29 -- Error1:8.81
Phase:train -- Batch_idx:200/782-- 2595.78 samples/sec-- Loss:0.29 -- Error1:8.87
Phase:train -- Batch_idx:300/782-- 2614.06 samples/sec-- Loss:0.29 -- Error1:8.76
Phase:train -- Batch_idx:400/782-- 2624.91 samples/sec-- Loss:0.29 -- Error1:8.73
Phase:train -- Batch_idx:500/782-- 2634.72 samples/sec-- Loss:0.29 -- Error1:8.74
Phase:train -- Batch_idx:600/782-- 2643.01 samples/sec-- Loss:0.29 -- Error1:8.76
Phase:train -- Batch_idx:700/782-- 2645.51 samples/sec-- Loss:0.29 -- Error1:8.76
Train_Loss = 0.2912159381866455, Train_Err = 8.765
Val_Loss = 3.302519786071777, Val_Err = 53.73
Epoch: [92 | 100]
Phase:train -- Batch_idx:100/782-- 2517.43 samples/sec-- Loss:0.28 -- Error1:8.61
Phase:train -- Batch_idx:200/782-- 2594.30 samples/sec-- Loss:0.28 -- Error1:8.62
Phase:train -- Batch_idx:300/782-- 2618.35 samples/sec-- Loss:0.29 -- Error1:8.71
Phase:train -- Batch_idx:400/782-- 2631.65 samples/sec-- Loss:0.29 -- Error1:8.66
Phase:train -- Batch_idx:500/782-- 2639.06 samples/sec-- Loss:0.29 -- Error1:8.73
Phase:train -- Batch_idx:600/782-- 2645.52 samples/sec-- Loss:0.29 -- Error1:8.71
Phase:train -- Batch_idx:700/782-- 2648.36 samples/sec-- Loss:0.29 -- Error1:8.73
Train_Loss = 0.2896928002548218, Train_Err = 8.778
Val_Loss = 3.320391680908203, Val_Err = 53.7
Epoch: [93 | 100]
Phase:train -- Batch_idx:100/782-- 2510.02 samples/sec-- Loss:0.29 -- Error1:8.79
Phase:train -- Batch_idx:200/782-- 2589.62 samples/sec-- Loss:0.29 -- Error1:8.77
Phase:train -- Batch_idx:300/782-- 2620.11 samples/sec-- Loss:0.29 -- Error1:8.78
Phase:train -- Batch_idx:400/782-- 2632.88 samples/sec-- Loss:0.29 -- Error1:8.78
Phase:train -- Batch_idx:500/782-- 2640.99 samples/sec-- Loss:0.29 -- Error1:8.79
Phase:train -- Batch_idx:600/782-- 2646.04 samples/sec-- Loss:0.29 -- Error1:8.83
Phase:train -- Batch_idx:700/782-- 2650.12 samples/sec-- Loss:0.29 -- Error1:8.86
Train_Loss = 0.290860574054718, Train_Err = 8.874
Val_Loss = 3.3162968322753907, Val_Err = 53.6
Epoch: [94 | 100]
Phase:train -- Batch_idx:100/782-- 2471.47 samples/sec-- Loss:0.29 -- Error1:8.55
Phase:train -- Batch_idx:200/782-- 2570.88 samples/sec-- Loss:0.29 -- Error1:8.61
Phase:train -- Batch_idx:300/782-- 2609.60 samples/sec-- Loss:0.29 -- Error1:8.58
Phase:train -- Batch_idx:400/782-- 2624.92 samples/sec-- Loss:0.29 -- Error1:8.58
Phase:train -- Batch_idx:500/782-- 2637.00 samples/sec-- Loss:0.29 -- Error1:8.56
Phase:train -- Batch_idx:600/782-- 2644.98 samples/sec-- Loss:0.29 -- Error1:8.61
Phase:train -- Batch_idx:700/782-- 2651.05 samples/sec-- Loss:0.29 -- Error1:8.69
Train_Loss = 0.28858043407440187, Train_Err = 8.69
Val_Loss = 3.293048374938965, Val_Err = 53.53
Epoch: [95 | 100]
Phase:train -- Batch_idx:100/782-- 2486.12 samples/sec-- Loss:0.30 -- Error1:9.13
Phase:train -- Batch_idx:200/782-- 2581.42 samples/sec-- Loss:0.29 -- Error1:8.85
Phase:train -- Batch_idx:300/782-- 2611.79 samples/sec-- Loss:0.29 -- Error1:8.77
Phase:train -- Batch_idx:400/782-- 2627.15 samples/sec-- Loss:0.29 -- Error1:8.83
Phase:train -- Batch_idx:500/782-- 2637.55 samples/sec-- Loss:0.29 -- Error1:8.87
Phase:train -- Batch_idx:600/782-- 2645.05 samples/sec-- Loss:0.29 -- Error1:8.89
Phase:train -- Batch_idx:700/782-- 2648.81 samples/sec-- Loss:0.29 -- Error1:8.86
Train_Loss = 0.29253833795547485, Train_Err = 8.874
Val_Loss = 3.3146455490112303, Val_Err = 53.63
Epoch: [96 | 100]
Phase:train -- Batch_idx:100/782-- 2515.09 samples/sec-- Loss:0.29 -- Error1:8.52
Phase:train -- Batch_idx:200/782-- 2600.62 samples/sec-- Loss:0.29 -- Error1:8.80
Phase:train -- Batch_idx:300/782-- 2630.80 samples/sec-- Loss:0.29 -- Error1:8.93
Phase:train -- Batch_idx:400/782-- 2644.20 samples/sec-- Loss:0.29 -- Error1:8.88
Phase:train -- Batch_idx:500/782-- 2652.68 samples/sec-- Loss:0.29 -- Error1:8.88
Phase:train -- Batch_idx:600/782-- 2655.15 samples/sec-- Loss:0.29 -- Error1:8.92
Phase:train -- Batch_idx:700/782-- 2654.94 samples/sec-- Loss:0.29 -- Error1:8.88
Train_Loss = 0.292899047203064, Train_Err = 8.872
Val_Loss = 3.334831583404541, Val_Err = 53.38
Epoch: [97 | 100]
Phase:train -- Batch_idx:100/782-- 2499.18 samples/sec-- Loss:0.28 -- Error1:8.80
Phase:train -- Batch_idx:200/782-- 2589.36 samples/sec-- Loss:0.29 -- Error1:9.12
Phase:train -- Batch_idx:300/782-- 2620.22 samples/sec-- Loss:0.29 -- Error1:8.95
Phase:train -- Batch_idx:400/782-- 2634.41 samples/sec-- Loss:0.29 -- Error1:8.91
Phase:train -- Batch_idx:500/782-- 2644.05 samples/sec-- Loss:0.29 -- Error1:8.92
Phase:train -- Batch_idx:600/782-- 2651.60 samples/sec-- Loss:0.29 -- Error1:8.90
Phase:train -- Batch_idx:700/782-- 2652.51 samples/sec-- Loss:0.29 -- Error1:8.86
Train_Loss = 0.2937205135154724, Train_Err = 8.952
Val_Loss = 3.323929835510254, Val_Err = 53.67
Epoch: [98 | 100]
Phase:train -- Batch_idx:100/782-- 2504.83 samples/sec-- Loss:0.29 -- Error1:8.57
Phase:train -- Batch_idx:200/782-- 2599.09 samples/sec-- Loss:0.29 -- Error1:8.84
Phase:train -- Batch_idx:300/782-- 2632.26 samples/sec-- Loss:0.30 -- Error1:8.82
Phase:train -- Batch_idx:400/782-- 2631.65 samples/sec-- Loss:0.29 -- Error1:8.75
Phase:train -- Batch_idx:500/782-- 2639.48 samples/sec-- Loss:0.29 -- Error1:8.73
Phase:train -- Batch_idx:600/782-- 2646.13 samples/sec-- Loss:0.29 -- Error1:8.68
Phase:train -- Batch_idx:700/782-- 2651.83 samples/sec-- Loss:0.29 -- Error1:8.66
Train_Loss = 0.2883696802330017, Train_Err = 8.649
Val_Loss = 3.2973257362365724, Val_Err = 53.75
Epoch: [99 | 100]
Phase:train -- Batch_idx:100/782-- 2521.91 samples/sec-- Loss:0.29 -- Error1:8.90
Phase:train -- Batch_idx:200/782-- 2599.68 samples/sec-- Loss:0.29 -- Error1:8.79
Phase:train -- Batch_idx:300/782-- 2622.29 samples/sec-- Loss:0.29 -- Error1:8.69
Phase:train -- Batch_idx:400/782-- 2637.32 samples/sec-- Loss:0.29 -- Error1:8.83
Phase:train -- Batch_idx:500/782-- 2645.93 samples/sec-- Loss:0.29 -- Error1:8.82
Phase:train -- Batch_idx:600/782-- 2650.97 samples/sec-- Loss:0.29 -- Error1:8.86
Phase:train -- Batch_idx:700/782-- 2654.52 samples/sec-- Loss:0.29 -- Error1:8.90
Train_Loss = 0.29070914066314696, Train_Err = 8.875
Val_Loss = 3.317240926361084, Val_Err = 53.73
