root: Namespace(batch_size=128, cp_dir='checkpoints/autoaugment_cutout/cifar100/sam/run_ms_0/pyramidnet_272_bottleneck/run0', depth=272, dtype='cifar100', epochs=300, img_aug='autoaugment_cutout', learning_rate=0.1, momentum=0.9, mtype='pyramidnet', num_classes=100, resume=None, rho=0.05, seed=0, threads=8, weight_decay=0.0001, width_factor=8)
root: Epoch: [0 | 300]
root: Train_Loss = 4.253927230834961, Train_Err = 94.41
root: Val_Loss = 3.833176374435425, Val_Err = 88.73
root: Epoch: [1 | 300]
root: Train_Loss = 3.691760778427124, Train_Err = 86.7
root: Val_Loss = 3.158017158508301, Val_Err = 78.09
root: Epoch: [2 | 300]
root: Train_Loss = 3.046110153198242, Train_Err = 75.64
root: Val_Loss = 2.4996209144592285, Val_Err = 65.58
root: Epoch: [3 | 300]
root: Train_Loss = 2.5536599159240723, Train_Err = 65.792
root: Val_Loss = 2.4000778198242188, Val_Err = 62.51
root: Epoch: [4 | 300]
root: Train_Loss = 2.244166612625122, Train_Err = 59.174
root: Val_Loss = 1.895034909248352, Val_Err = 51.91
root: Epoch: [5 | 300]
root: Train_Loss = 2.0155632495880127, Train_Err = 53.874
root: Val_Loss = 1.762366771697998, Val_Err = 48.9
root: Epoch: [6 | 300]
root: Train_Loss = 1.8560848236083984, Train_Err = 50.516
root: Val_Loss = 1.6854814291000366, Val_Err = 46.59
root: Epoch: [7 | 300]
root: Train_Loss = 1.7324234247207642, Train_Err = 47.184
root: Val_Loss = 1.4413529634475708, Val_Err = 40.95
root: Epoch: [8 | 300]
root: Train_Loss = 1.6281274557113647, Train_Err = 44.602
root: Val_Loss = 1.375670313835144, Val_Err = 39.53
root: Epoch: [9 | 300]
root: Train_Loss = 1.546367883682251, Train_Err = 42.73
root: Val_Loss = 1.3519936800003052, Val_Err = 38.92
root: Epoch: [10 | 300]
root: Train_Loss = 1.4669092893600464, Train_Err = 40.554
root: Val_Loss = 1.3196736574172974, Val_Err = 36.71
root: Epoch: [11 | 300]
root: Train_Loss = 1.4088482856750488, Train_Err = 39.106
root: Val_Loss = 1.2646199464797974, Val_Err = 35.91
root: Epoch: [12 | 300]
root: Train_Loss = 1.352583408355713, Train_Err = 37.93
root: Val_Loss = 1.1638537645339966, Val_Err = 33.71
root: Epoch: [13 | 300]
root: Train_Loss = 1.304695725440979, Train_Err = 36.718
root: Val_Loss = 1.188781499862671, Val_Err = 34.14
root: Epoch: [14 | 300]
root: Train_Loss = 1.2467966079711914, Train_Err = 35.17
root: Val_Loss = 1.2767685651779175, Val_Err = 36.06
root: Epoch: [15 | 300]
root: Train_Loss = 1.2115771770477295, Train_Err = 34.298
root: Val_Loss = 1.1098463535308838, Val_Err = 32.2
root: Epoch: [16 | 300]
root: Train_Loss = 1.1744189262390137, Train_Err = 33.278
root: Val_Loss = 1.090328335762024, Val_Err = 31.85
root: Epoch: [17 | 300]
root: Train_Loss = 1.1420481204986572, Train_Err = 32.446
root: Val_Loss = 1.1136000156402588, Val_Err = 32.13
root: Epoch: [18 | 300]
root: Train_Loss = 1.1055091619491577, Train_Err = 31.508
root: Val_Loss = 1.0839309692382812, Val_Err = 30.83
root: Epoch: [19 | 300]
root: Train_Loss = 1.0776307582855225, Train_Err = 30.558
root: Val_Loss = 1.0081026554107666, Val_Err = 29.63
root: Epoch: [20 | 300]
root: Train_Loss = 1.044954776763916, Train_Err = 29.706
root: Val_Loss = 1.0039058923721313, Val_Err = 29.35
root: Epoch: [21 | 300]
root: Train_Loss = 1.0160599946975708, Train_Err = 28.972
root: Val_Loss = 0.9880625009536743, Val_Err = 28.86
root: Epoch: [22 | 300]
root: Train_Loss = 0.9924013614654541, Train_Err = 28.364
root: Val_Loss = 1.0453219413757324, Val_Err = 30.09
root: Epoch: [23 | 300]
root: Train_Loss = 0.9690181016921997, Train_Err = 27.88
root: Val_Loss = 0.9416733384132385, Val_Err = 27.43
root: Epoch: [24 | 300]
root: Train_Loss = 0.9456090927124023, Train_Err = 27.276
root: Val_Loss = 1.0294467210769653, Val_Err = 29.23
root: Epoch: [25 | 300]
root: Train_Loss = 0.9197162985801697, Train_Err = 26.264
root: Val_Loss = 0.9659584760665894, Val_Err = 27.73
root: Epoch: [26 | 300]
root: Train_Loss = 0.9063873291015625, Train_Err = 26.094
root: Val_Loss = 1.0062839984893799, Val_Err = 28.25
root: Epoch: [27 | 300]
root: Train_Loss = 0.8775981664657593, Train_Err = 25.228
root: Val_Loss = 1.0106369256973267, Val_Err = 28.11
root: Epoch: [28 | 300]
root: Train_Loss = 0.8608404397964478, Train_Err = 24.8
root: Val_Loss = 0.98651123046875, Val_Err = 28.05
root: Epoch: [29 | 300]
root: Train_Loss = 0.8491694927215576, Train_Err = 24.422
root: Val_Loss = 0.9481784701347351, Val_Err = 27.34
root: Epoch: [30 | 300]
root: Train_Loss = 0.8277494311332703, Train_Err = 23.896
root: Val_Loss = 1.024601936340332, Val_Err = 28.57
root: Epoch: [31 | 300]
root: Train_Loss = 0.8122154474258423, Train_Err = 23.536
root: Val_Loss = 0.9067831039428711, Val_Err = 26.01
root: Epoch: [32 | 300]
root: Train_Loss = 0.799849271774292, Train_Err = 23.154
root: Val_Loss = 0.9512025117874146, Val_Err = 27.11
root: Epoch: [33 | 300]
root: Train_Loss = 0.7812162041664124, Train_Err = 22.768
root: Val_Loss = 0.9134171605110168, Val_Err = 26.0
root: Epoch: [34 | 300]
root: Train_Loss = 0.7823863625526428, Train_Err = 22.768
root: Val_Loss = 0.9512494802474976, Val_Err = 26.88
root: Epoch: [35 | 300]
root: Train_Loss = 0.7536355257034302, Train_Err = 21.74
root: Val_Loss = 0.9556342363357544, Val_Err = 26.94
root: Epoch: [36 | 300]
root: Train_Loss = 0.7343587875366211, Train_Err = 21.264
root: Val_Loss = 0.9490673542022705, Val_Err = 26.21
root: Epoch: [37 | 300]
root: Train_Loss = 0.7381812930107117, Train_Err = 21.316
root: Val_Loss = 0.9626584649085999, Val_Err = 26.72
root: Epoch: [38 | 300]
root: Train_Loss = 0.720734179019928, Train_Err = 21.004
root: Val_Loss = 0.9325917959213257, Val_Err = 26.13
root: Epoch: [39 | 300]
root: Train_Loss = 0.7161383628845215, Train_Err = 20.652
root: Val_Loss = 0.98517245054245, Val_Err = 27.79
root: Epoch: [40 | 300]
root: Train_Loss = 0.7031834125518799, Train_Err = 20.452
root: Val_Loss = 0.9436803460121155, Val_Err = 25.89
root: Epoch: [41 | 300]
root: Train_Loss = 0.6881570219993591, Train_Err = 20.02
root: Val_Loss = 0.9537959694862366, Val_Err = 26.57
root: Epoch: [42 | 300]
root: Train_Loss = 0.6860342621803284, Train_Err = 19.876
root: Val_Loss = 0.9667925834655762, Val_Err = 26.42
root: Epoch: [43 | 300]
root: Train_Loss = 0.6682947278022766, Train_Err = 19.158
root: Val_Loss = 0.8900486826896667, Val_Err = 24.88
root: Epoch: [44 | 300]
root: Train_Loss = 0.6590030193328857, Train_Err = 19.198
root: Val_Loss = 0.9341779351234436, Val_Err = 25.42
root: Epoch: [45 | 300]
root: Train_Loss = 0.6437768340110779, Train_Err = 18.532
root: Val_Loss = 0.9549883604049683, Val_Err = 25.65
root: Epoch: [46 | 300]
root: Train_Loss = 0.6403626799583435, Train_Err = 18.606
root: Val_Loss = 0.9305433630943298, Val_Err = 24.98
root: Epoch: [47 | 300]
root: Train_Loss = 0.644628643989563, Train_Err = 18.62
root: Val_Loss = 0.9092566967010498, Val_Err = 25.31
root: Epoch: [48 | 300]
root: Train_Loss = 0.6270288228988647, Train_Err = 18.168
root: Val_Loss = 0.9935434460639954, Val_Err = 26.33
root: Epoch: [49 | 300]
root: Train_Loss = 0.619606077671051, Train_Err = 18.198
root: Val_Loss = 0.9265554547309875, Val_Err = 25.44
root: Epoch: [50 | 300]
root: Train_Loss = 0.6157281994819641, Train_Err = 17.856
root: Val_Loss = 0.9162651300430298, Val_Err = 24.47
root: Epoch: [51 | 300]
root: Train_Loss = 0.6016387939453125, Train_Err = 17.466
root: Val_Loss = 0.9276103973388672, Val_Err = 24.76
root: Epoch: [52 | 300]
root: Train_Loss = 0.6005240082740784, Train_Err = 17.546
root: Val_Loss = 0.9176046848297119, Val_Err = 24.28
root: Epoch: [53 | 300]
root: Train_Loss = 0.5895476937294006, Train_Err = 17.088
root: Val_Loss = 0.9050498008728027, Val_Err = 24.21
root: Epoch: [54 | 300]
root: Train_Loss = 0.5943496227264404, Train_Err = 17.314
root: Val_Loss = 0.9536511301994324, Val_Err = 25.2
root: Epoch: [55 | 300]
root: Train_Loss = 0.586616575717926, Train_Err = 17.082
root: Val_Loss = 0.9768913984298706, Val_Err = 25.92
root: Epoch: [56 | 300]
root: Train_Loss = 0.5786846876144409, Train_Err = 16.82
root: Val_Loss = 0.9694598317146301, Val_Err = 25.39
root: Epoch: [57 | 300]
root: Train_Loss = 0.5689831376075745, Train_Err = 16.366
root: Val_Loss = 0.979310154914856, Val_Err = 25.23
root: Epoch: [58 | 300]
root: Train_Loss = 0.5639491081237793, Train_Err = 16.472
root: Val_Loss = 0.9203054308891296, Val_Err = 24.84
root: Epoch: [59 | 300]
root: Train_Loss = 0.5629241466522217, Train_Err = 16.306
root: Val_Loss = 0.9127716422080994, Val_Err = 24.52
root: Epoch: [60 | 300]
root: Train_Loss = 0.5565733313560486, Train_Err = 16.11
root: Val_Loss = 0.9116520285606384, Val_Err = 25.19
root: Epoch: [61 | 300]
root: Train_Loss = 0.5528954267501831, Train_Err = 15.918
root: Val_Loss = 0.9155506491661072, Val_Err = 24.77
root: Epoch: [62 | 300]
root: Train_Loss = 0.5461680293083191, Train_Err = 15.976
root: Val_Loss = 0.8562094569206238, Val_Err = 23.08
root: Epoch: [63 | 300]
root: Train_Loss = 0.5425481796264648, Train_Err = 15.59
root: Val_Loss = 0.9305635690689087, Val_Err = 24.66
root: Epoch: [64 | 300]
root: Train_Loss = 0.537522554397583, Train_Err = 15.466
root: Val_Loss = 0.8823843598365784, Val_Err = 24.11
root: Epoch: [65 | 300]
root: Train_Loss = 0.5357803702354431, Train_Err = 15.506
root: Val_Loss = 0.9389346241950989, Val_Err = 24.24
root: Epoch: [66 | 300]
root: Train_Loss = 0.5365230441093445, Train_Err = 15.608
root: Val_Loss = 0.8806646466255188, Val_Err = 23.96
root: Epoch: [67 | 300]
root: Train_Loss = 0.5284594297409058, Train_Err = 15.28
root: Val_Loss = 0.935927152633667, Val_Err = 24.91
root: Epoch: [68 | 300]
root: Train_Loss = 0.5232288837432861, Train_Err = 15.194
root: Val_Loss = 0.9262433648109436, Val_Err = 24.06
root: Epoch: [69 | 300]
root: Train_Loss = 0.516452431678772, Train_Err = 14.846
root: Val_Loss = 0.9243544936180115, Val_Err = 23.99
root: Epoch: [70 | 300]
root: Train_Loss = 0.5175338387489319, Train_Err = 15.022
root: Val_Loss = 1.0028384923934937, Val_Err = 25.99
root: Epoch: [71 | 300]
root: Train_Loss = 0.5109638571739197, Train_Err = 14.72
root: Val_Loss = 0.9123899340629578, Val_Err = 24.38
root: Epoch: [72 | 300]
root: Train_Loss = 0.5203172564506531, Train_Err = 14.92
root: Val_Loss = 0.9314186573028564, Val_Err = 24.7
root: Epoch: [73 | 300]
root: Train_Loss = 0.5022630095481873, Train_Err = 14.504
root: Val_Loss = 0.8777446746826172, Val_Err = 22.97
root: Epoch: [74 | 300]
root: Train_Loss = 0.49772435426712036, Train_Err = 14.234
root: Val_Loss = 0.9104921817779541, Val_Err = 24.1
root: Epoch: [75 | 300]
root: Train_Loss = 0.5038735270500183, Train_Err = 14.38
root: Val_Loss = 0.8819966316223145, Val_Err = 23.43
root: Epoch: [76 | 300]
root: Train_Loss = 0.49337366223335266, Train_Err = 14.248
root: Val_Loss = 0.927245020866394, Val_Err = 23.88
root: Epoch: [77 | 300]
root: Train_Loss = 0.49534040689468384, Train_Err = 14.212
root: Val_Loss = 0.897167444229126, Val_Err = 23.33
root: Epoch: [78 | 300]
root: Train_Loss = 0.5000081658363342, Train_Err = 14.412
root: Val_Loss = 0.9170746803283691, Val_Err = 24.44
root: Epoch: [79 | 300]
root: Train_Loss = 0.4817168116569519, Train_Err = 13.792
root: Val_Loss = 0.909892737865448, Val_Err = 24.06
root: Epoch: [80 | 300]
root: Train_Loss = 0.4835173785686493, Train_Err = 13.962
root: Val_Loss = 0.9257414937019348, Val_Err = 24.4
root: Epoch: [81 | 300]
root: Train_Loss = 0.47022509574890137, Train_Err = 13.452
root: Val_Loss = 0.9293354153633118, Val_Err = 24.71
root: Epoch: [82 | 300]
root: Train_Loss = 0.47477829456329346, Train_Err = 13.83
root: Val_Loss = 0.904549777507782, Val_Err = 23.66
root: Epoch: [83 | 300]
root: Train_Loss = 0.47056877613067627, Train_Err = 13.39
root: Val_Loss = 0.9004937410354614, Val_Err = 24.0
root: Epoch: [84 | 300]
root: Train_Loss = 0.4727593660354614, Train_Err = 13.476
root: Val_Loss = 0.9188953042030334, Val_Err = 24.55
root: Epoch: [85 | 300]
root: Train_Loss = 0.4667269289493561, Train_Err = 13.574
root: Val_Loss = 0.9043063521385193, Val_Err = 23.4
root: Epoch: [86 | 300]
root: Train_Loss = 0.46598076820373535, Train_Err = 13.63
root: Val_Loss = 0.8557506799697876, Val_Err = 23.11
root: Epoch: [87 | 300]
root: Train_Loss = 0.4647092819213867, Train_Err = 13.2
root: Val_Loss = 0.9030783176422119, Val_Err = 23.78
root: Epoch: [88 | 300]
root: Train_Loss = 0.4615016579627991, Train_Err = 13.17
root: Val_Loss = 0.8704832792282104, Val_Err = 22.97
root: Epoch: [89 | 300]
root: Train_Loss = 0.45813611149787903, Train_Err = 13.142
root: Val_Loss = 0.9328708648681641, Val_Err = 23.97
root: Epoch: [90 | 300]
root: Train_Loss = 0.4637472629547119, Train_Err = 13.368
root: Val_Loss = 0.9309226274490356, Val_Err = 24.15
root: Epoch: [91 | 300]
root: Train_Loss = 0.45245030522346497, Train_Err = 12.94
root: Val_Loss = 0.9349068403244019, Val_Err = 23.76
root: Epoch: [92 | 300]
root: Train_Loss = 0.45027631521224976, Train_Err = 13.09
root: Val_Loss = 0.915666401386261, Val_Err = 23.95
root: Epoch: [93 | 300]
root: Train_Loss = 0.45922958850860596, Train_Err = 13.086
root: Val_Loss = 0.9022481441497803, Val_Err = 23.35
root: Epoch: [94 | 300]
root: Train_Loss = 0.45442089438438416, Train_Err = 13.036
root: Val_Loss = 0.9028247594833374, Val_Err = 23.73
root: Epoch: [95 | 300]
root: Train_Loss = 0.4448243975639343, Train_Err = 12.728
root: Val_Loss = 0.8760843276977539, Val_Err = 23.15
root: Epoch: [96 | 300]
root: Train_Loss = 0.43533140420913696, Train_Err = 12.498
root: Val_Loss = 0.932904064655304, Val_Err = 23.94
root: Epoch: [97 | 300]
root: Train_Loss = 0.4414714276790619, Train_Err = 12.638
root: Val_Loss = 0.9128484129905701, Val_Err = 23.63
root: Epoch: [98 | 300]
root: Train_Loss = 0.43474483489990234, Train_Err = 12.306
root: Val_Loss = 0.9237651824951172, Val_Err = 23.66
root: Epoch: [99 | 300]
root: Train_Loss = 0.4375632405281067, Train_Err = 12.588
root: Val_Loss = 0.9370453953742981, Val_Err = 24.31
root: Epoch: [100 | 300]
root: Train_Loss = 0.438010036945343, Train_Err = 12.498
root: Val_Loss = 0.8907541632652283, Val_Err = 23.32
root: Epoch: [101 | 300]
root: Train_Loss = 0.4473854601383209, Train_Err = 12.928
root: Val_Loss = 0.9156661033630371, Val_Err = 23.68
root: Epoch: [102 | 300]
root: Train_Loss = 0.4282552897930145, Train_Err = 12.24
root: Val_Loss = 0.925629198551178, Val_Err = 23.45
root: Epoch: [103 | 300]
root: Train_Loss = 0.4341573417186737, Train_Err = 12.516
root: Val_Loss = 0.8755765557289124, Val_Err = 22.68
root: Epoch: [104 | 300]
root: Train_Loss = 0.4244513511657715, Train_Err = 12.03
root: Val_Loss = 0.8608426451683044, Val_Err = 23.08
root: Epoch: [105 | 300]
root: Train_Loss = 0.42614784836769104, Train_Err = 12.17
root: Val_Loss = 0.9078904986381531, Val_Err = 23.4
root: Epoch: [106 | 300]
root: Train_Loss = 0.42533233761787415, Train_Err = 12.198
root: Val_Loss = 0.8887696862220764, Val_Err = 22.58
root: Epoch: [107 | 300]
root: Train_Loss = 0.4243682622909546, Train_Err = 12.088
root: Val_Loss = 0.8904600143432617, Val_Err = 22.87
root: Epoch: [108 | 300]
root: Train_Loss = 0.4168550670146942, Train_Err = 11.826
root: Val_Loss = 0.9104060530662537, Val_Err = 23.31
root: Epoch: [109 | 300]
root: Train_Loss = 0.41693115234375, Train_Err = 11.878
root: Val_Loss = 0.9540578126907349, Val_Err = 23.76
root: Epoch: [110 | 300]
root: Train_Loss = 0.43173372745513916, Train_Err = 12.272
root: Val_Loss = 0.9454411864280701, Val_Err = 23.85
root: Epoch: [111 | 300]
root: Train_Loss = 0.42023831605911255, Train_Err = 12.052
root: Val_Loss = 0.8758146166801453, Val_Err = 23.06
root: Epoch: [112 | 300]
root: Train_Loss = 0.41772812604904175, Train_Err = 11.876
root: Val_Loss = 0.958512544631958, Val_Err = 24.16
root: Epoch: [113 | 300]
root: Train_Loss = 0.413088858127594, Train_Err = 11.818
root: Val_Loss = 0.8687593340873718, Val_Err = 22.83
root: Epoch: [114 | 300]
root: Train_Loss = 0.40990927815437317, Train_Err = 11.8
root: Val_Loss = 0.8490391373634338, Val_Err = 22.0
root: Epoch: [115 | 300]
root: Train_Loss = 0.41476017236709595, Train_Err = 11.686
root: Val_Loss = 0.8812276124954224, Val_Err = 23.13
root: Epoch: [116 | 300]
root: Train_Loss = 0.4126283526420593, Train_Err = 11.824
root: Val_Loss = 0.9005488157272339, Val_Err = 23.05
root: Epoch: [117 | 300]
root: Train_Loss = 0.40549272298812866, Train_Err = 11.578
root: Val_Loss = 0.8823736906051636, Val_Err = 22.73
root: Epoch: [118 | 300]
root: Train_Loss = 0.41234445571899414, Train_Err = 11.716
root: Val_Loss = 0.9867540001869202, Val_Err = 24.4
root: Epoch: [119 | 300]
root: Train_Loss = 0.4143470227718353, Train_Err = 11.8
root: Val_Loss = 0.9187758564949036, Val_Err = 23.51
root: Epoch: [120 | 300]
root: Train_Loss = 0.4007208049297333, Train_Err = 11.438
root: Val_Loss = 0.9140645265579224, Val_Err = 23.3
root: Epoch: [121 | 300]
root: Train_Loss = 0.40084323287010193, Train_Err = 11.376
root: Val_Loss = 0.889262855052948, Val_Err = 23.19
root: Epoch: [122 | 300]
root: Train_Loss = 0.40071478486061096, Train_Err = 11.548
root: Val_Loss = 0.9301568865776062, Val_Err = 24.12
root: Epoch: [123 | 300]
root: Train_Loss = 0.40727779269218445, Train_Err = 11.516
root: Val_Loss = 0.8602687120437622, Val_Err = 22.39
root: Epoch: [124 | 300]
root: Train_Loss = 0.39784225821495056, Train_Err = 11.208
root: Val_Loss = 0.8976861834526062, Val_Err = 22.88
root: Epoch: [125 | 300]
root: Train_Loss = 0.40423986315727234, Train_Err = 11.546
root: Val_Loss = 0.8505613803863525, Val_Err = 22.32
root: Epoch: [126 | 300]
root: Train_Loss = 0.39438194036483765, Train_Err = 11.27
root: Val_Loss = 0.9659436345100403, Val_Err = 23.88
root: Epoch: [127 | 300]
root: Train_Loss = 0.3995218276977539, Train_Err = 11.43
root: Val_Loss = 0.8953461647033691, Val_Err = 22.86
root: Epoch: [128 | 300]
root: Train_Loss = 0.3981024920940399, Train_Err = 11.224
root: Val_Loss = 0.9706846475601196, Val_Err = 24.31
root: Epoch: [129 | 300]
root: Train_Loss = 0.3983041048049927, Train_Err = 11.342
root: Val_Loss = 0.8689154982566833, Val_Err = 22.45
root: Epoch: [130 | 300]
root: Train_Loss = 0.3858407735824585, Train_Err = 10.922
root: Val_Loss = 0.8471493721008301, Val_Err = 22.66
root: Epoch: [131 | 300]
root: Train_Loss = 0.39029771089553833, Train_Err = 11.056
root: Val_Loss = 0.91800856590271, Val_Err = 23.4
root: Epoch: [132 | 300]
root: Train_Loss = 0.38902392983436584, Train_Err = 10.934
root: Val_Loss = 0.8821883797645569, Val_Err = 22.55
root: Epoch: [133 | 300]
root: Train_Loss = 0.3833847939968109, Train_Err = 10.748
root: Val_Loss = 0.925484836101532, Val_Err = 23.05
root: Epoch: [134 | 300]
root: Train_Loss = 0.3868863582611084, Train_Err = 11.032
root: Val_Loss = 0.8807948231697083, Val_Err = 22.62
root: Epoch: [135 | 300]
root: Train_Loss = 0.3911050260066986, Train_Err = 11.198
root: Val_Loss = 0.8741316199302673, Val_Err = 22.56
root: Epoch: [136 | 300]
root: Train_Loss = 0.3881164789199829, Train_Err = 11.02
root: Val_Loss = 0.8830563426017761, Val_Err = 23.34
root: Epoch: [137 | 300]
root: Train_Loss = 0.3831176459789276, Train_Err = 10.888
root: Val_Loss = 0.9375632405281067, Val_Err = 23.42
root: Epoch: [138 | 300]
root: Train_Loss = 0.378614604473114, Train_Err = 10.762
root: Val_Loss = 0.8908984065055847, Val_Err = 22.53
root: Epoch: [139 | 300]
root: Train_Loss = 0.39688289165496826, Train_Err = 11.328
root: Val_Loss = 0.8909673690795898, Val_Err = 23.02
root: Epoch: [140 | 300]
root: Train_Loss = 0.3809065818786621, Train_Err = 10.848
root: Val_Loss = 0.9000965356826782, Val_Err = 22.71
root: Epoch: [141 | 300]
root: Train_Loss = 0.3771846294403076, Train_Err = 10.66
root: Val_Loss = 0.8798491954803467, Val_Err = 22.33
root: Epoch: [142 | 300]
root: Train_Loss = 0.38421422243118286, Train_Err = 11.01
root: Val_Loss = 0.893290102481842, Val_Err = 23.25
root: Epoch: [143 | 300]
root: Train_Loss = 0.3865804970264435, Train_Err = 10.962
root: Val_Loss = 0.9169809222221375, Val_Err = 23.61
root: Epoch: [144 | 300]
root: Train_Loss = 0.38560259342193604, Train_Err = 10.856
root: Val_Loss = 0.9057402014732361, Val_Err = 23.15
root: Epoch: [145 | 300]
root: Train_Loss = 0.3802728056907654, Train_Err = 10.712
root: Val_Loss = 0.9190101623535156, Val_Err = 23.39
root: Epoch: [146 | 300]
root: Train_Loss = 0.3775216341018677, Train_Err = 10.744
root: Val_Loss = 0.8444850444793701, Val_Err = 21.67
root: Epoch: [147 | 300]
root: Train_Loss = 0.37502357363700867, Train_Err = 10.752
root: Val_Loss = 0.8644000887870789, Val_Err = 22.12
root: Epoch: [148 | 300]
root: Train_Loss = 0.37527936697006226, Train_Err = 10.552
root: Val_Loss = 0.8718632459640503, Val_Err = 22.62
root: Epoch: [149 | 300]
root: Train_Loss = 0.37145543098449707, Train_Err = 10.512
root: Val_Loss = 0.8897861242294312, Val_Err = 22.77
root: Epoch: [150 | 300]
root: Train_Loss = 0.2298477441072464, Train_Err = 5.858
root: Val_Loss = 0.6231423616409302, Val_Err = 16.58
root: Epoch: [151 | 300]
root: Train_Loss = 0.17127476632595062, Train_Err = 4.124
root: Val_Loss = 0.6055949330329895, Val_Err = 16.3
root: Epoch: [152 | 300]
root: Train_Loss = 0.1558695137500763, Train_Err = 3.674
root: Val_Loss = 0.6024264693260193, Val_Err = 16.06
root: Epoch: [153 | 300]
root: Train_Loss = 0.14666748046875, Train_Err = 3.444
root: Val_Loss = 0.5906129479408264, Val_Err = 15.8
root: Epoch: [154 | 300]
root: Train_Loss = 0.14009681344032288, Train_Err = 3.352
root: Val_Loss = 0.5875065326690674, Val_Err = 15.81
root: Epoch: [155 | 300]
root: Train_Loss = 0.14147479832172394, Train_Err = 3.422
root: Val_Loss = 0.5834684371948242, Val_Err = 15.75
root: Epoch: [156 | 300]
root: Train_Loss = 0.1308245062828064, Train_Err = 3.086
root: Val_Loss = 0.5890378952026367, Val_Err = 15.54
root: Epoch: [157 | 300]
root: Train_Loss = 0.12597478926181793, Train_Err = 2.97
root: Val_Loss = 0.5874770879745483, Val_Err = 15.71
root: Epoch: [158 | 300]
root: Train_Loss = 0.12919479608535767, Train_Err = 3.05
root: Val_Loss = 0.5829024314880371, Val_Err = 15.57
root: Epoch: [159 | 300]
root: Train_Loss = 0.12675553560256958, Train_Err = 2.998
root: Val_Loss = 0.5801938772201538, Val_Err = 15.29
root: Epoch: [160 | 300]
root: Train_Loss = 0.12478242814540863, Train_Err = 2.92
root: Val_Loss = 0.5817775130271912, Val_Err = 15.46
root: Epoch: [161 | 300]
root: Train_Loss = 0.12603157758712769, Train_Err = 3.012
root: Val_Loss = 0.5787189602851868, Val_Err = 15.4
root: Epoch: [162 | 300]
root: Train_Loss = 0.1201307401061058, Train_Err = 2.886
root: Val_Loss = 0.579483687877655, Val_Err = 15.43
root: Epoch: [163 | 300]
root: Train_Loss = 0.12057916074991226, Train_Err = 2.84
root: Val_Loss = 0.5800566673278809, Val_Err = 15.36
root: Epoch: [164 | 300]
root: Train_Loss = 0.11919311434030533, Train_Err = 2.806
root: Val_Loss = 0.5778590440750122, Val_Err = 15.55
root: Epoch: [165 | 300]
root: Train_Loss = 0.11976383626461029, Train_Err = 2.844
root: Val_Loss = 0.5818668007850647, Val_Err = 15.49
root: Epoch: [166 | 300]
root: Train_Loss = 0.12111169844865799, Train_Err = 2.836
root: Val_Loss = 0.5838547945022583, Val_Err = 15.43
root: Epoch: [167 | 300]
root: Train_Loss = 0.11682592332363129, Train_Err = 2.722
root: Val_Loss = 0.5810231566429138, Val_Err = 15.55
root: Epoch: [168 | 300]
root: Train_Loss = 0.11465080827474594, Train_Err = 2.614
root: Val_Loss = 0.5711492300033569, Val_Err = 15.13
root: Epoch: [169 | 300]
root: Train_Loss = 0.11355949193239212, Train_Err = 2.686
root: Val_Loss = 0.5731836557388306, Val_Err = 15.4
root: Epoch: [170 | 300]
root: Train_Loss = 0.11397425830364227, Train_Err = 2.67
root: Val_Loss = 0.5716634392738342, Val_Err = 15.59
root: Epoch: [171 | 300]
root: Train_Loss = 0.11286382377147675, Train_Err = 2.624
root: Val_Loss = 0.5745078325271606, Val_Err = 15.39
root: Epoch: [172 | 300]
root: Train_Loss = 0.10970819741487503, Train_Err = 2.532
root: Val_Loss = 0.5693994760513306, Val_Err = 15.3
root: Epoch: [173 | 300]
root: Train_Loss = 0.10846582800149918, Train_Err = 2.566
root: Val_Loss = 0.5735418200492859, Val_Err = 15.45
root: Epoch: [174 | 300]
root: Train_Loss = 0.11198144406080246, Train_Err = 2.63
root: Val_Loss = 0.5735286474227905, Val_Err = 15.39
root: Epoch: [175 | 300]
root: Train_Loss = 0.11466910690069199, Train_Err = 2.596
root: Val_Loss = 0.5704864263534546, Val_Err = 15.31
root: Epoch: [176 | 300]
root: Train_Loss = 0.10930810123682022, Train_Err = 2.598
root: Val_Loss = 0.5708116292953491, Val_Err = 15.4
root: Epoch: [177 | 300]
root: Train_Loss = 0.11278141289949417, Train_Err = 2.614
root: Val_Loss = 0.5699933171272278, Val_Err = 15.21
root: Epoch: [178 | 300]
root: Train_Loss = 0.11334232985973358, Train_Err = 2.668
root: Val_Loss = 0.573304295539856, Val_Err = 15.31
root: Epoch: [179 | 300]
root: Train_Loss = 0.10578989237546921, Train_Err = 2.412
root: Val_Loss = 0.5797054767608643, Val_Err = 15.72
root: Epoch: [180 | 300]
root: Train_Loss = 0.10084759443998337, Train_Err = 2.312
root: Val_Loss = 0.5633302330970764, Val_Err = 15.13
root: Epoch: [181 | 300]
root: Train_Loss = 0.09992115199565887, Train_Err = 2.33
root: Val_Loss = 0.5653373599052429, Val_Err = 15.18
root: Epoch: [182 | 300]
root: Train_Loss = 0.10975227504968643, Train_Err = 2.546
root: Val_Loss = 0.5674907565116882, Val_Err = 15.11
root: Epoch: [183 | 300]
root: Train_Loss = 0.10835321992635727, Train_Err = 2.526
root: Val_Loss = 0.5668543577194214, Val_Err = 15.2
root: Epoch: [184 | 300]
root: Train_Loss = 0.10636629909276962, Train_Err = 2.478
root: Val_Loss = 0.5655669569969177, Val_Err = 15.22
root: Epoch: [185 | 300]
root: Train_Loss = 0.10430025309324265, Train_Err = 2.388
root: Val_Loss = 0.5647029280662537, Val_Err = 15.31
root: Epoch: [186 | 300]
root: Train_Loss = 0.10904069244861603, Train_Err = 2.554
root: Val_Loss = 0.5611131191253662, Val_Err = 14.84
root: Epoch: [187 | 300]
root: Train_Loss = 0.10691098123788834, Train_Err = 2.462
root: Val_Loss = 0.5602995753288269, Val_Err = 15.15
root: Epoch: [188 | 300]
root: Train_Loss = 0.1025950163602829, Train_Err = 2.356
root: Val_Loss = 0.5597764849662781, Val_Err = 15.1
root: Epoch: [189 | 300]
root: Train_Loss = 0.09928042441606522, Train_Err = 2.238
root: Val_Loss = 0.5571697354316711, Val_Err = 15.14
root: Epoch: [190 | 300]
root: Train_Loss = 0.10311462730169296, Train_Err = 2.328
root: Val_Loss = 0.5625172257423401, Val_Err = 15.15
root: Epoch: [191 | 300]
root: Train_Loss = 0.10410289466381073, Train_Err = 2.388
root: Val_Loss = 0.5610105395317078, Val_Err = 15.02
root: Epoch: [192 | 300]
root: Train_Loss = 0.10457312315702438, Train_Err = 2.432
root: Val_Loss = 0.5595494508743286, Val_Err = 15.0
root: Epoch: [193 | 300]
root: Train_Loss = 0.10268597304821014, Train_Err = 2.352
root: Val_Loss = 0.5587659478187561, Val_Err = 15.12
root: Epoch: [194 | 300]
root: Train_Loss = 0.10401099175214767, Train_Err = 2.462
root: Val_Loss = 0.5631386637687683, Val_Err = 15.19
root: Epoch: [195 | 300]
root: Train_Loss = 0.09876878559589386, Train_Err = 2.248
root: Val_Loss = 0.5631803274154663, Val_Err = 15.24
root: Epoch: [196 | 300]
root: Train_Loss = 0.10342473536729813, Train_Err = 2.408
root: Val_Loss = 0.5614268183708191, Val_Err = 15.35
root: Epoch: [197 | 300]
root: Train_Loss = 0.10288365930318832, Train_Err = 2.352
root: Val_Loss = 0.5599703788757324, Val_Err = 15.24
root: Epoch: [198 | 300]
root: Train_Loss = 0.10238592326641083, Train_Err = 2.332
root: Val_Loss = 0.558687150478363, Val_Err = 15.29
root: Epoch: [199 | 300]
root: Train_Loss = 0.0952392965555191, Train_Err = 2.148
root: Val_Loss = 0.5595662593841553, Val_Err = 15.17
root: Epoch: [200 | 300]
root: Train_Loss = 0.10198089480400085, Train_Err = 2.324
root: Val_Loss = 0.5626158714294434, Val_Err = 15.46
root: Epoch: [201 | 300]
root: Train_Loss = 0.10322292894124985, Train_Err = 2.396
root: Val_Loss = 0.5599876642227173, Val_Err = 15.21
root: Epoch: [202 | 300]
root: Train_Loss = 0.0985097661614418, Train_Err = 2.22
root: Val_Loss = 0.5538098812103271, Val_Err = 15.16
root: Epoch: [203 | 300]
root: Train_Loss = 0.10142353922128677, Train_Err = 2.356
root: Val_Loss = 0.55894535779953, Val_Err = 15.34
root: Epoch: [204 | 300]
root: Train_Loss = 0.09980938583612442, Train_Err = 2.252
root: Val_Loss = 0.5598390698432922, Val_Err = 15.37
root: Epoch: [205 | 300]
root: Train_Loss = 0.10433939099311829, Train_Err = 2.368
root: Val_Loss = 0.5532417297363281, Val_Err = 15.06
root: Epoch: [206 | 300]
root: Train_Loss = 0.09744822233915329, Train_Err = 2.152
root: Val_Loss = 0.5586255788803101, Val_Err = 15.3
root: Epoch: [207 | 300]
root: Train_Loss = 0.10004960000514984, Train_Err = 2.256
root: Val_Loss = 0.5584055185317993, Val_Err = 15.28
root: Epoch: [208 | 300]
root: Train_Loss = 0.09936338663101196, Train_Err = 2.226
root: Val_Loss = 0.5594780445098877, Val_Err = 15.15
root: Epoch: [209 | 300]
root: Train_Loss = 0.09719421714544296, Train_Err = 2.238
root: Val_Loss = 0.5569263100624084, Val_Err = 15.1
root: Epoch: [210 | 300]
root: Train_Loss = 0.10230033844709396, Train_Err = 2.312
root: Val_Loss = 0.5552243590354919, Val_Err = 15.14
root: Epoch: [211 | 300]
root: Train_Loss = 0.09461530297994614, Train_Err = 2.118
root: Val_Loss = 0.5598838925361633, Val_Err = 15.34
root: Epoch: [212 | 300]
root: Train_Loss = 0.09677504748106003, Train_Err = 2.194
root: Val_Loss = 0.5549823045730591, Val_Err = 14.95
root: Epoch: [213 | 300]
root: Train_Loss = 0.09406513720750809, Train_Err = 2.042
root: Val_Loss = 0.5590546131134033, Val_Err = 15.15
root: Epoch: [214 | 300]
root: Train_Loss = 0.09948626905679703, Train_Err = 2.24
root: Val_Loss = 0.5546811819076538, Val_Err = 14.81
root: Epoch: [215 | 300]
root: Train_Loss = 0.09602942317724228, Train_Err = 2.176
root: Val_Loss = 0.5574203729629517, Val_Err = 15.46
root: Epoch: [216 | 300]
root: Train_Loss = 0.0937628224492073, Train_Err = 2.132
root: Val_Loss = 0.558447539806366, Val_Err = 15.14
root: Epoch: [217 | 300]
root: Train_Loss = 0.09963326901197433, Train_Err = 2.296
root: Val_Loss = 0.5487676858901978, Val_Err = 15.17
root: Epoch: [218 | 300]
root: Train_Loss = 0.0947248637676239, Train_Err = 2.2
root: Val_Loss = 0.5548768043518066, Val_Err = 14.99
root: Epoch: [219 | 300]
root: Train_Loss = 0.09805634617805481, Train_Err = 2.198
root: Val_Loss = 0.5555452108383179, Val_Err = 15.17
root: Epoch: [220 | 300]
root: Train_Loss = 0.0962231457233429, Train_Err = 2.16
root: Val_Loss = 0.5611262321472168, Val_Err = 15.28
root: Epoch: [221 | 300]
root: Train_Loss = 0.09197740256786346, Train_Err = 2.07
root: Val_Loss = 0.5486338138580322, Val_Err = 15.07
root: Epoch: [222 | 300]
root: Train_Loss = 0.09624345600605011, Train_Err = 2.184
root: Val_Loss = 0.5575029850006104, Val_Err = 15.12
root: Epoch: [223 | 300]
root: Train_Loss = 0.09485244005918503, Train_Err = 2.096
root: Val_Loss = 0.5587984919548035, Val_Err = 15.17
root: Epoch: [224 | 300]
root: Train_Loss = 0.09518074244260788, Train_Err = 2.128
root: Val_Loss = 0.553648829460144, Val_Err = 15.19
root: Epoch: [225 | 300]
root: Train_Loss = 0.09199906140565872, Train_Err = 2.044
root: Val_Loss = 0.5443345308303833, Val_Err = 14.98
root: Epoch: [226 | 300]
root: Train_Loss = 0.09402690082788467, Train_Err = 2.11
root: Val_Loss = 0.5444549918174744, Val_Err = 14.98
root: Epoch: [227 | 300]
root: Train_Loss = 0.0927899107336998, Train_Err = 2.122
root: Val_Loss = 0.5447924137115479, Val_Err = 14.87
root: Epoch: [228 | 300]
root: Train_Loss = 0.08934055268764496, Train_Err = 1.954
root: Val_Loss = 0.5414976477622986, Val_Err = 14.74
root: Epoch: [229 | 300]
root: Train_Loss = 0.09149827808141708, Train_Err = 2.106
root: Val_Loss = 0.5406307578086853, Val_Err = 14.93
root: Epoch: [230 | 300]
root: Train_Loss = 0.08995451778173447, Train_Err = 2.034
root: Val_Loss = 0.5399842262268066, Val_Err = 14.97
root: Epoch: [231 | 300]
root: Train_Loss = 0.08751217275857925, Train_Err = 1.97
root: Val_Loss = 0.5407969355583191, Val_Err = 14.72
root: Epoch: [232 | 300]
root: Train_Loss = 0.0896056741476059, Train_Err = 2.024
root: Val_Loss = 0.5424615144729614, Val_Err = 15.03
root: Epoch: [233 | 300]
root: Train_Loss = 0.09493546932935715, Train_Err = 2.098
root: Val_Loss = 0.5398302674293518, Val_Err = 14.65
root: Epoch: [234 | 300]
root: Train_Loss = 0.08920188248157501, Train_Err = 1.992
root: Val_Loss = 0.5397405624389648, Val_Err = 14.81
root: Epoch: [235 | 300]
root: Train_Loss = 0.09114156663417816, Train_Err = 2.05
root: Val_Loss = 0.5363210439682007, Val_Err = 14.65
root: Epoch: [236 | 300]
root: Train_Loss = 0.08733876049518585, Train_Err = 1.986
root: Val_Loss = 0.5381478071212769, Val_Err = 14.76
root: Epoch: [237 | 300]
root: Train_Loss = 0.08849478513002396, Train_Err = 1.972
root: Val_Loss = 0.5353860855102539, Val_Err = 14.68
root: Epoch: [238 | 300]
root: Train_Loss = 0.08931673318147659, Train_Err = 1.994
root: Val_Loss = 0.5386822819709778, Val_Err = 14.7
root: Epoch: [239 | 300]
root: Train_Loss = 0.09293969720602036, Train_Err = 2.146
root: Val_Loss = 0.5384842753410339, Val_Err = 14.62
root: Epoch: [240 | 300]
root: Train_Loss = 0.08802178502082825, Train_Err = 1.99
root: Val_Loss = 0.5362252593040466, Val_Err = 14.74
root: Epoch: [241 | 300]
root: Train_Loss = 0.0871368944644928, Train_Err = 1.974
root: Val_Loss = 0.534606397151947, Val_Err = 14.71
root: Epoch: [242 | 300]
root: Train_Loss = 0.08623532950878143, Train_Err = 1.898
root: Val_Loss = 0.5368493795394897, Val_Err = 14.59
root: Epoch: [243 | 300]
root: Train_Loss = 0.08948370814323425, Train_Err = 2.002
root: Val_Loss = 0.5365682244300842, Val_Err = 14.86
root: Epoch: [244 | 300]
root: Train_Loss = 0.08643674850463867, Train_Err = 1.9
root: Val_Loss = 0.537416398525238, Val_Err = 14.76
root: Epoch: [245 | 300]
root: Train_Loss = 0.08712054789066315, Train_Err = 1.954
root: Val_Loss = 0.5378310680389404, Val_Err = 14.73
root: Epoch: [246 | 300]
root: Train_Loss = 0.0845947340130806, Train_Err = 1.926
root: Val_Loss = 0.5416893362998962, Val_Err = 14.75
root: Epoch: [247 | 300]
root: Train_Loss = 0.08418964594602585, Train_Err = 1.9
root: Val_Loss = 0.5346508622169495, Val_Err = 14.75
root: Epoch: [248 | 300]
root: Train_Loss = 0.08657943457365036, Train_Err = 1.958
root: Val_Loss = 0.5348528623580933, Val_Err = 14.71
root: Epoch: [249 | 300]
root: Train_Loss = 0.08689963817596436, Train_Err = 1.9
root: Val_Loss = 0.538734495639801, Val_Err = 14.72
root: Epoch: [250 | 300]
root: Train_Loss = 0.08600533753633499, Train_Err = 1.918
root: Val_Loss = 0.5385134220123291, Val_Err = 14.75
root: Epoch: [251 | 300]
root: Train_Loss = 0.08739430457353592, Train_Err = 1.95
root: Val_Loss = 0.5375030040740967, Val_Err = 14.56
root: Epoch: [252 | 300]
root: Train_Loss = 0.08494759351015091, Train_Err = 1.876
root: Val_Loss = 0.5409157872200012, Val_Err = 14.83
root: Epoch: [253 | 300]
root: Train_Loss = 0.08482945710420609, Train_Err = 1.882
root: Val_Loss = 0.5369109511375427, Val_Err = 14.61
root: Epoch: [254 | 300]
root: Train_Loss = 0.08674180507659912, Train_Err = 1.924
root: Val_Loss = 0.5367289781570435, Val_Err = 14.73
root: Epoch: [255 | 300]
root: Train_Loss = 0.08488573133945465, Train_Err = 1.944
root: Val_Loss = 0.535819947719574, Val_Err = 14.61
root: Epoch: [256 | 300]
root: Train_Loss = 0.08551651239395142, Train_Err = 1.894
root: Val_Loss = 0.5386587977409363, Val_Err = 14.96
root: Epoch: [257 | 300]
root: Train_Loss = 0.08325770497322083, Train_Err = 1.898
root: Val_Loss = 0.5322597026824951, Val_Err = 14.78
root: Epoch: [258 | 300]
root: Train_Loss = 0.0851234570145607, Train_Err = 1.894
root: Val_Loss = 0.5344897508621216, Val_Err = 14.58
root: Epoch: [259 | 300]
root: Train_Loss = 0.08855720609426498, Train_Err = 2.018
root: Val_Loss = 0.5361098647117615, Val_Err = 14.69
root: Epoch: [260 | 300]
root: Train_Loss = 0.08543596416711807, Train_Err = 1.89
root: Val_Loss = 0.5346723794937134, Val_Err = 14.9
root: Epoch: [261 | 300]
root: Train_Loss = 0.08845220506191254, Train_Err = 1.982
root: Val_Loss = 0.5352516174316406, Val_Err = 14.84
root: Epoch: [262 | 300]
root: Train_Loss = 0.08328966796398163, Train_Err = 1.832
root: Val_Loss = 0.5346847772598267, Val_Err = 14.72
root: Epoch: [263 | 300]
root: Train_Loss = 0.08573248982429504, Train_Err = 1.942
root: Val_Loss = 0.5372892618179321, Val_Err = 14.82
root: Epoch: [264 | 300]
root: Train_Loss = 0.08541431277990341, Train_Err = 1.966
root: Val_Loss = 0.5363659858703613, Val_Err = 14.76
root: Epoch: [265 | 300]
root: Train_Loss = 0.09026572853326797, Train_Err = 2.02
root: Val_Loss = 0.5336852669715881, Val_Err = 14.65
root: Epoch: [266 | 300]
root: Train_Loss = 0.08889620751142502, Train_Err = 1.972
root: Val_Loss = 0.5341788530349731, Val_Err = 14.65
root: Epoch: [267 | 300]
root: Train_Loss = 0.08582166582345963, Train_Err = 1.902
root: Val_Loss = 0.5362849235534668, Val_Err = 14.85
root: Epoch: [268 | 300]
root: Train_Loss = 0.08496871590614319, Train_Err = 1.94
root: Val_Loss = 0.5329668521881104, Val_Err = 14.69
root: Epoch: [269 | 300]
root: Train_Loss = 0.08272631466388702, Train_Err = 1.858
root: Val_Loss = 0.5365723967552185, Val_Err = 14.78
root: Epoch: [270 | 300]
root: Train_Loss = 0.08611015230417252, Train_Err = 1.946
root: Val_Loss = 0.5316937565803528, Val_Err = 14.65
root: Epoch: [271 | 300]
root: Train_Loss = 0.08755729347467422, Train_Err = 1.966
root: Val_Loss = 0.5342881083488464, Val_Err = 14.66
root: Epoch: [272 | 300]
root: Train_Loss = 0.08849865943193436, Train_Err = 1.992
root: Val_Loss = 0.535381555557251, Val_Err = 14.75
root: Epoch: [273 | 300]
root: Train_Loss = 0.08903926610946655, Train_Err = 2.02
root: Val_Loss = 0.532663881778717, Val_Err = 14.71
root: Epoch: [274 | 300]
root: Train_Loss = 0.08883330971002579, Train_Err = 1.962
root: Val_Loss = 0.5340346693992615, Val_Err = 14.57
root: Epoch: [275 | 300]
root: Train_Loss = 0.08627640455961227, Train_Err = 1.954
root: Val_Loss = 0.5333929061889648, Val_Err = 14.68
root: Epoch: [276 | 300]
root: Train_Loss = 0.08752752840518951, Train_Err = 1.98
root: Val_Loss = 0.5321332812309265, Val_Err = 14.68
root: Epoch: [277 | 300]
root: Train_Loss = 0.08227963000535965, Train_Err = 1.868
root: Val_Loss = 0.530817985534668, Val_Err = 14.56
root: Epoch: [278 | 300]
root: Train_Loss = 0.08461770415306091, Train_Err = 1.858
root: Val_Loss = 0.5319035053253174, Val_Err = 14.54
root: Epoch: [279 | 300]
root: Train_Loss = 0.0844835638999939, Train_Err = 1.948
root: Val_Loss = 0.5340112447738647, Val_Err = 14.75
root: Epoch: [280 | 300]
root: Train_Loss = 0.0828125923871994, Train_Err = 1.862
root: Val_Loss = 0.5347487926483154, Val_Err = 14.68
root: Epoch: [281 | 300]
root: Train_Loss = 0.08629130572080612, Train_Err = 1.972
root: Val_Loss = 0.5360621213912964, Val_Err = 14.74
root: Epoch: [282 | 300]
root: Train_Loss = 0.0901452973484993, Train_Err = 2.054
root: Val_Loss = 0.5324974060058594, Val_Err = 14.61
root: Epoch: [283 | 300]
root: Train_Loss = 0.083404041826725, Train_Err = 1.884
root: Val_Loss = 0.5340166687965393, Val_Err = 14.63
root: Epoch: [284 | 300]
root: Train_Loss = 0.08699299395084381, Train_Err = 1.974
root: Val_Loss = 0.537814736366272, Val_Err = 14.89
root: Epoch: [285 | 300]
root: Train_Loss = 0.08610428124666214, Train_Err = 1.932
root: Val_Loss = 0.5334773063659668, Val_Err = 14.71
root: Epoch: [286 | 300]
root: Train_Loss = 0.08675763756036758, Train_Err = 1.97
root: Val_Loss = 0.5319463014602661, Val_Err = 14.7
root: Epoch: [287 | 300]
root: Train_Loss = 0.08567844331264496, Train_Err = 1.934
root: Val_Loss = 0.5311629772186279, Val_Err = 14.61
root: Epoch: [288 | 300]
root: Train_Loss = 0.08806562423706055, Train_Err = 1.974
root: Val_Loss = 0.5334519743919373, Val_Err = 14.5
root: Epoch: [289 | 300]
root: Train_Loss = 0.0823306143283844, Train_Err = 1.8
root: Val_Loss = 0.5331525206565857, Val_Err = 14.86
root: Epoch: [290 | 300]
root: Train_Loss = 0.08606339991092682, Train_Err = 1.934
root: Val_Loss = 0.5336700677871704, Val_Err = 14.72
root: Epoch: [291 | 300]
root: Train_Loss = 0.08933389186859131, Train_Err = 2.096
root: Val_Loss = 0.5333019495010376, Val_Err = 14.69
root: Epoch: [292 | 300]
root: Train_Loss = 0.08368320763111115, Train_Err = 1.816
root: Val_Loss = 0.5325044393539429, Val_Err = 14.77
root: Epoch: [293 | 300]
root: Train_Loss = 0.08329451084136963, Train_Err = 1.826
root: Val_Loss = 0.5307210087776184, Val_Err = 14.59
root: Epoch: [294 | 300]
root: Train_Loss = 0.08239728957414627, Train_Err = 1.828
root: Val_Loss = 0.5338209867477417, Val_Err = 14.63
root: Epoch: [295 | 300]
root: Train_Loss = 0.08611372858285904, Train_Err = 1.912
root: Val_Loss = 0.5346190333366394, Val_Err = 14.75
root: Epoch: [296 | 300]
root: Train_Loss = 0.08573261648416519, Train_Err = 1.93
root: Val_Loss = 0.5337119698524475, Val_Err = 14.66
root: Epoch: [297 | 300]
root: Train_Loss = 0.08622227609157562, Train_Err = 1.928
root: Val_Loss = 0.5342893600463867, Val_Err = 14.74
root: Epoch: [298 | 300]
root: Train_Loss = 0.08391647040843964, Train_Err = 1.864
root: Val_Loss = 0.5340579152107239, Val_Err = 14.67
root: Epoch: [299 | 300]
root: Train_Loss = 0.08645840734243393, Train_Err = 1.98
root: Val_Loss = 0.533729612827301, Val_Err = 14.8
