Namespace(bs=128, cp_dir='./checkpoints/cifar10_new/resnet18/sgd/run_ms_2/run0', data_dir='./data/cifar10', dir='.', dtype='cifar10', ep=200, loadckp=False, lr=0.1, milestones=[100, 120], mo=0.9, ms=2, mtype='resnet18', n='cifar10_new/resnet18/sgd', num_classes=10, print_freq=100, use_cuda=True, wd=0.0005)
Epoch: [0 | 200]
Phase:train -- Batch_idx:100/391-- 2541.66 samples/sec-- Loss:2.42 -- Error1:80.20
Phase:train -- Batch_idx:200/391-- 2804.27 samples/sec-- Loss:2.10 -- Error1:73.62
Phase:train -- Batch_idx:300/391-- 2904.36 samples/sec-- Loss:1.95 -- Error1:69.46
Train_Loss = 1.850296600112915, Train_Err = 66.34
Val_Loss = 1.4699777757644654, Val_Err = 54.52
Epoch: [1 | 200]
Phase:train -- Batch_idx:100/391-- 2939.89 samples/sec-- Loss:1.42 -- Error1:51.78
Phase:train -- Batch_idx:200/391-- 3031.86 samples/sec-- Loss:1.39 -- Error1:50.50
Phase:train -- Batch_idx:300/391-- 3064.13 samples/sec-- Loss:1.34 -- Error1:48.71
Train_Loss = 1.3129941007232666, Train_Err = 47.554
Val_Loss = 1.2441550128936767, Val_Err = 45.68
Epoch: [2 | 200]
Phase:train -- Batch_idx:100/391-- 2920.91 samples/sec-- Loss:1.12 -- Error1:40.49
Phase:train -- Batch_idx:200/391-- 3020.01 samples/sec-- Loss:1.08 -- Error1:38.84
Phase:train -- Batch_idx:300/391-- 3053.83 samples/sec-- Loss:1.05 -- Error1:37.44
Train_Loss = 1.023557099571228, Train_Err = 36.542
Val_Loss = 1.0439902410507202, Val_Err = 36.97
Epoch: [3 | 200]
Phase:train -- Batch_idx:100/391-- 2918.97 samples/sec-- Loss:0.85 -- Error1:29.92
Phase:train -- Batch_idx:200/391-- 3017.54 samples/sec-- Loss:0.84 -- Error1:29.56
Phase:train -- Batch_idx:300/391-- 3051.92 samples/sec-- Loss:0.83 -- Error1:29.00
Train_Loss = 0.8132193323135376, Train_Err = 28.568
Val_Loss = 0.8231619933128357, Val_Err = 27.62
Epoch: [4 | 200]
Phase:train -- Batch_idx:100/391-- 2932.56 samples/sec-- Loss:0.66 -- Error1:23.20
Phase:train -- Batch_idx:200/391-- 3025.07 samples/sec-- Loss:0.66 -- Error1:23.39
Phase:train -- Batch_idx:300/391-- 3057.51 samples/sec-- Loss:0.67 -- Error1:23.28
Train_Loss = 0.6598826925849914, Train_Err = 23.072
Val_Loss = 0.7668313116550446, Val_Err = 26.31
Epoch: [5 | 200]
Phase:train -- Batch_idx:100/391-- 2931.48 samples/sec-- Loss:0.52 -- Error1:17.80
Phase:train -- Batch_idx:200/391-- 3024.59 samples/sec-- Loss:0.54 -- Error1:18.61
Phase:train -- Batch_idx:300/391-- 3056.45 samples/sec-- Loss:0.54 -- Error1:18.74
Train_Loss = 0.5388836161994934, Train_Err = 18.696
Val_Loss = 0.6723179244041443, Val_Err = 23.15
Epoch: [6 | 200]
Phase:train -- Batch_idx:100/391-- 2920.91 samples/sec-- Loss:0.41 -- Error1:14.27
Phase:train -- Batch_idx:200/391-- 3018.85 samples/sec-- Loss:0.44 -- Error1:15.21
Phase:train -- Batch_idx:300/391-- 3053.24 samples/sec-- Loss:0.45 -- Error1:15.68
Train_Loss = 0.45048021291732787, Train_Err = 15.854
Val_Loss = 0.6587056715011597, Val_Err = 22.2
Epoch: [7 | 200]
Phase:train -- Batch_idx:100/391-- 2920.57 samples/sec-- Loss:0.34 -- Error1:11.62
Phase:train -- Batch_idx:200/391-- 3021.53 samples/sec-- Loss:0.37 -- Error1:12.68
Phase:train -- Batch_idx:300/391-- 3056.18 samples/sec-- Loss:0.38 -- Error1:13.27
Train_Loss = 0.3943626130104065, Train_Err = 13.686
Val_Loss = 0.6187229082107544, Val_Err = 21.13
Epoch: [8 | 200]
Phase:train -- Batch_idx:100/391-- 2927.26 samples/sec-- Loss:0.28 -- Error1:9.82
Phase:train -- Batch_idx:200/391-- 3024.22 samples/sec-- Loss:0.32 -- Error1:11.01
Phase:train -- Batch_idx:300/391-- 3058.11 samples/sec-- Loss:0.33 -- Error1:11.46
Train_Loss = 0.3436684298324585, Train_Err = 11.894
Val_Loss = 0.7694455331802368, Val_Err = 25.33
Epoch: [9 | 200]
Phase:train -- Batch_idx:100/391-- 2942.16 samples/sec-- Loss:0.26 -- Error1:9.19
Phase:train -- Batch_idx:200/391-- 3032.46 samples/sec-- Loss:0.29 -- Error1:10.14
Phase:train -- Batch_idx:300/391-- 3063.36 samples/sec-- Loss:0.30 -- Error1:10.73
Train_Loss = 0.314653590927124, Train_Err = 11.16
Val_Loss = 0.6494785639286041, Val_Err = 20.86
Epoch: [10 | 200]
Phase:train -- Batch_idx:100/391-- 2934.02 samples/sec-- Loss:0.21 -- Error1:7.12
Phase:train -- Batch_idx:200/391-- 3026.03 samples/sec-- Loss:0.25 -- Error1:8.68
Phase:train -- Batch_idx:300/391-- 3057.31 samples/sec-- Loss:0.28 -- Error1:9.53
Train_Loss = 0.2892368119430542, Train_Err = 9.97
Val_Loss = 0.6587723895072937, Val_Err = 20.61
Epoch: [11 | 200]
Phase:train -- Batch_idx:100/391-- 2926.02 samples/sec-- Loss:0.22 -- Error1:7.76
Phase:train -- Batch_idx:200/391-- 3023.68 samples/sec-- Loss:0.24 -- Error1:8.18
Phase:train -- Batch_idx:300/391-- 3057.45 samples/sec-- Loss:0.26 -- Error1:8.93
Train_Loss = 0.2667061459159851, Train_Err = 9.32
Val_Loss = 0.6759132930755615, Val_Err = 21.47
Epoch: [12 | 200]
Phase:train -- Batch_idx:100/391-- 2949.54 samples/sec-- Loss:0.19 -- Error1:6.81
Phase:train -- Batch_idx:200/391-- 3035.44 samples/sec-- Loss:0.23 -- Error1:7.93
Phase:train -- Batch_idx:300/391-- 3065.50 samples/sec-- Loss:0.24 -- Error1:8.46
Train_Loss = 0.25037253817558286, Train_Err = 8.79
Val_Loss = 0.6624207457542419, Val_Err = 20.94
Epoch: [13 | 200]
Phase:train -- Batch_idx:100/391-- 2943.87 samples/sec-- Loss:0.18 -- Error1:6.09
Phase:train -- Batch_idx:200/391-- 3033.55 samples/sec-- Loss:0.21 -- Error1:7.27
Phase:train -- Batch_idx:300/391-- 3064.36 samples/sec-- Loss:0.22 -- Error1:7.67
Train_Loss = 0.235442871465683, Train_Err = 8.18
Val_Loss = 0.8026395141601562, Val_Err = 24.31
Epoch: [14 | 200]
Phase:train -- Batch_idx:100/391-- 2967.76 samples/sec-- Loss:0.17 -- Error1:6.08
Phase:train -- Batch_idx:200/391-- 3046.63 samples/sec-- Loss:0.19 -- Error1:6.73
Phase:train -- Batch_idx:300/391-- 3072.86 samples/sec-- Loss:0.21 -- Error1:7.31
Train_Loss = 0.22424721349716187, Train_Err = 7.86
Val_Loss = 0.6966641373634338, Val_Err = 21.74
Epoch: [15 | 200]
Phase:train -- Batch_idx:100/391-- 2943.87 samples/sec-- Loss:0.15 -- Error1:5.15
Phase:train -- Batch_idx:200/391-- 3033.38 samples/sec-- Loss:0.17 -- Error1:5.96
Phase:train -- Batch_idx:300/391-- 3064.87 samples/sec-- Loss:0.20 -- Error1:6.77
Train_Loss = 0.21466815505981446, Train_Err = 7.396
Val_Loss = 0.6969827446937561, Val_Err = 20.89
Epoch: [16 | 200]
Phase:train -- Batch_idx:100/391-- 2948.24 samples/sec-- Loss:0.14 -- Error1:4.99
Phase:train -- Batch_idx:200/391-- 3036.82 samples/sec-- Loss:0.16 -- Error1:5.57
Phase:train -- Batch_idx:300/391-- 3066.66 samples/sec-- Loss:0.19 -- Error1:6.57
Train_Loss = 0.2076092464351654, Train_Err = 7.214
Val_Loss = 0.6514648931503296, Val_Err = 19.67
Epoch: [17 | 200]
Phase:train -- Batch_idx:100/391-- 2924.12 samples/sec-- Loss:0.14 -- Error1:4.77
Phase:train -- Batch_idx:200/391-- 3022.34 samples/sec-- Loss:0.17 -- Error1:5.68
Phase:train -- Batch_idx:300/391-- 3057.16 samples/sec-- Loss:0.19 -- Error1:6.40
Train_Loss = 0.2020210115480423, Train_Err = 6.918
Val_Loss = 0.7590852699279785, Val_Err = 22.13
Epoch: [18 | 200]
Phase:train -- Batch_idx:100/391-- 2951.61 samples/sec-- Loss:0.15 -- Error1:5.08
Phase:train -- Batch_idx:200/391-- 3038.16 samples/sec-- Loss:0.17 -- Error1:5.70
Phase:train -- Batch_idx:300/391-- 3067.71 samples/sec-- Loss:0.19 -- Error1:6.55
Train_Loss = 0.20065309639930726, Train_Err = 6.9
Val_Loss = 0.8134113639831543, Val_Err = 22.47
Epoch: [19 | 200]
Phase:train -- Batch_idx:100/391-- 2940.34 samples/sec-- Loss:0.15 -- Error1:4.95
Phase:train -- Batch_idx:200/391-- 3031.97 samples/sec-- Loss:0.17 -- Error1:6.02
Phase:train -- Batch_idx:300/391-- 3063.37 samples/sec-- Loss:0.18 -- Error1:6.43
Train_Loss = 0.19489709315299988, Train_Err = 6.77
Val_Loss = 0.7567809488296509, Val_Err = 22.32
Epoch: [20 | 200]
Phase:train -- Batch_idx:100/391-- 2947.22 samples/sec-- Loss:0.14 -- Error1:4.80
Phase:train -- Batch_idx:200/391-- 3034.47 samples/sec-- Loss:0.16 -- Error1:5.41
Phase:train -- Batch_idx:300/391-- 3065.98 samples/sec-- Loss:0.19 -- Error1:6.33
Train_Loss = 0.19689857891082763, Train_Err = 6.7
Val_Loss = 0.7529150637626648, Val_Err = 21.57
Epoch: [21 | 200]
Phase:train -- Batch_idx:100/391-- 2954.27 samples/sec-- Loss:0.14 -- Error1:4.46
Phase:train -- Batch_idx:200/391-- 3038.39 samples/sec-- Loss:0.15 -- Error1:5.19
Phase:train -- Batch_idx:300/391-- 3068.10 samples/sec-- Loss:0.17 -- Error1:5.90
Train_Loss = 0.19050105815887453, Train_Err = 6.564
Val_Loss = 0.7146987124443054, Val_Err = 21.28
Epoch: [22 | 200]
Phase:train -- Batch_idx:100/391-- 2946.36 samples/sec-- Loss:0.15 -- Error1:5.34
Phase:train -- Batch_idx:200/391-- 3034.94 samples/sec-- Loss:0.16 -- Error1:5.48
Phase:train -- Batch_idx:300/391-- 3065.10 samples/sec-- Loss:0.18 -- Error1:6.20
Train_Loss = 0.19277903183937073, Train_Err = 6.668
Val_Loss = 0.8125496961593628, Val_Err = 22.7
Epoch: [23 | 200]
Phase:train -- Batch_idx:100/391-- 2957.71 samples/sec-- Loss:0.14 -- Error1:4.43
Phase:train -- Batch_idx:200/391-- 3039.44 samples/sec-- Loss:0.14 -- Error1:4.67
Phase:train -- Batch_idx:300/391-- 3068.56 samples/sec-- Loss:0.16 -- Error1:5.35
Train_Loss = 0.17643062098503112, Train_Err = 5.892
Val_Loss = 0.7556257698059082, Val_Err = 22.04
Epoch: [24 | 200]
Phase:train -- Batch_idx:100/391-- 2953.08 samples/sec-- Loss:0.13 -- Error1:4.34
Phase:train -- Batch_idx:200/391-- 3037.87 samples/sec-- Loss:0.15 -- Error1:4.98
Phase:train -- Batch_idx:300/391-- 3067.05 samples/sec-- Loss:0.17 -- Error1:5.96
Train_Loss = 0.18582845952510835, Train_Err = 6.416
Val_Loss = 0.839215465927124, Val_Err = 22.98
Epoch: [25 | 200]
Phase:train -- Batch_idx:100/391-- 2950.74 samples/sec-- Loss:0.12 -- Error1:4.17
Phase:train -- Batch_idx:200/391-- 3036.59 samples/sec-- Loss:0.14 -- Error1:4.92
Phase:train -- Batch_idx:300/391-- 3066.08 samples/sec-- Loss:0.17 -- Error1:5.92
Train_Loss = 0.18221922674179078, Train_Err = 6.258
Val_Loss = 0.6820948442459106, Val_Err = 20.61
Epoch: [26 | 200]
Phase:train -- Batch_idx:100/391-- 2935.65 samples/sec-- Loss:0.15 -- Error1:5.12
Phase:train -- Batch_idx:200/391-- 3029.28 samples/sec-- Loss:0.16 -- Error1:5.43
Phase:train -- Batch_idx:300/391-- 3061.78 samples/sec-- Loss:0.17 -- Error1:5.89
Train_Loss = 0.18115646428108215, Train_Err = 6.342
Val_Loss = 0.7294426665306092, Val_Err = 21.17
Epoch: [27 | 200]
Phase:train -- Batch_idx:100/391-- 2952.31 samples/sec-- Loss:0.15 -- Error1:4.90
Phase:train -- Batch_idx:200/391-- 3036.59 samples/sec-- Loss:0.15 -- Error1:5.18
Phase:train -- Batch_idx:300/391-- 3066.97 samples/sec-- Loss:0.17 -- Error1:5.83
Train_Loss = 0.18516982663154602, Train_Err = 6.406
Val_Loss = 0.6609752511024475, Val_Err = 19.63
Epoch: [28 | 200]
Phase:train -- Batch_idx:100/391-- 2924.21 samples/sec-- Loss:0.14 -- Error1:4.86
Phase:train -- Batch_idx:200/391-- 3022.48 samples/sec-- Loss:0.14 -- Error1:4.85
Phase:train -- Batch_idx:300/391-- 3057.64 samples/sec-- Loss:0.16 -- Error1:5.65
Train_Loss = 0.1774962219429016, Train_Err = 6.124
Val_Loss = 0.747693259716034, Val_Err = 21.34
Epoch: [29 | 200]
Phase:train -- Batch_idx:100/391-- 2948.77 samples/sec-- Loss:0.13 -- Error1:4.27
Phase:train -- Batch_idx:200/391-- 3036.21 samples/sec-- Loss:0.14 -- Error1:4.71
Phase:train -- Batch_idx:300/391-- 3066.03 samples/sec-- Loss:0.16 -- Error1:5.34
Train_Loss = 0.17536283865451813, Train_Err = 5.96
Val_Loss = 0.758189397239685, Val_Err = 22.52
Epoch: [30 | 200]
Phase:train -- Batch_idx:100/391-- 2958.08 samples/sec-- Loss:0.13 -- Error1:4.54
Phase:train -- Batch_idx:200/391-- 3041.84 samples/sec-- Loss:0.15 -- Error1:5.04
Phase:train -- Batch_idx:300/391-- 3070.23 samples/sec-- Loss:0.16 -- Error1:5.64
Train_Loss = 0.172451987657547, Train_Err = 5.994
Val_Loss = 0.7704910636901855, Val_Err = 21.73
Epoch: [31 | 200]
Phase:train -- Batch_idx:100/391-- 2950.16 samples/sec-- Loss:0.14 -- Error1:4.91
Phase:train -- Batch_idx:200/391-- 3036.84 samples/sec-- Loss:0.15 -- Error1:5.29
Phase:train -- Batch_idx:300/391-- 3066.10 samples/sec-- Loss:0.16 -- Error1:5.50
Train_Loss = 0.17247149995803834, Train_Err = 5.964
Val_Loss = 0.6696267147064209, Val_Err = 20.22
Epoch: [32 | 200]
Phase:train -- Batch_idx:100/391-- 2944.99 samples/sec-- Loss:0.12 -- Error1:3.95
Phase:train -- Batch_idx:200/391-- 3033.17 samples/sec-- Loss:0.13 -- Error1:4.49
Phase:train -- Batch_idx:300/391-- 3064.68 samples/sec-- Loss:0.15 -- Error1:5.17
Train_Loss = 0.16670603219032287, Train_Err = 5.616
Val_Loss = 0.6816327726364135, Val_Err = 19.75
Epoch: [33 | 200]
Phase:train -- Batch_idx:100/391-- 2950.49 samples/sec-- Loss:0.12 -- Error1:4.02
Phase:train -- Batch_idx:200/391-- 3037.43 samples/sec-- Loss:0.14 -- Error1:4.59
Phase:train -- Batch_idx:300/391-- 3066.38 samples/sec-- Loss:0.16 -- Error1:5.38
Train_Loss = 0.17122235972881317, Train_Err = 5.864
Val_Loss = 1.0168335879325867, Val_Err = 26.16
Epoch: [34 | 200]
Phase:train -- Batch_idx:100/391-- 2955.16 samples/sec-- Loss:0.14 -- Error1:4.47
Phase:train -- Batch_idx:200/391-- 3039.41 samples/sec-- Loss:0.14 -- Error1:4.69
Phase:train -- Batch_idx:300/391-- 3068.40 samples/sec-- Loss:0.16 -- Error1:5.49
Train_Loss = 0.17275633576393126, Train_Err = 5.84
Val_Loss = 0.6572563848495483, Val_Err = 19.35
Epoch: [35 | 200]
Phase:train -- Batch_idx:100/391-- 2922.09 samples/sec-- Loss:0.14 -- Error1:4.52
Phase:train -- Batch_idx:200/391-- 3021.04 samples/sec-- Loss:0.15 -- Error1:5.19
Phase:train -- Batch_idx:300/391-- 3056.73 samples/sec-- Loss:0.17 -- Error1:5.68
Train_Loss = 0.17941950153827668, Train_Err = 6.148
Val_Loss = 0.6218784594535828, Val_Err = 18.94
Epoch: [36 | 200]
Phase:train -- Batch_idx:100/391-- 2923.28 samples/sec-- Loss:0.11 -- Error1:3.87
Phase:train -- Batch_idx:200/391-- 3021.81 samples/sec-- Loss:0.14 -- Error1:4.82
Phase:train -- Batch_idx:300/391-- 3056.49 samples/sec-- Loss:0.16 -- Error1:5.49
Train_Loss = 0.1708820837020874, Train_Err = 5.908
Val_Loss = 0.6816017712593079, Val_Err = 20.91
Epoch: [37 | 200]
Phase:train -- Batch_idx:100/391-- 2952.67 samples/sec-- Loss:0.12 -- Error1:3.81
Phase:train -- Batch_idx:200/391-- 3038.03 samples/sec-- Loss:0.13 -- Error1:4.43
Phase:train -- Batch_idx:300/391-- 3067.93 samples/sec-- Loss:0.15 -- Error1:4.90
Train_Loss = 0.16323633093357087, Train_Err = 5.482
Val_Loss = 0.6607859251976013, Val_Err = 19.41
Epoch: [38 | 200]
Phase:train -- Batch_idx:100/391-- 2950.31 samples/sec-- Loss:0.13 -- Error1:4.27
Phase:train -- Batch_idx:200/391-- 3037.22 samples/sec-- Loss:0.14 -- Error1:4.77
Phase:train -- Batch_idx:300/391-- 3066.75 samples/sec-- Loss:0.16 -- Error1:5.56
Train_Loss = 0.17702894585609436, Train_Err = 6.008
Val_Loss = 0.7008971352577209, Val_Err = 21.1
Epoch: [39 | 200]
Phase:train -- Batch_idx:100/391-- 2949.10 samples/sec-- Loss:0.12 -- Error1:4.02
Phase:train -- Batch_idx:200/391-- 3035.31 samples/sec-- Loss:0.14 -- Error1:4.77
Phase:train -- Batch_idx:300/391-- 3065.90 samples/sec-- Loss:0.15 -- Error1:5.12
Train_Loss = 0.16595573888778686, Train_Err = 5.684
Val_Loss = 0.6324282117843628, Val_Err = 19.14
Epoch: [40 | 200]
Phase:train -- Batch_idx:100/391-- 2951.09 samples/sec-- Loss:0.13 -- Error1:4.27
Phase:train -- Batch_idx:200/391-- 3034.53 samples/sec-- Loss:0.14 -- Error1:4.52
Phase:train -- Batch_idx:300/391-- 3063.78 samples/sec-- Loss:0.15 -- Error1:5.15
Train_Loss = 0.16813517023086547, Train_Err = 5.762
Val_Loss = 0.6687317907333374, Val_Err = 20.32
Epoch: [41 | 200]
Phase:train -- Batch_idx:100/391-- 2954.56 samples/sec-- Loss:0.12 -- Error1:4.06
Phase:train -- Batch_idx:200/391-- 3039.07 samples/sec-- Loss:0.13 -- Error1:4.49
Phase:train -- Batch_idx:300/391-- 3068.50 samples/sec-- Loss:0.15 -- Error1:5.13
Train_Loss = 0.16578676564216613, Train_Err = 5.698
Val_Loss = 0.6239362947463989, Val_Err = 18.41
Epoch: [42 | 200]
Phase:train -- Batch_idx:100/391-- 2926.18 samples/sec-- Loss:0.11 -- Error1:3.62
Phase:train -- Batch_idx:200/391-- 3022.66 samples/sec-- Loss:0.13 -- Error1:4.30
Phase:train -- Batch_idx:300/391-- 3056.91 samples/sec-- Loss:0.15 -- Error1:5.26
Train_Loss = 0.16844188809394836, Train_Err = 5.68
Val_Loss = 0.7857156019210816, Val_Err = 22.87
Epoch: [43 | 200]
Phase:train -- Batch_idx:100/391-- 2945.07 samples/sec-- Loss:0.10 -- Error1:3.50
Phase:train -- Batch_idx:200/391-- 3033.03 samples/sec-- Loss:0.13 -- Error1:4.54
Phase:train -- Batch_idx:300/391-- 3063.95 samples/sec-- Loss:0.15 -- Error1:5.21
Train_Loss = 0.160346999168396, Train_Err = 5.558
Val_Loss = 0.735426855134964, Val_Err = 20.81
Epoch: [44 | 200]
Phase:train -- Batch_idx:100/391-- 2942.26 samples/sec-- Loss:0.15 -- Error1:4.84
Phase:train -- Batch_idx:200/391-- 3030.44 samples/sec-- Loss:0.14 -- Error1:4.88
Phase:train -- Batch_idx:300/391-- 3060.89 samples/sec-- Loss:0.16 -- Error1:5.48
Train_Loss = 0.17475218562602995, Train_Err = 5.932
Val_Loss = 0.621901901435852, Val_Err = 18.71
Epoch: [45 | 200]
Phase:train -- Batch_idx:100/391-- 2961.54 samples/sec-- Loss:0.10 -- Error1:3.55
Phase:train -- Batch_idx:200/391-- 3042.81 samples/sec-- Loss:0.12 -- Error1:4.09
Phase:train -- Batch_idx:300/391-- 3071.40 samples/sec-- Loss:0.15 -- Error1:4.99
Train_Loss = 0.16147747173309326, Train_Err = 5.538
Val_Loss = 0.7052965550422668, Val_Err = 21.02
Epoch: [46 | 200]
Phase:train -- Batch_idx:100/391-- 2946.34 samples/sec-- Loss:0.12 -- Error1:3.96
Phase:train -- Batch_idx:200/391-- 3035.83 samples/sec-- Loss:0.14 -- Error1:4.62
Phase:train -- Batch_idx:300/391-- 3066.22 samples/sec-- Loss:0.16 -- Error1:5.35
Train_Loss = 0.1655633002758026, Train_Err = 5.596
Val_Loss = 0.638253156375885, Val_Err = 19.18
Epoch: [47 | 200]
Phase:train -- Batch_idx:100/391-- 2949.70 samples/sec-- Loss:0.13 -- Error1:4.02
Phase:train -- Batch_idx:200/391-- 3035.46 samples/sec-- Loss:0.15 -- Error1:4.92
Phase:train -- Batch_idx:300/391-- 3065.56 samples/sec-- Loss:0.16 -- Error1:5.42
Train_Loss = 0.17049483462333678, Train_Err = 5.766
Val_Loss = 0.7276402486801148, Val_Err = 21.32
Epoch: [48 | 200]
Phase:train -- Batch_idx:100/391-- 2947.41 samples/sec-- Loss:0.12 -- Error1:3.95
Phase:train -- Batch_idx:200/391-- 3036.95 samples/sec-- Loss:0.14 -- Error1:4.72
Phase:train -- Batch_idx:300/391-- 3067.71 samples/sec-- Loss:0.15 -- Error1:5.21
Train_Loss = 0.165608076877594, Train_Err = 5.666
Val_Loss = 0.694324497795105, Val_Err = 19.58
Epoch: [49 | 200]
Phase:train -- Batch_idx:100/391-- 2956.37 samples/sec-- Loss:0.11 -- Error1:3.94
Phase:train -- Batch_idx:200/391-- 3042.52 samples/sec-- Loss:0.13 -- Error1:4.25
Phase:train -- Batch_idx:300/391-- 3071.52 samples/sec-- Loss:0.14 -- Error1:4.90
Train_Loss = 0.15443855757713318, Train_Err = 5.286
Val_Loss = 0.7950054857254029, Val_Err = 23.3
Epoch: [50 | 200]
Phase:train -- Batch_idx:100/391-- 2949.82 samples/sec-- Loss:0.13 -- Error1:4.30
Phase:train -- Batch_idx:200/391-- 3038.89 samples/sec-- Loss:0.14 -- Error1:4.84
Phase:train -- Batch_idx:300/391-- 3068.88 samples/sec-- Loss:0.16 -- Error1:5.40
Train_Loss = 0.16838873015403746, Train_Err = 5.724
Val_Loss = 0.6252054329872131, Val_Err = 18.64
Epoch: [51 | 200]
Phase:train -- Batch_idx:100/391-- 2963.85 samples/sec-- Loss:0.12 -- Error1:3.63
Phase:train -- Batch_idx:200/391-- 3045.00 samples/sec-- Loss:0.13 -- Error1:4.26
Phase:train -- Batch_idx:300/391-- 3073.35 samples/sec-- Loss:0.15 -- Error1:5.11
Train_Loss = 0.16130325224876405, Train_Err = 5.434
Val_Loss = 0.7512071778297424, Val_Err = 21.62
Epoch: [52 | 200]
Phase:train -- Batch_idx:100/391-- 2953.41 samples/sec-- Loss:0.12 -- Error1:3.96
Phase:train -- Batch_idx:200/391-- 3040.03 samples/sec-- Loss:0.12 -- Error1:4.02
Phase:train -- Batch_idx:300/391-- 3069.64 samples/sec-- Loss:0.15 -- Error1:4.89
Train_Loss = 0.1611173602247238, Train_Err = 5.432
Val_Loss = 0.802649192237854, Val_Err = 23.02
Epoch: [53 | 200]
Phase:train -- Batch_idx:100/391-- 2938.94 samples/sec-- Loss:0.12 -- Error1:3.95
Phase:train -- Batch_idx:200/391-- 3031.97 samples/sec-- Loss:0.14 -- Error1:4.54
Phase:train -- Batch_idx:300/391-- 3064.06 samples/sec-- Loss:0.15 -- Error1:5.23
Train_Loss = 0.16187105301856994, Train_Err = 5.466
Val_Loss = 0.677852124261856, Val_Err = 20.28
Epoch: [54 | 200]
Phase:train -- Batch_idx:100/391-- 2951.15 samples/sec-- Loss:0.12 -- Error1:3.94
Phase:train -- Batch_idx:200/391-- 3035.89 samples/sec-- Loss:0.13 -- Error1:4.45
Phase:train -- Batch_idx:300/391-- 3066.22 samples/sec-- Loss:0.15 -- Error1:5.01
Train_Loss = 0.15887256499290467, Train_Err = 5.392
Val_Loss = 0.7462942923545838, Val_Err = 21.59
Epoch: [55 | 200]
Phase:train -- Batch_idx:100/391-- 2952.48 samples/sec-- Loss:0.12 -- Error1:4.20
Phase:train -- Batch_idx:200/391-- 3038.57 samples/sec-- Loss:0.13 -- Error1:4.37
Phase:train -- Batch_idx:300/391-- 3068.35 samples/sec-- Loss:0.15 -- Error1:5.17
Train_Loss = 0.16736349746227264, Train_Err = 5.692
Val_Loss = 0.6781016569137573, Val_Err = 20.28
Epoch: [56 | 200]
Phase:train -- Batch_idx:100/391-- 2960.71 samples/sec-- Loss:0.11 -- Error1:3.48
Phase:train -- Batch_idx:200/391-- 3043.09 samples/sec-- Loss:0.12 -- Error1:3.86
Phase:train -- Batch_idx:300/391-- 3071.47 samples/sec-- Loss:0.14 -- Error1:4.58
Train_Loss = 0.15689406448841095, Train_Err = 5.268
Val_Loss = 0.759743815088272, Val_Err = 21.87
Epoch: [57 | 200]
Phase:train -- Batch_idx:100/391-- 2962.20 samples/sec-- Loss:0.12 -- Error1:4.16
Phase:train -- Batch_idx:200/391-- 3043.91 samples/sec-- Loss:0.14 -- Error1:4.70
Phase:train -- Batch_idx:300/391-- 3071.75 samples/sec-- Loss:0.15 -- Error1:5.19
Train_Loss = 0.16196257876873016, Train_Err = 5.586
Val_Loss = 0.6335201231956482, Val_Err = 18.97
Epoch: [58 | 200]
Phase:train -- Batch_idx:100/391-- 2950.73 samples/sec-- Loss:0.12 -- Error1:3.97
Phase:train -- Batch_idx:200/391-- 3037.95 samples/sec-- Loss:0.13 -- Error1:4.21
Phase:train -- Batch_idx:300/391-- 3066.93 samples/sec-- Loss:0.15 -- Error1:4.97
Train_Loss = 0.15832420988082885, Train_Err = 5.33
Val_Loss = 0.8185083820343018, Val_Err = 22.65
Epoch: [59 | 200]
Phase:train -- Batch_idx:100/391-- 2953.86 samples/sec-- Loss:0.12 -- Error1:4.16
Phase:train -- Batch_idx:200/391-- 3039.25 samples/sec-- Loss:0.14 -- Error1:4.78
Phase:train -- Batch_idx:300/391-- 3068.27 samples/sec-- Loss:0.15 -- Error1:5.27
Train_Loss = 0.1638026900291443, Train_Err = 5.616
Val_Loss = 0.7414416128396988, Val_Err = 20.75
Epoch: [60 | 200]
Phase:train -- Batch_idx:100/391-- 2945.88 samples/sec-- Loss:0.12 -- Error1:3.91
Phase:train -- Batch_idx:200/391-- 3034.49 samples/sec-- Loss:0.13 -- Error1:4.21
Phase:train -- Batch_idx:300/391-- 3064.84 samples/sec-- Loss:0.14 -- Error1:4.87
Train_Loss = 0.15997264657258986, Train_Err = 5.408
Val_Loss = 0.736581337928772, Val_Err = 20.59
Epoch: [61 | 200]
Phase:train -- Batch_idx:100/391-- 2969.72 samples/sec-- Loss:0.12 -- Error1:4.03
Phase:train -- Batch_idx:200/391-- 3046.33 samples/sec-- Loss:0.14 -- Error1:4.72
Phase:train -- Batch_idx:300/391-- 3074.00 samples/sec-- Loss:0.15 -- Error1:5.17
Train_Loss = 0.16316089195251465, Train_Err = 5.582
Val_Loss = 0.7642145128250122, Val_Err = 22.05
Epoch: [62 | 200]
Phase:train -- Batch_idx:100/391-- 2952.33 samples/sec-- Loss:0.11 -- Error1:3.59
Phase:train -- Batch_idx:200/391-- 3038.46 samples/sec-- Loss:0.12 -- Error1:4.14
Phase:train -- Batch_idx:300/391-- 3067.33 samples/sec-- Loss:0.14 -- Error1:4.89
Train_Loss = 0.15854347123146056, Train_Err = 5.364
Val_Loss = 0.7169395309448242, Val_Err = 20.72
Epoch: [63 | 200]
Phase:train -- Batch_idx:100/391-- 2949.08 samples/sec-- Loss:0.13 -- Error1:4.11
Phase:train -- Batch_idx:200/391-- 3036.00 samples/sec-- Loss:0.13 -- Error1:4.21
Phase:train -- Batch_idx:300/391-- 3065.93 samples/sec-- Loss:0.14 -- Error1:4.84
Train_Loss = 0.16093041311740874, Train_Err = 5.368
Val_Loss = 0.692093791103363, Val_Err = 19.82
Epoch: [64 | 200]
Phase:train -- Batch_idx:100/391-- 2944.67 samples/sec-- Loss:0.10 -- Error1:3.27
Phase:train -- Batch_idx:200/391-- 3031.82 samples/sec-- Loss:0.13 -- Error1:4.33
Phase:train -- Batch_idx:300/391-- 3062.53 samples/sec-- Loss:0.15 -- Error1:5.04
Train_Loss = 0.1612083592414856, Train_Err = 5.566
Val_Loss = 0.668717719078064, Val_Err = 19.77
Epoch: [65 | 200]
Phase:train -- Batch_idx:100/391-- 2963.13 samples/sec-- Loss:0.11 -- Error1:3.53
Phase:train -- Batch_idx:200/391-- 3043.77 samples/sec-- Loss:0.13 -- Error1:4.28
Phase:train -- Batch_idx:300/391-- 3072.17 samples/sec-- Loss:0.14 -- Error1:4.69
Train_Loss = 0.1516451789903641, Train_Err = 5.14
Val_Loss = 0.6563799451828003, Val_Err = 19.25
Epoch: [66 | 200]
Phase:train -- Batch_idx:100/391-- 2968.18 samples/sec-- Loss:0.13 -- Error1:4.46
Phase:train -- Batch_idx:200/391-- 3046.90 samples/sec-- Loss:0.14 -- Error1:4.67
Phase:train -- Batch_idx:300/391-- 3073.23 samples/sec-- Loss:0.15 -- Error1:5.26
Train_Loss = 0.1654826141834259, Train_Err = 5.686
Val_Loss = 0.6424382223129272, Val_Err = 19.2
Epoch: [67 | 200]
Phase:train -- Batch_idx:100/391-- 2952.71 samples/sec-- Loss:0.12 -- Error1:4.18
Phase:train -- Batch_idx:200/391-- 3037.91 samples/sec-- Loss:0.13 -- Error1:4.47
Phase:train -- Batch_idx:300/391-- 3067.58 samples/sec-- Loss:0.15 -- Error1:5.16
Train_Loss = 0.16174782587051392, Train_Err = 5.504
Val_Loss = 0.6284395287513733, Val_Err = 19.3
Epoch: [68 | 200]
Phase:train -- Batch_idx:100/391-- 2945.91 samples/sec-- Loss:0.11 -- Error1:3.64
Phase:train -- Batch_idx:200/391-- 3034.51 samples/sec-- Loss:0.12 -- Error1:4.12
Phase:train -- Batch_idx:300/391-- 3065.31 samples/sec-- Loss:0.14 -- Error1:4.90
Train_Loss = 0.1582669193840027, Train_Err = 5.372
Val_Loss = 0.8142736702919007, Val_Err = 22.8
Epoch: [69 | 200]
Phase:train -- Batch_idx:100/391-- 2960.76 samples/sec-- Loss:0.12 -- Error1:3.82
Phase:train -- Batch_idx:200/391-- 3043.42 samples/sec-- Loss:0.13 -- Error1:4.31
Phase:train -- Batch_idx:300/391-- 3071.19 samples/sec-- Loss:0.14 -- Error1:4.86
Train_Loss = 0.15395249141693115, Train_Err = 5.246
Val_Loss = 0.7324380267143249, Val_Err = 21.41
Epoch: [70 | 200]
Phase:train -- Batch_idx:100/391-- 2953.20 samples/sec-- Loss:0.13 -- Error1:4.16
Phase:train -- Batch_idx:200/391-- 3039.09 samples/sec-- Loss:0.14 -- Error1:4.63
Phase:train -- Batch_idx:300/391-- 3068.98 samples/sec-- Loss:0.15 -- Error1:5.05
Train_Loss = 0.16157878873825074, Train_Err = 5.434
Val_Loss = 0.6445758227348327, Val_Err = 19.33
Epoch: [71 | 200]
Phase:train -- Batch_idx:100/391-- 2952.20 samples/sec-- Loss:0.13 -- Error1:4.51
Phase:train -- Batch_idx:200/391-- 3038.78 samples/sec-- Loss:0.14 -- Error1:4.78
Phase:train -- Batch_idx:300/391-- 3068.80 samples/sec-- Loss:0.15 -- Error1:5.07
Train_Loss = 0.16420304297447205, Train_Err = 5.556
Val_Loss = 0.7318040445327759, Val_Err = 21.2
Epoch: [72 | 200]
Phase:train -- Batch_idx:100/391-- 2942.56 samples/sec-- Loss:0.12 -- Error1:3.82
Phase:train -- Batch_idx:200/391-- 3033.82 samples/sec-- Loss:0.12 -- Error1:3.95
Phase:train -- Batch_idx:300/391-- 3064.48 samples/sec-- Loss:0.14 -- Error1:4.59
Train_Loss = 0.1521676506948471, Train_Err = 5.146
Val_Loss = 0.9021777942657471, Val_Err = 24.74
Epoch: [73 | 200]
Phase:train -- Batch_idx:100/391-- 2954.47 samples/sec-- Loss:0.12 -- Error1:4.05
Phase:train -- Batch_idx:200/391-- 3039.38 samples/sec-- Loss:0.13 -- Error1:4.36
Phase:train -- Batch_idx:300/391-- 3067.50 samples/sec-- Loss:0.15 -- Error1:5.04
Train_Loss = 0.16119690080165863, Train_Err = 5.542
Val_Loss = 0.6639066521644592, Val_Err = 19.29
Epoch: [74 | 200]
Phase:train -- Batch_idx:100/391-- 2930.85 samples/sec-- Loss:0.11 -- Error1:3.86
Phase:train -- Batch_idx:200/391-- 3026.61 samples/sec-- Loss:0.13 -- Error1:4.67
Phase:train -- Batch_idx:300/391-- 3058.87 samples/sec-- Loss:0.14 -- Error1:5.05
Train_Loss = 0.1559416523838043, Train_Err = 5.44
Val_Loss = 0.6624325566291809, Val_Err = 19.74
Epoch: [75 | 200]
Phase:train -- Batch_idx:100/391-- 2918.77 samples/sec-- Loss:0.12 -- Error1:3.85
Phase:train -- Batch_idx:200/391-- 3018.57 samples/sec-- Loss:0.13 -- Error1:4.44
Phase:train -- Batch_idx:300/391-- 3053.73 samples/sec-- Loss:0.15 -- Error1:4.97
Train_Loss = 0.15696071115493773, Train_Err = 5.338
Val_Loss = 0.7428108304977417, Val_Err = 21.75
Epoch: [76 | 200]
Phase:train -- Batch_idx:100/391-- 2921.09 samples/sec-- Loss:0.12 -- Error1:3.89
Phase:train -- Batch_idx:200/391-- 3019.58 samples/sec-- Loss:0.13 -- Error1:4.38
Phase:train -- Batch_idx:300/391-- 3054.35 samples/sec-- Loss:0.15 -- Error1:4.94
Train_Loss = 0.15453623467922212, Train_Err = 5.174
Val_Loss = 0.6180109075546265, Val_Err = 18.29
Epoch: [77 | 200]
Phase:train -- Batch_idx:100/391-- 2921.74 samples/sec-- Loss:0.12 -- Error1:4.05
Phase:train -- Batch_idx:200/391-- 3019.56 samples/sec-- Loss:0.13 -- Error1:4.39
Phase:train -- Batch_idx:300/391-- 3053.82 samples/sec-- Loss:0.15 -- Error1:5.04
Train_Loss = 0.16091417065620423, Train_Err = 5.54
Val_Loss = 0.7005999070167541, Val_Err = 20.34
Epoch: [78 | 200]
Phase:train -- Batch_idx:100/391-- 2916.87 samples/sec-- Loss:0.11 -- Error1:3.62
Phase:train -- Batch_idx:200/391-- 3017.30 samples/sec-- Loss:0.12 -- Error1:4.14
Phase:train -- Batch_idx:300/391-- 3052.66 samples/sec-- Loss:0.14 -- Error1:4.73
Train_Loss = 0.1580371852493286, Train_Err = 5.304
Val_Loss = 0.8425628198623657, Val_Err = 23.96
Epoch: [79 | 200]
Phase:train -- Batch_idx:100/391-- 2924.76 samples/sec-- Loss:0.11 -- Error1:3.54
Phase:train -- Batch_idx:200/391-- 3019.09 samples/sec-- Loss:0.12 -- Error1:3.77
Phase:train -- Batch_idx:300/391-- 3051.59 samples/sec-- Loss:0.14 -- Error1:4.58
Train_Loss = 0.15436570132255553, Train_Err = 5.156
Val_Loss = 0.724675759601593, Val_Err = 20.82
Epoch: [80 | 200]
Phase:train -- Batch_idx:100/391-- 2919.47 samples/sec-- Loss:0.11 -- Error1:3.65
Phase:train -- Batch_idx:200/391-- 3018.61 samples/sec-- Loss:0.12 -- Error1:4.05
Phase:train -- Batch_idx:300/391-- 3053.79 samples/sec-- Loss:0.15 -- Error1:4.84
Train_Loss = 0.15560553438663483, Train_Err = 5.242
Val_Loss = 0.7533912541389466, Val_Err = 21.18
Epoch: [81 | 200]
Phase:train -- Batch_idx:100/391-- 2932.85 samples/sec-- Loss:0.12 -- Error1:3.88
Phase:train -- Batch_idx:200/391-- 3026.70 samples/sec-- Loss:0.13 -- Error1:4.41
Phase:train -- Batch_idx:300/391-- 3058.65 samples/sec-- Loss:0.14 -- Error1:4.88
Train_Loss = 0.1533403218460083, Train_Err = 5.244
Val_Loss = 0.7554410537719727, Val_Err = 21.45
Epoch: [82 | 200]
Phase:train -- Batch_idx:100/391-- 2942.25 samples/sec-- Loss:0.14 -- Error1:4.77
Phase:train -- Batch_idx:200/391-- 3031.16 samples/sec-- Loss:0.14 -- Error1:4.77
Phase:train -- Batch_idx:300/391-- 3061.82 samples/sec-- Loss:0.16 -- Error1:5.28
Train_Loss = 0.16412476648807525, Train_Err = 5.548
Val_Loss = 0.8183277513504028, Val_Err = 23.67
Epoch: [83 | 200]
Phase:train -- Batch_idx:100/391-- 2939.58 samples/sec-- Loss:0.12 -- Error1:4.23
Phase:train -- Batch_idx:200/391-- 3026.62 samples/sec-- Loss:0.13 -- Error1:4.74
Phase:train -- Batch_idx:300/391-- 3057.37 samples/sec-- Loss:0.15 -- Error1:5.13
Train_Loss = 0.15682105238437652, Train_Err = 5.408
Val_Loss = 0.9815154001235962, Val_Err = 25.67
Epoch: [84 | 200]
Phase:train -- Batch_idx:100/391-- 2922.68 samples/sec-- Loss:0.10 -- Error1:3.44
Phase:train -- Batch_idx:200/391-- 3017.58 samples/sec-- Loss:0.11 -- Error1:3.82
Phase:train -- Batch_idx:300/391-- 3050.78 samples/sec-- Loss:0.13 -- Error1:4.47
Train_Loss = 0.14718196753501891, Train_Err = 5.034
Val_Loss = 0.6346809228897095, Val_Err = 18.84
Epoch: [85 | 200]
Phase:train -- Batch_idx:100/391-- 2947.86 samples/sec-- Loss:0.12 -- Error1:4.06
Phase:train -- Batch_idx:200/391-- 3034.31 samples/sec-- Loss:0.14 -- Error1:4.75
Phase:train -- Batch_idx:300/391-- 3064.04 samples/sec-- Loss:0.15 -- Error1:5.20
Train_Loss = 0.15671198665618896, Train_Err = 5.334
Val_Loss = 0.6859088407516479, Val_Err = 19.13
Epoch: [86 | 200]
Phase:train -- Batch_idx:100/391-- 2932.53 samples/sec-- Loss:0.11 -- Error1:3.89
Phase:train -- Batch_idx:200/391-- 3025.86 samples/sec-- Loss:0.13 -- Error1:4.42
Phase:train -- Batch_idx:300/391-- 3058.36 samples/sec-- Loss:0.15 -- Error1:4.99
Train_Loss = 0.15706527087211608, Train_Err = 5.42
Val_Loss = 0.7087664064407349, Val_Err = 20.6
Epoch: [87 | 200]
Phase:train -- Batch_idx:100/391-- 2936.67 samples/sec-- Loss:0.13 -- Error1:4.17
Phase:train -- Batch_idx:200/391-- 3028.18 samples/sec-- Loss:0.14 -- Error1:4.54
Phase:train -- Batch_idx:300/391-- 3059.92 samples/sec-- Loss:0.15 -- Error1:4.96
Train_Loss = 0.16014412261486052, Train_Err = 5.422
Val_Loss = 0.756395656299591, Val_Err = 21.64
Epoch: [88 | 200]
Phase:train -- Batch_idx:100/391-- 2926.10 samples/sec-- Loss:0.12 -- Error1:4.00
Phase:train -- Batch_idx:200/391-- 3020.99 samples/sec-- Loss:0.13 -- Error1:4.46
Phase:train -- Batch_idx:300/391-- 3054.56 samples/sec-- Loss:0.14 -- Error1:4.85
Train_Loss = 0.15648514026165009, Train_Err = 5.308
Val_Loss = 0.7484402111053466, Val_Err = 21.09
Epoch: [89 | 200]
Phase:train -- Batch_idx:100/391-- 2925.72 samples/sec-- Loss:0.11 -- Error1:3.52
Phase:train -- Batch_idx:200/391-- 3021.85 samples/sec-- Loss:0.12 -- Error1:3.80
Phase:train -- Batch_idx:300/391-- 3054.87 samples/sec-- Loss:0.14 -- Error1:4.73
Train_Loss = 0.15047231316566467, Train_Err = 4.994
Val_Loss = 0.7757697112083435, Val_Err = 21.53
Epoch: [90 | 200]
Phase:train -- Batch_idx:100/391-- 2942.44 samples/sec-- Loss:0.11 -- Error1:3.73
Phase:train -- Batch_idx:200/391-- 3031.94 samples/sec-- Loss:0.12 -- Error1:4.13
Phase:train -- Batch_idx:300/391-- 3060.93 samples/sec-- Loss:0.14 -- Error1:4.81
Train_Loss = 0.15321929460525513, Train_Err = 5.206
Val_Loss = 0.6897443461418152, Val_Err = 20.5
Epoch: [91 | 200]
Phase:train -- Batch_idx:100/391-- 2919.09 samples/sec-- Loss:0.12 -- Error1:3.84
Phase:train -- Batch_idx:200/391-- 3017.34 samples/sec-- Loss:0.13 -- Error1:4.46
Phase:train -- Batch_idx:300/391-- 3052.12 samples/sec-- Loss:0.14 -- Error1:4.88
Train_Loss = 0.15195860692024232, Train_Err = 5.182
Val_Loss = 0.8290106945037842, Val_Err = 23.23
Epoch: [92 | 200]
Phase:train -- Batch_idx:100/391-- 2923.68 samples/sec-- Loss:0.12 -- Error1:4.20
Phase:train -- Batch_idx:200/391-- 3020.30 samples/sec-- Loss:0.14 -- Error1:4.73
Phase:train -- Batch_idx:300/391-- 3053.91 samples/sec-- Loss:0.15 -- Error1:5.31
Train_Loss = 0.16416878884315492, Train_Err = 5.656
Val_Loss = 0.7128354747772216, Val_Err = 20.54
Epoch: [93 | 200]
Phase:train -- Batch_idx:100/391-- 2907.20 samples/sec-- Loss:0.09 -- Error1:3.04
Phase:train -- Batch_idx:200/391-- 3011.41 samples/sec-- Loss:0.12 -- Error1:4.02
Phase:train -- Batch_idx:300/391-- 3048.11 samples/sec-- Loss:0.14 -- Error1:4.83
Train_Loss = 0.15577722210407258, Train_Err = 5.28
Val_Loss = 0.5777459419250488, Val_Err = 17.72
Epoch: [94 | 200]
Phase:train -- Batch_idx:100/391-- 2924.62 samples/sec-- Loss:0.10 -- Error1:3.20
Phase:train -- Batch_idx:200/391-- 3021.96 samples/sec-- Loss:0.12 -- Error1:4.05
Phase:train -- Batch_idx:300/391-- 3055.37 samples/sec-- Loss:0.14 -- Error1:4.78
Train_Loss = 0.15337949040412902, Train_Err = 5.212
Val_Loss = 0.6524431227684021, Val_Err = 19.51
Epoch: [95 | 200]
Phase:train -- Batch_idx:100/391-- 2941.06 samples/sec-- Loss:0.11 -- Error1:3.39
Phase:train -- Batch_idx:200/391-- 3031.00 samples/sec-- Loss:0.13 -- Error1:4.17
Phase:train -- Batch_idx:300/391-- 3062.19 samples/sec-- Loss:0.14 -- Error1:4.67
Train_Loss = 0.15616972911834717, Train_Err = 5.196
Val_Loss = 0.9494599208831788, Val_Err = 24.93
Epoch: [96 | 200]
Phase:train -- Batch_idx:100/391-- 2928.43 samples/sec-- Loss:0.12 -- Error1:3.90
Phase:train -- Batch_idx:200/391-- 3023.42 samples/sec-- Loss:0.13 -- Error1:4.34
Phase:train -- Batch_idx:300/391-- 3055.91 samples/sec-- Loss:0.15 -- Error1:4.97
Train_Loss = 0.1545417834854126, Train_Err = 5.304
Val_Loss = 0.752005343914032, Val_Err = 21.16
Epoch: [97 | 200]
Phase:train -- Batch_idx:100/391-- 2930.78 samples/sec-- Loss:0.11 -- Error1:3.82
Phase:train -- Batch_idx:200/391-- 3025.07 samples/sec-- Loss:0.14 -- Error1:4.68
Phase:train -- Batch_idx:300/391-- 3057.77 samples/sec-- Loss:0.15 -- Error1:5.16
Train_Loss = 0.15656869501590728, Train_Err = 5.378
Val_Loss = 0.7240068737983704, Val_Err = 21.02
Epoch: [98 | 200]
Phase:train -- Batch_idx:100/391-- 2935.88 samples/sec-- Loss:0.11 -- Error1:3.74
Phase:train -- Batch_idx:200/391-- 3027.19 samples/sec-- Loss:0.13 -- Error1:4.30
Phase:train -- Batch_idx:300/391-- 3059.34 samples/sec-- Loss:0.14 -- Error1:4.63
Train_Loss = 0.1519405804824829, Train_Err = 5.18
Val_Loss = 0.7621490097045899, Val_Err = 22.09
Epoch: [99 | 200]
Phase:train -- Batch_idx:100/391-- 2930.20 samples/sec-- Loss:0.12 -- Error1:3.98
Phase:train -- Batch_idx:200/391-- 3025.46 samples/sec-- Loss:0.13 -- Error1:4.34
Phase:train -- Batch_idx:300/391-- 3057.93 samples/sec-- Loss:0.15 -- Error1:4.92
Train_Loss = 0.15553047653675078, Train_Err = 5.236
Val_Loss = 0.6715213340759277, Val_Err = 19.9
Epoch: [100 | 200]
Phase:train -- Batch_idx:100/391-- 2944.27 samples/sec-- Loss:0.07 -- Error1:2.09
Phase:train -- Batch_idx:200/391-- 3033.67 samples/sec-- Loss:0.06 -- Error1:1.57
Phase:train -- Batch_idx:300/391-- 3065.02 samples/sec-- Loss:0.05 -- Error1:1.33
Train_Loss = 0.042743841260671614, Train_Err = 1.19
Val_Loss = 0.4049023268699646, Val_Err = 12.37
Epoch: [101 | 200]
Phase:train -- Batch_idx:100/391-- 2920.23 samples/sec-- Loss:0.01 -- Error1:0.06
Phase:train -- Batch_idx:200/391-- 3019.71 samples/sec-- Loss:0.01 -- Error1:0.07
Phase:train -- Batch_idx:300/391-- 3055.65 samples/sec-- Loss:0.01 -- Error1:0.06
Train_Loss = 0.009545674295425416, Train_Err = 0.05
Val_Loss = 0.41185673494338987, Val_Err = 12.29
Epoch: [102 | 200]
Phase:train -- Batch_idx:100/391-- 2919.67 samples/sec-- Loss:0.01 -- Error1:0.02
Phase:train -- Batch_idx:200/391-- 3019.56 samples/sec-- Loss:0.01 -- Error1:0.02
Phase:train -- Batch_idx:300/391-- 3054.68 samples/sec-- Loss:0.01 -- Error1:0.01
Train_Loss = 0.005777960178852081, Train_Err = 0.01
Val_Loss = 0.40999153108596803, Val_Err = 12.23
Epoch: [103 | 200]
Phase:train -- Batch_idx:100/391-- 2934.23 samples/sec-- Loss:0.00 -- Error1:0.00
Phase:train -- Batch_idx:200/391-- 3027.53 samples/sec-- Loss:0.00 -- Error1:0.00
Phase:train -- Batch_idx:300/391-- 3060.92 samples/sec-- Loss:0.00 -- Error1:0.00
Train_Loss = 0.004338448828309774, Train_Err = 0.0
Val_Loss = 0.41148373746871947, Val_Err = 12.23
Epoch: [104 | 200]
Phase:train -- Batch_idx:100/391-- 2928.50 samples/sec-- Loss:0.00 -- Error1:0.00
Phase:train -- Batch_idx:200/391-- 3022.30 samples/sec-- Loss:0.00 -- Error1:0.00
Phase:train -- Batch_idx:300/391-- 3055.00 samples/sec-- Loss:0.00 -- Error1:0.00
Train_Loss = 0.0037190926921367644, Train_Err = 0.0
Val_Loss = 0.41082173614501954, Val_Err = 12.4
Epoch: [105 | 200]
Phase:train -- Batch_idx:100/391-- 2930.89 samples/sec-- Loss:0.00 -- Error1:0.00
Phase:train -- Batch_idx:200/391-- 3026.30 samples/sec-- Loss:0.00 -- Error1:0.00
Phase:train -- Batch_idx:300/391-- 3059.30 samples/sec-- Loss:0.00 -- Error1:0.00
Train_Loss = 0.0033796166501939297, Train_Err = 0.0
Val_Loss = 0.41239642343521116, Val_Err = 12.22
Epoch: [106 | 200]
Phase:train -- Batch_idx:100/391-- 2926.84 samples/sec-- Loss:0.00 -- Error1:0.00
Phase:train -- Batch_idx:200/391-- 3025.07 samples/sec-- Loss:0.00 -- Error1:0.00
Phase:train -- Batch_idx:300/391-- 3058.62 samples/sec-- Loss:0.00 -- Error1:0.00
Train_Loss = 0.00312311280682683, Train_Err = 0.0
Val_Loss = 0.41282016668319704, Val_Err = 12.31
Epoch: [107 | 200]
Phase:train -- Batch_idx:100/391-- 2932.82 samples/sec-- Loss:0.00 -- Error1:0.00
Phase:train -- Batch_idx:200/391-- 3027.26 samples/sec-- Loss:0.00 -- Error1:0.00
Phase:train -- Batch_idx:300/391-- 3059.72 samples/sec-- Loss:0.00 -- Error1:0.00
Train_Loss = 0.002961154627799988, Train_Err = 0.0
Val_Loss = 0.4072645483016968, Val_Err = 12.11
Epoch: [108 | 200]
Phase:train -- Batch_idx:100/391-- 2909.05 samples/sec-- Loss:0.00 -- Error1:0.00
Phase:train -- Batch_idx:200/391-- 3012.93 samples/sec-- Loss:0.00 -- Error1:0.00
Phase:train -- Batch_idx:300/391-- 3048.55 samples/sec-- Loss:0.00 -- Error1:0.00
Train_Loss = 0.002874726804047823, Train_Err = 0.0
Val_Loss = 0.40871035165786745, Val_Err = 12.34
Epoch: [109 | 200]
Phase:train -- Batch_idx:100/391-- 2929.89 samples/sec-- Loss:0.00 -- Error1:0.00
Phase:train -- Batch_idx:200/391-- 3024.78 samples/sec-- Loss:0.00 -- Error1:0.00
Phase:train -- Batch_idx:300/391-- 3057.91 samples/sec-- Loss:0.00 -- Error1:0.00
Train_Loss = 0.00271129993442446, Train_Err = 0.0
Val_Loss = 0.40452313385009764, Val_Err = 12.2
Epoch: [110 | 200]
Phase:train -- Batch_idx:100/391-- 2930.47 samples/sec-- Loss:0.00 -- Error1:0.00
Phase:train -- Batch_idx:200/391-- 3024.42 samples/sec-- Loss:0.00 -- Error1:0.00
Phase:train -- Batch_idx:300/391-- 3057.94 samples/sec-- Loss:0.00 -- Error1:0.00
Train_Loss = 0.0025972485680878163, Train_Err = 0.0
Val_Loss = 0.4021864676475525, Val_Err = 12.27
Epoch: [111 | 200]
Phase:train -- Batch_idx:100/391-- 2926.51 samples/sec-- Loss:0.00 -- Error1:0.00
Phase:train -- Batch_idx:200/391-- 3023.91 samples/sec-- Loss:0.00 -- Error1:0.00
Phase:train -- Batch_idx:300/391-- 3056.93 samples/sec-- Loss:0.00 -- Error1:0.00
Train_Loss = 0.0026317833736538886, Train_Err = 0.0
Val_Loss = 0.40209878635406493, Val_Err = 12.09
Epoch: [112 | 200]
Phase:train -- Batch_idx:100/391-- 2923.36 samples/sec-- Loss:0.00 -- Error1:0.00
Phase:train -- Batch_idx:200/391-- 3021.56 samples/sec-- Loss:0.00 -- Error1:0.00
Phase:train -- Batch_idx:300/391-- 3056.19 samples/sec-- Loss:0.00 -- Error1:0.00
Train_Loss = 0.0025306646793708206, Train_Err = 0.0
Val_Loss = 0.3995209600448608, Val_Err = 12.19
Epoch: [113 | 200]
Phase:train -- Batch_idx:100/391-- 2924.08 samples/sec-- Loss:0.00 -- Error1:0.00
Phase:train -- Batch_idx:200/391-- 3019.99 samples/sec-- Loss:0.00 -- Error1:0.00
Phase:train -- Batch_idx:300/391-- 3052.81 samples/sec-- Loss:0.00 -- Error1:0.00
Train_Loss = 0.00251510643184185, Train_Err = 0.0
Val_Loss = 0.39730953750610354, Val_Err = 12.16
Epoch: [114 | 200]
Phase:train -- Batch_idx:100/391-- 2928.46 samples/sec-- Loss:0.00 -- Error1:0.00
Phase:train -- Batch_idx:200/391-- 3024.04 samples/sec-- Loss:0.00 -- Error1:0.00
Phase:train -- Batch_idx:300/391-- 3057.24 samples/sec-- Loss:0.00 -- Error1:0.00
Train_Loss = 0.0024158050471544267, Train_Err = 0.0
Val_Loss = 0.3960181772232056, Val_Err = 12.16
Epoch: [115 | 200]
Phase:train -- Batch_idx:100/391-- 2927.98 samples/sec-- Loss:0.00 -- Error1:0.00
Phase:train -- Batch_idx:200/391-- 3024.44 samples/sec-- Loss:0.00 -- Error1:0.00
Phase:train -- Batch_idx:300/391-- 3057.13 samples/sec-- Loss:0.00 -- Error1:0.00
Train_Loss = 0.0024497335378080606, Train_Err = 0.0
Val_Loss = 0.3957957018852234, Val_Err = 12.22
Epoch: [116 | 200]
Phase:train -- Batch_idx:100/391-- 2942.31 samples/sec-- Loss:0.00 -- Error1:0.00
Phase:train -- Batch_idx:200/391-- 3031.30 samples/sec-- Loss:0.00 -- Error1:0.00
Phase:train -- Batch_idx:300/391-- 3062.18 samples/sec-- Loss:0.00 -- Error1:0.00
Train_Loss = 0.0024401734280958772, Train_Err = 0.0
Val_Loss = 0.39242974195480346, Val_Err = 12.07
Epoch: [117 | 200]
Phase:train -- Batch_idx:100/391-- 2921.01 samples/sec-- Loss:0.00 -- Error1:0.00
Phase:train -- Batch_idx:200/391-- 3020.08 samples/sec-- Loss:0.00 -- Error1:0.00
Phase:train -- Batch_idx:300/391-- 3054.34 samples/sec-- Loss:0.00 -- Error1:0.00
Train_Loss = 0.0024077292470633983, Train_Err = 0.0
Val_Loss = 0.39347328748703003, Val_Err = 12.18
Epoch: [118 | 200]
Phase:train -- Batch_idx:100/391-- 2929.47 samples/sec-- Loss:0.00 -- Error1:0.00
Phase:train -- Batch_idx:200/391-- 3024.14 samples/sec-- Loss:0.00 -- Error1:0.00
Phase:train -- Batch_idx:300/391-- 3056.98 samples/sec-- Loss:0.00 -- Error1:0.00
Train_Loss = 0.002427318925410509, Train_Err = 0.0
Val_Loss = 0.39249630117416384, Val_Err = 12.02
Epoch: [119 | 200]
Phase:train -- Batch_idx:100/391-- 2927.18 samples/sec-- Loss:0.00 -- Error1:0.00
Phase:train -- Batch_idx:200/391-- 3025.70 samples/sec-- Loss:0.00 -- Error1:0.00
Phase:train -- Batch_idx:300/391-- 3059.14 samples/sec-- Loss:0.00 -- Error1:0.00
Train_Loss = 0.0023624413377791643, Train_Err = 0.0
Val_Loss = 0.3908821739196777, Val_Err = 12.13
Epoch: [120 | 200]
Phase:train -- Batch_idx:100/391-- 2956.25 samples/sec-- Loss:0.00 -- Error1:0.00
Phase:train -- Batch_idx:200/391-- 3040.40 samples/sec-- Loss:0.00 -- Error1:0.00
Phase:train -- Batch_idx:300/391-- 3070.15 samples/sec-- Loss:0.00 -- Error1:0.00
Train_Loss = 0.002318362654000521, Train_Err = 0.0
Val_Loss = 0.3890697832107544, Val_Err = 12.02
Epoch: [121 | 200]
Phase:train -- Batch_idx:100/391-- 2966.05 samples/sec-- Loss:0.00 -- Error1:0.00
Phase:train -- Batch_idx:200/391-- 3043.42 samples/sec-- Loss:0.00 -- Error1:0.00
Phase:train -- Batch_idx:300/391-- 3069.95 samples/sec-- Loss:0.00 -- Error1:0.00
Train_Loss = 0.0023494226334989073, Train_Err = 0.0
Val_Loss = 0.38872804594039917, Val_Err = 12.03
Epoch: [122 | 200]
Phase:train -- Batch_idx:100/391-- 2950.32 samples/sec-- Loss:0.00 -- Error1:0.00
Phase:train -- Batch_idx:200/391-- 3036.98 samples/sec-- Loss:0.00 -- Error1:0.00
Phase:train -- Batch_idx:300/391-- 3067.10 samples/sec-- Loss:0.00 -- Error1:0.00
Train_Loss = 0.0023053720255196094, Train_Err = 0.0
Val_Loss = 0.3898889717102051, Val_Err = 12.01
Epoch: [123 | 200]
Phase:train -- Batch_idx:100/391-- 2929.60 samples/sec-- Loss:0.00 -- Error1:0.00
Phase:train -- Batch_idx:200/391-- 3026.65 samples/sec-- Loss:0.00 -- Error1:0.00
Phase:train -- Batch_idx:300/391-- 3059.67 samples/sec-- Loss:0.00 -- Error1:0.00
Train_Loss = 0.002328435506671667, Train_Err = 0.0
Val_Loss = 0.39113139247894285, Val_Err = 11.94
Epoch: [124 | 200]
Phase:train -- Batch_idx:100/391-- 2908.55 samples/sec-- Loss:0.00 -- Error1:0.00
Phase:train -- Batch_idx:200/391-- 3013.13 samples/sec-- Loss:0.00 -- Error1:0.00
Phase:train -- Batch_idx:300/391-- 3049.38 samples/sec-- Loss:0.00 -- Error1:0.00
Train_Loss = 0.0022935048800706865, Train_Err = 0.0
Val_Loss = 0.38957998790740966, Val_Err = 12.0
Epoch: [125 | 200]
Phase:train -- Batch_idx:100/391-- 2948.70 samples/sec-- Loss:0.00 -- Error1:0.00
Phase:train -- Batch_idx:200/391-- 3035.55 samples/sec-- Loss:0.00 -- Error1:0.00
Phase:train -- Batch_idx:300/391-- 3066.31 samples/sec-- Loss:0.00 -- Error1:0.00
Train_Loss = 0.0022746858916431667, Train_Err = 0.0
Val_Loss = 0.38904810972213744, Val_Err = 12.1
Epoch: [126 | 200]
Phase:train -- Batch_idx:100/391-- 2939.12 samples/sec-- Loss:0.00 -- Error1:0.00
Phase:train -- Batch_idx:200/391-- 3032.31 samples/sec-- Loss:0.00 -- Error1:0.00
Phase:train -- Batch_idx:300/391-- 3063.83 samples/sec-- Loss:0.00 -- Error1:0.00
Train_Loss = 0.002313004878386855, Train_Err = 0.0
Val_Loss = 0.3921822619438171, Val_Err = 12.17
Epoch: [127 | 200]
Phase:train -- Batch_idx:100/391-- 2952.37 samples/sec-- Loss:0.00 -- Error1:0.00
Phase:train -- Batch_idx:200/391-- 3038.16 samples/sec-- Loss:0.00 -- Error1:0.00
Phase:train -- Batch_idx:300/391-- 3068.01 samples/sec-- Loss:0.00 -- Error1:0.00
Train_Loss = 0.002313718204125762, Train_Err = 0.0
Val_Loss = 0.39071569337844847, Val_Err = 11.99
Epoch: [128 | 200]
Phase:train -- Batch_idx:100/391-- 2941.08 samples/sec-- Loss:0.00 -- Error1:0.00
Phase:train -- Batch_idx:200/391-- 3033.45 samples/sec-- Loss:0.00 -- Error1:0.00
Phase:train -- Batch_idx:300/391-- 3064.66 samples/sec-- Loss:0.00 -- Error1:0.00
Train_Loss = 0.0022846016135811805, Train_Err = 0.0
Val_Loss = 0.3883357747077942, Val_Err = 12.11
Epoch: [129 | 200]
Phase:train -- Batch_idx:100/391-- 2948.74 samples/sec-- Loss:0.00 -- Error1:0.00
Phase:train -- Batch_idx:200/391-- 3036.26 samples/sec-- Loss:0.00 -- Error1:0.00
Phase:train -- Batch_idx:300/391-- 3066.43 samples/sec-- Loss:0.00 -- Error1:0.00
Train_Loss = 0.00230913852147758, Train_Err = 0.0
Val_Loss = 0.3886824668884277, Val_Err = 12.08
Epoch: [130 | 200]
Phase:train -- Batch_idx:100/391-- 2955.27 samples/sec-- Loss:0.00 -- Error1:0.00
Phase:train -- Batch_idx:200/391-- 3040.05 samples/sec-- Loss:0.00 -- Error1:0.00
Phase:train -- Batch_idx:300/391-- 3069.87 samples/sec-- Loss:0.00 -- Error1:0.00
Train_Loss = 0.0022726737389713527, Train_Err = 0.0
Val_Loss = 0.3883136626243591, Val_Err = 12.16
Epoch: [131 | 200]
Phase:train -- Batch_idx:100/391-- 2947.37 samples/sec-- Loss:0.00 -- Error1:0.00
Phase:train -- Batch_idx:200/391-- 3033.57 samples/sec-- Loss:0.00 -- Error1:0.00
Phase:train -- Batch_idx:300/391-- 3063.90 samples/sec-- Loss:0.00 -- Error1:0.00
Train_Loss = 0.002263538019657135, Train_Err = 0.0
Val_Loss = 0.3878841040611267, Val_Err = 11.97
Epoch: [132 | 200]
Phase:train -- Batch_idx:100/391-- 2954.01 samples/sec-- Loss:0.00 -- Error1:0.00
Phase:train -- Batch_idx:200/391-- 3036.25 samples/sec-- Loss:0.00 -- Error1:0.00
Phase:train -- Batch_idx:300/391-- 3065.76 samples/sec-- Loss:0.00 -- Error1:0.00
Train_Loss = 0.0022973933817446233, Train_Err = 0.0
Val_Loss = 0.38903388261795047, Val_Err = 12.11
Epoch: [133 | 200]
Phase:train -- Batch_idx:100/391-- 2951.06 samples/sec-- Loss:0.00 -- Error1:0.00
Phase:train -- Batch_idx:200/391-- 3037.36 samples/sec-- Loss:0.00 -- Error1:0.00
Phase:train -- Batch_idx:300/391-- 3067.80 samples/sec-- Loss:0.00 -- Error1:0.00
Train_Loss = 0.002264230458587408, Train_Err = 0.0
Val_Loss = 0.39031039028167724, Val_Err = 12.09
Epoch: [134 | 200]
Phase:train -- Batch_idx:100/391-- 2950.83 samples/sec-- Loss:0.00 -- Error1:0.00
Phase:train -- Batch_idx:200/391-- 3037.70 samples/sec-- Loss:0.00 -- Error1:0.00
Phase:train -- Batch_idx:300/391-- 3068.17 samples/sec-- Loss:0.00 -- Error1:0.00
Train_Loss = 0.0022757822796702384, Train_Err = 0.0
Val_Loss = 0.38900849237442015, Val_Err = 11.98
Epoch: [135 | 200]
Phase:train -- Batch_idx:100/391-- 2966.12 samples/sec-- Loss:0.00 -- Error1:0.00
Phase:train -- Batch_idx:200/391-- 3046.93 samples/sec-- Loss:0.00 -- Error1:0.00
Phase:train -- Batch_idx:300/391-- 3074.15 samples/sec-- Loss:0.00 -- Error1:0.00
Train_Loss = 0.0022698072614520787, Train_Err = 0.0
Val_Loss = 0.38830009918212893, Val_Err = 12.04
Epoch: [136 | 200]
Phase:train -- Batch_idx:100/391-- 2952.56 samples/sec-- Loss:0.00 -- Error1:0.00
Phase:train -- Batch_idx:200/391-- 3037.86 samples/sec-- Loss:0.00 -- Error1:0.00
Phase:train -- Batch_idx:300/391-- 3068.32 samples/sec-- Loss:0.00 -- Error1:0.00
Train_Loss = 0.002304599688202143, Train_Err = 0.0
Val_Loss = 0.3886532667160034, Val_Err = 12.08
Epoch: [137 | 200]
Phase:train -- Batch_idx:100/391-- 2971.40 samples/sec-- Loss:0.00 -- Error1:0.00
Phase:train -- Batch_idx:200/391-- 3048.10 samples/sec-- Loss:0.00 -- Error1:0.00
Phase:train -- Batch_idx:300/391-- 3075.67 samples/sec-- Loss:0.00 -- Error1:0.00
Train_Loss = 0.002285913789346814, Train_Err = 0.0
Val_Loss = 0.38903208684921264, Val_Err = 12.08
Epoch: [138 | 200]
Phase:train -- Batch_idx:100/391-- 2971.74 samples/sec-- Loss:0.00 -- Error1:0.00
Phase:train -- Batch_idx:200/391-- 3049.80 samples/sec-- Loss:0.00 -- Error1:0.00
Phase:train -- Batch_idx:300/391-- 3076.94 samples/sec-- Loss:0.00 -- Error1:0.00
Train_Loss = 0.002229434800595045, Train_Err = 0.0
Val_Loss = 0.3900825547218323, Val_Err = 12.02
Epoch: [139 | 200]
Phase:train -- Batch_idx:100/391-- 2957.28 samples/sec-- Loss:0.00 -- Error1:0.00
Phase:train -- Batch_idx:200/391-- 3042.86 samples/sec-- Loss:0.00 -- Error1:0.00
Phase:train -- Batch_idx:300/391-- 3071.97 samples/sec-- Loss:0.00 -- Error1:0.00
Train_Loss = 0.002297223042100668, Train_Err = 0.0
Val_Loss = 0.3888791387557983, Val_Err = 12.13
Epoch: [140 | 200]
Phase:train -- Batch_idx:100/391-- 2972.29 samples/sec-- Loss:0.00 -- Error1:0.00
Phase:train -- Batch_idx:200/391-- 3050.28 samples/sec-- Loss:0.00 -- Error1:0.00
Phase:train -- Batch_idx:300/391-- 3076.98 samples/sec-- Loss:0.00 -- Error1:0.00
Train_Loss = 0.0023298463193327187, Train_Err = 0.0
Val_Loss = 0.38742317724227904, Val_Err = 11.98
Epoch: [141 | 200]
Phase:train -- Batch_idx:100/391-- 2956.79 samples/sec-- Loss:0.00 -- Error1:0.00
Phase:train -- Batch_idx:200/391-- 3041.51 samples/sec-- Loss:0.00 -- Error1:0.00
Phase:train -- Batch_idx:300/391-- 3071.72 samples/sec-- Loss:0.00 -- Error1:0.00
Train_Loss = 0.0022023559599369763, Train_Err = 0.0
Val_Loss = 0.387073003578186, Val_Err = 11.99
Epoch: [142 | 200]
Phase:train -- Batch_idx:100/391-- 2952.14 samples/sec-- Loss:0.00 -- Error1:0.00
Phase:train -- Batch_idx:200/391-- 3039.20 samples/sec-- Loss:0.00 -- Error1:0.00
Phase:train -- Batch_idx:300/391-- 3068.88 samples/sec-- Loss:0.00 -- Error1:0.00
Train_Loss = 0.0022755009856820106, Train_Err = 0.0
Val_Loss = 0.387571097946167, Val_Err = 12.13
Epoch: [143 | 200]
Phase:train -- Batch_idx:100/391-- 2953.82 samples/sec-- Loss:0.00 -- Error1:0.00
Phase:train -- Batch_idx:200/391-- 3040.89 samples/sec-- Loss:0.00 -- Error1:0.00
Phase:train -- Batch_idx:300/391-- 3070.21 samples/sec-- Loss:0.00 -- Error1:0.00
Train_Loss = 0.002280380981117487, Train_Err = 0.0
Val_Loss = 0.3872134861946106, Val_Err = 12.05
Epoch: [144 | 200]
Phase:train -- Batch_idx:100/391-- 2947.00 samples/sec-- Loss:0.00 -- Error1:0.00
Phase:train -- Batch_idx:200/391-- 3035.62 samples/sec-- Loss:0.00 -- Error1:0.00
Phase:train -- Batch_idx:300/391-- 3066.86 samples/sec-- Loss:0.00 -- Error1:0.00
Train_Loss = 0.0023317681838572026, Train_Err = 0.0
Val_Loss = 0.3862653056144714, Val_Err = 12.05
Epoch: [145 | 200]
Phase:train -- Batch_idx:100/391-- 2956.51 samples/sec-- Loss:0.00 -- Error1:0.00
Phase:train -- Batch_idx:200/391-- 3040.65 samples/sec-- Loss:0.00 -- Error1:0.00
Phase:train -- Batch_idx:300/391-- 3069.55 samples/sec-- Loss:0.00 -- Error1:0.00
Train_Loss = 0.0022557988986372946, Train_Err = 0.0
Val_Loss = 0.3880241227149963, Val_Err = 12.11
Epoch: [146 | 200]
Phase:train -- Batch_idx:100/391-- 2958.14 samples/sec-- Loss:0.00 -- Error1:0.00
Phase:train -- Batch_idx:200/391-- 3041.83 samples/sec-- Loss:0.00 -- Error1:0.00
Phase:train -- Batch_idx:300/391-- 3070.80 samples/sec-- Loss:0.00 -- Error1:0.00
Train_Loss = 0.0022751879909262062, Train_Err = 0.0
Val_Loss = 0.3871787269592285, Val_Err = 12.1
Epoch: [147 | 200]
Phase:train -- Batch_idx:100/391-- 2952.62 samples/sec-- Loss:0.00 -- Error1:0.00
Phase:train -- Batch_idx:200/391-- 3036.13 samples/sec-- Loss:0.00 -- Error1:0.00
Phase:train -- Batch_idx:300/391-- 3065.12 samples/sec-- Loss:0.00 -- Error1:0.00
Train_Loss = 0.0022871349395811556, Train_Err = 0.0
Val_Loss = 0.38575827312469485, Val_Err = 11.95
Epoch: [148 | 200]
Phase:train -- Batch_idx:100/391-- 2949.55 samples/sec-- Loss:0.00 -- Error1:0.00
Phase:train -- Batch_idx:200/391-- 3037.63 samples/sec-- Loss:0.00 -- Error1:0.00
Phase:train -- Batch_idx:300/391-- 3066.79 samples/sec-- Loss:0.00 -- Error1:0.00
Train_Loss = 0.0022639562913775446, Train_Err = 0.0
Val_Loss = 0.38514400310516356, Val_Err = 11.91
Epoch: [149 | 200]
Phase:train -- Batch_idx:100/391-- 2927.65 samples/sec-- Loss:0.00 -- Error1:0.00
Phase:train -- Batch_idx:200/391-- 3025.60 samples/sec-- Loss:0.00 -- Error1:0.00
Phase:train -- Batch_idx:300/391-- 3059.90 samples/sec-- Loss:0.00 -- Error1:0.00
Train_Loss = 0.002219659074395895, Train_Err = 0.0
Val_Loss = 0.38595861940383913, Val_Err = 12.04
Epoch: [150 | 200]
Phase:train -- Batch_idx:100/391-- 2961.21 samples/sec-- Loss:0.00 -- Error1:0.00
Phase:train -- Batch_idx:200/391-- 3043.90 samples/sec-- Loss:0.00 -- Error1:0.00
Phase:train -- Batch_idx:300/391-- 3071.66 samples/sec-- Loss:0.00 -- Error1:0.00
Train_Loss = 0.002267313012033701, Train_Err = 0.0
Val_Loss = 0.38569517517089846, Val_Err = 11.94
Epoch: [151 | 200]
Phase:train -- Batch_idx:100/391-- 2947.93 samples/sec-- Loss:0.00 -- Error1:0.00
Phase:train -- Batch_idx:200/391-- 3035.02 samples/sec-- Loss:0.00 -- Error1:0.00
Phase:train -- Batch_idx:300/391-- 3066.12 samples/sec-- Loss:0.00 -- Error1:0.00
Train_Loss = 0.00227152532376349, Train_Err = 0.0
Val_Loss = 0.3854956512451172, Val_Err = 12.01
Epoch: [152 | 200]
Phase:train -- Batch_idx:100/391-- 2952.49 samples/sec-- Loss:0.00 -- Error1:0.00
Phase:train -- Batch_idx:200/391-- 3039.46 samples/sec-- Loss:0.00 -- Error1:0.00
Phase:train -- Batch_idx:300/391-- 3068.36 samples/sec-- Loss:0.00 -- Error1:0.00
Train_Loss = 0.0022915550109744074, Train_Err = 0.0
Val_Loss = 0.38854172286987304, Val_Err = 12.09
Epoch: [153 | 200]
Phase:train -- Batch_idx:100/391-- 2952.59 samples/sec-- Loss:0.00 -- Error1:0.00
Phase:train -- Batch_idx:200/391-- 3039.10 samples/sec-- Loss:0.00 -- Error1:0.00
Phase:train -- Batch_idx:300/391-- 3068.69 samples/sec-- Loss:0.00 -- Error1:0.00
Train_Loss = 0.0022833090114593507, Train_Err = 0.0
Val_Loss = 0.38616799602508545, Val_Err = 11.99
Epoch: [154 | 200]
Phase:train -- Batch_idx:100/391-- 2949.81 samples/sec-- Loss:0.00 -- Error1:0.00
Phase:train -- Batch_idx:200/391-- 3037.20 samples/sec-- Loss:0.00 -- Error1:0.00
Phase:train -- Batch_idx:300/391-- 3067.12 samples/sec-- Loss:0.00 -- Error1:0.00
Train_Loss = 0.002276219490133226, Train_Err = 0.0
Val_Loss = 0.3860186566352844, Val_Err = 12.06
Epoch: [155 | 200]
Phase:train -- Batch_idx:100/391-- 2955.93 samples/sec-- Loss:0.00 -- Error1:0.00
Phase:train -- Batch_idx:200/391-- 3040.15 samples/sec-- Loss:0.00 -- Error1:0.00
Phase:train -- Batch_idx:300/391-- 3069.34 samples/sec-- Loss:0.00 -- Error1:0.00
Train_Loss = 0.0022822965843975543, Train_Err = 0.0
Val_Loss = 0.38570658073425296, Val_Err = 12.01
Epoch: [156 | 200]
Phase:train -- Batch_idx:100/391-- 2958.80 samples/sec-- Loss:0.00 -- Error1:0.00
Phase:train -- Batch_idx:200/391-- 3042.23 samples/sec-- Loss:0.00 -- Error1:0.00
Phase:train -- Batch_idx:300/391-- 3070.85 samples/sec-- Loss:0.00 -- Error1:0.00
Train_Loss = 0.002275073326975107, Train_Err = 0.0
Val_Loss = 0.3864095407485962, Val_Err = 11.96
Epoch: [157 | 200]
Phase:train -- Batch_idx:100/391-- 2954.89 samples/sec-- Loss:0.00 -- Error1:0.00
Phase:train -- Batch_idx:200/391-- 3040.43 samples/sec-- Loss:0.00 -- Error1:0.00
Phase:train -- Batch_idx:300/391-- 3069.51 samples/sec-- Loss:0.00 -- Error1:0.00
Train_Loss = 0.002352131466940045, Train_Err = 0.0
Val_Loss = 0.3865374097824097, Val_Err = 12.03
Epoch: [158 | 200]
Phase:train -- Batch_idx:100/391-- 2961.43 samples/sec-- Loss:0.00 -- Error1:0.00
Phase:train -- Batch_idx:200/391-- 3042.59 samples/sec-- Loss:0.00 -- Error1:0.00
Phase:train -- Batch_idx:300/391-- 3071.53 samples/sec-- Loss:0.00 -- Error1:0.00
Train_Loss = 0.002244218835271895, Train_Err = 0.0
Val_Loss = 0.3867719296455383, Val_Err = 11.9
Epoch: [159 | 200]
Phase:train -- Batch_idx:100/391-- 2923.57 samples/sec-- Loss:0.00 -- Error1:0.00
Phase:train -- Batch_idx:200/391-- 3021.33 samples/sec-- Loss:0.00 -- Error1:0.00
Phase:train -- Batch_idx:300/391-- 3055.09 samples/sec-- Loss:0.00 -- Error1:0.00
Train_Loss = 0.002238928251340985, Train_Err = 0.0
Val_Loss = 0.3871470247268677, Val_Err = 11.98
Epoch: [160 | 200]
Phase:train -- Batch_idx:100/391-- 2958.08 samples/sec-- Loss:0.00 -- Error1:0.00
Phase:train -- Batch_idx:200/391-- 3041.18 samples/sec-- Loss:0.00 -- Error1:0.00
Phase:train -- Batch_idx:300/391-- 3070.48 samples/sec-- Loss:0.00 -- Error1:0.00
Train_Loss = 0.002255294716656208, Train_Err = 0.0
Val_Loss = 0.38565245685577393, Val_Err = 12.11
Epoch: [161 | 200]
Phase:train -- Batch_idx:100/391-- 2963.37 samples/sec-- Loss:0.00 -- Error1:0.00
Phase:train -- Batch_idx:200/391-- 3043.99 samples/sec-- Loss:0.00 -- Error1:0.00
Phase:train -- Batch_idx:300/391-- 3072.54 samples/sec-- Loss:0.00 -- Error1:0.00
Train_Loss = 0.002259734804853797, Train_Err = 0.0
Val_Loss = 0.3861577639579773, Val_Err = 12.06
Epoch: [162 | 200]
Phase:train -- Batch_idx:100/391-- 2956.09 samples/sec-- Loss:0.00 -- Error1:0.00
Phase:train -- Batch_idx:200/391-- 3040.84 samples/sec-- Loss:0.00 -- Error1:0.00
Phase:train -- Batch_idx:300/391-- 3070.47 samples/sec-- Loss:0.00 -- Error1:0.00
Train_Loss = 0.002238546236380935, Train_Err = 0.0
Val_Loss = 0.3861087138175964, Val_Err = 12.02
Epoch: [163 | 200]
Phase:train -- Batch_idx:100/391-- 2963.25 samples/sec-- Loss:0.00 -- Error1:0.00
Phase:train -- Batch_idx:200/391-- 3044.58 samples/sec-- Loss:0.00 -- Error1:0.00
Phase:train -- Batch_idx:300/391-- 3073.04 samples/sec-- Loss:0.00 -- Error1:0.00
Train_Loss = 0.0022226993130892514, Train_Err = 0.0
Val_Loss = 0.38535348634719846, Val_Err = 12.01
Epoch: [164 | 200]
Phase:train -- Batch_idx:100/391-- 2953.47 samples/sec-- Loss:0.00 -- Error1:0.00
Phase:train -- Batch_idx:200/391-- 3039.97 samples/sec-- Loss:0.00 -- Error1:0.00
Phase:train -- Batch_idx:300/391-- 3069.28 samples/sec-- Loss:0.00 -- Error1:0.00
Train_Loss = 0.0022605408032238482, Train_Err = 0.0
Val_Loss = 0.3864133231163025, Val_Err = 12.13
Epoch: [165 | 200]
Phase:train -- Batch_idx:100/391-- 2958.31 samples/sec-- Loss:0.00 -- Error1:0.00
Phase:train -- Batch_idx:200/391-- 3041.87 samples/sec-- Loss:0.00 -- Error1:0.00
Phase:train -- Batch_idx:300/391-- 3071.07 samples/sec-- Loss:0.00 -- Error1:0.00
Train_Loss = 0.0022489577250182627, Train_Err = 0.0
Val_Loss = 0.38604337682724, Val_Err = 12.08
Epoch: [166 | 200]
Phase:train -- Batch_idx:100/391-- 2955.69 samples/sec-- Loss:0.00 -- Error1:0.00
Phase:train -- Batch_idx:200/391-- 3041.04 samples/sec-- Loss:0.00 -- Error1:0.00
Phase:train -- Batch_idx:300/391-- 3070.09 samples/sec-- Loss:0.00 -- Error1:0.00
Train_Loss = 0.0022692413556575776, Train_Err = 0.0
Val_Loss = 0.38527032833099367, Val_Err = 12.04
Epoch: [167 | 200]
Phase:train -- Batch_idx:100/391-- 2968.06 samples/sec-- Loss:0.00 -- Error1:0.00
Phase:train -- Batch_idx:200/391-- 3043.98 samples/sec-- Loss:0.00 -- Error1:0.00
Phase:train -- Batch_idx:300/391-- 3070.73 samples/sec-- Loss:0.00 -- Error1:0.00
Train_Loss = 0.0022863159614428877, Train_Err = 0.0
Val_Loss = 0.3849821938514709, Val_Err = 12.01
Epoch: [168 | 200]
Phase:train -- Batch_idx:100/391-- 2956.36 samples/sec-- Loss:0.00 -- Error1:0.00
Phase:train -- Batch_idx:200/391-- 3040.26 samples/sec-- Loss:0.00 -- Error1:0.00
Phase:train -- Batch_idx:300/391-- 3069.79 samples/sec-- Loss:0.00 -- Error1:0.00
Train_Loss = 0.002268019551113248, Train_Err = 0.0
Val_Loss = 0.38592858810424807, Val_Err = 11.99
Epoch: [169 | 200]
Phase:train -- Batch_idx:100/391-- 2952.11 samples/sec-- Loss:0.00 -- Error1:0.00
Phase:train -- Batch_idx:200/391-- 3037.89 samples/sec-- Loss:0.00 -- Error1:0.00
Phase:train -- Batch_idx:300/391-- 3068.47 samples/sec-- Loss:0.00 -- Error1:0.00
Train_Loss = 0.0022555379798263313, Train_Err = 0.0
Val_Loss = 0.3851411639213562, Val_Err = 12.11
Epoch: [170 | 200]
Phase:train -- Batch_idx:100/391-- 2952.88 samples/sec-- Loss:0.00 -- Error1:0.00
Phase:train -- Batch_idx:200/391-- 3039.49 samples/sec-- Loss:0.00 -- Error1:0.00
Phase:train -- Batch_idx:300/391-- 3069.04 samples/sec-- Loss:0.00 -- Error1:0.00
Train_Loss = 0.0022217847625166176, Train_Err = 0.0
Val_Loss = 0.3839432767868042, Val_Err = 11.93
Epoch: [171 | 200]
Phase:train -- Batch_idx:100/391-- 2966.26 samples/sec-- Loss:0.00 -- Error1:0.00
Phase:train -- Batch_idx:200/391-- 3047.75 samples/sec-- Loss:0.00 -- Error1:0.00
Phase:train -- Batch_idx:300/391-- 3074.32 samples/sec-- Loss:0.00 -- Error1:0.00
Train_Loss = 0.0022780457110702992, Train_Err = 0.0
Val_Loss = 0.38528841543197634, Val_Err = 12.06
Epoch: [172 | 200]
Phase:train -- Batch_idx:100/391-- 2957.93 samples/sec-- Loss:0.00 -- Error1:0.00
Phase:train -- Batch_idx:200/391-- 3042.90 samples/sec-- Loss:0.00 -- Error1:0.00
Phase:train -- Batch_idx:300/391-- 3071.07 samples/sec-- Loss:0.00 -- Error1:0.00
Train_Loss = 0.0022527373319864274, Train_Err = 0.0
Val_Loss = 0.38457842416763305, Val_Err = 11.89
Epoch: [173 | 200]
Phase:train -- Batch_idx:100/391-- 2928.26 samples/sec-- Loss:0.00 -- Error1:0.00
Phase:train -- Batch_idx:200/391-- 3025.08 samples/sec-- Loss:0.00 -- Error1:0.00
Phase:train -- Batch_idx:300/391-- 3059.62 samples/sec-- Loss:0.00 -- Error1:0.00
Train_Loss = 0.0022647687692940234, Train_Err = 0.0
Val_Loss = 0.3852551194190979, Val_Err = 12.04
Epoch: [174 | 200]
Phase:train -- Batch_idx:100/391-- 2952.92 samples/sec-- Loss:0.00 -- Error1:0.00
Phase:train -- Batch_idx:200/391-- 3038.64 samples/sec-- Loss:0.00 -- Error1:0.00
Phase:train -- Batch_idx:300/391-- 3067.75 samples/sec-- Loss:0.00 -- Error1:0.00
Train_Loss = 0.0022479229483008383, Train_Err = 0.0
Val_Loss = 0.38354831085205077, Val_Err = 11.98
Epoch: [175 | 200]
Phase:train -- Batch_idx:100/391-- 2945.60 samples/sec-- Loss:0.00 -- Error1:0.00
Phase:train -- Batch_idx:200/391-- 3033.79 samples/sec-- Loss:0.00 -- Error1:0.00
Phase:train -- Batch_idx:300/391-- 3065.31 samples/sec-- Loss:0.00 -- Error1:0.00
Train_Loss = 0.0022364563952386378, Train_Err = 0.0
Val_Loss = 0.38637842264175415, Val_Err = 12.03
Epoch: [176 | 200]
Phase:train -- Batch_idx:100/391-- 2970.31 samples/sec-- Loss:0.00 -- Error1:0.00
Phase:train -- Batch_idx:200/391-- 3047.09 samples/sec-- Loss:0.00 -- Error1:0.00
Phase:train -- Batch_idx:300/391-- 3074.24 samples/sec-- Loss:0.00 -- Error1:0.00
Train_Loss = 0.0022563674437254665, Train_Err = 0.0
Val_Loss = 0.38604000158309937, Val_Err = 12.18
Epoch: [177 | 200]
Phase:train -- Batch_idx:100/391-- 2957.75 samples/sec-- Loss:0.00 -- Error1:0.00
Phase:train -- Batch_idx:200/391-- 3041.77 samples/sec-- Loss:0.00 -- Error1:0.00
Phase:train -- Batch_idx:300/391-- 3070.51 samples/sec-- Loss:0.00 -- Error1:0.00
Train_Loss = 0.002235852339118719, Train_Err = 0.0
Val_Loss = 0.3850631434440613, Val_Err = 12.06
Epoch: [178 | 200]
Phase:train -- Batch_idx:100/391-- 2958.56 samples/sec-- Loss:0.00 -- Error1:0.00
Phase:train -- Batch_idx:200/391-- 3042.90 samples/sec-- Loss:0.00 -- Error1:0.00
Phase:train -- Batch_idx:300/391-- 3070.91 samples/sec-- Loss:0.00 -- Error1:0.00
Train_Loss = 0.002225336401760578, Train_Err = 0.0
Val_Loss = 0.3845417269706726, Val_Err = 12.09
Epoch: [179 | 200]
Phase:train -- Batch_idx:100/391-- 2962.11 samples/sec-- Loss:0.00 -- Error1:0.00
Phase:train -- Batch_idx:200/391-- 3043.74 samples/sec-- Loss:0.00 -- Error1:0.00
Phase:train -- Batch_idx:300/391-- 3072.26 samples/sec-- Loss:0.00 -- Error1:0.00
Train_Loss = 0.002189235557988286, Train_Err = 0.0
Val_Loss = 0.38551115884780884, Val_Err = 12.04
Epoch: [180 | 200]
Phase:train -- Batch_idx:100/391-- 2948.07 samples/sec-- Loss:0.00 -- Error1:0.00
Phase:train -- Batch_idx:200/391-- 3037.52 samples/sec-- Loss:0.00 -- Error1:0.00
Phase:train -- Batch_idx:300/391-- 3068.56 samples/sec-- Loss:0.00 -- Error1:0.00
Train_Loss = 0.0022228466361016034, Train_Err = 0.0
Val_Loss = 0.38440734758377076, Val_Err = 12.01
Epoch: [181 | 200]
Phase:train -- Batch_idx:100/391-- 2954.37 samples/sec-- Loss:0.00 -- Error1:0.00
Phase:train -- Batch_idx:200/391-- 3040.05 samples/sec-- Loss:0.00 -- Error1:0.00
Phase:train -- Batch_idx:300/391-- 3070.43 samples/sec-- Loss:0.00 -- Error1:0.00
Train_Loss = 0.0022217357573658227, Train_Err = 0.0
Val_Loss = 0.38139725170135497, Val_Err = 11.89
Epoch: [182 | 200]
Phase:train -- Batch_idx:100/391-- 2960.06 samples/sec-- Loss:0.00 -- Error1:0.00
Phase:train -- Batch_idx:200/391-- 3043.67 samples/sec-- Loss:0.00 -- Error1:0.00
Phase:train -- Batch_idx:300/391-- 3073.07 samples/sec-- Loss:0.00 -- Error1:0.00
Train_Loss = 0.0022909904563426973, Train_Err = 0.0
Val_Loss = 0.38401893281936644, Val_Err = 12.06
Epoch: [183 | 200]
Phase:train -- Batch_idx:100/391-- 2955.88 samples/sec-- Loss:0.00 -- Error1:0.00
Phase:train -- Batch_idx:200/391-- 3041.60 samples/sec-- Loss:0.00 -- Error1:0.00
Phase:train -- Batch_idx:300/391-- 3070.53 samples/sec-- Loss:0.00 -- Error1:0.00
Train_Loss = 0.002178197212964296, Train_Err = 0.0
Val_Loss = 0.3841685261726379, Val_Err = 11.98
Epoch: [184 | 200]
Phase:train -- Batch_idx:100/391-- 2953.73 samples/sec-- Loss:0.00 -- Error1:0.00
Phase:train -- Batch_idx:200/391-- 3040.30 samples/sec-- Loss:0.00 -- Error1:0.00
Phase:train -- Batch_idx:300/391-- 3069.88 samples/sec-- Loss:0.00 -- Error1:0.00
Train_Loss = 0.0022285697043687106, Train_Err = 0.0
Val_Loss = 0.38457159595489504, Val_Err = 12.11
Epoch: [185 | 200]
Phase:train -- Batch_idx:100/391-- 2958.93 samples/sec-- Loss:0.00 -- Error1:0.00
Phase:train -- Batch_idx:200/391-- 3041.93 samples/sec-- Loss:0.00 -- Error1:0.00
Phase:train -- Batch_idx:300/391-- 3070.90 samples/sec-- Loss:0.00 -- Error1:0.00
Train_Loss = 0.002219142058342695, Train_Err = 0.0
Val_Loss = 0.38447376823425294, Val_Err = 12.01
Epoch: [186 | 200]
Phase:train -- Batch_idx:100/391-- 2950.65 samples/sec-- Loss:0.00 -- Error1:0.00
Phase:train -- Batch_idx:200/391-- 3037.62 samples/sec-- Loss:0.00 -- Error1:0.00
Phase:train -- Batch_idx:300/391-- 3067.74 samples/sec-- Loss:0.00 -- Error1:0.00
Train_Loss = 0.0022162149519473315, Train_Err = 0.0
Val_Loss = 0.38387529134750364, Val_Err = 11.94
Epoch: [187 | 200]
Phase:train -- Batch_idx:100/391-- 2954.23 samples/sec-- Loss:0.00 -- Error1:0.00
Phase:train -- Batch_idx:200/391-- 3039.10 samples/sec-- Loss:0.00 -- Error1:0.00
Phase:train -- Batch_idx:300/391-- 3069.65 samples/sec-- Loss:0.00 -- Error1:0.00
Train_Loss = 0.0022406551084667445, Train_Err = 0.0
Val_Loss = 0.3824244432449341, Val_Err = 11.93
Epoch: [188 | 200]
Phase:train -- Batch_idx:100/391-- 2958.87 samples/sec-- Loss:0.00 -- Error1:0.00
Phase:train -- Batch_idx:200/391-- 3042.45 samples/sec-- Loss:0.00 -- Error1:0.00
Phase:train -- Batch_idx:300/391-- 3070.62 samples/sec-- Loss:0.00 -- Error1:0.00
Train_Loss = 0.0022089256580919026, Train_Err = 0.0
Val_Loss = 0.3847964270591736, Val_Err = 12.01
Epoch: [189 | 200]
Phase:train -- Batch_idx:100/391-- 2946.12 samples/sec-- Loss:0.00 -- Error1:0.00
Phase:train -- Batch_idx:200/391-- 3032.61 samples/sec-- Loss:0.00 -- Error1:0.00
Phase:train -- Batch_idx:300/391-- 3062.92 samples/sec-- Loss:0.00 -- Error1:0.00
Train_Loss = 0.002201828148290515, Train_Err = 0.0
Val_Loss = 0.3828104684829712, Val_Err = 11.92
Epoch: [190 | 200]
Phase:train -- Batch_idx:100/391-- 2955.26 samples/sec-- Loss:0.00 -- Error1:0.00
Phase:train -- Batch_idx:200/391-- 3040.31 samples/sec-- Loss:0.00 -- Error1:0.00
Phase:train -- Batch_idx:300/391-- 3069.70 samples/sec-- Loss:0.00 -- Error1:0.00
Train_Loss = 0.002216703594774008, Train_Err = 0.0
Val_Loss = 0.38307570991516116, Val_Err = 11.98
Epoch: [191 | 200]
Phase:train -- Batch_idx:100/391-- 2951.29 samples/sec-- Loss:0.00 -- Error1:0.00
Phase:train -- Batch_idx:200/391-- 3038.52 samples/sec-- Loss:0.00 -- Error1:0.00
Phase:train -- Batch_idx:300/391-- 3068.53 samples/sec-- Loss:0.00 -- Error1:0.00
Train_Loss = 0.0022675214706361292, Train_Err = 0.0
Val_Loss = 0.38126793241500856, Val_Err = 11.85
Epoch: [192 | 200]
Phase:train -- Batch_idx:100/391-- 2916.95 samples/sec-- Loss:0.00 -- Error1:0.00
Phase:train -- Batch_idx:200/391-- 3017.65 samples/sec-- Loss:0.00 -- Error1:0.00
Phase:train -- Batch_idx:300/391-- 3052.56 samples/sec-- Loss:0.00 -- Error1:0.00
Train_Loss = 0.002150091650560498, Train_Err = 0.0
Val_Loss = 0.38360862760543823, Val_Err = 11.95
Epoch: [193 | 200]
Phase:train -- Batch_idx:100/391-- 2954.23 samples/sec-- Loss:0.00 -- Error1:0.00
Phase:train -- Batch_idx:200/391-- 3039.82 samples/sec-- Loss:0.00 -- Error1:0.00
Phase:train -- Batch_idx:300/391-- 3068.94 samples/sec-- Loss:0.00 -- Error1:0.00
Train_Loss = 0.0021953226928412913, Train_Err = 0.0
Val_Loss = 0.3830157341003418, Val_Err = 12.06
Epoch: [194 | 200]
Phase:train -- Batch_idx:100/391-- 2934.75 samples/sec-- Loss:0.00 -- Error1:0.00
Phase:train -- Batch_idx:200/391-- 3028.76 samples/sec-- Loss:0.00 -- Error1:0.00
Phase:train -- Batch_idx:300/391-- 3061.87 samples/sec-- Loss:0.00 -- Error1:0.00
Train_Loss = 0.0022133966760337354, Train_Err = 0.0
Val_Loss = 0.38213555316925046, Val_Err = 11.92
Epoch: [195 | 200]
Phase:train -- Batch_idx:100/391-- 2957.69 samples/sec-- Loss:0.00 -- Error1:0.00
Phase:train -- Batch_idx:200/391-- 3041.05 samples/sec-- Loss:0.00 -- Error1:0.00
Phase:train -- Batch_idx:300/391-- 3070.00 samples/sec-- Loss:0.00 -- Error1:0.00
Train_Loss = 0.002236238790601492, Train_Err = 0.0
Val_Loss = 0.3846068371772766, Val_Err = 11.98
Epoch: [196 | 200]
Phase:train -- Batch_idx:100/391-- 2949.18 samples/sec-- Loss:0.00 -- Error1:0.00
Phase:train -- Batch_idx:200/391-- 3038.12 samples/sec-- Loss:0.00 -- Error1:0.00
Phase:train -- Batch_idx:300/391-- 3067.35 samples/sec-- Loss:0.00 -- Error1:0.00
Train_Loss = 0.002236116475015879, Train_Err = 0.0
Val_Loss = 0.3821382290840149, Val_Err = 12.03
Epoch: [197 | 200]
Phase:train -- Batch_idx:100/391-- 2956.13 samples/sec-- Loss:0.00 -- Error1:0.00
Phase:train -- Batch_idx:200/391-- 3039.80 samples/sec-- Loss:0.00 -- Error1:0.00
Phase:train -- Batch_idx:300/391-- 3069.39 samples/sec-- Loss:0.00 -- Error1:0.00
Train_Loss = 0.0022233549080044033, Train_Err = 0.0
Val_Loss = 0.3834711827278137, Val_Err = 12.03
Epoch: [198 | 200]
Phase:train -- Batch_idx:100/391-- 2963.28 samples/sec-- Loss:0.00 -- Error1:0.00
Phase:train -- Batch_idx:200/391-- 3045.75 samples/sec-- Loss:0.00 -- Error1:0.00
Phase:train -- Batch_idx:300/391-- 3073.00 samples/sec-- Loss:0.00 -- Error1:0.00
Train_Loss = 0.0022047283597290517, Train_Err = 0.0
Val_Loss = 0.38089890546798705, Val_Err = 12.05
Epoch: [199 | 200]
Phase:train -- Batch_idx:100/391-- 2952.76 samples/sec-- Loss:0.00 -- Error1:0.00
Phase:train -- Batch_idx:200/391-- 3037.00 samples/sec-- Loss:0.00 -- Error1:0.00
Phase:train -- Batch_idx:300/391-- 3065.72 samples/sec-- Loss:0.00 -- Error1:0.00
Train_Loss = 0.0022560425511747597, Train_Err = 0.0
Val_Loss = 0.3816774110794067, Val_Err = 11.98
