root: Namespace(M=8, batch_size=16, cp_dir='checkpoints/basic_cutout/cifar10/ssgd/run_ms_1/pyramidnet_272_bottleneck_8_8_0.0005/run0', depth=272, dtype='cifar10', epochs=300, img_aug='basic_cutout', inc=15, learning_rate=0.1, momentum=0.9, mtype='pyramidnet', num_classes=10, resume=None, seed=1, std=0.0005, threads=4, weight_decay=0.0001, width_factor=8)
root: Epoch: [0 | 300]
root: Train_Loss = 0.2025277316570282, Train_Err = 58.854
root: Val_Loss = 1.0773166418075562, Val_Err = 37.77
root: Epoch: [1 | 300]
root: Train_Loss = 0.13079994916915894, Train_Err = 36.804
root: Val_Loss = 0.7903077602386475, Val_Err = 26.73
root: Epoch: [2 | 300]
root: Train_Loss = 0.10137541592121124, Train_Err = 28.156
root: Val_Loss = 0.5885221362113953, Val_Err = 20.06
root: Epoch: [3 | 300]
root: Train_Loss = 0.08583728224039078, Train_Err = 23.9
root: Val_Loss = 0.53016197681427, Val_Err = 17.7
root: Epoch: [4 | 300]
root: Train_Loss = 0.07514160871505737, Train_Err = 20.868
root: Val_Loss = 0.4526098370552063, Val_Err = 15.36
root: Epoch: [5 | 300]
root: Train_Loss = 0.06766175478696823, Train_Err = 18.448
root: Val_Loss = 0.4371621608734131, Val_Err = 14.63
root: Epoch: [6 | 300]
root: Train_Loss = 0.0617758184671402, Train_Err = 16.98
root: Val_Loss = 0.3869069516658783, Val_Err = 13.02
root: Epoch: [7 | 300]
root: Train_Loss = 0.05749935284256935, Train_Err = 15.854
root: Val_Loss = 0.3612862825393677, Val_Err = 12.08
root: Epoch: [8 | 300]
root: Train_Loss = 0.05299926549196243, Train_Err = 14.312
root: Val_Loss = 0.33357417583465576, Val_Err = 11.17
root: Epoch: [9 | 300]
root: Train_Loss = 0.05054366588592529, Train_Err = 13.84
root: Val_Loss = 0.33857157826423645, Val_Err = 11.34
root: Epoch: [10 | 300]
root: Train_Loss = 0.04765939712524414, Train_Err = 13.108
root: Val_Loss = 0.33322906494140625, Val_Err = 11.4
root: Epoch: [11 | 300]
root: Train_Loss = 0.045750170946121216, Train_Err = 12.618
root: Val_Loss = 0.31594985723495483, Val_Err = 10.77
root: Epoch: [12 | 300]
root: Train_Loss = 0.043354228138923645, Train_Err = 11.918
root: Val_Loss = 0.3266761600971222, Val_Err = 10.97
root: Epoch: [13 | 300]
root: Train_Loss = 0.04174592345952988, Train_Err = 11.418
root: Val_Loss = 0.31793156266212463, Val_Err = 10.53
root: Epoch: [14 | 300]
root: Train_Loss = 0.04011312872171402, Train_Err = 10.948
root: Val_Loss = 0.2896839380264282, Val_Err = 9.69
root: Epoch: [15 | 300]
root: Train_Loss = 0.03863393887877464, Train_Err = 10.738
root: Val_Loss = 0.29073411226272583, Val_Err = 9.61
root: Epoch: [16 | 300]
root: Train_Loss = 0.03762016072869301, Train_Err = 10.352
root: Val_Loss = 0.2905450463294983, Val_Err = 9.64
root: Epoch: [17 | 300]
root: Train_Loss = 0.03602229803800583, Train_Err = 9.928
root: Val_Loss = 0.2773187458515167, Val_Err = 9.26
root: Epoch: [18 | 300]
root: Train_Loss = 0.03546899929642677, Train_Err = 9.834
root: Val_Loss = 0.28358420729637146, Val_Err = 9.19
root: Epoch: [19 | 300]
root: Train_Loss = 0.03473071753978729, Train_Err = 9.59
root: Val_Loss = 0.2557106614112854, Val_Err = 8.36
root: Epoch: [20 | 300]
root: Train_Loss = 0.03282732889056206, Train_Err = 9.074
root: Val_Loss = 0.27256399393081665, Val_Err = 9.06
root: Epoch: [21 | 300]
root: Train_Loss = 0.03214279189705849, Train_Err = 8.802
root: Val_Loss = 0.2704009413719177, Val_Err = 8.61
root: Epoch: [22 | 300]
root: Train_Loss = 0.03147303685545921, Train_Err = 8.74
root: Val_Loss = 0.2773454487323761, Val_Err = 8.86
root: Epoch: [23 | 300]
root: Train_Loss = 0.030309079214930534, Train_Err = 8.45
root: Val_Loss = 0.27097639441490173, Val_Err = 8.9
root: Epoch: [24 | 300]
root: Train_Loss = 0.03041788563132286, Train_Err = 8.404
root: Val_Loss = 0.2484966665506363, Val_Err = 8.21
root: Epoch: [25 | 300]
root: Train_Loss = 0.029544508084654808, Train_Err = 8.168
root: Val_Loss = 0.23770280182361603, Val_Err = 7.86
root: Epoch: [26 | 300]
root: Train_Loss = 0.029008667916059494, Train_Err = 8.094
root: Val_Loss = 0.237046018242836, Val_Err = 7.61
root: Epoch: [27 | 300]
root: Train_Loss = 0.028401434421539307, Train_Err = 7.826
root: Val_Loss = 0.24886779487133026, Val_Err = 8.0
root: Epoch: [28 | 300]
root: Train_Loss = 0.02817211113870144, Train_Err = 7.688
root: Val_Loss = 0.25103211402893066, Val_Err = 7.93
root: Epoch: [29 | 300]
root: Train_Loss = 0.02794579789042473, Train_Err = 7.752
root: Val_Loss = 0.245876282453537, Val_Err = 7.79
root: Epoch: [30 | 300]
root: Train_Loss = 0.027253251522779465, Train_Err = 7.528
root: Val_Loss = 0.24306096136569977, Val_Err = 7.93
root: Epoch: [31 | 300]
root: Train_Loss = 0.026934245601296425, Train_Err = 7.274
root: Val_Loss = 0.23502814769744873, Val_Err = 7.64
root: Epoch: [32 | 300]
root: Train_Loss = 0.026760688051581383, Train_Err = 7.372
root: Val_Loss = 0.2402258962392807, Val_Err = 7.69
root: Epoch: [33 | 300]
root: Train_Loss = 0.02660854160785675, Train_Err = 7.318
root: Val_Loss = 0.24911275506019592, Val_Err = 7.99
root: Epoch: [34 | 300]
root: Train_Loss = 0.025684038177132607, Train_Err = 7.218
root: Val_Loss = 0.2372276484966278, Val_Err = 7.36
root: Epoch: [35 | 300]
root: Train_Loss = 0.024996478110551834, Train_Err = 6.814
root: Val_Loss = 0.250907838344574, Val_Err = 7.72
root: Epoch: [36 | 300]
root: Train_Loss = 0.026135433465242386, Train_Err = 7.252
root: Val_Loss = 0.23872104287147522, Val_Err = 7.79
root: Epoch: [37 | 300]
root: Train_Loss = 0.025186041370034218, Train_Err = 6.958
root: Val_Loss = 0.2510133385658264, Val_Err = 7.75
root: Epoch: [38 | 300]
root: Train_Loss = 0.024872804060578346, Train_Err = 6.882
root: Val_Loss = 0.23942536115646362, Val_Err = 7.37
root: Epoch: [39 | 300]
root: Train_Loss = 0.024301502853631973, Train_Err = 6.768
root: Val_Loss = 0.24151918292045593, Val_Err = 7.74
root: Epoch: [40 | 300]
root: Train_Loss = 0.02469073235988617, Train_Err = 6.8
root: Val_Loss = 0.2017524540424347, Val_Err = 6.57
root: Epoch: [41 | 300]
root: Train_Loss = 0.02291576936841011, Train_Err = 6.344
root: Val_Loss = 0.2333076149225235, Val_Err = 7.53
root: Epoch: [42 | 300]
root: Train_Loss = 0.023682069033384323, Train_Err = 6.67
root: Val_Loss = 0.24510611593723297, Val_Err = 7.79
root: Epoch: [43 | 300]
root: Train_Loss = 0.023821942508220673, Train_Err = 6.596
root: Val_Loss = 0.22158117592334747, Val_Err = 6.8
root: Epoch: [44 | 300]
root: Train_Loss = 0.023603076115250587, Train_Err = 6.486
root: Val_Loss = 0.2301470935344696, Val_Err = 7.62
root: Epoch: [45 | 300]
root: Train_Loss = 0.02373266965150833, Train_Err = 6.478
root: Val_Loss = 0.21881112456321716, Val_Err = 6.93
root: Epoch: [46 | 300]
root: Train_Loss = 0.023035068064928055, Train_Err = 6.35
root: Val_Loss = 0.2509959042072296, Val_Err = 7.8
root: Epoch: [47 | 300]
root: Train_Loss = 0.023453112691640854, Train_Err = 6.4
root: Val_Loss = 0.2087894231081009, Val_Err = 6.77
root: Epoch: [48 | 300]
root: Train_Loss = 0.022678708657622337, Train_Err = 6.262
root: Val_Loss = 0.21684691309928894, Val_Err = 6.71
root: Epoch: [49 | 300]
root: Train_Loss = 0.02304394543170929, Train_Err = 6.36
root: Val_Loss = 0.24724650382995605, Val_Err = 7.8
root: Epoch: [50 | 300]
root: Train_Loss = 0.022229958325624466, Train_Err = 6.042
root: Val_Loss = 0.21658602356910706, Val_Err = 7.13
root: Epoch: [51 | 300]
root: Train_Loss = 0.02224648930132389, Train_Err = 6.1
root: Val_Loss = 0.2293155938386917, Val_Err = 6.75
root: Epoch: [52 | 300]
root: Train_Loss = 0.02180011197924614, Train_Err = 6.046
root: Val_Loss = 0.22812531888484955, Val_Err = 7.08
root: Epoch: [53 | 300]
root: Train_Loss = 0.0220427755266428, Train_Err = 6.03
root: Val_Loss = 0.21508671343326569, Val_Err = 6.84
root: Epoch: [54 | 300]
root: Train_Loss = 0.022303607314825058, Train_Err = 6.278
root: Val_Loss = 0.20266515016555786, Val_Err = 6.18
root: Epoch: [55 | 300]
root: Train_Loss = 0.021877892315387726, Train_Err = 6.112
root: Val_Loss = 0.20736412703990936, Val_Err = 6.55
root: Epoch: [56 | 300]
root: Train_Loss = 0.021727781742811203, Train_Err = 6.052
root: Val_Loss = 0.23259291052818298, Val_Err = 7.2
root: Epoch: [57 | 300]
root: Train_Loss = 0.021410217508673668, Train_Err = 5.988
root: Val_Loss = 0.23795481026172638, Val_Err = 7.29
root: Epoch: [58 | 300]
root: Train_Loss = 0.021710900589823723, Train_Err = 6.02
root: Val_Loss = 0.21109448373317719, Val_Err = 6.68
root: Epoch: [59 | 300]
root: Train_Loss = 0.02140624262392521, Train_Err = 5.882
root: Val_Loss = 0.21248851716518402, Val_Err = 6.68
root: Epoch: [60 | 300]
root: Train_Loss = 0.02149990200996399, Train_Err = 5.934
root: Val_Loss = 0.20484516024589539, Val_Err = 6.4
root: Epoch: [61 | 300]
root: Train_Loss = 0.02119852788746357, Train_Err = 5.828
root: Val_Loss = 0.22554980218410492, Val_Err = 7.07
root: Epoch: [62 | 300]
root: Train_Loss = 0.021326029673218727, Train_Err = 5.894
root: Val_Loss = 0.2256876826286316, Val_Err = 6.95
root: Epoch: [63 | 300]
root: Train_Loss = 0.02116694115102291, Train_Err = 5.842
root: Val_Loss = 0.22161097824573517, Val_Err = 6.91
root: Epoch: [64 | 300]
root: Train_Loss = 0.019924979656934738, Train_Err = 5.464
root: Val_Loss = 0.227722629904747, Val_Err = 6.92
root: Epoch: [65 | 300]
root: Train_Loss = 0.020833726972341537, Train_Err = 5.78
root: Val_Loss = 0.19988533854484558, Val_Err = 5.94
root: Epoch: [66 | 300]
root: Train_Loss = 0.020438343286514282, Train_Err = 5.574
root: Val_Loss = 0.2192661315202713, Val_Err = 6.6
root: Epoch: [67 | 300]
root: Train_Loss = 0.01968885026872158, Train_Err = 5.47
root: Val_Loss = 0.1897946149110794, Val_Err = 6.15
root: Epoch: [68 | 300]
root: Train_Loss = 0.019978482276201248, Train_Err = 5.592
root: Val_Loss = 0.20935653150081635, Val_Err = 6.43
root: Epoch: [69 | 300]
root: Train_Loss = 0.01989768072962761, Train_Err = 5.454
root: Val_Loss = 0.22355224192142487, Val_Err = 6.68
root: Epoch: [70 | 300]
root: Train_Loss = 0.020511144772171974, Train_Err = 5.702
root: Val_Loss = 0.21623750030994415, Val_Err = 6.58
root: Epoch: [71 | 300]
root: Train_Loss = 0.02042451687157154, Train_Err = 5.66
root: Val_Loss = 0.2037273496389389, Val_Err = 6.27
root: Epoch: [72 | 300]
root: Train_Loss = 0.020045829936861992, Train_Err = 5.524
root: Val_Loss = 0.18884806334972382, Val_Err = 5.86
root: Epoch: [73 | 300]
root: Train_Loss = 0.019583508372306824, Train_Err = 5.412
root: Val_Loss = 0.2036745250225067, Val_Err = 6.16
root: Epoch: [74 | 300]
root: Train_Loss = 0.020037170499563217, Train_Err = 5.574
root: Val_Loss = 0.25018763542175293, Val_Err = 7.22
root: Epoch: [75 | 300]
root: Train_Loss = 0.019587785005569458, Train_Err = 5.456
root: Val_Loss = 0.21125510334968567, Val_Err = 6.86
root: Epoch: [76 | 300]
root: Train_Loss = 0.019786857068538666, Train_Err = 5.456
root: Val_Loss = 0.2113649547100067, Val_Err = 6.19
root: Epoch: [77 | 300]
root: Train_Loss = 0.019696813076734543, Train_Err = 5.418
root: Val_Loss = 0.22662755846977234, Val_Err = 6.75
root: Epoch: [78 | 300]
root: Train_Loss = 0.020306242629885674, Train_Err = 5.534
root: Val_Loss = 0.22252291440963745, Val_Err = 6.61
root: Epoch: [79 | 300]
root: Train_Loss = 0.019068067893385887, Train_Err = 5.218
root: Val_Loss = 0.2091658115386963, Val_Err = 6.67
root: Epoch: [80 | 300]
root: Train_Loss = 0.019414085894823074, Train_Err = 5.308
root: Val_Loss = 0.18938274681568146, Val_Err = 5.88
root: Epoch: [81 | 300]
root: Train_Loss = 0.019548024982213974, Train_Err = 5.376
root: Val_Loss = 0.21309703588485718, Val_Err = 6.55
root: Epoch: [82 | 300]
root: Train_Loss = 0.01942664198577404, Train_Err = 5.3
root: Val_Loss = 0.2158941626548767, Val_Err = 6.44
root: Epoch: [83 | 300]
root: Train_Loss = 0.019283341243863106, Train_Err = 5.266
root: Val_Loss = 0.2031441181898117, Val_Err = 5.98
root: Epoch: [84 | 300]
root: Train_Loss = 0.019636234268546104, Train_Err = 5.464
root: Val_Loss = 0.22495311498641968, Val_Err = 6.57
root: Epoch: [85 | 300]
root: Train_Loss = 0.018661946058273315, Train_Err = 5.076
root: Val_Loss = 0.20826749503612518, Val_Err = 6.42
root: Epoch: [86 | 300]
root: Train_Loss = 0.019002722576260567, Train_Err = 5.136
root: Val_Loss = 0.20347513258457184, Val_Err = 6.17
root: Epoch: [87 | 300]
root: Train_Loss = 0.019393274560570717, Train_Err = 5.304
root: Val_Loss = 0.25866007804870605, Val_Err = 7.94
root: Epoch: [88 | 300]
root: Train_Loss = 0.018739748746156693, Train_Err = 5.164
root: Val_Loss = 0.2078947275876999, Val_Err = 6.27
root: Epoch: [89 | 300]
root: Train_Loss = 0.019207818433642387, Train_Err = 5.344
root: Val_Loss = 0.20130270719528198, Val_Err = 6.08
root: Epoch: [90 | 300]
root: Train_Loss = 0.01911918818950653, Train_Err = 5.302
root: Val_Loss = 0.22926659882068634, Val_Err = 7.03
root: Epoch: [91 | 300]
root: Train_Loss = 0.018151551485061646, Train_Err = 4.992
root: Val_Loss = 0.19793492555618286, Val_Err = 6.1
root: Epoch: [92 | 300]
root: Train_Loss = 0.018228597939014435, Train_Err = 4.938
root: Val_Loss = 0.20399026572704315, Val_Err = 6.18
root: Epoch: [93 | 300]
root: Train_Loss = 0.018752211704850197, Train_Err = 5.104
root: Val_Loss = 0.2057618796825409, Val_Err = 6.2
root: Epoch: [94 | 300]
root: Train_Loss = 0.01888713799417019, Train_Err = 5.192
root: Val_Loss = 0.21630898118019104, Val_Err = 6.65
root: Epoch: [95 | 300]
root: Train_Loss = 0.018763722851872444, Train_Err = 5.184
root: Val_Loss = 0.20608893036842346, Val_Err = 6.37
root: Epoch: [96 | 300]
root: Train_Loss = 0.017789633944630623, Train_Err = 4.896
root: Val_Loss = 0.2177550196647644, Val_Err = 6.85
root: Epoch: [97 | 300]
root: Train_Loss = 0.01822703517973423, Train_Err = 5.04
root: Val_Loss = 0.21256877481937408, Val_Err = 6.57
root: Epoch: [98 | 300]
root: Train_Loss = 0.017917484045028687, Train_Err = 4.888
root: Val_Loss = 0.20850268006324768, Val_Err = 6.5
root: Epoch: [99 | 300]
root: Train_Loss = 0.01817144826054573, Train_Err = 4.908
root: Val_Loss = 0.22105388343334198, Val_Err = 6.36
root: Epoch: [100 | 300]
root: Train_Loss = 0.018209176138043404, Train_Err = 5.042
root: Val_Loss = 0.2186724841594696, Val_Err = 6.41
root: Epoch: [101 | 300]
root: Train_Loss = 0.018808189779520035, Train_Err = 5.21
root: Val_Loss = 0.2062765508890152, Val_Err = 6.44
root: Epoch: [102 | 300]
root: Train_Loss = 0.018235662952065468, Train_Err = 5.0
root: Val_Loss = 0.1812700480222702, Val_Err = 5.79
root: Epoch: [103 | 300]
root: Train_Loss = 0.01828727498650551, Train_Err = 5.102
root: Val_Loss = 0.2008739858865738, Val_Err = 6.0
root: Epoch: [104 | 300]
root: Train_Loss = 0.01804390735924244, Train_Err = 5.036
root: Val_Loss = 0.20077930390834808, Val_Err = 5.93
root: Epoch: [105 | 300]
root: Train_Loss = 0.01765207201242447, Train_Err = 4.918
root: Val_Loss = 0.22372666001319885, Val_Err = 6.54
root: Epoch: [106 | 300]
root: Train_Loss = 0.018114903941750526, Train_Err = 5.076
root: Val_Loss = 0.18846876919269562, Val_Err = 5.76
root: Epoch: [107 | 300]
root: Train_Loss = 0.017326990142464638, Train_Err = 4.76
root: Val_Loss = 0.19736476242542267, Val_Err = 6.31
root: Epoch: [108 | 300]
root: Train_Loss = 0.017807314172387123, Train_Err = 4.922
root: Val_Loss = 0.19066473841667175, Val_Err = 5.77
root: Epoch: [109 | 300]
root: Train_Loss = 0.017310108989477158, Train_Err = 4.804
root: Val_Loss = 0.19659876823425293, Val_Err = 5.91
root: Epoch: [110 | 300]
root: Train_Loss = 0.017030615359544754, Train_Err = 4.662
root: Val_Loss = 0.1945311576128006, Val_Err = 5.91
root: Epoch: [111 | 300]
root: Train_Loss = 0.01744174212217331, Train_Err = 4.896
root: Val_Loss = 0.18922890722751617, Val_Err = 5.66
root: Epoch: [112 | 300]
root: Train_Loss = 0.017266422510147095, Train_Err = 4.782
root: Val_Loss = 0.19345663487911224, Val_Err = 5.94
root: Epoch: [113 | 300]
root: Train_Loss = 0.017450200393795967, Train_Err = 4.82
root: Val_Loss = 0.20055344700813293, Val_Err = 6.51
root: Epoch: [114 | 300]
root: Train_Loss = 0.017220867797732353, Train_Err = 4.802
root: Val_Loss = 0.19219401478767395, Val_Err = 5.88
root: Epoch: [115 | 300]
root: Train_Loss = 0.0182180218398571, Train_Err = 5.014
root: Val_Loss = 0.18745340406894684, Val_Err = 5.84
root: Epoch: [116 | 300]
root: Train_Loss = 0.017619991675019264, Train_Err = 4.928
root: Val_Loss = 0.18845400214195251, Val_Err = 5.76
root: Epoch: [117 | 300]
root: Train_Loss = 0.01798156462609768, Train_Err = 4.852
root: Val_Loss = 0.1898614764213562, Val_Err = 5.9
root: Epoch: [118 | 300]
root: Train_Loss = 0.017424730584025383, Train_Err = 4.718
root: Val_Loss = 0.1936160773038864, Val_Err = 6.08
root: Epoch: [119 | 300]
root: Train_Loss = 0.016859818249940872, Train_Err = 4.654
root: Val_Loss = 0.20233774185180664, Val_Err = 5.96
root: Epoch: [120 | 300]
root: Train_Loss = 0.01757364720106125, Train_Err = 4.746
root: Val_Loss = 0.16769640147686005, Val_Err = 5.17
root: Epoch: [121 | 300]
root: Train_Loss = 0.017689885571599007, Train_Err = 4.954
root: Val_Loss = 0.1844017654657364, Val_Err = 5.62
root: Epoch: [122 | 300]
root: Train_Loss = 0.016914689913392067, Train_Err = 4.616
root: Val_Loss = 0.196274995803833, Val_Err = 5.95
root: Epoch: [123 | 300]
root: Train_Loss = 0.01698954775929451, Train_Err = 4.606
root: Val_Loss = 0.2077229619026184, Val_Err = 6.47
root: Epoch: [124 | 300]
root: Train_Loss = 0.017265764996409416, Train_Err = 4.834
root: Val_Loss = 0.18532688915729523, Val_Err = 5.79
root: Epoch: [125 | 300]
root: Train_Loss = 0.01711430214345455, Train_Err = 4.642
root: Val_Loss = 0.20303170382976532, Val_Err = 6.12
root: Epoch: [126 | 300]
root: Train_Loss = 0.016726600006222725, Train_Err = 4.622
root: Val_Loss = 0.21759843826293945, Val_Err = 6.78
root: Epoch: [127 | 300]
root: Train_Loss = 0.017397478222846985, Train_Err = 4.866
root: Val_Loss = 0.20853297412395477, Val_Err = 6.19
root: Epoch: [128 | 300]
root: Train_Loss = 0.017100898548960686, Train_Err = 4.68
root: Val_Loss = 0.19415616989135742, Val_Err = 5.96
root: Epoch: [129 | 300]
root: Train_Loss = 0.017747467383742332, Train_Err = 4.876
root: Val_Loss = 0.17413099110126495, Val_Err = 5.41
root: Epoch: [130 | 300]
root: Train_Loss = 0.016493232920765877, Train_Err = 4.46
root: Val_Loss = 0.18389208614826202, Val_Err = 5.4
root: Epoch: [131 | 300]
root: Train_Loss = 0.016828538849949837, Train_Err = 4.656
root: Val_Loss = 0.19641424715518951, Val_Err = 6.01
root: Epoch: [132 | 300]
root: Train_Loss = 0.016648953780531883, Train_Err = 4.484
root: Val_Loss = 0.18379394710063934, Val_Err = 5.81
root: Epoch: [133 | 300]
root: Train_Loss = 0.016857922077178955, Train_Err = 4.58
root: Val_Loss = 0.16925397515296936, Val_Err = 5.04
root: Epoch: [134 | 300]
root: Train_Loss = 0.016708960756659508, Train_Err = 4.78
root: Val_Loss = 0.20410969853401184, Val_Err = 6.09
root: Epoch: [135 | 300]
root: Train_Loss = 0.016663366928696632, Train_Err = 4.684
root: Val_Loss = 0.21996064484119415, Val_Err = 6.42
root: Epoch: [136 | 300]
root: Train_Loss = 0.016715267673134804, Train_Err = 4.586
root: Val_Loss = 0.20518158376216888, Val_Err = 6.04
root: Epoch: [137 | 300]
root: Train_Loss = 0.016708984971046448, Train_Err = 4.518
root: Val_Loss = 0.18794715404510498, Val_Err = 5.87
root: Epoch: [138 | 300]
root: Train_Loss = 0.01636788249015808, Train_Err = 4.442
root: Val_Loss = 0.20186400413513184, Val_Err = 5.83
root: Epoch: [139 | 300]
root: Train_Loss = 0.016438493505120277, Train_Err = 4.538
root: Val_Loss = 0.19360075891017914, Val_Err = 5.91
root: Epoch: [140 | 300]
root: Train_Loss = 0.017023542895913124, Train_Err = 4.604
root: Val_Loss = 0.1842431277036667, Val_Err = 5.34
root: Epoch: [141 | 300]
root: Train_Loss = 0.016500679776072502, Train_Err = 4.582
root: Val_Loss = 0.17758709192276, Val_Err = 5.6
root: Epoch: [142 | 300]
root: Train_Loss = 0.01679535210132599, Train_Err = 4.514
root: Val_Loss = 0.16710233688354492, Val_Err = 5.15
root: Epoch: [143 | 300]
root: Train_Loss = 0.017157379537820816, Train_Err = 4.694
root: Val_Loss = 0.18150703608989716, Val_Err = 5.71
root: Epoch: [144 | 300]
root: Train_Loss = 0.016355613246560097, Train_Err = 4.488
root: Val_Loss = 0.18580155074596405, Val_Err = 5.39
root: Epoch: [145 | 300]
root: Train_Loss = 0.016696728765964508, Train_Err = 4.512
root: Val_Loss = 0.18478867411613464, Val_Err = 5.62
root: Epoch: [146 | 300]
root: Train_Loss = 0.016216473653912544, Train_Err = 4.47
root: Val_Loss = 0.18215641379356384, Val_Err = 5.53
root: Epoch: [147 | 300]
root: Train_Loss = 0.016902031376957893, Train_Err = 4.692
root: Val_Loss = 0.2082354724407196, Val_Err = 5.93
root: Epoch: [148 | 300]
root: Train_Loss = 0.016532201319932938, Train_Err = 4.588
root: Val_Loss = 0.20565547049045563, Val_Err = 6.04
root: Epoch: [149 | 300]
root: Train_Loss = 0.016058100387454033, Train_Err = 4.42
root: Val_Loss = 0.2285420149564743, Val_Err = 6.61
root: Epoch: [150 | 300]
root: Train_Loss = 0.00841292180120945, Train_Err = 2.288
root: Val_Loss = 0.12685230374336243, Val_Err = 3.74
root: Epoch: [151 | 300]
root: Train_Loss = 0.005733808968216181, Train_Err = 1.522
root: Val_Loss = 0.11497274041175842, Val_Err = 3.36
root: Epoch: [152 | 300]
root: Train_Loss = 0.005125692579895258, Train_Err = 1.326
root: Val_Loss = 0.1126774400472641, Val_Err = 3.17
root: Epoch: [153 | 300]
root: Train_Loss = 0.004319046624004841, Train_Err = 1.122
root: Val_Loss = 0.11003363877534866, Val_Err = 3.09
root: Epoch: [154 | 300]
root: Train_Loss = 0.004142568446695805, Train_Err = 1.052
root: Val_Loss = 0.11252211779356003, Val_Err = 3.18
root: Epoch: [155 | 300]
root: Train_Loss = 0.0039056246168911457, Train_Err = 1.02
root: Val_Loss = 0.11176013201475143, Val_Err = 3.12
root: Epoch: [156 | 300]
root: Train_Loss = 0.0036140759475529194, Train_Err = 0.948
root: Val_Loss = 0.10932737588882446, Val_Err = 3.06
root: Epoch: [157 | 300]
root: Train_Loss = 0.0033686261158436537, Train_Err = 0.884
root: Val_Loss = 0.11210445314645767, Val_Err = 3.18
root: Epoch: [158 | 300]
root: Train_Loss = 0.0034856749698519707, Train_Err = 0.968
root: Val_Loss = 0.10819598287343979, Val_Err = 2.96
root: Epoch: [159 | 300]
root: Train_Loss = 0.003434299724176526, Train_Err = 0.892
root: Val_Loss = 0.10543347895145416, Val_Err = 2.92
root: Epoch: [160 | 300]
root: Train_Loss = 0.003254086012020707, Train_Err = 0.866
root: Val_Loss = 0.10877154022455215, Val_Err = 3.05
root: Epoch: [161 | 300]
root: Train_Loss = 0.003248147899284959, Train_Err = 0.84
root: Val_Loss = 0.11704017221927643, Val_Err = 3.29
root: Epoch: [162 | 300]
root: Train_Loss = 0.0031177285127341747, Train_Err = 0.838
root: Val_Loss = 0.11614956706762314, Val_Err = 3.2
root: Epoch: [163 | 300]
root: Train_Loss = 0.0030180360190570354, Train_Err = 0.79
root: Val_Loss = 0.1141100525856018, Val_Err = 3.02
root: Epoch: [164 | 300]
root: Train_Loss = 0.003058647271245718, Train_Err = 0.822
root: Val_Loss = 0.11093176901340485, Val_Err = 2.98
root: Epoch: [165 | 300]
root: Train_Loss = 0.0027374038472771645, Train_Err = 0.736
root: Val_Loss = 0.1064821258187294, Val_Err = 2.96
root: Epoch: [166 | 300]
root: Train_Loss = 0.0027430965565145016, Train_Err = 0.768
root: Val_Loss = 0.10754786431789398, Val_Err = 2.87
root: Epoch: [167 | 300]
root: Train_Loss = 0.0029002376832067966, Train_Err = 0.774
root: Val_Loss = 0.10909795016050339, Val_Err = 2.99
root: Epoch: [168 | 300]
root: Train_Loss = 0.0027806973084807396, Train_Err = 0.768
root: Val_Loss = 0.1151704415678978, Val_Err = 3.05
root: Epoch: [169 | 300]
root: Train_Loss = 0.002752055646851659, Train_Err = 0.756
root: Val_Loss = 0.11657934635877609, Val_Err = 2.99
root: Epoch: [170 | 300]
root: Train_Loss = 0.0027241406496614218, Train_Err = 0.73
root: Val_Loss = 0.11101541668176651, Val_Err = 2.94
root: Epoch: [171 | 300]
root: Train_Loss = 0.0026035381015390158, Train_Err = 0.706
root: Val_Loss = 0.10841507464647293, Val_Err = 2.85
root: Epoch: [172 | 300]
root: Train_Loss = 0.0028913316782563925, Train_Err = 0.742
root: Val_Loss = 0.10757943987846375, Val_Err = 3.0
root: Epoch: [173 | 300]
root: Train_Loss = 0.0027327672578394413, Train_Err = 0.718
root: Val_Loss = 0.11124234646558762, Val_Err = 2.93
root: Epoch: [174 | 300]
root: Train_Loss = 0.0026068685110658407, Train_Err = 0.742
root: Val_Loss = 0.11143901944160461, Val_Err = 3.06
root: Epoch: [175 | 300]
root: Train_Loss = 0.002676046686246991, Train_Err = 0.718
root: Val_Loss = 0.10692252218723297, Val_Err = 3.04
root: Epoch: [176 | 300]
root: Train_Loss = 0.0024253784213215113, Train_Err = 0.626
root: Val_Loss = 0.1068878173828125, Val_Err = 2.83
root: Epoch: [177 | 300]
root: Train_Loss = 0.0024295311886817217, Train_Err = 0.63
root: Val_Loss = 0.1079280748963356, Val_Err = 2.84
root: Epoch: [178 | 300]
root: Train_Loss = 0.002501638373360038, Train_Err = 0.66
root: Val_Loss = 0.10875069350004196, Val_Err = 2.89
root: Epoch: [179 | 300]
root: Train_Loss = 0.002615539822727442, Train_Err = 0.7
root: Val_Loss = 0.11025623232126236, Val_Err = 2.9
root: Epoch: [180 | 300]
root: Train_Loss = 0.0024473611265420914, Train_Err = 0.626
root: Val_Loss = 0.1094532310962677, Val_Err = 2.95
root: Epoch: [181 | 300]
root: Train_Loss = 0.002608206123113632, Train_Err = 0.666
root: Val_Loss = 0.11095306277275085, Val_Err = 2.99
root: Epoch: [182 | 300]
root: Train_Loss = 0.0025278667453676462, Train_Err = 0.678
root: Val_Loss = 0.1125803291797638, Val_Err = 3.08
root: Epoch: [183 | 300]
root: Train_Loss = 0.0025785923935472965, Train_Err = 0.674
root: Val_Loss = 0.11405201256275177, Val_Err = 3.07
root: Epoch: [184 | 300]
root: Train_Loss = 0.0025272928178310394, Train_Err = 0.666
root: Val_Loss = 0.10765857994556427, Val_Err = 2.84
root: Epoch: [185 | 300]
root: Train_Loss = 0.002567762741819024, Train_Err = 0.684
root: Val_Loss = 0.1087602898478508, Val_Err = 2.75
root: Epoch: [186 | 300]
root: Train_Loss = 0.0025176762137562037, Train_Err = 0.688
root: Val_Loss = 0.10836425423622131, Val_Err = 2.86
root: Epoch: [187 | 300]
root: Train_Loss = 0.0022318041883409023, Train_Err = 0.578
root: Val_Loss = 0.1093391478061676, Val_Err = 3.06
root: Epoch: [188 | 300]
root: Train_Loss = 0.0023680725134909153, Train_Err = 0.656
root: Val_Loss = 0.10423833876848221, Val_Err = 2.76
root: Epoch: [189 | 300]
root: Train_Loss = 0.0022522492799907923, Train_Err = 0.612
root: Val_Loss = 0.1025259718298912, Val_Err = 2.81
root: Epoch: [190 | 300]
root: Train_Loss = 0.0023225287441164255, Train_Err = 0.638
root: Val_Loss = 0.10516411066055298, Val_Err = 2.88
root: Epoch: [191 | 300]
root: Train_Loss = 0.002373727271333337, Train_Err = 0.594
root: Val_Loss = 0.11502056568861008, Val_Err = 3.02
root: Epoch: [192 | 300]
root: Train_Loss = 0.0024845851585268974, Train_Err = 0.69
root: Val_Loss = 0.10759560018777847, Val_Err = 2.81
root: Epoch: [193 | 300]
root: Train_Loss = 0.0024167709052562714, Train_Err = 0.668
root: Val_Loss = 0.1146220937371254, Val_Err = 3.03
root: Epoch: [194 | 300]
root: Train_Loss = 0.002190027851611376, Train_Err = 0.538
root: Val_Loss = 0.10551348328590393, Val_Err = 2.83
root: Epoch: [195 | 300]
root: Train_Loss = 0.0021964656189084053, Train_Err = 0.562
root: Val_Loss = 0.10992348194122314, Val_Err = 2.86
root: Epoch: [196 | 300]
root: Train_Loss = 0.0022208737209439278, Train_Err = 0.616
root: Val_Loss = 0.10121963918209076, Val_Err = 2.74
root: Epoch: [197 | 300]
root: Train_Loss = 0.0023340473417192698, Train_Err = 0.624
root: Val_Loss = 0.10419110953807831, Val_Err = 2.83
root: Epoch: [198 | 300]
root: Train_Loss = 0.002192507730796933, Train_Err = 0.59
root: Val_Loss = 0.10852018743753433, Val_Err = 2.74
root: Epoch: [199 | 300]
root: Train_Loss = 0.0021949110087007284, Train_Err = 0.59
root: Val_Loss = 0.10510080307722092, Val_Err = 2.85
root: Epoch: [200 | 300]
root: Train_Loss = 0.0021628516260534525, Train_Err = 0.608
root: Val_Loss = 0.11206890642642975, Val_Err = 2.92
root: Epoch: [201 | 300]
root: Train_Loss = 0.0023555157240480185, Train_Err = 0.608
root: Val_Loss = 0.11593892425298691, Val_Err = 2.96
root: Epoch: [202 | 300]
root: Train_Loss = 0.0021817940287292004, Train_Err = 0.556
root: Val_Loss = 0.11411084979772568, Val_Err = 2.82
root: Epoch: [203 | 300]
root: Train_Loss = 0.002148251049220562, Train_Err = 0.586
root: Val_Loss = 0.10724525898694992, Val_Err = 2.82
root: Epoch: [204 | 300]
root: Train_Loss = 0.002303182380273938, Train_Err = 0.622
root: Val_Loss = 0.11079827696084976, Val_Err = 2.73
root: Epoch: [205 | 300]
root: Train_Loss = 0.0021011573262512684, Train_Err = 0.554
root: Val_Loss = 0.10884052515029907, Val_Err = 2.92
root: Epoch: [206 | 300]
root: Train_Loss = 0.0022437928710132837, Train_Err = 0.594
root: Val_Loss = 0.1113022193312645, Val_Err = 2.97
root: Epoch: [207 | 300]
root: Train_Loss = 0.002108866348862648, Train_Err = 0.55
root: Val_Loss = 0.10834408551454544, Val_Err = 2.93
root: Epoch: [208 | 300]
root: Train_Loss = 0.002044810215011239, Train_Err = 0.542
root: Val_Loss = 0.11498584598302841, Val_Err = 2.99
root: Epoch: [209 | 300]
root: Train_Loss = 0.002350159687921405, Train_Err = 0.662
root: Val_Loss = 0.11447228491306305, Val_Err = 2.92
root: Epoch: [210 | 300]
root: Train_Loss = 0.002273004036396742, Train_Err = 0.61
root: Val_Loss = 0.10864057391881943, Val_Err = 2.92
root: Epoch: [211 | 300]
root: Train_Loss = 0.0022188553120940924, Train_Err = 0.568
root: Val_Loss = 0.11035636067390442, Val_Err = 2.82
root: Epoch: [212 | 300]
root: Train_Loss = 0.002446109429001808, Train_Err = 0.664
root: Val_Loss = 0.11150748282670975, Val_Err = 2.91
root: Epoch: [213 | 300]
root: Train_Loss = 0.0022719285916537046, Train_Err = 0.608
root: Val_Loss = 0.10443046689033508, Val_Err = 2.97
root: Epoch: [214 | 300]
root: Train_Loss = 0.0022973257582634687, Train_Err = 0.616
root: Val_Loss = 0.11404384672641754, Val_Err = 2.94
root: Epoch: [215 | 300]
root: Train_Loss = 0.002352362032979727, Train_Err = 0.62
root: Val_Loss = 0.11928251385688782, Val_Err = 3.15
root: Epoch: [216 | 300]
root: Train_Loss = 0.002323174150660634, Train_Err = 0.626
root: Val_Loss = 0.11255152523517609, Val_Err = 2.91
root: Epoch: [217 | 300]
root: Train_Loss = 0.0023507755249738693, Train_Err = 0.618
root: Val_Loss = 0.11319821327924728, Val_Err = 3.05
root: Epoch: [218 | 300]
root: Train_Loss = 0.0020105878356844187, Train_Err = 0.51
root: Val_Loss = 0.11509986221790314, Val_Err = 2.9
root: Epoch: [219 | 300]
root: Train_Loss = 0.0021604858338832855, Train_Err = 0.572
root: Val_Loss = 0.11043185740709305, Val_Err = 2.83
root: Epoch: [220 | 300]
root: Train_Loss = 0.0022482131607830524, Train_Err = 0.612
root: Val_Loss = 0.11303239315748215, Val_Err = 3.06
root: Epoch: [221 | 300]
root: Train_Loss = 0.0021647000685334206, Train_Err = 0.572
root: Val_Loss = 0.11543247103691101, Val_Err = 2.84
root: Epoch: [222 | 300]
root: Train_Loss = 0.00209204014390707, Train_Err = 0.576
root: Val_Loss = 0.11277899146080017, Val_Err = 2.87
root: Epoch: [223 | 300]
root: Train_Loss = 0.0022290521301329136, Train_Err = 0.6
root: Val_Loss = 0.11984821408987045, Val_Err = 3.12
root: Epoch: [224 | 300]
root: Train_Loss = 0.002098832279443741, Train_Err = 0.54
root: Val_Loss = 0.11697208881378174, Val_Err = 2.96
root: Epoch: [225 | 300]
root: Train_Loss = 0.0019993609748780727, Train_Err = 0.558
root: Val_Loss = 0.11270732432603836, Val_Err = 2.89
root: Epoch: [226 | 300]
root: Train_Loss = 0.0019318831618875265, Train_Err = 0.494
root: Val_Loss = 0.11003578454256058, Val_Err = 2.96
root: Epoch: [227 | 300]
root: Train_Loss = 0.0016982288798317313, Train_Err = 0.45
root: Val_Loss = 0.10931255668401718, Val_Err = 2.88
root: Epoch: [228 | 300]
root: Train_Loss = 0.001735016005113721, Train_Err = 0.464
root: Val_Loss = 0.10412655770778656, Val_Err = 2.75
root: Epoch: [229 | 300]
root: Train_Loss = 0.0015261288499459624, Train_Err = 0.422
root: Val_Loss = 0.10325468331575394, Val_Err = 2.71
root: Epoch: [230 | 300]
root: Train_Loss = 0.0015329893212765455, Train_Err = 0.416
root: Val_Loss = 0.10540039837360382, Val_Err = 2.7
root: Epoch: [231 | 300]
root: Train_Loss = 0.001479513244703412, Train_Err = 0.372
root: Val_Loss = 0.10376875102519989, Val_Err = 2.77
root: Epoch: [232 | 300]
root: Train_Loss = 0.0014714577700942755, Train_Err = 0.374
root: Val_Loss = 0.1028403788805008, Val_Err = 2.7
root: Epoch: [233 | 300]
root: Train_Loss = 0.001617519068531692, Train_Err = 0.436
root: Val_Loss = 0.10305635631084442, Val_Err = 2.75
root: Epoch: [234 | 300]
root: Train_Loss = 0.0015690724831074476, Train_Err = 0.432
root: Val_Loss = 0.10348165035247803, Val_Err = 2.72
root: Epoch: [235 | 300]
root: Train_Loss = 0.001461563864722848, Train_Err = 0.398
root: Val_Loss = 0.10451353341341019, Val_Err = 2.71
root: Epoch: [236 | 300]
root: Train_Loss = 0.0016683866269886494, Train_Err = 0.46
root: Val_Loss = 0.10536559671163559, Val_Err = 2.68
root: Epoch: [237 | 300]
root: Train_Loss = 0.0015097972936928272, Train_Err = 0.388
root: Val_Loss = 0.1030215173959732, Val_Err = 2.69
root: Epoch: [238 | 300]
root: Train_Loss = 0.001433691242709756, Train_Err = 0.382
root: Val_Loss = 0.10273997485637665, Val_Err = 2.63
root: Epoch: [239 | 300]
root: Train_Loss = 0.0014449270674958825, Train_Err = 0.382
root: Val_Loss = 0.1027744710445404, Val_Err = 2.63
root: Epoch: [240 | 300]
root: Train_Loss = 0.001601922675035894, Train_Err = 0.392
root: Val_Loss = 0.10312943160533905, Val_Err = 2.66
root: Epoch: [241 | 300]
root: Train_Loss = 0.0014028517762199044, Train_Err = 0.354
root: Val_Loss = 0.10338304191827774, Val_Err = 2.73
root: Epoch: [242 | 300]
root: Train_Loss = 0.0014898641966283321, Train_Err = 0.364
root: Val_Loss = 0.09939227998256683, Val_Err = 2.59
root: Epoch: [243 | 300]
root: Train_Loss = 0.0014387755654752254, Train_Err = 0.414
root: Val_Loss = 0.10070562362670898, Val_Err = 2.65
root: Epoch: [244 | 300]
root: Train_Loss = 0.0014154765522107482, Train_Err = 0.374
root: Val_Loss = 0.10139919072389603, Val_Err = 2.67
root: Epoch: [245 | 300]
root: Train_Loss = 0.0014466405846178532, Train_Err = 0.37
root: Val_Loss = 0.10412442684173584, Val_Err = 2.69
root: Epoch: [246 | 300]
root: Train_Loss = 0.0014885133132338524, Train_Err = 0.396
root: Val_Loss = 0.10471032559871674, Val_Err = 2.74
root: Epoch: [247 | 300]
root: Train_Loss = 0.001320305047556758, Train_Err = 0.318
root: Val_Loss = 0.10226287692785263, Val_Err = 2.64
root: Epoch: [248 | 300]
root: Train_Loss = 0.0014553125947713852, Train_Err = 0.374
root: Val_Loss = 0.10491272062063217, Val_Err = 2.63
root: Epoch: [249 | 300]
root: Train_Loss = 0.0012393505312502384, Train_Err = 0.324
root: Val_Loss = 0.10345518589019775, Val_Err = 2.55
root: Epoch: [250 | 300]
root: Train_Loss = 0.0013488890836015344, Train_Err = 0.344
root: Val_Loss = 0.10292895138263702, Val_Err = 2.65
root: Epoch: [251 | 300]
root: Train_Loss = 0.0014677912695333362, Train_Err = 0.384
root: Val_Loss = 0.10304497927427292, Val_Err = 2.64
root: Epoch: [252 | 300]
root: Train_Loss = 0.0013454386498779058, Train_Err = 0.346
root: Val_Loss = 0.10315054655075073, Val_Err = 2.61
root: Epoch: [253 | 300]
root: Train_Loss = 0.0014213526155799627, Train_Err = 0.366
root: Val_Loss = 0.10773871839046478, Val_Err = 2.72
root: Epoch: [254 | 300]
root: Train_Loss = 0.0012767869047820568, Train_Err = 0.33
root: Val_Loss = 0.10420923680067062, Val_Err = 2.62
root: Epoch: [255 | 300]
root: Train_Loss = 0.0014007886638864875, Train_Err = 0.37
root: Val_Loss = 0.10383938997983932, Val_Err = 2.61
root: Epoch: [256 | 300]
root: Train_Loss = 0.0014090092154219747, Train_Err = 0.376
root: Val_Loss = 0.1020137146115303, Val_Err = 2.59
root: Epoch: [257 | 300]
root: Train_Loss = 0.0013665903825312853, Train_Err = 0.39
root: Val_Loss = 0.10335531085729599, Val_Err = 2.59
root: Epoch: [258 | 300]
root: Train_Loss = 0.0013681914424523711, Train_Err = 0.354
root: Val_Loss = 0.10255233943462372, Val_Err = 2.62
root: Epoch: [259 | 300]
root: Train_Loss = 0.0013001224724575877, Train_Err = 0.366
root: Val_Loss = 0.10147640109062195, Val_Err = 2.64
root: Epoch: [260 | 300]
root: Train_Loss = 0.0013814098201692104, Train_Err = 0.368
root: Val_Loss = 0.1004318818449974, Val_Err = 2.52
root: Epoch: [261 | 300]
root: Train_Loss = 0.0014549947809427977, Train_Err = 0.394
root: Val_Loss = 0.10079135745763779, Val_Err = 2.47
root: Epoch: [262 | 300]
root: Train_Loss = 0.0013415941502898932, Train_Err = 0.358
root: Val_Loss = 0.10222101211547852, Val_Err = 2.55
root: Epoch: [263 | 300]
root: Train_Loss = 0.0013930363347753882, Train_Err = 0.358
root: Val_Loss = 0.10071273148059845, Val_Err = 2.48
root: Epoch: [264 | 300]
root: Train_Loss = 0.0013283294392749667, Train_Err = 0.364
root: Val_Loss = 0.09927169978618622, Val_Err = 2.5
root: Epoch: [265 | 300]
root: Train_Loss = 0.0012493253452703357, Train_Err = 0.33
root: Val_Loss = 0.09976038336753845, Val_Err = 2.41
root: Epoch: [266 | 300]
root: Train_Loss = 0.0012019391870126128, Train_Err = 0.318
root: Val_Loss = 0.0980241671204567, Val_Err = 2.48
root: Epoch: [267 | 300]
root: Train_Loss = 0.001203492865897715, Train_Err = 0.288
root: Val_Loss = 0.10167654603719711, Val_Err = 2.5
root: Epoch: [268 | 300]
root: Train_Loss = 0.0013839455787092447, Train_Err = 0.364
root: Val_Loss = 0.10378719121217728, Val_Err = 2.5
root: Epoch: [269 | 300]
root: Train_Loss = 0.0013484562514349818, Train_Err = 0.344
root: Val_Loss = 0.1022992953658104, Val_Err = 2.58
root: Epoch: [270 | 300]
root: Train_Loss = 0.0012628192780539393, Train_Err = 0.346
root: Val_Loss = 0.10079894959926605, Val_Err = 2.48
root: Epoch: [271 | 300]
root: Train_Loss = 0.0013710606144741178, Train_Err = 0.358
root: Val_Loss = 0.10334984958171844, Val_Err = 2.46
root: Epoch: [272 | 300]
root: Train_Loss = 0.0013297325931489468, Train_Err = 0.342
root: Val_Loss = 0.10186930745840073, Val_Err = 2.56
root: Epoch: [273 | 300]
root: Train_Loss = 0.0012051862431690097, Train_Err = 0.316
root: Val_Loss = 0.1034594178199768, Val_Err = 2.5
root: Epoch: [274 | 300]
root: Train_Loss = 0.0013319093268364668, Train_Err = 0.352
root: Val_Loss = 0.10328546166419983, Val_Err = 2.56
root: Epoch: [275 | 300]
root: Train_Loss = 0.0013565265107899904, Train_Err = 0.35
root: Val_Loss = 0.10333403199911118, Val_Err = 2.59
root: Epoch: [276 | 300]
root: Train_Loss = 0.001284875557757914, Train_Err = 0.352
root: Val_Loss = 0.10208494961261749, Val_Err = 2.54
root: Epoch: [277 | 300]
root: Train_Loss = 0.0013092958834022284, Train_Err = 0.342
root: Val_Loss = 0.10259757936000824, Val_Err = 2.58
root: Epoch: [278 | 300]
root: Train_Loss = 0.0012799975229427218, Train_Err = 0.306
root: Val_Loss = 0.10172898322343826, Val_Err = 2.49
root: Epoch: [279 | 300]
root: Train_Loss = 0.001242894446477294, Train_Err = 0.324
root: Val_Loss = 0.10080040991306305, Val_Err = 2.54
root: Epoch: [280 | 300]
root: Train_Loss = 0.0010872590355575085, Train_Err = 0.248
root: Val_Loss = 0.09996957331895828, Val_Err = 2.54
root: Epoch: [281 | 300]
root: Train_Loss = 0.001349187921732664, Train_Err = 0.362
root: Val_Loss = 0.10045097768306732, Val_Err = 2.52
root: Epoch: [282 | 300]
root: Train_Loss = 0.0012359044048935175, Train_Err = 0.304
root: Val_Loss = 0.10467376559972763, Val_Err = 2.48
root: Epoch: [283 | 300]
root: Train_Loss = 0.0013895080192014575, Train_Err = 0.39
root: Val_Loss = 0.10202411562204361, Val_Err = 2.51
root: Epoch: [284 | 300]
root: Train_Loss = 0.0012200503842905164, Train_Err = 0.326
root: Val_Loss = 0.10331624746322632, Val_Err = 2.55
root: Epoch: [285 | 300]
root: Train_Loss = 0.0012805021833628416, Train_Err = 0.318
root: Val_Loss = 0.1020272895693779, Val_Err = 2.66
root: Epoch: [286 | 300]
root: Train_Loss = 0.0012562297051772475, Train_Err = 0.306
root: Val_Loss = 0.09961913526058197, Val_Err = 2.47
root: Epoch: [287 | 300]
root: Train_Loss = 0.0012926661875098944, Train_Err = 0.328
root: Val_Loss = 0.10287497192621231, Val_Err = 2.51
root: Epoch: [288 | 300]
root: Train_Loss = 0.0011172490194439888, Train_Err = 0.278
root: Val_Loss = 0.10046812146902084, Val_Err = 2.48
root: Epoch: [289 | 300]
root: Train_Loss = 0.0012625062372535467, Train_Err = 0.33
root: Val_Loss = 0.10078874975442886, Val_Err = 2.53
root: Epoch: [290 | 300]
root: Train_Loss = 0.001097981701605022, Train_Err = 0.268
root: Val_Loss = 0.09962014853954315, Val_Err = 2.51
root: Epoch: [291 | 300]
root: Train_Loss = 0.0012437497498467565, Train_Err = 0.332
root: Val_Loss = 0.10100794583559036, Val_Err = 2.52
root: Epoch: [292 | 300]
root: Train_Loss = 0.0012415478704497218, Train_Err = 0.31
root: Val_Loss = 0.10125607997179031, Val_Err = 2.54
root: Epoch: [293 | 300]
root: Train_Loss = 0.0011622423771768808, Train_Err = 0.302
root: Val_Loss = 0.10045923292636871, Val_Err = 2.42
root: Epoch: [294 | 300]
root: Train_Loss = 0.0011698293965309858, Train_Err = 0.318
root: Val_Loss = 0.10183130204677582, Val_Err = 2.52
root: Epoch: [295 | 300]
root: Train_Loss = 0.0012529909145087004, Train_Err = 0.346
root: Val_Loss = 0.1028415858745575, Val_Err = 2.52
root: Epoch: [296 | 300]
root: Train_Loss = 0.0012336390791460872, Train_Err = 0.306
root: Val_Loss = 0.10061528533697128, Val_Err = 2.53
root: Epoch: [297 | 300]
root: Train_Loss = 0.0011204752372577786, Train_Err = 0.288
root: Val_Loss = 0.1005747988820076, Val_Err = 2.5
root: Epoch: [298 | 300]
root: Train_Loss = 0.0011930374894291162, Train_Err = 0.32
root: Val_Loss = 0.10066987574100494, Val_Err = 2.53
root: Epoch: [299 | 300]
root: Train_Loss = 0.0010626644361764193, Train_Err = 0.274
root: Val_Loss = 0.10264627635478973, Val_Err = 2.52
