root: Namespace(M=8, batch_size=16, cp_dir='checkpoints/basic_none/cifar100/ssgd/run_ms_1/pyramidnet_272_bottleneck_8_8_0.0005/run0', depth=272, dtype='cifar100', epochs=300, img_aug='basic_none', inc=15, learning_rate=0.1, momentum=0.9, mtype='pyramidnet', num_classes=100, resume=None, seed=1, std=0.0005, threads=8, weight_decay=0.0001, width_factor=8)
root: Epoch: [0 | 300]
root: Train_Loss = 0.48276403546333313, Train_Err = 88.996
root: Val_Loss = 3.269953966140747, Val_Err = 78.24
root: Epoch: [1 | 300]
root: Train_Loss = 0.359899640083313, Train_Err = 72.556
root: Val_Loss = 2.3501126766204834, Val_Err = 61.27
root: Epoch: [2 | 300]
root: Train_Loss = 0.27929016947746277, Train_Err = 59.338
root: Val_Loss = 1.9000970125198364, Val_Err = 51.29
root: Epoch: [3 | 300]
root: Train_Loss = 0.23318704962730408, Train_Err = 50.868
root: Val_Loss = 1.6677038669586182, Val_Err = 45.08
root: Epoch: [4 | 300]
root: Train_Loss = 0.20336788892745972, Train_Err = 45.306
root: Val_Loss = 1.5036487579345703, Val_Err = 41.62
root: Epoch: [5 | 300]
root: Train_Loss = 0.18202054500579834, Train_Err = 41.01
root: Val_Loss = 1.426346778869629, Val_Err = 39.55
root: Epoch: [6 | 300]
root: Train_Loss = 0.16625121235847473, Train_Err = 37.704
root: Val_Loss = 1.3653016090393066, Val_Err = 37.87
root: Epoch: [7 | 300]
root: Train_Loss = 0.15241169929504395, Train_Err = 35.142
root: Val_Loss = 1.3438884019851685, Val_Err = 37.1
root: Epoch: [8 | 300]
root: Train_Loss = 0.14153023064136505, Train_Err = 32.974
root: Val_Loss = 1.2915400266647339, Val_Err = 35.43
root: Epoch: [9 | 300]
root: Train_Loss = 0.13131794333457947, Train_Err = 30.828
root: Val_Loss = 1.2193907499313354, Val_Err = 32.85
root: Epoch: [10 | 300]
root: Train_Loss = 0.1233590766787529, Train_Err = 29.05
root: Val_Loss = 1.158515453338623, Val_Err = 31.68
root: Epoch: [11 | 300]
root: Train_Loss = 0.11526795476675034, Train_Err = 27.436
root: Val_Loss = 1.1780184507369995, Val_Err = 32.75
root: Epoch: [12 | 300]
root: Train_Loss = 0.10857384651899338, Train_Err = 25.772
root: Val_Loss = 1.1227155923843384, Val_Err = 30.84
root: Epoch: [13 | 300]
root: Train_Loss = 0.10196472704410553, Train_Err = 24.406
root: Val_Loss = 1.1695470809936523, Val_Err = 31.53
root: Epoch: [14 | 300]
root: Train_Loss = 0.09732232987880707, Train_Err = 23.32
root: Val_Loss = 1.1375938653945923, Val_Err = 31.21
root: Epoch: [15 | 300]
root: Train_Loss = 0.09208936244249344, Train_Err = 22.424
root: Val_Loss = 1.1359834671020508, Val_Err = 30.42
root: Epoch: [16 | 300]
root: Train_Loss = 0.0884457677602768, Train_Err = 21.482
root: Val_Loss = 1.1215221881866455, Val_Err = 30.11
root: Epoch: [17 | 300]
root: Train_Loss = 0.08284922689199448, Train_Err = 20.084
root: Val_Loss = 1.1084256172180176, Val_Err = 29.05
root: Epoch: [18 | 300]
root: Train_Loss = 0.07877157628536224, Train_Err = 19.164
root: Val_Loss = 1.1518311500549316, Val_Err = 30.05
root: Epoch: [19 | 300]
root: Train_Loss = 0.07537058740854263, Train_Err = 18.696
root: Val_Loss = 1.1252080202102661, Val_Err = 28.51
root: Epoch: [20 | 300]
root: Train_Loss = 0.07132560759782791, Train_Err = 17.674
root: Val_Loss = 1.1763828992843628, Val_Err = 30.08
root: Epoch: [21 | 300]
root: Train_Loss = 0.0686822235584259, Train_Err = 16.992
root: Val_Loss = 1.1704480648040771, Val_Err = 29.76
root: Epoch: [22 | 300]
root: Train_Loss = 0.06538502126932144, Train_Err = 16.23
root: Val_Loss = 1.1240755319595337, Val_Err = 28.65
root: Epoch: [23 | 300]
root: Train_Loss = 0.06278061121702194, Train_Err = 15.56
root: Val_Loss = 1.1071158647537231, Val_Err = 28.23
root: Epoch: [24 | 300]
root: Train_Loss = 0.06129435822367668, Train_Err = 15.336
root: Val_Loss = 1.1067122220993042, Val_Err = 27.72
root: Epoch: [25 | 300]
root: Train_Loss = 0.05813427269458771, Train_Err = 14.678
root: Val_Loss = 1.15603506565094, Val_Err = 28.16
root: Epoch: [26 | 300]
root: Train_Loss = 0.05521226301789284, Train_Err = 13.898
root: Val_Loss = 1.1009553670883179, Val_Err = 27.55
root: Epoch: [27 | 300]
root: Train_Loss = 0.054598335176706314, Train_Err = 13.62
root: Val_Loss = 1.1339982748031616, Val_Err = 28.27
root: Epoch: [28 | 300]
root: Train_Loss = 0.05362970009446144, Train_Err = 13.478
root: Val_Loss = 1.1314430236816406, Val_Err = 27.13
root: Epoch: [29 | 300]
root: Train_Loss = 0.05261280760169029, Train_Err = 13.138
root: Val_Loss = 1.1335514783859253, Val_Err = 27.44
root: Epoch: [30 | 300]
root: Train_Loss = 0.04928922280669212, Train_Err = 12.436
root: Val_Loss = 1.1153128147125244, Val_Err = 27.2
root: Epoch: [31 | 300]
root: Train_Loss = 0.048708900809288025, Train_Err = 12.288
root: Val_Loss = 1.1803770065307617, Val_Err = 27.66
root: Epoch: [32 | 300]
root: Train_Loss = 0.048633329570293427, Train_Err = 12.336
root: Val_Loss = 1.2027627229690552, Val_Err = 28.67
root: Epoch: [33 | 300]
root: Train_Loss = 0.04702465236186981, Train_Err = 11.9
root: Val_Loss = 1.1347980499267578, Val_Err = 27.4
root: Epoch: [34 | 300]
root: Train_Loss = 0.04502897337079048, Train_Err = 11.428
root: Val_Loss = 1.1549745798110962, Val_Err = 26.73
root: Epoch: [35 | 300]
root: Train_Loss = 0.04414809122681618, Train_Err = 11.084
root: Val_Loss = 1.1959595680236816, Val_Err = 27.83
root: Epoch: [36 | 300]
root: Train_Loss = 0.04516994208097458, Train_Err = 11.544
root: Val_Loss = 1.1834750175476074, Val_Err = 27.49
root: Epoch: [37 | 300]
root: Train_Loss = 0.04192216694355011, Train_Err = 10.506
root: Val_Loss = 1.237947940826416, Val_Err = 28.28
root: Epoch: [38 | 300]
root: Train_Loss = 0.04162827134132385, Train_Err = 10.496
root: Val_Loss = 1.173410177230835, Val_Err = 26.78
root: Epoch: [39 | 300]
root: Train_Loss = 0.040213409811258316, Train_Err = 10.15
root: Val_Loss = 1.163692593574524, Val_Err = 26.53
root: Epoch: [40 | 300]
root: Train_Loss = 0.04134852811694145, Train_Err = 10.352
root: Val_Loss = 1.1971338987350464, Val_Err = 27.29
root: Epoch: [41 | 300]
root: Train_Loss = 0.04112176597118378, Train_Err = 10.366
root: Val_Loss = 1.1537257432937622, Val_Err = 26.84
root: Epoch: [42 | 300]
root: Train_Loss = 0.03896281495690346, Train_Err = 9.836
root: Val_Loss = 1.1510924100875854, Val_Err = 26.68
root: Epoch: [43 | 300]
root: Train_Loss = 0.03913179785013199, Train_Err = 9.804
root: Val_Loss = 1.1432479619979858, Val_Err = 26.83
root: Epoch: [44 | 300]
root: Train_Loss = 0.03747566416859627, Train_Err = 9.304
root: Val_Loss = 1.185714602470398, Val_Err = 27.57
root: Epoch: [45 | 300]
root: Train_Loss = 0.03914335370063782, Train_Err = 9.868
root: Val_Loss = 1.1789543628692627, Val_Err = 26.84
root: Epoch: [46 | 300]
root: Train_Loss = 0.03702070191502571, Train_Err = 9.236
root: Val_Loss = 1.2069222927093506, Val_Err = 27.5
root: Epoch: [47 | 300]
root: Train_Loss = 0.03707478195428848, Train_Err = 9.304
root: Val_Loss = 1.1453487873077393, Val_Err = 25.89
root: Epoch: [48 | 300]
root: Train_Loss = 0.034646857529878616, Train_Err = 8.77
root: Val_Loss = 1.1958967447280884, Val_Err = 27.01
root: Epoch: [49 | 300]
root: Train_Loss = 0.03616126999258995, Train_Err = 9.088
root: Val_Loss = 1.189646601676941, Val_Err = 27.12
root: Epoch: [50 | 300]
root: Train_Loss = 0.03560381755232811, Train_Err = 8.972
root: Val_Loss = 1.1948612928390503, Val_Err = 26.93
root: Epoch: [51 | 300]
root: Train_Loss = 0.034270547330379486, Train_Err = 8.654
root: Val_Loss = 1.1935620307922363, Val_Err = 26.89
root: Epoch: [52 | 300]
root: Train_Loss = 0.03493734449148178, Train_Err = 8.81
root: Val_Loss = 1.2049551010131836, Val_Err = 27.14
root: Epoch: [53 | 300]
root: Train_Loss = 0.034338533878326416, Train_Err = 8.542
root: Val_Loss = 1.20789635181427, Val_Err = 26.87
root: Epoch: [54 | 300]
root: Train_Loss = 0.03464421629905701, Train_Err = 8.684
root: Val_Loss = 1.1946604251861572, Val_Err = 27.01
root: Epoch: [55 | 300]
root: Train_Loss = 0.03409713879227638, Train_Err = 8.564
root: Val_Loss = 1.1935573816299438, Val_Err = 26.49
root: Epoch: [56 | 300]
root: Train_Loss = 0.033038415014743805, Train_Err = 8.328
root: Val_Loss = 1.1971678733825684, Val_Err = 26.24
root: Epoch: [57 | 300]
root: Train_Loss = 0.032696764916181564, Train_Err = 8.164
root: Val_Loss = 1.1695424318313599, Val_Err = 26.34
root: Epoch: [58 | 300]
root: Train_Loss = 0.03255975618958473, Train_Err = 8.048
root: Val_Loss = 1.236549973487854, Val_Err = 27.22
root: Epoch: [59 | 300]
root: Train_Loss = 0.03222140669822693, Train_Err = 8.22
root: Val_Loss = 1.2304173707962036, Val_Err = 26.83
root: Epoch: [60 | 300]
root: Train_Loss = 0.03375900909304619, Train_Err = 8.402
root: Val_Loss = 1.1996606588363647, Val_Err = 26.78
root: Epoch: [61 | 300]
root: Train_Loss = 0.030404577031731606, Train_Err = 7.426
root: Val_Loss = 1.1726915836334229, Val_Err = 26.01
root: Epoch: [62 | 300]
root: Train_Loss = 0.0317935012280941, Train_Err = 7.914
root: Val_Loss = 1.2085862159729004, Val_Err = 27.01
root: Epoch: [63 | 300]
root: Train_Loss = 0.031461700797080994, Train_Err = 8.014
root: Val_Loss = 1.2212742567062378, Val_Err = 26.99
root: Epoch: [64 | 300]
root: Train_Loss = 0.03215048089623451, Train_Err = 8.066
root: Val_Loss = 1.1832451820373535, Val_Err = 26.04
root: Epoch: [65 | 300]
root: Train_Loss = 0.03096797689795494, Train_Err = 7.822
root: Val_Loss = 1.1372923851013184, Val_Err = 25.94
root: Epoch: [66 | 300]
root: Train_Loss = 0.03153303265571594, Train_Err = 7.996
root: Val_Loss = 1.1993330717086792, Val_Err = 27.4
root: Epoch: [67 | 300]
root: Train_Loss = 0.03155490756034851, Train_Err = 7.816
root: Val_Loss = 1.1812636852264404, Val_Err = 25.99
root: Epoch: [68 | 300]
root: Train_Loss = 0.030884943902492523, Train_Err = 7.776
root: Val_Loss = 1.1348549127578735, Val_Err = 25.16
root: Epoch: [69 | 300]
root: Train_Loss = 0.030867423862218857, Train_Err = 7.614
root: Val_Loss = 1.1492559909820557, Val_Err = 25.93
root: Epoch: [70 | 300]
root: Train_Loss = 0.030955277383327484, Train_Err = 7.806
root: Val_Loss = 1.1884039640426636, Val_Err = 25.21
root: Epoch: [71 | 300]
root: Train_Loss = 0.028888888657093048, Train_Err = 7.09
root: Val_Loss = 1.1926370859146118, Val_Err = 25.72
root: Epoch: [72 | 300]
root: Train_Loss = 0.030472205951809883, Train_Err = 7.586
root: Val_Loss = 1.2331817150115967, Val_Err = 26.85
root: Epoch: [73 | 300]
root: Train_Loss = 0.029494332149624825, Train_Err = 7.388
root: Val_Loss = 1.191688895225525, Val_Err = 26.43
root: Epoch: [74 | 300]
root: Train_Loss = 0.029972370713949203, Train_Err = 7.39
root: Val_Loss = 1.184059500694275, Val_Err = 26.24
root: Epoch: [75 | 300]
root: Train_Loss = 0.028612911701202393, Train_Err = 7.206
root: Val_Loss = 1.228015422821045, Val_Err = 26.74
root: Epoch: [76 | 300]
root: Train_Loss = 0.029649164527654648, Train_Err = 7.394
root: Val_Loss = 1.1696670055389404, Val_Err = 25.54
root: Epoch: [77 | 300]
root: Train_Loss = 0.03000771813094616, Train_Err = 7.394
root: Val_Loss = 1.2253434658050537, Val_Err = 26.67
root: Epoch: [78 | 300]
root: Train_Loss = 0.029579447582364082, Train_Err = 7.314
root: Val_Loss = 1.187792181968689, Val_Err = 26.27
root: Epoch: [79 | 300]
root: Train_Loss = 0.029018834233283997, Train_Err = 7.26
root: Val_Loss = 1.2324293851852417, Val_Err = 26.48
root: Epoch: [80 | 300]
root: Train_Loss = 0.027394821867346764, Train_Err = 6.688
root: Val_Loss = 1.1931794881820679, Val_Err = 26.4
root: Epoch: [81 | 300]
root: Train_Loss = 0.02847333997488022, Train_Err = 7.088
root: Val_Loss = 1.167520523071289, Val_Err = 25.57
root: Epoch: [82 | 300]
root: Train_Loss = 0.02766450121998787, Train_Err = 6.866
root: Val_Loss = 1.2045937776565552, Val_Err = 26.72
root: Epoch: [83 | 300]
root: Train_Loss = 0.02847437933087349, Train_Err = 7.078
root: Val_Loss = 1.1571166515350342, Val_Err = 25.88
root: Epoch: [84 | 300]
root: Train_Loss = 0.027724238112568855, Train_Err = 6.972
root: Val_Loss = 1.1924117803573608, Val_Err = 25.74
root: Epoch: [85 | 300]
root: Train_Loss = 0.028495047241449356, Train_Err = 7.14
root: Val_Loss = 1.1806695461273193, Val_Err = 26.04
root: Epoch: [86 | 300]
root: Train_Loss = 0.0286472849547863, Train_Err = 7.136
root: Val_Loss = 1.1900638341903687, Val_Err = 26.2
root: Epoch: [87 | 300]
root: Train_Loss = 0.025955749675631523, Train_Err = 6.304
root: Val_Loss = 1.2021785974502563, Val_Err = 25.95
root: Epoch: [88 | 300]
root: Train_Loss = 0.02716783434152603, Train_Err = 6.838
root: Val_Loss = 1.1930501461029053, Val_Err = 25.67
root: Epoch: [89 | 300]
root: Train_Loss = 0.027004821226000786, Train_Err = 6.688
root: Val_Loss = 1.174516201019287, Val_Err = 25.93
root: Epoch: [90 | 300]
root: Train_Loss = 0.027539443224668503, Train_Err = 6.844
root: Val_Loss = 1.2438050508499146, Val_Err = 26.85
root: Epoch: [91 | 300]
root: Train_Loss = 0.027015045285224915, Train_Err = 6.642
root: Val_Loss = 1.1717449426651, Val_Err = 25.34
root: Epoch: [92 | 300]
root: Train_Loss = 0.0273722056299448, Train_Err = 6.716
root: Val_Loss = 1.155174732208252, Val_Err = 25.97
root: Epoch: [93 | 300]
root: Train_Loss = 0.028007779270410538, Train_Err = 7.016
root: Val_Loss = 1.207048773765564, Val_Err = 25.93
root: Epoch: [94 | 300]
root: Train_Loss = 0.02639324963092804, Train_Err = 6.6
root: Val_Loss = 1.2488936185836792, Val_Err = 26.44
root: Epoch: [95 | 300]
root: Train_Loss = 0.025193117558956146, Train_Err = 6.32
root: Val_Loss = 1.1692721843719482, Val_Err = 25.32
root: Epoch: [96 | 300]
root: Train_Loss = 0.026896312832832336, Train_Err = 6.552
root: Val_Loss = 1.1973925828933716, Val_Err = 26.22
root: Epoch: [97 | 300]
root: Train_Loss = 0.028179533779621124, Train_Err = 7.046
root: Val_Loss = 1.2449086904525757, Val_Err = 26.99
root: Epoch: [98 | 300]
root: Train_Loss = 0.026317181065678596, Train_Err = 6.49
root: Val_Loss = 1.1845897436141968, Val_Err = 26.24
root: Epoch: [99 | 300]
root: Train_Loss = 0.0257557462900877, Train_Err = 6.386
root: Val_Loss = 1.2125802040100098, Val_Err = 26.09
root: Epoch: [100 | 300]
root: Train_Loss = 0.0261487178504467, Train_Err = 6.498
root: Val_Loss = 1.1783113479614258, Val_Err = 25.22
root: Epoch: [101 | 300]
root: Train_Loss = 0.02630106545984745, Train_Err = 6.602
root: Val_Loss = 1.1996707916259766, Val_Err = 25.81
root: Epoch: [102 | 300]
root: Train_Loss = 0.025630243122577667, Train_Err = 6.394
root: Val_Loss = 1.2002748250961304, Val_Err = 25.84
root: Epoch: [103 | 300]
root: Train_Loss = 0.026918713003396988, Train_Err = 6.672
root: Val_Loss = 1.2043910026550293, Val_Err = 25.15
root: Epoch: [104 | 300]
root: Train_Loss = 0.025445347651839256, Train_Err = 6.272
root: Val_Loss = 1.1827824115753174, Val_Err = 25.09
root: Epoch: [105 | 300]
root: Train_Loss = 0.027538029477000237, Train_Err = 6.786
root: Val_Loss = 1.1856210231781006, Val_Err = 25.55
root: Epoch: [106 | 300]
root: Train_Loss = 0.025215864181518555, Train_Err = 6.088
root: Val_Loss = 1.1403045654296875, Val_Err = 25.07
root: Epoch: [107 | 300]
root: Train_Loss = 0.025992106646299362, Train_Err = 6.438
root: Val_Loss = 1.1396111249923706, Val_Err = 24.06
root: Epoch: [108 | 300]
root: Train_Loss = 0.02355828322470188, Train_Err = 5.752
root: Val_Loss = 1.2501717805862427, Val_Err = 25.85
root: Epoch: [109 | 300]
root: Train_Loss = 0.02541637234389782, Train_Err = 6.362
root: Val_Loss = 1.1796389818191528, Val_Err = 25.23
root: Epoch: [110 | 300]
root: Train_Loss = 0.026670880615711212, Train_Err = 6.494
root: Val_Loss = 1.1515085697174072, Val_Err = 25.17
root: Epoch: [111 | 300]
root: Train_Loss = 0.025256220251321793, Train_Err = 6.254
root: Val_Loss = 1.2226487398147583, Val_Err = 25.78
root: Epoch: [112 | 300]
root: Train_Loss = 0.025979584082961082, Train_Err = 6.44
root: Val_Loss = 1.2034515142440796, Val_Err = 25.71
root: Epoch: [113 | 300]
root: Train_Loss = 0.024677138775587082, Train_Err = 6.118
root: Val_Loss = 1.1674470901489258, Val_Err = 25.19
root: Epoch: [114 | 300]
root: Train_Loss = 0.024663705378770828, Train_Err = 6.118
root: Val_Loss = 1.1308653354644775, Val_Err = 25.27
root: Epoch: [115 | 300]
root: Train_Loss = 0.02664356119930744, Train_Err = 6.616
root: Val_Loss = 1.2013442516326904, Val_Err = 25.76
root: Epoch: [116 | 300]
root: Train_Loss = 0.023993797600269318, Train_Err = 5.9
root: Val_Loss = 1.155212163925171, Val_Err = 25.19
root: Epoch: [117 | 300]
root: Train_Loss = 0.026435216888785362, Train_Err = 6.5
root: Val_Loss = 1.276157021522522, Val_Err = 26.94
root: Epoch: [118 | 300]
root: Train_Loss = 0.024978436529636383, Train_Err = 6.226
root: Val_Loss = 1.2220942974090576, Val_Err = 25.37
root: Epoch: [119 | 300]
root: Train_Loss = 0.023534297943115234, Train_Err = 5.804
root: Val_Loss = 1.1951977014541626, Val_Err = 25.18
root: Epoch: [120 | 300]
root: Train_Loss = 0.025047581642866135, Train_Err = 6.218
root: Val_Loss = 1.200250506401062, Val_Err = 26.07
root: Epoch: [121 | 300]
root: Train_Loss = 0.02490043453872204, Train_Err = 6.104
root: Val_Loss = 1.208184838294983, Val_Err = 25.5
root: Epoch: [122 | 300]
root: Train_Loss = 0.02407068759202957, Train_Err = 5.892
root: Val_Loss = 1.1626464128494263, Val_Err = 25.09
root: Epoch: [123 | 300]
root: Train_Loss = 0.02521095797419548, Train_Err = 6.162
root: Val_Loss = 1.2533317804336548, Val_Err = 26.24
root: Epoch: [124 | 300]
root: Train_Loss = 0.025683986023068428, Train_Err = 6.362
root: Val_Loss = 1.1903131008148193, Val_Err = 25.4
root: Epoch: [125 | 300]
root: Train_Loss = 0.024836530908942223, Train_Err = 6.148
root: Val_Loss = 1.1862578392028809, Val_Err = 24.81
root: Epoch: [126 | 300]
root: Train_Loss = 0.024613652378320694, Train_Err = 6.044
root: Val_Loss = 1.1907851696014404, Val_Err = 25.57
root: Epoch: [127 | 300]
root: Train_Loss = 0.02449622005224228, Train_Err = 6.012
root: Val_Loss = 1.1859291791915894, Val_Err = 24.8
root: Epoch: [128 | 300]
root: Train_Loss = 0.024857550859451294, Train_Err = 6.198
root: Val_Loss = 1.1645909547805786, Val_Err = 24.68
root: Epoch: [129 | 300]
root: Train_Loss = 0.026185866445302963, Train_Err = 6.462
root: Val_Loss = 1.2113341093063354, Val_Err = 24.86
root: Epoch: [130 | 300]
root: Train_Loss = 0.024643009528517723, Train_Err = 6.05
root: Val_Loss = 1.2105193138122559, Val_Err = 25.49
root: Epoch: [131 | 300]
root: Train_Loss = 0.02377021126449108, Train_Err = 5.814
root: Val_Loss = 1.1705706119537354, Val_Err = 24.46
root: Epoch: [132 | 300]
root: Train_Loss = 0.023566605523228645, Train_Err = 5.76
root: Val_Loss = 1.1620572805404663, Val_Err = 24.95
root: Epoch: [133 | 300]
root: Train_Loss = 0.022739313542842865, Train_Err = 5.514
root: Val_Loss = 1.1721094846725464, Val_Err = 24.49
root: Epoch: [134 | 300]
root: Train_Loss = 0.024026578292250633, Train_Err = 5.912
root: Val_Loss = 1.2518630027770996, Val_Err = 25.85
root: Epoch: [135 | 300]
root: Train_Loss = 0.02472899667918682, Train_Err = 6.15
root: Val_Loss = 1.1779581308364868, Val_Err = 25.7
root: Epoch: [136 | 300]
root: Train_Loss = 0.024007396772503853, Train_Err = 6.014
root: Val_Loss = 1.162365436553955, Val_Err = 24.41
root: Epoch: [137 | 300]
root: Train_Loss = 0.024403171613812447, Train_Err = 6.034
root: Val_Loss = 1.2116490602493286, Val_Err = 25.79
root: Epoch: [138 | 300]
root: Train_Loss = 0.02378356084227562, Train_Err = 5.868
root: Val_Loss = 1.1708240509033203, Val_Err = 24.83
root: Epoch: [139 | 300]
root: Train_Loss = 0.024432731792330742, Train_Err = 6.022
root: Val_Loss = 1.168533444404602, Val_Err = 24.98
root: Epoch: [140 | 300]
root: Train_Loss = 0.025252239778637886, Train_Err = 6.306
root: Val_Loss = 1.1378153562545776, Val_Err = 24.56
root: Epoch: [141 | 300]
root: Train_Loss = 0.02484491467475891, Train_Err = 6.084
root: Val_Loss = 1.131766438484192, Val_Err = 24.47
root: Epoch: [142 | 300]
root: Train_Loss = 0.02323046512901783, Train_Err = 5.646
root: Val_Loss = 1.1539795398712158, Val_Err = 24.71
root: Epoch: [143 | 300]
root: Train_Loss = 0.024314740672707558, Train_Err = 5.852
root: Val_Loss = 1.1326338052749634, Val_Err = 24.41
root: Epoch: [144 | 300]
root: Train_Loss = 0.02424480952322483, Train_Err = 5.96
root: Val_Loss = 1.1730620861053467, Val_Err = 24.72
root: Epoch: [145 | 300]
root: Train_Loss = 0.02317914552986622, Train_Err = 5.62
root: Val_Loss = 1.1085697412490845, Val_Err = 24.76
root: Epoch: [146 | 300]
root: Train_Loss = 0.023557614535093307, Train_Err = 5.78
root: Val_Loss = 1.178317666053772, Val_Err = 24.81
root: Epoch: [147 | 300]
root: Train_Loss = 0.025609418749809265, Train_Err = 6.302
root: Val_Loss = 1.1457490921020508, Val_Err = 24.17
root: Epoch: [148 | 300]
root: Train_Loss = 0.02371133305132389, Train_Err = 5.872
root: Val_Loss = 1.1631850004196167, Val_Err = 24.25
root: Epoch: [149 | 300]
root: Train_Loss = 0.025328852236270905, Train_Err = 6.238
root: Val_Loss = 1.1345295906066895, Val_Err = 24.35
root: Epoch: [150 | 300]
root: Train_Loss = 0.007985744625329971, Train_Err = 1.654
root: Val_Loss = 0.8858723640441895, Val_Err = 19.37
root: Epoch: [151 | 300]
root: Train_Loss = 0.0035250126384198666, Train_Err = 0.538
root: Val_Loss = 0.8778873085975647, Val_Err = 18.43
root: Epoch: [152 | 300]
root: Train_Loss = 0.002535097999498248, Train_Err = 0.328
root: Val_Loss = 0.8720576167106628, Val_Err = 18.26
root: Epoch: [153 | 300]
root: Train_Loss = 0.002042439766228199, Train_Err = 0.244
root: Val_Loss = 0.8582927584648132, Val_Err = 18.29
root: Epoch: [154 | 300]
root: Train_Loss = 0.0017167365876957774, Train_Err = 0.184
root: Val_Loss = 0.8779032826423645, Val_Err = 18.14
root: Epoch: [155 | 300]
root: Train_Loss = 0.001575765199959278, Train_Err = 0.15
root: Val_Loss = 0.8803414702415466, Val_Err = 18.23
root: Epoch: [156 | 300]
root: Train_Loss = 0.001460474100895226, Train_Err = 0.176
root: Val_Loss = 0.8610186576843262, Val_Err = 17.97
root: Epoch: [157 | 300]
root: Train_Loss = 0.0013007661327719688, Train_Err = 0.136
root: Val_Loss = 0.8683189153671265, Val_Err = 18.02
root: Epoch: [158 | 300]
root: Train_Loss = 0.0011718207970261574, Train_Err = 0.104
root: Val_Loss = 0.8648214340209961, Val_Err = 17.79
root: Epoch: [159 | 300]
root: Train_Loss = 0.0011759634362533689, Train_Err = 0.12
root: Val_Loss = 0.8648263216018677, Val_Err = 17.85
root: Epoch: [160 | 300]
root: Train_Loss = 0.0010714383097365499, Train_Err = 0.082
root: Val_Loss = 0.8597040772438049, Val_Err = 17.77
root: Epoch: [161 | 300]
root: Train_Loss = 0.0010384221095591784, Train_Err = 0.098
root: Val_Loss = 0.8667980432510376, Val_Err = 17.82
root: Epoch: [162 | 300]
root: Train_Loss = 0.0009372595231980085, Train_Err = 0.07
root: Val_Loss = 0.8594194054603577, Val_Err = 17.64
root: Epoch: [163 | 300]
root: Train_Loss = 0.000979473814368248, Train_Err = 0.088
root: Val_Loss = 0.8631887435913086, Val_Err = 17.68
root: Epoch: [164 | 300]
root: Train_Loss = 0.0009302832768298686, Train_Err = 0.068
root: Val_Loss = 0.8594279885292053, Val_Err = 17.67
root: Epoch: [165 | 300]
root: Train_Loss = 0.0008773042936809361, Train_Err = 0.064
root: Val_Loss = 0.8573033213615417, Val_Err = 17.49
root: Epoch: [166 | 300]
root: Train_Loss = 0.000856849190313369, Train_Err = 0.062
root: Val_Loss = 0.8467074036598206, Val_Err = 17.38
root: Epoch: [167 | 300]
root: Train_Loss = 0.0008325850940309465, Train_Err = 0.062
root: Val_Loss = 0.8515132665634155, Val_Err = 17.39
root: Epoch: [168 | 300]
root: Train_Loss = 0.0008356589823961258, Train_Err = 0.062
root: Val_Loss = 0.8579926490783691, Val_Err = 17.61
root: Epoch: [169 | 300]
root: Train_Loss = 0.0008163400343619287, Train_Err = 0.072
root: Val_Loss = 0.8561323881149292, Val_Err = 17.44
root: Epoch: [170 | 300]
root: Train_Loss = 0.0008480593678541481, Train_Err = 0.074
root: Val_Loss = 0.8597933650016785, Val_Err = 17.5
root: Epoch: [171 | 300]
root: Train_Loss = 0.0007995753549039364, Train_Err = 0.054
root: Val_Loss = 0.8569689393043518, Val_Err = 17.41
root: Epoch: [172 | 300]
root: Train_Loss = 0.0007590851164422929, Train_Err = 0.06
root: Val_Loss = 0.8449975252151489, Val_Err = 17.46
root: Epoch: [173 | 300]
root: Train_Loss = 0.0007868437678553164, Train_Err = 0.062
root: Val_Loss = 0.8545044660568237, Val_Err = 17.41
root: Epoch: [174 | 300]
root: Train_Loss = 0.0007504443055950105, Train_Err = 0.052
root: Val_Loss = 0.8497940897941589, Val_Err = 17.45
root: Epoch: [175 | 300]
root: Train_Loss = 0.0007216106168925762, Train_Err = 0.058
root: Val_Loss = 0.8468829989433289, Val_Err = 17.42
root: Epoch: [176 | 300]
root: Train_Loss = 0.000781771435867995, Train_Err = 0.062
root: Val_Loss = 0.8492202758789062, Val_Err = 17.33
root: Epoch: [177 | 300]
root: Train_Loss = 0.0007515476900152862, Train_Err = 0.06
root: Val_Loss = 0.855058491230011, Val_Err = 17.5
root: Epoch: [178 | 300]
root: Train_Loss = 0.0007507434929721057, Train_Err = 0.058
root: Val_Loss = 0.8432415723800659, Val_Err = 17.36
root: Epoch: [179 | 300]
root: Train_Loss = 0.0007593229529447854, Train_Err = 0.048
root: Val_Loss = 0.8400973677635193, Val_Err = 17.22
root: Epoch: [180 | 300]
root: Train_Loss = 0.0007289448985829949, Train_Err = 0.064
root: Val_Loss = 0.8438317179679871, Val_Err = 17.45
root: Epoch: [181 | 300]
root: Train_Loss = 0.0007280737045221031, Train_Err = 0.054
root: Val_Loss = 0.8297497034072876, Val_Err = 17.12
root: Epoch: [182 | 300]
root: Train_Loss = 0.0007176215876825154, Train_Err = 0.052
root: Val_Loss = 0.8408440351486206, Val_Err = 17.12
root: Epoch: [183 | 300]
root: Train_Loss = 0.0007693059160374105, Train_Err = 0.062
root: Val_Loss = 0.8477354049682617, Val_Err = 17.27
root: Epoch: [184 | 300]
root: Train_Loss = 0.0007235757075250149, Train_Err = 0.05
root: Val_Loss = 0.8371911644935608, Val_Err = 17.28
root: Epoch: [185 | 300]
root: Train_Loss = 0.0007256170501932502, Train_Err = 0.05
root: Val_Loss = 0.8287480473518372, Val_Err = 17.22
root: Epoch: [186 | 300]
root: Train_Loss = 0.00068121642107144, Train_Err = 0.052
root: Val_Loss = 0.8447158932685852, Val_Err = 17.16
root: Epoch: [187 | 300]
root: Train_Loss = 0.0006328696617856622, Train_Err = 0.03
root: Val_Loss = 0.8431463837623596, Val_Err = 17.26
root: Epoch: [188 | 300]
root: Train_Loss = 0.0006554240244440734, Train_Err = 0.034
root: Val_Loss = 0.8377675414085388, Val_Err = 17.26
root: Epoch: [189 | 300]
root: Train_Loss = 0.0007034237496554852, Train_Err = 0.052
root: Val_Loss = 0.8284675478935242, Val_Err = 17.23
root: Epoch: [190 | 300]
root: Train_Loss = 0.000649192719720304, Train_Err = 0.04
root: Val_Loss = 0.8304847478866577, Val_Err = 17.2
root: Epoch: [191 | 300]
root: Train_Loss = 0.0006994858849793673, Train_Err = 0.046
root: Val_Loss = 0.8240426778793335, Val_Err = 17.28
root: Epoch: [192 | 300]
root: Train_Loss = 0.0007307166233658791, Train_Err = 0.056
root: Val_Loss = 0.8486813306808472, Val_Err = 17.32
root: Epoch: [193 | 300]
root: Train_Loss = 0.0006926811765879393, Train_Err = 0.048
root: Val_Loss = 0.8254804611206055, Val_Err = 17.22
root: Epoch: [194 | 300]
root: Train_Loss = 0.0006722050020471215, Train_Err = 0.054
root: Val_Loss = 0.8325931429862976, Val_Err = 17.41
root: Epoch: [195 | 300]
root: Train_Loss = 0.0006979221943765879, Train_Err = 0.044
root: Val_Loss = 0.8366612195968628, Val_Err = 17.27
root: Epoch: [196 | 300]
root: Train_Loss = 0.0006937892758287489, Train_Err = 0.048
root: Val_Loss = 0.8314653038978577, Val_Err = 17.25
root: Epoch: [197 | 300]
root: Train_Loss = 0.000665082479827106, Train_Err = 0.036
root: Val_Loss = 0.8332562446594238, Val_Err = 17.19
root: Epoch: [198 | 300]
root: Train_Loss = 0.0007245750166475773, Train_Err = 0.052
root: Val_Loss = 0.832447350025177, Val_Err = 17.1
root: Epoch: [199 | 300]
root: Train_Loss = 0.0006885739858262241, Train_Err = 0.036
root: Val_Loss = 0.8317614793777466, Val_Err = 17.06
root: Epoch: [200 | 300]
root: Train_Loss = 0.0006958341691643, Train_Err = 0.04
root: Val_Loss = 0.8233910799026489, Val_Err = 17.11
root: Epoch: [201 | 300]
root: Train_Loss = 0.0006541831535287201, Train_Err = 0.04
root: Val_Loss = 0.8244691491127014, Val_Err = 17.01
root: Epoch: [202 | 300]
root: Train_Loss = 0.0006624677334912121, Train_Err = 0.036
root: Val_Loss = 0.8341850638389587, Val_Err = 17.17
root: Epoch: [203 | 300]
root: Train_Loss = 0.0006927535287104547, Train_Err = 0.036
root: Val_Loss = 0.8337101340293884, Val_Err = 17.35
root: Epoch: [204 | 300]
root: Train_Loss = 0.0006837586988694966, Train_Err = 0.044
root: Val_Loss = 0.826217770576477, Val_Err = 17.05
root: Epoch: [205 | 300]
root: Train_Loss = 0.0006775426445528865, Train_Err = 0.032
root: Val_Loss = 0.8311994671821594, Val_Err = 17.06
root: Epoch: [206 | 300]
root: Train_Loss = 0.0006934490520507097, Train_Err = 0.048
root: Val_Loss = 0.8192142248153687, Val_Err = 16.94
root: Epoch: [207 | 300]
root: Train_Loss = 0.0006945809000171721, Train_Err = 0.048
root: Val_Loss = 0.8350493907928467, Val_Err = 16.95
root: Epoch: [208 | 300]
root: Train_Loss = 0.0006856273976154625, Train_Err = 0.046
root: Val_Loss = 0.824932873249054, Val_Err = 17.06
root: Epoch: [209 | 300]
root: Train_Loss = 0.0006944702472537756, Train_Err = 0.036
root: Val_Loss = 0.8312061429023743, Val_Err = 17.14
root: Epoch: [210 | 300]
root: Train_Loss = 0.000640463549643755, Train_Err = 0.046
root: Val_Loss = 0.8268876671791077, Val_Err = 17.1
root: Epoch: [211 | 300]
root: Train_Loss = 0.0006602371577173471, Train_Err = 0.03
root: Val_Loss = 0.8224180340766907, Val_Err = 16.86
root: Epoch: [212 | 300]
root: Train_Loss = 0.000673704722430557, Train_Err = 0.038
root: Val_Loss = 0.8289434313774109, Val_Err = 17.37
root: Epoch: [213 | 300]
root: Train_Loss = 0.0006882206071168184, Train_Err = 0.048
root: Val_Loss = 0.8334037065505981, Val_Err = 16.97
root: Epoch: [214 | 300]
root: Train_Loss = 0.0006743952981196344, Train_Err = 0.044
root: Val_Loss = 0.827695369720459, Val_Err = 16.97
root: Epoch: [215 | 300]
root: Train_Loss = 0.0006746125873178244, Train_Err = 0.044
root: Val_Loss = 0.823114812374115, Val_Err = 17.08
root: Epoch: [216 | 300]
root: Train_Loss = 0.0007071407162584364, Train_Err = 0.06
root: Val_Loss = 0.8269896507263184, Val_Err = 16.98
root: Epoch: [217 | 300]
root: Train_Loss = 0.0007075715693645179, Train_Err = 0.04
root: Val_Loss = 0.830501139163971, Val_Err = 17.26
root: Epoch: [218 | 300]
root: Train_Loss = 0.0006761719123460352, Train_Err = 0.04
root: Val_Loss = 0.8197999596595764, Val_Err = 17.11
root: Epoch: [219 | 300]
root: Train_Loss = 0.0006704559782519937, Train_Err = 0.038
root: Val_Loss = 0.8278598189353943, Val_Err = 17.11
root: Epoch: [220 | 300]
root: Train_Loss = 0.0006672768504358828, Train_Err = 0.036
root: Val_Loss = 0.8391935229301453, Val_Err = 17.26
root: Epoch: [221 | 300]
root: Train_Loss = 0.0006784432334825397, Train_Err = 0.044
root: Val_Loss = 0.8271648287773132, Val_Err = 17.15
root: Epoch: [222 | 300]
root: Train_Loss = 0.0006645200774073601, Train_Err = 0.04
root: Val_Loss = 0.8401597738265991, Val_Err = 17.0
root: Epoch: [223 | 300]
root: Train_Loss = 0.0006562571506947279, Train_Err = 0.034
root: Val_Loss = 0.8362486958503723, Val_Err = 17.0
root: Epoch: [224 | 300]
root: Train_Loss = 0.0006705524865537882, Train_Err = 0.038
root: Val_Loss = 0.83292156457901, Val_Err = 17.11
root: Epoch: [225 | 300]
root: Train_Loss = 0.0006554770516231656, Train_Err = 0.032
root: Val_Loss = 0.8332556486129761, Val_Err = 16.86
root: Epoch: [226 | 300]
root: Train_Loss = 0.0006714978371746838, Train_Err = 0.036
root: Val_Loss = 0.8264793753623962, Val_Err = 17.09
root: Epoch: [227 | 300]
root: Train_Loss = 0.000650718982797116, Train_Err = 0.03
root: Val_Loss = 0.8231680393218994, Val_Err = 16.97
root: Epoch: [228 | 300]
root: Train_Loss = 0.0006651501171290874, Train_Err = 0.034
root: Val_Loss = 0.8277126550674438, Val_Err = 16.78
root: Epoch: [229 | 300]
root: Train_Loss = 0.0006585606024600565, Train_Err = 0.052
root: Val_Loss = 0.8388025164604187, Val_Err = 17.08
root: Epoch: [230 | 300]
root: Train_Loss = 0.0006648672861047089, Train_Err = 0.036
root: Val_Loss = 0.8260752558708191, Val_Err = 17.24
root: Epoch: [231 | 300]
root: Train_Loss = 0.0006391904898919165, Train_Err = 0.03
root: Val_Loss = 0.8285590410232544, Val_Err = 16.8
root: Epoch: [232 | 300]
root: Train_Loss = 0.0006443773745559156, Train_Err = 0.034
root: Val_Loss = 0.8329669833183289, Val_Err = 16.82
root: Epoch: [233 | 300]
root: Train_Loss = 0.0006536716246046126, Train_Err = 0.03
root: Val_Loss = 0.830983579158783, Val_Err = 16.92
root: Epoch: [234 | 300]
root: Train_Loss = 0.0006696888594888151, Train_Err = 0.036
root: Val_Loss = 0.8262653350830078, Val_Err = 17.28
root: Epoch: [235 | 300]
root: Train_Loss = 0.0006560099427588284, Train_Err = 0.032
root: Val_Loss = 0.8228899240493774, Val_Err = 17.0
root: Epoch: [236 | 300]
root: Train_Loss = 0.0006753012421540916, Train_Err = 0.038
root: Val_Loss = 0.831092357635498, Val_Err = 17.08
root: Epoch: [237 | 300]
root: Train_Loss = 0.0006852869992144406, Train_Err = 0.046
root: Val_Loss = 0.8325920701026917, Val_Err = 17.02
root: Epoch: [238 | 300]
root: Train_Loss = 0.0006499466253444552, Train_Err = 0.03
root: Val_Loss = 0.832155168056488, Val_Err = 16.96
root: Epoch: [239 | 300]
root: Train_Loss = 0.0006798503454774618, Train_Err = 0.04
root: Val_Loss = 0.8225234150886536, Val_Err = 17.02
root: Epoch: [240 | 300]
root: Train_Loss = 0.0006551479455083609, Train_Err = 0.034
root: Val_Loss = 0.8304925560951233, Val_Err = 17.03
root: Epoch: [241 | 300]
root: Train_Loss = 0.0006723210099153221, Train_Err = 0.032
root: Val_Loss = 0.8367131352424622, Val_Err = 17.01
root: Epoch: [242 | 300]
root: Train_Loss = 0.0006651280564256012, Train_Err = 0.034
root: Val_Loss = 0.824678897857666, Val_Err = 16.85
root: Epoch: [243 | 300]
root: Train_Loss = 0.0006595944869332016, Train_Err = 0.03
root: Val_Loss = 0.8316611051559448, Val_Err = 17.11
root: Epoch: [244 | 300]
root: Train_Loss = 0.0006683754618279636, Train_Err = 0.028
root: Val_Loss = 0.8362088799476624, Val_Err = 17.05
root: Epoch: [245 | 300]
root: Train_Loss = 0.0006742063560523093, Train_Err = 0.03
root: Val_Loss = 0.8380283713340759, Val_Err = 17.05
root: Epoch: [246 | 300]
root: Train_Loss = 0.0006590256816707551, Train_Err = 0.034
root: Val_Loss = 0.8374418020248413, Val_Err = 16.83
root: Epoch: [247 | 300]
root: Train_Loss = 0.0006900294101797044, Train_Err = 0.03
root: Val_Loss = 0.832676351070404, Val_Err = 17.05
root: Epoch: [248 | 300]
root: Train_Loss = 0.0006904054898768663, Train_Err = 0.042
root: Val_Loss = 0.8241142630577087, Val_Err = 16.9
root: Epoch: [249 | 300]
root: Train_Loss = 0.0006929970113560557, Train_Err = 0.038
root: Val_Loss = 0.8232373595237732, Val_Err = 17.06
root: Epoch: [250 | 300]
root: Train_Loss = 0.0006808025063946843, Train_Err = 0.03
root: Val_Loss = 0.8293858170509338, Val_Err = 17.06
root: Epoch: [251 | 300]
root: Train_Loss = 0.0006651767762377858, Train_Err = 0.03
root: Val_Loss = 0.8297405242919922, Val_Err = 17.15
root: Epoch: [252 | 300]
root: Train_Loss = 0.0006857393309473991, Train_Err = 0.044
root: Val_Loss = 0.8359580039978027, Val_Err = 17.02
root: Epoch: [253 | 300]
root: Train_Loss = 0.0006541880429722369, Train_Err = 0.022
root: Val_Loss = 0.838709831237793, Val_Err = 16.93
root: Epoch: [254 | 300]
root: Train_Loss = 0.0006417043041437864, Train_Err = 0.026
root: Val_Loss = 0.8252795934677124, Val_Err = 16.94
root: Epoch: [255 | 300]
root: Train_Loss = 0.0007007503882050514, Train_Err = 0.038
root: Val_Loss = 0.8351960778236389, Val_Err = 16.89
root: Epoch: [256 | 300]
root: Train_Loss = 0.0007240292034111917, Train_Err = 0.05
root: Val_Loss = 0.8411859273910522, Val_Err = 17.07
root: Epoch: [257 | 300]
root: Train_Loss = 0.0006605229573324323, Train_Err = 0.032
root: Val_Loss = 0.8459055423736572, Val_Err = 17.14
root: Epoch: [258 | 300]
root: Train_Loss = 0.0006863140151835978, Train_Err = 0.042
root: Val_Loss = 0.8300718665122986, Val_Err = 17.04
root: Epoch: [259 | 300]
root: Train_Loss = 0.0007059313938952982, Train_Err = 0.036
root: Val_Loss = 0.8358581066131592, Val_Err = 16.94
root: Epoch: [260 | 300]
root: Train_Loss = 0.0007073317538015544, Train_Err = 0.038
root: Val_Loss = 0.8346201181411743, Val_Err = 17.03
root: Epoch: [261 | 300]
root: Train_Loss = 0.0007108149002306163, Train_Err = 0.036
root: Val_Loss = 0.8321548700332642, Val_Err = 16.97
root: Epoch: [262 | 300]
root: Train_Loss = 0.0006792587228119373, Train_Err = 0.044
root: Val_Loss = 0.8338997960090637, Val_Err = 16.99
root: Epoch: [263 | 300]
root: Train_Loss = 0.0007044115336611867, Train_Err = 0.034
root: Val_Loss = 0.8367424607276917, Val_Err = 16.95
root: Epoch: [264 | 300]
root: Train_Loss = 0.0007164146518334746, Train_Err = 0.046
root: Val_Loss = 0.8333165645599365, Val_Err = 16.94
root: Epoch: [265 | 300]
root: Train_Loss = 0.0007304492173716426, Train_Err = 0.048
root: Val_Loss = 0.8408488035202026, Val_Err = 17.11
root: Epoch: [266 | 300]
root: Train_Loss = 0.0006767719169147313, Train_Err = 0.03
root: Val_Loss = 0.8314481973648071, Val_Err = 16.9
root: Epoch: [267 | 300]
root: Train_Loss = 0.0006803805590607226, Train_Err = 0.03
root: Val_Loss = 0.8288121819496155, Val_Err = 17.23
root: Epoch: [268 | 300]
root: Train_Loss = 0.0006998644093982875, Train_Err = 0.042
root: Val_Loss = 0.8391605019569397, Val_Err = 17.04
root: Epoch: [269 | 300]
root: Train_Loss = 0.0007317346171475947, Train_Err = 0.034
root: Val_Loss = 0.8328427672386169, Val_Err = 16.84
root: Epoch: [270 | 300]
root: Train_Loss = 0.0007061045616865158, Train_Err = 0.04
root: Val_Loss = 0.8447964787483215, Val_Err = 16.96
root: Epoch: [271 | 300]
root: Train_Loss = 0.000702818448189646, Train_Err = 0.022
root: Val_Loss = 0.8413301706314087, Val_Err = 17.26
root: Epoch: [272 | 300]
root: Train_Loss = 0.0006820517010055482, Train_Err = 0.026
root: Val_Loss = 0.8342416882514954, Val_Err = 16.9
root: Epoch: [273 | 300]
root: Train_Loss = 0.0006899868603795767, Train_Err = 0.036
root: Val_Loss = 0.8378999829292297, Val_Err = 17.11
root: Epoch: [274 | 300]
root: Train_Loss = 0.0007002847851254046, Train_Err = 0.034
root: Val_Loss = 0.8352577090263367, Val_Err = 16.92
root: Epoch: [275 | 300]
root: Train_Loss = 0.000684028840623796, Train_Err = 0.036
root: Val_Loss = 0.8447985053062439, Val_Err = 16.99
root: Epoch: [276 | 300]
root: Train_Loss = 0.0007034791633486748, Train_Err = 0.044
root: Val_Loss = 0.8410283923149109, Val_Err = 17.01
root: Epoch: [277 | 300]
root: Train_Loss = 0.0007186047150753438, Train_Err = 0.032
root: Val_Loss = 0.8431092500686646, Val_Err = 16.97
root: Epoch: [278 | 300]
root: Train_Loss = 0.0006786020239815116, Train_Err = 0.03
root: Val_Loss = 0.8383440971374512, Val_Err = 16.93
root: Epoch: [279 | 300]
root: Train_Loss = 0.0006875239196233451, Train_Err = 0.038
root: Val_Loss = 0.8453128933906555, Val_Err = 16.86
root: Epoch: [280 | 300]
root: Train_Loss = 0.0007237979443743825, Train_Err = 0.046
root: Val_Loss = 0.841829776763916, Val_Err = 16.91
root: Epoch: [281 | 300]
root: Train_Loss = 0.0007065536337904632, Train_Err = 0.038
root: Val_Loss = 0.8376027941703796, Val_Err = 17.11
root: Epoch: [282 | 300]
root: Train_Loss = 0.0007021686178632081, Train_Err = 0.036
root: Val_Loss = 0.8275679349899292, Val_Err = 16.94
root: Epoch: [283 | 300]
root: Train_Loss = 0.0006673089228570461, Train_Err = 0.024
root: Val_Loss = 0.8404338359832764, Val_Err = 17.0
root: Epoch: [284 | 300]
root: Train_Loss = 0.0006767198792658746, Train_Err = 0.032
root: Val_Loss = 0.8315937519073486, Val_Err = 16.9
root: Epoch: [285 | 300]
root: Train_Loss = 0.00069172348594293, Train_Err = 0.044
root: Val_Loss = 0.8439865112304688, Val_Err = 17.03
root: Epoch: [286 | 300]
root: Train_Loss = 0.0007015665178187191, Train_Err = 0.04
root: Val_Loss = 0.8390617966651917, Val_Err = 16.97
root: Epoch: [287 | 300]
root: Train_Loss = 0.0006859668646939099, Train_Err = 0.034
root: Val_Loss = 0.8505187034606934, Val_Err = 17.01
root: Epoch: [288 | 300]
root: Train_Loss = 0.0006848970078863204, Train_Err = 0.026
root: Val_Loss = 0.8298640251159668, Val_Err = 16.86
root: Epoch: [289 | 300]
root: Train_Loss = 0.000711934466380626, Train_Err = 0.04
root: Val_Loss = 0.8365760445594788, Val_Err = 16.91
root: Epoch: [290 | 300]
root: Train_Loss = 0.0007234523654915392, Train_Err = 0.03
root: Val_Loss = 0.8351389169692993, Val_Err = 16.76
root: Epoch: [291 | 300]
root: Train_Loss = 0.0007110796286724508, Train_Err = 0.042
root: Val_Loss = 0.8342201113700867, Val_Err = 16.95
root: Epoch: [292 | 300]
root: Train_Loss = 0.0007058664341457188, Train_Err = 0.042
root: Val_Loss = 0.8424863219261169, Val_Err = 16.86
root: Epoch: [293 | 300]
root: Train_Loss = 0.0007003640057519078, Train_Err = 0.034
root: Val_Loss = 0.8259955048561096, Val_Err = 16.97
root: Epoch: [294 | 300]
root: Train_Loss = 0.0006837239488959312, Train_Err = 0.034
root: Val_Loss = 0.8477836847305298, Val_Err = 16.98
root: Epoch: [295 | 300]
root: Train_Loss = 0.0007183350389823318, Train_Err = 0.038
root: Val_Loss = 0.846362292766571, Val_Err = 17.02
root: Epoch: [296 | 300]
root: Train_Loss = 0.0006802485440857708, Train_Err = 0.028
root: Val_Loss = 0.8304460644721985, Val_Err = 17.11
root: Epoch: [297 | 300]
root: Train_Loss = 0.0006815418601036072, Train_Err = 0.032
root: Val_Loss = 0.8439589738845825, Val_Err = 17.02
root: Epoch: [298 | 300]
root: Train_Loss = 0.0007243486470542848, Train_Err = 0.024
root: Val_Loss = 0.8368087410926819, Val_Err = 16.75
root: Epoch: [299 | 300]
root: Train_Loss = 0.0006963785272091627, Train_Err = 0.028
root: Val_Loss = 0.8411804437637329, Val_Err = 16.91
