Namespace(bs=128, cp_dir='./checkpoints/cifar10/resnet18/entropy_sgd_0.5_0.0001_0.1_5_0.5/run_ms_0', data_dir='./data/cifar10', dir='.', dtype='cifar10', ep=40, g0=0.5, g1=0.0001, loadckp=False, lr=0.5, milestones=[20, 24], mo=0.9, ms=0, mtype='resnet18', n='cifar10/resnet18/entropy_sgd_0.5_0.0001_0.1_5_0.5', num_classes=10, print_freq=100, sgld_lr=0.1, use_cuda=True, wd=0.0005)
Epoch: [0 | 40]
Phase:train -- -- 3447.38 samples/sec-- Loss:0.95 -- Error1:33.90
Train_Loss = 0.9534886414833069, Train_Err = 33.8992
Phase:val -- -- 9878.88 samples/sec-- Loss:0.60 -- Error1:20.46
Val_Loss = 0.6004863382339477, Val_Err = 20.46
Epoch: [1 | 40]
Phase:train -- -- 3491.85 samples/sec-- Loss:0.35 -- Error1:12.06
Train_Loss = 0.34850737168216706, Train_Err = 12.056
Phase:val -- -- 10197.09 samples/sec-- Loss:0.55 -- Error1:17.89
Val_Loss = 0.553194916343689, Val_Err = 17.89
Epoch: [2 | 40]
Phase:train -- -- 3424.51 samples/sec-- Loss:0.21 -- Error1:7.08
Train_Loss = 0.20684750207281113, Train_Err = 7.078
Phase:val -- -- 10120.07 samples/sec-- Loss:0.56 -- Error1:18.00
Val_Loss = 0.5615996384620666, Val_Err = 18.0
Epoch: [3 | 40]
Phase:train -- -- 3496.97 samples/sec-- Loss:0.18 -- Error1:5.98
Train_Loss = 0.17502545861434937, Train_Err = 5.9788
Phase:val -- -- 10310.07 samples/sec-- Loss:0.63 -- Error1:18.95
Val_Loss = 0.6338792285919189, Val_Err = 18.95
Epoch: [4 | 40]
Phase:train -- -- 3501.12 samples/sec-- Loss:0.16 -- Error1:5.57
Train_Loss = 0.1634785276327133, Train_Err = 5.5684
Phase:val -- -- 10303.56 samples/sec-- Loss:0.61 -- Error1:18.36
Val_Loss = 0.6086676140785218, Val_Err = 18.36
Epoch: [5 | 40]
Phase:train -- -- 3499.95 samples/sec-- Loss:0.16 -- Error1:5.46
Train_Loss = 0.1615496770391464, Train_Err = 5.4612
Phase:val -- -- 10252.66 samples/sec-- Loss:0.71 -- Error1:21.03
Val_Loss = 0.7137534209251404, Val_Err = 21.03
Epoch: [6 | 40]
Phase:train -- -- 3495.27 samples/sec-- Loss:0.16 -- Error1:5.28
Train_Loss = 0.15629374128055573, Train_Err = 5.2752
Phase:val -- -- 10204.53 samples/sec-- Loss:0.65 -- Error1:19.31
Val_Loss = 0.6546551293373107, Val_Err = 19.31
Epoch: [7 | 40]
Phase:train -- -- 3495.91 samples/sec-- Loss:0.16 -- Error1:5.43
Train_Loss = 0.16063429458332062, Train_Err = 5.4324
Phase:val -- -- 10254.71 samples/sec-- Loss:0.65 -- Error1:19.42
Val_Loss = 0.6510243432998657, Val_Err = 19.42
Epoch: [8 | 40]
Phase:train -- -- 3496.06 samples/sec-- Loss:0.16 -- Error1:5.54
Train_Loss = 0.16493628700113297, Train_Err = 5.5436
Phase:val -- -- 10177.33 samples/sec-- Loss:0.59 -- Error1:17.92
Val_Loss = 0.589207437324524, Val_Err = 17.92
Epoch: [9 | 40]
Phase:train -- -- 3495.84 samples/sec-- Loss:0.17 -- Error1:5.67
Train_Loss = 0.1662376663646698, Train_Err = 5.666
Phase:val -- -- 10137.08 samples/sec-- Loss:0.58 -- Error1:17.60
Val_Loss = 0.5798540540218353, Val_Err = 17.6
Epoch: [10 | 40]
Phase:train -- -- 3336.23 samples/sec-- Loss:0.17 -- Error1:5.81
Train_Loss = 0.17192295866775512, Train_Err = 5.8148
Phase:val -- -- 10184.56 samples/sec-- Loss:0.59 -- Error1:18.13
Val_Loss = 0.5853618323326111, Val_Err = 18.13
Epoch: [11 | 40]
Phase:train -- -- 3496.01 samples/sec-- Loss:0.18 -- Error1:5.95
Train_Loss = 0.17572060899496078, Train_Err = 5.9548
Phase:val -- -- 10183.22 samples/sec-- Loss:0.55 -- Error1:16.97
Val_Loss = 0.5490802009582519, Val_Err = 16.97
Epoch: [12 | 40]
Phase:train -- -- 3495.64 samples/sec-- Loss:0.18 -- Error1:6.17
Train_Loss = 0.1834513653717041, Train_Err = 6.1728
Phase:val -- -- 10243.34 samples/sec-- Loss:0.58 -- Error1:17.64
Val_Loss = 0.5762076053619385, Val_Err = 17.64
Epoch: [13 | 40]
Phase:train -- -- 3496.83 samples/sec-- Loss:0.19 -- Error1:6.30
Train_Loss = 0.18630158637046815, Train_Err = 6.2968
Phase:val -- -- 10109.74 samples/sec-- Loss:0.63 -- Error1:19.29
Val_Loss = 0.63329280834198, Val_Err = 19.29
Epoch: [14 | 40]
Phase:train -- -- 3498.55 samples/sec-- Loss:0.20 -- Error1:6.65
Train_Loss = 0.195230103890419, Train_Err = 6.6484
Phase:val -- -- 10128.34 samples/sec-- Loss:0.65 -- Error1:20.49
Val_Loss = 0.650182989358902, Val_Err = 20.49
Epoch: [15 | 40]
Phase:train -- -- 3495.85 samples/sec-- Loss:0.20 -- Error1:6.81
Train_Loss = 0.2017235853729248, Train_Err = 6.8068
Phase:val -- -- 10154.65 samples/sec-- Loss:0.57 -- Error1:17.91
Val_Loss = 0.5715131956100464, Val_Err = 17.91
Epoch: [16 | 40]
Phase:train -- -- 3387.20 samples/sec-- Loss:0.21 -- Error1:7.13
Train_Loss = 0.20958298582553864, Train_Err = 7.132
Phase:val -- -- 10229.85 samples/sec-- Loss:0.68 -- Error1:21.13
Val_Loss = 0.6801479499816895, Val_Err = 21.13
Epoch: [17 | 40]
Phase:train -- -- 3498.53 samples/sec-- Loss:0.22 -- Error1:7.32
Train_Loss = 0.21508576072025298, Train_Err = 7.3236
Phase:val -- -- 10398.56 samples/sec-- Loss:0.58 -- Error1:18.68
Val_Loss = 0.584311736869812, Val_Err = 18.68
Epoch: [18 | 40]
Phase:train -- -- 3501.52 samples/sec-- Loss:0.22 -- Error1:7.58
Train_Loss = 0.22396965295791627, Train_Err = 7.5828
Phase:val -- -- 10277.86 samples/sec-- Loss:0.60 -- Error1:19.36
Val_Loss = 0.6030868947982788, Val_Err = 19.36
Epoch: [19 | 40]
Phase:train -- -- 3501.71 samples/sec-- Loss:0.23 -- Error1:7.89
Train_Loss = 0.2318027434720993, Train_Err = 7.8944
Phase:val -- -- 10244.24 samples/sec-- Loss:0.61 -- Error1:19.91
Val_Loss = 0.6101054445266724, Val_Err = 19.91
Epoch: [20 | 40]
Phase:train -- -- 3496.57 samples/sec-- Loss:0.04 -- Error1:0.79
Train_Loss = 0.03553026443696022, Train_Err = 0.792
Phase:val -- -- 10153.34 samples/sec-- Loss:0.38 -- Error1:11.61
Val_Loss = 0.3832354380130768, Val_Err = 11.61
Epoch: [21 | 40]
Phase:train -- -- 3440.07 samples/sec-- Loss:0.01 -- Error1:0.00
Train_Loss = 0.006277486249387264, Train_Err = 0.0036
Phase:val -- -- 10241.20 samples/sec-- Loss:0.38 -- Error1:11.42
Val_Loss = 0.3802417330265045, Val_Err = 11.42
Epoch: [22 | 40]
Phase:train -- -- 3495.21 samples/sec-- Loss:0.01 -- Error1:0.00
Train_Loss = 0.005033814941853285, Train_Err = 0.0008
Phase:val -- -- 10238.92 samples/sec-- Loss:0.37 -- Error1:11.29
Val_Loss = 0.3732234443664551, Val_Err = 11.29
Epoch: [23 | 40]
Phase:train -- -- 3485.02 samples/sec-- Loss:0.00 -- Error1:0.00
Train_Loss = 0.004688377965897322, Train_Err = 0.0
Phase:val -- -- 10140.41 samples/sec-- Loss:0.37 -- Error1:11.37
Val_Loss = 0.37268345546722415, Val_Err = 11.37
Epoch: [24 | 40]
Phase:train -- -- 3497.88 samples/sec-- Loss:0.00 -- Error1:0.00
Train_Loss = 0.004419737167209387, Train_Err = 0.0
Phase:val -- -- 10197.05 samples/sec-- Loss:0.37 -- Error1:11.12
Val_Loss = 0.37208860287666323, Val_Err = 11.12
Epoch: [25 | 40]
Phase:train -- -- 3496.31 samples/sec-- Loss:0.00 -- Error1:0.00
Train_Loss = 0.0044090190493613485, Train_Err = 0.0
Phase:val -- -- 10104.70 samples/sec-- Loss:0.37 -- Error1:11.09
Val_Loss = 0.36998047423362734, Val_Err = 11.09
Epoch: [26 | 40]
Phase:train -- -- 3494.82 samples/sec-- Loss:0.00 -- Error1:0.00
Train_Loss = 0.004397981104746461, Train_Err = 0.0
Phase:val -- -- 10209.94 samples/sec-- Loss:0.37 -- Error1:11.20
Val_Loss = 0.3717874399662018, Val_Err = 11.2
Epoch: [27 | 40]
Phase:train -- -- 3496.35 samples/sec-- Loss:0.00 -- Error1:0.00
Train_Loss = 0.004354164093181491, Train_Err = 0.0
Phase:val -- -- 10226.39 samples/sec-- Loss:0.37 -- Error1:11.04
Val_Loss = 0.3705840525150299, Val_Err = 11.04
Epoch: [28 | 40]
Phase:train -- -- 3497.28 samples/sec-- Loss:0.00 -- Error1:0.00
Train_Loss = 0.004374332782506943, Train_Err = 0.0
Phase:val -- -- 10206.29 samples/sec-- Loss:0.37 -- Error1:11.19
Val_Loss = 0.3705242000579834, Val_Err = 11.19
Epoch: [29 | 40]
Phase:train -- -- 3496.56 samples/sec-- Loss:0.00 -- Error1:0.00
Train_Loss = 0.004388972704470157, Train_Err = 0.0
Phase:val -- -- 10214.83 samples/sec-- Loss:0.37 -- Error1:10.93
Val_Loss = 0.3688917219638824, Val_Err = 10.93
Epoch: [30 | 40]
Phase:train -- -- 3496.08 samples/sec-- Loss:0.00 -- Error1:0.00
Train_Loss = 0.004417477783024311, Train_Err = 0.0
Phase:val -- -- 10221.68 samples/sec-- Loss:0.37 -- Error1:11.17
Val_Loss = 0.36950906257629396, Val_Err = 11.17
Epoch: [31 | 40]
Phase:train -- -- 3499.13 samples/sec-- Loss:0.00 -- Error1:0.00
Train_Loss = 0.004419574873894453, Train_Err = 0.0
Phase:val -- -- 10196.95 samples/sec-- Loss:0.37 -- Error1:10.95
Val_Loss = 0.3670682821750641, Val_Err = 10.95
Epoch: [32 | 40]
Phase:train -- -- 3505.26 samples/sec-- Loss:0.00 -- Error1:0.00
Train_Loss = 0.0044309080490767955, Train_Err = 0.0
Phase:val -- -- 10283.58 samples/sec-- Loss:0.37 -- Error1:11.04
Val_Loss = 0.3677637062072754, Val_Err = 11.04
Epoch: [33 | 40]
Phase:train -- -- 3501.97 samples/sec-- Loss:0.00 -- Error1:0.00
Train_Loss = 0.004453343685954809, Train_Err = 0.0
Phase:val -- -- 10149.06 samples/sec-- Loss:0.37 -- Error1:11.05
Val_Loss = 0.36713214726448057, Val_Err = 11.05
Epoch: [34 | 40]
Phase:train -- -- 3496.00 samples/sec-- Loss:0.00 -- Error1:0.00
Train_Loss = 0.004548052717909217, Train_Err = 0.0
Phase:val -- -- 10151.00 samples/sec-- Loss:0.37 -- Error1:11.08
Val_Loss = 0.3671318431854248, Val_Err = 11.08
Epoch: [35 | 40]
Phase:train -- -- 3497.86 samples/sec-- Loss:0.00 -- Error1:0.00
Train_Loss = 0.004556021715804935, Train_Err = 0.0
Phase:val -- -- 10282.65 samples/sec-- Loss:0.37 -- Error1:11.07
Val_Loss = 0.3675982877731323, Val_Err = 11.07
Epoch: [36 | 40]
Phase:train -- -- 3496.30 samples/sec-- Loss:0.00 -- Error1:0.00
Train_Loss = 0.004624428128093481, Train_Err = 0.0
Phase:val -- -- 10212.63 samples/sec-- Loss:0.37 -- Error1:10.96
Val_Loss = 0.36627631692886353, Val_Err = 10.96
Epoch: [37 | 40]
Phase:train -- -- 3465.53 samples/sec-- Loss:0.00 -- Error1:0.00
Train_Loss = 0.00466733360221982, Train_Err = 0.0
Phase:val -- -- 10253.46 samples/sec-- Loss:0.37 -- Error1:11.14
Val_Loss = 0.3672413145542145, Val_Err = 11.14
Epoch: [38 | 40]
Phase:train -- -- 3497.37 samples/sec-- Loss:0.00 -- Error1:0.00
Train_Loss = 0.00472732614967227, Train_Err = 0.0
Phase:val -- -- 10168.86 samples/sec-- Loss:0.36 -- Error1:11.04
Val_Loss = 0.36463060979843137, Val_Err = 11.04
Epoch: [39 | 40]
Phase:train -- -- 3497.88 samples/sec-- Loss:0.00 -- Error1:0.00
Train_Loss = 0.0047483764132410285, Train_Err = 0.0004
Phase:val -- -- 10175.85 samples/sec-- Loss:0.37 -- Error1:11.17
Val_Loss = 0.3673637218475342, Val_Err = 11.17
