Namespace(bs=128, cp_dir='./checkpoints/tinyimagenet/resnet18/entropy_sgd_0.5_0.0001_0.1_5_0.5/run_ms_1', data_dir='./data/tinyimagenet/tiny-imagenet-200/', dir='.', dtype='tinyimagenet', ep=20, g0=0.5, g1=0.0001, loadckp=False, lr=0.5, milestones=[6.0, 12.0, 18.0], mo=0.9, ms=1, mtype='resnet18', n='tinyimagenet/resnet18/entropy_sgd_0.5_0.0001_0.1_5_0.5', num_classes=200, print_freq=100, sgld_lr=0.1, use_cuda=True, wd=0.0001)
Epoch: [0 | 20]
Phase:train -- -- 5259.86 samples/sec-- Loss:3.50 -- Error1:77.47
Train_Loss = 3.4955220496826174, Train_Err = 77.4746
Phase:val -- -- 7009.87 samples/sec-- Loss:3.08 -- Error1:71.24
Val_Loss = 3.077371241760254, Val_Err = 71.24
Epoch: [1 | 20]
Phase:train -- -- 5306.52 samples/sec-- Loss:2.13 -- Error1:52.85
Train_Loss = 2.1265587384033204, Train_Err = 52.846
Phase:val -- -- 7199.71 samples/sec-- Loss:3.06 -- Error1:66.94
Val_Loss = 3.0557834938049315, Val_Err = 66.94
Epoch: [2 | 20]
Phase:train -- -- 5306.81 samples/sec-- Loss:1.29 -- Error1:34.68
Train_Loss = 1.2915533452911376, Train_Err = 34.6766
Phase:val -- -- 7222.67 samples/sec-- Loss:3.56 -- Error1:70.43
Val_Loss = 3.5595546855926514, Val_Err = 70.43
Epoch: [3 | 20]
Phase:train -- -- 5306.31 samples/sec-- Loss:0.86 -- Error1:24.48
Train_Loss = 0.8594567044067383, Train_Err = 24.4798
Phase:val -- -- 7236.84 samples/sec-- Loss:3.94 -- Error1:70.45
Val_Loss = 3.9420606452941893, Val_Err = 70.45
Epoch: [4 | 20]
Phase:train -- -- 5304.64 samples/sec-- Loss:0.71 -- Error1:20.64
Train_Loss = 0.7084673978919983, Train_Err = 20.641
Phase:val -- -- 7219.26 samples/sec-- Loss:4.13 -- Error1:72.39
Val_Loss = 4.128134913253784, Val_Err = 72.39
Epoch: [5 | 20]
Phase:train -- -- 5306.85 samples/sec-- Loss:0.69 -- Error1:20.36
Train_Loss = 0.694641120262146, Train_Err = 20.3616
Phase:val -- -- 7157.40 samples/sec-- Loss:4.08 -- Error1:71.31
Val_Loss = 4.081217449951172, Val_Err = 71.31
Epoch: [6 | 20]
Phase:train -- -- 5305.58 samples/sec-- Loss:0.09 -- Error1:1.75
Train_Loss = 0.09280667707014084, Train_Err = 1.752
Phase:val -- -- 7269.73 samples/sec-- Loss:3.58 -- Error1:65.99
Val_Loss = 3.5844111152648925, Val_Err = 65.99
Epoch: [7 | 20]
Phase:train -- -- 5301.07 samples/sec-- Loss:0.02 -- Error1:0.03
Train_Loss = 0.01851375395989418, Train_Err = 0.0296
Phase:val -- -- 7292.28 samples/sec-- Loss:3.52 -- Error1:65.61
Val_Loss = 3.520017194366455, Val_Err = 65.61
Epoch: [8 | 20]
Phase:train -- -- 5299.46 samples/sec-- Loss:0.01 -- Error1:0.03
Train_Loss = 0.014183201337218284, Train_Err = 0.0276
Phase:val -- -- 7284.59 samples/sec-- Loss:3.44 -- Error1:65.23
Val_Loss = 3.443160693359375, Val_Err = 65.23
Epoch: [9 | 20]
Phase:train -- -- 5308.99 samples/sec-- Loss:0.01 -- Error1:0.03
Train_Loss = 0.012986825318217278, Train_Err = 0.0264
Phase:val -- -- 7233.38 samples/sec-- Loss:3.37 -- Error1:65.39
Val_Loss = 3.371933843231201, Val_Err = 65.39
Epoch: [10 | 20]
Phase:train -- -- 5304.96 samples/sec-- Loss:0.01 -- Error1:0.03
Train_Loss = 0.012740136583566666, Train_Err = 0.027
Phase:val -- -- 7227.47 samples/sec-- Loss:3.30 -- Error1:65.11
Val_Loss = 3.29538881149292, Val_Err = 65.11
Epoch: [11 | 20]
Phase:train -- -- 5304.39 samples/sec-- Loss:0.01 -- Error1:0.03
Train_Loss = 0.012656763080120087, Train_Err = 0.0276
Phase:val -- -- 7239.37 samples/sec-- Loss:3.24 -- Error1:65.17
Val_Loss = 3.2421480758666994, Val_Err = 65.17
Epoch: [12 | 20]
Phase:train -- -- 5303.94 samples/sec-- Loss:0.01 -- Error1:0.02
Train_Loss = 0.011825668815255165, Train_Err = 0.0206
Phase:val -- -- 7217.60 samples/sec-- Loss:3.23 -- Error1:65.15
Val_Loss = 3.2331678108215334, Val_Err = 65.15
Epoch: [13 | 20]
Phase:train -- -- 5304.80 samples/sec-- Loss:0.01 -- Error1:0.02
Train_Loss = 0.011685586208224297, Train_Err = 0.023
Phase:val -- -- 7204.31 samples/sec-- Loss:3.22 -- Error1:64.96
Val_Loss = 3.2211449867248536, Val_Err = 64.96
Epoch: [14 | 20]
Phase:train -- -- 5307.59 samples/sec-- Loss:0.01 -- Error1:0.02
Train_Loss = 0.011648356144666671, Train_Err = 0.0238
Phase:val -- -- 7234.38 samples/sec-- Loss:3.23 -- Error1:65.09
Val_Loss = 3.226756042480469, Val_Err = 65.09
Epoch: [15 | 20]
Phase:train -- -- 5305.98 samples/sec-- Loss:0.01 -- Error1:0.02
Train_Loss = 0.011609004181742669, Train_Err = 0.0222
Phase:val -- -- 7200.79 samples/sec-- Loss:3.21 -- Error1:65.17
Val_Loss = 3.213530807495117, Val_Err = 65.17
Epoch: [16 | 20]
Phase:train -- -- 5306.41 samples/sec-- Loss:0.01 -- Error1:0.02
Train_Loss = 0.01166170698261261, Train_Err = 0.0242
Phase:val -- -- 7133.85 samples/sec-- Loss:3.20 -- Error1:64.99
Val_Loss = 3.2020019729614257, Val_Err = 64.99
Epoch: [17 | 20]
Phase:train -- -- 5302.77 samples/sec-- Loss:0.01 -- Error1:0.02
Train_Loss = 0.011703097598910332, Train_Err = 0.0232
Phase:val -- -- 7266.23 samples/sec-- Loss:3.20 -- Error1:65.04
Val_Loss = 3.198653057861328, Val_Err = 65.04
Epoch: [18 | 20]
Phase:train -- -- 5310.12 samples/sec-- Loss:0.01 -- Error1:0.02
Train_Loss = 0.011667479398846626, Train_Err = 0.019
Phase:val -- -- 7137.68 samples/sec-- Loss:3.20 -- Error1:64.98
Val_Loss = 3.199117593383789, Val_Err = 64.98
Epoch: [19 | 20]
Phase:train -- -- 5305.27 samples/sec-- Loss:0.01 -- Error1:0.02
Train_Loss = 0.011611230213046074, Train_Err = 0.0212
Phase:val -- -- 7317.06 samples/sec-- Loss:3.20 -- Error1:64.80
Val_Loss = 3.197390828704834, Val_Err = 64.8
