root: Namespace(batch_size=128, cp_dir='checkpoints/autoaugment_cutout/cifar10/sam/run_ms_0/pyramidnet_272_bottleneck/run0', depth=272, dtype='cifar10', epochs=300, img_aug='autoaugment_cutout', learning_rate=0.1, momentum=0.9, mtype='pyramidnet', num_classes=10, resume=None, rho=0.05, seed=0, threads=8, weight_decay=0.0001, width_factor=8)
root: Epoch: [0 | 300]
root: Train_Loss = 1.914340615272522, Train_Err = 70.45
root: Val_Loss = 1.6716245412826538, Val_Err = 56.94
root: Epoch: [1 | 300]
root: Train_Loss = 1.3179843425750732, Train_Err = 47.3
root: Val_Loss = 1.0726752281188965, Val_Err = 39.02
root: Epoch: [2 | 300]
root: Train_Loss = 1.0535650253295898, Train_Err = 37.34
root: Val_Loss = 0.8149880766868591, Val_Err = 28.68
root: Epoch: [3 | 300]
root: Train_Loss = 0.886798620223999, Train_Err = 31.024
root: Val_Loss = 0.673340916633606, Val_Err = 23.76
root: Epoch: [4 | 300]
root: Train_Loss = 0.8364787101745605, Train_Err = 29.138
root: Val_Loss = 0.6557915806770325, Val_Err = 22.08
root: Epoch: [5 | 300]
root: Train_Loss = 0.7382254600524902, Train_Err = 25.602
root: Val_Loss = 0.5935773253440857, Val_Err = 20.1
root: Epoch: [6 | 300]
root: Train_Loss = 0.6819109320640564, Train_Err = 23.742
root: Val_Loss = 0.49208393692970276, Val_Err = 17.04
root: Epoch: [7 | 300]
root: Train_Loss = 0.6347964406013489, Train_Err = 22.018
root: Val_Loss = 0.512463390827179, Val_Err = 17.43
root: Epoch: [8 | 300]
root: Train_Loss = 0.6064257621765137, Train_Err = 21.034
root: Val_Loss = 0.46066415309906006, Val_Err = 15.69
root: Epoch: [9 | 300]
root: Train_Loss = 0.5694989562034607, Train_Err = 19.77
root: Val_Loss = 0.4437229037284851, Val_Err = 16.0
root: Epoch: [10 | 300]
root: Train_Loss = 0.5548895001411438, Train_Err = 19.422
root: Val_Loss = 0.3831597566604614, Val_Err = 13.09
root: Epoch: [11 | 300]
root: Train_Loss = 0.5246685147285461, Train_Err = 18.166
root: Val_Loss = 0.3456997573375702, Val_Err = 11.68
root: Epoch: [12 | 300]
root: Train_Loss = 0.5190460085868835, Train_Err = 17.974
root: Val_Loss = 0.31711849570274353, Val_Err = 11.08
root: Epoch: [13 | 300]
root: Train_Loss = 0.4930354058742523, Train_Err = 17.158
root: Val_Loss = 0.3381841778755188, Val_Err = 11.74
root: Epoch: [14 | 300]
root: Train_Loss = 0.4825165569782257, Train_Err = 16.728
root: Val_Loss = 0.3220052421092987, Val_Err = 11.13
root: Epoch: [15 | 300]
root: Train_Loss = 0.47103333473205566, Train_Err = 16.434
root: Val_Loss = 0.3129993975162506, Val_Err = 10.85
root: Epoch: [16 | 300]
root: Train_Loss = 0.4590958058834076, Train_Err = 15.972
root: Val_Loss = 0.2857227623462677, Val_Err = 9.96
root: Epoch: [17 | 300]
root: Train_Loss = 0.44967302680015564, Train_Err = 15.712
root: Val_Loss = 0.31955835223197937, Val_Err = 11.04
root: Epoch: [18 | 300]
root: Train_Loss = 0.43749627470970154, Train_Err = 15.092
root: Val_Loss = 0.29895439743995667, Val_Err = 10.4
root: Epoch: [19 | 300]
root: Train_Loss = 0.428501158952713, Train_Err = 14.764
root: Val_Loss = 0.2995639443397522, Val_Err = 10.99
root: Epoch: [20 | 300]
root: Train_Loss = 0.4176984131336212, Train_Err = 14.61
root: Val_Loss = 0.2933192253112793, Val_Err = 10.13
root: Epoch: [21 | 300]
root: Train_Loss = 0.41264957189559937, Train_Err = 14.226
root: Val_Loss = 0.24547626078128815, Val_Err = 8.77
root: Epoch: [22 | 300]
root: Train_Loss = 0.40751582384109497, Train_Err = 13.97
root: Val_Loss = 0.27245450019836426, Val_Err = 9.27
root: Epoch: [23 | 300]
root: Train_Loss = 0.3993716239929199, Train_Err = 13.592
root: Val_Loss = 0.25893962383270264, Val_Err = 9.36
root: Epoch: [24 | 300]
root: Train_Loss = 0.387166291475296, Train_Err = 13.452
root: Val_Loss = 0.2666957974433899, Val_Err = 9.31
root: Epoch: [25 | 300]
root: Train_Loss = 0.3836176097393036, Train_Err = 13.322
root: Val_Loss = 0.24468708038330078, Val_Err = 8.68
root: Epoch: [26 | 300]
root: Train_Loss = 0.37120291590690613, Train_Err = 12.822
root: Val_Loss = 0.23105944693088531, Val_Err = 7.83
root: Epoch: [27 | 300]
root: Train_Loss = 0.36931636929512024, Train_Err = 12.706
root: Val_Loss = 0.2171894907951355, Val_Err = 7.43
root: Epoch: [28 | 300]
root: Train_Loss = 0.36415910720825195, Train_Err = 12.58
root: Val_Loss = 0.21357548236846924, Val_Err = 7.37
root: Epoch: [29 | 300]
root: Train_Loss = 0.36388182640075684, Train_Err = 12.686
root: Val_Loss = 0.23016640543937683, Val_Err = 7.93
root: Epoch: [30 | 300]
root: Train_Loss = 0.3509884774684906, Train_Err = 12.144
root: Val_Loss = 0.2251323163509369, Val_Err = 7.69
root: Epoch: [31 | 300]
root: Train_Loss = 0.34976765513420105, Train_Err = 12.09
root: Val_Loss = 0.2511499524116516, Val_Err = 8.17
root: Epoch: [32 | 300]
root: Train_Loss = 0.34424787759780884, Train_Err = 11.858
root: Val_Loss = 0.20899896323680878, Val_Err = 7.27
root: Epoch: [33 | 300]
root: Train_Loss = 0.34104830026626587, Train_Err = 11.79
root: Val_Loss = 0.20043648779392242, Val_Err = 7.02
root: Epoch: [34 | 300]
root: Train_Loss = 0.3323215842247009, Train_Err = 11.52
root: Val_Loss = 0.2092818319797516, Val_Err = 7.21
root: Epoch: [35 | 300]
root: Train_Loss = 0.3328046500682831, Train_Err = 11.66
root: Val_Loss = 0.19588829576969147, Val_Err = 6.94
root: Epoch: [36 | 300]
root: Train_Loss = 0.33261987566947937, Train_Err = 11.494
root: Val_Loss = 0.22876058518886566, Val_Err = 7.86
root: Epoch: [37 | 300]
root: Train_Loss = 0.32658761739730835, Train_Err = 11.266
root: Val_Loss = 0.2092602252960205, Val_Err = 7.03
root: Epoch: [38 | 300]
root: Train_Loss = 0.3210485279560089, Train_Err = 11.222
root: Val_Loss = 0.2033199518918991, Val_Err = 7.0
root: Epoch: [39 | 300]
root: Train_Loss = 0.3173863887786865, Train_Err = 10.982
root: Val_Loss = 0.22047987580299377, Val_Err = 7.32
root: Epoch: [40 | 300]
root: Train_Loss = 0.3126961290836334, Train_Err = 10.85
root: Val_Loss = 0.222512885928154, Val_Err = 7.51
root: Epoch: [41 | 300]
root: Train_Loss = 0.313843309879303, Train_Err = 10.872
root: Val_Loss = 0.1922377049922943, Val_Err = 6.58
root: Epoch: [42 | 300]
root: Train_Loss = 0.3124792277812958, Train_Err = 10.76
root: Val_Loss = 0.21486157178878784, Val_Err = 7.35
root: Epoch: [43 | 300]
root: Train_Loss = 0.3040015399456024, Train_Err = 10.356
root: Val_Loss = 0.19841368496418, Val_Err = 6.43
root: Epoch: [44 | 300]
root: Train_Loss = 0.29808205366134644, Train_Err = 10.406
root: Val_Loss = 0.18246309459209442, Val_Err = 6.2
root: Epoch: [45 | 300]
root: Train_Loss = 0.2982829511165619, Train_Err = 10.35
root: Val_Loss = 0.18730951845645905, Val_Err = 6.4
root: Epoch: [46 | 300]
root: Train_Loss = 0.2954905927181244, Train_Err = 10.142
root: Val_Loss = 0.18720127642154694, Val_Err = 6.4
root: Epoch: [47 | 300]
root: Train_Loss = 0.30050748586654663, Train_Err = 10.332
root: Val_Loss = 0.19793948531150818, Val_Err = 6.92
root: Epoch: [48 | 300]
root: Train_Loss = 0.2971700429916382, Train_Err = 10.124
root: Val_Loss = 0.1872418224811554, Val_Err = 6.29
root: Epoch: [49 | 300]
root: Train_Loss = 0.2944004535675049, Train_Err = 10.206
root: Val_Loss = 0.19973354041576385, Val_Err = 6.73
root: Epoch: [50 | 300]
root: Train_Loss = 0.2918905019760132, Train_Err = 10.058
root: Val_Loss = 0.1934484839439392, Val_Err = 6.68
root: Epoch: [51 | 300]
root: Train_Loss = 0.28996923565864563, Train_Err = 9.93
root: Val_Loss = 0.19004298746585846, Val_Err = 6.63
root: Epoch: [52 | 300]
root: Train_Loss = 0.28536051511764526, Train_Err = 9.834
root: Val_Loss = 0.19068369269371033, Val_Err = 6.74
root: Epoch: [53 | 300]
root: Train_Loss = 0.28291404247283936, Train_Err = 9.888
root: Val_Loss = 0.20101994276046753, Val_Err = 6.75
root: Epoch: [54 | 300]
root: Train_Loss = 0.27496224641799927, Train_Err = 9.454
root: Val_Loss = 0.1866288036108017, Val_Err = 6.29
root: Epoch: [55 | 300]
root: Train_Loss = 0.2833382487297058, Train_Err = 9.656
root: Val_Loss = 0.21914459764957428, Val_Err = 7.23
root: Epoch: [56 | 300]
root: Train_Loss = 0.28142380714416504, Train_Err = 9.728
root: Val_Loss = 0.17042601108551025, Val_Err = 5.78
root: Epoch: [57 | 300]
root: Train_Loss = 0.27599388360977173, Train_Err = 9.438
root: Val_Loss = 0.1855536252260208, Val_Err = 6.29
root: Epoch: [58 | 300]
root: Train_Loss = 0.2772432863712311, Train_Err = 9.448
root: Val_Loss = 0.16787298023700714, Val_Err = 5.53
root: Epoch: [59 | 300]
root: Train_Loss = 0.276390939950943, Train_Err = 9.388
root: Val_Loss = 0.19905070960521698, Val_Err = 6.71
root: Epoch: [60 | 300]
root: Train_Loss = 0.2728694677352905, Train_Err = 9.546
root: Val_Loss = 0.21190069615840912, Val_Err = 7.13
root: Epoch: [61 | 300]
root: Train_Loss = 0.26628389954566956, Train_Err = 9.122
root: Val_Loss = 0.208202064037323, Val_Err = 6.99
root: Epoch: [62 | 300]
root: Train_Loss = 0.27521398663520813, Train_Err = 9.414
root: Val_Loss = 0.1804029494524002, Val_Err = 5.79
root: Epoch: [63 | 300]
root: Train_Loss = 0.26340508460998535, Train_Err = 8.88
root: Val_Loss = 0.17066654562950134, Val_Err = 5.79
root: Epoch: [64 | 300]
root: Train_Loss = 0.2632718086242676, Train_Err = 9.052
root: Val_Loss = 0.19294039905071259, Val_Err = 6.42
root: Epoch: [65 | 300]
root: Train_Loss = 0.2700188457965851, Train_Err = 9.312
root: Val_Loss = 0.16073396801948547, Val_Err = 5.6
root: Epoch: [66 | 300]
root: Train_Loss = 0.2633129358291626, Train_Err = 9.016
root: Val_Loss = 0.16652236878871918, Val_Err = 5.69
root: Epoch: [67 | 300]
root: Train_Loss = 0.26366525888442993, Train_Err = 9.016
root: Val_Loss = 0.17625103890895844, Val_Err = 5.97
root: Epoch: [68 | 300]
root: Train_Loss = 0.2622632682323456, Train_Err = 9.032
root: Val_Loss = 0.1953999400138855, Val_Err = 6.7
root: Epoch: [69 | 300]
root: Train_Loss = 0.25989270210266113, Train_Err = 8.856
root: Val_Loss = 0.16255272924900055, Val_Err = 5.6
root: Epoch: [70 | 300]
root: Train_Loss = 0.26078423857688904, Train_Err = 8.858
root: Val_Loss = 0.1590857207775116, Val_Err = 5.38
root: Epoch: [71 | 300]
root: Train_Loss = 0.2637198269367218, Train_Err = 9.066
root: Val_Loss = 0.16762402653694153, Val_Err = 5.86
root: Epoch: [72 | 300]
root: Train_Loss = 0.25746992230415344, Train_Err = 8.856
root: Val_Loss = 0.18490268290042877, Val_Err = 6.3
root: Epoch: [73 | 300]
root: Train_Loss = 0.2590036392211914, Train_Err = 8.888
root: Val_Loss = 0.1701718270778656, Val_Err = 5.72
root: Epoch: [74 | 300]
root: Train_Loss = 0.2592713534832001, Train_Err = 8.832
root: Val_Loss = 0.16372065246105194, Val_Err = 5.29
root: Epoch: [75 | 300]
root: Train_Loss = 0.2556721866130829, Train_Err = 8.902
root: Val_Loss = 0.18302200734615326, Val_Err = 6.17
root: Epoch: [76 | 300]
root: Train_Loss = 0.2548485994338989, Train_Err = 8.75
root: Val_Loss = 0.17208707332611084, Val_Err = 5.76
root: Epoch: [77 | 300]
root: Train_Loss = 0.2524887025356293, Train_Err = 8.768
root: Val_Loss = 0.17442305386066437, Val_Err = 5.53
root: Epoch: [78 | 300]
root: Train_Loss = 0.2503681480884552, Train_Err = 8.642
root: Val_Loss = 0.16179677844047546, Val_Err = 5.48
root: Epoch: [79 | 300]
root: Train_Loss = 0.2509850263595581, Train_Err = 8.52
root: Val_Loss = 0.14878232777118683, Val_Err = 5.01
root: Epoch: [80 | 300]
root: Train_Loss = 0.25057128071784973, Train_Err = 8.666
root: Val_Loss = 0.19270582497119904, Val_Err = 6.4
root: Epoch: [81 | 300]
root: Train_Loss = 0.25202158093452454, Train_Err = 8.674
root: Val_Loss = 0.19984611868858337, Val_Err = 6.6
root: Epoch: [82 | 300]
root: Train_Loss = 0.24799419939517975, Train_Err = 8.558
root: Val_Loss = 0.15673325955867767, Val_Err = 5.48
root: Epoch: [83 | 300]
root: Train_Loss = 0.24512332677841187, Train_Err = 8.302
root: Val_Loss = 0.16768990457057953, Val_Err = 5.6
root: Epoch: [84 | 300]
root: Train_Loss = 0.25044354796409607, Train_Err = 8.592
root: Val_Loss = 0.1571546345949173, Val_Err = 5.3
root: Epoch: [85 | 300]
root: Train_Loss = 0.23699072003364563, Train_Err = 8.08
root: Val_Loss = 0.14572907984256744, Val_Err = 4.86
root: Epoch: [86 | 300]
root: Train_Loss = 0.24377766251564026, Train_Err = 8.232
root: Val_Loss = 0.16069510579109192, Val_Err = 5.39
root: Epoch: [87 | 300]
root: Train_Loss = 0.24251146614551544, Train_Err = 8.332
root: Val_Loss = 0.15419992804527283, Val_Err = 5.41
root: Epoch: [88 | 300]
root: Train_Loss = 0.2403368502855301, Train_Err = 8.206
root: Val_Loss = 0.15249010920524597, Val_Err = 5.17
root: Epoch: [89 | 300]
root: Train_Loss = 0.24326811730861664, Train_Err = 8.362
root: Val_Loss = 0.16921178996562958, Val_Err = 5.94
root: Epoch: [90 | 300]
root: Train_Loss = 0.23886188864707947, Train_Err = 8.122
root: Val_Loss = 0.15429915487766266, Val_Err = 5.12
root: Epoch: [91 | 300]
root: Train_Loss = 0.23858946561813354, Train_Err = 8.176
root: Val_Loss = 0.15691037476062775, Val_Err = 5.26
root: Epoch: [92 | 300]
root: Train_Loss = 0.2385806143283844, Train_Err = 8.112
root: Val_Loss = 0.14636605978012085, Val_Err = 4.89
root: Epoch: [93 | 300]
root: Train_Loss = 0.23700827360153198, Train_Err = 8.124
root: Val_Loss = 0.18136034905910492, Val_Err = 6.18
root: Epoch: [94 | 300]
root: Train_Loss = 0.23897524178028107, Train_Err = 8.156
root: Val_Loss = 0.1561032086610794, Val_Err = 5.53
root: Epoch: [95 | 300]
root: Train_Loss = 0.23536942899227142, Train_Err = 8.12
root: Val_Loss = 0.18212103843688965, Val_Err = 5.93
root: Epoch: [96 | 300]
root: Train_Loss = 0.23238612711429596, Train_Err = 8.066
root: Val_Loss = 0.16335998475551605, Val_Err = 5.27
root: Epoch: [97 | 300]
root: Train_Loss = 0.22934235632419586, Train_Err = 7.848
root: Val_Loss = 0.137345090508461, Val_Err = 4.74
root: Epoch: [98 | 300]
root: Train_Loss = 0.2322397530078888, Train_Err = 8.092
root: Val_Loss = 0.16492444276809692, Val_Err = 5.49
root: Epoch: [99 | 300]
root: Train_Loss = 0.2356238067150116, Train_Err = 8.17
root: Val_Loss = 0.1484259068965912, Val_Err = 5.02
root: Epoch: [100 | 300]
root: Train_Loss = 0.22693686187267303, Train_Err = 7.632
root: Val_Loss = 0.171136736869812, Val_Err = 5.67
root: Epoch: [101 | 300]
root: Train_Loss = 0.22869043052196503, Train_Err = 7.776
root: Val_Loss = 0.17459815740585327, Val_Err = 5.69
root: Epoch: [102 | 300]
root: Train_Loss = 0.2332492470741272, Train_Err = 7.896
root: Val_Loss = 0.15380927920341492, Val_Err = 5.12
root: Epoch: [103 | 300]
root: Train_Loss = 0.22695285081863403, Train_Err = 7.798
root: Val_Loss = 0.14915120601654053, Val_Err = 4.9
root: Epoch: [104 | 300]
root: Train_Loss = 0.22685843706130981, Train_Err = 7.744
root: Val_Loss = 0.15580667555332184, Val_Err = 5.22
root: Epoch: [105 | 300]
root: Train_Loss = 0.22991424798965454, Train_Err = 7.892
root: Val_Loss = 0.14071163535118103, Val_Err = 4.77
root: Epoch: [106 | 300]
root: Train_Loss = 0.2253257781267166, Train_Err = 7.798
root: Val_Loss = 0.15723688900470734, Val_Err = 5.25
root: Epoch: [107 | 300]
root: Train_Loss = 0.22658292949199677, Train_Err = 7.78
root: Val_Loss = 0.1415085345506668, Val_Err = 4.74
root: Epoch: [108 | 300]
root: Train_Loss = 0.2232663482427597, Train_Err = 7.618
root: Val_Loss = 0.15881778299808502, Val_Err = 5.3
root: Epoch: [109 | 300]
root: Train_Loss = 0.22554677724838257, Train_Err = 7.756
root: Val_Loss = 0.14687886834144592, Val_Err = 4.82
root: Epoch: [110 | 300]
root: Train_Loss = 0.22794651985168457, Train_Err = 7.804
root: Val_Loss = 0.1321982443332672, Val_Err = 4.46
root: Epoch: [111 | 300]
root: Train_Loss = 0.22400063276290894, Train_Err = 7.612
root: Val_Loss = 0.15047454833984375, Val_Err = 4.94
root: Epoch: [112 | 300]
root: Train_Loss = 0.22168892621994019, Train_Err = 7.566
root: Val_Loss = 0.1563435196876526, Val_Err = 5.4
root: Epoch: [113 | 300]
root: Train_Loss = 0.22294220328330994, Train_Err = 7.608
root: Val_Loss = 0.1524599939584732, Val_Err = 5.07
root: Epoch: [114 | 300]
root: Train_Loss = 0.22084084153175354, Train_Err = 7.646
root: Val_Loss = 0.15962737798690796, Val_Err = 5.43
root: Epoch: [115 | 300]
root: Train_Loss = 0.2194880247116089, Train_Err = 7.58
root: Val_Loss = 0.1385827213525772, Val_Err = 4.73
root: Epoch: [116 | 300]
root: Train_Loss = 0.22408674657344818, Train_Err = 7.668
root: Val_Loss = 0.14406882226467133, Val_Err = 5.12
root: Epoch: [117 | 300]
root: Train_Loss = 0.21853399276733398, Train_Err = 7.352
root: Val_Loss = 0.14658363163471222, Val_Err = 5.17
root: Epoch: [118 | 300]
root: Train_Loss = 0.21623718738555908, Train_Err = 7.39
root: Val_Loss = 0.1527000069618225, Val_Err = 5.08
root: Epoch: [119 | 300]
root: Train_Loss = 0.22232718765735626, Train_Err = 7.616
root: Val_Loss = 0.14158254861831665, Val_Err = 4.77
root: Epoch: [120 | 300]
root: Train_Loss = 0.216221883893013, Train_Err = 7.312
root: Val_Loss = 0.16001515090465546, Val_Err = 5.11
root: Epoch: [121 | 300]
root: Train_Loss = 0.22023223340511322, Train_Err = 7.486
root: Val_Loss = 0.16740798950195312, Val_Err = 5.59
root: Epoch: [122 | 300]
root: Train_Loss = 0.21324659883975983, Train_Err = 7.222
root: Val_Loss = 0.15332597494125366, Val_Err = 5.46
root: Epoch: [123 | 300]
root: Train_Loss = 0.21542182564735413, Train_Err = 7.356
root: Val_Loss = 0.1488248109817505, Val_Err = 4.68
root: Epoch: [124 | 300]
root: Train_Loss = 0.21518360078334808, Train_Err = 7.36
root: Val_Loss = 0.15106865763664246, Val_Err = 5.15
root: Epoch: [125 | 300]
root: Train_Loss = 0.21391120553016663, Train_Err = 7.258
root: Val_Loss = 0.14165997505187988, Val_Err = 4.93
root: Epoch: [126 | 300]
root: Train_Loss = 0.2217024564743042, Train_Err = 7.636
root: Val_Loss = 0.15986156463623047, Val_Err = 5.24
root: Epoch: [127 | 300]
root: Train_Loss = 0.21372000873088837, Train_Err = 7.314
root: Val_Loss = 0.14086748659610748, Val_Err = 4.74
root: Epoch: [128 | 300]
root: Train_Loss = 0.21804137527942657, Train_Err = 7.344
root: Val_Loss = 0.14793820679187775, Val_Err = 4.92
root: Epoch: [129 | 300]
root: Train_Loss = 0.21491289138793945, Train_Err = 7.396
root: Val_Loss = 0.13433760404586792, Val_Err = 4.45
root: Epoch: [130 | 300]
root: Train_Loss = 0.21278467774391174, Train_Err = 7.168
root: Val_Loss = 0.12906485795974731, Val_Err = 4.25
root: Epoch: [131 | 300]
root: Train_Loss = 0.21273301541805267, Train_Err = 7.222
root: Val_Loss = 0.1359010636806488, Val_Err = 4.52
root: Epoch: [132 | 300]
root: Train_Loss = 0.21695099771022797, Train_Err = 7.382
root: Val_Loss = 0.14121438562870026, Val_Err = 4.4
root: Epoch: [133 | 300]
root: Train_Loss = 0.2142402082681656, Train_Err = 7.342
root: Val_Loss = 0.13541379570960999, Val_Err = 4.47
root: Epoch: [134 | 300]
root: Train_Loss = 0.20675048232078552, Train_Err = 7.022
root: Val_Loss = 0.1552872508764267, Val_Err = 5.07
root: Epoch: [135 | 300]
root: Train_Loss = 0.21215544641017914, Train_Err = 7.284
root: Val_Loss = 0.15017160773277283, Val_Err = 5.09
root: Epoch: [136 | 300]
root: Train_Loss = 0.2071734517812729, Train_Err = 7.032
root: Val_Loss = 0.1690177023410797, Val_Err = 5.58
root: Epoch: [137 | 300]
root: Train_Loss = 0.2123764604330063, Train_Err = 7.292
root: Val_Loss = 0.1595274806022644, Val_Err = 5.25
root: Epoch: [138 | 300]
root: Train_Loss = 0.21044081449508667, Train_Err = 7.142
root: Val_Loss = 0.13837304711341858, Val_Err = 4.76
root: Epoch: [139 | 300]
root: Train_Loss = 0.21219083666801453, Train_Err = 7.294
root: Val_Loss = 0.1501735895872116, Val_Err = 5.35
root: Epoch: [140 | 300]
root: Train_Loss = 0.20333120226860046, Train_Err = 6.884
root: Val_Loss = 0.15389609336853027, Val_Err = 5.1
root: Epoch: [141 | 300]
root: Train_Loss = 0.20768466591835022, Train_Err = 7.06
root: Val_Loss = 0.1382288932800293, Val_Err = 4.67
root: Epoch: [142 | 300]
root: Train_Loss = 0.2094949334859848, Train_Err = 7.124
root: Val_Loss = 0.1445031762123108, Val_Err = 4.71
root: Epoch: [143 | 300]
root: Train_Loss = 0.20670144259929657, Train_Err = 7.036
root: Val_Loss = 0.13565890491008759, Val_Err = 4.48
root: Epoch: [144 | 300]
root: Train_Loss = 0.21423378586769104, Train_Err = 7.354
root: Val_Loss = 0.13548360764980316, Val_Err = 4.49
root: Epoch: [145 | 300]
root: Train_Loss = 0.2054746001958847, Train_Err = 6.932
root: Val_Loss = 0.1435304880142212, Val_Err = 4.81
root: Epoch: [146 | 300]
root: Train_Loss = 0.20845845341682434, Train_Err = 7.066
root: Val_Loss = 0.14778350293636322, Val_Err = 4.99
root: Epoch: [147 | 300]
root: Train_Loss = 0.20799778401851654, Train_Err = 7.016
root: Val_Loss = 0.1371847689151764, Val_Err = 4.54
root: Epoch: [148 | 300]
root: Train_Loss = 0.20394067466259003, Train_Err = 7.004
root: Val_Loss = 0.1327904313802719, Val_Err = 4.3
root: Epoch: [149 | 300]
root: Train_Loss = 0.20143167674541473, Train_Err = 6.81
root: Val_Loss = 0.1613105982542038, Val_Err = 5.26
root: Epoch: [150 | 300]
root: Train_Loss = 0.14776085317134857, Train_Err = 4.804
root: Val_Loss = 0.08540841192007065, Val_Err = 2.9
root: Epoch: [151 | 300]
root: Train_Loss = 0.11960150301456451, Train_Err = 3.86
root: Val_Loss = 0.08154147118330002, Val_Err = 2.7
root: Epoch: [152 | 300]
root: Train_Loss = 0.11175315082073212, Train_Err = 3.594
root: Val_Loss = 0.079791359603405, Val_Err = 2.56
root: Epoch: [153 | 300]
root: Train_Loss = 0.1051964983344078, Train_Err = 3.392
root: Val_Loss = 0.08077932149171829, Val_Err = 2.61
root: Epoch: [154 | 300]
root: Train_Loss = 0.10510463267564774, Train_Err = 3.442
root: Val_Loss = 0.07932565361261368, Val_Err = 2.57
root: Epoch: [155 | 300]
root: Train_Loss = 0.09980540722608566, Train_Err = 3.212
root: Val_Loss = 0.07864738255739212, Val_Err = 2.53
root: Epoch: [156 | 300]
root: Train_Loss = 0.10017129778862, Train_Err = 3.262
root: Val_Loss = 0.07710100710391998, Val_Err = 2.59
root: Epoch: [157 | 300]
root: Train_Loss = 0.09819148480892181, Train_Err = 3.172
root: Val_Loss = 0.07696761190891266, Val_Err = 2.43
root: Epoch: [158 | 300]
root: Train_Loss = 0.09532368183135986, Train_Err = 3.144
root: Val_Loss = 0.0735989585518837, Val_Err = 2.48
root: Epoch: [159 | 300]
root: Train_Loss = 0.09519238024950027, Train_Err = 3.104
root: Val_Loss = 0.07432295382022858, Val_Err = 2.43
root: Epoch: [160 | 300]
root: Train_Loss = 0.09280643612146378, Train_Err = 3.026
root: Val_Loss = 0.07613924890756607, Val_Err = 2.46
root: Epoch: [161 | 300]
root: Train_Loss = 0.08944898098707199, Train_Err = 2.826
root: Val_Loss = 0.07441918551921844, Val_Err = 2.41
root: Epoch: [162 | 300]
root: Train_Loss = 0.09344716370105743, Train_Err = 3.056
root: Val_Loss = 0.07191608846187592, Val_Err = 2.39
root: Epoch: [163 | 300]
root: Train_Loss = 0.0861920416355133, Train_Err = 2.784
root: Val_Loss = 0.07123801857233047, Val_Err = 2.31
root: Epoch: [164 | 300]
root: Train_Loss = 0.08856675773859024, Train_Err = 2.918
root: Val_Loss = 0.07182031869888306, Val_Err = 2.44
root: Epoch: [165 | 300]
root: Train_Loss = 0.08593039214611053, Train_Err = 2.732
root: Val_Loss = 0.07202784717082977, Val_Err = 2.38
root: Epoch: [166 | 300]
root: Train_Loss = 0.08623868972063065, Train_Err = 2.784
root: Val_Loss = 0.07206021249294281, Val_Err = 2.29
root: Epoch: [167 | 300]
root: Train_Loss = 0.08293293416500092, Train_Err = 2.624
root: Val_Loss = 0.07094921171665192, Val_Err = 2.31
root: Epoch: [168 | 300]
root: Train_Loss = 0.08561073243618011, Train_Err = 2.72
root: Val_Loss = 0.0694868341088295, Val_Err = 2.23
root: Epoch: [169 | 300]
root: Train_Loss = 0.0848013162612915, Train_Err = 2.726
root: Val_Loss = 0.07142593711614609, Val_Err = 2.26
root: Epoch: [170 | 300]
root: Train_Loss = 0.08218537271022797, Train_Err = 2.64
root: Val_Loss = 0.07065087556838989, Val_Err = 2.33
root: Epoch: [171 | 300]
root: Train_Loss = 0.08303337544202805, Train_Err = 2.594
root: Val_Loss = 0.07069777697324753, Val_Err = 2.34
root: Epoch: [172 | 300]
root: Train_Loss = 0.0817735567688942, Train_Err = 2.606
root: Val_Loss = 0.07237107306718826, Val_Err = 2.32
root: Epoch: [173 | 300]
root: Train_Loss = 0.08204460889101028, Train_Err = 2.644
root: Val_Loss = 0.06870411336421967, Val_Err = 2.27
root: Epoch: [174 | 300]
root: Train_Loss = 0.08220282196998596, Train_Err = 2.61
root: Val_Loss = 0.07233833521604538, Val_Err = 2.35
root: Epoch: [175 | 300]
root: Train_Loss = 0.0791611522436142, Train_Err = 2.51
root: Val_Loss = 0.07087225466966629, Val_Err = 2.27
root: Epoch: [176 | 300]
root: Train_Loss = 0.08213441073894501, Train_Err = 2.67
root: Val_Loss = 0.071129210293293, Val_Err = 2.27
root: Epoch: [177 | 300]
root: Train_Loss = 0.07846568524837494, Train_Err = 2.478
root: Val_Loss = 0.07172834128141403, Val_Err = 2.24
root: Epoch: [178 | 300]
root: Train_Loss = 0.08074267208576202, Train_Err = 2.544
root: Val_Loss = 0.07067683339118958, Val_Err = 2.24
root: Epoch: [179 | 300]
root: Train_Loss = 0.08028797060251236, Train_Err = 2.606
root: Val_Loss = 0.0697116032242775, Val_Err = 2.24
root: Epoch: [180 | 300]
root: Train_Loss = 0.07990451157093048, Train_Err = 2.57
root: Val_Loss = 0.06793306767940521, Val_Err = 2.14
root: Epoch: [181 | 300]
root: Train_Loss = 0.08081506192684174, Train_Err = 2.562
root: Val_Loss = 0.0691073015332222, Val_Err = 2.31
root: Epoch: [182 | 300]
root: Train_Loss = 0.08058372139930725, Train_Err = 2.542
root: Val_Loss = 0.06678483635187149, Val_Err = 2.15
root: Epoch: [183 | 300]
root: Train_Loss = 0.0798109769821167, Train_Err = 2.526
root: Val_Loss = 0.07056599855422974, Val_Err = 2.29
root: Epoch: [184 | 300]
root: Train_Loss = 0.07972267270088196, Train_Err = 2.506
root: Val_Loss = 0.06991763412952423, Val_Err = 2.24
root: Epoch: [185 | 300]
root: Train_Loss = 0.07811777293682098, Train_Err = 2.434
root: Val_Loss = 0.07033071666955948, Val_Err = 2.35
root: Epoch: [186 | 300]
root: Train_Loss = 0.07597453147172928, Train_Err = 2.396
root: Val_Loss = 0.0692131295800209, Val_Err = 2.28
root: Epoch: [187 | 300]
root: Train_Loss = 0.07772204279899597, Train_Err = 2.49
root: Val_Loss = 0.06756404787302017, Val_Err = 2.26
root: Epoch: [188 | 300]
root: Train_Loss = 0.07818733900785446, Train_Err = 2.578
root: Val_Loss = 0.06898584961891174, Val_Err = 2.17
root: Epoch: [189 | 300]
root: Train_Loss = 0.07557573169469833, Train_Err = 2.37
root: Val_Loss = 0.07350572198629379, Val_Err = 2.31
root: Epoch: [190 | 300]
root: Train_Loss = 0.077902652323246, Train_Err = 2.47
root: Val_Loss = 0.06572964042425156, Val_Err = 2.19
root: Epoch: [191 | 300]
root: Train_Loss = 0.07538365572690964, Train_Err = 2.4
root: Val_Loss = 0.06664121150970459, Val_Err = 2.03
root: Epoch: [192 | 300]
root: Train_Loss = 0.07683928310871124, Train_Err = 2.428
root: Val_Loss = 0.06649305671453476, Val_Err = 2.14
root: Epoch: [193 | 300]
root: Train_Loss = 0.07859313488006592, Train_Err = 2.474
root: Val_Loss = 0.06486573070287704, Val_Err = 2.18
root: Epoch: [194 | 300]
root: Train_Loss = 0.07376399636268616, Train_Err = 2.348
root: Val_Loss = 0.06576071679592133, Val_Err = 2.23
root: Epoch: [195 | 300]
root: Train_Loss = 0.07465589791536331, Train_Err = 2.354
root: Val_Loss = 0.06649596989154816, Val_Err = 2.17
root: Epoch: [196 | 300]
root: Train_Loss = 0.07352124154567719, Train_Err = 2.318
root: Val_Loss = 0.06975869834423065, Val_Err = 2.25
root: Epoch: [197 | 300]
root: Train_Loss = 0.0731537714600563, Train_Err = 2.262
root: Val_Loss = 0.07067158818244934, Val_Err = 2.21
root: Epoch: [198 | 300]
root: Train_Loss = 0.07419519871473312, Train_Err = 2.232
root: Val_Loss = 0.06908417493104935, Val_Err = 2.28
root: Epoch: [199 | 300]
root: Train_Loss = 0.07248850911855698, Train_Err = 2.23
root: Val_Loss = 0.07011380791664124, Val_Err = 2.28
root: Epoch: [200 | 300]
root: Train_Loss = 0.07492601871490479, Train_Err = 2.364
root: Val_Loss = 0.0679309219121933, Val_Err = 2.16
root: Epoch: [201 | 300]
root: Train_Loss = 0.07306885719299316, Train_Err = 2.206
root: Val_Loss = 0.07024296373128891, Val_Err = 2.22
root: Epoch: [202 | 300]
root: Train_Loss = 0.0714741125702858, Train_Err = 2.224
root: Val_Loss = 0.06932155042886734, Val_Err = 2.22
root: Epoch: [203 | 300]
root: Train_Loss = 0.07590977102518082, Train_Err = 2.41
root: Val_Loss = 0.07032833993434906, Val_Err = 2.24
root: Epoch: [204 | 300]
root: Train_Loss = 0.0767383798956871, Train_Err = 2.504
root: Val_Loss = 0.06548930704593658, Val_Err = 2.14
root: Epoch: [205 | 300]
root: Train_Loss = 0.07212236523628235, Train_Err = 2.22
root: Val_Loss = 0.0653727725148201, Val_Err = 2.08
root: Epoch: [206 | 300]
root: Train_Loss = 0.07234413176774979, Train_Err = 2.306
root: Val_Loss = 0.06660011410713196, Val_Err = 2.14
root: Epoch: [207 | 300]
root: Train_Loss = 0.07174327224493027, Train_Err = 2.286
root: Val_Loss = 0.0659448578953743, Val_Err = 2.17
root: Epoch: [208 | 300]
root: Train_Loss = 0.07014474272727966, Train_Err = 2.158
root: Val_Loss = 0.07107024639844894, Val_Err = 2.3
root: Epoch: [209 | 300]
root: Train_Loss = 0.0719197615981102, Train_Err = 2.258
root: Val_Loss = 0.06741752475500107, Val_Err = 2.12
root: Epoch: [210 | 300]
root: Train_Loss = 0.07139558345079422, Train_Err = 2.218
root: Val_Loss = 0.07017883658409119, Val_Err = 2.31
root: Epoch: [211 | 300]
root: Train_Loss = 0.07129047811031342, Train_Err = 2.188
root: Val_Loss = 0.07046733796596527, Val_Err = 2.19
root: Epoch: [212 | 300]
root: Train_Loss = 0.07105144113302231, Train_Err = 2.248
root: Val_Loss = 0.0668933242559433, Val_Err = 2.14
root: Epoch: [213 | 300]
root: Train_Loss = 0.07216204702854156, Train_Err = 2.236
root: Val_Loss = 0.06418097764253616, Val_Err = 2.17
root: Epoch: [214 | 300]
root: Train_Loss = 0.07163575291633606, Train_Err = 2.204
root: Val_Loss = 0.06796186417341232, Val_Err = 2.29
root: Epoch: [215 | 300]
root: Train_Loss = 0.07041661441326141, Train_Err = 2.2
root: Val_Loss = 0.06760462373495102, Val_Err = 2.3
root: Epoch: [216 | 300]
root: Train_Loss = 0.07121916115283966, Train_Err = 2.278
root: Val_Loss = 0.06639412045478821, Val_Err = 2.2
root: Epoch: [217 | 300]
root: Train_Loss = 0.0707218274474144, Train_Err = 2.184
root: Val_Loss = 0.06556980311870575, Val_Err = 2.21
root: Epoch: [218 | 300]
root: Train_Loss = 0.07118695974349976, Train_Err = 2.146
root: Val_Loss = 0.06684975326061249, Val_Err = 2.14
root: Epoch: [219 | 300]
root: Train_Loss = 0.07100924104452133, Train_Err = 2.168
root: Val_Loss = 0.06544194370508194, Val_Err = 2.04
root: Epoch: [220 | 300]
root: Train_Loss = 0.06950649619102478, Train_Err = 2.134
root: Val_Loss = 0.06552408635616302, Val_Err = 2.06
root: Epoch: [221 | 300]
root: Train_Loss = 0.0714033991098404, Train_Err = 2.186
root: Val_Loss = 0.0683460682630539, Val_Err = 2.2
root: Epoch: [222 | 300]
root: Train_Loss = 0.07230863720178604, Train_Err = 2.296
root: Val_Loss = 0.06553211808204651, Val_Err = 2.12
root: Epoch: [223 | 300]
root: Train_Loss = 0.07115697860717773, Train_Err = 2.26
root: Val_Loss = 0.06495976448059082, Val_Err = 2.21
root: Epoch: [224 | 300]
root: Train_Loss = 0.07071477174758911, Train_Err = 2.192
root: Val_Loss = 0.06693118065595627, Val_Err = 2.15
root: Epoch: [225 | 300]
root: Train_Loss = 0.06958957761526108, Train_Err = 2.136
root: Val_Loss = 0.06422249227762222, Val_Err = 2.12
root: Epoch: [226 | 300]
root: Train_Loss = 0.06753711402416229, Train_Err = 2.06
root: Val_Loss = 0.06347273290157318, Val_Err = 2.15
root: Epoch: [227 | 300]
root: Train_Loss = 0.06636413186788559, Train_Err = 2.038
root: Val_Loss = 0.06418617814779282, Val_Err = 2.09
root: Epoch: [228 | 300]
root: Train_Loss = 0.06760523468255997, Train_Err = 2.128
root: Val_Loss = 0.06424552202224731, Val_Err = 2.11
root: Epoch: [229 | 300]
root: Train_Loss = 0.0673615038394928, Train_Err = 2.094
root: Val_Loss = 0.06250101327896118, Val_Err = 2.1
root: Epoch: [230 | 300]
root: Train_Loss = 0.06498420983552933, Train_Err = 2.016
root: Val_Loss = 0.06353649497032166, Val_Err = 2.17
root: Epoch: [231 | 300]
root: Train_Loss = 0.0635782927274704, Train_Err = 1.964
root: Val_Loss = 0.06377546489238739, Val_Err = 2.16
root: Epoch: [232 | 300]
root: Train_Loss = 0.06509438157081604, Train_Err = 2.02
root: Val_Loss = 0.06372176110744476, Val_Err = 2.14
root: Epoch: [233 | 300]
root: Train_Loss = 0.06624596565961838, Train_Err = 2.004
root: Val_Loss = 0.06245316565036774, Val_Err = 2.11
root: Epoch: [234 | 300]
root: Train_Loss = 0.06705659627914429, Train_Err = 2.036
root: Val_Loss = 0.06294868886470795, Val_Err = 2.14
root: Epoch: [235 | 300]
root: Train_Loss = 0.06489626318216324, Train_Err = 1.958
root: Val_Loss = 0.06362445652484894, Val_Err = 2.1
root: Epoch: [236 | 300]
root: Train_Loss = 0.06381713598966599, Train_Err = 1.904
root: Val_Loss = 0.06328512728214264, Val_Err = 2.06
root: Epoch: [237 | 300]
root: Train_Loss = 0.06317418068647385, Train_Err = 1.942
root: Val_Loss = 0.06227937340736389, Val_Err = 2.05
root: Epoch: [238 | 300]
root: Train_Loss = 0.06107636168599129, Train_Err = 1.852
root: Val_Loss = 0.0626567006111145, Val_Err = 2.11
root: Epoch: [239 | 300]
root: Train_Loss = 0.06478476524353027, Train_Err = 1.962
root: Val_Loss = 0.06077933683991432, Val_Err = 2.05
root: Epoch: [240 | 300]
root: Train_Loss = 0.06288330256938934, Train_Err = 1.976
root: Val_Loss = 0.06194181367754936, Val_Err = 2.1
root: Epoch: [241 | 300]
root: Train_Loss = 0.06354960054159164, Train_Err = 1.904
root: Val_Loss = 0.06212829425930977, Val_Err = 2.08
root: Epoch: [242 | 300]
root: Train_Loss = 0.06271249800920486, Train_Err = 1.91
root: Val_Loss = 0.06167628616094589, Val_Err = 2.11
root: Epoch: [243 | 300]
root: Train_Loss = 0.05970189720392227, Train_Err = 1.788
root: Val_Loss = 0.06286673247814178, Val_Err = 2.16
root: Epoch: [244 | 300]
root: Train_Loss = 0.06341510266065598, Train_Err = 1.932
root: Val_Loss = 0.06198030337691307, Val_Err = 2.03
root: Epoch: [245 | 300]
root: Train_Loss = 0.06381374597549438, Train_Err = 1.988
root: Val_Loss = 0.06276129186153412, Val_Err = 2.08
root: Epoch: [246 | 300]
root: Train_Loss = 0.060542333871126175, Train_Err = 1.852
root: Val_Loss = 0.061514709144830704, Val_Err = 2.12
root: Epoch: [247 | 300]
root: Train_Loss = 0.06265994161367416, Train_Err = 1.91
root: Val_Loss = 0.06198671832680702, Val_Err = 2.11
root: Epoch: [248 | 300]
root: Train_Loss = 0.062076300382614136, Train_Err = 1.898
root: Val_Loss = 0.061183903366327286, Val_Err = 2.04
root: Epoch: [249 | 300]
root: Train_Loss = 0.06114113703370094, Train_Err = 1.824
root: Val_Loss = 0.061982132494449615, Val_Err = 2.11
root: Epoch: [250 | 300]
root: Train_Loss = 0.0626273825764656, Train_Err = 1.916
root: Val_Loss = 0.06150902435183525, Val_Err = 2.1
root: Epoch: [251 | 300]
root: Train_Loss = 0.0614825077354908, Train_Err = 1.92
root: Val_Loss = 0.06286854296922684, Val_Err = 2.07
root: Epoch: [252 | 300]
root: Train_Loss = 0.06370589882135391, Train_Err = 1.958
root: Val_Loss = 0.061691876500844955, Val_Err = 2.07
root: Epoch: [253 | 300]
root: Train_Loss = 0.061403535306453705, Train_Err = 1.856
root: Val_Loss = 0.06118272617459297, Val_Err = 2.1
root: Epoch: [254 | 300]
root: Train_Loss = 0.06320928037166595, Train_Err = 1.874
root: Val_Loss = 0.06244930252432823, Val_Err = 2.08
root: Epoch: [255 | 300]
root: Train_Loss = 0.0634312555193901, Train_Err = 1.972
root: Val_Loss = 0.06230607628822327, Val_Err = 2.09
root: Epoch: [256 | 300]
root: Train_Loss = 0.06410976499319077, Train_Err = 1.986
root: Val_Loss = 0.06209683045744896, Val_Err = 2.13
root: Epoch: [257 | 300]
root: Train_Loss = 0.06118713319301605, Train_Err = 1.932
root: Val_Loss = 0.06154438480734825, Val_Err = 2.06
root: Epoch: [258 | 300]
root: Train_Loss = 0.06194247305393219, Train_Err = 1.906
root: Val_Loss = 0.06117590144276619, Val_Err = 2.13
root: Epoch: [259 | 300]
root: Train_Loss = 0.06117219105362892, Train_Err = 1.812
root: Val_Loss = 0.06235245242714882, Val_Err = 2.13
root: Epoch: [260 | 300]
root: Train_Loss = 0.06206453591585159, Train_Err = 1.92
root: Val_Loss = 0.06159481033682823, Val_Err = 2.11
root: Epoch: [261 | 300]
root: Train_Loss = 0.0616798996925354, Train_Err = 1.894
root: Val_Loss = 0.06237855181097984, Val_Err = 2.04
root: Epoch: [262 | 300]
root: Train_Loss = 0.062445078045129776, Train_Err = 1.928
root: Val_Loss = 0.06247183680534363, Val_Err = 2.12
root: Epoch: [263 | 300]
root: Train_Loss = 0.060650646686553955, Train_Err = 1.842
root: Val_Loss = 0.061108462512493134, Val_Err = 2.05
root: Epoch: [264 | 300]
root: Train_Loss = 0.06267768889665604, Train_Err = 1.932
root: Val_Loss = 0.062223635613918304, Val_Err = 2.07
root: Epoch: [265 | 300]
root: Train_Loss = 0.05898543819785118, Train_Err = 1.796
root: Val_Loss = 0.06148701533675194, Val_Err = 2.09
root: Epoch: [266 | 300]
root: Train_Loss = 0.059196777641773224, Train_Err = 1.812
root: Val_Loss = 0.06148586794734001, Val_Err = 2.1
root: Epoch: [267 | 300]
root: Train_Loss = 0.06098509207367897, Train_Err = 1.894
root: Val_Loss = 0.06271718442440033, Val_Err = 2.1
root: Epoch: [268 | 300]
root: Train_Loss = 0.06060963124036789, Train_Err = 1.898
root: Val_Loss = 0.06139010936021805, Val_Err = 2.0
root: Epoch: [269 | 300]
root: Train_Loss = 0.06104591116309166, Train_Err = 1.846
root: Val_Loss = 0.061440609395504, Val_Err = 2.06
root: Epoch: [270 | 300]
root: Train_Loss = 0.060676489025354385, Train_Err = 1.884
root: Val_Loss = 0.06100372597575188, Val_Err = 2.05
root: Epoch: [271 | 300]
root: Train_Loss = 0.05958320200443268, Train_Err = 1.808
root: Val_Loss = 0.061920542269945145, Val_Err = 2.11
root: Epoch: [272 | 300]
root: Train_Loss = 0.061262231320142746, Train_Err = 1.914
root: Val_Loss = 0.06167246401309967, Val_Err = 2.17
root: Epoch: [273 | 300]
root: Train_Loss = 0.06289460510015488, Train_Err = 1.922
root: Val_Loss = 0.0615423247218132, Val_Err = 2.05
root: Epoch: [274 | 300]
root: Train_Loss = 0.062204599380493164, Train_Err = 1.858
root: Val_Loss = 0.06144709140062332, Val_Err = 2.07
root: Epoch: [275 | 300]
root: Train_Loss = 0.06085183843970299, Train_Err = 1.87
root: Val_Loss = 0.0614045225083828, Val_Err = 2.08
root: Epoch: [276 | 300]
root: Train_Loss = 0.060570403933525085, Train_Err = 1.85
root: Val_Loss = 0.06146266311407089, Val_Err = 2.0
root: Epoch: [277 | 300]
root: Train_Loss = 0.059585463255643845, Train_Err = 1.78
root: Val_Loss = 0.060918375849723816, Val_Err = 2.06
root: Epoch: [278 | 300]
root: Train_Loss = 0.061384446918964386, Train_Err = 1.852
root: Val_Loss = 0.061477500945329666, Val_Err = 2.05
root: Epoch: [279 | 300]
root: Train_Loss = 0.06194281578063965, Train_Err = 1.882
root: Val_Loss = 0.06113860383629799, Val_Err = 2.06
root: Epoch: [280 | 300]
root: Train_Loss = 0.05999283120036125, Train_Err = 1.864
root: Val_Loss = 0.061573222279548645, Val_Err = 2.02
root: Epoch: [281 | 300]
root: Train_Loss = 0.0599321648478508, Train_Err = 1.824
root: Val_Loss = 0.06218758970499039, Val_Err = 2.08
root: Epoch: [282 | 300]
root: Train_Loss = 0.06158965826034546, Train_Err = 1.89
root: Val_Loss = 0.06217394769191742, Val_Err = 2.01
root: Epoch: [283 | 300]
root: Train_Loss = 0.05883343517780304, Train_Err = 1.778
root: Val_Loss = 0.06148410961031914, Val_Err = 2.06
root: Epoch: [284 | 300]
root: Train_Loss = 0.06004687398672104, Train_Err = 1.8
root: Val_Loss = 0.06322149932384491, Val_Err = 2.04
root: Epoch: [285 | 300]
root: Train_Loss = 0.06111646816134453, Train_Err = 1.882
root: Val_Loss = 0.06160464137792587, Val_Err = 2.07
root: Epoch: [286 | 300]
root: Train_Loss = 0.05922502279281616, Train_Err = 1.776
root: Val_Loss = 0.06135174259543419, Val_Err = 2.1
root: Epoch: [287 | 300]
root: Train_Loss = 0.05896184593439102, Train_Err = 1.79
root: Val_Loss = 0.062076352536678314, Val_Err = 2.08
root: Epoch: [288 | 300]
root: Train_Loss = 0.05979745835065842, Train_Err = 1.842
root: Val_Loss = 0.06208910420536995, Val_Err = 2.05
root: Epoch: [289 | 300]
root: Train_Loss = 0.06102285534143448, Train_Err = 1.902
root: Val_Loss = 0.061322350054979324, Val_Err = 2.05
root: Epoch: [290 | 300]
root: Train_Loss = 0.05926300212740898, Train_Err = 1.792
root: Val_Loss = 0.061006803065538406, Val_Err = 2.04
root: Epoch: [291 | 300]
root: Train_Loss = 0.061082158237695694, Train_Err = 1.838
root: Val_Loss = 0.06209554895758629, Val_Err = 2.08
root: Epoch: [292 | 300]
root: Train_Loss = 0.05956380069255829, Train_Err = 1.818
root: Val_Loss = 0.06270739436149597, Val_Err = 2.12
root: Epoch: [293 | 300]
root: Train_Loss = 0.06178884208202362, Train_Err = 1.934
root: Val_Loss = 0.06193886697292328, Val_Err = 2.13
root: Epoch: [294 | 300]
root: Train_Loss = 0.06064656749367714, Train_Err = 1.872
root: Val_Loss = 0.06111156940460205, Val_Err = 2.11
root: Epoch: [295 | 300]
root: Train_Loss = 0.06162611022591591, Train_Err = 1.91
root: Val_Loss = 0.061918579041957855, Val_Err = 2.06
root: Epoch: [296 | 300]
root: Train_Loss = 0.059284843504428864, Train_Err = 1.76
root: Val_Loss = 0.061959147453308105, Val_Err = 2.06
root: Epoch: [297 | 300]
root: Train_Loss = 0.059736691415309906, Train_Err = 1.712
root: Val_Loss = 0.061577484011650085, Val_Err = 2.02
root: Epoch: [298 | 300]
root: Train_Loss = 0.06334580481052399, Train_Err = 1.948
root: Val_Loss = 0.06181393191218376, Val_Err = 2.01
root: Epoch: [299 | 300]
root: Train_Loss = 0.05743895471096039, Train_Err = 1.762
root: Val_Loss = 0.06226346269249916, Val_Err = 2.08
