root: Namespace(batch_size=128, cp_dir='checkpoints/autoaugment_cutout/cifar10/smooth_out/run_ms_2/pyramidnet_272_8_0.009', depth=272, dtype='cifar10', epochs=300, img_aug='autoaugment_cutout', learning_rate=0.1, momentum=0.9, mtype='pyramidnet', num_classes=10, seed=2, smooth_out_a=0.009, threads=8, weight_decay=0.0001, width_factor=8)
root: Epoch: [0 | 300]
root: Train_Loss = 1.8001809120178223, Train_Err = 65.872
root: Val_Loss = 1.3299450874328613, Val_Err = 48.06
root: Epoch: [1 | 300]
root: Train_Loss = 1.2362697124481201, Train_Err = 44.282
root: Val_Loss = 1.148000955581665, Val_Err = 38.13
root: Epoch: [2 | 300]
root: Train_Loss = 0.9994974732398987, Train_Err = 35.106
root: Val_Loss = 0.8858745694160461, Val_Err = 29.32
root: Epoch: [3 | 300]
root: Train_Loss = 0.859769344329834, Train_Err = 29.984
root: Val_Loss = 0.6630473732948303, Val_Err = 21.73
root: Epoch: [4 | 300]
root: Train_Loss = 0.7713222503662109, Train_Err = 26.858
root: Val_Loss = 0.7015318870544434, Val_Err = 23.05
root: Epoch: [5 | 300]
root: Train_Loss = 0.7178105115890503, Train_Err = 24.864
root: Val_Loss = 0.49880585074424744, Val_Err = 17.06
root: Epoch: [6 | 300]
root: Train_Loss = 0.6664146184921265, Train_Err = 23.164
root: Val_Loss = 0.5165396928787231, Val_Err = 17.86
root: Epoch: [7 | 300]
root: Train_Loss = 0.6345416903495789, Train_Err = 22.038
root: Val_Loss = 0.5876871347427368, Val_Err = 19.3
root: Epoch: [8 | 300]
root: Train_Loss = 0.6068984866142273, Train_Err = 21.134
root: Val_Loss = 0.4354349970817566, Val_Err = 15.32
root: Epoch: [9 | 300]
root: Train_Loss = 0.5808500051498413, Train_Err = 20.146
root: Val_Loss = 0.4003308415412903, Val_Err = 13.66
root: Epoch: [10 | 300]
root: Train_Loss = 0.5526242852210999, Train_Err = 19.214
root: Val_Loss = 0.4437798857688904, Val_Err = 14.48
root: Epoch: [11 | 300]
root: Train_Loss = 0.5442957878112793, Train_Err = 18.904
root: Val_Loss = 0.3962501883506775, Val_Err = 13.46
root: Epoch: [12 | 300]
root: Train_Loss = 0.5268685817718506, Train_Err = 18.312
root: Val_Loss = 0.40283679962158203, Val_Err = 13.61
root: Epoch: [13 | 300]
root: Train_Loss = 0.5144826173782349, Train_Err = 17.968
root: Val_Loss = 0.3464078903198242, Val_Err = 11.73
root: Epoch: [14 | 300]
root: Train_Loss = 0.49372556805610657, Train_Err = 17.116
root: Val_Loss = 0.3442971408367157, Val_Err = 12.09
root: Epoch: [15 | 300]
root: Train_Loss = 0.49043941497802734, Train_Err = 17.062
root: Val_Loss = 0.38928931951522827, Val_Err = 12.99
root: Epoch: [16 | 300]
root: Train_Loss = 0.47930908203125, Train_Err = 16.696
root: Val_Loss = 0.3672652840614319, Val_Err = 12.65
root: Epoch: [17 | 300]
root: Train_Loss = 0.46122002601623535, Train_Err = 16.084
root: Val_Loss = 0.3934396505355835, Val_Err = 12.6
root: Epoch: [18 | 300]
root: Train_Loss = 0.4561368525028229, Train_Err = 15.804
root: Val_Loss = 0.36449939012527466, Val_Err = 11.95
root: Epoch: [19 | 300]
root: Train_Loss = 0.44787245988845825, Train_Err = 15.576
root: Val_Loss = 0.32833999395370483, Val_Err = 11.17
root: Epoch: [20 | 300]
root: Train_Loss = 0.4401352107524872, Train_Err = 15.468
root: Val_Loss = 0.3844662308692932, Val_Err = 13.08
root: Epoch: [21 | 300]
root: Train_Loss = 0.4312608242034912, Train_Err = 15.052
root: Val_Loss = 0.2869446873664856, Val_Err = 9.86
root: Epoch: [22 | 300]
root: Train_Loss = 0.4235725402832031, Train_Err = 14.808
root: Val_Loss = 0.29768118262290955, Val_Err = 9.82
root: Epoch: [23 | 300]
root: Train_Loss = 0.41520777344703674, Train_Err = 14.462
root: Val_Loss = 0.3628356456756592, Val_Err = 11.79
root: Epoch: [24 | 300]
root: Train_Loss = 0.4136514663696289, Train_Err = 14.48
root: Val_Loss = 0.390959769487381, Val_Err = 12.72
root: Epoch: [25 | 300]
root: Train_Loss = 0.40838193893432617, Train_Err = 14.334
root: Val_Loss = 0.3131140172481537, Val_Err = 10.35
root: Epoch: [26 | 300]
root: Train_Loss = 0.39663058519363403, Train_Err = 13.774
root: Val_Loss = 0.29507213830947876, Val_Err = 9.95
root: Epoch: [27 | 300]
root: Train_Loss = 0.39855968952178955, Train_Err = 13.786
root: Val_Loss = 0.26934680342674255, Val_Err = 8.88
root: Epoch: [28 | 300]
root: Train_Loss = 0.39116811752319336, Train_Err = 13.614
root: Val_Loss = 0.2735026478767395, Val_Err = 9.11
root: Epoch: [29 | 300]
root: Train_Loss = 0.3889598846435547, Train_Err = 13.688
root: Val_Loss = 0.3055881857872009, Val_Err = 10.06
root: Epoch: [30 | 300]
root: Train_Loss = 0.3815910816192627, Train_Err = 13.208
root: Val_Loss = 0.3952612280845642, Val_Err = 12.38
root: Epoch: [31 | 300]
root: Train_Loss = 0.37319910526275635, Train_Err = 13.072
root: Val_Loss = 0.28585371375083923, Val_Err = 9.5
root: Epoch: [32 | 300]
root: Train_Loss = 0.37284788489341736, Train_Err = 12.994
root: Val_Loss = 0.3467922508716583, Val_Err = 11.34
root: Epoch: [33 | 300]
root: Train_Loss = 0.36968502402305603, Train_Err = 12.96
root: Val_Loss = 0.25858789682388306, Val_Err = 8.91
root: Epoch: [34 | 300]
root: Train_Loss = 0.3646942377090454, Train_Err = 12.65
root: Val_Loss = 0.2545807361602783, Val_Err = 8.6
root: Epoch: [35 | 300]
root: Train_Loss = 0.3634185791015625, Train_Err = 12.77
root: Val_Loss = 0.31466954946517944, Val_Err = 9.9
root: Epoch: [36 | 300]
root: Train_Loss = 0.360387921333313, Train_Err = 12.506
root: Val_Loss = 0.2967495024204254, Val_Err = 9.83
root: Epoch: [37 | 300]
root: Train_Loss = 0.3608664870262146, Train_Err = 12.638
root: Val_Loss = 0.25912219285964966, Val_Err = 8.58
root: Epoch: [38 | 300]
root: Train_Loss = 0.35338670015335083, Train_Err = 12.404
root: Val_Loss = 0.30638208985328674, Val_Err = 10.14
root: Epoch: [39 | 300]
root: Train_Loss = 0.35374870896339417, Train_Err = 12.396
root: Val_Loss = 0.2717045247554779, Val_Err = 8.73
root: Epoch: [40 | 300]
root: Train_Loss = 0.35967662930488586, Train_Err = 12.47
root: Val_Loss = 0.2610766291618347, Val_Err = 8.94
root: Epoch: [41 | 300]
root: Train_Loss = 0.35579562187194824, Train_Err = 12.394
root: Val_Loss = 0.27347251772880554, Val_Err = 8.63
root: Epoch: [42 | 300]
root: Train_Loss = 0.3408435881137848, Train_Err = 11.816
root: Val_Loss = 0.2683785855770111, Val_Err = 8.91
root: Epoch: [43 | 300]
root: Train_Loss = 0.3386899530887604, Train_Err = 11.8
root: Val_Loss = 0.2694023549556732, Val_Err = 8.84
root: Epoch: [44 | 300]
root: Train_Loss = 0.34443262219429016, Train_Err = 12.004
root: Val_Loss = 0.273451566696167, Val_Err = 8.64
root: Epoch: [45 | 300]
root: Train_Loss = 0.3401060104370117, Train_Err = 11.856
root: Val_Loss = 0.23217304050922394, Val_Err = 7.62
root: Epoch: [46 | 300]
root: Train_Loss = 0.3378842771053314, Train_Err = 11.886
root: Val_Loss = 0.2526703178882599, Val_Err = 8.49
root: Epoch: [47 | 300]
root: Train_Loss = 0.3350078761577606, Train_Err = 11.69
root: Val_Loss = 0.287436306476593, Val_Err = 9.19
root: Epoch: [48 | 300]
root: Train_Loss = 0.3327341675758362, Train_Err = 11.484
root: Val_Loss = 0.2453038990497589, Val_Err = 8.21
root: Epoch: [49 | 300]
root: Train_Loss = 0.3324486315250397, Train_Err = 11.584
root: Val_Loss = 0.2736439108848572, Val_Err = 8.64
root: Epoch: [50 | 300]
root: Train_Loss = 0.334611713886261, Train_Err = 11.694
root: Val_Loss = 0.27503159642219543, Val_Err = 8.76
root: Epoch: [51 | 300]
root: Train_Loss = 0.33000490069389343, Train_Err = 11.47
root: Val_Loss = 0.2229035347700119, Val_Err = 7.28
root: Epoch: [52 | 300]
root: Train_Loss = 0.3270490765571594, Train_Err = 11.372
root: Val_Loss = 0.2758283317089081, Val_Err = 8.84
root: Epoch: [53 | 300]
root: Train_Loss = 0.32213515043258667, Train_Err = 11.2
root: Val_Loss = 0.2441531866788864, Val_Err = 7.94
root: Epoch: [54 | 300]
root: Train_Loss = 0.31869208812713623, Train_Err = 11.086
root: Val_Loss = 0.2802943289279938, Val_Err = 8.76
root: Epoch: [55 | 300]
root: Train_Loss = 0.31992992758750916, Train_Err = 11.17
root: Val_Loss = 0.252828449010849, Val_Err = 7.87
root: Epoch: [56 | 300]
root: Train_Loss = 0.3220304548740387, Train_Err = 11.288
root: Val_Loss = 0.2644253373146057, Val_Err = 8.26
root: Epoch: [57 | 300]
root: Train_Loss = 0.3165608048439026, Train_Err = 11.002
root: Val_Loss = 0.2491578608751297, Val_Err = 8.04
root: Epoch: [58 | 300]
root: Train_Loss = 0.31622639298439026, Train_Err = 11.118
root: Val_Loss = 0.22754263877868652, Val_Err = 7.58
root: Epoch: [59 | 300]
root: Train_Loss = 0.30679526925086975, Train_Err = 10.752
root: Val_Loss = 0.22884181141853333, Val_Err = 7.4
root: Epoch: [60 | 300]
root: Train_Loss = 0.3135172426700592, Train_Err = 10.97
root: Val_Loss = 0.2285911738872528, Val_Err = 7.2
root: Epoch: [61 | 300]
root: Train_Loss = 0.31289494037628174, Train_Err = 11.024
root: Val_Loss = 0.3483450710773468, Val_Err = 10.29
root: Epoch: [62 | 300]
root: Train_Loss = 0.31018587946891785, Train_Err = 10.83
root: Val_Loss = 0.239108145236969, Val_Err = 7.47
root: Epoch: [63 | 300]
root: Train_Loss = 0.30887264013290405, Train_Err = 10.748
root: Val_Loss = 0.2691003084182739, Val_Err = 8.44
root: Epoch: [64 | 300]
root: Train_Loss = 0.3024459779262543, Train_Err = 10.582
root: Val_Loss = 0.23828138411045074, Val_Err = 7.64
root: Epoch: [65 | 300]
root: Train_Loss = 0.30544158816337585, Train_Err = 10.576
root: Val_Loss = 0.26717832684516907, Val_Err = 8.34
root: Epoch: [66 | 300]
root: Train_Loss = 0.30503255128860474, Train_Err = 10.684
root: Val_Loss = 0.2656961977481842, Val_Err = 8.21
root: Epoch: [67 | 300]
root: Train_Loss = 0.30518123507499695, Train_Err = 10.764
root: Val_Loss = 0.3115987777709961, Val_Err = 9.49
root: Epoch: [68 | 300]
root: Train_Loss = 0.3036397099494934, Train_Err = 10.62
root: Val_Loss = 0.27834391593933105, Val_Err = 8.24
root: Epoch: [69 | 300]
root: Train_Loss = 0.3058144748210907, Train_Err = 10.758
root: Val_Loss = 0.2047940492630005, Val_Err = 6.73
root: Epoch: [70 | 300]
root: Train_Loss = 0.30275028944015503, Train_Err = 10.68
root: Val_Loss = 0.23371434211730957, Val_Err = 7.6
root: Epoch: [71 | 300]
root: Train_Loss = 0.29687315225601196, Train_Err = 10.2
root: Val_Loss = 0.24896042048931122, Val_Err = 7.9
root: Epoch: [72 | 300]
root: Train_Loss = 0.30156785249710083, Train_Err = 10.562
root: Val_Loss = 0.2355969250202179, Val_Err = 7.6
root: Epoch: [73 | 300]
root: Train_Loss = 0.2958517372608185, Train_Err = 10.312
root: Val_Loss = 0.20050278306007385, Val_Err = 6.61
root: Epoch: [74 | 300]
root: Train_Loss = 0.297275573015213, Train_Err = 10.476
root: Val_Loss = 0.24645961821079254, Val_Err = 7.93
root: Epoch: [75 | 300]
root: Train_Loss = 0.29857948422431946, Train_Err = 10.42
root: Val_Loss = 0.24580924212932587, Val_Err = 8.03
root: Epoch: [76 | 300]
root: Train_Loss = 0.2975342571735382, Train_Err = 10.412
root: Val_Loss = 0.2522972822189331, Val_Err = 7.48
root: Epoch: [77 | 300]
root: Train_Loss = 0.2987646460533142, Train_Err = 10.38
root: Val_Loss = 0.21584303677082062, Val_Err = 6.93
root: Epoch: [78 | 300]
root: Train_Loss = 0.29489585757255554, Train_Err = 10.452
root: Val_Loss = 0.3642849922180176, Val_Err = 10.9
root: Epoch: [79 | 300]
root: Train_Loss = 0.2912561595439911, Train_Err = 10.33
root: Val_Loss = 0.2120327353477478, Val_Err = 6.78
root: Epoch: [80 | 300]
root: Train_Loss = 0.2978646457195282, Train_Err = 10.5
root: Val_Loss = 0.19820581376552582, Val_Err = 6.66
root: Epoch: [81 | 300]
root: Train_Loss = 0.28606125712394714, Train_Err = 10.044
root: Val_Loss = 0.22028598189353943, Val_Err = 6.98
root: Epoch: [82 | 300]
root: Train_Loss = 0.28371545672416687, Train_Err = 9.968
root: Val_Loss = 0.22294603288173676, Val_Err = 7.09
root: Epoch: [83 | 300]
root: Train_Loss = 0.2914608120918274, Train_Err = 10.222
root: Val_Loss = 0.2099476456642151, Val_Err = 6.35
root: Epoch: [84 | 300]
root: Train_Loss = 0.28805363178253174, Train_Err = 10.128
root: Val_Loss = 0.2246401011943817, Val_Err = 6.87
root: Epoch: [85 | 300]
root: Train_Loss = 0.28820812702178955, Train_Err = 10.18
root: Val_Loss = 0.25343766808509827, Val_Err = 8.15
root: Epoch: [86 | 300]
root: Train_Loss = 0.28596359491348267, Train_Err = 10.098
root: Val_Loss = 0.291298508644104, Val_Err = 8.92
root: Epoch: [87 | 300]
root: Train_Loss = 0.2871341407299042, Train_Err = 10.052
root: Val_Loss = 0.25531017780303955, Val_Err = 7.86
root: Epoch: [88 | 300]
root: Train_Loss = 0.28758513927459717, Train_Err = 10.1
root: Val_Loss = 0.2316812425851822, Val_Err = 7.45
root: Epoch: [89 | 300]
root: Train_Loss = 0.2824736535549164, Train_Err = 9.842
root: Val_Loss = 0.22331346571445465, Val_Err = 6.92
root: Epoch: [90 | 300]
root: Train_Loss = 0.2865523397922516, Train_Err = 10.026
root: Val_Loss = 0.19386859238147736, Val_Err = 6.19
root: Epoch: [91 | 300]
root: Train_Loss = 0.2838568389415741, Train_Err = 9.954
root: Val_Loss = 0.33537331223487854, Val_Err = 9.94
root: Epoch: [92 | 300]
root: Train_Loss = 0.28181546926498413, Train_Err = 9.698
root: Val_Loss = 0.23163466155529022, Val_Err = 7.4
root: Epoch: [93 | 300]
root: Train_Loss = 0.2778932750225067, Train_Err = 9.722
root: Val_Loss = 0.23185382783412933, Val_Err = 7.02
root: Epoch: [94 | 300]
root: Train_Loss = 0.2794433832168579, Train_Err = 9.752
root: Val_Loss = 0.20757482945919037, Val_Err = 6.58
root: Epoch: [95 | 300]
root: Train_Loss = 0.2773941457271576, Train_Err = 9.628
root: Val_Loss = 0.1989223212003708, Val_Err = 6.39
root: Epoch: [96 | 300]
root: Train_Loss = 0.2768114507198334, Train_Err = 9.55
root: Val_Loss = 0.20450031757354736, Val_Err = 6.56
root: Epoch: [97 | 300]
root: Train_Loss = 0.28041374683380127, Train_Err = 9.83
root: Val_Loss = 0.19232380390167236, Val_Err = 6.21
root: Epoch: [98 | 300]
root: Train_Loss = 0.2760538160800934, Train_Err = 9.572
root: Val_Loss = 0.22759808599948883, Val_Err = 7.14
root: Epoch: [99 | 300]
root: Train_Loss = 0.27308589220046997, Train_Err = 9.588
root: Val_Loss = 0.18820835649967194, Val_Err = 5.86
root: Epoch: [100 | 300]
root: Train_Loss = 0.27460840344429016, Train_Err = 9.618
root: Val_Loss = 0.22483833134174347, Val_Err = 6.82
root: Epoch: [101 | 300]
root: Train_Loss = 0.27184799313545227, Train_Err = 9.568
root: Val_Loss = 0.20108146965503693, Val_Err = 6.54
root: Epoch: [102 | 300]
root: Train_Loss = 0.26933416724205017, Train_Err = 9.5
root: Val_Loss = 0.20997899770736694, Val_Err = 6.56
root: Epoch: [103 | 300]
root: Train_Loss = 0.27042463421821594, Train_Err = 9.466
root: Val_Loss = 0.2677350640296936, Val_Err = 8.61
root: Epoch: [104 | 300]
root: Train_Loss = 0.27357470989227295, Train_Err = 9.512
root: Val_Loss = 0.22224777936935425, Val_Err = 6.89
root: Epoch: [105 | 300]
root: Train_Loss = 0.26934611797332764, Train_Err = 9.48
root: Val_Loss = 0.1832161396741867, Val_Err = 5.87
root: Epoch: [106 | 300]
root: Train_Loss = 0.27426525950431824, Train_Err = 9.524
root: Val_Loss = 0.22589991986751556, Val_Err = 6.87
root: Epoch: [107 | 300]
root: Train_Loss = 0.2684295177459717, Train_Err = 9.366
root: Val_Loss = 0.2178887575864792, Val_Err = 6.91
root: Epoch: [108 | 300]
root: Train_Loss = 0.27805912494659424, Train_Err = 9.768
root: Val_Loss = 0.1978871375322342, Val_Err = 6.8
root: Epoch: [109 | 300]
root: Train_Loss = 0.27248385548591614, Train_Err = 9.504
root: Val_Loss = 0.19483955204486847, Val_Err = 6.08
root: Epoch: [110 | 300]
root: Train_Loss = 0.26491305232048035, Train_Err = 9.314
root: Val_Loss = 0.26247546076774597, Val_Err = 8.25
root: Epoch: [111 | 300]
root: Train_Loss = 0.2687881588935852, Train_Err = 9.5
root: Val_Loss = 0.3001006841659546, Val_Err = 8.64
root: Epoch: [112 | 300]
root: Train_Loss = 0.264455109834671, Train_Err = 9.356
root: Val_Loss = 0.2177836149930954, Val_Err = 6.72
root: Epoch: [113 | 300]
root: Train_Loss = 0.268934965133667, Train_Err = 9.406
root: Val_Loss = 0.19704918563365936, Val_Err = 6.53
root: Epoch: [114 | 300]
root: Train_Loss = 0.26561132073402405, Train_Err = 9.348
root: Val_Loss = 0.20438720285892487, Val_Err = 6.4
root: Epoch: [115 | 300]
root: Train_Loss = 0.2646854817867279, Train_Err = 9.364
root: Val_Loss = 0.2483057975769043, Val_Err = 7.74
root: Epoch: [116 | 300]
root: Train_Loss = 0.2678586542606354, Train_Err = 9.332
root: Val_Loss = 0.1932363063097, Val_Err = 6.07
root: Epoch: [117 | 300]
root: Train_Loss = 0.2581389844417572, Train_Err = 8.944
root: Val_Loss = 0.1962282806634903, Val_Err = 5.77
root: Epoch: [118 | 300]
root: Train_Loss = 0.2656608819961548, Train_Err = 9.232
root: Val_Loss = 0.26353201270103455, Val_Err = 8.0
root: Epoch: [119 | 300]
root: Train_Loss = 0.266127347946167, Train_Err = 9.332
root: Val_Loss = 0.22543086111545563, Val_Err = 7.01
root: Epoch: [120 | 300]
root: Train_Loss = 0.2605302929878235, Train_Err = 9.098
root: Val_Loss = 0.20143289864063263, Val_Err = 6.31
root: Epoch: [121 | 300]
root: Train_Loss = 0.2667003571987152, Train_Err = 9.426
root: Val_Loss = 0.25433096289634705, Val_Err = 7.47
root: Epoch: [122 | 300]
root: Train_Loss = 0.2621881365776062, Train_Err = 9.11
root: Val_Loss = 0.23878918588161469, Val_Err = 7.52
root: Epoch: [123 | 300]
root: Train_Loss = 0.26128968596458435, Train_Err = 9.11
root: Val_Loss = 0.2240358591079712, Val_Err = 6.89
root: Epoch: [124 | 300]
root: Train_Loss = 0.2648017406463623, Train_Err = 9.436
root: Val_Loss = 0.27878230810165405, Val_Err = 8.33
root: Epoch: [125 | 300]
root: Train_Loss = 0.25912970304489136, Train_Err = 9.038
root: Val_Loss = 0.21988244354724884, Val_Err = 6.95
root: Epoch: [126 | 300]
root: Train_Loss = 0.26129329204559326, Train_Err = 9.152
root: Val_Loss = 0.17383696138858795, Val_Err = 5.29
root: Epoch: [127 | 300]
root: Train_Loss = 0.2580304741859436, Train_Err = 8.986
root: Val_Loss = 0.257864385843277, Val_Err = 7.42
root: Epoch: [128 | 300]
root: Train_Loss = 0.2579791843891144, Train_Err = 8.922
root: Val_Loss = 0.1828431785106659, Val_Err = 5.69
root: Epoch: [129 | 300]
root: Train_Loss = 0.26411160826683044, Train_Err = 9.186
root: Val_Loss = 0.18389777839183807, Val_Err = 5.8
root: Epoch: [130 | 300]
root: Train_Loss = 0.2559990882873535, Train_Err = 8.922
root: Val_Loss = 0.20273122191429138, Val_Err = 6.12
root: Epoch: [131 | 300]
root: Train_Loss = 0.25591719150543213, Train_Err = 8.844
root: Val_Loss = 0.17824551463127136, Val_Err = 5.71
root: Epoch: [132 | 300]
root: Train_Loss = 0.26076096296310425, Train_Err = 9.104
root: Val_Loss = 0.18030641973018646, Val_Err = 5.61
root: Epoch: [133 | 300]
root: Train_Loss = 0.26074865460395813, Train_Err = 9.186
root: Val_Loss = 0.18595294654369354, Val_Err = 6.09
root: Epoch: [134 | 300]
root: Train_Loss = 0.255880743265152, Train_Err = 8.836
root: Val_Loss = 0.20156045258045197, Val_Err = 6.12
root: Epoch: [135 | 300]
root: Train_Loss = 0.2535933256149292, Train_Err = 8.908
root: Val_Loss = 0.20197419822216034, Val_Err = 6.11
root: Epoch: [136 | 300]
root: Train_Loss = 0.25733068585395813, Train_Err = 8.96
root: Val_Loss = 0.190937340259552, Val_Err = 5.98
root: Epoch: [137 | 300]
root: Train_Loss = 0.2563171684741974, Train_Err = 8.986
root: Val_Loss = 0.18659953773021698, Val_Err = 6.08
root: Epoch: [138 | 300]
root: Train_Loss = 0.2547180652618408, Train_Err = 8.818
root: Val_Loss = 0.24306820333003998, Val_Err = 7.47
root: Epoch: [139 | 300]
root: Train_Loss = 0.2573479413986206, Train_Err = 9.054
root: Val_Loss = 0.20696930587291718, Val_Err = 6.36
root: Epoch: [140 | 300]
root: Train_Loss = 0.25706279277801514, Train_Err = 9.012
root: Val_Loss = 0.19264137744903564, Val_Err = 6.01
root: Epoch: [141 | 300]
root: Train_Loss = 0.25201472640037537, Train_Err = 8.854
root: Val_Loss = 0.25066709518432617, Val_Err = 7.75
root: Epoch: [142 | 300]
root: Train_Loss = 0.25781723856925964, Train_Err = 9.028
root: Val_Loss = 0.19103261828422546, Val_Err = 5.91
root: Epoch: [143 | 300]
root: Train_Loss = 0.24748435616493225, Train_Err = 8.686
root: Val_Loss = 0.17773965001106262, Val_Err = 5.89
root: Epoch: [144 | 300]
root: Train_Loss = 0.2496928721666336, Train_Err = 8.852
root: Val_Loss = 0.23867960274219513, Val_Err = 7.24
root: Epoch: [145 | 300]
root: Train_Loss = 0.2537766098976135, Train_Err = 8.93
root: Val_Loss = 0.18325816094875336, Val_Err = 5.98
root: Epoch: [146 | 300]
root: Train_Loss = 0.2474643886089325, Train_Err = 8.652
root: Val_Loss = 0.1870812028646469, Val_Err = 6.05
root: Epoch: [147 | 300]
root: Train_Loss = 0.24854923784732819, Train_Err = 8.666
root: Val_Loss = 0.24320988357067108, Val_Err = 7.5
root: Epoch: [148 | 300]
root: Train_Loss = 0.2550276815891266, Train_Err = 9.014
root: Val_Loss = 0.2092624008655548, Val_Err = 6.46
root: Epoch: [149 | 300]
root: Train_Loss = 0.24522778391838074, Train_Err = 8.562
root: Val_Loss = 0.2318691909313202, Val_Err = 7.24
root: Epoch: [150 | 300]
root: Train_Loss = 0.17726369202136993, Train_Err = 6.112
root: Val_Loss = 0.10487691313028336, Val_Err = 3.4
root: Epoch: [151 | 300]
root: Train_Loss = 0.1375291496515274, Train_Err = 4.61
root: Val_Loss = 0.10045020282268524, Val_Err = 3.24
root: Epoch: [152 | 300]
root: Train_Loss = 0.12899556756019592, Train_Err = 4.488
root: Val_Loss = 0.10034488141536713, Val_Err = 3.08
root: Epoch: [153 | 300]
root: Train_Loss = 0.1245139092206955, Train_Err = 4.244
root: Val_Loss = 0.09696942567825317, Val_Err = 3.01
root: Epoch: [154 | 300]
root: Train_Loss = 0.11714643239974976, Train_Err = 4.018
root: Val_Loss = 0.09525444358587265, Val_Err = 2.89
root: Epoch: [155 | 300]
root: Train_Loss = 0.11381983757019043, Train_Err = 3.834
root: Val_Loss = 0.0950770452618599, Val_Err = 2.93
root: Epoch: [156 | 300]
root: Train_Loss = 0.1116701066493988, Train_Err = 3.884
root: Val_Loss = 0.09519771486520767, Val_Err = 2.83
root: Epoch: [157 | 300]
root: Train_Loss = 0.11065210402011871, Train_Err = 3.836
root: Val_Loss = 0.09167712926864624, Val_Err = 2.84
root: Epoch: [158 | 300]
root: Train_Loss = 0.10883969813585281, Train_Err = 3.75
root: Val_Loss = 0.09516286849975586, Val_Err = 2.85
root: Epoch: [159 | 300]
root: Train_Loss = 0.10831736028194427, Train_Err = 3.768
root: Val_Loss = 0.09562791138887405, Val_Err = 2.84
root: Epoch: [160 | 300]
root: Train_Loss = 0.10468459874391556, Train_Err = 3.598
root: Val_Loss = 0.09461817145347595, Val_Err = 2.82
root: Epoch: [161 | 300]
root: Train_Loss = 0.10184796899557114, Train_Err = 3.468
root: Val_Loss = 0.0943431407213211, Val_Err = 2.77
root: Epoch: [162 | 300]
root: Train_Loss = 0.10212896019220352, Train_Err = 3.546
root: Val_Loss = 0.0944967046380043, Val_Err = 2.69
root: Epoch: [163 | 300]
root: Train_Loss = 0.10028118640184402, Train_Err = 3.496
root: Val_Loss = 0.09097318351268768, Val_Err = 2.7
root: Epoch: [164 | 300]
root: Train_Loss = 0.10317834466695786, Train_Err = 3.526
root: Val_Loss = 0.09302936494350433, Val_Err = 2.68
root: Epoch: [165 | 300]
root: Train_Loss = 0.09902049601078033, Train_Err = 3.446
root: Val_Loss = 0.09131579101085663, Val_Err = 2.65
root: Epoch: [166 | 300]
root: Train_Loss = 0.09794198721647263, Train_Err = 3.39
root: Val_Loss = 0.09259846806526184, Val_Err = 2.66
root: Epoch: [167 | 300]
root: Train_Loss = 0.09586979448795319, Train_Err = 3.338
root: Val_Loss = 0.09251879900693893, Val_Err = 2.67
root: Epoch: [168 | 300]
root: Train_Loss = 0.09500525891780853, Train_Err = 3.264
root: Val_Loss = 0.08990354090929031, Val_Err = 2.46
root: Epoch: [169 | 300]
root: Train_Loss = 0.09617143124341965, Train_Err = 3.41
root: Val_Loss = 0.09337508678436279, Val_Err = 2.65
root: Epoch: [170 | 300]
root: Train_Loss = 0.09160805493593216, Train_Err = 3.212
root: Val_Loss = 0.09326199442148209, Val_Err = 2.77
root: Epoch: [171 | 300]
root: Train_Loss = 0.09370867908000946, Train_Err = 3.276
root: Val_Loss = 0.09629491716623306, Val_Err = 2.72
root: Epoch: [172 | 300]
root: Train_Loss = 0.0921502336859703, Train_Err = 3.232
root: Val_Loss = 0.09513669461011887, Val_Err = 2.68
root: Epoch: [173 | 300]
root: Train_Loss = 0.09267514199018478, Train_Err = 3.21
root: Val_Loss = 0.0996415987610817, Val_Err = 2.76
root: Epoch: [174 | 300]
root: Train_Loss = 0.0921143889427185, Train_Err = 3.13
root: Val_Loss = 0.09123164415359497, Val_Err = 2.76
root: Epoch: [175 | 300]
root: Train_Loss = 0.08969054371118546, Train_Err = 3.084
root: Val_Loss = 0.09328249841928482, Val_Err = 2.65
root: Epoch: [176 | 300]
root: Train_Loss = 0.09378565847873688, Train_Err = 3.258
root: Val_Loss = 0.09673302620649338, Val_Err = 2.71
root: Epoch: [177 | 300]
root: Train_Loss = 0.0896957591176033, Train_Err = 3.086
root: Val_Loss = 0.09410320967435837, Val_Err = 2.67
root: Epoch: [178 | 300]
root: Train_Loss = 0.08945105969905853, Train_Err = 3.09
root: Val_Loss = 0.10073501616716385, Val_Err = 2.68
root: Epoch: [179 | 300]
root: Train_Loss = 0.08999652415513992, Train_Err = 3.144
root: Val_Loss = 0.096312016248703, Val_Err = 2.75
root: Epoch: [180 | 300]
root: Train_Loss = 0.08692485839128494, Train_Err = 2.974
root: Val_Loss = 0.09301253408193588, Val_Err = 2.53
root: Epoch: [181 | 300]
root: Train_Loss = 0.08838462829589844, Train_Err = 3.06
root: Val_Loss = 0.08954501897096634, Val_Err = 2.59
root: Epoch: [182 | 300]
root: Train_Loss = 0.08780291676521301, Train_Err = 3.074
root: Val_Loss = 0.09355252981185913, Val_Err = 2.58
root: Epoch: [183 | 300]
root: Train_Loss = 0.08945674449205399, Train_Err = 3.152
root: Val_Loss = 0.08939959853887558, Val_Err = 2.53
root: Epoch: [184 | 300]
root: Train_Loss = 0.0886373519897461, Train_Err = 3.082
root: Val_Loss = 0.08851005882024765, Val_Err = 2.52
root: Epoch: [185 | 300]
root: Train_Loss = 0.08904784917831421, Train_Err = 3.15
root: Val_Loss = 0.09089917689561844, Val_Err = 2.42
root: Epoch: [186 | 300]
root: Train_Loss = 0.08885606378316879, Train_Err = 3.076
root: Val_Loss = 0.09306168556213379, Val_Err = 2.61
root: Epoch: [187 | 300]
root: Train_Loss = 0.08852829039096832, Train_Err = 3.074
root: Val_Loss = 0.09107156097888947, Val_Err = 2.49
root: Epoch: [188 | 300]
root: Train_Loss = 0.08749328553676605, Train_Err = 3.01
root: Val_Loss = 0.09121112525463104, Val_Err = 2.7
root: Epoch: [189 | 300]
root: Train_Loss = 0.08436766266822815, Train_Err = 2.998
root: Val_Loss = 0.08895618468523026, Val_Err = 2.41
root: Epoch: [190 | 300]
root: Train_Loss = 0.08831322193145752, Train_Err = 3.06
root: Val_Loss = 0.09544108062982559, Val_Err = 2.65
root: Epoch: [191 | 300]
root: Train_Loss = 0.08328882604837418, Train_Err = 2.864
root: Val_Loss = 0.09342201054096222, Val_Err = 2.61
root: Epoch: [192 | 300]
root: Train_Loss = 0.08165367692708969, Train_Err = 2.85
root: Val_Loss = 0.09160865843296051, Val_Err = 2.51
root: Epoch: [193 | 300]
root: Train_Loss = 0.08210815489292145, Train_Err = 2.92
root: Val_Loss = 0.09240183979272842, Val_Err = 2.68
root: Epoch: [194 | 300]
root: Train_Loss = 0.08164901286363602, Train_Err = 2.85
root: Val_Loss = 0.0948118194937706, Val_Err = 2.62
root: Epoch: [195 | 300]
root: Train_Loss = 0.08666892349720001, Train_Err = 3.036
root: Val_Loss = 0.08952531218528748, Val_Err = 2.52
root: Epoch: [196 | 300]
root: Train_Loss = 0.08683792501688004, Train_Err = 3.016
root: Val_Loss = 0.09431172162294388, Val_Err = 2.6
root: Epoch: [197 | 300]
root: Train_Loss = 0.08416031301021576, Train_Err = 2.956
root: Val_Loss = 0.09731968492269516, Val_Err = 2.72
root: Epoch: [198 | 300]
root: Train_Loss = 0.08536957949399948, Train_Err = 2.884
root: Val_Loss = 0.09330267459154129, Val_Err = 2.6
root: Epoch: [199 | 300]
root: Train_Loss = 0.0864475890994072, Train_Err = 2.928
root: Val_Loss = 0.09489429742097855, Val_Err = 2.54
root: Epoch: [200 | 300]
root: Train_Loss = 0.08227872103452682, Train_Err = 2.82
root: Val_Loss = 0.09582144767045975, Val_Err = 2.65
root: Epoch: [201 | 300]
root: Train_Loss = 0.08023581653833389, Train_Err = 2.752
root: Val_Loss = 0.09592030197381973, Val_Err = 2.53
root: Epoch: [202 | 300]
root: Train_Loss = 0.08319184184074402, Train_Err = 2.856
root: Val_Loss = 0.09907612204551697, Val_Err = 2.59
root: Epoch: [203 | 300]
root: Train_Loss = 0.08405444025993347, Train_Err = 2.9
root: Val_Loss = 0.09399143606424332, Val_Err = 2.75
root: Epoch: [204 | 300]
root: Train_Loss = 0.08487174659967422, Train_Err = 2.978
root: Val_Loss = 0.09417352080345154, Val_Err = 2.61
root: Epoch: [205 | 300]
root: Train_Loss = 0.08250513672828674, Train_Err = 2.85
root: Val_Loss = 0.09223583340644836, Val_Err = 2.6
root: Epoch: [206 | 300]
root: Train_Loss = 0.08194057643413544, Train_Err = 2.828
root: Val_Loss = 0.09086757153272629, Val_Err = 2.55
root: Epoch: [207 | 300]
root: Train_Loss = 0.08087088167667389, Train_Err = 2.756
root: Val_Loss = 0.09413737803697586, Val_Err = 2.61
root: Epoch: [208 | 300]
root: Train_Loss = 0.0795275941491127, Train_Err = 2.718
root: Val_Loss = 0.09374187886714935, Val_Err = 2.6
root: Epoch: [209 | 300]
root: Train_Loss = 0.08280909061431885, Train_Err = 2.824
root: Val_Loss = 0.09876549988985062, Val_Err = 2.69
root: Epoch: [210 | 300]
root: Train_Loss = 0.0824337974190712, Train_Err = 2.89
root: Val_Loss = 0.09324170649051666, Val_Err = 2.54
root: Epoch: [211 | 300]
root: Train_Loss = 0.0823027715086937, Train_Err = 2.892
root: Val_Loss = 0.08868184685707092, Val_Err = 2.43
root: Epoch: [212 | 300]
root: Train_Loss = 0.08371078222990036, Train_Err = 2.92
root: Val_Loss = 0.09483266621828079, Val_Err = 2.64
root: Epoch: [213 | 300]
root: Train_Loss = 0.0825713649392128, Train_Err = 2.886
root: Val_Loss = 0.09745322912931442, Val_Err = 2.59
root: Epoch: [214 | 300]
root: Train_Loss = 0.08394472301006317, Train_Err = 2.98
root: Val_Loss = 0.09118633717298508, Val_Err = 2.39
root: Epoch: [215 | 300]
root: Train_Loss = 0.08345020562410355, Train_Err = 2.942
root: Val_Loss = 0.0941665917634964, Val_Err = 2.67
root: Epoch: [216 | 300]
root: Train_Loss = 0.08170881122350693, Train_Err = 2.77
root: Val_Loss = 0.10226805508136749, Val_Err = 2.62
root: Epoch: [217 | 300]
root: Train_Loss = 0.08392862230539322, Train_Err = 2.88
root: Val_Loss = 0.09976605325937271, Val_Err = 2.63
root: Epoch: [218 | 300]
root: Train_Loss = 0.07882438600063324, Train_Err = 2.76
root: Val_Loss = 0.09843835979700089, Val_Err = 2.71
root: Epoch: [219 | 300]
root: Train_Loss = 0.08467753976583481, Train_Err = 2.946
root: Val_Loss = 0.10202227532863617, Val_Err = 2.84
root: Epoch: [220 | 300]
root: Train_Loss = 0.079663947224617, Train_Err = 2.736
root: Val_Loss = 0.0972316786646843, Val_Err = 2.78
root: Epoch: [221 | 300]
root: Train_Loss = 0.08314088732004166, Train_Err = 2.848
root: Val_Loss = 0.10075271874666214, Val_Err = 2.72
root: Epoch: [222 | 300]
root: Train_Loss = 0.0810437723994255, Train_Err = 2.796
root: Val_Loss = 0.10116101801395416, Val_Err = 2.77
root: Epoch: [223 | 300]
root: Train_Loss = 0.07937156409025192, Train_Err = 2.708
root: Val_Loss = 0.1007910892367363, Val_Err = 2.66
root: Epoch: [224 | 300]
root: Train_Loss = 0.08116813749074936, Train_Err = 2.856
root: Val_Loss = 0.09984634071588516, Val_Err = 2.74
root: Epoch: [225 | 300]
root: Train_Loss = 0.0776340514421463, Train_Err = 2.722
root: Val_Loss = 0.09339446574449539, Val_Err = 2.47
root: Epoch: [226 | 300]
root: Train_Loss = 0.07477778941392899, Train_Err = 2.578
root: Val_Loss = 0.0916421040892601, Val_Err = 2.5
root: Epoch: [227 | 300]
root: Train_Loss = 0.07403558492660522, Train_Err = 2.526
root: Val_Loss = 0.09075134992599487, Val_Err = 2.43
root: Epoch: [228 | 300]
root: Train_Loss = 0.07007680088281631, Train_Err = 2.43
root: Val_Loss = 0.08835247904062271, Val_Err = 2.38
root: Epoch: [229 | 300]
root: Train_Loss = 0.07164283841848373, Train_Err = 2.454
root: Val_Loss = 0.08707161247730255, Val_Err = 2.42
root: Epoch: [230 | 300]
root: Train_Loss = 0.07262784242630005, Train_Err = 2.468
root: Val_Loss = 0.08734552562236786, Val_Err = 2.42
root: Epoch: [231 | 300]
root: Train_Loss = 0.0653802827000618, Train_Err = 2.2
root: Val_Loss = 0.08773145824670792, Val_Err = 2.47
root: Epoch: [232 | 300]
root: Train_Loss = 0.0668330192565918, Train_Err = 2.31
root: Val_Loss = 0.0896633192896843, Val_Err = 2.42
root: Epoch: [233 | 300]
root: Train_Loss = 0.0662408173084259, Train_Err = 2.314
root: Val_Loss = 0.08696352690458298, Val_Err = 2.49
root: Epoch: [234 | 300]
root: Train_Loss = 0.07037387043237686, Train_Err = 2.424
root: Val_Loss = 0.08642831444740295, Val_Err = 2.42
root: Epoch: [235 | 300]
root: Train_Loss = 0.06911623477935791, Train_Err = 2.39
root: Val_Loss = 0.08517363667488098, Val_Err = 2.33
root: Epoch: [236 | 300]
root: Train_Loss = 0.06646797060966492, Train_Err = 2.274
root: Val_Loss = 0.08694133907556534, Val_Err = 2.39
root: Epoch: [237 | 300]
root: Train_Loss = 0.06631876528263092, Train_Err = 2.28
root: Val_Loss = 0.08660205453634262, Val_Err = 2.45
root: Epoch: [238 | 300]
root: Train_Loss = 0.06726572662591934, Train_Err = 2.328
root: Val_Loss = 0.08579416573047638, Val_Err = 2.4
root: Epoch: [239 | 300]
root: Train_Loss = 0.0666794553399086, Train_Err = 2.29
root: Val_Loss = 0.08684305846691132, Val_Err = 2.41
root: Epoch: [240 | 300]
root: Train_Loss = 0.06305208802223206, Train_Err = 2.176
root: Val_Loss = 0.08631256222724915, Val_Err = 2.42
root: Epoch: [241 | 300]
root: Train_Loss = 0.06510508805513382, Train_Err = 2.222
root: Val_Loss = 0.08641134947538376, Val_Err = 2.39
root: Epoch: [242 | 300]
root: Train_Loss = 0.06674136221408844, Train_Err = 2.362
root: Val_Loss = 0.087137371301651, Val_Err = 2.44
root: Epoch: [243 | 300]
root: Train_Loss = 0.0646478459239006, Train_Err = 2.232
root: Val_Loss = 0.08753196895122528, Val_Err = 2.47
root: Epoch: [244 | 300]
root: Train_Loss = 0.06253183633089066, Train_Err = 2.112
root: Val_Loss = 0.0840621292591095, Val_Err = 2.43
root: Epoch: [245 | 300]
root: Train_Loss = 0.06423613429069519, Train_Err = 2.126
root: Val_Loss = 0.0857347846031189, Val_Err = 2.38
root: Epoch: [246 | 300]
root: Train_Loss = 0.06575039029121399, Train_Err = 2.28
root: Val_Loss = 0.08503183722496033, Val_Err = 2.4
root: Epoch: [247 | 300]
root: Train_Loss = 0.06278941035270691, Train_Err = 2.182
root: Val_Loss = 0.08660488575696945, Val_Err = 2.42
root: Epoch: [248 | 300]
root: Train_Loss = 0.06344648450613022, Train_Err = 2.18
root: Val_Loss = 0.08649532496929169, Val_Err = 2.36
root: Epoch: [249 | 300]
root: Train_Loss = 0.06283393502235413, Train_Err = 2.174
root: Val_Loss = 0.08696883916854858, Val_Err = 2.4
root: Epoch: [250 | 300]
root: Train_Loss = 0.06362441927194595, Train_Err = 2.19
root: Val_Loss = 0.08822051435709, Val_Err = 2.5
root: Epoch: [251 | 300]
root: Train_Loss = 0.06081018224358559, Train_Err = 2.116
root: Val_Loss = 0.08600837737321854, Val_Err = 2.43
root: Epoch: [252 | 300]
root: Train_Loss = 0.06297660619020462, Train_Err = 2.166
root: Val_Loss = 0.08631229400634766, Val_Err = 2.46
root: Epoch: [253 | 300]
root: Train_Loss = 0.06514694541692734, Train_Err = 2.306
root: Val_Loss = 0.08518120646476746, Val_Err = 2.41
root: Epoch: [254 | 300]
root: Train_Loss = 0.06176770478487015, Train_Err = 2.146
root: Val_Loss = 0.08789896965026855, Val_Err = 2.34
root: Epoch: [255 | 300]
root: Train_Loss = 0.06291735917329788, Train_Err = 2.202
root: Val_Loss = 0.08848942071199417, Val_Err = 2.47
root: Epoch: [256 | 300]
root: Train_Loss = 0.0609942227602005, Train_Err = 2.03
root: Val_Loss = 0.0873674601316452, Val_Err = 2.36
root: Epoch: [257 | 300]
root: Train_Loss = 0.06369519978761673, Train_Err = 2.238
root: Val_Loss = 0.08686689287424088, Val_Err = 2.43
root: Epoch: [258 | 300]
root: Train_Loss = 0.06118631362915039, Train_Err = 2.168
root: Val_Loss = 0.08760209381580353, Val_Err = 2.39
root: Epoch: [259 | 300]
root: Train_Loss = 0.06247793138027191, Train_Err = 2.146
root: Val_Loss = 0.08631740510463715, Val_Err = 2.44
root: Epoch: [260 | 300]
root: Train_Loss = 0.0639554038643837, Train_Err = 2.224
root: Val_Loss = 0.0862780213356018, Val_Err = 2.45
root: Epoch: [261 | 300]
root: Train_Loss = 0.06305006891489029, Train_Err = 2.188
root: Val_Loss = 0.08724699169397354, Val_Err = 2.41
root: Epoch: [262 | 300]
root: Train_Loss = 0.06188255175948143, Train_Err = 2.138
root: Val_Loss = 0.08596386760473251, Val_Err = 2.35
root: Epoch: [263 | 300]
root: Train_Loss = 0.06309773027896881, Train_Err = 2.162
root: Val_Loss = 0.08657284080982208, Val_Err = 2.33
root: Epoch: [264 | 300]
root: Train_Loss = 0.062437210232019424, Train_Err = 2.206
root: Val_Loss = 0.08686942607164383, Val_Err = 2.38
root: Epoch: [265 | 300]
root: Train_Loss = 0.061197977513074875, Train_Err = 2.116
root: Val_Loss = 0.08766304701566696, Val_Err = 2.36
root: Epoch: [266 | 300]
root: Train_Loss = 0.061292827129364014, Train_Err = 2.124
root: Val_Loss = 0.08773472160100937, Val_Err = 2.28
root: Epoch: [267 | 300]
root: Train_Loss = 0.06375249475240707, Train_Err = 2.176
root: Val_Loss = 0.08843713998794556, Val_Err = 2.42
root: Epoch: [268 | 300]
root: Train_Loss = 0.05985059589147568, Train_Err = 2.072
root: Val_Loss = 0.09005772322416306, Val_Err = 2.41
root: Epoch: [269 | 300]
root: Train_Loss = 0.0638180673122406, Train_Err = 2.304
root: Val_Loss = 0.08718477189540863, Val_Err = 2.32
root: Epoch: [270 | 300]
root: Train_Loss = 0.060255732387304306, Train_Err = 2.07
root: Val_Loss = 0.08642096817493439, Val_Err = 2.38
root: Epoch: [271 | 300]
root: Train_Loss = 0.06191151589155197, Train_Err = 2.136
root: Val_Loss = 0.08751675486564636, Val_Err = 2.4
root: Epoch: [272 | 300]
root: Train_Loss = 0.05939195677638054, Train_Err = 1.99
root: Val_Loss = 0.086811862885952, Val_Err = 2.41
root: Epoch: [273 | 300]
root: Train_Loss = 0.05977562814950943, Train_Err = 2.04
root: Val_Loss = 0.08767109364271164, Val_Err = 2.37
root: Epoch: [274 | 300]
root: Train_Loss = 0.06195984035730362, Train_Err = 2.128
root: Val_Loss = 0.08594565838575363, Val_Err = 2.41
root: Epoch: [275 | 300]
root: Train_Loss = 0.059722889214754105, Train_Err = 2.092
root: Val_Loss = 0.08656919747591019, Val_Err = 2.36
root: Epoch: [276 | 300]
root: Train_Loss = 0.06001492217183113, Train_Err = 2.08
root: Val_Loss = 0.08914206922054291, Val_Err = 2.5
root: Epoch: [277 | 300]
root: Train_Loss = 0.05998365208506584, Train_Err = 2.048
root: Val_Loss = 0.0854496955871582, Val_Err = 2.33
root: Epoch: [278 | 300]
root: Train_Loss = 0.06053748354315758, Train_Err = 2.094
root: Val_Loss = 0.0848173126578331, Val_Err = 2.32
root: Epoch: [279 | 300]
root: Train_Loss = 0.06127285957336426, Train_Err = 2.126
root: Val_Loss = 0.08460956066846848, Val_Err = 2.31
root: Epoch: [280 | 300]
root: Train_Loss = 0.05880671739578247, Train_Err = 1.984
root: Val_Loss = 0.08685316890478134, Val_Err = 2.35
root: Epoch: [281 | 300]
root: Train_Loss = 0.06291224807500839, Train_Err = 2.17
root: Val_Loss = 0.08521037548780441, Val_Err = 2.37
root: Epoch: [282 | 300]
root: Train_Loss = 0.05811358615756035, Train_Err = 2.064
root: Val_Loss = 0.08662239462137222, Val_Err = 2.36
root: Epoch: [283 | 300]
root: Train_Loss = 0.06076229736208916, Train_Err = 2.066
root: Val_Loss = 0.08463098853826523, Val_Err = 2.31
root: Epoch: [284 | 300]
root: Train_Loss = 0.06157020479440689, Train_Err = 2.17
root: Val_Loss = 0.08449575304985046, Val_Err = 2.33
root: Epoch: [285 | 300]
root: Train_Loss = 0.06151416525244713, Train_Err = 2.12
root: Val_Loss = 0.08538306504487991, Val_Err = 2.42
root: Epoch: [286 | 300]
root: Train_Loss = 0.061976272612810135, Train_Err = 2.084
root: Val_Loss = 0.08682519197463989, Val_Err = 2.36
root: Epoch: [287 | 300]
root: Train_Loss = 0.06194356828927994, Train_Err = 2.136
root: Val_Loss = 0.08651728928089142, Val_Err = 2.29
root: Epoch: [288 | 300]
root: Train_Loss = 0.06019328534603119, Train_Err = 2.064
root: Val_Loss = 0.08637180179357529, Val_Err = 2.23
root: Epoch: [289 | 300]
root: Train_Loss = 0.061247821897268295, Train_Err = 2.126
root: Val_Loss = 0.08779145777225494, Val_Err = 2.33
root: Epoch: [290 | 300]
root: Train_Loss = 0.06310395896434784, Train_Err = 2.23
root: Val_Loss = 0.08664516359567642, Val_Err = 2.36
root: Epoch: [291 | 300]
root: Train_Loss = 0.0592898391187191, Train_Err = 2.036
root: Val_Loss = 0.08457446098327637, Val_Err = 2.35
root: Epoch: [292 | 300]
root: Train_Loss = 0.057750314474105835, Train_Err = 2.01
root: Val_Loss = 0.08397635817527771, Val_Err = 2.31
root: Epoch: [293 | 300]
root: Train_Loss = 0.06150739639997482, Train_Err = 2.118
root: Val_Loss = 0.08628862351179123, Val_Err = 2.3
root: Epoch: [294 | 300]
root: Train_Loss = 0.05868536978960037, Train_Err = 2.008
root: Val_Loss = 0.08482223004102707, Val_Err = 2.3
root: Epoch: [295 | 300]
root: Train_Loss = 0.06250561028718948, Train_Err = 2.144
root: Val_Loss = 0.08516925573348999, Val_Err = 2.34
root: Epoch: [296 | 300]
root: Train_Loss = 0.05776592716574669, Train_Err = 2.014
root: Val_Loss = 0.08583461493253708, Val_Err = 2.34
root: Epoch: [297 | 300]
root: Train_Loss = 0.061447493731975555, Train_Err = 2.124
root: Val_Loss = 0.08669845014810562, Val_Err = 2.44
root: Epoch: [298 | 300]
root: Train_Loss = 0.06028977781534195, Train_Err = 2.098
root: Val_Loss = 0.08559310436248779, Val_Err = 2.37
root: Epoch: [299 | 300]
root: Train_Loss = 0.059905651956796646, Train_Err = 2.07
root: Val_Loss = 0.0863611102104187, Val_Err = 2.31
