root: Namespace(batch_size=128, cp_dir='checkpoints/autoaugment_cutout/cifar100/sgd/run_ms_0/pyramidnet_272_bottleneck/run0', depth=272, dtype='cifar100', epochs=300, img_aug='autoaugment_cutout', learning_rate=0.1, momentum=0.9, mtype='pyramidnet', num_classes=100, resume=None, seed=0, threads=8, weight_decay=0.0001, width_factor=10)
root: Epoch: [0 | 300]
root: Train_Loss = 4.236690998077393, Train_Err = 94.018
root: Val_Loss = 3.787515878677368, Val_Err = 88.46
root: Epoch: [1 | 300]
root: Train_Loss = 3.555800199508667, Train_Err = 84.446
root: Val_Loss = 3.0594213008880615, Val_Err = 76.39
root: Epoch: [2 | 300]
root: Train_Loss = 2.88623046875, Train_Err = 72.458
root: Val_Loss = 2.531048059463501, Val_Err = 66.08
root: Epoch: [3 | 300]
root: Train_Loss = 2.442450761795044, Train_Err = 63.454
root: Val_Loss = 2.3725943565368652, Val_Err = 60.83
root: Epoch: [4 | 300]
root: Train_Loss = 2.1699254512786865, Train_Err = 57.536
root: Val_Loss = 1.866394281387329, Val_Err = 50.68
root: Epoch: [5 | 300]
root: Train_Loss = 1.9588310718536377, Train_Err = 52.546
root: Val_Loss = 2.052948236465454, Val_Err = 53.79
root: Epoch: [6 | 300]
root: Train_Loss = 1.8192189931869507, Train_Err = 49.448
root: Val_Loss = 1.8289211988449097, Val_Err = 48.53
root: Epoch: [7 | 300]
root: Train_Loss = 1.7088136672973633, Train_Err = 46.784
root: Val_Loss = 1.5168781280517578, Val_Err = 42.72
root: Epoch: [8 | 300]
root: Train_Loss = 1.6076116561889648, Train_Err = 44.18
root: Val_Loss = 1.5661065578460693, Val_Err = 42.66
root: Epoch: [9 | 300]
root: Train_Loss = 1.5292123556137085, Train_Err = 42.366
root: Val_Loss = 1.4585380554199219, Val_Err = 40.09
root: Epoch: [10 | 300]
root: Train_Loss = 1.4522838592529297, Train_Err = 40.398
root: Val_Loss = 1.3823249340057373, Val_Err = 37.7
root: Epoch: [11 | 300]
root: Train_Loss = 1.3995355367660522, Train_Err = 39.094
root: Val_Loss = 1.3474757671356201, Val_Err = 37.87
root: Epoch: [12 | 300]
root: Train_Loss = 1.3459230661392212, Train_Err = 37.836
root: Val_Loss = 1.241532802581787, Val_Err = 34.94
root: Epoch: [13 | 300]
root: Train_Loss = 1.2994104623794556, Train_Err = 36.462
root: Val_Loss = 1.3189072608947754, Val_Err = 36.64
root: Epoch: [14 | 300]
root: Train_Loss = 1.2499792575836182, Train_Err = 35.434
root: Val_Loss = 1.3305424451828003, Val_Err = 36.64
root: Epoch: [15 | 300]
root: Train_Loss = 1.2085161209106445, Train_Err = 34.286
root: Val_Loss = 1.2995585203170776, Val_Err = 35.97
root: Epoch: [16 | 300]
root: Train_Loss = 1.1801520586013794, Train_Err = 33.526
root: Val_Loss = 1.2912811040878296, Val_Err = 35.5
root: Epoch: [17 | 300]
root: Train_Loss = 1.1487207412719727, Train_Err = 32.712
root: Val_Loss = 1.226814866065979, Val_Err = 34.43
root: Epoch: [18 | 300]
root: Train_Loss = 1.1070889234542847, Train_Err = 31.634
root: Val_Loss = 1.2217483520507812, Val_Err = 33.75
root: Epoch: [19 | 300]
root: Train_Loss = 1.0822598934173584, Train_Err = 31.126
root: Val_Loss = 1.1258034706115723, Val_Err = 31.87
root: Epoch: [20 | 300]
root: Train_Loss = 1.0561624765396118, Train_Err = 30.346
root: Val_Loss = 1.1087164878845215, Val_Err = 31.23
root: Epoch: [21 | 300]
root: Train_Loss = 1.034189224243164, Train_Err = 29.654
root: Val_Loss = 1.075918197631836, Val_Err = 30.58
root: Epoch: [22 | 300]
root: Train_Loss = 1.0049145221710205, Train_Err = 28.774
root: Val_Loss = 1.1549690961837769, Val_Err = 32.07
root: Epoch: [23 | 300]
root: Train_Loss = 0.9859742522239685, Train_Err = 28.558
root: Val_Loss = 1.070186972618103, Val_Err = 30.01
root: Epoch: [24 | 300]
root: Train_Loss = 0.9640421867370605, Train_Err = 28.0
root: Val_Loss = 1.1396961212158203, Val_Err = 30.83
root: Epoch: [25 | 300]
root: Train_Loss = 0.9401164650917053, Train_Err = 27.236
root: Val_Loss = 1.2077869176864624, Val_Err = 32.31
root: Epoch: [26 | 300]
root: Train_Loss = 0.9276989698410034, Train_Err = 27.236
root: Val_Loss = 1.2045282125473022, Val_Err = 32.11
root: Epoch: [27 | 300]
root: Train_Loss = 0.9068198204040527, Train_Err = 26.194
root: Val_Loss = 1.108055830001831, Val_Err = 29.82
root: Epoch: [28 | 300]
root: Train_Loss = 0.8849257826805115, Train_Err = 25.77
root: Val_Loss = 1.0973340272903442, Val_Err = 30.36
root: Epoch: [29 | 300]
root: Train_Loss = 0.872164249420166, Train_Err = 25.268
root: Val_Loss = 1.0446797609329224, Val_Err = 29.34
root: Epoch: [30 | 300]
root: Train_Loss = 0.8536351323127747, Train_Err = 24.866
root: Val_Loss = 1.1138752698898315, Val_Err = 29.91
root: Epoch: [31 | 300]
root: Train_Loss = 0.8429093360900879, Train_Err = 24.606
root: Val_Loss = 1.0496423244476318, Val_Err = 28.89
root: Epoch: [32 | 300]
root: Train_Loss = 0.8351669311523438, Train_Err = 24.344
root: Val_Loss = 1.1553823947906494, Val_Err = 31.29
root: Epoch: [33 | 300]
root: Train_Loss = 0.8181279301643372, Train_Err = 23.79
root: Val_Loss = 1.2215602397918701, Val_Err = 31.64
root: Epoch: [34 | 300]
root: Train_Loss = 0.8208908438682556, Train_Err = 24.056
root: Val_Loss = 1.1466660499572754, Val_Err = 30.57
root: Epoch: [35 | 300]
root: Train_Loss = 0.7920845746994019, Train_Err = 23.192
root: Val_Loss = 1.1618268489837646, Val_Err = 30.7
root: Epoch: [36 | 300]
root: Train_Loss = 0.7751086354255676, Train_Err = 22.872
root: Val_Loss = 1.1300429105758667, Val_Err = 29.34
root: Epoch: [37 | 300]
root: Train_Loss = 0.77891606092453, Train_Err = 22.902
root: Val_Loss = 1.1434592008590698, Val_Err = 30.01
root: Epoch: [38 | 300]
root: Train_Loss = 0.7665042281150818, Train_Err = 22.502
root: Val_Loss = 1.088765025138855, Val_Err = 28.97
root: Epoch: [39 | 300]
root: Train_Loss = 0.7569370865821838, Train_Err = 21.918
root: Val_Loss = 1.1693716049194336, Val_Err = 30.83
root: Epoch: [40 | 300]
root: Train_Loss = 0.7411564588546753, Train_Err = 21.608
root: Val_Loss = 1.103307843208313, Val_Err = 28.55
root: Epoch: [41 | 300]
root: Train_Loss = 0.737392783164978, Train_Err = 21.644
root: Val_Loss = 1.061657428741455, Val_Err = 28.08
root: Epoch: [42 | 300]
root: Train_Loss = 0.7247123122215271, Train_Err = 21.048
root: Val_Loss = 1.04688560962677, Val_Err = 28.25
root: Epoch: [43 | 300]
root: Train_Loss = 0.7202362418174744, Train_Err = 21.254
root: Val_Loss = 1.0518006086349487, Val_Err = 27.3
root: Epoch: [44 | 300]
root: Train_Loss = 0.7000119090080261, Train_Err = 20.652
root: Val_Loss = 1.1128575801849365, Val_Err = 28.35
root: Epoch: [45 | 300]
root: Train_Loss = 0.6913381218910217, Train_Err = 20.142
root: Val_Loss = 1.078927993774414, Val_Err = 26.9
root: Epoch: [46 | 300]
root: Train_Loss = 0.688454806804657, Train_Err = 20.328
root: Val_Loss = 0.9849540591239929, Val_Err = 25.86
root: Epoch: [47 | 300]
root: Train_Loss = 0.6847720146179199, Train_Err = 20.094
root: Val_Loss = 1.0308411121368408, Val_Err = 26.64
root: Epoch: [48 | 300]
root: Train_Loss = 0.6714870929718018, Train_Err = 19.836
root: Val_Loss = 1.1337902545928955, Val_Err = 28.24
root: Epoch: [49 | 300]
root: Train_Loss = 0.6688583493232727, Train_Err = 19.794
root: Val_Loss = 1.1700791120529175, Val_Err = 29.8
root: Epoch: [50 | 300]
root: Train_Loss = 0.6660939455032349, Train_Err = 19.632
root: Val_Loss = 1.0514605045318604, Val_Err = 26.85
root: Epoch: [51 | 300]
root: Train_Loss = 0.6578813791275024, Train_Err = 19.51
root: Val_Loss = 1.0541718006134033, Val_Err = 27.21
root: Epoch: [52 | 300]
root: Train_Loss = 0.6415067911148071, Train_Err = 18.776
root: Val_Loss = 1.069331169128418, Val_Err = 27.04
root: Epoch: [53 | 300]
root: Train_Loss = 0.636224627494812, Train_Err = 18.548
root: Val_Loss = 1.063032865524292, Val_Err = 27.57
root: Epoch: [54 | 300]
root: Train_Loss = 0.6335879564285278, Train_Err = 18.796
root: Val_Loss = 1.071916937828064, Val_Err = 27.18
root: Epoch: [55 | 300]
root: Train_Loss = 0.643013596534729, Train_Err = 19.04
root: Val_Loss = 1.1392676830291748, Val_Err = 28.9
root: Epoch: [56 | 300]
root: Train_Loss = 0.6298367977142334, Train_Err = 18.422
root: Val_Loss = 0.9918898344039917, Val_Err = 25.91
root: Epoch: [57 | 300]
root: Train_Loss = 0.6252202391624451, Train_Err = 18.494
root: Val_Loss = 1.2140793800354004, Val_Err = 29.87
root: Epoch: [58 | 300]
root: Train_Loss = 0.6142416000366211, Train_Err = 18.04
root: Val_Loss = 1.1060348749160767, Val_Err = 27.86
root: Epoch: [59 | 300]
root: Train_Loss = 0.6292104125022888, Train_Err = 18.626
root: Val_Loss = 0.9969555139541626, Val_Err = 26.38
root: Epoch: [60 | 300]
root: Train_Loss = 0.613140344619751, Train_Err = 18.032
root: Val_Loss = 1.1962165832519531, Val_Err = 29.37
root: Epoch: [61 | 300]
root: Train_Loss = 0.6112126111984253, Train_Err = 17.944
root: Val_Loss = 1.0097635984420776, Val_Err = 26.58
root: Epoch: [62 | 300]
root: Train_Loss = 0.5943822860717773, Train_Err = 17.538
root: Val_Loss = 1.0386052131652832, Val_Err = 26.48
root: Epoch: [63 | 300]
root: Train_Loss = 0.6028684973716736, Train_Err = 17.698
root: Val_Loss = 1.0397149324417114, Val_Err = 26.45
root: Epoch: [64 | 300]
root: Train_Loss = 0.5851492881774902, Train_Err = 17.216
root: Val_Loss = 1.057569146156311, Val_Err = 26.48
root: Epoch: [65 | 300]
root: Train_Loss = 0.5915634632110596, Train_Err = 17.538
root: Val_Loss = 1.1099438667297363, Val_Err = 27.58
root: Epoch: [66 | 300]
root: Train_Loss = 0.6023811101913452, Train_Err = 17.778
root: Val_Loss = 1.0799318552017212, Val_Err = 27.09
root: Epoch: [67 | 300]
root: Train_Loss = 0.5844545364379883, Train_Err = 17.094
root: Val_Loss = 1.0782701969146729, Val_Err = 26.44
root: Epoch: [68 | 300]
root: Train_Loss = 0.5849528312683105, Train_Err = 17.222
root: Val_Loss = 1.1794477701187134, Val_Err = 27.86
root: Epoch: [69 | 300]
root: Train_Loss = 0.5763528347015381, Train_Err = 16.898
root: Val_Loss = 1.1524412631988525, Val_Err = 27.26
root: Epoch: [70 | 300]
root: Train_Loss = 0.5794493556022644, Train_Err = 17.05
root: Val_Loss = 1.1193233728408813, Val_Err = 27.52
root: Epoch: [71 | 300]
root: Train_Loss = 0.567030668258667, Train_Err = 16.84
root: Val_Loss = 1.0768113136291504, Val_Err = 27.17
root: Epoch: [72 | 300]
root: Train_Loss = 0.5803449749946594, Train_Err = 17.036
root: Val_Loss = 1.1186772584915161, Val_Err = 27.28
root: Epoch: [73 | 300]
root: Train_Loss = 0.5643721222877502, Train_Err = 16.688
root: Val_Loss = 1.0201828479766846, Val_Err = 25.43
root: Epoch: [74 | 300]
root: Train_Loss = 0.5558262467384338, Train_Err = 16.314
root: Val_Loss = 1.0858255624771118, Val_Err = 26.86
root: Epoch: [75 | 300]
root: Train_Loss = 0.5641416907310486, Train_Err = 16.826
root: Val_Loss = 1.157501459121704, Val_Err = 28.15
root: Epoch: [76 | 300]
root: Train_Loss = 0.5497335195541382, Train_Err = 16.266
root: Val_Loss = 0.9732484221458435, Val_Err = 24.53
root: Epoch: [77 | 300]
root: Train_Loss = 0.5538024306297302, Train_Err = 16.384
root: Val_Loss = 1.0229171514511108, Val_Err = 25.59
root: Epoch: [78 | 300]
root: Train_Loss = 0.5640948414802551, Train_Err = 16.502
root: Val_Loss = 1.0454179048538208, Val_Err = 26.57
root: Epoch: [79 | 300]
root: Train_Loss = 0.5347188115119934, Train_Err = 15.812
root: Val_Loss = 1.094232201576233, Val_Err = 26.42
root: Epoch: [80 | 300]
root: Train_Loss = 0.5350071787834167, Train_Err = 15.776
root: Val_Loss = 1.0229008197784424, Val_Err = 26.02
root: Epoch: [81 | 300]
root: Train_Loss = 0.5253942608833313, Train_Err = 15.642
root: Val_Loss = 1.0569889545440674, Val_Err = 26.66
root: Epoch: [82 | 300]
root: Train_Loss = 0.5340539813041687, Train_Err = 15.914
root: Val_Loss = 1.0863603353500366, Val_Err = 26.88
root: Epoch: [83 | 300]
root: Train_Loss = 0.5373495817184448, Train_Err = 15.848
root: Val_Loss = 1.0738524198532104, Val_Err = 26.26
root: Epoch: [84 | 300]
root: Train_Loss = 0.531084418296814, Train_Err = 15.608
root: Val_Loss = 1.0083706378936768, Val_Err = 25.73
root: Epoch: [85 | 300]
root: Train_Loss = 0.5323554277420044, Train_Err = 15.776
root: Val_Loss = 1.0637671947479248, Val_Err = 26.64
root: Epoch: [86 | 300]
root: Train_Loss = 0.5301802158355713, Train_Err = 15.596
root: Val_Loss = 1.0679606199264526, Val_Err = 26.7
root: Epoch: [87 | 300]
root: Train_Loss = 0.5225985646247864, Train_Err = 15.382
root: Val_Loss = 1.0364965200424194, Val_Err = 25.75
root: Epoch: [88 | 300]
root: Train_Loss = 0.5132505893707275, Train_Err = 14.978
root: Val_Loss = 1.0121121406555176, Val_Err = 25.48
root: Epoch: [89 | 300]
root: Train_Loss = 0.5178388953208923, Train_Err = 15.17
root: Val_Loss = 1.0461941957473755, Val_Err = 26.4
root: Epoch: [90 | 300]
root: Train_Loss = 0.5265436768531799, Train_Err = 15.65
root: Val_Loss = 1.0614128112792969, Val_Err = 25.49
root: Epoch: [91 | 300]
root: Train_Loss = 0.5179513692855835, Train_Err = 15.204
root: Val_Loss = 1.0986531972885132, Val_Err = 26.45
root: Epoch: [92 | 300]
root: Train_Loss = 0.5089302659034729, Train_Err = 15.072
root: Val_Loss = 1.1462409496307373, Val_Err = 27.65
root: Epoch: [93 | 300]
root: Train_Loss = 0.5171499252319336, Train_Err = 15.108
root: Val_Loss = 1.0683681964874268, Val_Err = 26.17
root: Epoch: [94 | 300]
root: Train_Loss = 0.503699779510498, Train_Err = 14.738
root: Val_Loss = 1.0732533931732178, Val_Err = 26.29
root: Epoch: [95 | 300]
root: Train_Loss = 0.5010496377944946, Train_Err = 14.696
root: Val_Loss = 1.0556050539016724, Val_Err = 26.17
root: Epoch: [96 | 300]
root: Train_Loss = 0.5038737654685974, Train_Err = 14.982
root: Val_Loss = 1.1626060009002686, Val_Err = 27.66
root: Epoch: [97 | 300]
root: Train_Loss = 0.5023782849311829, Train_Err = 14.85
root: Val_Loss = 1.047332763671875, Val_Err = 26.15
root: Epoch: [98 | 300]
root: Train_Loss = 0.49794045090675354, Train_Err = 14.836
root: Val_Loss = 1.1166428327560425, Val_Err = 25.88
root: Epoch: [99 | 300]
root: Train_Loss = 0.4872255027294159, Train_Err = 14.436
root: Val_Loss = 1.0436569452285767, Val_Err = 25.69
root: Epoch: [100 | 300]
root: Train_Loss = 0.49650466442108154, Train_Err = 14.54
root: Val_Loss = 1.1389766931533813, Val_Err = 27.84
root: Epoch: [101 | 300]
root: Train_Loss = 0.49877068400382996, Train_Err = 14.678
root: Val_Loss = 1.125413417816162, Val_Err = 26.77
root: Epoch: [102 | 300]
root: Train_Loss = 0.49223440885543823, Train_Err = 14.424
root: Val_Loss = 1.13242769241333, Val_Err = 27.33
root: Epoch: [103 | 300]
root: Train_Loss = 0.5010500550270081, Train_Err = 14.782
root: Val_Loss = 1.1377602815628052, Val_Err = 27.6
root: Epoch: [104 | 300]
root: Train_Loss = 0.4896327555179596, Train_Err = 14.432
root: Val_Loss = 1.0539699792861938, Val_Err = 25.66
root: Epoch: [105 | 300]
root: Train_Loss = 0.4805179238319397, Train_Err = 14.076
root: Val_Loss = 1.1320513486862183, Val_Err = 26.93
root: Epoch: [106 | 300]
root: Train_Loss = 0.48955562710762024, Train_Err = 14.4
root: Val_Loss = 1.1590830087661743, Val_Err = 27.54
root: Epoch: [107 | 300]
root: Train_Loss = 0.48225462436676025, Train_Err = 14.236
root: Val_Loss = 1.0724589824676514, Val_Err = 25.71
root: Epoch: [108 | 300]
root: Train_Loss = 0.4797619879245758, Train_Err = 14.288
root: Val_Loss = 1.108178734779358, Val_Err = 25.99
root: Epoch: [109 | 300]
root: Train_Loss = 0.48518651723861694, Train_Err = 14.23
root: Val_Loss = 0.9961037039756775, Val_Err = 24.97
root: Epoch: [110 | 300]
root: Train_Loss = 0.48295748233795166, Train_Err = 14.114
root: Val_Loss = 1.0374846458435059, Val_Err = 25.06
root: Epoch: [111 | 300]
root: Train_Loss = 0.4776230752468109, Train_Err = 14.026
root: Val_Loss = 1.1136596202850342, Val_Err = 26.37
root: Epoch: [112 | 300]
root: Train_Loss = 0.474944531917572, Train_Err = 14.012
root: Val_Loss = 1.0746132135391235, Val_Err = 25.44
root: Epoch: [113 | 300]
root: Train_Loss = 0.47839033603668213, Train_Err = 14.14
root: Val_Loss = 1.0725903511047363, Val_Err = 26.03
root: Epoch: [114 | 300]
root: Train_Loss = 0.46907857060432434, Train_Err = 13.912
root: Val_Loss = 1.0773611068725586, Val_Err = 26.46
root: Epoch: [115 | 300]
root: Train_Loss = 0.475892573595047, Train_Err = 13.88
root: Val_Loss = 1.0578795671463013, Val_Err = 25.43
root: Epoch: [116 | 300]
root: Train_Loss = 0.46754148602485657, Train_Err = 13.618
root: Val_Loss = 1.0295647382736206, Val_Err = 24.52
root: Epoch: [117 | 300]
root: Train_Loss = 0.4603367745876312, Train_Err = 13.53
root: Val_Loss = 1.1026359796524048, Val_Err = 25.59
root: Epoch: [118 | 300]
root: Train_Loss = 0.4753876328468323, Train_Err = 14.032
root: Val_Loss = 1.273669719696045, Val_Err = 28.93
root: Epoch: [119 | 300]
root: Train_Loss = 0.4724733829498291, Train_Err = 13.758
root: Val_Loss = 1.0791468620300293, Val_Err = 26.86
root: Epoch: [120 | 300]
root: Train_Loss = 0.46310701966285706, Train_Err = 13.616
root: Val_Loss = 1.093442440032959, Val_Err = 26.55
root: Epoch: [121 | 300]
root: Train_Loss = 0.45985615253448486, Train_Err = 13.444
root: Val_Loss = 1.0881398916244507, Val_Err = 26.97
root: Epoch: [122 | 300]
root: Train_Loss = 0.46156182885169983, Train_Err = 13.576
root: Val_Loss = 1.155904769897461, Val_Err = 27.7
root: Epoch: [123 | 300]
root: Train_Loss = 0.46199363470077515, Train_Err = 13.498
root: Val_Loss = 1.1823804378509521, Val_Err = 28.2
root: Epoch: [124 | 300]
root: Train_Loss = 0.4610463082790375, Train_Err = 13.588
root: Val_Loss = 1.012988805770874, Val_Err = 25.45
root: Epoch: [125 | 300]
root: Train_Loss = 0.4695826768875122, Train_Err = 13.774
root: Val_Loss = 1.0441068410873413, Val_Err = 25.16
root: Epoch: [126 | 300]
root: Train_Loss = 0.45590877532958984, Train_Err = 13.348
root: Val_Loss = 1.0609551668167114, Val_Err = 25.91
root: Epoch: [127 | 300]
root: Train_Loss = 0.4579721689224243, Train_Err = 13.422
root: Val_Loss = 1.1160142421722412, Val_Err = 26.22
root: Epoch: [128 | 300]
root: Train_Loss = 0.458389550447464, Train_Err = 13.4
root: Val_Loss = 1.0825936794281006, Val_Err = 25.74
root: Epoch: [129 | 300]
root: Train_Loss = 0.4424564242362976, Train_Err = 13.06
root: Val_Loss = 1.1493836641311646, Val_Err = 27.31
root: Epoch: [130 | 300]
root: Train_Loss = 0.4487910866737366, Train_Err = 13.286
root: Val_Loss = 1.0730711221694946, Val_Err = 25.61
root: Epoch: [131 | 300]
root: Train_Loss = 0.45055627822875977, Train_Err = 13.226
root: Val_Loss = 1.0041812658309937, Val_Err = 23.94
root: Epoch: [132 | 300]
root: Train_Loss = 0.44706353545188904, Train_Err = 13.176
root: Val_Loss = 1.1339927911758423, Val_Err = 26.97
root: Epoch: [133 | 300]
root: Train_Loss = 0.4480122923851013, Train_Err = 13.244
root: Val_Loss = 1.027782678604126, Val_Err = 24.59
root: Epoch: [134 | 300]
root: Train_Loss = 0.44222772121429443, Train_Err = 12.852
root: Val_Loss = 1.0474088191986084, Val_Err = 24.49
root: Epoch: [135 | 300]
root: Train_Loss = 0.44756439328193665, Train_Err = 13.104
root: Val_Loss = 1.0869966745376587, Val_Err = 25.36
root: Epoch: [136 | 300]
root: Train_Loss = 0.4443860948085785, Train_Err = 13.134
root: Val_Loss = 1.0506591796875, Val_Err = 25.04
root: Epoch: [137 | 300]
root: Train_Loss = 0.4445186257362366, Train_Err = 13.006
root: Val_Loss = 1.1221264600753784, Val_Err = 26.68
root: Epoch: [138 | 300]
root: Train_Loss = 0.4390791356563568, Train_Err = 12.998
root: Val_Loss = 1.0719482898712158, Val_Err = 26.11
root: Epoch: [139 | 300]
root: Train_Loss = 0.4532167911529541, Train_Err = 13.272
root: Val_Loss = 1.0927119255065918, Val_Err = 26.62
root: Epoch: [140 | 300]
root: Train_Loss = 0.4457189440727234, Train_Err = 13.2
root: Val_Loss = 1.1516908407211304, Val_Err = 26.91
root: Epoch: [141 | 300]
root: Train_Loss = 0.4408244788646698, Train_Err = 12.928
root: Val_Loss = 1.0071752071380615, Val_Err = 23.76
root: Epoch: [142 | 300]
root: Train_Loss = 0.44748833775520325, Train_Err = 13.196
root: Val_Loss = 1.054666519165039, Val_Err = 24.84
root: Epoch: [143 | 300]
root: Train_Loss = 0.44065654277801514, Train_Err = 12.874
root: Val_Loss = 1.1179546117782593, Val_Err = 25.57
root: Epoch: [144 | 300]
root: Train_Loss = 0.4545200765132904, Train_Err = 13.432
root: Val_Loss = 1.1160577535629272, Val_Err = 26.17
root: Epoch: [145 | 300]
root: Train_Loss = 0.4435039460659027, Train_Err = 13.134
root: Val_Loss = 1.0111892223358154, Val_Err = 25.0
root: Epoch: [146 | 300]
root: Train_Loss = 0.44255658984184265, Train_Err = 12.918
root: Val_Loss = 1.0662124156951904, Val_Err = 24.57
root: Epoch: [147 | 300]
root: Train_Loss = 0.4309217035770416, Train_Err = 12.578
root: Val_Loss = 1.099024772644043, Val_Err = 25.8
root: Epoch: [148 | 300]
root: Train_Loss = 0.43734011054039, Train_Err = 12.688
root: Val_Loss = 1.0213593244552612, Val_Err = 23.94
root: Epoch: [149 | 300]
root: Train_Loss = 0.43202587962150574, Train_Err = 12.63
root: Val_Loss = 1.0558606386184692, Val_Err = 25.74
root: Epoch: [150 | 300]
root: Train_Loss = 0.25482177734375, Train_Err = 6.972
root: Val_Loss = 0.6534125804901123, Val_Err = 16.99
root: Epoch: [151 | 300]
root: Train_Loss = 0.18669091165065765, Train_Err = 4.858
root: Val_Loss = 0.6366291046142578, Val_Err = 16.35
root: Epoch: [152 | 300]
root: Train_Loss = 0.16504374146461487, Train_Err = 4.204
root: Val_Loss = 0.6261211037635803, Val_Err = 15.98
root: Epoch: [153 | 300]
root: Train_Loss = 0.15564386546611786, Train_Err = 4.002
root: Val_Loss = 0.6205153465270996, Val_Err = 15.93
root: Epoch: [154 | 300]
root: Train_Loss = 0.1448555439710617, Train_Err = 3.636
root: Val_Loss = 0.6106908321380615, Val_Err = 15.91
root: Epoch: [155 | 300]
root: Train_Loss = 0.1471422165632248, Train_Err = 3.79
root: Val_Loss = 0.6187121272087097, Val_Err = 15.88
root: Epoch: [156 | 300]
root: Train_Loss = 0.1362866908311844, Train_Err = 3.466
root: Val_Loss = 0.6160716414451599, Val_Err = 15.34
root: Epoch: [157 | 300]
root: Train_Loss = 0.1291753649711609, Train_Err = 3.296
root: Val_Loss = 0.6173160672187805, Val_Err = 15.74
root: Epoch: [158 | 300]
root: Train_Loss = 0.13363882899284363, Train_Err = 3.36
root: Val_Loss = 0.6126998662948608, Val_Err = 15.69
root: Epoch: [159 | 300]
root: Train_Loss = 0.13109484314918518, Train_Err = 3.352
root: Val_Loss = 0.6110377311706543, Val_Err = 15.56
root: Epoch: [160 | 300]
root: Train_Loss = 0.129365935921669, Train_Err = 3.272
root: Val_Loss = 0.614520251750946, Val_Err = 15.48
root: Epoch: [161 | 300]
root: Train_Loss = 0.12886938452720642, Train_Err = 3.258
root: Val_Loss = 0.6114065051078796, Val_Err = 15.86
root: Epoch: [162 | 300]
root: Train_Loss = 0.12343374639749527, Train_Err = 3.24
root: Val_Loss = 0.6130462884902954, Val_Err = 15.7
root: Epoch: [163 | 300]
root: Train_Loss = 0.12127664685249329, Train_Err = 3.03
root: Val_Loss = 0.6055339574813843, Val_Err = 15.46
root: Epoch: [164 | 300]
root: Train_Loss = 0.12178253382444382, Train_Err = 3.086
root: Val_Loss = 0.6021373271942139, Val_Err = 15.64
root: Epoch: [165 | 300]
root: Train_Loss = 0.12234599143266678, Train_Err = 3.092
root: Val_Loss = 0.6074731945991516, Val_Err = 15.53
root: Epoch: [166 | 300]
root: Train_Loss = 0.12203896790742874, Train_Err = 3.092
root: Val_Loss = 0.6069093346595764, Val_Err = 15.58
root: Epoch: [167 | 300]
root: Train_Loss = 0.11762169748544693, Train_Err = 2.95
root: Val_Loss = 0.6062497496604919, Val_Err = 15.52
root: Epoch: [168 | 300]
root: Train_Loss = 0.11731510609388351, Train_Err = 3.02
root: Val_Loss = 0.5980932712554932, Val_Err = 15.34
root: Epoch: [169 | 300]
root: Train_Loss = 0.11493313312530518, Train_Err = 2.936
root: Val_Loss = 0.6053043007850647, Val_Err = 15.8
root: Epoch: [170 | 300]
root: Train_Loss = 0.11533421277999878, Train_Err = 2.912
root: Val_Loss = 0.6014391183853149, Val_Err = 15.59
root: Epoch: [171 | 300]
root: Train_Loss = 0.11351430416107178, Train_Err = 2.91
root: Val_Loss = 0.6008700728416443, Val_Err = 15.5
root: Epoch: [172 | 300]
root: Train_Loss = 0.11225105822086334, Train_Err = 2.758
root: Val_Loss = 0.6040694713592529, Val_Err = 15.55
root: Epoch: [173 | 300]
root: Train_Loss = 0.10939119011163712, Train_Err = 2.728
root: Val_Loss = 0.6018106341362, Val_Err = 15.52
root: Epoch: [174 | 300]
root: Train_Loss = 0.11216568201780319, Train_Err = 2.834
root: Val_Loss = 0.6057496666908264, Val_Err = 15.78
root: Epoch: [175 | 300]
root: Train_Loss = 0.11740332096815109, Train_Err = 2.94
root: Val_Loss = 0.6017629504203796, Val_Err = 15.65
root: Epoch: [176 | 300]
root: Train_Loss = 0.11165864765644073, Train_Err = 2.83
root: Val_Loss = 0.5952135920524597, Val_Err = 15.56
root: Epoch: [177 | 300]
root: Train_Loss = 0.11423461884260178, Train_Err = 2.91
root: Val_Loss = 0.603511393070221, Val_Err = 15.59
root: Epoch: [178 | 300]
root: Train_Loss = 0.11085977405309677, Train_Err = 2.804
root: Val_Loss = 0.5967159271240234, Val_Err = 15.44
root: Epoch: [179 | 300]
root: Train_Loss = 0.10744699835777283, Train_Err = 2.716
root: Val_Loss = 0.5979096293449402, Val_Err = 15.5
root: Epoch: [180 | 300]
root: Train_Loss = 0.10298362374305725, Train_Err = 2.626
root: Val_Loss = 0.5966784954071045, Val_Err = 15.48
root: Epoch: [181 | 300]
root: Train_Loss = 0.10052686184644699, Train_Err = 2.514
root: Val_Loss = 0.5863335132598877, Val_Err = 15.45
root: Epoch: [182 | 300]
root: Train_Loss = 0.11081606149673462, Train_Err = 2.712
root: Val_Loss = 0.5957779884338379, Val_Err = 15.86
root: Epoch: [183 | 300]
root: Train_Loss = 0.10854443907737732, Train_Err = 2.684
root: Val_Loss = 0.5898247957229614, Val_Err = 15.36
root: Epoch: [184 | 300]
root: Train_Loss = 0.10611515492200851, Train_Err = 2.686
root: Val_Loss = 0.5856238007545471, Val_Err = 15.34
root: Epoch: [185 | 300]
root: Train_Loss = 0.10459000617265701, Train_Err = 2.59
root: Val_Loss = 0.5902034640312195, Val_Err = 15.79
root: Epoch: [186 | 300]
root: Train_Loss = 0.10732684284448624, Train_Err = 2.666
root: Val_Loss = 0.5839364528656006, Val_Err = 15.5
root: Epoch: [187 | 300]
root: Train_Loss = 0.10674654692411423, Train_Err = 2.702
root: Val_Loss = 0.5914909839630127, Val_Err = 15.6
root: Epoch: [188 | 300]
root: Train_Loss = 0.10340196639299393, Train_Err = 2.626
root: Val_Loss = 0.5904943943023682, Val_Err = 15.71
root: Epoch: [189 | 300]
root: Train_Loss = 0.09899754822254181, Train_Err = 2.448
root: Val_Loss = 0.5867091417312622, Val_Err = 15.8
root: Epoch: [190 | 300]
root: Train_Loss = 0.10247725248336792, Train_Err = 2.568
root: Val_Loss = 0.5906081199645996, Val_Err = 15.83
root: Epoch: [191 | 300]
root: Train_Loss = 0.10634953528642654, Train_Err = 2.658
root: Val_Loss = 0.5855349898338318, Val_Err = 15.88
root: Epoch: [192 | 300]
root: Train_Loss = 0.10375189036130905, Train_Err = 2.586
root: Val_Loss = 0.5889796018600464, Val_Err = 15.88
root: Epoch: [193 | 300]
root: Train_Loss = 0.10362416505813599, Train_Err = 2.634
root: Val_Loss = 0.5848924517631531, Val_Err = 15.52
root: Epoch: [194 | 300]
root: Train_Loss = 0.10559921711683273, Train_Err = 2.67
root: Val_Loss = 0.5891151428222656, Val_Err = 15.91
root: Epoch: [195 | 300]
root: Train_Loss = 0.09617233276367188, Train_Err = 2.446
root: Val_Loss = 0.58591228723526, Val_Err = 15.47
root: Epoch: [196 | 300]
root: Train_Loss = 0.1025707945227623, Train_Err = 2.54
root: Val_Loss = 0.5855507254600525, Val_Err = 15.35
root: Epoch: [197 | 300]
root: Train_Loss = 0.10175585746765137, Train_Err = 2.544
root: Val_Loss = 0.5864570140838623, Val_Err = 15.53
root: Epoch: [198 | 300]
root: Train_Loss = 0.10115401446819305, Train_Err = 2.53
root: Val_Loss = 0.5865456461906433, Val_Err = 15.8
root: Epoch: [199 | 300]
root: Train_Loss = 0.09623482823371887, Train_Err = 2.37
root: Val_Loss = 0.5847098231315613, Val_Err = 15.93
root: Epoch: [200 | 300]
root: Train_Loss = 0.10041164606809616, Train_Err = 2.53
root: Val_Loss = 0.5792337656021118, Val_Err = 15.53
root: Epoch: [201 | 300]
root: Train_Loss = 0.10297295451164246, Train_Err = 2.544
root: Val_Loss = 0.5881513357162476, Val_Err = 15.58
root: Epoch: [202 | 300]
root: Train_Loss = 0.09899980574846268, Train_Err = 2.446
root: Val_Loss = 0.5757607221603394, Val_Err = 15.48
root: Epoch: [203 | 300]
root: Train_Loss = 0.09860008209943771, Train_Err = 2.504
root: Val_Loss = 0.5892894864082336, Val_Err = 16.21
root: Epoch: [204 | 300]
root: Train_Loss = 0.09993229061365128, Train_Err = 2.458
root: Val_Loss = 0.5786508917808533, Val_Err = 15.81
root: Epoch: [205 | 300]
root: Train_Loss = 0.1032625362277031, Train_Err = 2.57
root: Val_Loss = 0.5884220600128174, Val_Err = 15.86
root: Epoch: [206 | 300]
root: Train_Loss = 0.09581488370895386, Train_Err = 2.316
root: Val_Loss = 0.5912741422653198, Val_Err = 15.63
root: Epoch: [207 | 300]
root: Train_Loss = 0.10047612339258194, Train_Err = 2.506
root: Val_Loss = 0.5899605751037598, Val_Err = 15.67
root: Epoch: [208 | 300]
root: Train_Loss = 0.10014700144529343, Train_Err = 2.5
root: Val_Loss = 0.5799523591995239, Val_Err = 15.3
root: Epoch: [209 | 300]
root: Train_Loss = 0.0984918549656868, Train_Err = 2.522
root: Val_Loss = 0.5755732655525208, Val_Err = 15.5
root: Epoch: [210 | 300]
root: Train_Loss = 0.09936825931072235, Train_Err = 2.444
root: Val_Loss = 0.5839328169822693, Val_Err = 15.64
root: Epoch: [211 | 300]
root: Train_Loss = 0.09443148225545883, Train_Err = 2.38
root: Val_Loss = 0.5755687355995178, Val_Err = 15.58
root: Epoch: [212 | 300]
root: Train_Loss = 0.09652069211006165, Train_Err = 2.424
root: Val_Loss = 0.5761603713035583, Val_Err = 15.48
root: Epoch: [213 | 300]
root: Train_Loss = 0.09266389161348343, Train_Err = 2.272
root: Val_Loss = 0.5823121666908264, Val_Err = 15.63
root: Epoch: [214 | 300]
root: Train_Loss = 0.09896641969680786, Train_Err = 2.496
root: Val_Loss = 0.5739133954048157, Val_Err = 15.4
root: Epoch: [215 | 300]
root: Train_Loss = 0.09630046784877777, Train_Err = 2.408
root: Val_Loss = 0.5849010348320007, Val_Err = 15.63
root: Epoch: [216 | 300]
root: Train_Loss = 0.09330347180366516, Train_Err = 2.3
root: Val_Loss = 0.580815851688385, Val_Err = 15.86
root: Epoch: [217 | 300]
root: Train_Loss = 0.09954269975423813, Train_Err = 2.486
root: Val_Loss = 0.5774664282798767, Val_Err = 15.59
root: Epoch: [218 | 300]
root: Train_Loss = 0.09389026463031769, Train_Err = 2.342
root: Val_Loss = 0.5798411965370178, Val_Err = 15.73
root: Epoch: [219 | 300]
root: Train_Loss = 0.09790870547294617, Train_Err = 2.476
root: Val_Loss = 0.5789268612861633, Val_Err = 15.77
root: Epoch: [220 | 300]
root: Train_Loss = 0.09541886299848557, Train_Err = 2.298
root: Val_Loss = 0.5786705613136292, Val_Err = 15.85
root: Epoch: [221 | 300]
root: Train_Loss = 0.09285791963338852, Train_Err = 2.348
root: Val_Loss = 0.5779344439506531, Val_Err = 15.32
root: Epoch: [222 | 300]
root: Train_Loss = 0.09611804783344269, Train_Err = 2.37
root: Val_Loss = 0.5824946165084839, Val_Err = 15.66
root: Epoch: [223 | 300]
root: Train_Loss = 0.09538207948207855, Train_Err = 2.322
root: Val_Loss = 0.5827294588088989, Val_Err = 15.51
root: Epoch: [224 | 300]
root: Train_Loss = 0.09540713578462601, Train_Err = 2.404
root: Val_Loss = 0.5864127278327942, Val_Err = 15.85
root: Epoch: [225 | 300]
root: Train_Loss = 0.08861542493104935, Train_Err = 2.228
root: Val_Loss = 0.5746309161186218, Val_Err = 15.51
root: Epoch: [226 | 300]
root: Train_Loss = 0.09291796386241913, Train_Err = 2.338
root: Val_Loss = 0.5725389719009399, Val_Err = 15.37
root: Epoch: [227 | 300]
root: Train_Loss = 0.08921807259321213, Train_Err = 2.244
root: Val_Loss = 0.5696160793304443, Val_Err = 15.58
root: Epoch: [228 | 300]
root: Train_Loss = 0.08619636297225952, Train_Err = 2.138
root: Val_Loss = 0.5671850442886353, Val_Err = 15.45
root: Epoch: [229 | 300]
root: Train_Loss = 0.08723350614309311, Train_Err = 2.194
root: Val_Loss = 0.5663776993751526, Val_Err = 15.49
root: Epoch: [230 | 300]
root: Train_Loss = 0.08714093267917633, Train_Err = 2.158
root: Val_Loss = 0.5647578835487366, Val_Err = 15.42
root: Epoch: [231 | 300]
root: Train_Loss = 0.08361373096704483, Train_Err = 2.07
root: Val_Loss = 0.5661395192146301, Val_Err = 15.38
root: Epoch: [232 | 300]
root: Train_Loss = 0.08537185192108154, Train_Err = 2.128
root: Val_Loss = 0.5650470852851868, Val_Err = 15.32
root: Epoch: [233 | 300]
root: Train_Loss = 0.09136158227920532, Train_Err = 2.256
root: Val_Loss = 0.5617878437042236, Val_Err = 15.19
root: Epoch: [234 | 300]
root: Train_Loss = 0.0852738469839096, Train_Err = 2.18
root: Val_Loss = 0.5637742280960083, Val_Err = 15.46
root: Epoch: [235 | 300]
root: Train_Loss = 0.08486863225698471, Train_Err = 2.078
root: Val_Loss = 0.5624099373817444, Val_Err = 15.45
root: Epoch: [236 | 300]
root: Train_Loss = 0.08158491551876068, Train_Err = 2.048
root: Val_Loss = 0.561061680316925, Val_Err = 15.15
root: Epoch: [237 | 300]
root: Train_Loss = 0.08343556523323059, Train_Err = 2.04
root: Val_Loss = 0.560849130153656, Val_Err = 15.37
root: Epoch: [238 | 300]
root: Train_Loss = 0.08334518224000931, Train_Err = 2.074
root: Val_Loss = 0.5621500015258789, Val_Err = 15.36
root: Epoch: [239 | 300]
root: Train_Loss = 0.08889611810445786, Train_Err = 2.206
root: Val_Loss = 0.5622475147247314, Val_Err = 15.47
root: Epoch: [240 | 300]
root: Train_Loss = 0.08281439542770386, Train_Err = 2.082
root: Val_Loss = 0.5608482956886292, Val_Err = 15.39
root: Epoch: [241 | 300]
root: Train_Loss = 0.08193289488554001, Train_Err = 2.014
root: Val_Loss = 0.558817982673645, Val_Err = 15.25
root: Epoch: [242 | 300]
root: Train_Loss = 0.08064824342727661, Train_Err = 1.972
root: Val_Loss = 0.558776319026947, Val_Err = 15.21
root: Epoch: [243 | 300]
root: Train_Loss = 0.08543264120817184, Train_Err = 2.152
root: Val_Loss = 0.5586497783660889, Val_Err = 15.27
root: Epoch: [244 | 300]
root: Train_Loss = 0.08110332489013672, Train_Err = 1.968
root: Val_Loss = 0.5584163069725037, Val_Err = 15.22
root: Epoch: [245 | 300]
root: Train_Loss = 0.08159685134887695, Train_Err = 2.046
root: Val_Loss = 0.5577905774116516, Val_Err = 15.23
root: Epoch: [246 | 300]
root: Train_Loss = 0.07962383329868317, Train_Err = 2.008
root: Val_Loss = 0.5585858821868896, Val_Err = 15.19
root: Epoch: [247 | 300]
root: Train_Loss = 0.0805455669760704, Train_Err = 2.024
root: Val_Loss = 0.5555393695831299, Val_Err = 15.09
root: Epoch: [248 | 300]
root: Train_Loss = 0.08216344565153122, Train_Err = 1.99
root: Val_Loss = 0.5557388663291931, Val_Err = 15.15
root: Epoch: [249 | 300]
root: Train_Loss = 0.08101169764995575, Train_Err = 1.936
root: Val_Loss = 0.5584990978240967, Val_Err = 15.29
root: Epoch: [250 | 300]
root: Train_Loss = 0.08009011298418045, Train_Err = 1.97
root: Val_Loss = 0.5562339425086975, Val_Err = 15.11
root: Epoch: [251 | 300]
root: Train_Loss = 0.08025190979242325, Train_Err = 1.972
root: Val_Loss = 0.5582342147827148, Val_Err = 15.14
root: Epoch: [252 | 300]
root: Train_Loss = 0.07967960834503174, Train_Err = 2.014
root: Val_Loss = 0.557691216468811, Val_Err = 15.21
root: Epoch: [253 | 300]
root: Train_Loss = 0.07978802174329758, Train_Err = 1.974
root: Val_Loss = 0.5562949180603027, Val_Err = 15.03
root: Epoch: [254 | 300]
root: Train_Loss = 0.08087824285030365, Train_Err = 1.992
root: Val_Loss = 0.5572532415390015, Val_Err = 15.05
root: Epoch: [255 | 300]
root: Train_Loss = 0.07993581891059875, Train_Err = 1.932
root: Val_Loss = 0.5571443438529968, Val_Err = 15.24
root: Epoch: [256 | 300]
root: Train_Loss = 0.08020718395709991, Train_Err = 1.992
root: Val_Loss = 0.5584324598312378, Val_Err = 15.29
root: Epoch: [257 | 300]
root: Train_Loss = 0.07795223593711853, Train_Err = 2.006
root: Val_Loss = 0.554715633392334, Val_Err = 15.19
root: Epoch: [258 | 300]
root: Train_Loss = 0.07946210354566574, Train_Err = 1.952
root: Val_Loss = 0.5555106997489929, Val_Err = 15.18
root: Epoch: [259 | 300]
root: Train_Loss = 0.0825614258646965, Train_Err = 2.068
root: Val_Loss = 0.5558767318725586, Val_Err = 15.13
root: Epoch: [260 | 300]
root: Train_Loss = 0.07979794591665268, Train_Err = 1.94
root: Val_Loss = 0.5561867952346802, Val_Err = 15.16
root: Epoch: [261 | 300]
root: Train_Loss = 0.08186231553554535, Train_Err = 2.002
root: Val_Loss = 0.5550920963287354, Val_Err = 14.96
root: Epoch: [262 | 300]
root: Train_Loss = 0.07815603911876678, Train_Err = 1.922
root: Val_Loss = 0.5546697974205017, Val_Err = 15.17
root: Epoch: [263 | 300]
root: Train_Loss = 0.07895809412002563, Train_Err = 1.974
root: Val_Loss = 0.5539329648017883, Val_Err = 15.21
root: Epoch: [264 | 300]
root: Train_Loss = 0.07992774993181229, Train_Err = 2.018
root: Val_Loss = 0.5538327693939209, Val_Err = 15.13
root: Epoch: [265 | 300]
root: Train_Loss = 0.0840843915939331, Train_Err = 2.104
root: Val_Loss = 0.5520767569541931, Val_Err = 15.1
root: Epoch: [266 | 300]
root: Train_Loss = 0.08216909319162369, Train_Err = 2.018
root: Val_Loss = 0.5550438165664673, Val_Err = 14.97
root: Epoch: [267 | 300]
root: Train_Loss = 0.07913248240947723, Train_Err = 1.932
root: Val_Loss = 0.5554894208908081, Val_Err = 15.11
root: Epoch: [268 | 300]
root: Train_Loss = 0.07764176279306412, Train_Err = 1.92
root: Val_Loss = 0.5537782311439514, Val_Err = 15.06
root: Epoch: [269 | 300]
root: Train_Loss = 0.07674000412225723, Train_Err = 1.942
root: Val_Loss = 0.5541384816169739, Val_Err = 15.01
root: Epoch: [270 | 300]
root: Train_Loss = 0.08002431690692902, Train_Err = 1.954
root: Val_Loss = 0.5516439080238342, Val_Err = 14.9
root: Epoch: [271 | 300]
root: Train_Loss = 0.08159047365188599, Train_Err = 2.018
root: Val_Loss = 0.5532604455947876, Val_Err = 14.88
root: Epoch: [272 | 300]
root: Train_Loss = 0.08165416866540909, Train_Err = 2.054
root: Val_Loss = 0.5534876585006714, Val_Err = 14.95
root: Epoch: [273 | 300]
root: Train_Loss = 0.08109286427497864, Train_Err = 2.026
root: Val_Loss = 0.5509949326515198, Val_Err = 14.99
root: Epoch: [274 | 300]
root: Train_Loss = 0.08174663782119751, Train_Err = 2.044
root: Val_Loss = 0.5527881979942322, Val_Err = 15.04
root: Epoch: [275 | 300]
root: Train_Loss = 0.0800061970949173, Train_Err = 1.982
root: Val_Loss = 0.5525896549224854, Val_Err = 15.02
root: Epoch: [276 | 300]
root: Train_Loss = 0.08061470836400986, Train_Err = 2.022
root: Val_Loss = 0.5532074570655823, Val_Err = 15.11
root: Epoch: [277 | 300]
root: Train_Loss = 0.07751860469579697, Train_Err = 1.914
root: Val_Loss = 0.5527750849723816, Val_Err = 15.14
root: Epoch: [278 | 300]
root: Train_Loss = 0.07760779559612274, Train_Err = 1.914
root: Val_Loss = 0.5543103814125061, Val_Err = 15.1
root: Epoch: [279 | 300]
root: Train_Loss = 0.07793255895376205, Train_Err = 1.982
root: Val_Loss = 0.5577179789543152, Val_Err = 15.17
root: Epoch: [280 | 300]
root: Train_Loss = 0.07693079113960266, Train_Err = 1.9
root: Val_Loss = 0.5574721693992615, Val_Err = 15.22
root: Epoch: [281 | 300]
root: Train_Loss = 0.0814032182097435, Train_Err = 2.044
root: Val_Loss = 0.557140052318573, Val_Err = 15.05
root: Epoch: [282 | 300]
root: Train_Loss = 0.0827685222029686, Train_Err = 2.052
root: Val_Loss = 0.5539854168891907, Val_Err = 14.96
root: Epoch: [283 | 300]
root: Train_Loss = 0.07670024037361145, Train_Err = 1.864
root: Val_Loss = 0.5550057888031006, Val_Err = 15.1
root: Epoch: [284 | 300]
root: Train_Loss = 0.08140327781438828, Train_Err = 1.998
root: Val_Loss = 0.5571224093437195, Val_Err = 15.07
root: Epoch: [285 | 300]
root: Train_Loss = 0.07974164187908173, Train_Err = 1.982
root: Val_Loss = 0.5525105595588684, Val_Err = 14.96
root: Epoch: [286 | 300]
root: Train_Loss = 0.08069977164268494, Train_Err = 2.018
root: Val_Loss = 0.5532351136207581, Val_Err = 14.88
root: Epoch: [287 | 300]
root: Train_Loss = 0.07939780503511429, Train_Err = 1.988
root: Val_Loss = 0.5524603128433228, Val_Err = 14.89
root: Epoch: [288 | 300]
root: Train_Loss = 0.08132383227348328, Train_Err = 2.05
root: Val_Loss = 0.5540356040000916, Val_Err = 14.93
root: Epoch: [289 | 300]
root: Train_Loss = 0.07613544911146164, Train_Err = 1.824
root: Val_Loss = 0.5535037517547607, Val_Err = 15.09
root: Epoch: [290 | 300]
root: Train_Loss = 0.07911397516727448, Train_Err = 1.924
root: Val_Loss = 0.5531607866287231, Val_Err = 15.1
root: Epoch: [291 | 300]
root: Train_Loss = 0.08177502453327179, Train_Err = 2.058
root: Val_Loss = 0.5519207119941711, Val_Err = 15.22
root: Epoch: [292 | 300]
root: Train_Loss = 0.07664069533348083, Train_Err = 1.888
root: Val_Loss = 0.5518032908439636, Val_Err = 15.16
root: Epoch: [293 | 300]
root: Train_Loss = 0.07701094448566437, Train_Err = 1.92
root: Val_Loss = 0.5487225651741028, Val_Err = 15.04
root: Epoch: [294 | 300]
root: Train_Loss = 0.076594777405262, Train_Err = 1.926
root: Val_Loss = 0.5534425973892212, Val_Err = 15.08
root: Epoch: [295 | 300]
root: Train_Loss = 0.07870464026927948, Train_Err = 1.956
root: Val_Loss = 0.5530248880386353, Val_Err = 15.08
root: Epoch: [296 | 300]
root: Train_Loss = 0.07793325930833817, Train_Err = 1.93
root: Val_Loss = 0.5518757104873657, Val_Err = 15.12
root: Epoch: [297 | 300]
root: Train_Loss = 0.08002843707799911, Train_Err = 1.992
root: Val_Loss = 0.5520123243331909, Val_Err = 15.18
root: Epoch: [298 | 300]
root: Train_Loss = 0.07743624597787857, Train_Err = 1.968
root: Val_Loss = 0.5531564354896545, Val_Err = 15.15
root: Epoch: [299 | 300]
root: Train_Loss = 0.07907789200544357, Train_Err = 2.006
root: Val_Loss = 0.5552888512611389, Val_Err = 15.07
