root: Namespace(batch_size=128, cp_dir='checkpoints/autoaugment_cutout/cifar100/smooth_out/run_ms_2/pyramidnet_110_8_0.009', depth=110, dtype='cifar100', epochs=300, img_aug='autoaugment_cutout', learning_rate=0.1, momentum=0.9, mtype='pyramidnet', num_classes=100, seed=2, smooth_out_a=0.009, threads=8, weight_decay=0.0001, width_factor=8)
root: Epoch: [0 | 300]
root: Train_Loss = 4.128509521484375, Train_Err = 92.742
root: Val_Loss = 3.708956241607666, Val_Err = 86.31
root: Epoch: [1 | 300]
root: Train_Loss = 3.431553602218628, Train_Err = 82.652
root: Val_Loss = 2.966895580291748, Val_Err = 74.86
root: Epoch: [2 | 300]
root: Train_Loss = 2.8667001724243164, Train_Err = 72.438
root: Val_Loss = 2.9694693088531494, Val_Err = 71.37
root: Epoch: [3 | 300]
root: Train_Loss = 2.4934449195861816, Train_Err = 64.856
root: Val_Loss = 2.21079158782959, Val_Err = 58.32
root: Epoch: [4 | 300]
root: Train_Loss = 2.223212242126465, Train_Err = 58.724
root: Val_Loss = 2.1426994800567627, Val_Err = 57.31
root: Epoch: [5 | 300]
root: Train_Loss = 2.0396621227264404, Train_Err = 54.686
root: Val_Loss = 1.7677257061004639, Val_Err = 48.84
root: Epoch: [6 | 300]
root: Train_Loss = 1.8942639827728271, Train_Err = 51.16
root: Val_Loss = 1.830306053161621, Val_Err = 49.5
root: Epoch: [7 | 300]
root: Train_Loss = 1.76995849609375, Train_Err = 48.472
root: Val_Loss = 1.6884775161743164, Val_Err = 45.99
root: Epoch: [8 | 300]
root: Train_Loss = 1.6829875707626343, Train_Err = 45.932
root: Val_Loss = 1.649556040763855, Val_Err = 45.0
root: Epoch: [9 | 300]
root: Train_Loss = 1.6052826642990112, Train_Err = 44.032
root: Val_Loss = 1.4241684675216675, Val_Err = 40.4
root: Epoch: [10 | 300]
root: Train_Loss = 1.5316002368927002, Train_Err = 42.288
root: Val_Loss = 1.4163070917129517, Val_Err = 39.26
root: Epoch: [11 | 300]
root: Train_Loss = 1.470991849899292, Train_Err = 41.142
root: Val_Loss = 1.4140253067016602, Val_Err = 40.02
root: Epoch: [12 | 300]
root: Train_Loss = 1.4244896173477173, Train_Err = 39.74
root: Val_Loss = 1.3364313840866089, Val_Err = 37.12
root: Epoch: [13 | 300]
root: Train_Loss = 1.3713829517364502, Train_Err = 38.452
root: Val_Loss = 1.4193098545074463, Val_Err = 38.81
root: Epoch: [14 | 300]
root: Train_Loss = 1.3267896175384521, Train_Err = 37.39
root: Val_Loss = 1.3804234266281128, Val_Err = 37.93
root: Epoch: [15 | 300]
root: Train_Loss = 1.3006078004837036, Train_Err = 36.528
root: Val_Loss = 1.292839765548706, Val_Err = 35.81
root: Epoch: [16 | 300]
root: Train_Loss = 1.2484335899353027, Train_Err = 35.246
root: Val_Loss = 1.394456148147583, Val_Err = 38.02
root: Epoch: [17 | 300]
root: Train_Loss = 1.208060622215271, Train_Err = 34.46
root: Val_Loss = 1.1766386032104492, Val_Err = 33.7
root: Epoch: [18 | 300]
root: Train_Loss = 1.1857117414474487, Train_Err = 33.862
root: Val_Loss = 1.2086213827133179, Val_Err = 33.69
root: Epoch: [19 | 300]
root: Train_Loss = 1.1571815013885498, Train_Err = 33.014
root: Val_Loss = 1.2299907207489014, Val_Err = 33.72
root: Epoch: [20 | 300]
root: Train_Loss = 1.1159582138061523, Train_Err = 31.958
root: Val_Loss = 1.183027744293213, Val_Err = 33.49
root: Epoch: [21 | 300]
root: Train_Loss = 1.0996999740600586, Train_Err = 31.478
root: Val_Loss = 1.1202442646026611, Val_Err = 31.55
root: Epoch: [22 | 300]
root: Train_Loss = 1.0705881118774414, Train_Err = 30.6
root: Val_Loss = 1.1511836051940918, Val_Err = 31.98
root: Epoch: [23 | 300]
root: Train_Loss = 1.0482832193374634, Train_Err = 30.074
root: Val_Loss = 1.1255933046340942, Val_Err = 31.62
root: Epoch: [24 | 300]
root: Train_Loss = 1.0256046056747437, Train_Err = 29.516
root: Val_Loss = 1.0677099227905273, Val_Err = 30.29
root: Epoch: [25 | 300]
root: Train_Loss = 1.0117497444152832, Train_Err = 28.93
root: Val_Loss = 1.1046940088272095, Val_Err = 30.3
root: Epoch: [26 | 300]
root: Train_Loss = 0.9895085096359253, Train_Err = 28.61
root: Val_Loss = 1.08588445186615, Val_Err = 29.87
root: Epoch: [27 | 300]
root: Train_Loss = 0.985471785068512, Train_Err = 28.706
root: Val_Loss = 1.1128573417663574, Val_Err = 30.36
root: Epoch: [28 | 300]
root: Train_Loss = 0.9632506966590881, Train_Err = 27.788
root: Val_Loss = 1.087390422821045, Val_Err = 29.2
root: Epoch: [29 | 300]
root: Train_Loss = 0.9514960646629333, Train_Err = 27.634
root: Val_Loss = 1.099928855895996, Val_Err = 30.34
root: Epoch: [30 | 300]
root: Train_Loss = 0.926048755645752, Train_Err = 26.902
root: Val_Loss = 1.062976360321045, Val_Err = 28.91
root: Epoch: [31 | 300]
root: Train_Loss = 0.9095687866210938, Train_Err = 26.306
root: Val_Loss = 1.1052345037460327, Val_Err = 30.73
root: Epoch: [32 | 300]
root: Train_Loss = 0.8972826600074768, Train_Err = 26.172
root: Val_Loss = 1.1130900382995605, Val_Err = 29.64
root: Epoch: [33 | 300]
root: Train_Loss = 0.8742132782936096, Train_Err = 25.364
root: Val_Loss = 1.0346016883850098, Val_Err = 28.24
root: Epoch: [34 | 300]
root: Train_Loss = 0.8663131594657898, Train_Err = 25.42
root: Val_Loss = 1.2527116537094116, Val_Err = 31.62
root: Epoch: [35 | 300]
root: Train_Loss = 0.8573431968688965, Train_Err = 24.844
root: Val_Loss = 1.0950065851211548, Val_Err = 29.55
root: Epoch: [36 | 300]
root: Train_Loss = 0.8421066403388977, Train_Err = 24.602
root: Val_Loss = 1.1161788702011108, Val_Err = 29.47
root: Epoch: [37 | 300]
root: Train_Loss = 0.8434078097343445, Train_Err = 24.496
root: Val_Loss = 1.1271164417266846, Val_Err = 29.96
root: Epoch: [38 | 300]
root: Train_Loss = 0.823054850101471, Train_Err = 23.898
root: Val_Loss = 1.1532944440841675, Val_Err = 30.1
root: Epoch: [39 | 300]
root: Train_Loss = 0.8130550384521484, Train_Err = 23.694
root: Val_Loss = 1.165140151977539, Val_Err = 29.66
root: Epoch: [40 | 300]
root: Train_Loss = 0.8038755059242249, Train_Err = 23.638
root: Val_Loss = 1.1854153871536255, Val_Err = 30.5
root: Epoch: [41 | 300]
root: Train_Loss = 0.8043332695960999, Train_Err = 23.332
root: Val_Loss = 1.030444622039795, Val_Err = 27.45
root: Epoch: [42 | 300]
root: Train_Loss = 0.7840671539306641, Train_Err = 23.084
root: Val_Loss = 1.1106938123703003, Val_Err = 29.47
root: Epoch: [43 | 300]
root: Train_Loss = 0.777495265007019, Train_Err = 22.772
root: Val_Loss = 1.0648847818374634, Val_Err = 28.08
root: Epoch: [44 | 300]
root: Train_Loss = 0.7732070088386536, Train_Err = 22.622
root: Val_Loss = 1.1409199237823486, Val_Err = 28.44
root: Epoch: [45 | 300]
root: Train_Loss = 0.7593640685081482, Train_Err = 22.064
root: Val_Loss = 1.031075358390808, Val_Err = 27.05
root: Epoch: [46 | 300]
root: Train_Loss = 0.7579739689826965, Train_Err = 22.37
root: Val_Loss = 1.1272125244140625, Val_Err = 29.03
root: Epoch: [47 | 300]
root: Train_Loss = 0.7518777251243591, Train_Err = 21.98
root: Val_Loss = 1.1877765655517578, Val_Err = 29.19
root: Epoch: [48 | 300]
root: Train_Loss = 0.743362307548523, Train_Err = 21.732
root: Val_Loss = 1.1002825498580933, Val_Err = 28.95
root: Epoch: [49 | 300]
root: Train_Loss = 0.7285820245742798, Train_Err = 21.378
root: Val_Loss = 1.1146697998046875, Val_Err = 28.12
root: Epoch: [50 | 300]
root: Train_Loss = 0.7282462120056152, Train_Err = 21.26
root: Val_Loss = 1.1343510150909424, Val_Err = 28.86
root: Epoch: [51 | 300]
root: Train_Loss = 0.7135363221168518, Train_Err = 20.888
root: Val_Loss = 1.155052900314331, Val_Err = 29.06
root: Epoch: [52 | 300]
root: Train_Loss = 0.7091936469078064, Train_Err = 20.856
root: Val_Loss = 1.0759882926940918, Val_Err = 27.54
root: Epoch: [53 | 300]
root: Train_Loss = 0.710497260093689, Train_Err = 20.702
root: Val_Loss = 1.074349284172058, Val_Err = 27.68
root: Epoch: [54 | 300]
root: Train_Loss = 0.7039476633071899, Train_Err = 20.61
root: Val_Loss = 1.063427448272705, Val_Err = 26.83
root: Epoch: [55 | 300]
root: Train_Loss = 0.6980592012405396, Train_Err = 20.506
root: Val_Loss = 1.140074610710144, Val_Err = 29.82
root: Epoch: [56 | 300]
root: Train_Loss = 0.6845622658729553, Train_Err = 20.066
root: Val_Loss = 1.151559591293335, Val_Err = 29.1
root: Epoch: [57 | 300]
root: Train_Loss = 0.6847550868988037, Train_Err = 20.014
root: Val_Loss = 1.0791562795639038, Val_Err = 27.43
root: Epoch: [58 | 300]
root: Train_Loss = 0.6736041903495789, Train_Err = 19.868
root: Val_Loss = 1.0960496664047241, Val_Err = 27.86
root: Epoch: [59 | 300]
root: Train_Loss = 0.6818644404411316, Train_Err = 20.056
root: Val_Loss = 1.0924274921417236, Val_Err = 27.75
root: Epoch: [60 | 300]
root: Train_Loss = 0.6611619591712952, Train_Err = 19.476
root: Val_Loss = 1.0423376560211182, Val_Err = 26.94
root: Epoch: [61 | 300]
root: Train_Loss = 0.6773776412010193, Train_Err = 20.044
root: Val_Loss = 1.0875815153121948, Val_Err = 28.04
root: Epoch: [62 | 300]
root: Train_Loss = 0.6545482277870178, Train_Err = 19.276
root: Val_Loss = 1.0872948169708252, Val_Err = 27.49
root: Epoch: [63 | 300]
root: Train_Loss = 0.6596075892448425, Train_Err = 19.34
root: Val_Loss = 1.0964374542236328, Val_Err = 27.85
root: Epoch: [64 | 300]
root: Train_Loss = 0.6496365666389465, Train_Err = 19.138
root: Val_Loss = 1.0544484853744507, Val_Err = 26.43
root: Epoch: [65 | 300]
root: Train_Loss = 0.6405832767486572, Train_Err = 18.56
root: Val_Loss = 1.0987714529037476, Val_Err = 27.52
root: Epoch: [66 | 300]
root: Train_Loss = 0.6394191980361938, Train_Err = 18.808
root: Val_Loss = 1.2281653881072998, Val_Err = 28.56
root: Epoch: [67 | 300]
root: Train_Loss = 0.6438360214233398, Train_Err = 18.728
root: Val_Loss = 1.1906929016113281, Val_Err = 28.96
root: Epoch: [68 | 300]
root: Train_Loss = 0.633934497833252, Train_Err = 18.66
root: Val_Loss = 1.3017897605895996, Val_Err = 31.25
root: Epoch: [69 | 300]
root: Train_Loss = 0.6417647004127502, Train_Err = 18.628
root: Val_Loss = 1.2083735466003418, Val_Err = 29.49
root: Epoch: [70 | 300]
root: Train_Loss = 0.6233083605766296, Train_Err = 18.478
root: Val_Loss = 1.2014985084533691, Val_Err = 27.96
root: Epoch: [71 | 300]
root: Train_Loss = 0.635141134262085, Train_Err = 18.752
root: Val_Loss = 1.0335383415222168, Val_Err = 26.63
root: Epoch: [72 | 300]
root: Train_Loss = 0.6258994936943054, Train_Err = 18.402
root: Val_Loss = 1.1062326431274414, Val_Err = 27.22
root: Epoch: [73 | 300]
root: Train_Loss = 0.618920624256134, Train_Err = 18.174
root: Val_Loss = 1.137123703956604, Val_Err = 27.49
root: Epoch: [74 | 300]
root: Train_Loss = 0.6172587871551514, Train_Err = 18.402
root: Val_Loss = 1.0796023607254028, Val_Err = 26.72
root: Epoch: [75 | 300]
root: Train_Loss = 0.6060459017753601, Train_Err = 17.848
root: Val_Loss = 1.1763179302215576, Val_Err = 28.09
root: Epoch: [76 | 300]
root: Train_Loss = 0.607812225818634, Train_Err = 17.952
root: Val_Loss = 1.0554172992706299, Val_Err = 26.51
root: Epoch: [77 | 300]
root: Train_Loss = 0.6066311597824097, Train_Err = 17.824
root: Val_Loss = 1.148069977760315, Val_Err = 28.63
root: Epoch: [78 | 300]
root: Train_Loss = 0.6096792221069336, Train_Err = 18.116
root: Val_Loss = 1.096028447151184, Val_Err = 26.7
root: Epoch: [79 | 300]
root: Train_Loss = 0.596260130405426, Train_Err = 17.614
root: Val_Loss = 1.1826146841049194, Val_Err = 27.59
root: Epoch: [80 | 300]
root: Train_Loss = 0.5962004065513611, Train_Err = 17.726
root: Val_Loss = 1.189949631690979, Val_Err = 28.29
root: Epoch: [81 | 300]
root: Train_Loss = 0.5986278057098389, Train_Err = 17.66
root: Val_Loss = 1.0600870847702026, Val_Err = 26.73
root: Epoch: [82 | 300]
root: Train_Loss = 0.5862827897071838, Train_Err = 17.09
root: Val_Loss = 1.0595283508300781, Val_Err = 26.3
root: Epoch: [83 | 300]
root: Train_Loss = 0.5840533971786499, Train_Err = 17.188
root: Val_Loss = 1.1761304140090942, Val_Err = 28.04
root: Epoch: [84 | 300]
root: Train_Loss = 0.5896134376525879, Train_Err = 17.364
root: Val_Loss = 1.1655184030532837, Val_Err = 28.36
root: Epoch: [85 | 300]
root: Train_Loss = 0.5838693976402283, Train_Err = 17.366
root: Val_Loss = 1.042330265045166, Val_Err = 25.99
root: Epoch: [86 | 300]
root: Train_Loss = 0.5763291716575623, Train_Err = 16.99
root: Val_Loss = 1.0808002948760986, Val_Err = 26.8
root: Epoch: [87 | 300]
root: Train_Loss = 0.5772227048873901, Train_Err = 16.846
root: Val_Loss = 1.0653101205825806, Val_Err = 26.3
root: Epoch: [88 | 300]
root: Train_Loss = 0.5692856311798096, Train_Err = 16.724
root: Val_Loss = 1.1481513977050781, Val_Err = 27.85
root: Epoch: [89 | 300]
root: Train_Loss = 0.5719017386436462, Train_Err = 16.828
root: Val_Loss = 1.1175884008407593, Val_Err = 27.44
root: Epoch: [90 | 300]
root: Train_Loss = 0.5675992965698242, Train_Err = 16.648
root: Val_Loss = 1.2052010297775269, Val_Err = 29.14
root: Epoch: [91 | 300]
root: Train_Loss = 0.5722485184669495, Train_Err = 16.626
root: Val_Loss = 1.0843701362609863, Val_Err = 26.81
root: Epoch: [92 | 300]
root: Train_Loss = 0.5634867548942566, Train_Err = 16.418
root: Val_Loss = 1.0464370250701904, Val_Err = 26.81
root: Epoch: [93 | 300]
root: Train_Loss = 0.563713550567627, Train_Err = 16.578
root: Val_Loss = 1.1604399681091309, Val_Err = 27.35
root: Epoch: [94 | 300]
root: Train_Loss = 0.5517289042472839, Train_Err = 16.188
root: Val_Loss = 1.0376107692718506, Val_Err = 26.08
root: Epoch: [95 | 300]
root: Train_Loss = 0.5531420707702637, Train_Err = 16.44
root: Val_Loss = 1.057889461517334, Val_Err = 26.55
root: Epoch: [96 | 300]
root: Train_Loss = 0.5624914169311523, Train_Err = 16.568
root: Val_Loss = 1.1839178800582886, Val_Err = 28.11
root: Epoch: [97 | 300]
root: Train_Loss = 0.5585980415344238, Train_Err = 16.376
root: Val_Loss = 1.0520156621932983, Val_Err = 26.52
root: Epoch: [98 | 300]
root: Train_Loss = 0.5591185092926025, Train_Err = 16.406
root: Val_Loss = 1.067400574684143, Val_Err = 26.78
root: Epoch: [99 | 300]
root: Train_Loss = 0.5356684923171997, Train_Err = 15.7
root: Val_Loss = 1.112725019454956, Val_Err = 27.16
root: Epoch: [100 | 300]
root: Train_Loss = 0.5456126928329468, Train_Err = 16.032
root: Val_Loss = 1.1178185939788818, Val_Err = 27.32
root: Epoch: [101 | 300]
root: Train_Loss = 0.5502176284790039, Train_Err = 16.102
root: Val_Loss = 1.157078504562378, Val_Err = 28.15
root: Epoch: [102 | 300]
root: Train_Loss = 0.5432028770446777, Train_Err = 15.928
root: Val_Loss = 1.1625350713729858, Val_Err = 27.02
root: Epoch: [103 | 300]
root: Train_Loss = 0.5509878396987915, Train_Err = 16.24
root: Val_Loss = 1.2657828330993652, Val_Err = 29.68
root: Epoch: [104 | 300]
root: Train_Loss = 0.5426541566848755, Train_Err = 15.918
root: Val_Loss = 1.1832996606826782, Val_Err = 27.3
root: Epoch: [105 | 300]
root: Train_Loss = 0.5288023948669434, Train_Err = 15.412
root: Val_Loss = 1.09014892578125, Val_Err = 26.62
root: Epoch: [106 | 300]
root: Train_Loss = 0.5387376546859741, Train_Err = 15.786
root: Val_Loss = 1.0770577192306519, Val_Err = 26.1
root: Epoch: [107 | 300]
root: Train_Loss = 0.5335157513618469, Train_Err = 15.858
root: Val_Loss = 1.0888031721115112, Val_Err = 27.16
root: Epoch: [108 | 300]
root: Train_Loss = 0.53767329454422, Train_Err = 15.838
root: Val_Loss = 1.0734931230545044, Val_Err = 26.27
root: Epoch: [109 | 300]
root: Train_Loss = 0.5396766662597656, Train_Err = 15.894
root: Val_Loss = 1.171515941619873, Val_Err = 27.16
root: Epoch: [110 | 300]
root: Train_Loss = 0.5248841643333435, Train_Err = 15.316
root: Val_Loss = 1.1451648473739624, Val_Err = 27.36
root: Epoch: [111 | 300]
root: Train_Loss = 0.5254251956939697, Train_Err = 15.492
root: Val_Loss = 1.1357498168945312, Val_Err = 26.58
root: Epoch: [112 | 300]
root: Train_Loss = 0.5306304693222046, Train_Err = 15.602
root: Val_Loss = 1.1451014280319214, Val_Err = 27.07
root: Epoch: [113 | 300]
root: Train_Loss = 0.5202102661132812, Train_Err = 15.368
root: Val_Loss = 1.057207703590393, Val_Err = 25.77
root: Epoch: [114 | 300]
root: Train_Loss = 0.522197425365448, Train_Err = 15.296
root: Val_Loss = 1.20780611038208, Val_Err = 27.96
root: Epoch: [115 | 300]
root: Train_Loss = 0.5120542049407959, Train_Err = 15.044
root: Val_Loss = 1.1329491138458252, Val_Err = 26.64
root: Epoch: [116 | 300]
root: Train_Loss = 0.5322543978691101, Train_Err = 15.656
root: Val_Loss = 1.0641684532165527, Val_Err = 26.33
root: Epoch: [117 | 300]
root: Train_Loss = 0.5164237022399902, Train_Err = 15.004
root: Val_Loss = 1.1667602062225342, Val_Err = 27.23
root: Epoch: [118 | 300]
root: Train_Loss = 0.515278160572052, Train_Err = 15.312
root: Val_Loss = 1.0744950771331787, Val_Err = 26.72
root: Epoch: [119 | 300]
root: Train_Loss = 0.5194247364997864, Train_Err = 15.234
root: Val_Loss = 1.1337566375732422, Val_Err = 27.27
root: Epoch: [120 | 300]
root: Train_Loss = 0.5137531757354736, Train_Err = 15.066
root: Val_Loss = 1.0936760902404785, Val_Err = 26.67
root: Epoch: [121 | 300]
root: Train_Loss = 0.5157492160797119, Train_Err = 15.254
root: Val_Loss = 1.0548996925354004, Val_Err = 25.12
root: Epoch: [122 | 300]
root: Train_Loss = 0.5123130083084106, Train_Err = 14.9
root: Val_Loss = 1.1518476009368896, Val_Err = 27.53
root: Epoch: [123 | 300]
root: Train_Loss = 0.5103265047073364, Train_Err = 14.99
root: Val_Loss = 1.1008294820785522, Val_Err = 26.42
root: Epoch: [124 | 300]
root: Train_Loss = 0.5142468810081482, Train_Err = 15.082
root: Val_Loss = 1.0479298830032349, Val_Err = 25.47
root: Epoch: [125 | 300]
root: Train_Loss = 0.5106407403945923, Train_Err = 14.904
root: Val_Loss = 1.0865415334701538, Val_Err = 26.34
root: Epoch: [126 | 300]
root: Train_Loss = 0.5125588178634644, Train_Err = 14.994
root: Val_Loss = 1.0967721939086914, Val_Err = 25.68
root: Epoch: [127 | 300]
root: Train_Loss = 0.5055651664733887, Train_Err = 14.774
root: Val_Loss = 1.1582123041152954, Val_Err = 27.0
root: Epoch: [128 | 300]
root: Train_Loss = 0.5017253160476685, Train_Err = 14.72
root: Val_Loss = 1.1522217988967896, Val_Err = 27.62
root: Epoch: [129 | 300]
root: Train_Loss = 0.5000708699226379, Train_Err = 14.516
root: Val_Loss = 1.1750457286834717, Val_Err = 27.31
root: Epoch: [130 | 300]
root: Train_Loss = 0.5069367289543152, Train_Err = 15.004
root: Val_Loss = 1.059243083000183, Val_Err = 25.57
root: Epoch: [131 | 300]
root: Train_Loss = 0.4975714385509491, Train_Err = 14.554
root: Val_Loss = 1.0620900392532349, Val_Err = 25.67
root: Epoch: [132 | 300]
root: Train_Loss = 0.5113417506217957, Train_Err = 14.91
root: Val_Loss = 1.0325770378112793, Val_Err = 25.43
root: Epoch: [133 | 300]
root: Train_Loss = 0.4973500967025757, Train_Err = 14.628
root: Val_Loss = 1.1440733671188354, Val_Err = 26.94
root: Epoch: [134 | 300]
root: Train_Loss = 0.4916857182979584, Train_Err = 14.548
root: Val_Loss = 1.1069526672363281, Val_Err = 26.33
root: Epoch: [135 | 300]
root: Train_Loss = 0.5144501328468323, Train_Err = 15.122
root: Val_Loss = 1.0395036935806274, Val_Err = 25.82
root: Epoch: [136 | 300]
root: Train_Loss = 0.4965361952781677, Train_Err = 14.584
root: Val_Loss = 1.051712989807129, Val_Err = 25.68
root: Epoch: [137 | 300]
root: Train_Loss = 0.49489519000053406, Train_Err = 14.478
root: Val_Loss = 1.0933077335357666, Val_Err = 26.86
root: Epoch: [138 | 300]
root: Train_Loss = 0.4905150234699249, Train_Err = 14.26
root: Val_Loss = 1.0085996389389038, Val_Err = 24.52
root: Epoch: [139 | 300]
root: Train_Loss = 0.49592480063438416, Train_Err = 14.49
root: Val_Loss = 1.1358449459075928, Val_Err = 26.31
root: Epoch: [140 | 300]
root: Train_Loss = 0.49071890115737915, Train_Err = 14.242
root: Val_Loss = 1.0667030811309814, Val_Err = 25.77
root: Epoch: [141 | 300]
root: Train_Loss = 0.49385976791381836, Train_Err = 14.532
root: Val_Loss = 1.0826417207717896, Val_Err = 25.47
root: Epoch: [142 | 300]
root: Train_Loss = 0.4837179183959961, Train_Err = 14.092
root: Val_Loss = 1.0403133630752563, Val_Err = 25.26
root: Epoch: [143 | 300]
root: Train_Loss = 0.4941161274909973, Train_Err = 14.448
root: Val_Loss = 1.151667594909668, Val_Err = 26.52
root: Epoch: [144 | 300]
root: Train_Loss = 0.4851848781108856, Train_Err = 14.262
root: Val_Loss = 1.0818678140640259, Val_Err = 26.62
root: Epoch: [145 | 300]
root: Train_Loss = 0.4800645709037781, Train_Err = 14.116
root: Val_Loss = 1.134185791015625, Val_Err = 25.82
root: Epoch: [146 | 300]
root: Train_Loss = 0.4861263930797577, Train_Err = 14.414
root: Val_Loss = 1.1464835405349731, Val_Err = 26.96
root: Epoch: [147 | 300]
root: Train_Loss = 0.4883354604244232, Train_Err = 14.324
root: Val_Loss = 1.0752613544464111, Val_Err = 26.13
root: Epoch: [148 | 300]
root: Train_Loss = 0.4793041944503784, Train_Err = 14.01
root: Val_Loss = 1.1184850931167603, Val_Err = 26.08
root: Epoch: [149 | 300]
root: Train_Loss = 0.4860824942588806, Train_Err = 14.192
root: Val_Loss = 1.0402722358703613, Val_Err = 25.39
root: Epoch: [150 | 300]
root: Train_Loss = 0.2872134745121002, Train_Err = 7.858
root: Val_Loss = 0.7108832001686096, Val_Err = 17.99
root: Epoch: [151 | 300]
root: Train_Loss = 0.21875309944152832, Train_Err = 5.746
root: Val_Loss = 0.6903111338615417, Val_Err = 17.53
root: Epoch: [152 | 300]
root: Train_Loss = 0.19211970269680023, Train_Err = 4.962
root: Val_Loss = 0.6803511381149292, Val_Err = 17.06
root: Epoch: [153 | 300]
root: Train_Loss = 0.18769027292728424, Train_Err = 4.868
root: Val_Loss = 0.6787461042404175, Val_Err = 17.17
root: Epoch: [154 | 300]
root: Train_Loss = 0.18226677179336548, Train_Err = 4.79
root: Val_Loss = 0.6778683066368103, Val_Err = 17.08
root: Epoch: [155 | 300]
root: Train_Loss = 0.16971102356910706, Train_Err = 4.444
root: Val_Loss = 0.6761438250541687, Val_Err = 16.91
root: Epoch: [156 | 300]
root: Train_Loss = 0.16879187524318695, Train_Err = 4.39
root: Val_Loss = 0.6756500005722046, Val_Err = 16.53
root: Epoch: [157 | 300]
root: Train_Loss = 0.16096167266368866, Train_Err = 4.134
root: Val_Loss = 0.6815100312232971, Val_Err = 16.91
root: Epoch: [158 | 300]
root: Train_Loss = 0.16090834140777588, Train_Err = 4.086
root: Val_Loss = 0.6742691993713379, Val_Err = 16.74
root: Epoch: [159 | 300]
root: Train_Loss = 0.1530105024576187, Train_Err = 3.844
root: Val_Loss = 0.6805263757705688, Val_Err = 16.93
root: Epoch: [160 | 300]
root: Train_Loss = 0.15448345243930817, Train_Err = 3.95
root: Val_Loss = 0.6714642643928528, Val_Err = 16.89
root: Epoch: [161 | 300]
root: Train_Loss = 0.14689473807811737, Train_Err = 3.708
root: Val_Loss = 0.6646853685379028, Val_Err = 16.63
root: Epoch: [162 | 300]
root: Train_Loss = 0.14644969999790192, Train_Err = 3.796
root: Val_Loss = 0.6662060618400574, Val_Err = 16.5
root: Epoch: [163 | 300]
root: Train_Loss = 0.14574941992759705, Train_Err = 3.746
root: Val_Loss = 0.6732217669487, Val_Err = 16.5
root: Epoch: [164 | 300]
root: Train_Loss = 0.14329972863197327, Train_Err = 3.67
root: Val_Loss = 0.6681739687919617, Val_Err = 16.41
root: Epoch: [165 | 300]
root: Train_Loss = 0.14519566297531128, Train_Err = 3.686
root: Val_Loss = 0.6685494780540466, Val_Err = 16.75
root: Epoch: [166 | 300]
root: Train_Loss = 0.13659168779850006, Train_Err = 3.48
root: Val_Loss = 0.6668997406959534, Val_Err = 16.58
root: Epoch: [167 | 300]
root: Train_Loss = 0.13738849759101868, Train_Err = 3.482
root: Val_Loss = 0.6678069829940796, Val_Err = 16.92
root: Epoch: [168 | 300]
root: Train_Loss = 0.139496847987175, Train_Err = 3.558
root: Val_Loss = 0.6733238697052002, Val_Err = 16.82
root: Epoch: [169 | 300]
root: Train_Loss = 0.13761182129383087, Train_Err = 3.46
root: Val_Loss = 0.6672449707984924, Val_Err = 16.59
root: Epoch: [170 | 300]
root: Train_Loss = 0.13774780929088593, Train_Err = 3.536
root: Val_Loss = 0.6686125993728638, Val_Err = 16.79
root: Epoch: [171 | 300]
root: Train_Loss = 0.13414928317070007, Train_Err = 3.392
root: Val_Loss = 0.6702563762664795, Val_Err = 16.87
root: Epoch: [172 | 300]
root: Train_Loss = 0.1345050036907196, Train_Err = 3.392
root: Val_Loss = 0.6636840105056763, Val_Err = 16.69
root: Epoch: [173 | 300]
root: Train_Loss = 0.13191859424114227, Train_Err = 3.372
root: Val_Loss = 0.6663528084754944, Val_Err = 16.54
root: Epoch: [174 | 300]
root: Train_Loss = 0.13129763305187225, Train_Err = 3.39
root: Val_Loss = 0.660341203212738, Val_Err = 16.35
root: Epoch: [175 | 300]
root: Train_Loss = 0.131879985332489, Train_Err = 3.316
root: Val_Loss = 0.66532301902771, Val_Err = 16.56
root: Epoch: [176 | 300]
root: Train_Loss = 0.13134229183197021, Train_Err = 3.364
root: Val_Loss = 0.6600282788276672, Val_Err = 16.27
root: Epoch: [177 | 300]
root: Train_Loss = 0.1313128024339676, Train_Err = 3.314
root: Val_Loss = 0.6714875102043152, Val_Err = 16.92
root: Epoch: [178 | 300]
root: Train_Loss = 0.12951339781284332, Train_Err = 3.302
root: Val_Loss = 0.6688261032104492, Val_Err = 16.85
root: Epoch: [179 | 300]
root: Train_Loss = 0.12929031252861023, Train_Err = 3.304
root: Val_Loss = 0.6605910062789917, Val_Err = 16.51
root: Epoch: [180 | 300]
root: Train_Loss = 0.12757015228271484, Train_Err = 3.328
root: Val_Loss = 0.6698757410049438, Val_Err = 16.69
root: Epoch: [181 | 300]
root: Train_Loss = 0.13286663591861725, Train_Err = 3.378
root: Val_Loss = 0.6682307720184326, Val_Err = 16.74
root: Epoch: [182 | 300]
root: Train_Loss = 0.126912459731102, Train_Err = 3.256
root: Val_Loss = 0.6602338552474976, Val_Err = 16.62
root: Epoch: [183 | 300]
root: Train_Loss = 0.1223052516579628, Train_Err = 3.12
root: Val_Loss = 0.6605098247528076, Val_Err = 16.52
root: Epoch: [184 | 300]
root: Train_Loss = 0.12854063510894775, Train_Err = 3.182
root: Val_Loss = 0.6603512763977051, Val_Err = 16.64
root: Epoch: [185 | 300]
root: Train_Loss = 0.13074541091918945, Train_Err = 3.316
root: Val_Loss = 0.6568687558174133, Val_Err = 16.5
root: Epoch: [186 | 300]
root: Train_Loss = 0.12292122095823288, Train_Err = 3.14
root: Val_Loss = 0.652138888835907, Val_Err = 16.49
root: Epoch: [187 | 300]
root: Train_Loss = 0.1281418800354004, Train_Err = 3.24
root: Val_Loss = 0.6678142547607422, Val_Err = 16.61
root: Epoch: [188 | 300]
root: Train_Loss = 0.1258440911769867, Train_Err = 3.27
root: Val_Loss = 0.6637735366821289, Val_Err = 16.85
root: Epoch: [189 | 300]
root: Train_Loss = 0.12157192826271057, Train_Err = 3.102
root: Val_Loss = 0.6604180932044983, Val_Err = 16.62
root: Epoch: [190 | 300]
root: Train_Loss = 0.12112116813659668, Train_Err = 3.126
root: Val_Loss = 0.6569889187812805, Val_Err = 16.81
root: Epoch: [191 | 300]
root: Train_Loss = 0.12115463614463806, Train_Err = 3.028
root: Val_Loss = 0.6655593514442444, Val_Err = 17.01
root: Epoch: [192 | 300]
root: Train_Loss = 0.11731687188148499, Train_Err = 3.014
root: Val_Loss = 0.6601672172546387, Val_Err = 16.74
root: Epoch: [193 | 300]
root: Train_Loss = 0.12171193212270737, Train_Err = 3.044
root: Val_Loss = 0.6595996022224426, Val_Err = 16.98
root: Epoch: [194 | 300]
root: Train_Loss = 0.11981240659952164, Train_Err = 3.0
root: Val_Loss = 0.6608834862709045, Val_Err = 16.76
root: Epoch: [195 | 300]
root: Train_Loss = 0.1229332983493805, Train_Err = 3.084
root: Val_Loss = 0.663098156452179, Val_Err = 16.89
root: Epoch: [196 | 300]
root: Train_Loss = 0.12480112165212631, Train_Err = 3.126
root: Val_Loss = 0.670138418674469, Val_Err = 16.9
root: Epoch: [197 | 300]
root: Train_Loss = 0.11840561032295227, Train_Err = 2.928
root: Val_Loss = 0.6621204614639282, Val_Err = 16.71
root: Epoch: [198 | 300]
root: Train_Loss = 0.11881579458713531, Train_Err = 2.966
root: Val_Loss = 0.6671901941299438, Val_Err = 17.05
root: Epoch: [199 | 300]
root: Train_Loss = 0.11657903343439102, Train_Err = 2.914
root: Val_Loss = 0.65120530128479, Val_Err = 16.34
root: Epoch: [200 | 300]
root: Train_Loss = 0.12309983372688293, Train_Err = 3.11
root: Val_Loss = 0.6641743779182434, Val_Err = 16.91
root: Epoch: [201 | 300]
root: Train_Loss = 0.12006106972694397, Train_Err = 3.0
root: Val_Loss = 0.662449061870575, Val_Err = 16.99
root: Epoch: [202 | 300]
root: Train_Loss = 0.11703759431838989, Train_Err = 2.924
root: Val_Loss = 0.654790461063385, Val_Err = 16.82
root: Epoch: [203 | 300]
root: Train_Loss = 0.11701484024524689, Train_Err = 2.966
root: Val_Loss = 0.6582766771316528, Val_Err = 16.67
root: Epoch: [204 | 300]
root: Train_Loss = 0.12345270067453384, Train_Err = 3.164
root: Val_Loss = 0.6574035286903381, Val_Err = 16.9
root: Epoch: [205 | 300]
root: Train_Loss = 0.11764826625585556, Train_Err = 2.998
root: Val_Loss = 0.6521470546722412, Val_Err = 16.91
root: Epoch: [206 | 300]
root: Train_Loss = 0.11911862343549728, Train_Err = 2.972
root: Val_Loss = 0.6583285927772522, Val_Err = 17.02
root: Epoch: [207 | 300]
root: Train_Loss = 0.11882808059453964, Train_Err = 2.952
root: Val_Loss = 0.6606997847557068, Val_Err = 16.92
root: Epoch: [208 | 300]
root: Train_Loss = 0.11230055242776871, Train_Err = 2.804
root: Val_Loss = 0.660068690776825, Val_Err = 16.66
root: Epoch: [209 | 300]
root: Train_Loss = 0.12246230244636536, Train_Err = 3.06
root: Val_Loss = 0.6602569222450256, Val_Err = 16.75
root: Epoch: [210 | 300]
root: Train_Loss = 0.11410049349069595, Train_Err = 2.864
root: Val_Loss = 0.6600572466850281, Val_Err = 16.82
root: Epoch: [211 | 300]
root: Train_Loss = 0.1124098151922226, Train_Err = 2.814
root: Val_Loss = 0.666497528553009, Val_Err = 16.54
root: Epoch: [212 | 300]
root: Train_Loss = 0.11599323898553848, Train_Err = 2.882
root: Val_Loss = 0.6571139693260193, Val_Err = 16.98
root: Epoch: [213 | 300]
root: Train_Loss = 0.11669835448265076, Train_Err = 2.986
root: Val_Loss = 0.669678807258606, Val_Err = 16.78
root: Epoch: [214 | 300]
root: Train_Loss = 0.11699555069208145, Train_Err = 2.998
root: Val_Loss = 0.6663016080856323, Val_Err = 16.99
root: Epoch: [215 | 300]
root: Train_Loss = 0.11420945078134537, Train_Err = 2.93
root: Val_Loss = 0.6622530221939087, Val_Err = 16.66
root: Epoch: [216 | 300]
root: Train_Loss = 0.11185082048177719, Train_Err = 2.808
root: Val_Loss = 0.667671799659729, Val_Err = 16.49
root: Epoch: [217 | 300]
root: Train_Loss = 0.12201264500617981, Train_Err = 2.952
root: Val_Loss = 0.6673258543014526, Val_Err = 16.97
root: Epoch: [218 | 300]
root: Train_Loss = 0.11158189177513123, Train_Err = 2.818
root: Val_Loss = 0.6669900417327881, Val_Err = 17.13
root: Epoch: [219 | 300]
root: Train_Loss = 0.12200057506561279, Train_Err = 3.032
root: Val_Loss = 0.6529523730278015, Val_Err = 16.77
root: Epoch: [220 | 300]
root: Train_Loss = 0.11438614875078201, Train_Err = 2.832
root: Val_Loss = 0.6537739038467407, Val_Err = 16.98
root: Epoch: [221 | 300]
root: Train_Loss = 0.11221981793642044, Train_Err = 2.796
root: Val_Loss = 0.6486483812332153, Val_Err = 16.75
root: Epoch: [222 | 300]
root: Train_Loss = 0.1161944717168808, Train_Err = 2.886
root: Val_Loss = 0.650063693523407, Val_Err = 16.94
root: Epoch: [223 | 300]
root: Train_Loss = 0.11089865863323212, Train_Err = 2.754
root: Val_Loss = 0.6539510488510132, Val_Err = 16.59
root: Epoch: [224 | 300]
root: Train_Loss = 0.11383752524852753, Train_Err = 2.888
root: Val_Loss = 0.6508288979530334, Val_Err = 16.61
root: Epoch: [225 | 300]
root: Train_Loss = 0.11410099267959595, Train_Err = 2.848
root: Val_Loss = 0.6443996429443359, Val_Err = 16.45
root: Epoch: [226 | 300]
root: Train_Loss = 0.10834085941314697, Train_Err = 2.678
root: Val_Loss = 0.6400833129882812, Val_Err = 16.3
root: Epoch: [227 | 300]
root: Train_Loss = 0.10543613135814667, Train_Err = 2.62
root: Val_Loss = 0.6404919028282166, Val_Err = 16.41
root: Epoch: [228 | 300]
root: Train_Loss = 0.10419515520334244, Train_Err = 2.598
root: Val_Loss = 0.6361270546913147, Val_Err = 16.36
root: Epoch: [229 | 300]
root: Train_Loss = 0.10320539027452469, Train_Err = 2.532
root: Val_Loss = 0.6334520578384399, Val_Err = 16.32
root: Epoch: [230 | 300]
root: Train_Loss = 0.1014629676938057, Train_Err = 2.466
root: Val_Loss = 0.6369362473487854, Val_Err = 16.18
root: Epoch: [231 | 300]
root: Train_Loss = 0.10618512332439423, Train_Err = 2.58
root: Val_Loss = 0.6345103979110718, Val_Err = 16.22
root: Epoch: [232 | 300]
root: Train_Loss = 0.10024949908256531, Train_Err = 2.514
root: Val_Loss = 0.6323831677436829, Val_Err = 15.96
root: Epoch: [233 | 300]
root: Train_Loss = 0.09989011287689209, Train_Err = 2.486
root: Val_Loss = 0.6332241296768188, Val_Err = 16.24
root: Epoch: [234 | 300]
root: Train_Loss = 0.10136223584413528, Train_Err = 2.434
root: Val_Loss = 0.6307742595672607, Val_Err = 16.23
root: Epoch: [235 | 300]
root: Train_Loss = 0.09848309308290482, Train_Err = 2.454
root: Val_Loss = 0.6330317854881287, Val_Err = 16.4
root: Epoch: [236 | 300]
root: Train_Loss = 0.098253533244133, Train_Err = 2.438
root: Val_Loss = 0.6294286251068115, Val_Err = 16.15
root: Epoch: [237 | 300]
root: Train_Loss = 0.10196180641651154, Train_Err = 2.518
root: Val_Loss = 0.6300172209739685, Val_Err = 16.08
root: Epoch: [238 | 300]
root: Train_Loss = 0.0998467355966568, Train_Err = 2.498
root: Val_Loss = 0.625325620174408, Val_Err = 16.13
root: Epoch: [239 | 300]
root: Train_Loss = 0.09917999804019928, Train_Err = 2.432
root: Val_Loss = 0.6277865767478943, Val_Err = 16.1
root: Epoch: [240 | 300]
root: Train_Loss = 0.09787070006132126, Train_Err = 2.482
root: Val_Loss = 0.6256900429725647, Val_Err = 16.11
root: Epoch: [241 | 300]
root: Train_Loss = 0.10140643268823624, Train_Err = 2.524
root: Val_Loss = 0.6318872570991516, Val_Err = 16.19
root: Epoch: [242 | 300]
root: Train_Loss = 0.10163501650094986, Train_Err = 2.462
root: Val_Loss = 0.6290630102157593, Val_Err = 16.11
root: Epoch: [243 | 300]
root: Train_Loss = 0.09968912601470947, Train_Err = 2.476
root: Val_Loss = 0.6290714740753174, Val_Err = 16.25
root: Epoch: [244 | 300]
root: Train_Loss = 0.10021024942398071, Train_Err = 2.472
root: Val_Loss = 0.6282304525375366, Val_Err = 16.3
root: Epoch: [245 | 300]
root: Train_Loss = 0.09603181481361389, Train_Err = 2.394
root: Val_Loss = 0.6255480051040649, Val_Err = 16.18
root: Epoch: [246 | 300]
root: Train_Loss = 0.10163971781730652, Train_Err = 2.484
root: Val_Loss = 0.6226401329040527, Val_Err = 16.28
root: Epoch: [247 | 300]
root: Train_Loss = 0.0952870324254036, Train_Err = 2.376
root: Val_Loss = 0.6273245215415955, Val_Err = 16.25
root: Epoch: [248 | 300]
root: Train_Loss = 0.09628764539957047, Train_Err = 2.38
root: Val_Loss = 0.625619649887085, Val_Err = 16.2
root: Epoch: [249 | 300]
root: Train_Loss = 0.09816446900367737, Train_Err = 2.474
root: Val_Loss = 0.6251356601715088, Val_Err = 16.28
root: Epoch: [250 | 300]
root: Train_Loss = 0.09423759579658508, Train_Err = 2.334
root: Val_Loss = 0.6267619729042053, Val_Err = 16.23
root: Epoch: [251 | 300]
root: Train_Loss = 0.10231737792491913, Train_Err = 2.564
root: Val_Loss = 0.6281954646110535, Val_Err = 16.12
root: Epoch: [252 | 300]
root: Train_Loss = 0.09836988896131516, Train_Err = 2.496
root: Val_Loss = 0.6275874376296997, Val_Err = 16.16
root: Epoch: [253 | 300]
root: Train_Loss = 0.09262384474277496, Train_Err = 2.262
root: Val_Loss = 0.6249821186065674, Val_Err = 16.21
root: Epoch: [254 | 300]
root: Train_Loss = 0.09855078905820847, Train_Err = 2.444
root: Val_Loss = 0.6206441521644592, Val_Err = 16.14
root: Epoch: [255 | 300]
root: Train_Loss = 0.09655947238206863, Train_Err = 2.374
root: Val_Loss = 0.6227656602859497, Val_Err = 16.05
root: Epoch: [256 | 300]
root: Train_Loss = 0.09365249425172806, Train_Err = 2.312
root: Val_Loss = 0.6193047165870667, Val_Err = 15.98
root: Epoch: [257 | 300]
root: Train_Loss = 0.09606526792049408, Train_Err = 2.35
root: Val_Loss = 0.6214635372161865, Val_Err = 16.1
root: Epoch: [258 | 300]
root: Train_Loss = 0.09825508296489716, Train_Err = 2.438
root: Val_Loss = 0.6171107888221741, Val_Err = 15.94
root: Epoch: [259 | 300]
root: Train_Loss = 0.09148616343736649, Train_Err = 2.278
root: Val_Loss = 0.618269681930542, Val_Err = 16.02
root: Epoch: [260 | 300]
root: Train_Loss = 0.09703241288661957, Train_Err = 2.404
root: Val_Loss = 0.6195547580718994, Val_Err = 16.04
root: Epoch: [261 | 300]
root: Train_Loss = 0.09694482386112213, Train_Err = 2.452
root: Val_Loss = 0.6207531094551086, Val_Err = 16.17
root: Epoch: [262 | 300]
root: Train_Loss = 0.09257947653532028, Train_Err = 2.252
root: Val_Loss = 0.6194367408752441, Val_Err = 16.16
root: Epoch: [263 | 300]
root: Train_Loss = 0.09528276324272156, Train_Err = 2.468
root: Val_Loss = 0.6230484247207642, Val_Err = 16.37
root: Epoch: [264 | 300]
root: Train_Loss = 0.09712725132703781, Train_Err = 2.404
root: Val_Loss = 0.6206855773925781, Val_Err = 16.25
root: Epoch: [265 | 300]
root: Train_Loss = 0.09411115944385529, Train_Err = 2.344
root: Val_Loss = 0.6234776973724365, Val_Err = 16.18
root: Epoch: [266 | 300]
root: Train_Loss = 0.09674393385648727, Train_Err = 2.334
root: Val_Loss = 0.6213147640228271, Val_Err = 16.16
root: Epoch: [267 | 300]
root: Train_Loss = 0.09659644216299057, Train_Err = 2.396
root: Val_Loss = 0.6238139271736145, Val_Err = 16.11
root: Epoch: [268 | 300]
root: Train_Loss = 0.09417510777711868, Train_Err = 2.312
root: Val_Loss = 0.6198784708976746, Val_Err = 16.12
root: Epoch: [269 | 300]
root: Train_Loss = 0.08988112956285477, Train_Err = 2.222
root: Val_Loss = 0.6208384037017822, Val_Err = 16.19
root: Epoch: [270 | 300]
root: Train_Loss = 0.09372995048761368, Train_Err = 2.306
root: Val_Loss = 0.6194219589233398, Val_Err = 16.01
root: Epoch: [271 | 300]
root: Train_Loss = 0.0979948341846466, Train_Err = 2.442
root: Val_Loss = 0.6190662980079651, Val_Err = 16.38
root: Epoch: [272 | 300]
root: Train_Loss = 0.09486360102891922, Train_Err = 2.31
root: Val_Loss = 0.6180355548858643, Val_Err = 16.14
root: Epoch: [273 | 300]
root: Train_Loss = 0.09323373436927795, Train_Err = 2.344
root: Val_Loss = 0.6207920908927917, Val_Err = 16.09
root: Epoch: [274 | 300]
root: Train_Loss = 0.09645894914865494, Train_Err = 2.406
root: Val_Loss = 0.6187836527824402, Val_Err = 16.14
root: Epoch: [275 | 300]
root: Train_Loss = 0.09886794537305832, Train_Err = 2.456
root: Val_Loss = 0.6173973679542542, Val_Err = 16.09
root: Epoch: [276 | 300]
root: Train_Loss = 0.08785971254110336, Train_Err = 2.11
root: Val_Loss = 0.6191260814666748, Val_Err = 16.07
root: Epoch: [277 | 300]
root: Train_Loss = 0.09365684539079666, Train_Err = 2.348
root: Val_Loss = 0.618992269039154, Val_Err = 16.26
root: Epoch: [278 | 300]
root: Train_Loss = 0.0979897752404213, Train_Err = 2.456
root: Val_Loss = 0.6170908808708191, Val_Err = 16.1
root: Epoch: [279 | 300]
root: Train_Loss = 0.09192129969596863, Train_Err = 2.27
root: Val_Loss = 0.6173938512802124, Val_Err = 16.03
root: Epoch: [280 | 300]
root: Train_Loss = 0.09208977222442627, Train_Err = 2.3
root: Val_Loss = 0.618129551410675, Val_Err = 16.17
root: Epoch: [281 | 300]
root: Train_Loss = 0.09540773183107376, Train_Err = 2.344
root: Val_Loss = 0.6179158091545105, Val_Err = 16.11
root: Epoch: [282 | 300]
root: Train_Loss = 0.09772109240293503, Train_Err = 2.424
root: Val_Loss = 0.6182476878166199, Val_Err = 16.28
root: Epoch: [283 | 300]
root: Train_Loss = 0.09003107249736786, Train_Err = 2.212
root: Val_Loss = 0.6191307306289673, Val_Err = 16.13
root: Epoch: [284 | 300]
root: Train_Loss = 0.09822263568639755, Train_Err = 2.51
root: Val_Loss = 0.6194438934326172, Val_Err = 16.19
root: Epoch: [285 | 300]
root: Train_Loss = 0.09246481209993362, Train_Err = 2.282
root: Val_Loss = 0.6142867803573608, Val_Err = 16.1
root: Epoch: [286 | 300]
root: Train_Loss = 0.09515096247196198, Train_Err = 2.378
root: Val_Loss = 0.6153904795646667, Val_Err = 16.13
root: Epoch: [287 | 300]
root: Train_Loss = 0.09132018685340881, Train_Err = 2.276
root: Val_Loss = 0.6162295937538147, Val_Err = 16.21
root: Epoch: [288 | 300]
root: Train_Loss = 0.09409113973379135, Train_Err = 2.38
root: Val_Loss = 0.6186028718948364, Val_Err = 16.29
root: Epoch: [289 | 300]
root: Train_Loss = 0.09713481366634369, Train_Err = 2.488
root: Val_Loss = 0.6219655871391296, Val_Err = 16.3
root: Epoch: [290 | 300]
root: Train_Loss = 0.09701162576675415, Train_Err = 2.39
root: Val_Loss = 0.6197150349617004, Val_Err = 16.26
root: Epoch: [291 | 300]
root: Train_Loss = 0.09385386109352112, Train_Err = 2.25
root: Val_Loss = 0.6194589138031006, Val_Err = 16.31
root: Epoch: [292 | 300]
root: Train_Loss = 0.09231279790401459, Train_Err = 2.29
root: Val_Loss = 0.6208229064941406, Val_Err = 16.01
root: Epoch: [293 | 300]
root: Train_Loss = 0.09295845776796341, Train_Err = 2.302
root: Val_Loss = 0.621357798576355, Val_Err = 16.21
root: Epoch: [294 | 300]
root: Train_Loss = 0.09716841578483582, Train_Err = 2.398
root: Val_Loss = 0.6203266978263855, Val_Err = 16.27
root: Epoch: [295 | 300]
root: Train_Loss = 0.099452905356884, Train_Err = 2.406
root: Val_Loss = 0.6184148788452148, Val_Err = 16.05
root: Epoch: [296 | 300]
root: Train_Loss = 0.09366627782583237, Train_Err = 2.316
root: Val_Loss = 0.6167383790016174, Val_Err = 16.3
root: Epoch: [297 | 300]
root: Train_Loss = 0.0856463834643364, Train_Err = 2.156
root: Val_Loss = 0.6191297769546509, Val_Err = 16.21
root: Epoch: [298 | 300]
root: Train_Loss = 0.09223978221416473, Train_Err = 2.25
root: Val_Loss = 0.6193902492523193, Val_Err = 16.13
root: Epoch: [299 | 300]
root: Train_Loss = 0.0933709368109703, Train_Err = 2.336
root: Val_Loss = 0.6169798970222473, Val_Err = 16.12
