Namespace(bs=128, cp_dir='./checkpoints/cifar100/resnet101/smooth_out//run_ms_0', data_dir='./data/cifar100', dir='.', dtype='cifar100', ep=200, loadckp=None, lr=0.1, milestones=[100, 120], mo=0.9, ms=0, mtype='resnet101', n='cifar100/resnet101/smooth_out/', num_classes=100, print_freq=100, smooth_out_a=0.009, use_cuda=True, wd=0.0005)
Epoch: [0 | 200]
Phase:train -- Batch_idx:100/391-- 436.81 samples/sec-- Loss:5.49 -- Error1:98.76
Phase:train -- Batch_idx:200/391-- 446.67 samples/sec-- Loss:5.05 -- Error1:98.66
Phase:train -- Batch_idx:300/391-- 449.53 samples/sec-- Loss:4.89 -- Error1:98.61
Train_Loss = 4.8100043905639644, Train_Err = 98.526
Val_Loss = 4.530751425933838, Val_Err = 97.73
Epoch: [1 | 200]
Phase:train -- Batch_idx:100/391-- 450.14 samples/sec-- Loss:4.47 -- Error1:97.52
Phase:train -- Batch_idx:200/391-- 452.57 samples/sec-- Loss:4.41 -- Error1:97.11
Phase:train -- Batch_idx:300/391-- 453.41 samples/sec-- Loss:4.34 -- Error1:96.54
Train_Loss = 4.271339536132812, Train_Err = 96.014
Val_Loss = 4.012638919830322, Val_Err = 93.17
Epoch: [2 | 200]
Phase:train -- Batch_idx:100/391-- 450.68 samples/sec-- Loss:3.96 -- Error1:92.63
Phase:train -- Batch_idx:200/391-- 452.73 samples/sec-- Loss:3.93 -- Error1:92.18
Phase:train -- Batch_idx:300/391-- 453.45 samples/sec-- Loss:3.89 -- Error1:91.77
Train_Loss = 3.8483818921661377, Train_Err = 90.998
Val_Loss = 3.6917859535217286, Val_Err = 87.56
Epoch: [3 | 200]
Phase:train -- Batch_idx:100/391-- 450.35 samples/sec-- Loss:3.61 -- Error1:87.31
Phase:train -- Batch_idx:200/391-- 452.49 samples/sec-- Loss:3.57 -- Error1:86.63
Phase:train -- Batch_idx:300/391-- 453.19 samples/sec-- Loss:3.53 -- Error1:85.83
Train_Loss = 3.4994151867675782, Train_Err = 85.18
Val_Loss = 3.3351911506652834, Val_Err = 82.01
Epoch: [4 | 200]
Phase:train -- Batch_idx:100/391-- 450.69 samples/sec-- Loss:3.24 -- Error1:80.12
Phase:train -- Batch_idx:200/391-- 452.77 samples/sec-- Loss:3.22 -- Error1:79.78
Phase:train -- Batch_idx:300/391-- 453.46 samples/sec-- Loss:3.20 -- Error1:79.48
Train_Loss = 3.1559788988494875, Train_Err = 78.588
Val_Loss = 3.007777342605591, Val_Err = 75.38
Epoch: [5 | 200]
Phase:train -- Batch_idx:100/391-- 450.17 samples/sec-- Loss:2.93 -- Error1:74.70
Phase:train -- Batch_idx:200/391-- 452.38 samples/sec-- Loss:2.89 -- Error1:73.77
Phase:train -- Batch_idx:300/391-- 453.18 samples/sec-- Loss:2.87 -- Error1:73.27
Train_Loss = 2.849808459625244, Train_Err = 72.68
Val_Loss = 2.720197087097168, Val_Err = 70.18
Epoch: [6 | 200]
Phase:train -- Batch_idx:100/391-- 450.90 samples/sec-- Loss:2.62 -- Error1:68.11
Phase:train -- Batch_idx:200/391-- 453.03 samples/sec-- Loss:2.60 -- Error1:67.71
Phase:train -- Batch_idx:300/391-- 453.75 samples/sec-- Loss:2.57 -- Error1:66.91
Train_Loss = 2.5514469534301756, Train_Err = 66.508
Val_Loss = 2.543138523864746, Val_Err = 66.55
Epoch: [7 | 200]
Phase:train -- Batch_idx:100/391-- 450.90 samples/sec-- Loss:2.29 -- Error1:61.36
Phase:train -- Batch_idx:200/391-- 452.91 samples/sec-- Loss:2.27 -- Error1:60.79
Phase:train -- Batch_idx:300/391-- 453.62 samples/sec-- Loss:2.27 -- Error1:60.68
Train_Loss = 2.2535098879241944, Train_Err = 60.412
Val_Loss = 2.3885872497558593, Val_Err = 62.8
Epoch: [8 | 200]
Phase:train -- Batch_idx:100/391-- 451.09 samples/sec-- Loss:2.07 -- Error1:56.08
Phase:train -- Batch_idx:200/391-- 453.10 samples/sec-- Loss:2.06 -- Error1:56.21
Phase:train -- Batch_idx:300/391-- 453.78 samples/sec-- Loss:2.04 -- Error1:55.84
Train_Loss = 2.032399332008362, Train_Err = 55.55
Val_Loss = 2.235967137145996, Val_Err = 59.91
Epoch: [9 | 200]
Phase:train -- Batch_idx:100/391-- 450.92 samples/sec-- Loss:1.87 -- Error1:51.61
Phase:train -- Batch_idx:200/391-- 453.17 samples/sec-- Loss:1.86 -- Error1:51.61
Phase:train -- Batch_idx:300/391-- 453.93 samples/sec-- Loss:1.86 -- Error1:51.43
Train_Loss = 1.8630852075576783, Train_Err = 51.584
Val_Loss = 2.3763225646972654, Val_Err = 57.97
Epoch: [10 | 200]
Phase:train -- Batch_idx:100/391-- 451.32 samples/sec-- Loss:1.66 -- Error1:46.52
Phase:train -- Batch_idx:200/391-- 453.37 samples/sec-- Loss:1.70 -- Error1:47.92
Phase:train -- Batch_idx:300/391-- 454.03 samples/sec-- Loss:1.73 -- Error1:48.48
Train_Loss = 1.7429420550155639, Train_Err = 48.684
Val_Loss = 2.137686922836304, Val_Err = 56.3
Epoch: [11 | 200]
Phase:train -- Batch_idx:100/391-- 451.12 samples/sec-- Loss:1.58 -- Error1:44.77
Phase:train -- Batch_idx:200/391-- 453.40 samples/sec-- Loss:1.62 -- Error1:45.83
Phase:train -- Batch_idx:300/391-- 454.17 samples/sec-- Loss:1.62 -- Error1:46.00
Train_Loss = 1.632190790977478, Train_Err = 46.132
Val_Loss = 2.003754690361023, Val_Err = 53.93
Epoch: [12 | 200]
Phase:train -- Batch_idx:100/391-- 451.21 samples/sec-- Loss:1.49 -- Error1:42.09
Phase:train -- Batch_idx:200/391-- 453.45 samples/sec-- Loss:1.51 -- Error1:43.05
Phase:train -- Batch_idx:300/391-- 454.17 samples/sec-- Loss:1.53 -- Error1:43.40
Train_Loss = 1.535855330505371, Train_Err = 43.66
Val_Loss = 1.8822588048934936, Val_Err = 51.1
Epoch: [13 | 200]
Phase:train -- Batch_idx:100/391-- 450.82 samples/sec-- Loss:1.35 -- Error1:39.58
Phase:train -- Batch_idx:200/391-- 451.51 samples/sec-- Loss:1.41 -- Error1:40.96
Phase:train -- Batch_idx:300/391-- 451.68 samples/sec-- Loss:1.44 -- Error1:41.59
Train_Loss = 1.4528884226226806, Train_Err = 41.762
Val_Loss = 1.8524435926437377, Val_Err = 51.14
Epoch: [14 | 200]
Phase:train -- Batch_idx:100/391-- 452.92 samples/sec-- Loss:1.31 -- Error1:37.98
Phase:train -- Batch_idx:200/391-- 455.03 samples/sec-- Loss:1.34 -- Error1:38.88
Phase:train -- Batch_idx:300/391-- 455.74 samples/sec-- Loss:1.37 -- Error1:39.75
Train_Loss = 1.3910146139144897, Train_Err = 40.124
Val_Loss = 1.949209453010559, Val_Err = 50.91
Epoch: [15 | 200]
Phase:train -- Batch_idx:100/391-- 452.36 samples/sec-- Loss:1.21 -- Error1:35.30
Phase:train -- Batch_idx:200/391-- 454.35 samples/sec-- Loss:1.27 -- Error1:37.29
Phase:train -- Batch_idx:300/391-- 455.05 samples/sec-- Loss:1.30 -- Error1:37.89
Train_Loss = 1.3225159546279908, Train_Err = 38.29
Val_Loss = 1.8454968906402587, Val_Err = 50.31
Epoch: [16 | 200]
Phase:train -- Batch_idx:100/391-- 401.25 samples/sec-- Loss:1.17 -- Error1:34.34
Phase:train -- Batch_idx:200/391-- 427.03 samples/sec-- Loss:1.23 -- Error1:36.08
Phase:train -- Batch_idx:300/391-- 436.56 samples/sec-- Loss:1.26 -- Error1:36.61
Train_Loss = 1.276768667640686, Train_Err = 37.192
Val_Loss = 1.8494274295806885, Val_Err = 48.52
Epoch: [17 | 200]
Phase:train -- Batch_idx:100/391-- 451.37 samples/sec-- Loss:1.09 -- Error1:32.29
Phase:train -- Batch_idx:200/391-- 453.92 samples/sec-- Loss:1.15 -- Error1:33.89
Phase:train -- Batch_idx:300/391-- 454.79 samples/sec-- Loss:1.19 -- Error1:34.84
Train_Loss = 1.2183197547149658, Train_Err = 35.514
Val_Loss = 1.924589765357971, Val_Err = 50.97
Epoch: [18 | 200]
Phase:train -- Batch_idx:100/391-- 452.33 samples/sec-- Loss:1.07 -- Error1:31.57
Phase:train -- Batch_idx:200/391-- 454.37 samples/sec-- Loss:1.11 -- Error1:32.88
Phase:train -- Batch_idx:300/391-- 455.13 samples/sec-- Loss:1.15 -- Error1:34.08
Train_Loss = 1.1813107172775268, Train_Err = 34.9
Val_Loss = 1.8819196380615235, Val_Err = 49.59
Epoch: [19 | 200]
Phase:train -- Batch_idx:100/391-- 452.64 samples/sec-- Loss:1.01 -- Error1:30.39
Phase:train -- Batch_idx:200/391-- 454.65 samples/sec-- Loss:1.08 -- Error1:32.26
Phase:train -- Batch_idx:300/391-- 455.31 samples/sec-- Loss:1.12 -- Error1:33.39
Train_Loss = 1.1404883238983154, Train_Err = 33.874
Val_Loss = 1.7553383893966674, Val_Err = 46.83
Epoch: [20 | 200]
Phase:train -- Batch_idx:100/391-- 452.50 samples/sec-- Loss:0.98 -- Error1:28.98
Phase:train -- Batch_idx:200/391-- 454.72 samples/sec-- Loss:1.03 -- Error1:30.60
Phase:train -- Batch_idx:300/391-- 455.39 samples/sec-- Loss:1.07 -- Error1:32.17
Train_Loss = 1.103378843269348, Train_Err = 32.958
Val_Loss = 1.9507835699081422, Val_Err = 50.81
Epoch: [21 | 200]
Phase:train -- Batch_idx:100/391-- 335.90 samples/sec-- Loss:0.92 -- Error1:27.52
Phase:train -- Batch_idx:200/391-- 386.76 samples/sec-- Loss:0.99 -- Error1:29.45
Phase:train -- Batch_idx:300/391-- 407.33 samples/sec-- Loss:1.03 -- Error1:30.69
Train_Loss = 1.0700518456649781, Train_Err = 31.688
Val_Loss = 1.9924701898574828, Val_Err = 50.24
Epoch: [22 | 200]
Phase:train -- Batch_idx:100/391-- 451.92 samples/sec-- Loss:0.91 -- Error1:27.69
Phase:train -- Batch_idx:200/391-- 453.84 samples/sec-- Loss:0.97 -- Error1:29.23
Phase:train -- Batch_idx:300/391-- 454.69 samples/sec-- Loss:1.02 -- Error1:30.38
Train_Loss = 1.0482235189056397, Train_Err = 31.21
Val_Loss = 1.8595885284423828, Val_Err = 48.83
Epoch: [23 | 200]
Phase:train -- Batch_idx:100/391-- 452.39 samples/sec-- Loss:0.87 -- Error1:26.10
Phase:train -- Batch_idx:200/391-- 454.50 samples/sec-- Loss:0.95 -- Error1:28.42
Phase:train -- Batch_idx:300/391-- 455.26 samples/sec-- Loss:1.00 -- Error1:29.98
Train_Loss = 1.0247594681930543, Train_Err = 30.714
Val_Loss = 1.8672806381225586, Val_Err = 48.08
Epoch: [24 | 200]
Phase:train -- Batch_idx:100/391-- 451.85 samples/sec-- Loss:0.83 -- Error1:25.34
Phase:train -- Batch_idx:200/391-- 453.45 samples/sec-- Loss:0.91 -- Error1:27.47
Phase:train -- Batch_idx:300/391-- 454.03 samples/sec-- Loss:0.96 -- Error1:28.81
Train_Loss = 0.9919814813613892, Train_Err = 29.808
Val_Loss = 1.7496169490814208, Val_Err = 46.32
Epoch: [25 | 200]
Phase:train -- Batch_idx:100/391-- 451.04 samples/sec-- Loss:0.81 -- Error1:24.33
Phase:train -- Batch_idx:200/391-- 453.54 samples/sec-- Loss:0.88 -- Error1:26.44
Phase:train -- Batch_idx:300/391-- 454.36 samples/sec-- Loss:0.93 -- Error1:27.93
Train_Loss = 0.9654760545158386, Train_Err = 28.988
Val_Loss = 2.0864678813934328, Val_Err = 51.93
Epoch: [26 | 200]
Phase:train -- Batch_idx:100/391-- 452.35 samples/sec-- Loss:0.82 -- Error1:24.84
Phase:train -- Batch_idx:200/391-- 454.38 samples/sec-- Loss:0.87 -- Error1:26.36
Phase:train -- Batch_idx:300/391-- 454.87 samples/sec-- Loss:0.92 -- Error1:27.65
Train_Loss = 0.9535248488235474, Train_Err = 28.648
Val_Loss = 1.8851746965408325, Val_Err = 47.23
Epoch: [27 | 200]
Phase:train -- Batch_idx:100/391-- 450.14 samples/sec-- Loss:0.76 -- Error1:22.79
Phase:train -- Batch_idx:200/391-- 451.78 samples/sec-- Loss:0.84 -- Error1:25.27
Phase:train -- Batch_idx:300/391-- 452.86 samples/sec-- Loss:0.89 -- Error1:26.77
Train_Loss = 0.9264009237289429, Train_Err = 27.752
Val_Loss = 1.8624462453842163, Val_Err = 47.9
Epoch: [28 | 200]
Phase:train -- Batch_idx:100/391-- 451.29 samples/sec-- Loss:0.76 -- Error1:23.11
Phase:train -- Batch_idx:200/391-- 453.45 samples/sec-- Loss:0.82 -- Error1:24.94
Phase:train -- Batch_idx:300/391-- 454.18 samples/sec-- Loss:0.87 -- Error1:26.43
Train_Loss = 0.9086368831634521, Train_Err = 27.552
Val_Loss = 1.8247297065734864, Val_Err = 45.73
Epoch: [29 | 200]
Phase:train -- Batch_idx:100/391-- 451.78 samples/sec-- Loss:0.74 -- Error1:22.44
Phase:train -- Batch_idx:200/391-- 453.52 samples/sec-- Loss:0.81 -- Error1:24.40
Phase:train -- Batch_idx:300/391-- 454.12 samples/sec-- Loss:0.86 -- Error1:25.71
Train_Loss = 0.8978741762924194, Train_Err = 26.82
Val_Loss = 1.86751518535614, Val_Err = 47.0
Epoch: [30 | 200]
Phase:train -- Batch_idx:100/391-- 451.33 samples/sec-- Loss:0.70 -- Error1:21.26
Phase:train -- Batch_idx:200/391-- 453.26 samples/sec-- Loss:0.80 -- Error1:24.02
Phase:train -- Batch_idx:300/391-- 453.96 samples/sec-- Loss:0.85 -- Error1:25.56
Train_Loss = 0.887933024559021, Train_Err = 26.624
Val_Loss = 1.8237562213897704, Val_Err = 46.44
Epoch: [31 | 200]
Phase:train -- Batch_idx:100/391-- 451.26 samples/sec-- Loss:0.70 -- Error1:21.44
Phase:train -- Batch_idx:200/391-- 453.46 samples/sec-- Loss:0.78 -- Error1:23.76
Phase:train -- Batch_idx:300/391-- 454.20 samples/sec-- Loss:0.84 -- Error1:25.39
Train_Loss = 0.8631825673103333, Train_Err = 26.194
Val_Loss = 1.8954333003997803, Val_Err = 47.81
Epoch: [32 | 200]
Phase:train -- Batch_idx:100/391-- 451.44 samples/sec-- Loss:0.71 -- Error1:21.56
Phase:train -- Batch_idx:200/391-- 453.48 samples/sec-- Loss:0.78 -- Error1:23.62
Phase:train -- Batch_idx:300/391-- 454.17 samples/sec-- Loss:0.84 -- Error1:25.28
Train_Loss = 0.8682121333694458, Train_Err = 26.19
Val_Loss = 1.8985382024765014, Val_Err = 47.42
Epoch: [33 | 200]
Phase:train -- Batch_idx:100/391-- 451.34 samples/sec-- Loss:0.67 -- Error1:20.74
Phase:train -- Batch_idx:200/391-- 453.34 samples/sec-- Loss:0.73 -- Error1:22.48
Phase:train -- Batch_idx:300/391-- 454.07 samples/sec-- Loss:0.81 -- Error1:24.85
Train_Loss = 0.8431501568222046, Train_Err = 25.798
Val_Loss = 1.8939103925704956, Val_Err = 47.21
Epoch: [34 | 200]
Phase:train -- Batch_idx:100/391-- 451.66 samples/sec-- Loss:0.67 -- Error1:20.25
Phase:train -- Batch_idx:200/391-- 453.23 samples/sec-- Loss:0.74 -- Error1:22.33
Phase:train -- Batch_idx:300/391-- 417.20 samples/sec-- Loss:0.80 -- Error1:24.17
Train_Loss = 0.84017184091568, Train_Err = 25.358
Val_Loss = 2.3288693267822267, Val_Err = 53.35
Epoch: [35 | 200]
Phase:train -- Batch_idx:100/391-- 334.47 samples/sec-- Loss:0.65 -- Error1:20.05
Phase:train -- Batch_idx:200/391-- 385.62 samples/sec-- Loss:0.72 -- Error1:21.95
Phase:train -- Batch_idx:300/391-- 406.34 samples/sec-- Loss:0.79 -- Error1:23.95
Train_Loss = 0.8297308058547974, Train_Err = 25.102
Val_Loss = 2.0820283336639402, Val_Err = 50.16
Epoch: [36 | 200]
Phase:train -- Batch_idx:100/391-- 450.98 samples/sec-- Loss:0.65 -- Error1:19.73
Phase:train -- Batch_idx:200/391-- 453.17 samples/sec-- Loss:0.72 -- Error1:21.99
Phase:train -- Batch_idx:300/391-- 453.90 samples/sec-- Loss:0.78 -- Error1:23.76
Train_Loss = 0.8195081253623963, Train_Err = 24.864
Val_Loss = 2.0385535871505738, Val_Err = 49.6
Epoch: [37 | 200]
Phase:train -- Batch_idx:100/391-- 451.37 samples/sec-- Loss:0.65 -- Error1:19.88
Phase:train -- Batch_idx:200/391-- 453.37 samples/sec-- Loss:0.71 -- Error1:21.81
Phase:train -- Batch_idx:300/391-- 454.04 samples/sec-- Loss:0.77 -- Error1:23.39
Train_Loss = 0.8126614674758911, Train_Err = 24.43
Val_Loss = 1.883427625656128, Val_Err = 47.5
Epoch: [38 | 200]
Phase:train -- Batch_idx:100/391-- 451.36 samples/sec-- Loss:0.64 -- Error1:19.75
Phase:train -- Batch_idx:200/391-- 425.45 samples/sec-- Loss:0.69 -- Error1:21.11
Phase:train -- Batch_idx:300/391-- 434.95 samples/sec-- Loss:0.76 -- Error1:23.09
Train_Loss = 0.8001155877304077, Train_Err = 24.306
Val_Loss = 2.052025675392151, Val_Err = 50.24
Epoch: [39 | 200]
Phase:train -- Batch_idx:100/391-- 451.17 samples/sec-- Loss:0.63 -- Error1:19.18
Phase:train -- Batch_idx:200/391-- 453.38 samples/sec-- Loss:0.71 -- Error1:21.57
Phase:train -- Batch_idx:300/391-- 454.12 samples/sec-- Loss:0.77 -- Error1:23.22
Train_Loss = 0.7948829158401489, Train_Err = 23.98
Val_Loss = 2.0425520000457764, Val_Err = 49.28
Epoch: [40 | 200]
Phase:train -- Batch_idx:100/391-- 451.10 samples/sec-- Loss:0.61 -- Error1:18.67
Phase:train -- Batch_idx:200/391-- 452.90 samples/sec-- Loss:0.69 -- Error1:21.00
Phase:train -- Batch_idx:300/391-- 453.67 samples/sec-- Loss:0.76 -- Error1:23.02
Train_Loss = 0.7941975317001343, Train_Err = 24.004
Val_Loss = 2.138319150161743, Val_Err = 49.77
Epoch: [41 | 200]
Phase:train -- Batch_idx:100/391-- 451.46 samples/sec-- Loss:0.65 -- Error1:19.73
Phase:train -- Batch_idx:200/391-- 453.50 samples/sec-- Loss:0.69 -- Error1:21.35
Phase:train -- Batch_idx:300/391-- 454.19 samples/sec-- Loss:0.74 -- Error1:22.67
Train_Loss = 0.7821774300956726, Train_Err = 23.728
Val_Loss = 1.808107340812683, Val_Err = 45.77
Epoch: [42 | 200]
Phase:train -- Batch_idx:100/391-- 451.40 samples/sec-- Loss:0.61 -- Error1:18.60
Phase:train -- Batch_idx:200/391-- 453.47 samples/sec-- Loss:0.66 -- Error1:20.29
Phase:train -- Batch_idx:300/391-- 454.15 samples/sec-- Loss:0.74 -- Error1:22.39
Train_Loss = 0.7807459406280518, Train_Err = 23.664
Val_Loss = 1.9336944131851197, Val_Err = 48.1
Epoch: [43 | 200]
Phase:train -- Batch_idx:100/391-- 451.73 samples/sec-- Loss:0.61 -- Error1:18.71
Phase:train -- Batch_idx:200/391-- 426.65 samples/sec-- Loss:0.69 -- Error1:20.96
Phase:train -- Batch_idx:300/391-- 435.90 samples/sec-- Loss:0.74 -- Error1:22.34
Train_Loss = 0.7757359164428711, Train_Err = 23.346
Val_Loss = 1.8461471515655516, Val_Err = 46.71
Epoch: [44 | 200]
Phase:train -- Batch_idx:100/391-- 451.52 samples/sec-- Loss:0.57 -- Error1:17.56
Phase:train -- Batch_idx:200/391-- 453.63 samples/sec-- Loss:0.66 -- Error1:20.15
Phase:train -- Batch_idx:300/391-- 454.30 samples/sec-- Loss:0.72 -- Error1:21.95
Train_Loss = 0.7598036947250366, Train_Err = 23.062
Val_Loss = 1.850460697555542, Val_Err = 46.61
Epoch: [45 | 200]
Phase:train -- Batch_idx:100/391-- 451.37 samples/sec-- Loss:0.61 -- Error1:18.43
Phase:train -- Batch_idx:200/391-- 453.26 samples/sec-- Loss:0.66 -- Error1:20.15
Phase:train -- Batch_idx:300/391-- 453.89 samples/sec-- Loss:0.73 -- Error1:22.39
Train_Loss = 0.7769389548301697, Train_Err = 23.568
Val_Loss = 1.9345590131759645, Val_Err = 48.09
Epoch: [46 | 200]
Phase:train -- Batch_idx:100/391-- 451.14 samples/sec-- Loss:0.56 -- Error1:17.02
Phase:train -- Batch_idx:200/391-- 453.27 samples/sec-- Loss:0.64 -- Error1:19.71
Phase:train -- Batch_idx:300/391-- 453.99 samples/sec-- Loss:0.70 -- Error1:21.51
Train_Loss = 0.7553013008117676, Train_Err = 22.964
Val_Loss = 1.9488539005279542, Val_Err = 47.73
Epoch: [47 | 200]
Phase:train -- Batch_idx:100/391-- 451.31 samples/sec-- Loss:0.55 -- Error1:16.50
Phase:train -- Batch_idx:200/391-- 453.24 samples/sec-- Loss:0.64 -- Error1:19.23
Phase:train -- Batch_idx:300/391-- 453.90 samples/sec-- Loss:0.70 -- Error1:20.89
Train_Loss = 0.7470628569030762, Train_Err = 22.392
Val_Loss = 1.9602582960128785, Val_Err = 48.83
Epoch: [48 | 200]
Phase:train -- Batch_idx:100/391-- 451.29 samples/sec-- Loss:0.59 -- Error1:18.02
Phase:train -- Batch_idx:200/391-- 453.44 samples/sec-- Loss:0.65 -- Error1:20.25
Phase:train -- Batch_idx:300/391-- 454.21 samples/sec-- Loss:0.72 -- Error1:22.07
Train_Loss = 0.7565023234558106, Train_Err = 23.05
Val_Loss = 1.9380981769561767, Val_Err = 46.8
Epoch: [49 | 200]
Phase:train -- Batch_idx:100/391-- 451.50 samples/sec-- Loss:0.57 -- Error1:17.25
Phase:train -- Batch_idx:200/391-- 453.23 samples/sec-- Loss:0.65 -- Error1:19.71
Phase:train -- Batch_idx:300/391-- 454.02 samples/sec-- Loss:0.71 -- Error1:21.41
Train_Loss = 0.7561098101234436, Train_Err = 22.84
Val_Loss = 2.0405126342773436, Val_Err = 49.35
Epoch: [50 | 200]
Phase:train -- Batch_idx:100/391-- 451.30 samples/sec-- Loss:0.58 -- Error1:17.64
Phase:train -- Batch_idx:200/391-- 453.29 samples/sec-- Loss:0.64 -- Error1:19.46
Phase:train -- Batch_idx:300/391-- 453.94 samples/sec-- Loss:0.69 -- Error1:21.18
Train_Loss = 0.7400607685089111, Train_Err = 22.486
Val_Loss = 2.088959948348999, Val_Err = 50.01
Epoch: [51 | 200]
Phase:train -- Batch_idx:100/391-- 451.24 samples/sec-- Loss:0.58 -- Error1:17.92
Phase:train -- Batch_idx:200/391-- 453.31 samples/sec-- Loss:0.64 -- Error1:19.69
Phase:train -- Batch_idx:300/391-- 454.02 samples/sec-- Loss:0.70 -- Error1:21.44
Train_Loss = 0.7448932472610473, Train_Err = 22.628
Val_Loss = 1.9839402837753295, Val_Err = 47.3
Epoch: [52 | 200]
Phase:train -- Batch_idx:100/391-- 451.24 samples/sec-- Loss:0.55 -- Error1:16.64
Phase:train -- Batch_idx:200/391-- 453.29 samples/sec-- Loss:0.62 -- Error1:18.57
Phase:train -- Batch_idx:300/391-- 453.94 samples/sec-- Loss:0.69 -- Error1:20.77
Train_Loss = 0.735366845741272, Train_Err = 22.204
Val_Loss = 1.8466809635162353, Val_Err = 45.91
Epoch: [53 | 200]
Phase:train -- Batch_idx:100/391-- 451.33 samples/sec-- Loss:0.59 -- Error1:17.93
Phase:train -- Batch_idx:200/391-- 453.36 samples/sec-- Loss:0.65 -- Error1:19.91
Phase:train -- Batch_idx:300/391-- 454.03 samples/sec-- Loss:0.71 -- Error1:21.57
Train_Loss = 0.7412161951637268, Train_Err = 22.394
Val_Loss = 1.9251723041534423, Val_Err = 46.67
Epoch: [54 | 200]
Phase:train -- Batch_idx:100/391-- 451.64 samples/sec-- Loss:0.54 -- Error1:16.26
Phase:train -- Batch_idx:200/391-- 453.66 samples/sec-- Loss:0.62 -- Error1:18.84
Phase:train -- Batch_idx:300/391-- 454.17 samples/sec-- Loss:0.69 -- Error1:21.01
Train_Loss = 0.7332224771499634, Train_Err = 22.204
Val_Loss = 2.0261607288360595, Val_Err = 47.84
Epoch: [55 | 200]
Phase:train -- Batch_idx:100/391-- 450.35 samples/sec-- Loss:0.55 -- Error1:16.67
Phase:train -- Batch_idx:200/391-- 452.55 samples/sec-- Loss:0.61 -- Error1:18.29
Phase:train -- Batch_idx:300/391-- 453.51 samples/sec-- Loss:0.67 -- Error1:20.25
Train_Loss = 0.7128641516494751, Train_Err = 21.556
Val_Loss = 1.9766877014160156, Val_Err = 48.55
Epoch: [56 | 200]
Phase:train -- Batch_idx:100/391-- 451.57 samples/sec-- Loss:0.60 -- Error1:17.89
Phase:train -- Batch_idx:200/391-- 453.64 samples/sec-- Loss:0.64 -- Error1:19.48
Phase:train -- Batch_idx:300/391-- 454.38 samples/sec-- Loss:0.69 -- Error1:20.95
Train_Loss = 0.7332206195259094, Train_Err = 22.186
Val_Loss = 1.9179035774230957, Val_Err = 46.24
Epoch: [57 | 200]
Phase:train -- Batch_idx:100/391-- 451.50 samples/sec-- Loss:0.54 -- Error1:16.17
Phase:train -- Batch_idx:200/391-- 453.52 samples/sec-- Loss:0.61 -- Error1:18.55
Phase:train -- Batch_idx:300/391-- 454.17 samples/sec-- Loss:0.68 -- Error1:20.51
Train_Loss = 0.7177344853973389, Train_Err = 21.672
Val_Loss = 2.1196231479644774, Val_Err = 50.17
Epoch: [58 | 200]
Phase:train -- Batch_idx:100/391-- 451.47 samples/sec-- Loss:0.60 -- Error1:17.99
Phase:train -- Batch_idx:200/391-- 453.42 samples/sec-- Loss:0.63 -- Error1:19.03
Phase:train -- Batch_idx:300/391-- 454.12 samples/sec-- Loss:0.68 -- Error1:20.76
Train_Loss = 0.7165224827384948, Train_Err = 21.804
Val_Loss = 1.9952216407775878, Val_Err = 48.8
Epoch: [59 | 200]
Phase:train -- Batch_idx:100/391-- 451.33 samples/sec-- Loss:0.56 -- Error1:16.97
Phase:train -- Batch_idx:200/391-- 453.48 samples/sec-- Loss:0.61 -- Error1:18.72
Phase:train -- Batch_idx:300/391-- 454.18 samples/sec-- Loss:0.68 -- Error1:20.65
Train_Loss = 0.7142387730026245, Train_Err = 21.638
Val_Loss = 2.003756340789795, Val_Err = 49.17
Epoch: [60 | 200]
Phase:train -- Batch_idx:100/391-- 451.59 samples/sec-- Loss:0.55 -- Error1:16.69
Phase:train -- Batch_idx:200/391-- 453.73 samples/sec-- Loss:0.61 -- Error1:18.77
Phase:train -- Batch_idx:300/391-- 454.37 samples/sec-- Loss:0.67 -- Error1:20.48
Train_Loss = 0.7160310981178284, Train_Err = 21.732
Val_Loss = 1.9838913375854492, Val_Err = 48.13
Epoch: [61 | 200]
Phase:train -- Batch_idx:100/391-- 451.54 samples/sec-- Loss:0.54 -- Error1:16.54
Phase:train -- Batch_idx:200/391-- 453.57 samples/sec-- Loss:0.61 -- Error1:18.45
Phase:train -- Batch_idx:300/391-- 454.24 samples/sec-- Loss:0.67 -- Error1:20.33
Train_Loss = 0.7133415188598633, Train_Err = 21.606
Val_Loss = 1.9472198068618773, Val_Err = 47.21
Epoch: [62 | 200]
Phase:train -- Batch_idx:100/391-- 451.53 samples/sec-- Loss:0.52 -- Error1:15.77
Phase:train -- Batch_idx:200/391-- 453.64 samples/sec-- Loss:0.59 -- Error1:18.21
Phase:train -- Batch_idx:300/391-- 454.39 samples/sec-- Loss:0.67 -- Error1:20.40
Train_Loss = 0.7103463156127929, Train_Err = 21.586
Val_Loss = 2.069740636253357, Val_Err = 49.86
Epoch: [63 | 200]
Phase:train -- Batch_idx:100/391-- 451.65 samples/sec-- Loss:0.54 -- Error1:16.64
Phase:train -- Batch_idx:200/391-- 453.72 samples/sec-- Loss:0.61 -- Error1:18.62
Phase:train -- Batch_idx:300/391-- 454.44 samples/sec-- Loss:0.67 -- Error1:20.34
Train_Loss = 0.7069286901664734, Train_Err = 21.276
Val_Loss = 2.014027657318115, Val_Err = 48.87
Epoch: [64 | 200]
Phase:train -- Batch_idx:100/391-- 450.85 samples/sec-- Loss:0.52 -- Error1:15.84
Phase:train -- Batch_idx:200/391-- 453.19 samples/sec-- Loss:0.60 -- Error1:18.31
Phase:train -- Batch_idx:300/391-- 454.00 samples/sec-- Loss:0.67 -- Error1:20.43
Train_Loss = 0.7147134510993958, Train_Err = 21.61
Val_Loss = 1.906645544052124, Val_Err = 47.03
Epoch: [65 | 200]
Phase:train -- Batch_idx:100/391-- 451.65 samples/sec-- Loss:0.53 -- Error1:15.87
Phase:train -- Batch_idx:200/391-- 453.62 samples/sec-- Loss:0.60 -- Error1:18.01
Phase:train -- Batch_idx:300/391-- 454.33 samples/sec-- Loss:0.66 -- Error1:20.08
Train_Loss = 0.7007881707191467, Train_Err = 21.138
Val_Loss = 2.1429717212677004, Val_Err = 49.78
Epoch: [66 | 200]
Phase:train -- Batch_idx:100/391-- 451.62 samples/sec-- Loss:0.53 -- Error1:16.12
Phase:train -- Batch_idx:200/391-- 453.77 samples/sec-- Loss:0.59 -- Error1:17.93
Phase:train -- Batch_idx:300/391-- 454.44 samples/sec-- Loss:0.66 -- Error1:19.95
Train_Loss = 0.6995634721183777, Train_Err = 21.228
Val_Loss = 1.9363912475585938, Val_Err = 48.49
Epoch: [67 | 200]
Phase:train -- Batch_idx:100/391-- 451.85 samples/sec-- Loss:0.54 -- Error1:16.48
Phase:train -- Batch_idx:200/391-- 453.79 samples/sec-- Loss:0.60 -- Error1:18.36
Phase:train -- Batch_idx:300/391-- 454.47 samples/sec-- Loss:0.67 -- Error1:20.35
Train_Loss = 0.7188322409057617, Train_Err = 21.678
Val_Loss = 2.157354485321045, Val_Err = 50.2
Epoch: [68 | 200]
Phase:train -- Batch_idx:100/391-- 451.55 samples/sec-- Loss:0.53 -- Error1:15.81
Phase:train -- Batch_idx:200/391-- 453.65 samples/sec-- Loss:0.60 -- Error1:18.46
Phase:train -- Batch_idx:300/391-- 454.32 samples/sec-- Loss:0.68 -- Error1:20.54
Train_Loss = 0.709005101146698, Train_Err = 21.404
Val_Loss = 1.8758353536605834, Val_Err = 46.15
Epoch: [69 | 200]
Phase:train -- Batch_idx:100/391-- 451.73 samples/sec-- Loss:0.50 -- Error1:15.23
Phase:train -- Batch_idx:200/391-- 453.68 samples/sec-- Loss:0.58 -- Error1:17.70
Phase:train -- Batch_idx:300/391-- 454.26 samples/sec-- Loss:0.66 -- Error1:19.77
Train_Loss = 0.6981760062217712, Train_Err = 20.964
Val_Loss = 2.011184263801575, Val_Err = 47.75
Epoch: [70 | 200]
Phase:train -- Batch_idx:100/391-- 451.83 samples/sec-- Loss:0.53 -- Error1:16.25
Phase:train -- Batch_idx:200/391-- 453.84 samples/sec-- Loss:0.60 -- Error1:18.47
Phase:train -- Batch_idx:300/391-- 454.57 samples/sec-- Loss:0.67 -- Error1:20.30
Train_Loss = 0.7114233333969117, Train_Err = 21.518
Val_Loss = 2.100135431098938, Val_Err = 50.53
Epoch: [71 | 200]
Phase:train -- Batch_idx:100/391-- 451.55 samples/sec-- Loss:0.52 -- Error1:15.74
Phase:train -- Batch_idx:200/391-- 453.62 samples/sec-- Loss:0.61 -- Error1:18.49
Phase:train -- Batch_idx:300/391-- 454.35 samples/sec-- Loss:0.67 -- Error1:20.45
Train_Loss = 0.7040167803001404, Train_Err = 21.394
Val_Loss = 1.9056757564544677, Val_Err = 46.35
Epoch: [72 | 200]
Phase:train -- Batch_idx:100/391-- 451.71 samples/sec-- Loss:0.54 -- Error1:16.34
Phase:train -- Batch_idx:200/391-- 453.69 samples/sec-- Loss:0.61 -- Error1:18.41
Phase:train -- Batch_idx:300/391-- 454.29 samples/sec-- Loss:0.67 -- Error1:20.11
Train_Loss = 0.7000268617248535, Train_Err = 21.208
Val_Loss = 2.595807929992676, Val_Err = 53.97
Epoch: [73 | 200]
Phase:train -- Batch_idx:100/391-- 451.41 samples/sec-- Loss:0.52 -- Error1:15.57
Phase:train -- Batch_idx:200/391-- 453.70 samples/sec-- Loss:0.59 -- Error1:18.16
Phase:train -- Batch_idx:300/391-- 454.44 samples/sec-- Loss:0.66 -- Error1:20.17
Train_Loss = 0.6927010485458374, Train_Err = 21.06
Val_Loss = 2.282435800933838, Val_Err = 51.26
Epoch: [74 | 200]
Phase:train -- Batch_idx:100/391-- 451.74 samples/sec-- Loss:0.54 -- Error1:15.98
Phase:train -- Batch_idx:200/391-- 453.73 samples/sec-- Loss:0.59 -- Error1:17.64
Phase:train -- Batch_idx:300/391-- 454.36 samples/sec-- Loss:0.65 -- Error1:19.75
Train_Loss = 0.7024961421203614, Train_Err = 21.198
Val_Loss = 1.9114326541900635, Val_Err = 47.89
Epoch: [75 | 200]
Phase:train -- Batch_idx:100/391-- 451.67 samples/sec-- Loss:0.53 -- Error1:16.05
Phase:train -- Batch_idx:200/391-- 453.83 samples/sec-- Loss:0.59 -- Error1:17.83
Phase:train -- Batch_idx:300/391-- 454.59 samples/sec-- Loss:0.66 -- Error1:20.15
Train_Loss = 0.6991023591804505, Train_Err = 21.12
Val_Loss = 2.0873459589004515, Val_Err = 50.28
Epoch: [76 | 200]
Phase:train -- Batch_idx:100/391-- 451.68 samples/sec-- Loss:0.57 -- Error1:17.05
Phase:train -- Batch_idx:200/391-- 453.64 samples/sec-- Loss:0.63 -- Error1:19.06
Phase:train -- Batch_idx:300/391-- 454.43 samples/sec-- Loss:0.68 -- Error1:20.31
Train_Loss = 0.7156601948547363, Train_Err = 21.472
Val_Loss = 2.084514270019531, Val_Err = 49.07
Epoch: [77 | 200]
Phase:train -- Batch_idx:100/391-- 451.46 samples/sec-- Loss:0.52 -- Error1:16.33
Phase:train -- Batch_idx:200/391-- 453.54 samples/sec-- Loss:0.58 -- Error1:17.75
Phase:train -- Batch_idx:300/391-- 454.24 samples/sec-- Loss:0.65 -- Error1:19.75
Train_Loss = 0.6937996628189087, Train_Err = 21.074
Val_Loss = 2.045606647872925, Val_Err = 49.23
Epoch: [78 | 200]
Phase:train -- Batch_idx:100/391-- 451.79 samples/sec-- Loss:0.52 -- Error1:15.78
Phase:train -- Batch_idx:200/391-- 453.83 samples/sec-- Loss:0.60 -- Error1:18.21
Phase:train -- Batch_idx:300/391-- 454.44 samples/sec-- Loss:0.67 -- Error1:20.19
Train_Loss = 0.7071516500473023, Train_Err = 21.322
Val_Loss = 1.99469677734375, Val_Err = 47.88
Epoch: [79 | 200]
Phase:train -- Batch_idx:100/391-- 450.87 samples/sec-- Loss:0.52 -- Error1:15.83
Phase:train -- Batch_idx:200/391-- 453.33 samples/sec-- Loss:0.59 -- Error1:17.79
Phase:train -- Batch_idx:300/391-- 454.09 samples/sec-- Loss:0.65 -- Error1:19.58
Train_Loss = 0.6928870485305786, Train_Err = 20.988
Val_Loss = 2.1303701587677004, Val_Err = 49.68
Epoch: [80 | 200]
Phase:train -- Batch_idx:100/391-- 451.39 samples/sec-- Loss:0.51 -- Error1:15.07
Phase:train -- Batch_idx:200/391-- 453.79 samples/sec-- Loss:0.58 -- Error1:17.54
Phase:train -- Batch_idx:300/391-- 454.60 samples/sec-- Loss:0.64 -- Error1:19.46
Train_Loss = 0.6863079086875915, Train_Err = 20.724
Val_Loss = 2.1485090211868285, Val_Err = 49.33
Epoch: [81 | 200]
Phase:train -- Batch_idx:100/391-- 452.16 samples/sec-- Loss:0.53 -- Error1:16.24
Phase:train -- Batch_idx:200/391-- 454.09 samples/sec-- Loss:0.59 -- Error1:17.92
Phase:train -- Batch_idx:300/391-- 454.75 samples/sec-- Loss:0.66 -- Error1:19.97
Train_Loss = 0.7056843501472473, Train_Err = 21.266
Val_Loss = 1.911939344406128, Val_Err = 47.19
Epoch: [82 | 200]
Phase:train -- Batch_idx:100/391-- 451.83 samples/sec-- Loss:0.53 -- Error1:15.69
Phase:train -- Batch_idx:200/391-- 453.83 samples/sec-- Loss:0.59 -- Error1:17.68
Phase:train -- Batch_idx:300/391-- 454.54 samples/sec-- Loss:0.65 -- Error1:19.62
Train_Loss = 0.6903747157478333, Train_Err = 20.81
Val_Loss = 2.0672762493133545, Val_Err = 48.93
Epoch: [83 | 200]
Phase:train -- Batch_idx:100/391-- 451.83 samples/sec-- Loss:0.51 -- Error1:15.12
Phase:train -- Batch_idx:200/391-- 453.96 samples/sec-- Loss:0.58 -- Error1:17.62
Phase:train -- Batch_idx:300/391-- 454.71 samples/sec-- Loss:0.65 -- Error1:19.50
Train_Loss = 0.6838081610488892, Train_Err = 20.57
Val_Loss = 1.916398685836792, Val_Err = 47.27
Epoch: [84 | 200]
Phase:train -- Batch_idx:100/391-- 451.76 samples/sec-- Loss:0.51 -- Error1:15.41
Phase:train -- Batch_idx:200/391-- 453.97 samples/sec-- Loss:0.60 -- Error1:18.25
Phase:train -- Batch_idx:300/391-- 454.65 samples/sec-- Loss:0.66 -- Error1:19.91
Train_Loss = 0.6994813888549805, Train_Err = 21.206
Val_Loss = 1.9522696586608888, Val_Err = 46.98
Epoch: [85 | 200]
Phase:train -- Batch_idx:100/391-- 451.75 samples/sec-- Loss:0.53 -- Error1:16.21
Phase:train -- Batch_idx:200/391-- 453.80 samples/sec-- Loss:0.60 -- Error1:18.51
Phase:train -- Batch_idx:300/391-- 454.53 samples/sec-- Loss:0.66 -- Error1:20.15
Train_Loss = 0.6982706058120728, Train_Err = 21.294
Val_Loss = 2.06969537525177, Val_Err = 48.87
Epoch: [86 | 200]
Phase:train -- Batch_idx:100/391-- 451.54 samples/sec-- Loss:0.53 -- Error1:16.05
Phase:train -- Batch_idx:200/391-- 453.60 samples/sec-- Loss:0.59 -- Error1:18.22
Phase:train -- Batch_idx:300/391-- 454.29 samples/sec-- Loss:0.66 -- Error1:19.91
Train_Loss = 0.6986484016227722, Train_Err = 21.162
Val_Loss = 1.996445525932312, Val_Err = 47.83
Epoch: [87 | 200]
Phase:train -- Batch_idx:100/391-- 451.41 samples/sec-- Loss:0.53 -- Error1:15.81
Phase:train -- Batch_idx:200/391-- 453.60 samples/sec-- Loss:0.59 -- Error1:17.76
Phase:train -- Batch_idx:300/391-- 454.28 samples/sec-- Loss:0.66 -- Error1:19.87
Train_Loss = 0.6921150548171997, Train_Err = 20.83
Val_Loss = 2.1423522930145262, Val_Err = 50.21
Epoch: [88 | 200]
Phase:train -- Batch_idx:100/391-- 451.81 samples/sec-- Loss:0.51 -- Error1:15.80
Phase:train -- Batch_idx:200/391-- 453.84 samples/sec-- Loss:0.57 -- Error1:17.66
Phase:train -- Batch_idx:300/391-- 454.55 samples/sec-- Loss:0.64 -- Error1:19.52
Train_Loss = 0.6884018392562866, Train_Err = 20.932
Val_Loss = 1.865556743812561, Val_Err = 46.77
Epoch: [89 | 200]
Phase:train -- Batch_idx:100/391-- 451.85 samples/sec-- Loss:0.53 -- Error1:16.15
Phase:train -- Batch_idx:200/391-- 453.81 samples/sec-- Loss:0.60 -- Error1:18.16
Phase:train -- Batch_idx:300/391-- 454.43 samples/sec-- Loss:0.65 -- Error1:19.95
Train_Loss = 0.7029965468788147, Train_Err = 21.384
Val_Loss = 2.0439661865234373, Val_Err = 50.01
Epoch: [90 | 200]
Phase:train -- Batch_idx:100/391-- 451.58 samples/sec-- Loss:0.51 -- Error1:15.45
Phase:train -- Batch_idx:200/391-- 453.60 samples/sec-- Loss:0.59 -- Error1:17.85
Phase:train -- Batch_idx:300/391-- 454.30 samples/sec-- Loss:0.65 -- Error1:19.52
Train_Loss = 0.684232431602478, Train_Err = 20.646
Val_Loss = 2.137644815444946, Val_Err = 50.78
Epoch: [91 | 200]
Phase:train -- Batch_idx:100/391-- 451.75 samples/sec-- Loss:0.52 -- Error1:15.73
Phase:train -- Batch_idx:200/391-- 453.86 samples/sec-- Loss:0.57 -- Error1:17.38
Phase:train -- Batch_idx:300/391-- 454.54 samples/sec-- Loss:0.65 -- Error1:19.52
Train_Loss = 0.6881123980331421, Train_Err = 20.786
Val_Loss = 2.0003939323425293, Val_Err = 48.15
Epoch: [92 | 200]
Phase:train -- Batch_idx:100/391-- 451.60 samples/sec-- Loss:0.55 -- Error1:17.06
Phase:train -- Batch_idx:200/391-- 453.59 samples/sec-- Loss:0.60 -- Error1:18.29
Phase:train -- Batch_idx:300/391-- 454.29 samples/sec-- Loss:0.66 -- Error1:20.10
Train_Loss = 0.7004635337638855, Train_Err = 21.26
Val_Loss = 2.0005906021118163, Val_Err = 48.33
Epoch: [93 | 200]
Phase:train -- Batch_idx:100/391-- 451.73 samples/sec-- Loss:0.51 -- Error1:15.70
Phase:train -- Batch_idx:200/391-- 453.91 samples/sec-- Loss:0.59 -- Error1:17.69
Phase:train -- Batch_idx:300/391-- 454.45 samples/sec-- Loss:0.65 -- Error1:19.63
Train_Loss = 0.6880899434280395, Train_Err = 20.756
Val_Loss = 2.0351300395965577, Val_Err = 48.48
Epoch: [94 | 200]
Phase:train -- Batch_idx:100/391-- 451.45 samples/sec-- Loss:0.53 -- Error1:15.93
Phase:train -- Batch_idx:200/391-- 453.62 samples/sec-- Loss:0.58 -- Error1:17.82
Phase:train -- Batch_idx:300/391-- 454.40 samples/sec-- Loss:0.65 -- Error1:19.85
Train_Loss = 0.6967378000831604, Train_Err = 21.1
Val_Loss = 1.8990948148727418, Val_Err = 45.83
Epoch: [95 | 200]
Phase:train -- Batch_idx:100/391-- 451.97 samples/sec-- Loss:0.48 -- Error1:14.87
Phase:train -- Batch_idx:200/391-- 453.95 samples/sec-- Loss:0.57 -- Error1:17.58
Phase:train -- Batch_idx:300/391-- 454.65 samples/sec-- Loss:0.65 -- Error1:19.68
Train_Loss = 0.6905410841369629, Train_Err = 21.044
Val_Loss = 1.9704408531188964, Val_Err = 46.8
Epoch: [96 | 200]
Phase:train -- Batch_idx:100/391-- 451.95 samples/sec-- Loss:0.51 -- Error1:15.23
Phase:train -- Batch_idx:200/391-- 453.98 samples/sec-- Loss:0.56 -- Error1:16.87
Phase:train -- Batch_idx:300/391-- 454.68 samples/sec-- Loss:0.63 -- Error1:18.97
Train_Loss = 0.6807524618148804, Train_Err = 20.45
Val_Loss = 2.2683430686950685, Val_Err = 51.63
Epoch: [97 | 200]
Phase:train -- Batch_idx:100/391-- 451.68 samples/sec-- Loss:0.55 -- Error1:16.67
Phase:train -- Batch_idx:200/391-- 453.71 samples/sec-- Loss:0.60 -- Error1:18.36
Phase:train -- Batch_idx:300/391-- 454.37 samples/sec-- Loss:0.67 -- Error1:20.58
Train_Loss = 0.715319709892273, Train_Err = 21.848
Val_Loss = 1.9949656448364257, Val_Err = 47.21
Epoch: [98 | 200]
Phase:train -- Batch_idx:100/391-- 451.91 samples/sec-- Loss:0.53 -- Error1:15.56
Phase:train -- Batch_idx:200/391-- 453.86 samples/sec-- Loss:0.57 -- Error1:17.27
Phase:train -- Batch_idx:300/391-- 454.51 samples/sec-- Loss:0.64 -- Error1:19.46
Train_Loss = 0.6948408765983581, Train_Err = 20.924
Val_Loss = 1.902664949798584, Val_Err = 46.67
Epoch: [99 | 200]
Phase:train -- Batch_idx:100/391-- 451.63 samples/sec-- Loss:0.54 -- Error1:16.32
Phase:train -- Batch_idx:200/391-- 453.70 samples/sec-- Loss:0.61 -- Error1:18.27
Phase:train -- Batch_idx:300/391-- 454.42 samples/sec-- Loss:0.67 -- Error1:20.20
Train_Loss = 0.7008029670333862, Train_Err = 21.22
Val_Loss = 1.9488922220230103, Val_Err = 46.45
Epoch: [100 | 200]
Phase:train -- Batch_idx:100/391-- 451.57 samples/sec-- Loss:0.33 -- Error1:9.11
Phase:train -- Batch_idx:200/391-- 453.62 samples/sec-- Loss:0.27 -- Error1:7.21
Phase:train -- Batch_idx:300/391-- 454.32 samples/sec-- Loss:0.23 -- Error1:6.24
Train_Loss = 0.21244580864906312, Train_Err = 5.6
Val_Loss = 1.3139526839256286, Val_Err = 34.07
Epoch: [101 | 200]
Phase:train -- Batch_idx:100/391-- 451.55 samples/sec-- Loss:0.08 -- Error1:1.16
Phase:train -- Batch_idx:200/391-- 453.59 samples/sec-- Loss:0.08 -- Error1:1.14
Phase:train -- Batch_idx:300/391-- 454.29 samples/sec-- Loss:0.08 -- Error1:1.19
Train_Loss = 0.07535313398122788, Train_Err = 1.212
Val_Loss = 1.3270101449966432, Val_Err = 33.38
Epoch: [102 | 200]
Phase:train -- Batch_idx:100/391-- 451.25 samples/sec-- Loss:0.05 -- Error1:0.57
Phase:train -- Batch_idx:200/391-- 453.31 samples/sec-- Loss:0.05 -- Error1:0.57
Phase:train -- Batch_idx:300/391-- 453.96 samples/sec-- Loss:0.05 -- Error1:0.58
Train_Loss = 0.04660400808095932, Train_Err = 0.574
Val_Loss = 1.3374806566238404, Val_Err = 33.11
Epoch: [103 | 200]
Phase:train -- Batch_idx:100/391-- 450.96 samples/sec-- Loss:0.03 -- Error1:0.24
Phase:train -- Batch_idx:200/391-- 453.05 samples/sec-- Loss:0.03 -- Error1:0.28
Phase:train -- Batch_idx:300/391-- 453.85 samples/sec-- Loss:0.03 -- Error1:0.29
Train_Loss = 0.03339345569372177, Train_Err = 0.302
Val_Loss = 1.3411319145202636, Val_Err = 32.82
Epoch: [104 | 200]
Phase:train -- Batch_idx:100/391-- 450.80 samples/sec-- Loss:0.03 -- Error1:0.13
Phase:train -- Batch_idx:200/391-- 453.16 samples/sec-- Loss:0.03 -- Error1:0.16
Phase:train -- Batch_idx:300/391-- 453.97 samples/sec-- Loss:0.03 -- Error1:0.16
Train_Loss = 0.026823329638242722, Train_Err = 0.182
Val_Loss = 1.345662479877472, Val_Err = 32.86
Epoch: [105 | 200]
Phase:train -- Batch_idx:100/391-- 451.35 samples/sec-- Loss:0.02 -- Error1:0.09
Phase:train -- Batch_idx:200/391-- 453.46 samples/sec-- Loss:0.02 -- Error1:0.11
Phase:train -- Batch_idx:300/391-- 454.25 samples/sec-- Loss:0.02 -- Error1:0.12
Train_Loss = 0.022653224257230757, Train_Err = 0.142
Val_Loss = 1.3508922972679138, Val_Err = 33.04
Epoch: [106 | 200]
Phase:train -- Batch_idx:100/391-- 451.74 samples/sec-- Loss:0.02 -- Error1:0.05
Phase:train -- Batch_idx:200/391-- 453.69 samples/sec-- Loss:0.02 -- Error1:0.07
Phase:train -- Batch_idx:300/391-- 454.38 samples/sec-- Loss:0.02 -- Error1:0.08
Train_Loss = 0.019194559062719344, Train_Err = 0.09
Val_Loss = 1.3573038114547729, Val_Err = 32.98
Epoch: [107 | 200]
Phase:train -- Batch_idx:100/391-- 451.26 samples/sec-- Loss:0.02 -- Error1:0.02
Phase:train -- Batch_idx:200/391-- 453.29 samples/sec-- Loss:0.02 -- Error1:0.05
Phase:train -- Batch_idx:300/391-- 453.90 samples/sec-- Loss:0.02 -- Error1:0.07
Train_Loss = 0.017400433958172798, Train_Err = 0.082
Val_Loss = 1.3574360551834106, Val_Err = 33.07
Epoch: [108 | 200]
Phase:train -- Batch_idx:100/391-- 451.37 samples/sec-- Loss:0.02 -- Error1:0.06
Phase:train -- Batch_idx:200/391-- 453.50 samples/sec-- Loss:0.02 -- Error1:0.06
Phase:train -- Batch_idx:300/391-- 454.13 samples/sec-- Loss:0.02 -- Error1:0.07
Train_Loss = 0.01596070058822632, Train_Err = 0.062
Val_Loss = 1.3597055770874023, Val_Err = 32.87
Epoch: [109 | 200]
Phase:train -- Batch_idx:100/391-- 451.18 samples/sec-- Loss:0.01 -- Error1:0.04
Phase:train -- Batch_idx:200/391-- 453.24 samples/sec-- Loss:0.01 -- Error1:0.05
Phase:train -- Batch_idx:300/391-- 454.00 samples/sec-- Loss:0.01 -- Error1:0.04
Train_Loss = 0.015026634154319762, Train_Err = 0.05
Val_Loss = 1.353757077407837, Val_Err = 32.67
Epoch: [110 | 200]
Phase:train -- Batch_idx:100/391-- 451.44 samples/sec-- Loss:0.01 -- Error1:0.03
Phase:train -- Batch_idx:200/391-- 453.39 samples/sec-- Loss:0.01 -- Error1:0.03
Phase:train -- Batch_idx:300/391-- 454.09 samples/sec-- Loss:0.01 -- Error1:0.03
Train_Loss = 0.014051857619583608, Train_Err = 0.038
Val_Loss = 1.347739162158966, Val_Err = 32.76
Epoch: [111 | 200]
Phase:train -- Batch_idx:100/391-- 451.73 samples/sec-- Loss:0.01 -- Error1:0.07
Phase:train -- Batch_idx:200/391-- 453.64 samples/sec-- Loss:0.01 -- Error1:0.06
Phase:train -- Batch_idx:300/391-- 454.30 samples/sec-- Loss:0.01 -- Error1:0.05
Train_Loss = 0.013949289947748184, Train_Err = 0.048
Val_Loss = 1.353041070175171, Val_Err = 32.72
Epoch: [112 | 200]
Phase:train -- Batch_idx:100/391-- 450.72 samples/sec-- Loss:0.01 -- Error1:0.05
Phase:train -- Batch_idx:200/391-- 452.91 samples/sec-- Loss:0.01 -- Error1:0.04
Phase:train -- Batch_idx:300/391-- 453.66 samples/sec-- Loss:0.01 -- Error1:0.04
Train_Loss = 0.013324009639620781, Train_Err = 0.036
Val_Loss = 1.3418864720344543, Val_Err = 32.45
Epoch: [113 | 200]
Phase:train -- Batch_idx:100/391-- 451.25 samples/sec-- Loss:0.01 -- Error1:0.07
Phase:train -- Batch_idx:200/391-- 453.44 samples/sec-- Loss:0.01 -- Error1:0.05
Phase:train -- Batch_idx:300/391-- 454.17 samples/sec-- Loss:0.01 -- Error1:0.04
Train_Loss = 0.013061933750510216, Train_Err = 0.052
Val_Loss = 1.3445508453369142, Val_Err = 32.56
Epoch: [114 | 200]
Phase:train -- Batch_idx:100/391-- 451.32 samples/sec-- Loss:0.01 -- Error1:0.04
Phase:train -- Batch_idx:200/391-- 453.43 samples/sec-- Loss:0.01 -- Error1:0.04
Phase:train -- Batch_idx:300/391-- 454.23 samples/sec-- Loss:0.01 -- Error1:0.04
Train_Loss = 0.012698183119297027, Train_Err = 0.042
Val_Loss = 1.340328158378601, Val_Err = 32.35
Epoch: [115 | 200]
Phase:train -- Batch_idx:100/391-- 451.58 samples/sec-- Loss:0.01 -- Error1:0.02
Phase:train -- Batch_idx:200/391-- 453.56 samples/sec-- Loss:0.01 -- Error1:0.03
Phase:train -- Batch_idx:300/391-- 454.08 samples/sec-- Loss:0.01 -- Error1:0.04
Train_Loss = 0.012618203201293945, Train_Err = 0.034
Val_Loss = 1.3492562158584596, Val_Err = 32.51
Epoch: [116 | 200]
Phase:train -- Batch_idx:100/391-- 451.33 samples/sec-- Loss:0.01 -- Error1:0.03
Phase:train -- Batch_idx:200/391-- 453.38 samples/sec-- Loss:0.01 -- Error1:0.04
Phase:train -- Batch_idx:300/391-- 454.10 samples/sec-- Loss:0.01 -- Error1:0.04
Train_Loss = 0.012353755499124527, Train_Err = 0.042
Val_Loss = 1.3394843852996827, Val_Err = 32.76
Epoch: [117 | 200]
Phase:train -- Batch_idx:100/391-- 451.35 samples/sec-- Loss:0.01 -- Error1:0.03
Phase:train -- Batch_idx:200/391-- 453.23 samples/sec-- Loss:0.01 -- Error1:0.04
Phase:train -- Batch_idx:300/391-- 453.87 samples/sec-- Loss:0.01 -- Error1:0.04
Train_Loss = 0.012272440241575241, Train_Err = 0.042
Val_Loss = 1.3432397065162658, Val_Err = 32.58
Epoch: [118 | 200]
Phase:train -- Batch_idx:100/391-- 451.22 samples/sec-- Loss:0.01 -- Error1:0.02
Phase:train -- Batch_idx:200/391-- 453.19 samples/sec-- Loss:0.01 -- Error1:0.04
Phase:train -- Batch_idx:300/391-- 453.85 samples/sec-- Loss:0.01 -- Error1:0.04
Train_Loss = 0.01220215054154396, Train_Err = 0.042
Val_Loss = 1.3401705892562865, Val_Err = 32.51
Epoch: [119 | 200]
Phase:train -- Batch_idx:100/391-- 451.36 samples/sec-- Loss:0.01 -- Error1:0.02
Phase:train -- Batch_idx:200/391-- 453.36 samples/sec-- Loss:0.01 -- Error1:0.04
Phase:train -- Batch_idx:300/391-- 454.06 samples/sec-- Loss:0.01 -- Error1:0.04
Train_Loss = 0.012185364878177642, Train_Err = 0.04
Val_Loss = 1.340424246120453, Val_Err = 32.69
Epoch: [120 | 200]
Phase:train -- Batch_idx:100/391-- 451.50 samples/sec-- Loss:0.01 -- Error1:0.03
Phase:train -- Batch_idx:200/391-- 453.53 samples/sec-- Loss:0.01 -- Error1:0.03
Phase:train -- Batch_idx:300/391-- 454.19 samples/sec-- Loss:0.01 -- Error1:0.03
Train_Loss = 0.01143338984310627, Train_Err = 0.028
Val_Loss = 1.3411551750183106, Val_Err = 32.81
Epoch: [121 | 200]
Phase:train -- Batch_idx:100/391-- 451.35 samples/sec-- Loss:0.01 -- Error1:0.05
Phase:train -- Batch_idx:200/391-- 453.40 samples/sec-- Loss:0.01 -- Error1:0.03
Phase:train -- Batch_idx:300/391-- 454.08 samples/sec-- Loss:0.01 -- Error1:0.02
Train_Loss = 0.011200782150030135, Train_Err = 0.026
Val_Loss = 1.3335994920730592, Val_Err = 32.31
Epoch: [122 | 200]
Phase:train -- Batch_idx:100/391-- 451.00 samples/sec-- Loss:0.01 -- Error1:0.05
Phase:train -- Batch_idx:200/391-- 453.21 samples/sec-- Loss:0.01 -- Error1:0.04
Phase:train -- Batch_idx:300/391-- 453.93 samples/sec-- Loss:0.01 -- Error1:0.03
Train_Loss = 0.011098864252567292, Train_Err = 0.026
Val_Loss = 1.3382724511146546, Val_Err = 32.6
Epoch: [123 | 200]
Phase:train -- Batch_idx:100/391-- 451.05 samples/sec-- Loss:0.01 -- Error1:0.03
Phase:train -- Batch_idx:200/391-- 453.04 samples/sec-- Loss:0.01 -- Error1:0.02
Phase:train -- Batch_idx:300/391-- 453.40 samples/sec-- Loss:0.01 -- Error1:0.02
Train_Loss = 0.010964584336280822, Train_Err = 0.022
Val_Loss = 1.3374171931266785, Val_Err = 32.6
Epoch: [124 | 200]
Phase:train -- Batch_idx:100/391-- 450.62 samples/sec-- Loss:0.01 -- Error1:0.02
Phase:train -- Batch_idx:200/391-- 452.92 samples/sec-- Loss:0.01 -- Error1:0.02
Phase:train -- Batch_idx:300/391-- 453.72 samples/sec-- Loss:0.01 -- Error1:0.02
Train_Loss = 0.011112486316859722, Train_Err = 0.02
Val_Loss = 1.3306262237548827, Val_Err = 32.48
Epoch: [125 | 200]
Phase:train -- Batch_idx:100/391-- 450.92 samples/sec-- Loss:0.01 -- Error1:0.02
Phase:train -- Batch_idx:200/391-- 453.13 samples/sec-- Loss:0.01 -- Error1:0.02
Phase:train -- Batch_idx:300/391-- 453.91 samples/sec-- Loss:0.01 -- Error1:0.02
Train_Loss = 0.011022998259663581, Train_Err = 0.024
Val_Loss = 1.3358666687011718, Val_Err = 32.32
Epoch: [126 | 200]
Phase:train -- Batch_idx:100/391-- 450.97 samples/sec-- Loss:0.01 -- Error1:0.01
Phase:train -- Batch_idx:200/391-- 453.19 samples/sec-- Loss:0.01 -- Error1:0.03
Phase:train -- Batch_idx:300/391-- 453.90 samples/sec-- Loss:0.01 -- Error1:0.03
Train_Loss = 0.010774774860739708, Train_Err = 0.026
Val_Loss = 1.3365033132553101, Val_Err = 32.61
Epoch: [127 | 200]
Phase:train -- Batch_idx:100/391-- 451.35 samples/sec-- Loss:0.01 -- Error1:0.00
Phase:train -- Batch_idx:200/391-- 453.45 samples/sec-- Loss:0.01 -- Error1:0.00
Phase:train -- Batch_idx:300/391-- 454.15 samples/sec-- Loss:0.01 -- Error1:0.01
Train_Loss = 0.010780117947757245, Train_Err = 0.02
Val_Loss = 1.3355595548629762, Val_Err = 32.69
Epoch: [128 | 200]
Phase:train -- Batch_idx:100/391-- 451.42 samples/sec-- Loss:0.01 -- Error1:0.03
Phase:train -- Batch_idx:200/391-- 453.50 samples/sec-- Loss:0.01 -- Error1:0.02
Phase:train -- Batch_idx:300/391-- 454.17 samples/sec-- Loss:0.01 -- Error1:0.03
Train_Loss = 0.010825179795622825, Train_Err = 0.022
Val_Loss = 1.330638041305542, Val_Err = 32.32
Epoch: [129 | 200]
Phase:train -- Batch_idx:100/391-- 451.22 samples/sec-- Loss:0.01 -- Error1:0.02
Phase:train -- Batch_idx:200/391-- 453.25 samples/sec-- Loss:0.01 -- Error1:0.02
Phase:train -- Batch_idx:300/391-- 453.99 samples/sec-- Loss:0.01 -- Error1:0.02
Train_Loss = 0.010769041216373443, Train_Err = 0.018
Val_Loss = 1.3334230961799622, Val_Err = 32.46
Epoch: [130 | 200]
Phase:train -- Batch_idx:100/391-- 451.28 samples/sec-- Loss:0.01 -- Error1:0.02
Phase:train -- Batch_idx:200/391-- 453.36 samples/sec-- Loss:0.01 -- Error1:0.02
Phase:train -- Batch_idx:300/391-- 454.05 samples/sec-- Loss:0.01 -- Error1:0.03
Train_Loss = 0.011181642268300056, Train_Err = 0.03
Val_Loss = 1.336019764137268, Val_Err = 32.52
Epoch: [131 | 200]
Phase:train -- Batch_idx:100/391-- 451.24 samples/sec-- Loss:0.01 -- Error1:0.02
Phase:train -- Batch_idx:200/391-- 453.41 samples/sec-- Loss:0.01 -- Error1:0.02
Phase:train -- Batch_idx:300/391-- 454.15 samples/sec-- Loss:0.01 -- Error1:0.02
Train_Loss = 0.0110181627202034, Train_Err = 0.02
Val_Loss = 1.3359838260650634, Val_Err = 32.56
Epoch: [132 | 200]
Phase:train -- Batch_idx:100/391-- 451.25 samples/sec-- Loss:0.01 -- Error1:0.00
Phase:train -- Batch_idx:200/391-- 453.36 samples/sec-- Loss:0.01 -- Error1:0.02
Phase:train -- Batch_idx:300/391-- 454.11 samples/sec-- Loss:0.01 -- Error1:0.02
Train_Loss = 0.010836921073198318, Train_Err = 0.026
Val_Loss = 1.3327147424697876, Val_Err = 32.31
Epoch: [133 | 200]
Phase:train -- Batch_idx:100/391-- 451.14 samples/sec-- Loss:0.01 -- Error1:0.05
Phase:train -- Batch_idx:200/391-- 453.18 samples/sec-- Loss:0.01 -- Error1:0.03
Phase:train -- Batch_idx:300/391-- 453.83 samples/sec-- Loss:0.01 -- Error1:0.02
Train_Loss = 0.010770203054845334, Train_Err = 0.02
Val_Loss = 1.3335755401611329, Val_Err = 32.44
Epoch: [134 | 200]
Phase:train -- Batch_idx:100/391-- 451.62 samples/sec-- Loss:0.01 -- Error1:0.02
Phase:train -- Batch_idx:200/391-- 453.74 samples/sec-- Loss:0.01 -- Error1:0.02
Phase:train -- Batch_idx:300/391-- 454.42 samples/sec-- Loss:0.01 -- Error1:0.02
Train_Loss = 0.0107731940305233, Train_Err = 0.024
Val_Loss = 1.3335539944648742, Val_Err = 32.37
Epoch: [135 | 200]
Phase:train -- Batch_idx:100/391-- 451.52 samples/sec-- Loss:0.01 -- Error1:0.04
Phase:train -- Batch_idx:200/391-- 453.59 samples/sec-- Loss:0.01 -- Error1:0.04
Phase:train -- Batch_idx:300/391-- 454.28 samples/sec-- Loss:0.01 -- Error1:0.03
Train_Loss = 0.010551217238306999, Train_Err = 0.028
Val_Loss = 1.3366853916168213, Val_Err = 32.61
Epoch: [136 | 200]
Phase:train -- Batch_idx:100/391-- 451.39 samples/sec-- Loss:0.01 -- Error1:0.01
Phase:train -- Batch_idx:200/391-- 453.49 samples/sec-- Loss:0.01 -- Error1:0.03
Phase:train -- Batch_idx:300/391-- 454.15 samples/sec-- Loss:0.01 -- Error1:0.03
Train_Loss = 0.010878781833946706, Train_Err = 0.028
Val_Loss = 1.3371986154556275, Val_Err = 32.42
Epoch: [137 | 200]
Phase:train -- Batch_idx:100/391-- 451.60 samples/sec-- Loss:0.01 -- Error1:0.03
Phase:train -- Batch_idx:200/391-- 453.60 samples/sec-- Loss:0.01 -- Error1:0.02
Phase:train -- Batch_idx:300/391-- 454.24 samples/sec-- Loss:0.01 -- Error1:0.02
Train_Loss = 0.010898199207782745, Train_Err = 0.02
Val_Loss = 1.3302172605514526, Val_Err = 32.62
Epoch: [138 | 200]
Phase:train -- Batch_idx:100/391-- 451.25 samples/sec-- Loss:0.01 -- Error1:0.03
Phase:train -- Batch_idx:200/391-- 453.37 samples/sec-- Loss:0.01 -- Error1:0.03
Phase:train -- Batch_idx:300/391-- 454.06 samples/sec-- Loss:0.01 -- Error1:0.03
Train_Loss = 0.010810918558239936, Train_Err = 0.026
Val_Loss = 1.3281886736869812, Val_Err = 32.34
Epoch: [139 | 200]
Phase:train -- Batch_idx:100/391-- 451.33 samples/sec-- Loss:0.01 -- Error1:0.01
Phase:train -- Batch_idx:200/391-- 453.32 samples/sec-- Loss:0.01 -- Error1:0.02
Phase:train -- Batch_idx:300/391-- 454.05 samples/sec-- Loss:0.01 -- Error1:0.03
Train_Loss = 0.010670379184782504, Train_Err = 0.022
Val_Loss = 1.3329998289108276, Val_Err = 32.34
Epoch: [140 | 200]
Phase:train -- Batch_idx:100/391-- 451.44 samples/sec-- Loss:0.01 -- Error1:0.01
Phase:train -- Batch_idx:200/391-- 453.39 samples/sec-- Loss:0.01 -- Error1:0.01
Phase:train -- Batch_idx:300/391-- 454.04 samples/sec-- Loss:0.01 -- Error1:0.01
Train_Loss = 0.010742607283592224, Train_Err = 0.014
Val_Loss = 1.3308336708068849, Val_Err = 32.22
Epoch: [141 | 200]
Phase:train -- Batch_idx:100/391-- 450.90 samples/sec-- Loss:0.01 -- Error1:0.04
Phase:train -- Batch_idx:200/391-- 453.07 samples/sec-- Loss:0.01 -- Error1:0.03
Phase:train -- Batch_idx:300/391-- 453.82 samples/sec-- Loss:0.01 -- Error1:0.03
Train_Loss = 0.010759249334335327, Train_Err = 0.034
Val_Loss = 1.330606951713562, Val_Err = 32.4
Epoch: [142 | 200]
Phase:train -- Batch_idx:100/391-- 451.27 samples/sec-- Loss:0.01 -- Error1:0.04
Phase:train -- Batch_idx:200/391-- 453.38 samples/sec-- Loss:0.01 -- Error1:0.02
Phase:train -- Batch_idx:300/391-- 454.11 samples/sec-- Loss:0.01 -- Error1:0.02
Train_Loss = 0.0107293334248662, Train_Err = 0.016
Val_Loss = 1.3269574741363526, Val_Err = 32.46
Epoch: [143 | 200]
Phase:train -- Batch_idx:100/391-- 450.76 samples/sec-- Loss:0.01 -- Error1:0.02
Phase:train -- Batch_idx:200/391-- 453.00 samples/sec-- Loss:0.01 -- Error1:0.03
Phase:train -- Batch_idx:300/391-- 453.75 samples/sec-- Loss:0.01 -- Error1:0.02
Train_Loss = 0.010788267501592636, Train_Err = 0.024
Val_Loss = 1.331230755996704, Val_Err = 32.39
Epoch: [144 | 200]
Phase:train -- Batch_idx:100/391-- 451.18 samples/sec-- Loss:0.01 -- Error1:0.03
Phase:train -- Batch_idx:200/391-- 453.44 samples/sec-- Loss:0.01 -- Error1:0.02
Phase:train -- Batch_idx:300/391-- 454.18 samples/sec-- Loss:0.01 -- Error1:0.03
Train_Loss = 0.01087805875658989, Train_Err = 0.024
Val_Loss = 1.3321359272003175, Val_Err = 32.45
Epoch: [145 | 200]
Phase:train -- Batch_idx:100/391-- 451.31 samples/sec-- Loss:0.01 -- Error1:0.01
Phase:train -- Batch_idx:200/391-- 453.42 samples/sec-- Loss:0.01 -- Error1:0.01
Phase:train -- Batch_idx:300/391-- 454.17 samples/sec-- Loss:0.01 -- Error1:0.01
Train_Loss = 0.010836515008211136, Train_Err = 0.016
Val_Loss = 1.3364179954528808, Val_Err = 32.65
Epoch: [146 | 200]
Phase:train -- Batch_idx:100/391-- 451.06 samples/sec-- Loss:0.01 -- Error1:0.02
Phase:train -- Batch_idx:200/391-- 453.24 samples/sec-- Loss:0.01 -- Error1:0.03
Phase:train -- Batch_idx:300/391-- 454.00 samples/sec-- Loss:0.01 -- Error1:0.02
Train_Loss = 0.010861127300858498, Train_Err = 0.024
Val_Loss = 1.3301746852874756, Val_Err = 32.42
Epoch: [147 | 200]
Phase:train -- Batch_idx:100/391-- 451.39 samples/sec-- Loss:0.01 -- Error1:0.03
Phase:train -- Batch_idx:200/391-- 453.45 samples/sec-- Loss:0.01 -- Error1:0.03
Phase:train -- Batch_idx:300/391-- 454.17 samples/sec-- Loss:0.01 -- Error1:0.03
Train_Loss = 0.010824535003900527, Train_Err = 0.028
Val_Loss = 1.3324348415374756, Val_Err = 32.55
Epoch: [148 | 200]
Phase:train -- Batch_idx:100/391-- 451.46 samples/sec-- Loss:0.01 -- Error1:0.03
Phase:train -- Batch_idx:200/391-- 453.48 samples/sec-- Loss:0.01 -- Error1:0.02
Phase:train -- Batch_idx:300/391-- 454.18 samples/sec-- Loss:0.01 -- Error1:0.02
Train_Loss = 0.010664255363941192, Train_Err = 0.02
Val_Loss = 1.3324964683532714, Val_Err = 32.51
Epoch: [149 | 200]
Phase:train -- Batch_idx:100/391-- 451.23 samples/sec-- Loss:0.01 -- Error1:0.03
Phase:train -- Batch_idx:200/391-- 453.28 samples/sec-- Loss:0.01 -- Error1:0.03
Phase:train -- Batch_idx:300/391-- 453.99 samples/sec-- Loss:0.01 -- Error1:0.02
Train_Loss = 0.01065189805328846, Train_Err = 0.02
Val_Loss = 1.3323680446624755, Val_Err = 32.38
Epoch: [150 | 200]
Phase:train -- Batch_idx:100/391-- 451.12 samples/sec-- Loss:0.01 -- Error1:0.03
Phase:train -- Batch_idx:200/391-- 453.41 samples/sec-- Loss:0.01 -- Error1:0.02
Phase:train -- Batch_idx:300/391-- 454.15 samples/sec-- Loss:0.01 -- Error1:0.03
Train_Loss = 0.01092074432015419, Train_Err = 0.026
Val_Loss = 1.3287571041107178, Val_Err = 32.29
Epoch: [151 | 200]
Phase:train -- Batch_idx:100/391-- 451.33 samples/sec-- Loss:0.01 -- Error1:0.03
Phase:train -- Batch_idx:200/391-- 453.35 samples/sec-- Loss:0.01 -- Error1:0.02
Phase:train -- Batch_idx:300/391-- 454.03 samples/sec-- Loss:0.01 -- Error1:0.02
Train_Loss = 0.010738470858037473, Train_Err = 0.026
Val_Loss = 1.3358959770202636, Val_Err = 32.47
Epoch: [152 | 200]
Phase:train -- Batch_idx:100/391-- 450.95 samples/sec-- Loss:0.01 -- Error1:0.02
Phase:train -- Batch_idx:200/391-- 453.04 samples/sec-- Loss:0.01 -- Error1:0.02
Phase:train -- Batch_idx:300/391-- 453.75 samples/sec-- Loss:0.01 -- Error1:0.02
Train_Loss = 0.010522971061468125, Train_Err = 0.018
Val_Loss = 1.3338858446121216, Val_Err = 32.39
Epoch: [153 | 200]
Phase:train -- Batch_idx:100/391-- 451.06 samples/sec-- Loss:0.01 -- Error1:0.01
Phase:train -- Batch_idx:200/391-- 453.21 samples/sec-- Loss:0.01 -- Error1:0.02
Phase:train -- Batch_idx:300/391-- 453.87 samples/sec-- Loss:0.01 -- Error1:0.02
Train_Loss = 0.01083783230662346, Train_Err = 0.02
Val_Loss = 1.3311157653808594, Val_Err = 32.32
Epoch: [154 | 200]
Phase:train -- Batch_idx:100/391-- 451.08 samples/sec-- Loss:0.01 -- Error1:0.00
Phase:train -- Batch_idx:200/391-- 453.20 samples/sec-- Loss:0.01 -- Error1:0.02
Phase:train -- Batch_idx:300/391-- 453.90 samples/sec-- Loss:0.01 -- Error1:0.02
Train_Loss = 0.010836623067855836, Train_Err = 0.02
Val_Loss = 1.3320882539749146, Val_Err = 32.42
Epoch: [155 | 200]
Phase:train -- Batch_idx:100/391-- 451.40 samples/sec-- Loss:0.01 -- Error1:0.02
Phase:train -- Batch_idx:200/391-- 453.39 samples/sec-- Loss:0.01 -- Error1:0.02
Phase:train -- Batch_idx:300/391-- 454.03 samples/sec-- Loss:0.01 -- Error1:0.03
Train_Loss = 0.01100990372568369, Train_Err = 0.026
Val_Loss = 1.3312738386154175, Val_Err = 32.34
Epoch: [156 | 200]
Phase:train -- Batch_idx:100/391-- 451.46 samples/sec-- Loss:0.01 -- Error1:0.01
Phase:train -- Batch_idx:200/391-- 453.48 samples/sec-- Loss:0.01 -- Error1:0.02
Phase:train -- Batch_idx:300/391-- 454.19 samples/sec-- Loss:0.01 -- Error1:0.02
Train_Loss = 0.010640003943443298, Train_Err = 0.022
Val_Loss = 1.3325231391906738, Val_Err = 32.54
Epoch: [157 | 200]
Phase:train -- Batch_idx:100/391-- 451.26 samples/sec-- Loss:0.01 -- Error1:0.02
Phase:train -- Batch_idx:200/391-- 453.36 samples/sec-- Loss:0.01 -- Error1:0.02
Phase:train -- Batch_idx:300/391-- 454.06 samples/sec-- Loss:0.01 -- Error1:0.02
Train_Loss = 0.010823091741204261, Train_Err = 0.02
Val_Loss = 1.331976933670044, Val_Err = 32.49
Epoch: [158 | 200]
Phase:train -- Batch_idx:100/391-- 451.35 samples/sec-- Loss:0.01 -- Error1:0.02
Phase:train -- Batch_idx:200/391-- 453.47 samples/sec-- Loss:0.01 -- Error1:0.02
Phase:train -- Batch_idx:300/391-- 453.98 samples/sec-- Loss:0.01 -- Error1:0.02
Train_Loss = 0.010757265791296959, Train_Err = 0.03
Val_Loss = 1.3292517881393433, Val_Err = 32.04
Epoch: [159 | 200]
Phase:train -- Batch_idx:100/391-- 451.43 samples/sec-- Loss:0.01 -- Error1:0.06
Phase:train -- Batch_idx:200/391-- 453.54 samples/sec-- Loss:0.01 -- Error1:0.05
Phase:train -- Batch_idx:300/391-- 454.20 samples/sec-- Loss:0.01 -- Error1:0.04
Train_Loss = 0.010871725842356681, Train_Err = 0.038
Val_Loss = 1.32928316822052, Val_Err = 32.51
Epoch: [160 | 200]
Phase:train -- Batch_idx:100/391-- 451.36 samples/sec-- Loss:0.01 -- Error1:0.02
Phase:train -- Batch_idx:200/391-- 453.50 samples/sec-- Loss:0.01 -- Error1:0.02
Phase:train -- Batch_idx:300/391-- 454.17 samples/sec-- Loss:0.01 -- Error1:0.02
Train_Loss = 0.01083743022620678, Train_Err = 0.018
Val_Loss = 1.3314154983520508, Val_Err = 32.53
Epoch: [161 | 200]
Phase:train -- Batch_idx:100/391-- 451.41 samples/sec-- Loss:0.01 -- Error1:0.02
Phase:train -- Batch_idx:200/391-- 453.61 samples/sec-- Loss:0.01 -- Error1:0.02
Phase:train -- Batch_idx:300/391-- 454.32 samples/sec-- Loss:0.01 -- Error1:0.03
Train_Loss = 0.010905739604234695, Train_Err = 0.026
Val_Loss = 1.3328376132965087, Val_Err = 32.3
Epoch: [162 | 200]
Phase:train -- Batch_idx:100/391-- 451.33 samples/sec-- Loss:0.01 -- Error1:0.04
Phase:train -- Batch_idx:200/391-- 453.34 samples/sec-- Loss:0.01 -- Error1:0.02
Phase:train -- Batch_idx:300/391-- 454.04 samples/sec-- Loss:0.01 -- Error1:0.02
Train_Loss = 0.010671230446100235, Train_Err = 0.02
Val_Loss = 1.3338561227798462, Val_Err = 32.27
Epoch: [163 | 200]
Phase:train -- Batch_idx:100/391-- 451.38 samples/sec-- Loss:0.01 -- Error1:0.02
Phase:train -- Batch_idx:200/391-- 453.50 samples/sec-- Loss:0.01 -- Error1:0.02
Phase:train -- Batch_idx:300/391-- 454.21 samples/sec-- Loss:0.01 -- Error1:0.03
Train_Loss = 0.010627943360507488, Train_Err = 0.024
Val_Loss = 1.325601278114319, Val_Err = 32.37
Epoch: [164 | 200]
Phase:train -- Batch_idx:100/391-- 450.99 samples/sec-- Loss:0.01 -- Error1:0.03
Phase:train -- Batch_idx:200/391-- 453.19 samples/sec-- Loss:0.01 -- Error1:0.02
Phase:train -- Batch_idx:300/391-- 453.94 samples/sec-- Loss:0.01 -- Error1:0.02
Train_Loss = 0.010867591213583947, Train_Err = 0.026
Val_Loss = 1.3271671619415284, Val_Err = 32.31
Epoch: [165 | 200]
Phase:train -- Batch_idx:100/391-- 451.33 samples/sec-- Loss:0.01 -- Error1:0.04
Phase:train -- Batch_idx:200/391-- 453.34 samples/sec-- Loss:0.01 -- Error1:0.03
Phase:train -- Batch_idx:300/391-- 453.99 samples/sec-- Loss:0.01 -- Error1:0.03
Train_Loss = 0.01077737098455429, Train_Err = 0.026
Val_Loss = 1.3279866079330445, Val_Err = 32.41
Epoch: [166 | 200]
Phase:train -- Batch_idx:100/391-- 451.21 samples/sec-- Loss:0.01 -- Error1:0.02
Phase:train -- Batch_idx:200/391-- 453.38 samples/sec-- Loss:0.01 -- Error1:0.02
Phase:train -- Batch_idx:300/391-- 454.11 samples/sec-- Loss:0.01 -- Error1:0.03
Train_Loss = 0.010816646092832088, Train_Err = 0.028
Val_Loss = 1.3300716651916504, Val_Err = 32.67
Epoch: [167 | 200]
Phase:train -- Batch_idx:100/391-- 451.19 samples/sec-- Loss:0.01 -- Error1:0.04
Phase:train -- Batch_idx:200/391-- 453.34 samples/sec-- Loss:0.01 -- Error1:0.05
Phase:train -- Batch_idx:300/391-- 454.02 samples/sec-- Loss:0.01 -- Error1:0.03
Train_Loss = 0.01067621546626091, Train_Err = 0.03
Val_Loss = 1.3317024059295655, Val_Err = 32.39
Epoch: [168 | 200]
Phase:train -- Batch_idx:100/391-- 451.51 samples/sec-- Loss:0.01 -- Error1:0.03
Phase:train -- Batch_idx:200/391-- 453.45 samples/sec-- Loss:0.01 -- Error1:0.03
Phase:train -- Batch_idx:300/391-- 454.14 samples/sec-- Loss:0.01 -- Error1:0.03
Train_Loss = 0.010833524669408798, Train_Err = 0.026
Val_Loss = 1.3320111194610595, Val_Err = 32.46
Epoch: [169 | 200]
Phase:train -- Batch_idx:100/391-- 451.54 samples/sec-- Loss:0.01 -- Error1:0.02
Phase:train -- Batch_idx:200/391-- 453.64 samples/sec-- Loss:0.01 -- Error1:0.02
Phase:train -- Batch_idx:300/391-- 454.36 samples/sec-- Loss:0.01 -- Error1:0.02
Train_Loss = 0.01063186682164669, Train_Err = 0.02
Val_Loss = 1.3340403772354126, Val_Err = 32.53
Epoch: [170 | 200]
Phase:train -- Batch_idx:100/391-- 451.30 samples/sec-- Loss:0.01 -- Error1:0.02
Phase:train -- Batch_idx:200/391-- 453.42 samples/sec-- Loss:0.01 -- Error1:0.03
Phase:train -- Batch_idx:300/391-- 454.08 samples/sec-- Loss:0.01 -- Error1:0.02
Train_Loss = 0.010794763469696045, Train_Err = 0.022
Val_Loss = 1.331203828239441, Val_Err = 32.5
Epoch: [171 | 200]
Phase:train -- Batch_idx:100/391-- 451.35 samples/sec-- Loss:0.01 -- Error1:0.03
Phase:train -- Batch_idx:200/391-- 453.46 samples/sec-- Loss:0.01 -- Error1:0.02
Phase:train -- Batch_idx:300/391-- 454.14 samples/sec-- Loss:0.01 -- Error1:0.02
Train_Loss = 0.010684551910161972, Train_Err = 0.018
Val_Loss = 1.3337546653747558, Val_Err = 32.23
Epoch: [172 | 200]
Phase:train -- Batch_idx:100/391-- 451.37 samples/sec-- Loss:0.01 -- Error1:0.01
Phase:train -- Batch_idx:200/391-- 453.37 samples/sec-- Loss:0.01 -- Error1:0.02
Phase:train -- Batch_idx:300/391-- 454.07 samples/sec-- Loss:0.01 -- Error1:0.02
Train_Loss = 0.010807229579985141, Train_Err = 0.022
Val_Loss = 1.3309093587875367, Val_Err = 32.35
Epoch: [173 | 200]
Phase:train -- Batch_idx:100/391-- 451.32 samples/sec-- Loss:0.01 -- Error1:0.02
Phase:train -- Batch_idx:200/391-- 453.38 samples/sec-- Loss:0.01 -- Error1:0.02
Phase:train -- Batch_idx:300/391-- 454.13 samples/sec-- Loss:0.01 -- Error1:0.02
Train_Loss = 0.01075602007329464, Train_Err = 0.026
Val_Loss = 1.3254697109222413, Val_Err = 32.25
Epoch: [174 | 200]
Phase:train -- Batch_idx:100/391-- 450.67 samples/sec-- Loss:0.01 -- Error1:0.02
Phase:train -- Batch_idx:200/391-- 452.79 samples/sec-- Loss:0.01 -- Error1:0.02
Phase:train -- Batch_idx:300/391-- 453.51 samples/sec-- Loss:0.01 -- Error1:0.02
Train_Loss = 0.010810721920132637, Train_Err = 0.02
Val_Loss = 1.3315143356323242, Val_Err = 32.18
Epoch: [175 | 200]
Phase:train -- Batch_idx:100/391-- 451.38 samples/sec-- Loss:0.01 -- Error1:0.02
Phase:train -- Batch_idx:200/391-- 453.45 samples/sec-- Loss:0.01 -- Error1:0.02
Phase:train -- Batch_idx:300/391-- 454.13 samples/sec-- Loss:0.01 -- Error1:0.02
Train_Loss = 0.010752693296670914, Train_Err = 0.026
Val_Loss = 1.3297827651977538, Val_Err = 32.31
Epoch: [176 | 200]
Phase:train -- Batch_idx:100/391-- 451.13 samples/sec-- Loss:0.01 -- Error1:0.01
Phase:train -- Batch_idx:200/391-- 453.28 samples/sec-- Loss:0.01 -- Error1:0.01
Phase:train -- Batch_idx:300/391-- 454.01 samples/sec-- Loss:0.01 -- Error1:0.01
Train_Loss = 0.010721459970474244, Train_Err = 0.014
Val_Loss = 1.325758888053894, Val_Err = 32.27
Epoch: [177 | 200]
Phase:train -- Batch_idx:100/391-- 451.33 samples/sec-- Loss:0.01 -- Error1:0.02
Phase:train -- Batch_idx:200/391-- 453.42 samples/sec-- Loss:0.01 -- Error1:0.02
Phase:train -- Batch_idx:300/391-- 454.14 samples/sec-- Loss:0.01 -- Error1:0.02
Train_Loss = 0.010665965827405453, Train_Err = 0.016
Val_Loss = 1.3290845092773438, Val_Err = 32.43
Epoch: [178 | 200]
Phase:train -- Batch_idx:100/391-- 450.95 samples/sec-- Loss:0.01 -- Error1:0.02
Phase:train -- Batch_idx:200/391-- 453.12 samples/sec-- Loss:0.01 -- Error1:0.02
Phase:train -- Batch_idx:300/391-- 453.85 samples/sec-- Loss:0.01 -- Error1:0.02
Train_Loss = 0.010710745157003402, Train_Err = 0.022
Val_Loss = 1.32696786403656, Val_Err = 32.18
Epoch: [179 | 200]
Phase:train -- Batch_idx:100/391-- 450.93 samples/sec-- Loss:0.01 -- Error1:0.02
Phase:train -- Batch_idx:200/391-- 453.05 samples/sec-- Loss:0.01 -- Error1:0.02
Phase:train -- Batch_idx:300/391-- 453.82 samples/sec-- Loss:0.01 -- Error1:0.02
Train_Loss = 0.010780138401985169, Train_Err = 0.026
Val_Loss = 1.3290505367279053, Val_Err = 32.39
Epoch: [180 | 200]
Phase:train -- Batch_idx:100/391-- 451.10 samples/sec-- Loss:0.01 -- Error1:0.03
Phase:train -- Batch_idx:200/391-- 453.16 samples/sec-- Loss:0.01 -- Error1:0.03
Phase:train -- Batch_idx:300/391-- 453.88 samples/sec-- Loss:0.01 -- Error1:0.02
Train_Loss = 0.010745745566487313, Train_Err = 0.022
Val_Loss = 1.3318508365631103, Val_Err = 32.42
Epoch: [181 | 200]
Phase:train -- Batch_idx:100/391-- 450.99 samples/sec-- Loss:0.01 -- Error1:0.04
Phase:train -- Batch_idx:200/391-- 453.00 samples/sec-- Loss:0.01 -- Error1:0.04
Phase:train -- Batch_idx:300/391-- 453.72 samples/sec-- Loss:0.01 -- Error1:0.03
Train_Loss = 0.010643240535259247, Train_Err = 0.024
Val_Loss = 1.3316273684501647, Val_Err = 32.42
Epoch: [182 | 200]
Phase:train -- Batch_idx:100/391-- 451.17 samples/sec-- Loss:0.01 -- Error1:0.02
Phase:train -- Batch_idx:200/391-- 453.25 samples/sec-- Loss:0.01 -- Error1:0.03
Phase:train -- Batch_idx:300/391-- 453.95 samples/sec-- Loss:0.01 -- Error1:0.03
Train_Loss = 0.010594945628643037, Train_Err = 0.028
Val_Loss = 1.3305356817245484, Val_Err = 32.4
Epoch: [183 | 200]
Phase:train -- Batch_idx:100/391-- 450.99 samples/sec-- Loss:0.01 -- Error1:0.04
Phase:train -- Batch_idx:200/391-- 453.16 samples/sec-- Loss:0.01 -- Error1:0.03
Phase:train -- Batch_idx:300/391-- 453.88 samples/sec-- Loss:0.01 -- Error1:0.03
Train_Loss = 0.010676763506531715, Train_Err = 0.024
Val_Loss = 1.3286400651931762, Val_Err = 32.3
Epoch: [184 | 200]
Phase:train -- Batch_idx:100/391-- 451.41 samples/sec-- Loss:0.01 -- Error1:0.01
Phase:train -- Batch_idx:200/391-- 453.42 samples/sec-- Loss:0.01 -- Error1:0.01
Phase:train -- Batch_idx:300/391-- 453.95 samples/sec-- Loss:0.01 -- Error1:0.02
Train_Loss = 0.010709056544303893, Train_Err = 0.02
Val_Loss = 1.3352172483444213, Val_Err = 32.19
Epoch: [185 | 200]
Phase:train -- Batch_idx:100/391-- 451.05 samples/sec-- Loss:0.01 -- Error1:0.03
Phase:train -- Batch_idx:200/391-- 453.03 samples/sec-- Loss:0.01 -- Error1:0.02
Phase:train -- Batch_idx:300/391-- 453.80 samples/sec-- Loss:0.01 -- Error1:0.02
Train_Loss = 0.010674980360865593, Train_Err = 0.022
Val_Loss = 1.3298120288848876, Val_Err = 32.18
Epoch: [186 | 200]
Phase:train -- Batch_idx:100/391-- 451.26 samples/sec-- Loss:0.01 -- Error1:0.02
Phase:train -- Batch_idx:200/391-- 453.37 samples/sec-- Loss:0.01 -- Error1:0.02
Phase:train -- Batch_idx:300/391-- 453.94 samples/sec-- Loss:0.01 -- Error1:0.03
Train_Loss = 0.011072365875840188, Train_Err = 0.032
Val_Loss = 1.333950722694397, Val_Err = 32.23
Epoch: [187 | 200]
Phase:train -- Batch_idx:100/391-- 451.55 samples/sec-- Loss:0.01 -- Error1:0.02
Phase:train -- Batch_idx:200/391-- 453.60 samples/sec-- Loss:0.01 -- Error1:0.02
Phase:train -- Batch_idx:300/391-- 454.30 samples/sec-- Loss:0.01 -- Error1:0.02
Train_Loss = 0.010764224645197391, Train_Err = 0.022
Val_Loss = 1.3311988487243653, Val_Err = 32.35
Epoch: [188 | 200]
Phase:train -- Batch_idx:100/391-- 451.19 samples/sec-- Loss:0.01 -- Error1:0.03
Phase:train -- Batch_idx:200/391-- 453.34 samples/sec-- Loss:0.01 -- Error1:0.03
Phase:train -- Batch_idx:300/391-- 454.08 samples/sec-- Loss:0.01 -- Error1:0.03
Train_Loss = 0.010855152958631516, Train_Err = 0.028
Val_Loss = 1.3313128728866577, Val_Err = 32.43
Epoch: [189 | 200]
Phase:train -- Batch_idx:100/391-- 451.46 samples/sec-- Loss:0.01 -- Error1:0.02
Phase:train -- Batch_idx:200/391-- 453.49 samples/sec-- Loss:0.01 -- Error1:0.02
Phase:train -- Batch_idx:300/391-- 454.20 samples/sec-- Loss:0.01 -- Error1:0.02
Train_Loss = 0.01091973708987236, Train_Err = 0.024
Val_Loss = 1.3302181198120118, Val_Err = 32.45
Epoch: [190 | 200]
Phase:train -- Batch_idx:100/391-- 451.51 samples/sec-- Loss:0.01 -- Error1:0.02
Phase:train -- Batch_idx:200/391-- 453.66 samples/sec-- Loss:0.01 -- Error1:0.03
Phase:train -- Batch_idx:300/391-- 454.30 samples/sec-- Loss:0.01 -- Error1:0.02
Train_Loss = 0.010832590305805207, Train_Err = 0.02
Val_Loss = 1.329697416305542, Val_Err = 32.38
Epoch: [191 | 200]
Phase:train -- Batch_idx:100/391-- 451.44 samples/sec-- Loss:0.01 -- Error1:0.02
Phase:train -- Batch_idx:200/391-- 453.52 samples/sec-- Loss:0.01 -- Error1:0.02
Phase:train -- Batch_idx:300/391-- 454.22 samples/sec-- Loss:0.01 -- Error1:0.02
Train_Loss = 0.01070481310248375, Train_Err = 0.018
Val_Loss = 1.3291831209182738, Val_Err = 32.29
Epoch: [192 | 200]
Phase:train -- Batch_idx:100/391-- 451.71 samples/sec-- Loss:0.01 -- Error1:0.02
Phase:train -- Batch_idx:200/391-- 453.70 samples/sec-- Loss:0.01 -- Error1:0.02
Phase:train -- Batch_idx:300/391-- 454.38 samples/sec-- Loss:0.01 -- Error1:0.02
Train_Loss = 0.010737269504070283, Train_Err = 0.02
Val_Loss = 1.3280448358535766, Val_Err = 32.43
Epoch: [193 | 200]
Phase:train -- Batch_idx:100/391-- 451.32 samples/sec-- Loss:0.01 -- Error1:0.02
Phase:train -- Batch_idx:200/391-- 453.43 samples/sec-- Loss:0.01 -- Error1:0.02
Phase:train -- Batch_idx:300/391-- 454.11 samples/sec-- Loss:0.01 -- Error1:0.02
Train_Loss = 0.01072867806315422, Train_Err = 0.02
Val_Loss = 1.326583146095276, Val_Err = 32.29
Epoch: [194 | 200]
Phase:train -- Batch_idx:100/391-- 451.47 samples/sec-- Loss:0.01 -- Error1:0.02
Phase:train -- Batch_idx:200/391-- 453.50 samples/sec-- Loss:0.01 -- Error1:0.02
Phase:train -- Batch_idx:300/391-- 454.14 samples/sec-- Loss:0.01 -- Error1:0.02
Train_Loss = 0.010675762494504451, Train_Err = 0.018
Val_Loss = 1.332621426010132, Val_Err = 32.25
Epoch: [195 | 200]
Phase:train -- Batch_idx:100/391-- 451.30 samples/sec-- Loss:0.01 -- Error1:0.02
Phase:train -- Batch_idx:200/391-- 453.33 samples/sec-- Loss:0.01 -- Error1:0.03
Phase:train -- Batch_idx:300/391-- 454.07 samples/sec-- Loss:0.01 -- Error1:0.03
Train_Loss = 0.010834341694712639, Train_Err = 0.028
Val_Loss = 1.3323184078216552, Val_Err = 32.27
Epoch: [196 | 200]
Phase:train -- Batch_idx:100/391-- 451.10 samples/sec-- Loss:0.01 -- Error1:0.05
Phase:train -- Batch_idx:200/391-- 453.24 samples/sec-- Loss:0.01 -- Error1:0.04
Phase:train -- Batch_idx:300/391-- 453.98 samples/sec-- Loss:0.01 -- Error1:0.03
Train_Loss = 0.010755080203413963, Train_Err = 0.03
Val_Loss = 1.329519368171692, Val_Err = 32.21
Epoch: [197 | 200]
Phase:train -- Batch_idx:100/391-- 451.43 samples/sec-- Loss:0.01 -- Error1:0.02
Phase:train -- Batch_idx:200/391-- 453.37 samples/sec-- Loss:0.01 -- Error1:0.02
Phase:train -- Batch_idx:300/391-- 454.00 samples/sec-- Loss:0.01 -- Error1:0.02
Train_Loss = 0.010680273385643958, Train_Err = 0.02
Val_Loss = 1.3313990350723266, Val_Err = 32.28
Epoch: [198 | 200]
Phase:train -- Batch_idx:100/391-- 451.34 samples/sec-- Loss:0.01 -- Error1:0.02
Phase:train -- Batch_idx:200/391-- 453.37 samples/sec-- Loss:0.01 -- Error1:0.02
Phase:train -- Batch_idx:300/391-- 454.07 samples/sec-- Loss:0.01 -- Error1:0.02
Train_Loss = 0.010680145255327225, Train_Err = 0.014
Val_Loss = 1.329947667312622, Val_Err = 32.32
Epoch: [199 | 200]
Phase:train -- Batch_idx:100/391-- 451.27 samples/sec-- Loss:0.01 -- Error1:0.02
Phase:train -- Batch_idx:200/391-- 453.42 samples/sec-- Loss:0.01 -- Error1:0.02
Phase:train -- Batch_idx:300/391-- 454.06 samples/sec-- Loss:0.01 -- Error1:0.02
Train_Loss = 0.010758388056159019, Train_Err = 0.024
Val_Loss = 1.3303758247375488, Val_Err = 32.34
