Namespace(bs=128, cp_dir='./checkpoints/cifar10/resnet18/entropy_sgd_0.5_0.0001_0.1_5_0.5/run_ms_2', data_dir='./data/cifar10', dir='.', dtype='cifar10', ep=40, g0=0.5, g1=0.0001, loadckp=False, lr=0.5, milestones=[20, 24], mo=0.9, ms=2, mtype='resnet18', n='cifar10/resnet18/entropy_sgd_0.5_0.0001_0.1_5_0.5', num_classes=10, print_freq=100, sgld_lr=0.1, use_cuda=True, wd=0.0005)
Epoch: [0 | 40]
Phase:train -- -- 2772.79 samples/sec-- Loss:0.97 -- Error1:34.58
Train_Loss = 0.9722496849288941, Train_Err = 34.5796
Phase:val -- -- 8530.74 samples/sec-- Loss:0.65 -- Error1:22.09
Val_Loss = 0.6456679086685181, Val_Err = 22.09
Epoch: [1 | 40]
Phase:train -- -- 2804.33 samples/sec-- Loss:0.36 -- Error1:12.41
Train_Loss = 0.35738956237983704, Train_Err = 12.4064
Phase:val -- -- 8737.31 samples/sec-- Loss:0.55 -- Error1:18.38
Val_Loss = 0.550842430973053, Val_Err = 18.38
Epoch: [2 | 40]
Phase:train -- -- 2803.40 samples/sec-- Loss:0.21 -- Error1:7.23
Train_Loss = 0.2098222559928894, Train_Err = 7.2324
Phase:val -- -- 8732.43 samples/sec-- Loss:0.58 -- Error1:18.39
Val_Loss = 0.5827923428535462, Val_Err = 18.39
Epoch: [3 | 40]
Phase:train -- -- 2803.39 samples/sec-- Loss:0.18 -- Error1:6.15
Train_Loss = 0.17965182196617127, Train_Err = 6.1472
Phase:val -- -- 8750.59 samples/sec-- Loss:0.63 -- Error1:19.01
Val_Loss = 0.6285692591667176, Val_Err = 19.01
Epoch: [4 | 40]
Phase:train -- -- 2804.36 samples/sec-- Loss:0.17 -- Error1:5.62
Train_Loss = 0.16666992316246032, Train_Err = 5.624
Phase:val -- -- 8759.59 samples/sec-- Loss:0.61 -- Error1:18.39
Val_Loss = 0.6093471378326416, Val_Err = 18.39
Epoch: [5 | 40]
Phase:train -- -- 2803.30 samples/sec-- Loss:0.16 -- Error1:5.57
Train_Loss = 0.16367598201656341, Train_Err = 5.5744
Phase:val -- -- 8832.46 samples/sec-- Loss:0.54 -- Error1:17.30
Val_Loss = 0.5436025104522705, Val_Err = 17.3
Epoch: [6 | 40]
Phase:train -- -- 2802.10 samples/sec-- Loss:0.16 -- Error1:5.45
Train_Loss = 0.16161965772342682, Train_Err = 5.4472
Phase:val -- -- 8685.78 samples/sec-- Loss:0.59 -- Error1:18.02
Val_Loss = 0.5927097644805909, Val_Err = 18.02
Epoch: [7 | 40]
Phase:train -- -- 2801.18 samples/sec-- Loss:0.16 -- Error1:5.44
Train_Loss = 0.16150624412345888, Train_Err = 5.4364
Phase:val -- -- 8700.63 samples/sec-- Loss:0.67 -- Error1:19.46
Val_Loss = 0.667303795337677, Val_Err = 19.46
Epoch: [8 | 40]
Phase:train -- -- 2800.94 samples/sec-- Loss:0.17 -- Error1:5.55
Train_Loss = 0.16502046879863738, Train_Err = 5.5516
Phase:val -- -- 8818.10 samples/sec-- Loss:0.71 -- Error1:20.77
Val_Loss = 0.7090666857719421, Val_Err = 20.77
Epoch: [9 | 40]
Phase:train -- -- 2801.87 samples/sec-- Loss:0.17 -- Error1:5.76
Train_Loss = 0.1697294497332573, Train_Err = 5.7608
Phase:val -- -- 8714.98 samples/sec-- Loss:0.60 -- Error1:19.21
Val_Loss = 0.602515312576294, Val_Err = 19.21
Epoch: [10 | 40]
Phase:train -- -- 2801.15 samples/sec-- Loss:0.17 -- Error1:5.82
Train_Loss = 0.17204886081790924, Train_Err = 5.82
Phase:val -- -- 8783.23 samples/sec-- Loss:0.63 -- Error1:19.17
Val_Loss = 0.629516275882721, Val_Err = 19.17
Epoch: [11 | 40]
Phase:train -- -- 2803.19 samples/sec-- Loss:0.18 -- Error1:6.09
Train_Loss = 0.1796783220615387, Train_Err = 6.0928
Phase:val -- -- 8761.16 samples/sec-- Loss:0.62 -- Error1:18.74
Val_Loss = 0.6171873421669006, Val_Err = 18.74
Epoch: [12 | 40]
Phase:train -- -- 2803.07 samples/sec-- Loss:0.18 -- Error1:6.06
Train_Loss = 0.1793761578769684, Train_Err = 6.0628
Phase:val -- -- 8738.23 samples/sec-- Loss:0.54 -- Error1:17.18
Val_Loss = 0.5415955849647522, Val_Err = 17.18
Epoch: [13 | 40]
Phase:train -- -- 2802.39 samples/sec-- Loss:0.19 -- Error1:6.48
Train_Loss = 0.19002002436161042, Train_Err = 6.4808
Phase:val -- -- 8784.18 samples/sec-- Loss:0.62 -- Error1:19.13
Val_Loss = 0.6196642777442932, Val_Err = 19.13
Epoch: [14 | 40]
Phase:train -- -- 2803.34 samples/sec-- Loss:0.19 -- Error1:6.52
Train_Loss = 0.19290021727848053, Train_Err = 6.5164
Phase:val -- -- 8600.42 samples/sec-- Loss:0.55 -- Error1:17.39
Val_Loss = 0.5521060801506043, Val_Err = 17.39
Epoch: [15 | 40]
Phase:train -- -- 2803.85 samples/sec-- Loss:0.20 -- Error1:6.83
Train_Loss = 0.20195118867444992, Train_Err = 6.8268
Phase:val -- -- 8740.15 samples/sec-- Loss:0.61 -- Error1:18.65
Val_Loss = 0.6110672936439514, Val_Err = 18.65
Epoch: [16 | 40]
Phase:train -- -- 2805.42 samples/sec-- Loss:0.21 -- Error1:7.08
Train_Loss = 0.2098649861459732, Train_Err = 7.0796
Phase:val -- -- 8735.98 samples/sec-- Loss:0.52 -- Error1:16.59
Val_Loss = 0.5226493832588196, Val_Err = 16.59
Epoch: [17 | 40]
Phase:train -- -- 2803.64 samples/sec-- Loss:0.22 -- Error1:7.31
Train_Loss = 0.21629204238891603, Train_Err = 7.3104
Phase:val -- -- 8752.99 samples/sec-- Loss:0.75 -- Error1:22.71
Val_Loss = 0.7494730176925659, Val_Err = 22.71
Epoch: [18 | 40]
Phase:train -- -- 2803.58 samples/sec-- Loss:0.22 -- Error1:7.63
Train_Loss = 0.22483679102802276, Train_Err = 7.6272
Phase:val -- -- 8781.27 samples/sec-- Loss:0.73 -- Error1:22.20
Val_Loss = 0.7345400427818298, Val_Err = 22.2
Epoch: [19 | 40]
Phase:train -- -- 2804.36 samples/sec-- Loss:0.23 -- Error1:7.98
Train_Loss = 0.23490085841846467, Train_Err = 7.9836
Phase:val -- -- 8776.76 samples/sec-- Loss:0.58 -- Error1:18.50
Val_Loss = 0.5799760288715362, Val_Err = 18.5
Epoch: [20 | 40]
Phase:train -- -- 2805.44 samples/sec-- Loss:0.04 -- Error1:0.80
Train_Loss = 0.03642534497988224, Train_Err = 0.804
Phase:val -- -- 8812.24 samples/sec-- Loss:0.37 -- Error1:11.15
Val_Loss = 0.36545732691287997, Val_Err = 11.15
Epoch: [21 | 40]
Phase:train -- -- 2804.53 samples/sec-- Loss:0.01 -- Error1:0.00
Train_Loss = 0.006319103361129761, Train_Err = 0.0016
Phase:val -- -- 8795.59 samples/sec-- Loss:0.36 -- Error1:10.89
Val_Loss = 0.36247580642700195, Val_Err = 10.89
Epoch: [22 | 40]
Phase:train -- -- 2804.31 samples/sec-- Loss:0.01 -- Error1:0.00
Train_Loss = 0.005069938024699688, Train_Err = 0.0
Phase:val -- -- 8851.21 samples/sec-- Loss:0.36 -- Error1:10.87
Val_Loss = 0.35532827110290527, Val_Err = 10.87
Epoch: [23 | 40]
Phase:train -- -- 2804.19 samples/sec-- Loss:0.00 -- Error1:0.00
Train_Loss = 0.004776245831549167, Train_Err = 0.0004
Phase:val -- -- 8829.68 samples/sec-- Loss:0.36 -- Error1:10.72
Val_Loss = 0.35656972494125366, Val_Err = 10.72
Epoch: [24 | 40]
Phase:train -- -- 2803.45 samples/sec-- Loss:0.00 -- Error1:0.00
Train_Loss = 0.0044721194002628325, Train_Err = 0.0
Phase:val -- -- 8699.68 samples/sec-- Loss:0.35 -- Error1:10.64
Val_Loss = 0.3540858877182007, Val_Err = 10.64
Epoch: [25 | 40]
Phase:train -- -- 2803.17 samples/sec-- Loss:0.00 -- Error1:0.00
Train_Loss = 0.004444465612500906, Train_Err = 0.0
Phase:val -- -- 8876.42 samples/sec-- Loss:0.35 -- Error1:10.70
Val_Loss = 0.35108183875083926, Val_Err = 10.7
Epoch: [26 | 40]
Phase:train -- -- 2803.49 samples/sec-- Loss:0.00 -- Error1:0.00
Train_Loss = 0.004373631702199578, Train_Err = 0.0
Phase:val -- -- 8791.13 samples/sec-- Loss:0.35 -- Error1:10.72
Val_Loss = 0.3523737636089325, Val_Err = 10.72
Epoch: [27 | 40]
Phase:train -- -- 2804.94 samples/sec-- Loss:0.00 -- Error1:0.00
Train_Loss = 0.004393935986533761, Train_Err = 0.0
Phase:val -- -- 8778.60 samples/sec-- Loss:0.35 -- Error1:10.80
Val_Loss = 0.3530608374118805, Val_Err = 10.8
Epoch: [28 | 40]
Phase:train -- -- 2804.00 samples/sec-- Loss:0.00 -- Error1:0.00
Train_Loss = 0.004414202752783894, Train_Err = 0.0
Phase:val -- -- 8760.23 samples/sec-- Loss:0.35 -- Error1:10.78
Val_Loss = 0.3536644009590149, Val_Err = 10.78
Epoch: [29 | 40]
Phase:train -- -- 2803.41 samples/sec-- Loss:0.00 -- Error1:0.00
Train_Loss = 0.004427553520083428, Train_Err = 0.0
Phase:val -- -- 8809.83 samples/sec-- Loss:0.35 -- Error1:10.72
Val_Loss = 0.35096059556007386, Val_Err = 10.72
Epoch: [30 | 40]
Phase:train -- -- 2804.83 samples/sec-- Loss:0.00 -- Error1:0.00
Train_Loss = 0.004469349809080363, Train_Err = 0.0
Phase:val -- -- 8819.24 samples/sec-- Loss:0.35 -- Error1:10.78
Val_Loss = 0.3529302610874176, Val_Err = 10.78
Epoch: [31 | 40]
Phase:train -- -- 2805.63 samples/sec-- Loss:0.00 -- Error1:0.00
Train_Loss = 0.004459267650857568, Train_Err = 0.0
Phase:val -- -- 8726.36 samples/sec-- Loss:0.35 -- Error1:10.65
Val_Loss = 0.3501485056877136, Val_Err = 10.65
Epoch: [32 | 40]
Phase:train -- -- 2807.98 samples/sec-- Loss:0.00 -- Error1:0.00
Train_Loss = 0.004500804674565792, Train_Err = 0.0
Phase:val -- -- 8795.27 samples/sec-- Loss:0.35 -- Error1:10.49
Val_Loss = 0.3522432966709137, Val_Err = 10.49
Epoch: [33 | 40]
Phase:train -- -- 2806.16 samples/sec-- Loss:0.00 -- Error1:0.00
Train_Loss = 0.004501616434782744, Train_Err = 0.0
Phase:val -- -- 8759.33 samples/sec-- Loss:0.35 -- Error1:10.67
Val_Loss = 0.3497546344280243, Val_Err = 10.67
Epoch: [34 | 40]
Phase:train -- -- 2806.56 samples/sec-- Loss:0.00 -- Error1:0.00
Train_Loss = 0.0045515233196616175, Train_Err = 0.0
Phase:val -- -- 8905.22 samples/sec-- Loss:0.35 -- Error1:10.67
Val_Loss = 0.3526983174800873, Val_Err = 10.67
Epoch: [35 | 40]
Phase:train -- -- 2805.49 samples/sec-- Loss:0.00 -- Error1:0.00
Train_Loss = 0.004574259826809168, Train_Err = 0.0
Phase:val -- -- 8831.18 samples/sec-- Loss:0.35 -- Error1:10.71
Val_Loss = 0.3491760012626648, Val_Err = 10.71
Epoch: [36 | 40]
Phase:train -- -- 2807.32 samples/sec-- Loss:0.00 -- Error1:0.00
Train_Loss = 0.004659420160442591, Train_Err = 0.0
Phase:val -- -- 8717.58 samples/sec-- Loss:0.35 -- Error1:10.55
Val_Loss = 0.3499806678771973, Val_Err = 10.55
Epoch: [37 | 40]
Phase:train -- -- 2808.20 samples/sec-- Loss:0.00 -- Error1:0.00
Train_Loss = 0.004688398156762123, Train_Err = 0.0
Phase:val -- -- 8906.90 samples/sec-- Loss:0.35 -- Error1:10.57
Val_Loss = 0.35210075106620786, Val_Err = 10.57
Epoch: [38 | 40]
Phase:train -- -- 2807.63 samples/sec-- Loss:0.00 -- Error1:0.00
Train_Loss = 0.004747617783337831, Train_Err = 0.0
Phase:val -- -- 8833.13 samples/sec-- Loss:0.35 -- Error1:10.55
Val_Loss = 0.3489831027984619, Val_Err = 10.55
Epoch: [39 | 40]
Phase:train -- -- 2808.32 samples/sec-- Loss:0.00 -- Error1:0.00
Train_Loss = 0.004788124164521694, Train_Err = 0.0
Phase:val -- -- 8881.67 samples/sec-- Loss:0.35 -- Error1:10.58
Val_Loss = 0.3482090099811554, Val_Err = 10.58
