Namespace(bs=128, cp_dir='./checkpoints/tinyimagenet/resnet18/sam_sgd/run_ms_2/run0', data_dir='./data/tinyimagenet', dir='.', dtype='tinyimagenet', ep=100, loadckp=False, lr=0.1, milestones=[30, 60, 90], mo=0.9, ms=2, mtype='resnet18', n='tinyimagenet/resnet18/sam_sgd', num_classes=200, print_freq=100, use_cuda=True, wd=0.0001)
Epoch: [0 | 100]
Phase:train -- Batch_idx:100/782 -- 2148.32 samples/sec-- Loss:5.40 -- Error1:98.91
Phase:train -- Batch_idx:200/782 -- 2325.28 samples/sec-- Loss:5.20 -- Error1:98.23
Phase:train -- Batch_idx:300/782 -- 2395.51 samples/sec-- Loss:5.07 -- Error1:97.60
Phase:train -- Batch_idx:400/782 -- 2439.79 samples/sec-- Loss:4.96 -- Error1:96.71
Phase:train -- Batch_idx:500/782 -- 2463.24 samples/sec-- Loss:4.86 -- Error1:95.93
Phase:train -- Batch_idx:600/782 -- 2476.42 samples/sec-- Loss:4.77 -- Error1:95.09
Phase:train -- Batch_idx:700/782 -- 2485.79 samples/sec-- Loss:4.68 -- Error1:94.23
Train_Loss = 4.616647064056396, Train_Err = 93.512
Val_Loss = 4.0141907318115235, Val_Err = 86.96
Epoch: [1 | 100]
Phase:train -- Batch_idx:100/782 -- 2138.29 samples/sec-- Loss:3.94 -- Error1:86.24
Phase:train -- Batch_idx:200/782 -- 2213.69 samples/sec-- Loss:3.90 -- Error1:85.69
Phase:train -- Batch_idx:300/782 -- 2238.31 samples/sec-- Loss:3.86 -- Error1:84.96
Phase:train -- Batch_idx:400/782 -- 2250.54 samples/sec-- Loss:3.82 -- Error1:84.32
Phase:train -- Batch_idx:500/782 -- 2259.42 samples/sec-- Loss:3.78 -- Error1:83.68
Phase:train -- Batch_idx:600/782 -- 2262.51 samples/sec-- Loss:3.75 -- Error1:83.13
Phase:train -- Batch_idx:700/782 -- 2266.12 samples/sec-- Loss:3.72 -- Error1:82.58
Train_Loss = 3.701555093383789, Train_Err = 82.196
Val_Loss = 3.5094199836730957, Val_Err = 79.06
Epoch: [2 | 100]
Phase:train -- Batch_idx:100/782 -- 2333.98 samples/sec-- Loss:3.35 -- Error1:76.86
Phase:train -- Batch_idx:200/782 -- 2392.86 samples/sec-- Loss:3.35 -- Error1:76.65
Phase:train -- Batch_idx:300/782 -- 2356.47 samples/sec-- Loss:3.33 -- Error1:76.27
Phase:train -- Batch_idx:400/782 -- 2339.45 samples/sec-- Loss:3.32 -- Error1:76.02
Phase:train -- Batch_idx:500/782 -- 2324.17 samples/sec-- Loss:3.31 -- Error1:75.80
Phase:train -- Batch_idx:600/782 -- 2318.77 samples/sec-- Loss:3.30 -- Error1:75.63
Phase:train -- Batch_idx:700/782 -- 2315.36 samples/sec-- Loss:3.29 -- Error1:75.29
Train_Loss = 3.277002231826782, Train_Err = 75.1
Val_Loss = 3.1724171913146972, Val_Err = 72.82
Epoch: [3 | 100]
Phase:train -- Batch_idx:100/782 -- 2292.42 samples/sec-- Loss:3.01 -- Error1:70.96
Phase:train -- Batch_idx:200/782 -- 2315.89 samples/sec-- Loss:2.99 -- Error1:70.37
Phase:train -- Batch_idx:300/782 -- 2298.33 samples/sec-- Loss:2.99 -- Error1:70.20
Phase:train -- Batch_idx:400/782 -- 2295.53 samples/sec-- Loss:2.98 -- Error1:70.09
Phase:train -- Batch_idx:500/782 -- 2294.38 samples/sec-- Loss:2.98 -- Error1:69.94
Phase:train -- Batch_idx:600/782 -- 2299.62 samples/sec-- Loss:2.98 -- Error1:69.81
Phase:train -- Batch_idx:700/782 -- 2303.95 samples/sec-- Loss:2.97 -- Error1:69.64
Train_Loss = 2.9667229125976564, Train_Err = 69.636
Val_Loss = 3.093409543991089, Val_Err = 71.67
Epoch: [4 | 100]
Phase:train -- Batch_idx:100/782 -- 2174.63 samples/sec-- Loss:2.65 -- Error1:63.92
Phase:train -- Batch_idx:200/782 -- 2265.95 samples/sec-- Loss:2.66 -- Error1:64.14
Phase:train -- Batch_idx:300/782 -- 2266.49 samples/sec-- Loss:2.67 -- Error1:64.05
Phase:train -- Batch_idx:400/782 -- 2275.11 samples/sec-- Loss:2.68 -- Error1:64.25
Phase:train -- Batch_idx:500/782 -- 2278.36 samples/sec-- Loss:2.68 -- Error1:64.17
Phase:train -- Batch_idx:600/782 -- 2280.32 samples/sec-- Loss:2.68 -- Error1:64.16
Phase:train -- Batch_idx:700/782 -- 2270.97 samples/sec-- Loss:2.69 -- Error1:64.28
Train_Loss = 2.689784464797974, Train_Err = 64.356
Val_Loss = 2.931444564819336, Val_Err = 68.35
Epoch: [5 | 100]
Phase:train -- Batch_idx:100/782 -- 2295.49 samples/sec-- Loss:2.30 -- Error1:56.89
Phase:train -- Batch_idx:200/782 -- 2327.77 samples/sec-- Loss:2.34 -- Error1:57.48
Phase:train -- Batch_idx:300/782 -- 2308.44 samples/sec-- Loss:2.37 -- Error1:58.24
Phase:train -- Batch_idx:400/782 -- 2274.91 samples/sec-- Loss:2.39 -- Error1:58.71
Phase:train -- Batch_idx:500/782 -- 2226.99 samples/sec-- Loss:2.41 -- Error1:58.98
Phase:train -- Batch_idx:600/782 -- 2232.63 samples/sec-- Loss:2.42 -- Error1:59.11
Phase:train -- Batch_idx:700/782 -- 2240.28 samples/sec-- Loss:2.43 -- Error1:59.22
Train_Loss = 2.427960832824707, Train_Err = 59.222
Val_Loss = 2.9634880443573, Val_Err = 68.07
Epoch: [6 | 100]
Phase:train -- Batch_idx:100/782 -- 2352.37 samples/sec-- Loss:1.99 -- Error1:50.31
Phase:train -- Batch_idx:200/782 -- 2363.03 samples/sec-- Loss:2.03 -- Error1:51.32
Phase:train -- Batch_idx:300/782 -- 2326.97 samples/sec-- Loss:2.07 -- Error1:52.35
Phase:train -- Batch_idx:400/782 -- 2314.62 samples/sec-- Loss:2.10 -- Error1:52.87
Phase:train -- Batch_idx:500/782 -- 2307.63 samples/sec-- Loss:2.13 -- Error1:53.36
Phase:train -- Batch_idx:600/782 -- 2304.44 samples/sec-- Loss:2.14 -- Error1:53.66
Phase:train -- Batch_idx:700/782 -- 2301.85 samples/sec-- Loss:2.16 -- Error1:53.89
Train_Loss = 2.1697336463928223, Train_Err = 54.146
Val_Loss = 2.8529196628570554, Val_Err = 65.56
Epoch: [7 | 100]
Phase:train -- Batch_idx:100/782 -- 2171.15 samples/sec-- Loss:1.68 -- Error1:43.16
Phase:train -- Batch_idx:200/782 -- 2217.25 samples/sec-- Loss:1.71 -- Error1:44.10
Phase:train -- Batch_idx:300/782 -- 2231.48 samples/sec-- Loss:1.76 -- Error1:45.28
Phase:train -- Batch_idx:400/782 -- 2243.90 samples/sec-- Loss:1.80 -- Error1:46.22
Phase:train -- Batch_idx:500/782 -- 2251.52 samples/sec-- Loss:1.83 -- Error1:46.94
Phase:train -- Batch_idx:600/782 -- 2256.35 samples/sec-- Loss:1.86 -- Error1:47.57
Phase:train -- Batch_idx:700/782 -- 2259.81 samples/sec-- Loss:1.88 -- Error1:48.08
Train_Loss = 1.895250314178467, Train_Err = 48.482
Val_Loss = 2.97183037109375, Val_Err = 66.93
Epoch: [8 | 100]
Phase:train -- Batch_idx:100/782 -- 2168.83 samples/sec-- Loss:1.36 -- Error1:36.09
Phase:train -- Batch_idx:200/782 -- 2219.45 samples/sec-- Loss:1.40 -- Error1:37.57
Phase:train -- Batch_idx:300/782 -- 2236.72 samples/sec-- Loss:1.45 -- Error1:38.74
Phase:train -- Batch_idx:400/782 -- 2246.14 samples/sec-- Loss:1.49 -- Error1:39.88
Phase:train -- Batch_idx:500/782 -- 2254.31 samples/sec-- Loss:1.53 -- Error1:40.54
Phase:train -- Batch_idx:600/782 -- 2260.30 samples/sec-- Loss:1.56 -- Error1:41.33
Phase:train -- Batch_idx:700/782 -- 2264.96 samples/sec-- Loss:1.59 -- Error1:42.06
Train_Loss = 1.6157809886169434, Train_Err = 42.628
Val_Loss = 3.0528307907104493, Val_Err = 66.74
Epoch: [9 | 100]
Phase:train -- Batch_idx:100/782 -- 1957.78 samples/sec-- Loss:1.05 -- Error1:28.65
Phase:train -- Batch_idx:200/782 -- 2047.86 samples/sec-- Loss:1.08 -- Error1:29.31
Phase:train -- Batch_idx:300/782 -- 2121.20 samples/sec-- Loss:1.13 -- Error1:30.80
Phase:train -- Batch_idx:400/782 -- 2162.41 samples/sec-- Loss:1.19 -- Error1:32.23
Phase:train -- Batch_idx:500/782 -- 2187.07 samples/sec-- Loss:1.23 -- Error1:33.56
Phase:train -- Batch_idx:600/782 -- 2202.97 samples/sec-- Loss:1.28 -- Error1:34.59
Phase:train -- Batch_idx:700/782 -- 2214.77 samples/sec-- Loss:1.31 -- Error1:35.48
Train_Loss = 1.3318456407546997, Train_Err = 35.97
Val_Loss = 3.211452055358887, Val_Err = 67.47
Epoch: [10 | 100]
Phase:train -- Batch_idx:100/782 -- 2135.76 samples/sec-- Loss:0.85 -- Error1:23.33
Phase:train -- Batch_idx:200/782 -- 2209.97 samples/sec-- Loss:0.85 -- Error1:23.53
Phase:train -- Batch_idx:300/782 -- 2231.39 samples/sec-- Loss:0.89 -- Error1:24.90
Phase:train -- Batch_idx:400/782 -- 2240.55 samples/sec-- Loss:0.93 -- Error1:26.18
Phase:train -- Batch_idx:500/782 -- 2249.80 samples/sec-- Loss:0.98 -- Error1:27.44
Phase:train -- Batch_idx:600/782 -- 2257.71 samples/sec-- Loss:1.02 -- Error1:28.53
Phase:train -- Batch_idx:700/782 -- 2261.73 samples/sec-- Loss:1.06 -- Error1:29.54
Train_Loss = 1.0852288742828369, Train_Err = 30.196
Val_Loss = 3.3305742233276368, Val_Err = 67.36
Epoch: [11 | 100]
Phase:train -- Batch_idx:100/782 -- 2138.52 samples/sec-- Loss:0.65 -- Error1:17.74
Phase:train -- Batch_idx:200/782 -- 2175.11 samples/sec-- Loss:0.64 -- Error1:17.82
Phase:train -- Batch_idx:300/782 -- 2175.49 samples/sec-- Loss:0.67 -- Error1:18.80
Phase:train -- Batch_idx:400/782 -- 2184.03 samples/sec-- Loss:0.71 -- Error1:20.32
Phase:train -- Batch_idx:500/782 -- 2203.60 samples/sec-- Loss:0.75 -- Error1:21.51
Phase:train -- Batch_idx:600/782 -- 2218.09 samples/sec-- Loss:0.79 -- Error1:22.55
Phase:train -- Batch_idx:700/782 -- 2226.50 samples/sec-- Loss:0.83 -- Error1:23.80
Train_Loss = 0.8627596320724488, Train_Err = 24.628
Val_Loss = 3.418927003479004, Val_Err = 68.03
Epoch: [12 | 100]
Phase:train -- Batch_idx:100/782 -- 2140.54 samples/sec-- Loss:0.53 -- Error1:15.00
Phase:train -- Batch_idx:200/782 -- 2215.23 samples/sec-- Loss:0.52 -- Error1:14.55
Phase:train -- Batch_idx:300/782 -- 2233.50 samples/sec-- Loss:0.53 -- Error1:15.03
Phase:train -- Batch_idx:400/782 -- 2246.68 samples/sec-- Loss:0.57 -- Error1:16.34
Phase:train -- Batch_idx:500/782 -- 2255.18 samples/sec-- Loss:0.61 -- Error1:17.59
Phase:train -- Batch_idx:600/782 -- 2260.53 samples/sec-- Loss:0.64 -- Error1:18.63
Phase:train -- Batch_idx:700/782 -- 2263.30 samples/sec-- Loss:0.68 -- Error1:19.68
Train_Loss = 0.7098265946960449, Train_Err = 20.479
Val_Loss = 3.6563437324523926, Val_Err = 68.66
Epoch: [13 | 100]
Phase:train -- Batch_idx:100/782 -- 2143.04 samples/sec-- Loss:0.43 -- Error1:12.52
Phase:train -- Batch_idx:200/782 -- 2214.08 samples/sec-- Loss:0.42 -- Error1:12.22
Phase:train -- Batch_idx:300/782 -- 2231.38 samples/sec-- Loss:0.44 -- Error1:12.72
Phase:train -- Batch_idx:400/782 -- 2246.35 samples/sec-- Loss:0.47 -- Error1:13.58
Phase:train -- Batch_idx:500/782 -- 2255.76 samples/sec-- Loss:0.50 -- Error1:14.57
Phase:train -- Batch_idx:600/782 -- 2260.57 samples/sec-- Loss:0.53 -- Error1:15.44
Phase:train -- Batch_idx:700/782 -- 2264.91 samples/sec-- Loss:0.56 -- Error1:16.27
Train_Loss = 0.577516970539093, Train_Err = 16.896
Val_Loss = 3.671250149536133, Val_Err = 67.46
Epoch: [14 | 100]
Phase:train -- Batch_idx:100/782 -- 2242.97 samples/sec-- Loss:0.41 -- Error1:11.66
Phase:train -- Batch_idx:200/782 -- 2272.35 samples/sec-- Loss:0.38 -- Error1:10.93
Phase:train -- Batch_idx:300/782 -- 2273.71 samples/sec-- Loss:0.39 -- Error1:11.17
Phase:train -- Batch_idx:400/782 -- 2277.19 samples/sec-- Loss:0.41 -- Error1:11.77
Phase:train -- Batch_idx:500/782 -- 2279.49 samples/sec-- Loss:0.43 -- Error1:12.52
Phase:train -- Batch_idx:600/782 -- 2280.05 samples/sec-- Loss:0.45 -- Error1:13.26
Phase:train -- Batch_idx:700/782 -- 2282.19 samples/sec-- Loss:0.48 -- Error1:14.12
Train_Loss = 0.5022424856948853, Train_Err = 14.73
Val_Loss = 3.858249575042725, Val_Err = 69.34
Epoch: [15 | 100]
Phase:train -- Batch_idx:100/782 -- 2135.46 samples/sec-- Loss:0.39 -- Error1:11.17
Phase:train -- Batch_idx:200/782 -- 2209.05 samples/sec-- Loss:0.36 -- Error1:10.64
Phase:train -- Batch_idx:300/782 -- 2221.50 samples/sec-- Loss:0.36 -- Error1:10.72
Phase:train -- Batch_idx:400/782 -- 2237.93 samples/sec-- Loss:0.37 -- Error1:11.08
Phase:train -- Batch_idx:500/782 -- 2246.89 samples/sec-- Loss:0.39 -- Error1:11.65
Phase:train -- Batch_idx:600/782 -- 2252.64 samples/sec-- Loss:0.42 -- Error1:12.39
Phase:train -- Batch_idx:700/782 -- 2256.84 samples/sec-- Loss:0.44 -- Error1:13.17
Train_Loss = 0.4606845623779297, Train_Err = 13.768
Val_Loss = 3.7937388381958006, Val_Err = 67.62
Epoch: [16 | 100]
Phase:train -- Batch_idx:100/782 -- 2140.18 samples/sec-- Loss:0.34 -- Error1:9.91
Phase:train -- Batch_idx:200/782 -- 2211.43 samples/sec-- Loss:0.32 -- Error1:9.39
Phase:train -- Batch_idx:300/782 -- 2235.31 samples/sec-- Loss:0.33 -- Error1:9.59
Phase:train -- Batch_idx:400/782 -- 2249.28 samples/sec-- Loss:0.34 -- Error1:9.97
Phase:train -- Batch_idx:500/782 -- 2254.67 samples/sec-- Loss:0.36 -- Error1:10.60
Phase:train -- Batch_idx:600/782 -- 2261.03 samples/sec-- Loss:0.38 -- Error1:11.26
Phase:train -- Batch_idx:700/782 -- 2265.55 samples/sec-- Loss:0.40 -- Error1:11.90
Train_Loss = 0.4182543462753296, Train_Err = 12.387
Val_Loss = 3.9047376419067383, Val_Err = 68.33
Epoch: [17 | 100]
Phase:train -- Batch_idx:100/782 -- 2135.52 samples/sec-- Loss:0.34 -- Error1:9.95
Phase:train -- Batch_idx:200/782 -- 2204.66 samples/sec-- Loss:0.32 -- Error1:9.36
Phase:train -- Batch_idx:300/782 -- 2224.36 samples/sec-- Loss:0.32 -- Error1:9.24
Phase:train -- Batch_idx:400/782 -- 2236.03 samples/sec-- Loss:0.33 -- Error1:9.54
Phase:train -- Batch_idx:500/782 -- 2247.32 samples/sec-- Loss:0.34 -- Error1:10.02
Phase:train -- Batch_idx:600/782 -- 2254.38 samples/sec-- Loss:0.36 -- Error1:10.56
Phase:train -- Batch_idx:700/782 -- 2252.19 samples/sec-- Loss:0.38 -- Error1:11.22
Train_Loss = 0.3969648696804047, Train_Err = 11.749
Val_Loss = 3.903265633392334, Val_Err = 68.37
Epoch: [18 | 100]
Phase:train -- Batch_idx:100/782 -- 2074.13 samples/sec-- Loss:0.31 -- Error1:8.84
Phase:train -- Batch_idx:200/782 -- 2157.20 samples/sec-- Loss:0.29 -- Error1:8.23
Phase:train -- Batch_idx:300/782 -- 2193.04 samples/sec-- Loss:0.30 -- Error1:8.47
Phase:train -- Batch_idx:400/782 -- 2203.93 samples/sec-- Loss:0.31 -- Error1:8.88
Phase:train -- Batch_idx:500/782 -- 2219.44 samples/sec-- Loss:0.33 -- Error1:9.39
Phase:train -- Batch_idx:600/782 -- 2229.02 samples/sec-- Loss:0.34 -- Error1:9.90
Phase:train -- Batch_idx:700/782 -- 2237.63 samples/sec-- Loss:0.36 -- Error1:10.39
Train_Loss = 0.3755719268989563, Train_Err = 10.912
Val_Loss = 3.9963633422851563, Val_Err = 68.81
Epoch: [19 | 100]
Phase:train -- Batch_idx:100/782 -- 2144.20 samples/sec-- Loss:0.31 -- Error1:9.03
Phase:train -- Batch_idx:200/782 -- 2212.08 samples/sec-- Loss:0.29 -- Error1:8.45
Phase:train -- Batch_idx:300/782 -- 2242.32 samples/sec-- Loss:0.29 -- Error1:8.51
Phase:train -- Batch_idx:400/782 -- 2286.68 samples/sec-- Loss:0.30 -- Error1:8.68
Phase:train -- Batch_idx:500/782 -- 2285.96 samples/sec-- Loss:0.31 -- Error1:9.14
Phase:train -- Batch_idx:600/782 -- 2285.78 samples/sec-- Loss:0.33 -- Error1:9.59
Phase:train -- Batch_idx:700/782 -- 2285.65 samples/sec-- Loss:0.35 -- Error1:10.20
Train_Loss = 0.3635605009460449, Train_Err = 10.644
Val_Loss = 3.871766981506348, Val_Err = 67.83
Epoch: [20 | 100]
Phase:train -- Batch_idx:100/782 -- 2141.01 samples/sec-- Loss:0.28 -- Error1:7.80
Phase:train -- Batch_idx:200/782 -- 2215.05 samples/sec-- Loss:0.27 -- Error1:7.51
Phase:train -- Batch_idx:300/782 -- 2223.91 samples/sec-- Loss:0.27 -- Error1:7.76
Phase:train -- Batch_idx:400/782 -- 2238.85 samples/sec-- Loss:0.28 -- Error1:8.20
Phase:train -- Batch_idx:500/782 -- 2243.79 samples/sec-- Loss:0.30 -- Error1:8.65
Phase:train -- Batch_idx:600/782 -- 2240.41 samples/sec-- Loss:0.32 -- Error1:9.23
Phase:train -- Batch_idx:700/782 -- 2241.09 samples/sec-- Loss:0.33 -- Error1:9.75
Train_Loss = 0.35182195333480837, Train_Err = 10.312
Val_Loss = 4.099229515075684, Val_Err = 70.29
Epoch: [21 | 100]
Phase:train -- Batch_idx:100/782 -- 2237.48 samples/sec-- Loss:0.31 -- Error1:8.96
Phase:train -- Batch_idx:200/782 -- 2245.09 samples/sec-- Loss:0.29 -- Error1:8.36
Phase:train -- Batch_idx:300/782 -- 2232.68 samples/sec-- Loss:0.29 -- Error1:8.26
Phase:train -- Batch_idx:400/782 -- 2227.88 samples/sec-- Loss:0.29 -- Error1:8.47
Phase:train -- Batch_idx:500/782 -- 2225.79 samples/sec-- Loss:0.31 -- Error1:8.95
Phase:train -- Batch_idx:600/782 -- 2235.18 samples/sec-- Loss:0.33 -- Error1:9.50
Phase:train -- Batch_idx:700/782 -- 2243.55 samples/sec-- Loss:0.34 -- Error1:9.95
Train_Loss = 0.35830992398262024, Train_Err = 10.46
Val_Loss = 4.009671711730957, Val_Err = 69.47
Epoch: [22 | 100]
Phase:train -- Batch_idx:100/782 -- 2132.40 samples/sec-- Loss:0.29 -- Error1:8.48
Phase:train -- Batch_idx:200/782 -- 2191.25 samples/sec-- Loss:0.29 -- Error1:8.26
Phase:train -- Batch_idx:300/782 -- 2223.48 samples/sec-- Loss:0.29 -- Error1:8.27
Phase:train -- Batch_idx:400/782 -- 2239.01 samples/sec-- Loss:0.30 -- Error1:8.58
Phase:train -- Batch_idx:500/782 -- 2248.31 samples/sec-- Loss:0.30 -- Error1:8.89
Phase:train -- Batch_idx:600/782 -- 2254.65 samples/sec-- Loss:0.32 -- Error1:9.45
Phase:train -- Batch_idx:700/782 -- 2259.55 samples/sec-- Loss:0.34 -- Error1:10.01
Train_Loss = 0.3577670252609253, Train_Err = 10.525
Val_Loss = 4.030571968841553, Val_Err = 69.66
Epoch: [23 | 100]
Phase:train -- Batch_idx:100/782 -- 2119.68 samples/sec-- Loss:0.28 -- Error1:8.21
Phase:train -- Batch_idx:200/782 -- 2195.90 samples/sec-- Loss:0.28 -- Error1:8.09
Phase:train -- Batch_idx:300/782 -- 2221.03 samples/sec-- Loss:0.28 -- Error1:8.07
Phase:train -- Batch_idx:400/782 -- 2238.85 samples/sec-- Loss:0.29 -- Error1:8.48
Phase:train -- Batch_idx:500/782 -- 2252.62 samples/sec-- Loss:0.31 -- Error1:8.96
Phase:train -- Batch_idx:600/782 -- 2258.68 samples/sec-- Loss:0.32 -- Error1:9.39
Phase:train -- Batch_idx:700/782 -- 2263.94 samples/sec-- Loss:0.34 -- Error1:9.95
Train_Loss = 0.3559547371864319, Train_Err = 10.383
Val_Loss = 3.9517514320373537, Val_Err = 68.3
Epoch: [24 | 100]
Phase:train -- Batch_idx:100/782 -- 2197.77 samples/sec-- Loss:0.28 -- Error1:8.16
Phase:train -- Batch_idx:200/782 -- 2232.74 samples/sec-- Loss:0.28 -- Error1:7.86
Phase:train -- Batch_idx:300/782 -- 2245.18 samples/sec-- Loss:0.28 -- Error1:7.91
Phase:train -- Batch_idx:400/782 -- 2256.48 samples/sec-- Loss:0.29 -- Error1:8.28
Phase:train -- Batch_idx:500/782 -- 2262.81 samples/sec-- Loss:0.30 -- Error1:8.65
Phase:train -- Batch_idx:600/782 -- 2266.81 samples/sec-- Loss:0.31 -- Error1:9.04
Phase:train -- Batch_idx:700/782 -- 2269.32 samples/sec-- Loss:0.33 -- Error1:9.47
Train_Loss = 0.3414864146232605, Train_Err = 9.911
Val_Loss = 4.052297770690918, Val_Err = 68.15
Epoch: [25 | 100]
Phase:train -- Batch_idx:100/782 -- 2155.04 samples/sec-- Loss:0.29 -- Error1:8.53
Phase:train -- Batch_idx:200/782 -- 2213.75 samples/sec-- Loss:0.28 -- Error1:8.04
Phase:train -- Batch_idx:300/782 -- 2230.90 samples/sec-- Loss:0.28 -- Error1:8.05
Phase:train -- Batch_idx:400/782 -- 2243.39 samples/sec-- Loss:0.29 -- Error1:8.43
Phase:train -- Batch_idx:500/782 -- 2251.50 samples/sec-- Loss:0.30 -- Error1:8.84
Phase:train -- Batch_idx:600/782 -- 2259.46 samples/sec-- Loss:0.32 -- Error1:9.24
Phase:train -- Batch_idx:700/782 -- 2263.50 samples/sec-- Loss:0.34 -- Error1:9.75
Train_Loss = 0.3497758352088928, Train_Err = 10.217
Val_Loss = 4.009727856445313, Val_Err = 69.65
Epoch: [26 | 100]
Phase:train -- Batch_idx:100/782 -- 2162.78 samples/sec-- Loss:0.31 -- Error1:8.88
Phase:train -- Batch_idx:200/782 -- 2220.83 samples/sec-- Loss:0.29 -- Error1:8.22
Phase:train -- Batch_idx:300/782 -- 2238.93 samples/sec-- Loss:0.29 -- Error1:8.32
Phase:train -- Batch_idx:400/782 -- 2249.88 samples/sec-- Loss:0.30 -- Error1:8.60
Phase:train -- Batch_idx:500/782 -- 2255.72 samples/sec-- Loss:0.31 -- Error1:8.95
Phase:train -- Batch_idx:600/782 -- 2261.67 samples/sec-- Loss:0.32 -- Error1:9.35
Phase:train -- Batch_idx:700/782 -- 2265.88 samples/sec-- Loss:0.34 -- Error1:9.87
Train_Loss = 0.35576286233901977, Train_Err = 10.375
Val_Loss = 3.9840278465270997, Val_Err = 69.24
Epoch: [27 | 100]
Phase:train -- Batch_idx:100/782 -- 2079.40 samples/sec-- Loss:0.30 -- Error1:8.68
Phase:train -- Batch_idx:200/782 -- 2167.59 samples/sec-- Loss:0.27 -- Error1:7.86
Phase:train -- Batch_idx:300/782 -- 2202.73 samples/sec-- Loss:0.27 -- Error1:7.81
Phase:train -- Batch_idx:400/782 -- 2224.75 samples/sec-- Loss:0.28 -- Error1:7.92
Phase:train -- Batch_idx:500/782 -- 2237.06 samples/sec-- Loss:0.29 -- Error1:8.24
Phase:train -- Batch_idx:600/782 -- 2244.81 samples/sec-- Loss:0.30 -- Error1:8.71
Phase:train -- Batch_idx:700/782 -- 2237.24 samples/sec-- Loss:0.32 -- Error1:9.33
Train_Loss = 0.33640054794311525, Train_Err = 9.763
Val_Loss = 3.9801693450927735, Val_Err = 68.54
Epoch: [28 | 100]
Phase:train -- Batch_idx:100/782 -- 2169.79 samples/sec-- Loss:0.29 -- Error1:8.12
Phase:train -- Batch_idx:200/782 -- 2208.40 samples/sec-- Loss:0.28 -- Error1:7.81
Phase:train -- Batch_idx:300/782 -- 2226.42 samples/sec-- Loss:0.28 -- Error1:7.86
Phase:train -- Batch_idx:400/782 -- 2241.36 samples/sec-- Loss:0.28 -- Error1:8.06
Phase:train -- Batch_idx:500/782 -- 2249.66 samples/sec-- Loss:0.29 -- Error1:8.43
Phase:train -- Batch_idx:600/782 -- 2244.70 samples/sec-- Loss:0.30 -- Error1:8.71
Phase:train -- Batch_idx:700/782 -- 2241.88 samples/sec-- Loss:0.32 -- Error1:9.14
Train_Loss = 0.33116467747688294, Train_Err = 9.62
Val_Loss = 4.075796076965332, Val_Err = 69.35
Epoch: [29 | 100]
Phase:train -- Batch_idx:100/782 -- 2197.70 samples/sec-- Loss:0.28 -- Error1:8.07
Phase:train -- Batch_idx:200/782 -- 2236.28 samples/sec-- Loss:0.27 -- Error1:7.74
Phase:train -- Batch_idx:300/782 -- 2249.08 samples/sec-- Loss:0.27 -- Error1:7.83
Phase:train -- Batch_idx:400/782 -- 2258.20 samples/sec-- Loss:0.28 -- Error1:8.20
Phase:train -- Batch_idx:500/782 -- 2264.22 samples/sec-- Loss:0.30 -- Error1:8.56
Phase:train -- Batch_idx:600/782 -- 2267.11 samples/sec-- Loss:0.31 -- Error1:8.93
Phase:train -- Batch_idx:700/782 -- 2271.11 samples/sec-- Loss:0.32 -- Error1:9.38
Train_Loss = 0.33726607404708864, Train_Err = 9.811
Val_Loss = 4.098148129272461, Val_Err = 69.88
Epoch: [30 | 100]
Phase:train -- Batch_idx:100/782 -- 2185.95 samples/sec-- Loss:0.20 -- Error1:5.59
Phase:train -- Batch_idx:200/782 -- 2230.65 samples/sec-- Loss:0.17 -- Error1:4.61
Phase:train -- Batch_idx:300/782 -- 2247.93 samples/sec-- Loss:0.15 -- Error1:4.14
Phase:train -- Batch_idx:400/782 -- 2257.03 samples/sec-- Loss:0.14 -- Error1:3.76
Phase:train -- Batch_idx:500/782 -- 2262.38 samples/sec-- Loss:0.13 -- Error1:3.54
Phase:train -- Batch_idx:600/782 -- 2255.41 samples/sec-- Loss:0.13 -- Error1:3.32
Phase:train -- Batch_idx:700/782 -- 2249.76 samples/sec-- Loss:0.12 -- Error1:3.16
Train_Loss = 0.11567833719730378, Train_Err = 3.057
Val_Loss = 3.6260128234863283, Val_Err = 64.27
Epoch: [31 | 100]
Phase:train -- Batch_idx:100/782 -- 2157.94 samples/sec-- Loss:0.04 -- Error1:0.68
Phase:train -- Batch_idx:200/782 -- 2219.10 samples/sec-- Loss:0.04 -- Error1:0.66
Phase:train -- Batch_idx:300/782 -- 2241.58 samples/sec-- Loss:0.04 -- Error1:0.66
Phase:train -- Batch_idx:400/782 -- 2235.42 samples/sec-- Loss:0.04 -- Error1:0.66
Phase:train -- Batch_idx:500/782 -- 2229.53 samples/sec-- Loss:0.04 -- Error1:0.66
Phase:train -- Batch_idx:600/782 -- 2219.91 samples/sec-- Loss:0.04 -- Error1:0.67
Phase:train -- Batch_idx:700/782 -- 2213.84 samples/sec-- Loss:0.04 -- Error1:0.67
Train_Loss = 0.03688632239341736, Train_Err = 0.669
Val_Loss = 3.634808297729492, Val_Err = 63.9
Epoch: [32 | 100]
Phase:train -- Batch_idx:100/782 -- 2168.51 samples/sec-- Loss:0.03 -- Error1:0.35
Phase:train -- Batch_idx:200/782 -- 2217.35 samples/sec-- Loss:0.02 -- Error1:0.33
Phase:train -- Batch_idx:300/782 -- 2238.27 samples/sec-- Loss:0.02 -- Error1:0.31
Phase:train -- Batch_idx:400/782 -- 2247.43 samples/sec-- Loss:0.02 -- Error1:0.34
Phase:train -- Batch_idx:500/782 -- 2255.17 samples/sec-- Loss:0.02 -- Error1:0.34
Phase:train -- Batch_idx:600/782 -- 2257.09 samples/sec-- Loss:0.02 -- Error1:0.34
Phase:train -- Batch_idx:700/782 -- 2261.19 samples/sec-- Loss:0.02 -- Error1:0.34
Train_Loss = 0.02393416607618332, Train_Err = 0.342
Val_Loss = 3.63113553314209, Val_Err = 63.64
Epoch: [33 | 100]
Phase:train -- Batch_idx:100/782 -- 2146.53 samples/sec-- Loss:0.02 -- Error1:0.20
Phase:train -- Batch_idx:200/782 -- 2186.23 samples/sec-- Loss:0.02 -- Error1:0.20
Phase:train -- Batch_idx:300/782 -- 2236.35 samples/sec-- Loss:0.02 -- Error1:0.21
Phase:train -- Batch_idx:400/782 -- 2241.78 samples/sec-- Loss:0.02 -- Error1:0.21
Phase:train -- Batch_idx:500/782 -- 2250.06 samples/sec-- Loss:0.02 -- Error1:0.23
Phase:train -- Batch_idx:600/782 -- 2255.22 samples/sec-- Loss:0.02 -- Error1:0.23
Phase:train -- Batch_idx:700/782 -- 2258.71 samples/sec-- Loss:0.02 -- Error1:0.24
Train_Loss = 0.01873272066473961, Train_Err = 0.237
Val_Loss = 3.643972834777832, Val_Err = 63.67
Epoch: [34 | 100]
Phase:train -- Batch_idx:100/782 -- 2161.54 samples/sec-- Loss:0.01 -- Error1:0.14
Phase:train -- Batch_idx:200/782 -- 2220.93 samples/sec-- Loss:0.02 -- Error1:0.15
Phase:train -- Batch_idx:300/782 -- 2239.18 samples/sec-- Loss:0.01 -- Error1:0.14
Phase:train -- Batch_idx:400/782 -- 2248.21 samples/sec-- Loss:0.01 -- Error1:0.15
Phase:train -- Batch_idx:500/782 -- 2257.94 samples/sec-- Loss:0.02 -- Error1:0.16
Phase:train -- Batch_idx:600/782 -- 2262.99 samples/sec-- Loss:0.02 -- Error1:0.16
Phase:train -- Batch_idx:700/782 -- 2266.44 samples/sec-- Loss:0.02 -- Error1:0.17
Train_Loss = 0.01562438398897648, Train_Err = 0.173
Val_Loss = 3.620979027557373, Val_Err = 63.41
Epoch: [35 | 100]
Phase:train -- Batch_idx:100/782 -- 2082.63 samples/sec-- Loss:0.01 -- Error1:0.18
Phase:train -- Batch_idx:200/782 -- 2154.85 samples/sec-- Loss:0.01 -- Error1:0.16
Phase:train -- Batch_idx:300/782 -- 2186.56 samples/sec-- Loss:0.01 -- Error1:0.16
Phase:train -- Batch_idx:400/782 -- 2213.28 samples/sec-- Loss:0.01 -- Error1:0.17
Phase:train -- Batch_idx:500/782 -- 2229.13 samples/sec-- Loss:0.01 -- Error1:0.17
Phase:train -- Batch_idx:600/782 -- 2238.80 samples/sec-- Loss:0.01 -- Error1:0.16
Phase:train -- Batch_idx:700/782 -- 2244.54 samples/sec-- Loss:0.01 -- Error1:0.15
Train_Loss = 0.013664194937348367, Train_Err = 0.149
Val_Loss = 3.6235161178588866, Val_Err = 63.42
Epoch: [36 | 100]
Phase:train -- Batch_idx:100/782 -- 2140.78 samples/sec-- Loss:0.01 -- Error1:0.12
Phase:train -- Batch_idx:200/782 -- 2214.24 samples/sec-- Loss:0.01 -- Error1:0.13
Phase:train -- Batch_idx:300/782 -- 2229.29 samples/sec-- Loss:0.01 -- Error1:0.12
Phase:train -- Batch_idx:400/782 -- 2235.53 samples/sec-- Loss:0.01 -- Error1:0.12
Phase:train -- Batch_idx:500/782 -- 2216.77 samples/sec-- Loss:0.01 -- Error1:0.12
Phase:train -- Batch_idx:600/782 -- 2208.32 samples/sec-- Loss:0.01 -- Error1:0.12
Phase:train -- Batch_idx:700/782 -- 2219.26 samples/sec-- Loss:0.01 -- Error1:0.12
Train_Loss = 0.01204462729215622, Train_Err = 0.118
Val_Loss = 3.623788272857666, Val_Err = 63.25
Epoch: [37 | 100]
Phase:train -- Batch_idx:100/782 -- 2146.14 samples/sec-- Loss:0.01 -- Error1:0.12
Phase:train -- Batch_idx:200/782 -- 2146.40 samples/sec-- Loss:0.01 -- Error1:0.11
Phase:train -- Batch_idx:300/782 -- 2115.96 samples/sec-- Loss:0.01 -- Error1:0.12
Phase:train -- Batch_idx:400/782 -- 2155.13 samples/sec-- Loss:0.01 -- Error1:0.11
Phase:train -- Batch_idx:500/782 -- 2179.92 samples/sec-- Loss:0.01 -- Error1:0.11
Phase:train -- Batch_idx:600/782 -- 2197.68 samples/sec-- Loss:0.01 -- Error1:0.11
Phase:train -- Batch_idx:700/782 -- 2210.47 samples/sec-- Loss:0.01 -- Error1:0.10
Train_Loss = 0.011326026312112809, Train_Err = 0.103
Val_Loss = 3.6079318527221678, Val_Err = 63.41
Epoch: [38 | 100]
Phase:train -- Batch_idx:100/782 -- 2329.28 samples/sec-- Loss:0.01 -- Error1:0.12
Phase:train -- Batch_idx:200/782 -- 2312.88 samples/sec-- Loss:0.01 -- Error1:0.10
Phase:train -- Batch_idx:300/782 -- 2303.08 samples/sec-- Loss:0.01 -- Error1:0.09
Phase:train -- Batch_idx:400/782 -- 2299.34 samples/sec-- Loss:0.01 -- Error1:0.10
Phase:train -- Batch_idx:500/782 -- 2297.34 samples/sec-- Loss:0.01 -- Error1:0.10
Phase:train -- Batch_idx:600/782 -- 2296.07 samples/sec-- Loss:0.01 -- Error1:0.10
Phase:train -- Batch_idx:700/782 -- 2296.63 samples/sec-- Loss:0.01 -- Error1:0.11
Train_Loss = 0.01064146975159645, Train_Err = 0.111
Val_Loss = 3.596845027923584, Val_Err = 63.35
Epoch: [39 | 100]
Phase:train -- Batch_idx:100/782 -- 2137.25 samples/sec-- Loss:0.01 -- Error1:0.08
Phase:train -- Batch_idx:200/782 -- 2207.45 samples/sec-- Loss:0.01 -- Error1:0.10
Phase:train -- Batch_idx:300/782 -- 2223.58 samples/sec-- Loss:0.01 -- Error1:0.10
Phase:train -- Batch_idx:400/782 -- 2235.91 samples/sec-- Loss:0.01 -- Error1:0.10
Phase:train -- Batch_idx:500/782 -- 2244.62 samples/sec-- Loss:0.01 -- Error1:0.09
Phase:train -- Batch_idx:600/782 -- 2251.21 samples/sec-- Loss:0.01 -- Error1:0.09
Phase:train -- Batch_idx:700/782 -- 2256.42 samples/sec-- Loss:0.01 -- Error1:0.09
Train_Loss = 0.009827173625826836, Train_Err = 0.088
Val_Loss = 3.591385285949707, Val_Err = 63.22
Epoch: [40 | 100]
Phase:train -- Batch_idx:100/782 -- 2126.74 samples/sec-- Loss:0.01 -- Error1:0.06
Phase:train -- Batch_idx:200/782 -- 2202.67 samples/sec-- Loss:0.01 -- Error1:0.06
Phase:train -- Batch_idx:300/782 -- 2243.55 samples/sec-- Loss:0.01 -- Error1:0.07
Phase:train -- Batch_idx:400/782 -- 2254.35 samples/sec-- Loss:0.01 -- Error1:0.07
Phase:train -- Batch_idx:500/782 -- 2260.05 samples/sec-- Loss:0.01 -- Error1:0.07
Phase:train -- Batch_idx:600/782 -- 2264.68 samples/sec-- Loss:0.01 -- Error1:0.08
Phase:train -- Batch_idx:700/782 -- 2260.98 samples/sec-- Loss:0.01 -- Error1:0.08
Train_Loss = 0.009289742695093155, Train_Err = 0.084
Val_Loss = 3.5996802391052247, Val_Err = 63.3
Epoch: [41 | 100]
Phase:train -- Batch_idx:100/782 -- 2091.06 samples/sec-- Loss:0.01 -- Error1:0.09
Phase:train -- Batch_idx:200/782 -- 2171.66 samples/sec-- Loss:0.01 -- Error1:0.09
Phase:train -- Batch_idx:300/782 -- 2200.81 samples/sec-- Loss:0.01 -- Error1:0.08
Phase:train -- Batch_idx:400/782 -- 2224.33 samples/sec-- Loss:0.01 -- Error1:0.08
Phase:train -- Batch_idx:500/782 -- 2234.54 samples/sec-- Loss:0.01 -- Error1:0.09
Phase:train -- Batch_idx:600/782 -- 2234.85 samples/sec-- Loss:0.01 -- Error1:0.09
Phase:train -- Batch_idx:700/782 -- 2229.69 samples/sec-- Loss:0.01 -- Error1:0.08
Train_Loss = 0.009074702054262161, Train_Err = 0.085
Val_Loss = 3.5837729637145994, Val_Err = 63.18
Epoch: [42 | 100]
Phase:train -- Batch_idx:100/782 -- 2056.69 samples/sec-- Loss:0.01 -- Error1:0.13
Phase:train -- Batch_idx:200/782 -- 2163.91 samples/sec-- Loss:0.01 -- Error1:0.12
Phase:train -- Batch_idx:300/782 -- 2192.65 samples/sec-- Loss:0.01 -- Error1:0.12
Phase:train -- Batch_idx:400/782 -- 2206.14 samples/sec-- Loss:0.01 -- Error1:0.11
Phase:train -- Batch_idx:500/782 -- 2183.37 samples/sec-- Loss:0.01 -- Error1:0.10
Phase:train -- Batch_idx:600/782 -- 2163.57 samples/sec-- Loss:0.01 -- Error1:0.09
Phase:train -- Batch_idx:700/782 -- 2179.95 samples/sec-- Loss:0.01 -- Error1:0.08
Train_Loss = 0.008876941931545734, Train_Err = 0.084
Val_Loss = 3.558236700439453, Val_Err = 63.37
Epoch: [43 | 100]
Phase:train -- Batch_idx:100/782 -- 2175.81 samples/sec-- Loss:0.01 -- Error1:0.07
Phase:train -- Batch_idx:200/782 -- 2231.14 samples/sec-- Loss:0.01 -- Error1:0.10
Phase:train -- Batch_idx:300/782 -- 2248.35 samples/sec-- Loss:0.01 -- Error1:0.08
Phase:train -- Batch_idx:400/782 -- 2241.19 samples/sec-- Loss:0.01 -- Error1:0.08
Phase:train -- Batch_idx:500/782 -- 2237.89 samples/sec-- Loss:0.01 -- Error1:0.08
Phase:train -- Batch_idx:600/782 -- 2210.91 samples/sec-- Loss:0.01 -- Error1:0.08
Phase:train -- Batch_idx:700/782 -- 2232.22 samples/sec-- Loss:0.01 -- Error1:0.07
Train_Loss = 0.0084956982883811, Train_Err = 0.07
Val_Loss = 3.5537468269348143, Val_Err = 63.26
Epoch: [44 | 100]
Phase:train -- Batch_idx:100/782 -- 2169.55 samples/sec-- Loss:0.01 -- Error1:0.05
Phase:train -- Batch_idx:200/782 -- 2222.99 samples/sec-- Loss:0.01 -- Error1:0.06
Phase:train -- Batch_idx:300/782 -- 2234.91 samples/sec-- Loss:0.01 -- Error1:0.08
Phase:train -- Batch_idx:400/782 -- 2245.87 samples/sec-- Loss:0.01 -- Error1:0.07
Phase:train -- Batch_idx:500/782 -- 2254.13 samples/sec-- Loss:0.01 -- Error1:0.07
Phase:train -- Batch_idx:600/782 -- 2258.86 samples/sec-- Loss:0.01 -- Error1:0.07
Phase:train -- Batch_idx:700/782 -- 2260.34 samples/sec-- Loss:0.01 -- Error1:0.08
Train_Loss = 0.008382556868493558, Train_Err = 0.076
Val_Loss = 3.554057286071777, Val_Err = 63.35
Epoch: [45 | 100]
Phase:train -- Batch_idx:100/782 -- 2074.98 samples/sec-- Loss:0.01 -- Error1:0.09
Phase:train -- Batch_idx:200/782 -- 2151.84 samples/sec-- Loss:0.01 -- Error1:0.07
Phase:train -- Batch_idx:300/782 -- 2188.71 samples/sec-- Loss:0.01 -- Error1:0.08
Phase:train -- Batch_idx:400/782 -- 2211.48 samples/sec-- Loss:0.01 -- Error1:0.07
Phase:train -- Batch_idx:500/782 -- 2226.38 samples/sec-- Loss:0.01 -- Error1:0.06
Phase:train -- Batch_idx:600/782 -- 2234.37 samples/sec-- Loss:0.01 -- Error1:0.06
Phase:train -- Batch_idx:700/782 -- 2242.85 samples/sec-- Loss:0.01 -- Error1:0.06
Train_Loss = 0.00805316912740469, Train_Err = 0.06
Val_Loss = 3.533453060913086, Val_Err = 63.16
Epoch: [46 | 100]
Phase:train -- Batch_idx:100/782 -- 2113.52 samples/sec-- Loss:0.01 -- Error1:0.09
Phase:train -- Batch_idx:200/782 -- 2150.48 samples/sec-- Loss:0.01 -- Error1:0.08
Phase:train -- Batch_idx:300/782 -- 2173.33 samples/sec-- Loss:0.01 -- Error1:0.07
Phase:train -- Batch_idx:400/782 -- 2178.25 samples/sec-- Loss:0.01 -- Error1:0.07
Phase:train -- Batch_idx:500/782 -- 2193.72 samples/sec-- Loss:0.01 -- Error1:0.07
Phase:train -- Batch_idx:600/782 -- 2209.04 samples/sec-- Loss:0.01 -- Error1:0.07
Phase:train -- Batch_idx:700/782 -- 2218.08 samples/sec-- Loss:0.01 -- Error1:0.07
Train_Loss = 0.007781587954461574, Train_Err = 0.067
Val_Loss = 3.5420656875610352, Val_Err = 63.39
Epoch: [47 | 100]
Phase:train -- Batch_idx:100/782 -- 2261.10 samples/sec-- Loss:0.01 -- Error1:0.06
Phase:train -- Batch_idx:200/782 -- 2285.67 samples/sec-- Loss:0.01 -- Error1:0.08
Phase:train -- Batch_idx:300/782 -- 2283.57 samples/sec-- Loss:0.01 -- Error1:0.07
Phase:train -- Batch_idx:400/782 -- 2282.96 samples/sec-- Loss:0.01 -- Error1:0.07
Phase:train -- Batch_idx:500/782 -- 2283.71 samples/sec-- Loss:0.01 -- Error1:0.07
Phase:train -- Batch_idx:600/782 -- 2272.50 samples/sec-- Loss:0.01 -- Error1:0.07
Phase:train -- Batch_idx:700/782 -- 2247.26 samples/sec-- Loss:0.01 -- Error1:0.07
Train_Loss = 0.007706964465975762, Train_Err = 0.065
Val_Loss = 3.5246805236816408, Val_Err = 63.25
Epoch: [48 | 100]
Phase:train -- Batch_idx:100/782 -- 2172.06 samples/sec-- Loss:0.01 -- Error1:0.06
Phase:train -- Batch_idx:200/782 -- 2225.00 samples/sec-- Loss:0.01 -- Error1:0.05
Phase:train -- Batch_idx:300/782 -- 2240.51 samples/sec-- Loss:0.01 -- Error1:0.06
Phase:train -- Batch_idx:400/782 -- 2249.57 samples/sec-- Loss:0.01 -- Error1:0.05
Phase:train -- Batch_idx:500/782 -- 2258.03 samples/sec-- Loss:0.01 -- Error1:0.05
Phase:train -- Batch_idx:600/782 -- 2263.74 samples/sec-- Loss:0.01 -- Error1:0.06
Phase:train -- Batch_idx:700/782 -- 2267.75 samples/sec-- Loss:0.01 -- Error1:0.05
Train_Loss = 0.007457541317641735, Train_Err = 0.058
Val_Loss = 3.5038889854431154, Val_Err = 63.43
Epoch: [49 | 100]
Phase:train -- Batch_idx:100/782 -- 2305.56 samples/sec-- Loss:0.01 -- Error1:0.02
Phase:train -- Batch_idx:200/782 -- 2303.96 samples/sec-- Loss:0.01 -- Error1:0.05
Phase:train -- Batch_idx:300/782 -- 2295.12 samples/sec-- Loss:0.01 -- Error1:0.05
Phase:train -- Batch_idx:400/782 -- 2285.04 samples/sec-- Loss:0.01 -- Error1:0.07
Phase:train -- Batch_idx:500/782 -- 2284.42 samples/sec-- Loss:0.01 -- Error1:0.06
Phase:train -- Batch_idx:600/782 -- 2284.53 samples/sec-- Loss:0.01 -- Error1:0.06
Phase:train -- Batch_idx:700/782 -- 2283.42 samples/sec-- Loss:0.01 -- Error1:0.06
Train_Loss = 0.007435437425673008, Train_Err = 0.057
Val_Loss = 3.4979836563110354, Val_Err = 63.1
Epoch: [50 | 100]
Phase:train -- Batch_idx:100/782 -- 2153.17 samples/sec-- Loss:0.01 -- Error1:0.08
Phase:train -- Batch_idx:200/782 -- 2218.89 samples/sec-- Loss:0.01 -- Error1:0.07
Phase:train -- Batch_idx:300/782 -- 2241.41 samples/sec-- Loss:0.01 -- Error1:0.07
Phase:train -- Batch_idx:400/782 -- 2253.45 samples/sec-- Loss:0.01 -- Error1:0.06
Phase:train -- Batch_idx:500/782 -- 2260.96 samples/sec-- Loss:0.01 -- Error1:0.06
Phase:train -- Batch_idx:600/782 -- 2265.60 samples/sec-- Loss:0.01 -- Error1:0.06
Phase:train -- Batch_idx:700/782 -- 2269.23 samples/sec-- Loss:0.01 -- Error1:0.06
Train_Loss = 0.007333964769244194, Train_Err = 0.06
Val_Loss = 3.4916020568847657, Val_Err = 63.1
Epoch: [51 | 100]
Phase:train -- Batch_idx:100/782 -- 2137.58 samples/sec-- Loss:0.01 -- Error1:0.03
Phase:train -- Batch_idx:200/782 -- 2207.92 samples/sec-- Loss:0.01 -- Error1:0.03
Phase:train -- Batch_idx:300/782 -- 2219.34 samples/sec-- Loss:0.01 -- Error1:0.04
Phase:train -- Batch_idx:400/782 -- 2228.91 samples/sec-- Loss:0.01 -- Error1:0.04
Phase:train -- Batch_idx:500/782 -- 2239.23 samples/sec-- Loss:0.01 -- Error1:0.05
Phase:train -- Batch_idx:600/782 -- 2235.17 samples/sec-- Loss:0.01 -- Error1:0.05
Phase:train -- Batch_idx:700/782 -- 2210.10 samples/sec-- Loss:0.01 -- Error1:0.06
Train_Loss = 0.007188172636628151, Train_Err = 0.055
Val_Loss = 3.4908462280273436, Val_Err = 63.34
Epoch: [52 | 100]
Phase:train -- Batch_idx:100/782 -- 2095.70 samples/sec-- Loss:0.01 -- Error1:0.06
Phase:train -- Batch_idx:200/782 -- 2182.56 samples/sec-- Loss:0.01 -- Error1:0.06
Phase:train -- Batch_idx:300/782 -- 2209.25 samples/sec-- Loss:0.01 -- Error1:0.05
Phase:train -- Batch_idx:400/782 -- 2228.07 samples/sec-- Loss:0.01 -- Error1:0.05
Phase:train -- Batch_idx:500/782 -- 2239.82 samples/sec-- Loss:0.01 -- Error1:0.06
Phase:train -- Batch_idx:600/782 -- 2249.39 samples/sec-- Loss:0.01 -- Error1:0.05
Phase:train -- Batch_idx:700/782 -- 2250.10 samples/sec-- Loss:0.01 -- Error1:0.05
Train_Loss = 0.0070641595563292504, Train_Err = 0.054
Val_Loss = 3.4657967926025393, Val_Err = 63.02
Epoch: [53 | 100]
Phase:train -- Batch_idx:100/782 -- 2114.47 samples/sec-- Loss:0.01 -- Error1:0.05
Phase:train -- Batch_idx:200/782 -- 2181.74 samples/sec-- Loss:0.01 -- Error1:0.05
Phase:train -- Batch_idx:300/782 -- 2214.28 samples/sec-- Loss:0.01 -- Error1:0.05
Phase:train -- Batch_idx:400/782 -- 2232.06 samples/sec-- Loss:0.01 -- Error1:0.05
Phase:train -- Batch_idx:500/782 -- 2241.78 samples/sec-- Loss:0.01 -- Error1:0.05
Phase:train -- Batch_idx:600/782 -- 2250.40 samples/sec-- Loss:0.01 -- Error1:0.05
Phase:train -- Batch_idx:700/782 -- 2254.73 samples/sec-- Loss:0.01 -- Error1:0.05
Train_Loss = 0.007122418381273746, Train_Err = 0.054
Val_Loss = 3.4498569984436034, Val_Err = 63.23
Epoch: [54 | 100]
Phase:train -- Batch_idx:100/782 -- 2030.07 samples/sec-- Loss:0.01 -- Error1:0.05
Phase:train -- Batch_idx:200/782 -- 2131.61 samples/sec-- Loss:0.01 -- Error1:0.05
Phase:train -- Batch_idx:300/782 -- 2180.65 samples/sec-- Loss:0.01 -- Error1:0.05
Phase:train -- Batch_idx:400/782 -- 2206.29 samples/sec-- Loss:0.01 -- Error1:0.06
Phase:train -- Batch_idx:500/782 -- 2222.19 samples/sec-- Loss:0.01 -- Error1:0.06
Phase:train -- Batch_idx:600/782 -- 2232.02 samples/sec-- Loss:0.01 -- Error1:0.06
Phase:train -- Batch_idx:700/782 -- 2238.45 samples/sec-- Loss:0.01 -- Error1:0.05
Train_Loss = 0.007006972875595093, Train_Err = 0.055
Val_Loss = 3.4600202453613282, Val_Err = 63.01
Epoch: [55 | 100]
Phase:train -- Batch_idx:100/782 -- 2152.43 samples/sec-- Loss:0.01 -- Error1:0.06
Phase:train -- Batch_idx:200/782 -- 2216.30 samples/sec-- Loss:0.01 -- Error1:0.06
Phase:train -- Batch_idx:300/782 -- 2238.70 samples/sec-- Loss:0.01 -- Error1:0.07
Phase:train -- Batch_idx:400/782 -- 2251.64 samples/sec-- Loss:0.01 -- Error1:0.06
Phase:train -- Batch_idx:500/782 -- 2261.10 samples/sec-- Loss:0.01 -- Error1:0.06
Phase:train -- Batch_idx:600/782 -- 2266.55 samples/sec-- Loss:0.01 -- Error1:0.06
Phase:train -- Batch_idx:700/782 -- 2264.60 samples/sec-- Loss:0.01 -- Error1:0.05
Train_Loss = 0.006984291361868382, Train_Err = 0.057
Val_Loss = 3.445082035064697, Val_Err = 63.23
Epoch: [56 | 100]
Phase:train -- Batch_idx:100/782 -- 2121.59 samples/sec-- Loss:0.01 -- Error1:0.05
Phase:train -- Batch_idx:200/782 -- 2197.57 samples/sec-- Loss:0.01 -- Error1:0.05
Phase:train -- Batch_idx:300/782 -- 2225.72 samples/sec-- Loss:0.01 -- Error1:0.06
Phase:train -- Batch_idx:400/782 -- 2240.81 samples/sec-- Loss:0.01 -- Error1:0.06
Phase:train -- Batch_idx:500/782 -- 2251.51 samples/sec-- Loss:0.01 -- Error1:0.06
Phase:train -- Batch_idx:600/782 -- 2258.89 samples/sec-- Loss:0.01 -- Error1:0.05
Phase:train -- Batch_idx:700/782 -- 2262.59 samples/sec-- Loss:0.01 -- Error1:0.05
Train_Loss = 0.006976608301997185, Train_Err = 0.052
Val_Loss = 3.436957460784912, Val_Err = 63.0
Epoch: [57 | 100]
Phase:train -- Batch_idx:100/782 -- 2165.15 samples/sec-- Loss:0.01 -- Error1:0.02
Phase:train -- Batch_idx:200/782 -- 2230.90 samples/sec-- Loss:0.01 -- Error1:0.03
Phase:train -- Batch_idx:300/782 -- 2252.58 samples/sec-- Loss:0.01 -- Error1:0.04
Phase:train -- Batch_idx:400/782 -- 2262.92 samples/sec-- Loss:0.01 -- Error1:0.05
Phase:train -- Batch_idx:500/782 -- 2269.28 samples/sec-- Loss:0.01 -- Error1:0.05
Phase:train -- Batch_idx:600/782 -- 2272.33 samples/sec-- Loss:0.01 -- Error1:0.05
Phase:train -- Batch_idx:700/782 -- 2275.24 samples/sec-- Loss:0.01 -- Error1:0.05
Train_Loss = 0.006865884091258049, Train_Err = 0.051
Val_Loss = 3.432400215911865, Val_Err = 62.93
Epoch: [58 | 100]
Phase:train -- Batch_idx:100/782 -- 2175.67 samples/sec-- Loss:0.01 -- Error1:0.08
Phase:train -- Batch_idx:200/782 -- 2222.51 samples/sec-- Loss:0.01 -- Error1:0.05
Phase:train -- Batch_idx:300/782 -- 2242.23 samples/sec-- Loss:0.01 -- Error1:0.05
Phase:train -- Batch_idx:400/782 -- 2254.93 samples/sec-- Loss:0.01 -- Error1:0.05
Phase:train -- Batch_idx:500/782 -- 2263.17 samples/sec-- Loss:0.01 -- Error1:0.05
Phase:train -- Batch_idx:600/782 -- 2267.87 samples/sec-- Loss:0.01 -- Error1:0.05
Phase:train -- Batch_idx:700/782 -- 2269.72 samples/sec-- Loss:0.01 -- Error1:0.05
Train_Loss = 0.006745404943823814, Train_Err = 0.048
Val_Loss = 3.4117036865234374, Val_Err = 63.0
Epoch: [59 | 100]
Phase:train -- Batch_idx:100/782 -- 2177.87 samples/sec-- Loss:0.01 -- Error1:0.06
Phase:train -- Batch_idx:200/782 -- 2228.83 samples/sec-- Loss:0.01 -- Error1:0.07
Phase:train -- Batch_idx:300/782 -- 2246.98 samples/sec-- Loss:0.01 -- Error1:0.07
Phase:train -- Batch_idx:400/782 -- 2257.94 samples/sec-- Loss:0.01 -- Error1:0.06
Phase:train -- Batch_idx:500/782 -- 2264.75 samples/sec-- Loss:0.01 -- Error1:0.06
Phase:train -- Batch_idx:600/782 -- 2268.35 samples/sec-- Loss:0.01 -- Error1:0.05
Phase:train -- Batch_idx:700/782 -- 2268.04 samples/sec-- Loss:0.01 -- Error1:0.05
Train_Loss = 0.006831799869537353, Train_Err = 0.053
Val_Loss = 3.418769908905029, Val_Err = 62.82
Epoch: [60 | 100]
Phase:train -- Batch_idx:100/782 -- 2155.84 samples/sec-- Loss:0.01 -- Error1:0.04
Phase:train -- Batch_idx:200/782 -- 2212.23 samples/sec-- Loss:0.01 -- Error1:0.06
Phase:train -- Batch_idx:300/782 -- 2231.26 samples/sec-- Loss:0.01 -- Error1:0.07
Phase:train -- Batch_idx:400/782 -- 2229.57 samples/sec-- Loss:0.01 -- Error1:0.05
Phase:train -- Batch_idx:500/782 -- 2200.42 samples/sec-- Loss:0.01 -- Error1:0.05
Phase:train -- Batch_idx:600/782 -- 2202.00 samples/sec-- Loss:0.01 -- Error1:0.05
Phase:train -- Batch_idx:700/782 -- 2231.26 samples/sec-- Loss:0.01 -- Error1:0.05
Train_Loss = 0.0063654794326424595, Train_Err = 0.05
Val_Loss = 3.3932495208740234, Val_Err = 62.94
Epoch: [61 | 100]
Phase:train -- Batch_idx:100/782 -- 2135.22 samples/sec-- Loss:0.01 -- Error1:0.04
Phase:train -- Batch_idx:200/782 -- 2203.12 samples/sec-- Loss:0.01 -- Error1:0.05
Phase:train -- Batch_idx:300/782 -- 2229.03 samples/sec-- Loss:0.01 -- Error1:0.05
Phase:train -- Batch_idx:400/782 -- 2244.12 samples/sec-- Loss:0.01 -- Error1:0.05
Phase:train -- Batch_idx:500/782 -- 2253.50 samples/sec-- Loss:0.01 -- Error1:0.05
Phase:train -- Batch_idx:600/782 -- 2256.33 samples/sec-- Loss:0.01 -- Error1:0.05
Phase:train -- Batch_idx:700/782 -- 2260.62 samples/sec-- Loss:0.01 -- Error1:0.05
Train_Loss = 0.006324926692247391, Train_Err = 0.051
Val_Loss = 3.3960373054504394, Val_Err = 63.02
Epoch: [62 | 100]
Phase:train -- Batch_idx:100/782 -- 2146.59 samples/sec-- Loss:0.01 -- Error1:0.03
Phase:train -- Batch_idx:200/782 -- 2206.26 samples/sec-- Loss:0.01 -- Error1:0.04
Phase:train -- Batch_idx:300/782 -- 2232.59 samples/sec-- Loss:0.01 -- Error1:0.04
Phase:train -- Batch_idx:400/782 -- 2245.80 samples/sec-- Loss:0.01 -- Error1:0.04
Phase:train -- Batch_idx:500/782 -- 2250.22 samples/sec-- Loss:0.01 -- Error1:0.04
Phase:train -- Batch_idx:600/782 -- 2254.11 samples/sec-- Loss:0.01 -- Error1:0.05
Phase:train -- Batch_idx:700/782 -- 2258.87 samples/sec-- Loss:0.01 -- Error1:0.05
Train_Loss = 0.006289652011692524, Train_Err = 0.049
Val_Loss = 3.4080573455810548, Val_Err = 63.26
Epoch: [63 | 100]
Phase:train -- Batch_idx:100/782 -- 2157.10 samples/sec-- Loss:0.01 -- Error1:0.08
Phase:train -- Batch_idx:200/782 -- 2218.60 samples/sec-- Loss:0.01 -- Error1:0.05
Phase:train -- Batch_idx:300/782 -- 2243.33 samples/sec-- Loss:0.01 -- Error1:0.06
Phase:train -- Batch_idx:400/782 -- 2254.33 samples/sec-- Loss:0.01 -- Error1:0.05
Phase:train -- Batch_idx:500/782 -- 2256.65 samples/sec-- Loss:0.01 -- Error1:0.05
Phase:train -- Batch_idx:600/782 -- 2259.49 samples/sec-- Loss:0.01 -- Error1:0.05
Phase:train -- Batch_idx:700/782 -- 2263.03 samples/sec-- Loss:0.01 -- Error1:0.05
Train_Loss = 0.006269212139248848, Train_Err = 0.049
Val_Loss = 3.400582144165039, Val_Err = 62.94
Epoch: [64 | 100]
Phase:train -- Batch_idx:100/782 -- 2210.36 samples/sec-- Loss:0.01 -- Error1:0.08
Phase:train -- Batch_idx:200/782 -- 2242.30 samples/sec-- Loss:0.01 -- Error1:0.05
Phase:train -- Batch_idx:300/782 -- 2253.97 samples/sec-- Loss:0.01 -- Error1:0.05
Phase:train -- Batch_idx:400/782 -- 2257.92 samples/sec-- Loss:0.01 -- Error1:0.06
Phase:train -- Batch_idx:500/782 -- 2266.37 samples/sec-- Loss:0.01 -- Error1:0.05
Phase:train -- Batch_idx:600/782 -- 2266.84 samples/sec-- Loss:0.01 -- Error1:0.05
Phase:train -- Batch_idx:700/782 -- 2268.40 samples/sec-- Loss:0.01 -- Error1:0.05
Train_Loss = 0.00637963569611311, Train_Err = 0.053
Val_Loss = 3.399636267852783, Val_Err = 63.21
Epoch: [65 | 100]
Phase:train -- Batch_idx:100/782 -- 2135.30 samples/sec-- Loss:0.01 -- Error1:0.05
Phase:train -- Batch_idx:200/782 -- 2200.53 samples/sec-- Loss:0.01 -- Error1:0.03
Phase:train -- Batch_idx:300/782 -- 2229.45 samples/sec-- Loss:0.01 -- Error1:0.03
Phase:train -- Batch_idx:400/782 -- 2248.30 samples/sec-- Loss:0.01 -- Error1:0.03
Phase:train -- Batch_idx:500/782 -- 2256.16 samples/sec-- Loss:0.01 -- Error1:0.03
Phase:train -- Batch_idx:600/782 -- 2257.14 samples/sec-- Loss:0.01 -- Error1:0.03
Phase:train -- Batch_idx:700/782 -- 2259.54 samples/sec-- Loss:0.01 -- Error1:0.04
Train_Loss = 0.006279524154067039, Train_Err = 0.047
Val_Loss = 3.41591671295166, Val_Err = 63.23
Epoch: [66 | 100]
Phase:train -- Batch_idx:100/782 -- 2135.40 samples/sec-- Loss:0.01 -- Error1:0.05
Phase:train -- Batch_idx:200/782 -- 2198.56 samples/sec-- Loss:0.01 -- Error1:0.06
Phase:train -- Batch_idx:300/782 -- 2226.60 samples/sec-- Loss:0.01 -- Error1:0.06
Phase:train -- Batch_idx:400/782 -- 2236.77 samples/sec-- Loss:0.01 -- Error1:0.05
Phase:train -- Batch_idx:500/782 -- 2247.81 samples/sec-- Loss:0.01 -- Error1:0.05
Phase:train -- Batch_idx:600/782 -- 2252.42 samples/sec-- Loss:0.01 -- Error1:0.05
Phase:train -- Batch_idx:700/782 -- 2258.73 samples/sec-- Loss:0.01 -- Error1:0.05
Train_Loss = 0.006262769492566585, Train_Err = 0.049
Val_Loss = 3.4082774238586424, Val_Err = 62.95
Epoch: [67 | 100]
Phase:train -- Batch_idx:100/782 -- 2164.56 samples/sec-- Loss:0.01 -- Error1:0.08
Phase:train -- Batch_idx:200/782 -- 2215.17 samples/sec-- Loss:0.01 -- Error1:0.07
Phase:train -- Batch_idx:300/782 -- 2230.90 samples/sec-- Loss:0.01 -- Error1:0.07
Phase:train -- Batch_idx:400/782 -- 2242.71 samples/sec-- Loss:0.01 -- Error1:0.06
Phase:train -- Batch_idx:500/782 -- 2250.17 samples/sec-- Loss:0.01 -- Error1:0.06
Phase:train -- Batch_idx:600/782 -- 2254.95 samples/sec-- Loss:0.01 -- Error1:0.06
Phase:train -- Batch_idx:700/782 -- 2258.52 samples/sec-- Loss:0.01 -- Error1:0.06
Train_Loss = 0.006384238762557506, Train_Err = 0.058
Val_Loss = 3.4026210083007813, Val_Err = 62.86
Epoch: [68 | 100]
Phase:train -- Batch_idx:100/782 -- 2149.34 samples/sec-- Loss:0.01 -- Error1:0.07
Phase:train -- Batch_idx:200/782 -- 2209.89 samples/sec-- Loss:0.01 -- Error1:0.06
Phase:train -- Batch_idx:300/782 -- 2241.98 samples/sec-- Loss:0.01 -- Error1:0.07
Phase:train -- Batch_idx:400/782 -- 2250.56 samples/sec-- Loss:0.01 -- Error1:0.06
Phase:train -- Batch_idx:500/782 -- 2258.30 samples/sec-- Loss:0.01 -- Error1:0.06
Phase:train -- Batch_idx:600/782 -- 2263.05 samples/sec-- Loss:0.01 -- Error1:0.06
Phase:train -- Batch_idx:700/782 -- 2266.85 samples/sec-- Loss:0.01 -- Error1:0.06
Train_Loss = 0.006364832052886486, Train_Err = 0.059
Val_Loss = 3.401300523376465, Val_Err = 63.04
Epoch: [69 | 100]
Phase:train -- Batch_idx:100/782 -- 2125.98 samples/sec-- Loss:0.01 -- Error1:0.06
Phase:train -- Batch_idx:200/782 -- 2200.85 samples/sec-- Loss:0.01 -- Error1:0.05
Phase:train -- Batch_idx:300/782 -- 2230.23 samples/sec-- Loss:0.01 -- Error1:0.05
Phase:train -- Batch_idx:400/782 -- 2223.03 samples/sec-- Loss:0.01 -- Error1:0.05
Phase:train -- Batch_idx:500/782 -- 2188.39 samples/sec-- Loss:0.01 -- Error1:0.05
Phase:train -- Batch_idx:600/782 -- 2194.80 samples/sec-- Loss:0.01 -- Error1:0.05
Phase:train -- Batch_idx:700/782 -- 2208.35 samples/sec-- Loss:0.01 -- Error1:0.04
Train_Loss = 0.006287418064475059, Train_Err = 0.048
Val_Loss = 3.3987495178222655, Val_Err = 63.15
Epoch: [70 | 100]
Phase:train -- Batch_idx:100/782 -- 2197.95 samples/sec-- Loss:0.01 -- Error1:0.03
Phase:train -- Batch_idx:200/782 -- 2326.45 samples/sec-- Loss:0.01 -- Error1:0.06
Phase:train -- Batch_idx:300/782 -- 2318.38 samples/sec-- Loss:0.01 -- Error1:0.05
Phase:train -- Batch_idx:400/782 -- 2312.39 samples/sec-- Loss:0.01 -- Error1:0.06
Phase:train -- Batch_idx:500/782 -- 2307.08 samples/sec-- Loss:0.01 -- Error1:0.05
Phase:train -- Batch_idx:600/782 -- 2304.32 samples/sec-- Loss:0.01 -- Error1:0.05
Phase:train -- Batch_idx:700/782 -- 2302.46 samples/sec-- Loss:0.01 -- Error1:0.05
Train_Loss = 0.006263103246688843, Train_Err = 0.048
Val_Loss = 3.3957867874145506, Val_Err = 63.15
Epoch: [71 | 100]
Phase:train -- Batch_idx:100/782 -- 2155.66 samples/sec-- Loss:0.01 -- Error1:0.05
Phase:train -- Batch_idx:200/782 -- 2214.47 samples/sec-- Loss:0.01 -- Error1:0.05
Phase:train -- Batch_idx:300/782 -- 2240.51 samples/sec-- Loss:0.01 -- Error1:0.06
Phase:train -- Batch_idx:400/782 -- 2253.20 samples/sec-- Loss:0.01 -- Error1:0.05
Phase:train -- Batch_idx:500/782 -- 2257.78 samples/sec-- Loss:0.01 -- Error1:0.05
Phase:train -- Batch_idx:600/782 -- 2260.36 samples/sec-- Loss:0.01 -- Error1:0.05
Phase:train -- Batch_idx:700/782 -- 2264.23 samples/sec-- Loss:0.01 -- Error1:0.05
Train_Loss = 0.006304614548385143, Train_Err = 0.052
Val_Loss = 3.4053649185180666, Val_Err = 62.9
Epoch: [72 | 100]
Phase:train -- Batch_idx:100/782 -- 2232.06 samples/sec-- Loss:0.01 -- Error1:0.04
Phase:train -- Batch_idx:200/782 -- 2258.80 samples/sec-- Loss:0.01 -- Error1:0.05
Phase:train -- Batch_idx:300/782 -- 2259.40 samples/sec-- Loss:0.01 -- Error1:0.04
Phase:train -- Batch_idx:400/782 -- 2265.59 samples/sec-- Loss:0.01 -- Error1:0.04
Phase:train -- Batch_idx:500/782 -- 2267.31 samples/sec-- Loss:0.01 -- Error1:0.05
Phase:train -- Batch_idx:600/782 -- 2269.70 samples/sec-- Loss:0.01 -- Error1:0.05
Phase:train -- Batch_idx:700/782 -- 2273.46 samples/sec-- Loss:0.01 -- Error1:0.04
Train_Loss = 0.006251194081604481, Train_Err = 0.047
Val_Loss = 3.399057151031494, Val_Err = 62.95
Epoch: [73 | 100]
Phase:train -- Batch_idx:100/782 -- 2178.34 samples/sec-- Loss:0.01 -- Error1:0.02
Phase:train -- Batch_idx:200/782 -- 2213.77 samples/sec-- Loss:0.01 -- Error1:0.02
Phase:train -- Batch_idx:300/782 -- 2228.89 samples/sec-- Loss:0.01 -- Error1:0.03
Phase:train -- Batch_idx:400/782 -- 2241.23 samples/sec-- Loss:0.01 -- Error1:0.04
Phase:train -- Batch_idx:500/782 -- 2246.91 samples/sec-- Loss:0.01 -- Error1:0.04
Phase:train -- Batch_idx:600/782 -- 2253.08 samples/sec-- Loss:0.01 -- Error1:0.04
Phase:train -- Batch_idx:700/782 -- 2257.59 samples/sec-- Loss:0.01 -- Error1:0.04
Train_Loss = 0.00616838886320591, Train_Err = 0.047
Val_Loss = 3.396282678222656, Val_Err = 62.64
Epoch: [74 | 100]
Phase:train -- Batch_idx:100/782 -- 2307.48 samples/sec-- Loss:0.01 -- Error1:0.07
Phase:train -- Batch_idx:200/782 -- 2360.52 samples/sec-- Loss:0.01 -- Error1:0.06
Phase:train -- Batch_idx:300/782 -- 2334.40 samples/sec-- Loss:0.01 -- Error1:0.05
Phase:train -- Batch_idx:400/782 -- 2326.62 samples/sec-- Loss:0.01 -- Error1:0.05
Phase:train -- Batch_idx:500/782 -- 2317.53 samples/sec-- Loss:0.01 -- Error1:0.05
Phase:train -- Batch_idx:600/782 -- 2310.93 samples/sec-- Loss:0.01 -- Error1:0.05
Phase:train -- Batch_idx:700/782 -- 2303.49 samples/sec-- Loss:0.01 -- Error1:0.05
Train_Loss = 0.006174243929982185, Train_Err = 0.048
Val_Loss = 3.3909944374084473, Val_Err = 63.09
Epoch: [75 | 100]
Phase:train -- Batch_idx:100/782 -- 2125.09 samples/sec-- Loss:0.01 -- Error1:0.02
Phase:train -- Batch_idx:200/782 -- 2199.60 samples/sec-- Loss:0.01 -- Error1:0.04
Phase:train -- Batch_idx:300/782 -- 2215.90 samples/sec-- Loss:0.01 -- Error1:0.04
Phase:train -- Batch_idx:400/782 -- 2213.71 samples/sec-- Loss:0.01 -- Error1:0.04
Phase:train -- Batch_idx:500/782 -- 2227.04 samples/sec-- Loss:0.01 -- Error1:0.04
Phase:train -- Batch_idx:600/782 -- 2235.80 samples/sec-- Loss:0.01 -- Error1:0.04
Phase:train -- Batch_idx:700/782 -- 2245.60 samples/sec-- Loss:0.01 -- Error1:0.04
Train_Loss = 0.006120940829515457, Train_Err = 0.041
Val_Loss = 3.3946198471069335, Val_Err = 63.15
Epoch: [76 | 100]
Phase:train -- Batch_idx:100/782 -- 2141.06 samples/sec-- Loss:0.01 -- Error1:0.02
Phase:train -- Batch_idx:200/782 -- 2209.16 samples/sec-- Loss:0.01 -- Error1:0.04
Phase:train -- Batch_idx:300/782 -- 2230.96 samples/sec-- Loss:0.01 -- Error1:0.05
Phase:train -- Batch_idx:400/782 -- 2245.37 samples/sec-- Loss:0.01 -- Error1:0.05
Phase:train -- Batch_idx:500/782 -- 2256.19 samples/sec-- Loss:0.01 -- Error1:0.05
Phase:train -- Batch_idx:600/782 -- 2258.40 samples/sec-- Loss:0.01 -- Error1:0.05
Phase:train -- Batch_idx:700/782 -- 2261.61 samples/sec-- Loss:0.01 -- Error1:0.04
Train_Loss = 0.006221866342127323, Train_Err = 0.051
Val_Loss = 3.3970347091674804, Val_Err = 62.84
Epoch: [77 | 100]
Phase:train -- Batch_idx:100/782 -- 2338.61 samples/sec-- Loss:0.01 -- Error1:0.06
Phase:train -- Batch_idx:200/782 -- 2363.64 samples/sec-- Loss:0.01 -- Error1:0.05
Phase:train -- Batch_idx:300/782 -- 2334.15 samples/sec-- Loss:0.01 -- Error1:0.05
Phase:train -- Batch_idx:400/782 -- 2323.33 samples/sec-- Loss:0.01 -- Error1:0.06
Phase:train -- Batch_idx:500/782 -- 2317.90 samples/sec-- Loss:0.01 -- Error1:0.05
Phase:train -- Batch_idx:600/782 -- 2313.36 samples/sec-- Loss:0.01 -- Error1:0.06
Phase:train -- Batch_idx:700/782 -- 2307.31 samples/sec-- Loss:0.01 -- Error1:0.05
Train_Loss = 0.00630281400680542, Train_Err = 0.053
Val_Loss = 3.394693310546875, Val_Err = 62.97
Epoch: [78 | 100]
Phase:train -- Batch_idx:100/782 -- 2167.04 samples/sec-- Loss:0.01 -- Error1:0.05
Phase:train -- Batch_idx:200/782 -- 2223.67 samples/sec-- Loss:0.01 -- Error1:0.05
Phase:train -- Batch_idx:300/782 -- 2243.75 samples/sec-- Loss:0.01 -- Error1:0.05
Phase:train -- Batch_idx:400/782 -- 2256.21 samples/sec-- Loss:0.01 -- Error1:0.05
Phase:train -- Batch_idx:500/782 -- 2258.39 samples/sec-- Loss:0.01 -- Error1:0.05
Phase:train -- Batch_idx:600/782 -- 2258.90 samples/sec-- Loss:0.01 -- Error1:0.05
Phase:train -- Batch_idx:700/782 -- 2262.54 samples/sec-- Loss:0.01 -- Error1:0.05
Train_Loss = 0.006149001070857048, Train_Err = 0.05
Val_Loss = 3.397895792388916, Val_Err = 62.98
Epoch: [79 | 100]
Phase:train -- Batch_idx:100/782 -- 2274.06 samples/sec-- Loss:0.01 -- Error1:0.09
Phase:train -- Batch_idx:200/782 -- 2290.90 samples/sec-- Loss:0.01 -- Error1:0.07
Phase:train -- Batch_idx:300/782 -- 2288.87 samples/sec-- Loss:0.01 -- Error1:0.05
Phase:train -- Batch_idx:400/782 -- 2286.80 samples/sec-- Loss:0.01 -- Error1:0.06
Phase:train -- Batch_idx:500/782 -- 2280.97 samples/sec-- Loss:0.01 -- Error1:0.05
Phase:train -- Batch_idx:600/782 -- 2280.46 samples/sec-- Loss:0.01 -- Error1:0.05
Phase:train -- Batch_idx:700/782 -- 2281.13 samples/sec-- Loss:0.01 -- Error1:0.05
Train_Loss = 0.0061621772608160975, Train_Err = 0.051
Val_Loss = 3.39197255859375, Val_Err = 62.84
Epoch: [80 | 100]
Phase:train -- Batch_idx:100/782 -- 2116.77 samples/sec-- Loss:0.01 -- Error1:0.04
Phase:train -- Batch_idx:200/782 -- 2199.13 samples/sec-- Loss:0.01 -- Error1:0.06
Phase:train -- Batch_idx:300/782 -- 2227.25 samples/sec-- Loss:0.01 -- Error1:0.06
Phase:train -- Batch_idx:400/782 -- 2243.29 samples/sec-- Loss:0.01 -- Error1:0.06
Phase:train -- Batch_idx:500/782 -- 2251.38 samples/sec-- Loss:0.01 -- Error1:0.06
Phase:train -- Batch_idx:600/782 -- 2254.89 samples/sec-- Loss:0.01 -- Error1:0.05
Phase:train -- Batch_idx:700/782 -- 2258.92 samples/sec-- Loss:0.01 -- Error1:0.05
Train_Loss = 0.006173766876161098, Train_Err = 0.049
Val_Loss = 3.398861848449707, Val_Err = 62.93
Epoch: [81 | 100]
Phase:train -- Batch_idx:100/782 -- 2121.61 samples/sec-- Loss:0.01 -- Error1:0.07
Phase:train -- Batch_idx:200/782 -- 2200.01 samples/sec-- Loss:0.01 -- Error1:0.04
Phase:train -- Batch_idx:300/782 -- 2223.33 samples/sec-- Loss:0.01 -- Error1:0.05
Phase:train -- Batch_idx:400/782 -- 2235.82 samples/sec-- Loss:0.01 -- Error1:0.05
Phase:train -- Batch_idx:500/782 -- 2224.78 samples/sec-- Loss:0.01 -- Error1:0.05
Phase:train -- Batch_idx:600/782 -- 2220.90 samples/sec-- Loss:0.01 -- Error1:0.05
Phase:train -- Batch_idx:700/782 -- 2230.10 samples/sec-- Loss:0.01 -- Error1:0.05
Train_Loss = 0.0061374005171656604, Train_Err = 0.049
Val_Loss = 3.3850073432922363, Val_Err = 62.91
Epoch: [82 | 100]
Phase:train -- Batch_idx:100/782 -- 2076.77 samples/sec-- Loss:0.01 -- Error1:0.04
Phase:train -- Batch_idx:200/782 -- 2143.23 samples/sec-- Loss:0.01 -- Error1:0.04
Phase:train -- Batch_idx:300/782 -- 2184.17 samples/sec-- Loss:0.01 -- Error1:0.04
Phase:train -- Batch_idx:400/782 -- 2206.89 samples/sec-- Loss:0.01 -- Error1:0.05
Phase:train -- Batch_idx:500/782 -- 2220.75 samples/sec-- Loss:0.01 -- Error1:0.04
Phase:train -- Batch_idx:600/782 -- 2231.79 samples/sec-- Loss:0.01 -- Error1:0.04
Phase:train -- Batch_idx:700/782 -- 2239.02 samples/sec-- Loss:0.01 -- Error1:0.04
Train_Loss = 0.006101918978393078, Train_Err = 0.043
Val_Loss = 3.3929815086364745, Val_Err = 63.11
Epoch: [83 | 100]
Phase:train -- Batch_idx:100/782 -- 2139.57 samples/sec-- Loss:0.01 -- Error1:0.02
Phase:train -- Batch_idx:200/782 -- 2205.72 samples/sec-- Loss:0.01 -- Error1:0.03
Phase:train -- Batch_idx:300/782 -- 2230.92 samples/sec-- Loss:0.01 -- Error1:0.03
Phase:train -- Batch_idx:400/782 -- 2246.46 samples/sec-- Loss:0.01 -- Error1:0.04
Phase:train -- Batch_idx:500/782 -- 2251.00 samples/sec-- Loss:0.01 -- Error1:0.03
Phase:train -- Batch_idx:600/782 -- 2257.23 samples/sec-- Loss:0.01 -- Error1:0.04
Phase:train -- Batch_idx:700/782 -- 2261.45 samples/sec-- Loss:0.01 -- Error1:0.04
Train_Loss = 0.006125753456354141, Train_Err = 0.048
Val_Loss = 3.393866432189941, Val_Err = 63.09
Epoch: [84 | 100]
Phase:train -- Batch_idx:100/782 -- 2146.01 samples/sec-- Loss:0.01 -- Error1:0.04
Phase:train -- Batch_idx:200/782 -- 2207.73 samples/sec-- Loss:0.01 -- Error1:0.05
Phase:train -- Batch_idx:300/782 -- 2204.78 samples/sec-- Loss:0.01 -- Error1:0.05
Phase:train -- Batch_idx:400/782 -- 2195.71 samples/sec-- Loss:0.01 -- Error1:0.05
Phase:train -- Batch_idx:500/782 -- 2212.89 samples/sec-- Loss:0.01 -- Error1:0.05
Phase:train -- Batch_idx:600/782 -- 2224.16 samples/sec-- Loss:0.01 -- Error1:0.05
Phase:train -- Batch_idx:700/782 -- 2232.16 samples/sec-- Loss:0.01 -- Error1:0.05
Train_Loss = 0.0061341716331243515, Train_Err = 0.051
Val_Loss = 3.3879864707946776, Val_Err = 62.73
Epoch: [85 | 100]
Phase:train -- Batch_idx:100/782 -- 2117.32 samples/sec-- Loss:0.01 -- Error1:0.02
Phase:train -- Batch_idx:200/782 -- 2194.40 samples/sec-- Loss:0.01 -- Error1:0.04
Phase:train -- Batch_idx:300/782 -- 2197.86 samples/sec-- Loss:0.01 -- Error1:0.05
Phase:train -- Batch_idx:400/782 -- 2206.42 samples/sec-- Loss:0.01 -- Error1:0.04
Phase:train -- Batch_idx:500/782 -- 2213.29 samples/sec-- Loss:0.01 -- Error1:0.05
Phase:train -- Batch_idx:600/782 -- 2222.97 samples/sec-- Loss:0.01 -- Error1:0.05
Phase:train -- Batch_idx:700/782 -- 2233.53 samples/sec-- Loss:0.01 -- Error1:0.04
Train_Loss = 0.006137945483624935, Train_Err = 0.047
Val_Loss = 3.393037116241455, Val_Err = 63.03
Epoch: [86 | 100]
Phase:train -- Batch_idx:100/782 -- 2133.33 samples/sec-- Loss:0.01 -- Error1:0.06
Phase:train -- Batch_idx:200/782 -- 2201.74 samples/sec-- Loss:0.01 -- Error1:0.06
Phase:train -- Batch_idx:300/782 -- 2208.69 samples/sec-- Loss:0.01 -- Error1:0.05
Phase:train -- Batch_idx:400/782 -- 2200.88 samples/sec-- Loss:0.01 -- Error1:0.05
Phase:train -- Batch_idx:500/782 -- 2210.79 samples/sec-- Loss:0.01 -- Error1:0.05
Phase:train -- Batch_idx:600/782 -- 2221.41 samples/sec-- Loss:0.01 -- Error1:0.05
Phase:train -- Batch_idx:700/782 -- 2231.50 samples/sec-- Loss:0.01 -- Error1:0.05
Train_Loss = 0.00617875704228878, Train_Err = 0.05
Val_Loss = 3.3832698150634766, Val_Err = 62.72
Epoch: [87 | 100]
Phase:train -- Batch_idx:100/782 -- 2139.07 samples/sec-- Loss:0.01 -- Error1:0.02
Phase:train -- Batch_idx:200/782 -- 2206.94 samples/sec-- Loss:0.01 -- Error1:0.03
Phase:train -- Batch_idx:300/782 -- 2232.71 samples/sec-- Loss:0.01 -- Error1:0.04
Phase:train -- Batch_idx:400/782 -- 2236.41 samples/sec-- Loss:0.01 -- Error1:0.04
Phase:train -- Batch_idx:500/782 -- 2228.58 samples/sec-- Loss:0.01 -- Error1:0.05
Phase:train -- Batch_idx:600/782 -- 2240.19 samples/sec-- Loss:0.01 -- Error1:0.05
Phase:train -- Batch_idx:700/782 -- 2248.50 samples/sec-- Loss:0.01 -- Error1:0.04
Train_Loss = 0.006158163463175297, Train_Err = 0.049
Val_Loss = 3.381533048248291, Val_Err = 62.72
Epoch: [88 | 100]
Phase:train -- Batch_idx:100/782 -- 2104.07 samples/sec-- Loss:0.01 -- Error1:0.05
Phase:train -- Batch_idx:200/782 -- 2155.26 samples/sec-- Loss:0.01 -- Error1:0.07
Phase:train -- Batch_idx:300/782 -- 2169.82 samples/sec-- Loss:0.01 -- Error1:0.05
Phase:train -- Batch_idx:400/782 -- 2186.57 samples/sec-- Loss:0.01 -- Error1:0.05
Phase:train -- Batch_idx:500/782 -- 2205.38 samples/sec-- Loss:0.01 -- Error1:0.04
Phase:train -- Batch_idx:600/782 -- 2218.37 samples/sec-- Loss:0.01 -- Error1:0.05
Phase:train -- Batch_idx:700/782 -- 2227.91 samples/sec-- Loss:0.01 -- Error1:0.04
Train_Loss = 0.0060306321406364445, Train_Err = 0.048
Val_Loss = 3.3789106307983396, Val_Err = 63.05
Epoch: [89 | 100]
Phase:train -- Batch_idx:100/782 -- 2158.03 samples/sec-- Loss:0.01 -- Error1:0.04
Phase:train -- Batch_idx:200/782 -- 2227.04 samples/sec-- Loss:0.01 -- Error1:0.04
Phase:train -- Batch_idx:300/782 -- 2245.86 samples/sec-- Loss:0.01 -- Error1:0.04
Phase:train -- Batch_idx:400/782 -- 2252.81 samples/sec-- Loss:0.01 -- Error1:0.04
Phase:train -- Batch_idx:500/782 -- 2261.16 samples/sec-- Loss:0.01 -- Error1:0.04
Phase:train -- Batch_idx:600/782 -- 2265.61 samples/sec-- Loss:0.01 -- Error1:0.04
Phase:train -- Batch_idx:700/782 -- 2268.50 samples/sec-- Loss:0.01 -- Error1:0.04
Train_Loss = 0.006085489395558834, Train_Err = 0.049
Val_Loss = 3.389181470489502, Val_Err = 63.03
Epoch: [90 | 100]
Phase:train -- Batch_idx:100/782 -- 2248.89 samples/sec-- Loss:0.01 -- Error1:0.03
Phase:train -- Batch_idx:200/782 -- 2274.06 samples/sec-- Loss:0.01 -- Error1:0.04
Phase:train -- Batch_idx:300/782 -- 2277.24 samples/sec-- Loss:0.01 -- Error1:0.04
Phase:train -- Batch_idx:400/782 -- 2278.14 samples/sec-- Loss:0.01 -- Error1:0.05
Phase:train -- Batch_idx:500/782 -- 2277.13 samples/sec-- Loss:0.01 -- Error1:0.04
Phase:train -- Batch_idx:600/782 -- 2277.59 samples/sec-- Loss:0.01 -- Error1:0.05
Phase:train -- Batch_idx:700/782 -- 2276.75 samples/sec-- Loss:0.01 -- Error1:0.05
Train_Loss = 0.006172442722320557, Train_Err = 0.052
Val_Loss = 3.38666403427124, Val_Err = 63.17
Epoch: [91 | 100]
Phase:train -- Batch_idx:100/782 -- 2150.12 samples/sec-- Loss:0.01 -- Error1:0.02
Phase:train -- Batch_idx:200/782 -- 2213.67 samples/sec-- Loss:0.01 -- Error1:0.03
Phase:train -- Batch_idx:300/782 -- 2237.21 samples/sec-- Loss:0.01 -- Error1:0.05
Phase:train -- Batch_idx:400/782 -- 2249.33 samples/sec-- Loss:0.01 -- Error1:0.04
Phase:train -- Batch_idx:500/782 -- 2254.30 samples/sec-- Loss:0.01 -- Error1:0.04
Phase:train -- Batch_idx:600/782 -- 2259.24 samples/sec-- Loss:0.01 -- Error1:0.04
Phase:train -- Batch_idx:700/782 -- 2259.94 samples/sec-- Loss:0.01 -- Error1:0.05
Train_Loss = 0.006098508329987526, Train_Err = 0.048
Val_Loss = 3.3848726623535157, Val_Err = 62.98
Epoch: [92 | 100]
Phase:train -- Batch_idx:100/782 -- 2147.16 samples/sec-- Loss:0.01 -- Error1:0.02
Phase:train -- Batch_idx:200/782 -- 2210.07 samples/sec-- Loss:0.01 -- Error1:0.04
Phase:train -- Batch_idx:300/782 -- 2231.41 samples/sec-- Loss:0.01 -- Error1:0.05
Phase:train -- Batch_idx:400/782 -- 2241.15 samples/sec-- Loss:0.01 -- Error1:0.05
Phase:train -- Batch_idx:500/782 -- 2248.46 samples/sec-- Loss:0.01 -- Error1:0.05
Phase:train -- Batch_idx:600/782 -- 2254.21 samples/sec-- Loss:0.01 -- Error1:0.05
Phase:train -- Batch_idx:700/782 -- 2259.55 samples/sec-- Loss:0.01 -- Error1:0.05
Train_Loss = 0.006035539238750934, Train_Err = 0.047
Val_Loss = 3.3926294303894045, Val_Err = 63.19
Epoch: [93 | 100]
Phase:train -- Batch_idx:100/782 -- 2142.15 samples/sec-- Loss:0.01 -- Error1:0.02
Phase:train -- Batch_idx:200/782 -- 2203.52 samples/sec-- Loss:0.01 -- Error1:0.05
Phase:train -- Batch_idx:300/782 -- 2227.54 samples/sec-- Loss:0.01 -- Error1:0.05
Phase:train -- Batch_idx:400/782 -- 2239.37 samples/sec-- Loss:0.01 -- Error1:0.05
Phase:train -- Batch_idx:500/782 -- 2249.31 samples/sec-- Loss:0.01 -- Error1:0.05
Phase:train -- Batch_idx:600/782 -- 2254.81 samples/sec-- Loss:0.01 -- Error1:0.05
Phase:train -- Batch_idx:700/782 -- 2260.16 samples/sec-- Loss:0.01 -- Error1:0.05
Train_Loss = 0.006077997181117535, Train_Err = 0.047
Val_Loss = 3.392520347595215, Val_Err = 62.95
Epoch: [94 | 100]
Phase:train -- Batch_idx:100/782 -- 2113.46 samples/sec-- Loss:0.01 -- Error1:0.05
Phase:train -- Batch_idx:200/782 -- 2191.29 samples/sec-- Loss:0.01 -- Error1:0.05
Phase:train -- Batch_idx:300/782 -- 2222.95 samples/sec-- Loss:0.01 -- Error1:0.05
Phase:train -- Batch_idx:400/782 -- 2238.84 samples/sec-- Loss:0.01 -- Error1:0.05
Phase:train -- Batch_idx:500/782 -- 2247.54 samples/sec-- Loss:0.01 -- Error1:0.04
Phase:train -- Batch_idx:600/782 -- 2254.31 samples/sec-- Loss:0.01 -- Error1:0.05
Phase:train -- Batch_idx:700/782 -- 2259.00 samples/sec-- Loss:0.01 -- Error1:0.05
Train_Loss = 0.006041080447137356, Train_Err = 0.046
Val_Loss = 3.370492492675781, Val_Err = 62.86
Epoch: [95 | 100]
Phase:train -- Batch_idx:100/782 -- 2158.45 samples/sec-- Loss:0.01 -- Error1:0.06
Phase:train -- Batch_idx:200/782 -- 2215.23 samples/sec-- Loss:0.01 -- Error1:0.05
Phase:train -- Batch_idx:300/782 -- 2235.93 samples/sec-- Loss:0.01 -- Error1:0.05
Phase:train -- Batch_idx:400/782 -- 2244.82 samples/sec-- Loss:0.01 -- Error1:0.05
Phase:train -- Batch_idx:500/782 -- 2251.65 samples/sec-- Loss:0.01 -- Error1:0.05
Phase:train -- Batch_idx:600/782 -- 2257.73 samples/sec-- Loss:0.01 -- Error1:0.05
Phase:train -- Batch_idx:700/782 -- 2261.90 samples/sec-- Loss:0.01 -- Error1:0.05
Train_Loss = 0.006107032921910286, Train_Err = 0.048
Val_Loss = 3.3836105751037597, Val_Err = 62.79
Epoch: [96 | 100]
Phase:train -- Batch_idx:100/782 -- 2131.77 samples/sec-- Loss:0.01 -- Error1:0.05
Phase:train -- Batch_idx:200/782 -- 2192.55 samples/sec-- Loss:0.01 -- Error1:0.05
Phase:train -- Batch_idx:300/782 -- 2220.08 samples/sec-- Loss:0.01 -- Error1:0.04
Phase:train -- Batch_idx:400/782 -- 2230.62 samples/sec-- Loss:0.01 -- Error1:0.04
Phase:train -- Batch_idx:500/782 -- 2239.19 samples/sec-- Loss:0.01 -- Error1:0.04
Phase:train -- Batch_idx:600/782 -- 2242.60 samples/sec-- Loss:0.01 -- Error1:0.05
Phase:train -- Batch_idx:700/782 -- 2247.65 samples/sec-- Loss:0.01 -- Error1:0.05
Train_Loss = 0.006145162696838379, Train_Err = 0.049
Val_Loss = 3.3857515617370604, Val_Err = 63.06
Epoch: [97 | 100]
Phase:train -- Batch_idx:100/782 -- 2123.15 samples/sec-- Loss:0.01 -- Error1:0.03
Phase:train -- Batch_idx:200/782 -- 2196.90 samples/sec-- Loss:0.01 -- Error1:0.04
Phase:train -- Batch_idx:300/782 -- 2227.11 samples/sec-- Loss:0.01 -- Error1:0.03
Phase:train -- Batch_idx:400/782 -- 2237.28 samples/sec-- Loss:0.01 -- Error1:0.03
Phase:train -- Batch_idx:500/782 -- 2249.65 samples/sec-- Loss:0.01 -- Error1:0.04
Phase:train -- Batch_idx:600/782 -- 2254.37 samples/sec-- Loss:0.01 -- Error1:0.04
Phase:train -- Batch_idx:700/782 -- 2260.13 samples/sec-- Loss:0.01 -- Error1:0.04
Train_Loss = 0.006028595854341984, Train_Err = 0.044
Val_Loss = 3.3817455017089846, Val_Err = 62.61
Epoch: [98 | 100]
Phase:train -- Batch_idx:100/782 -- 2218.68 samples/sec-- Loss:0.01 -- Error1:0.02
Phase:train -- Batch_idx:200/782 -- 2251.03 samples/sec-- Loss:0.01 -- Error1:0.04
Phase:train -- Batch_idx:300/782 -- 2265.76 samples/sec-- Loss:0.01 -- Error1:0.04
Phase:train -- Batch_idx:400/782 -- 2272.98 samples/sec-- Loss:0.01 -- Error1:0.04
Phase:train -- Batch_idx:500/782 -- 2277.09 samples/sec-- Loss:0.01 -- Error1:0.04
Phase:train -- Batch_idx:600/782 -- 2276.21 samples/sec-- Loss:0.01 -- Error1:0.04
Phase:train -- Batch_idx:700/782 -- 2276.77 samples/sec-- Loss:0.01 -- Error1:0.04
Train_Loss = 0.006015482669174671, Train_Err = 0.046
Val_Loss = 3.3946584533691406, Val_Err = 63.06
Epoch: [99 | 100]
Phase:train -- Batch_idx:100/782 -- 2114.68 samples/sec-- Loss:0.01 -- Error1:0.02
Phase:train -- Batch_idx:200/782 -- 2169.41 samples/sec-- Loss:0.01 -- Error1:0.05
Phase:train -- Batch_idx:300/782 -- 2207.26 samples/sec-- Loss:0.01 -- Error1:0.06
Phase:train -- Batch_idx:400/782 -- 2227.92 samples/sec-- Loss:0.01 -- Error1:0.05
Phase:train -- Batch_idx:500/782 -- 2239.48 samples/sec-- Loss:0.01 -- Error1:0.05
Phase:train -- Batch_idx:600/782 -- 2245.11 samples/sec-- Loss:0.01 -- Error1:0.05
Phase:train -- Batch_idx:700/782 -- 2251.60 samples/sec-- Loss:0.01 -- Error1:0.05
Train_Loss = 0.006088460011780262, Train_Err = 0.045
Val_Loss = 3.382527436065674, Val_Err = 63.01
