Namespace(bs=128, cp_dir='./checkpoints/cifar100_new/resnet18/fsgd/run_ms_4/run0', data_dir='./data/cifar100', dir='.', dtype='cifar100', ep=200, loadckp=None, lr=0.1, milestones=[100, 120], mo=0.9, ms=4, mtype='resnet18', n='cifar100_new/resnet18/fsgd', num_classes=100, print_freq=100, std=0.002, use_cuda=True, wd=0.0005)
Epoch: [0 | 200]
Phase:train -- Batch_idx:100/391-- 2170.85 samples/sec-- Loss:4.74 -- Error1:97.93
Phase:train -- Batch_idx:200/391-- 2435.57 samples/sec-- Loss:4.47 -- Error1:96.37
Phase:train -- Batch_idx:300/391-- 2539.03 samples/sec-- Loss:4.32 -- Error1:95.12
Train_Loss = 4.212898770675659, Train_Err = 94.032
Val_Loss = 3.815928498840332, Val_Err = 89.93
Epoch: [1 | 200]
Phase:train -- Batch_idx:100/391-- 2622.63 samples/sec-- Loss:3.76 -- Error1:89.62
Phase:train -- Batch_idx:200/391-- 2698.13 samples/sec-- Loss:3.73 -- Error1:88.82
Phase:train -- Batch_idx:300/391-- 2724.62 samples/sec-- Loss:3.67 -- Error1:87.65
Train_Loss = 3.630513715209961, Train_Err = 86.84
Val_Loss = 3.490445487976074, Val_Err = 83.79
Epoch: [2 | 200]
Phase:train -- Batch_idx:100/391-- 2619.39 samples/sec-- Loss:3.35 -- Error1:81.84
Phase:train -- Batch_idx:200/391-- 2694.76 samples/sec-- Loss:3.30 -- Error1:80.77
Phase:train -- Batch_idx:300/391-- 2720.05 samples/sec-- Loss:3.26 -- Error1:79.92
Train_Loss = 3.2174058390808105, Train_Err = 79.252
Val_Loss = 3.2600937995910644, Val_Err = 78.16
Epoch: [3 | 200]
Phase:train -- Batch_idx:100/391-- 2616.44 samples/sec-- Loss:2.94 -- Error1:74.49
Phase:train -- Batch_idx:200/391-- 2692.05 samples/sec-- Loss:2.90 -- Error1:73.86
Phase:train -- Batch_idx:300/391-- 2718.68 samples/sec-- Loss:2.85 -- Error1:72.78
Train_Loss = 2.806745173187256, Train_Err = 72.062
Val_Loss = 2.7088312675476076, Val_Err = 69.59
Epoch: [4 | 200]
Phase:train -- Batch_idx:100/391-- 2616.99 samples/sec-- Loss:2.54 -- Error1:66.27
Phase:train -- Batch_idx:200/391-- 2692.00 samples/sec-- Loss:2.50 -- Error1:65.52
Phase:train -- Batch_idx:300/391-- 2719.26 samples/sec-- Loss:2.47 -- Error1:65.08
Train_Loss = 2.438805421142578, Train_Err = 64.522
Val_Loss = 2.8147935050964357, Val_Err = 69.35
Epoch: [5 | 200]
Phase:train -- Batch_idx:100/391-- 2617.59 samples/sec-- Loss:2.20 -- Error1:59.55
Phase:train -- Batch_idx:200/391-- 2694.95 samples/sec-- Loss:2.18 -- Error1:59.21
Phase:train -- Batch_idx:300/391-- 2721.73 samples/sec-- Loss:2.17 -- Error1:59.18
Train_Loss = 2.1597540464019773, Train_Err = 59.012
Val_Loss = 2.250174979972839, Val_Err = 60.11
Epoch: [6 | 200]
Phase:train -- Batch_idx:100/391-- 2620.92 samples/sec-- Loss:1.98 -- Error1:54.70
Phase:train -- Batch_idx:200/391-- 2697.51 samples/sec-- Loss:1.98 -- Error1:54.69
Phase:train -- Batch_idx:300/391-- 2723.89 samples/sec-- Loss:1.98 -- Error1:54.67
Train_Loss = 1.9764020937728881, Train_Err = 54.596
Val_Loss = 2.2918114223480224, Val_Err = 58.8
Epoch: [7 | 200]
Phase:train -- Batch_idx:100/391-- 2619.88 samples/sec-- Loss:1.79 -- Error1:50.14
Phase:train -- Batch_idx:200/391-- 2695.16 samples/sec-- Loss:1.82 -- Error1:50.95
Phase:train -- Batch_idx:300/391-- 2721.00 samples/sec-- Loss:1.83 -- Error1:51.06
Train_Loss = 1.8245457467651367, Train_Err = 50.898
Val_Loss = 2.072548833847046, Val_Err = 54.28
Epoch: [8 | 200]
Phase:train -- Batch_idx:100/391-- 2617.14 samples/sec-- Loss:1.70 -- Error1:48.19
Phase:train -- Batch_idx:200/391-- 2695.28 samples/sec-- Loss:1.71 -- Error1:48.52
Phase:train -- Batch_idx:300/391-- 2722.00 samples/sec-- Loss:1.72 -- Error1:48.56
Train_Loss = 1.723075348739624, Train_Err = 48.644
Val_Loss = 1.9186806234359741, Val_Err = 52.0
Epoch: [9 | 200]
Phase:train -- Batch_idx:100/391-- 2603.85 samples/sec-- Loss:1.60 -- Error1:45.14
Phase:train -- Batch_idx:200/391-- 2685.13 samples/sec-- Loss:1.62 -- Error1:45.99
Phase:train -- Batch_idx:300/391-- 2712.50 samples/sec-- Loss:1.63 -- Error1:46.29
Train_Loss = 1.6360382931137085, Train_Err = 46.346
Val_Loss = 2.0777422435760498, Val_Err = 53.74
Epoch: [10 | 200]
Phase:train -- Batch_idx:100/391-- 2616.92 samples/sec-- Loss:1.52 -- Error1:43.87
Phase:train -- Batch_idx:200/391-- 2691.33 samples/sec-- Loss:1.54 -- Error1:44.17
Phase:train -- Batch_idx:300/391-- 2716.41 samples/sec-- Loss:1.56 -- Error1:44.60
Train_Loss = 1.5650978937530517, Train_Err = 44.726
Val_Loss = 1.9575385982513427, Val_Err = 51.06
Epoch: [11 | 200]
Phase:train -- Batch_idx:100/391-- 2624.51 samples/sec-- Loss:1.44 -- Error1:41.86
Phase:train -- Batch_idx:200/391-- 2698.64 samples/sec-- Loss:1.49 -- Error1:42.98
Phase:train -- Batch_idx:300/391-- 2723.69 samples/sec-- Loss:1.51 -- Error1:43.47
Train_Loss = 1.5214891893005371, Train_Err = 43.686
Val_Loss = 1.8270629198074342, Val_Err = 49.03
Epoch: [12 | 200]
Phase:train -- Batch_idx:100/391-- 2615.48 samples/sec-- Loss:1.41 -- Error1:41.07
Phase:train -- Batch_idx:200/391-- 2694.38 samples/sec-- Loss:1.44 -- Error1:42.00
Phase:train -- Batch_idx:300/391-- 2721.59 samples/sec-- Loss:1.47 -- Error1:42.39
Train_Loss = 1.4794478799057007, Train_Err = 42.632
Val_Loss = 1.8765169067382812, Val_Err = 49.38
Epoch: [13 | 200]
Phase:train -- Batch_idx:100/391-- 2626.94 samples/sec-- Loss:1.40 -- Error1:40.52
Phase:train -- Batch_idx:200/391-- 2698.45 samples/sec-- Loss:1.42 -- Error1:40.93
Phase:train -- Batch_idx:300/391-- 2723.98 samples/sec-- Loss:1.43 -- Error1:41.16
Train_Loss = 1.4400367636108398, Train_Err = 41.424
Val_Loss = 1.9754512985229493, Val_Err = 50.6
Epoch: [14 | 200]
Phase:train -- Batch_idx:100/391-- 2629.82 samples/sec-- Loss:1.35 -- Error1:39.36
Phase:train -- Batch_idx:200/391-- 2698.86 samples/sec-- Loss:1.37 -- Error1:39.77
Phase:train -- Batch_idx:300/391-- 2723.31 samples/sec-- Loss:1.40 -- Error1:40.37
Train_Loss = 1.411823020324707, Train_Err = 40.666
Val_Loss = 2.135553673171997, Val_Err = 51.52
Epoch: [15 | 200]
Phase:train -- Batch_idx:100/391-- 2635.09 samples/sec-- Loss:1.32 -- Error1:38.48
Phase:train -- Batch_idx:200/391-- 2703.84 samples/sec-- Loss:1.35 -- Error1:39.60
Phase:train -- Batch_idx:300/391-- 2727.08 samples/sec-- Loss:1.37 -- Error1:40.07
Train_Loss = 1.3839889623641968, Train_Err = 40.282
Val_Loss = 1.9638864791870116, Val_Err = 49.1
Epoch: [16 | 200]
Phase:train -- Batch_idx:100/391-- 2633.18 samples/sec-- Loss:1.27 -- Error1:37.10
Phase:train -- Batch_idx:200/391-- 2702.02 samples/sec-- Loss:1.32 -- Error1:38.43
Phase:train -- Batch_idx:300/391-- 2725.50 samples/sec-- Loss:1.34 -- Error1:38.95
Train_Loss = 1.3623623711013795, Train_Err = 39.332
Val_Loss = 1.8750377895355224, Val_Err = 48.31
Epoch: [17 | 200]
Phase:train -- Batch_idx:100/391-- 2611.82 samples/sec-- Loss:1.26 -- Error1:36.73
Phase:train -- Batch_idx:200/391-- 2690.26 samples/sec-- Loss:1.29 -- Error1:37.59
Phase:train -- Batch_idx:300/391-- 2717.34 samples/sec-- Loss:1.32 -- Error1:38.48
Train_Loss = 1.3399903811264038, Train_Err = 38.992
Val_Loss = 1.888373500061035, Val_Err = 47.94
Epoch: [18 | 200]
Phase:train -- Batch_idx:100/391-- 2619.28 samples/sec-- Loss:1.23 -- Error1:36.07
Phase:train -- Batch_idx:200/391-- 2694.59 samples/sec-- Loss:1.28 -- Error1:37.24
Phase:train -- Batch_idx:300/391-- 2720.89 samples/sec-- Loss:1.30 -- Error1:38.01
Train_Loss = 1.3159672091293335, Train_Err = 38.496
Val_Loss = 2.154152173233032, Val_Err = 50.84
Epoch: [19 | 200]
Phase:train -- Batch_idx:100/391-- 2631.07 samples/sec-- Loss:1.21 -- Error1:35.82
Phase:train -- Batch_idx:200/391-- 2701.99 samples/sec-- Loss:1.26 -- Error1:36.94
Phase:train -- Batch_idx:300/391-- 2726.29 samples/sec-- Loss:1.28 -- Error1:37.56
Train_Loss = 1.2966394399642944, Train_Err = 37.932
Val_Loss = 2.0815255588531496, Val_Err = 49.92
Epoch: [20 | 200]
Phase:train -- Batch_idx:100/391-- 2636.74 samples/sec-- Loss:1.21 -- Error1:35.56
Phase:train -- Batch_idx:200/391-- 2705.04 samples/sec-- Loss:1.24 -- Error1:36.31
Phase:train -- Batch_idx:300/391-- 2728.91 samples/sec-- Loss:1.27 -- Error1:37.01
Train_Loss = 1.2845056586456298, Train_Err = 37.446
Val_Loss = 1.8823712495803833, Val_Err = 46.7
Epoch: [21 | 200]
Phase:train -- Batch_idx:100/391-- 2616.27 samples/sec-- Loss:1.19 -- Error1:35.45
Phase:train -- Batch_idx:200/391-- 2693.52 samples/sec-- Loss:1.24 -- Error1:36.56
Phase:train -- Batch_idx:300/391-- 2720.12 samples/sec-- Loss:1.25 -- Error1:36.75
Train_Loss = 1.2764766778182983, Train_Err = 37.344
Val_Loss = 2.1359710985183717, Val_Err = 50.13
Epoch: [22 | 200]
Phase:train -- Batch_idx:100/391-- 2631.76 samples/sec-- Loss:1.17 -- Error1:34.26
Phase:train -- Batch_idx:200/391-- 2702.00 samples/sec-- Loss:1.21 -- Error1:35.18
Phase:train -- Batch_idx:300/391-- 2726.49 samples/sec-- Loss:1.24 -- Error1:36.23
Train_Loss = 1.2578838134384156, Train_Err = 36.746
Val_Loss = 1.6294885904312133, Val_Err = 43.77
Epoch: [23 | 200]
Phase:train -- Batch_idx:100/391-- 2618.20 samples/sec-- Loss:1.15 -- Error1:34.36
Phase:train -- Batch_idx:200/391-- 2693.26 samples/sec-- Loss:1.18 -- Error1:35.25
Phase:train -- Batch_idx:300/391-- 2719.93 samples/sec-- Loss:1.22 -- Error1:36.13
Train_Loss = 1.2432103440093993, Train_Err = 36.698
Val_Loss = 2.047851987838745, Val_Err = 49.42
Epoch: [24 | 200]
Phase:train -- Batch_idx:100/391-- 2627.56 samples/sec-- Loss:1.15 -- Error1:34.00
Phase:train -- Batch_idx:200/391-- 2697.77 samples/sec-- Loss:1.20 -- Error1:35.67
Phase:train -- Batch_idx:300/391-- 2722.36 samples/sec-- Loss:1.23 -- Error1:36.19
Train_Loss = 1.2379242459869384, Train_Err = 36.464
Val_Loss = 1.7991331941604614, Val_Err = 45.08
Epoch: [25 | 200]
Phase:train -- Batch_idx:100/391-- 2631.38 samples/sec-- Loss:1.16 -- Error1:34.02
Phase:train -- Batch_idx:200/391-- 2701.51 samples/sec-- Loss:1.18 -- Error1:34.93
Phase:train -- Batch_idx:300/391-- 2726.21 samples/sec-- Loss:1.21 -- Error1:35.64
Train_Loss = 1.2260681908416748, Train_Err = 35.99
Val_Loss = 1.885826858329773, Val_Err = 46.44
Epoch: [26 | 200]
Phase:train -- Batch_idx:100/391-- 2628.30 samples/sec-- Loss:1.16 -- Error1:34.15
Phase:train -- Batch_idx:200/391-- 2698.95 samples/sec-- Loss:1.19 -- Error1:34.86
Phase:train -- Batch_idx:300/391-- 2723.64 samples/sec-- Loss:1.21 -- Error1:35.47
Train_Loss = 1.2298052341079713, Train_Err = 36.038
Val_Loss = 1.961253406906128, Val_Err = 47.19
Epoch: [27 | 200]
Phase:train -- Batch_idx:100/391-- 2628.34 samples/sec-- Loss:1.13 -- Error1:33.45
Phase:train -- Batch_idx:200/391-- 2697.37 samples/sec-- Loss:1.18 -- Error1:34.68
Phase:train -- Batch_idx:300/391-- 2721.40 samples/sec-- Loss:1.19 -- Error1:34.97
Train_Loss = 1.2134143816375733, Train_Err = 35.398
Val_Loss = 1.8090683567047119, Val_Err = 45.49
Epoch: [28 | 200]
Phase:train -- Batch_idx:100/391-- 2632.44 samples/sec-- Loss:1.12 -- Error1:32.59
Phase:train -- Batch_idx:200/391-- 2700.19 samples/sec-- Loss:1.15 -- Error1:33.89
Phase:train -- Batch_idx:300/391-- 2724.02 samples/sec-- Loss:1.19 -- Error1:34.93
Train_Loss = 1.2039503317642213, Train_Err = 35.5
Val_Loss = 1.7132459901809693, Val_Err = 44.69
Epoch: [29 | 200]
Phase:train -- Batch_idx:100/391-- 2636.76 samples/sec-- Loss:1.11 -- Error1:32.77
Phase:train -- Batch_idx:200/391-- 2702.67 samples/sec-- Loss:1.15 -- Error1:33.80
Phase:train -- Batch_idx:300/391-- 2725.63 samples/sec-- Loss:1.17 -- Error1:34.62
Train_Loss = 1.1911530558013916, Train_Err = 35.078
Val_Loss = 1.9194780601501464, Val_Err = 46.49
Epoch: [30 | 200]
Phase:train -- Batch_idx:100/391-- 2631.22 samples/sec-- Loss:1.15 -- Error1:34.23
Phase:train -- Batch_idx:200/391-- 2699.84 samples/sec-- Loss:1.17 -- Error1:34.74
Phase:train -- Batch_idx:300/391-- 2724.49 samples/sec-- Loss:1.19 -- Error1:35.15
Train_Loss = 1.2006917936325072, Train_Err = 35.384
Val_Loss = 1.7574620403289796, Val_Err = 44.51
Epoch: [31 | 200]
Phase:train -- Batch_idx:100/391-- 2619.06 samples/sec-- Loss:1.11 -- Error1:33.51
Phase:train -- Batch_idx:200/391-- 2693.58 samples/sec-- Loss:1.16 -- Error1:34.54
Phase:train -- Batch_idx:300/391-- 2719.94 samples/sec-- Loss:1.18 -- Error1:35.13
Train_Loss = 1.1951507229232787, Train_Err = 35.454
Val_Loss = 1.6916045364379884, Val_Err = 44.09
Epoch: [32 | 200]
Phase:train -- Batch_idx:100/391-- 2628.46 samples/sec-- Loss:1.10 -- Error1:32.25
Phase:train -- Batch_idx:200/391-- 2698.72 samples/sec-- Loss:1.15 -- Error1:33.75
Phase:train -- Batch_idx:300/391-- 2723.56 samples/sec-- Loss:1.16 -- Error1:34.11
Train_Loss = 1.1762080925750733, Train_Err = 34.612
Val_Loss = 1.7391875860214234, Val_Err = 45.19
Epoch: [33 | 200]
Phase:train -- Batch_idx:100/391-- 2629.45 samples/sec-- Loss:1.11 -- Error1:32.56
Phase:train -- Batch_idx:200/391-- 2699.89 samples/sec-- Loss:1.13 -- Error1:33.29
Phase:train -- Batch_idx:300/391-- 2724.50 samples/sec-- Loss:1.15 -- Error1:33.95
Train_Loss = 1.1708187257766725, Train_Err = 34.416
Val_Loss = 1.8688807716369629, Val_Err = 46.54
Epoch: [34 | 200]
Phase:train -- Batch_idx:100/391-- 2623.22 samples/sec-- Loss:1.09 -- Error1:32.38
Phase:train -- Batch_idx:200/391-- 2694.99 samples/sec-- Loss:1.12 -- Error1:33.30
Phase:train -- Batch_idx:300/391-- 2720.37 samples/sec-- Loss:1.15 -- Error1:34.09
Train_Loss = 1.1766218170928955, Train_Err = 34.574
Val_Loss = 1.6992069555282592, Val_Err = 43.82
Epoch: [35 | 200]
Phase:train -- Batch_idx:100/391-- 2627.12 samples/sec-- Loss:1.07 -- Error1:31.51
Phase:train -- Batch_idx:200/391-- 2698.40 samples/sec-- Loss:1.11 -- Error1:32.85
Phase:train -- Batch_idx:300/391-- 2723.55 samples/sec-- Loss:1.14 -- Error1:33.80
Train_Loss = 1.160870285987854, Train_Err = 34.314
Val_Loss = 1.8006539821624756, Val_Err = 44.08
Epoch: [36 | 200]
Phase:train -- Batch_idx:100/391-- 2626.16 samples/sec-- Loss:1.09 -- Error1:32.55
Phase:train -- Batch_idx:200/391-- 2697.46 samples/sec-- Loss:1.13 -- Error1:33.42
Phase:train -- Batch_idx:300/391-- 2722.89 samples/sec-- Loss:1.15 -- Error1:33.88
Train_Loss = 1.1651291745758057, Train_Err = 34.258
Val_Loss = 1.7075854915618895, Val_Err = 44.24
Epoch: [37 | 200]
Phase:train -- Batch_idx:100/391-- 2636.48 samples/sec-- Loss:1.10 -- Error1:33.12
Phase:train -- Batch_idx:200/391-- 2703.23 samples/sec-- Loss:1.12 -- Error1:33.52
Phase:train -- Batch_idx:300/391-- 2726.60 samples/sec-- Loss:1.14 -- Error1:34.00
Train_Loss = 1.1647954318618774, Train_Err = 34.572
Val_Loss = 1.64539168548584, Val_Err = 42.31
Epoch: [38 | 200]
Phase:train -- Batch_idx:100/391-- 2617.29 samples/sec-- Loss:1.06 -- Error1:31.91
Phase:train -- Batch_idx:200/391-- 2693.41 samples/sec-- Loss:1.11 -- Error1:33.07
Phase:train -- Batch_idx:300/391-- 2719.99 samples/sec-- Loss:1.13 -- Error1:33.49
Train_Loss = 1.1573251879119872, Train_Err = 34.068
Val_Loss = 1.7843321899414062, Val_Err = 45.25
Epoch: [39 | 200]
Phase:train -- Batch_idx:100/391-- 2621.62 samples/sec-- Loss:1.06 -- Error1:31.61
Phase:train -- Batch_idx:200/391-- 2694.08 samples/sec-- Loss:1.09 -- Error1:32.44
Phase:train -- Batch_idx:300/391-- 2719.10 samples/sec-- Loss:1.13 -- Error1:33.11
Train_Loss = 1.140161352043152, Train_Err = 33.518
Val_Loss = 1.7257670644760132, Val_Err = 44.08
Epoch: [40 | 200]
Phase:train -- Batch_idx:100/391-- 2627.62 samples/sec-- Loss:1.06 -- Error1:31.56
Phase:train -- Batch_idx:200/391-- 2698.12 samples/sec-- Loss:1.09 -- Error1:32.17
Phase:train -- Batch_idx:300/391-- 2722.73 samples/sec-- Loss:1.11 -- Error1:32.75
Train_Loss = 1.1408677486038208, Train_Err = 33.552
Val_Loss = 1.8844883277893067, Val_Err = 45.25
Epoch: [41 | 200]
Phase:train -- Batch_idx:100/391-- 2614.46 samples/sec-- Loss:1.05 -- Error1:31.38
Phase:train -- Batch_idx:200/391-- 2690.86 samples/sec-- Loss:1.08 -- Error1:32.21
Phase:train -- Batch_idx:300/391-- 2717.78 samples/sec-- Loss:1.12 -- Error1:33.26
Train_Loss = 1.1427171216201781, Train_Err = 33.822
Val_Loss = 1.7897585998535157, Val_Err = 44.6
Epoch: [42 | 200]
Phase:train -- Batch_idx:100/391-- 2632.49 samples/sec-- Loss:1.03 -- Error1:30.95
Phase:train -- Batch_idx:200/391-- 2701.91 samples/sec-- Loss:1.09 -- Error1:32.41
Phase:train -- Batch_idx:300/391-- 2726.09 samples/sec-- Loss:1.12 -- Error1:33.15
Train_Loss = 1.1371942226409912, Train_Err = 33.582
Val_Loss = 1.623978551864624, Val_Err = 41.51
Epoch: [43 | 200]
Phase:train -- Batch_idx:100/391-- 2624.43 samples/sec-- Loss:1.02 -- Error1:30.41
Phase:train -- Batch_idx:200/391-- 2696.07 samples/sec-- Loss:1.08 -- Error1:31.91
Phase:train -- Batch_idx:300/391-- 2720.96 samples/sec-- Loss:1.11 -- Error1:32.98
Train_Loss = 1.1254872869110106, Train_Err = 33.358
Val_Loss = 1.7807110931396484, Val_Err = 43.64
Epoch: [44 | 200]
Phase:train -- Batch_idx:100/391-- 2628.24 samples/sec-- Loss:1.03 -- Error1:30.53
Phase:train -- Batch_idx:200/391-- 2698.52 samples/sec-- Loss:1.07 -- Error1:31.81
Phase:train -- Batch_idx:300/391-- 2722.71 samples/sec-- Loss:1.10 -- Error1:32.55
Train_Loss = 1.1256502713012695, Train_Err = 33.182
Val_Loss = 1.7238126655578614, Val_Err = 42.92
Epoch: [45 | 200]
Phase:train -- Batch_idx:100/391-- 2636.54 samples/sec-- Loss:1.02 -- Error1:30.55
Phase:train -- Batch_idx:200/391-- 2702.80 samples/sec-- Loss:1.07 -- Error1:32.05
Phase:train -- Batch_idx:300/391-- 2725.37 samples/sec-- Loss:1.10 -- Error1:32.78
Train_Loss = 1.1218007744979859, Train_Err = 33.304
Val_Loss = 1.7881051362991334, Val_Err = 44.53
Epoch: [46 | 200]
Phase:train -- Batch_idx:100/391-- 2630.68 samples/sec-- Loss:1.05 -- Error1:31.19
Phase:train -- Batch_idx:200/391-- 2700.71 samples/sec-- Loss:1.09 -- Error1:32.18
Phase:train -- Batch_idx:300/391-- 2724.89 samples/sec-- Loss:1.11 -- Error1:32.66
Train_Loss = 1.1267399271392822, Train_Err = 33.128
Val_Loss = 2.095050648498535, Val_Err = 48.67
Epoch: [47 | 200]
Phase:train -- Batch_idx:100/391-- 2632.02 samples/sec-- Loss:1.06 -- Error1:31.28
Phase:train -- Batch_idx:200/391-- 2702.41 samples/sec-- Loss:1.09 -- Error1:32.30
Phase:train -- Batch_idx:300/391-- 2726.81 samples/sec-- Loss:1.10 -- Error1:32.74
Train_Loss = 1.120010369949341, Train_Err = 33.184
Val_Loss = 1.60598770236969, Val_Err = 41.32
Epoch: [48 | 200]
Phase:train -- Batch_idx:100/391-- 2615.23 samples/sec-- Loss:1.03 -- Error1:30.55
Phase:train -- Batch_idx:200/391-- 2691.93 samples/sec-- Loss:1.06 -- Error1:31.41
Phase:train -- Batch_idx:300/391-- 2718.65 samples/sec-- Loss:1.09 -- Error1:32.36
Train_Loss = 1.1168373778915406, Train_Err = 32.934
Val_Loss = 1.6194764007568359, Val_Err = 41.95
Epoch: [49 | 200]
Phase:train -- Batch_idx:100/391-- 2630.04 samples/sec-- Loss:1.01 -- Error1:30.10
Phase:train -- Batch_idx:200/391-- 2700.29 samples/sec-- Loss:1.06 -- Error1:31.53
Phase:train -- Batch_idx:300/391-- 2724.58 samples/sec-- Loss:1.09 -- Error1:32.14
Train_Loss = 1.1098319759368898, Train_Err = 32.708
Val_Loss = 1.8264258321762086, Val_Err = 45.15
Epoch: [50 | 200]
Phase:train -- Batch_idx:100/391-- 2645.17 samples/sec-- Loss:1.01 -- Error1:29.75
Phase:train -- Batch_idx:200/391-- 2708.85 samples/sec-- Loss:1.06 -- Error1:31.84
Phase:train -- Batch_idx:300/391-- 2730.97 samples/sec-- Loss:1.09 -- Error1:32.46
Train_Loss = 1.1135378628921508, Train_Err = 32.928
Val_Loss = 1.7435529983520508, Val_Err = 44.05
Epoch: [51 | 200]
Phase:train -- Batch_idx:100/391-- 2637.97 samples/sec-- Loss:1.02 -- Error1:30.29
Phase:train -- Batch_idx:200/391-- 2705.17 samples/sec-- Loss:1.07 -- Error1:31.88
Phase:train -- Batch_idx:300/391-- 2728.54 samples/sec-- Loss:1.09 -- Error1:32.45
Train_Loss = 1.108373849105835, Train_Err = 32.794
Val_Loss = 1.6686844493865967, Val_Err = 42.35
Epoch: [52 | 200]
Phase:train -- Batch_idx:100/391-- 2639.00 samples/sec-- Loss:1.00 -- Error1:29.80
Phase:train -- Batch_idx:200/391-- 2704.64 samples/sec-- Loss:1.06 -- Error1:31.39
Phase:train -- Batch_idx:300/391-- 2727.16 samples/sec-- Loss:1.09 -- Error1:32.21
Train_Loss = 1.1100132323455811, Train_Err = 32.76
Val_Loss = 1.7221379777908326, Val_Err = 43.6
Epoch: [53 | 200]
Phase:train -- Batch_idx:100/391-- 2629.50 samples/sec-- Loss:1.03 -- Error1:30.62
Phase:train -- Batch_idx:200/391-- 2699.99 samples/sec-- Loss:1.07 -- Error1:31.62
Phase:train -- Batch_idx:300/391-- 2724.38 samples/sec-- Loss:1.10 -- Error1:32.42
Train_Loss = 1.115647091445923, Train_Err = 32.786
Val_Loss = 1.8386073831558227, Val_Err = 45.11
Epoch: [54 | 200]
Phase:train -- Batch_idx:100/391-- 2643.01 samples/sec-- Loss:1.00 -- Error1:29.76
Phase:train -- Batch_idx:200/391-- 2706.97 samples/sec-- Loss:1.06 -- Error1:31.40
Phase:train -- Batch_idx:300/391-- 2728.75 samples/sec-- Loss:1.09 -- Error1:32.26
Train_Loss = 1.1053179251861571, Train_Err = 32.588
Val_Loss = 1.6685238887786866, Val_Err = 42.14
Epoch: [55 | 200]
Phase:train -- Batch_idx:100/391-- 2630.76 samples/sec-- Loss:1.00 -- Error1:30.03
Phase:train -- Batch_idx:200/391-- 2701.09 samples/sec-- Loss:1.06 -- Error1:31.61
Phase:train -- Batch_idx:300/391-- 2725.32 samples/sec-- Loss:1.09 -- Error1:32.32
Train_Loss = 1.107733200454712, Train_Err = 32.782
Val_Loss = 1.9056287984848022, Val_Err = 46.55
Epoch: [56 | 200]
Phase:train -- Batch_idx:100/391-- 2632.51 samples/sec-- Loss:1.03 -- Error1:30.82
Phase:train -- Batch_idx:200/391-- 2702.22 samples/sec-- Loss:1.08 -- Error1:32.29
Phase:train -- Batch_idx:300/391-- 2726.26 samples/sec-- Loss:1.09 -- Error1:32.46
Train_Loss = 1.1023333254241943, Train_Err = 32.632
Val_Loss = 1.867520326423645, Val_Err = 45.34
Epoch: [57 | 200]
Phase:train -- Batch_idx:100/391-- 2625.08 samples/sec-- Loss:0.99 -- Error1:29.80
Phase:train -- Batch_idx:200/391-- 2697.32 samples/sec-- Loss:1.03 -- Error1:30.69
Phase:train -- Batch_idx:300/391-- 2722.44 samples/sec-- Loss:1.08 -- Error1:31.87
Train_Loss = 1.1023143223953247, Train_Err = 32.59
Val_Loss = 1.6266812440872191, Val_Err = 42.52
Epoch: [58 | 200]
Phase:train -- Batch_idx:100/391-- 2633.41 samples/sec-- Loss:0.99 -- Error1:29.86
Phase:train -- Batch_idx:200/391-- 2701.36 samples/sec-- Loss:1.04 -- Error1:31.00
Phase:train -- Batch_idx:300/391-- 2724.69 samples/sec-- Loss:1.07 -- Error1:31.76
Train_Loss = 1.0890122695159912, Train_Err = 32.196
Val_Loss = 1.662250583076477, Val_Err = 43.22
Epoch: [59 | 200]
Phase:train -- Batch_idx:100/391-- 2632.01 samples/sec-- Loss:1.01 -- Error1:30.43
Phase:train -- Batch_idx:200/391-- 2701.25 samples/sec-- Loss:1.05 -- Error1:31.37
Phase:train -- Batch_idx:300/391-- 2725.52 samples/sec-- Loss:1.07 -- Error1:31.81
Train_Loss = 1.0888293180084228, Train_Err = 32.282
Val_Loss = 1.8170854852676392, Val_Err = 45.46
Epoch: [60 | 200]
Phase:train -- Batch_idx:100/391-- 2644.37 samples/sec-- Loss:1.02 -- Error1:30.36
Phase:train -- Batch_idx:200/391-- 2708.64 samples/sec-- Loss:1.04 -- Error1:30.95
Phase:train -- Batch_idx:300/391-- 2730.31 samples/sec-- Loss:1.06 -- Error1:31.62
Train_Loss = 1.0909016732025147, Train_Err = 32.31
Val_Loss = 1.6700913759231568, Val_Err = 43.17
Epoch: [61 | 200]
Phase:train -- Batch_idx:100/391-- 2620.77 samples/sec-- Loss:0.99 -- Error1:29.28
Phase:train -- Batch_idx:200/391-- 2695.29 samples/sec-- Loss:1.04 -- Error1:30.90
Phase:train -- Batch_idx:300/391-- 2721.03 samples/sec-- Loss:1.07 -- Error1:31.71
Train_Loss = 1.084656130962372, Train_Err = 32.074
Val_Loss = 1.7912931818008422, Val_Err = 44.59
Epoch: [62 | 200]
Phase:train -- Batch_idx:100/391-- 2627.55 samples/sec-- Loss:1.01 -- Error1:29.92
Phase:train -- Batch_idx:200/391-- 2699.18 samples/sec-- Loss:1.05 -- Error1:31.05
Phase:train -- Batch_idx:300/391-- 2723.37 samples/sec-- Loss:1.06 -- Error1:31.37
Train_Loss = 1.084845148010254, Train_Err = 31.946
Val_Loss = 1.674952395248413, Val_Err = 43.07
Epoch: [63 | 200]
Phase:train -- Batch_idx:100/391-- 2636.51 samples/sec-- Loss:0.99 -- Error1:30.09
Phase:train -- Batch_idx:200/391-- 2702.82 samples/sec-- Loss:1.04 -- Error1:31.15
Phase:train -- Batch_idx:300/391-- 2725.28 samples/sec-- Loss:1.06 -- Error1:31.56
Train_Loss = 1.0861855797576905, Train_Err = 32.204
Val_Loss = 1.6984596042633056, Val_Err = 44.12
Epoch: [64 | 200]
Phase:train -- Batch_idx:100/391-- 2620.75 samples/sec-- Loss:1.00 -- Error1:29.66
Phase:train -- Batch_idx:200/391-- 2696.42 samples/sec-- Loss:1.04 -- Error1:30.96
Phase:train -- Batch_idx:300/391-- 2722.28 samples/sec-- Loss:1.07 -- Error1:31.71
Train_Loss = 1.093205187034607, Train_Err = 32.338
Val_Loss = 1.801006183052063, Val_Err = 44.51
Epoch: [65 | 200]
Phase:train -- Batch_idx:100/391-- 2630.89 samples/sec-- Loss:0.99 -- Error1:29.52
Phase:train -- Batch_idx:200/391-- 2701.80 samples/sec-- Loss:1.03 -- Error1:30.86
Phase:train -- Batch_idx:300/391-- 2725.67 samples/sec-- Loss:1.06 -- Error1:31.51
Train_Loss = 1.0840891939163209, Train_Err = 32.222
Val_Loss = 1.6816421312332153, Val_Err = 42.74
Epoch: [66 | 200]
Phase:train -- Batch_idx:100/391-- 2642.42 samples/sec-- Loss:0.99 -- Error1:29.48
Phase:train -- Batch_idx:200/391-- 2706.78 samples/sec-- Loss:1.02 -- Error1:30.52
Phase:train -- Batch_idx:300/391-- 2727.92 samples/sec-- Loss:1.06 -- Error1:31.41
Train_Loss = 1.081376594657898, Train_Err = 31.884
Val_Loss = 1.8022008935928344, Val_Err = 44.5
Epoch: [67 | 200]
Phase:train -- Batch_idx:100/391-- 2625.43 samples/sec-- Loss:0.99 -- Error1:29.83
Phase:train -- Batch_idx:200/391-- 2696.76 samples/sec-- Loss:1.01 -- Error1:29.99
Phase:train -- Batch_idx:300/391-- 2720.87 samples/sec-- Loss:1.05 -- Error1:31.09
Train_Loss = 1.0731475789642333, Train_Err = 31.634
Val_Loss = 1.6768361137390138, Val_Err = 42.84
Epoch: [68 | 200]
Phase:train -- Batch_idx:100/391-- 2629.73 samples/sec-- Loss:0.97 -- Error1:29.23
Phase:train -- Batch_idx:200/391-- 2699.39 samples/sec-- Loss:1.01 -- Error1:30.25
Phase:train -- Batch_idx:300/391-- 2722.62 samples/sec-- Loss:1.06 -- Error1:31.37
Train_Loss = 1.0742105442047118, Train_Err = 31.844
Val_Loss = 1.7920614374160766, Val_Err = 45.07
Epoch: [69 | 200]
Phase:train -- Batch_idx:100/391-- 2626.99 samples/sec-- Loss:0.99 -- Error1:29.87
Phase:train -- Batch_idx:200/391-- 2697.72 samples/sec-- Loss:1.02 -- Error1:30.61
Phase:train -- Batch_idx:300/391-- 2721.43 samples/sec-- Loss:1.06 -- Error1:31.51
Train_Loss = 1.0764528312301636, Train_Err = 31.91
Val_Loss = 1.9458200325012207, Val_Err = 46.19
Epoch: [70 | 200]
Phase:train -- Batch_idx:100/391-- 2628.25 samples/sec-- Loss:0.97 -- Error1:28.45
Phase:train -- Batch_idx:200/391-- 2698.87 samples/sec-- Loss:1.02 -- Error1:30.11
Phase:train -- Batch_idx:300/391-- 2722.62 samples/sec-- Loss:1.06 -- Error1:31.02
Train_Loss = 1.0746953996658326, Train_Err = 31.418
Val_Loss = 1.754635318183899, Val_Err = 44.1
Epoch: [71 | 200]
Phase:train -- Batch_idx:100/391-- 2624.04 samples/sec-- Loss:0.97 -- Error1:28.96
Phase:train -- Batch_idx:200/391-- 2695.70 samples/sec-- Loss:1.03 -- Error1:30.66
Phase:train -- Batch_idx:300/391-- 2719.80 samples/sec-- Loss:1.05 -- Error1:31.28
Train_Loss = 1.07799657207489, Train_Err = 31.918
Val_Loss = 1.9412824493408203, Val_Err = 45.78
Epoch: [72 | 200]
Phase:train -- Batch_idx:100/391-- 2642.85 samples/sec-- Loss:0.97 -- Error1:29.21
Phase:train -- Batch_idx:200/391-- 2708.20 samples/sec-- Loss:1.01 -- Error1:30.14
Phase:train -- Batch_idx:300/391-- 2730.24 samples/sec-- Loss:1.05 -- Error1:31.26
Train_Loss = 1.0746877799606323, Train_Err = 31.856
Val_Loss = 1.8249139394760132, Val_Err = 44.87
Epoch: [73 | 200]
Phase:train -- Batch_idx:100/391-- 2631.02 samples/sec-- Loss:0.97 -- Error1:28.88
Phase:train -- Batch_idx:200/391-- 2701.02 samples/sec-- Loss:1.01 -- Error1:29.86
Phase:train -- Batch_idx:300/391-- 2724.93 samples/sec-- Loss:1.04 -- Error1:30.79
Train_Loss = 1.0682416617965698, Train_Err = 31.564
Val_Loss = 1.764563488006592, Val_Err = 43.68
Epoch: [74 | 200]
Phase:train -- Batch_idx:100/391-- 2628.16 samples/sec-- Loss:0.98 -- Error1:29.46
Phase:train -- Batch_idx:200/391-- 2697.75 samples/sec-- Loss:1.02 -- Error1:30.44
Phase:train -- Batch_idx:300/391-- 2721.67 samples/sec-- Loss:1.05 -- Error1:31.20
Train_Loss = 1.0699788878250123, Train_Err = 31.764
Val_Loss = 1.6260348289489746, Val_Err = 42.31
Epoch: [75 | 200]
Phase:train -- Batch_idx:100/391-- 2623.43 samples/sec-- Loss:0.99 -- Error1:29.84
Phase:train -- Batch_idx:200/391-- 2695.83 samples/sec-- Loss:1.03 -- Error1:30.56
Phase:train -- Batch_idx:300/391-- 2720.58 samples/sec-- Loss:1.05 -- Error1:31.31
Train_Loss = 1.0737907651519776, Train_Err = 31.708
Val_Loss = 1.7480024892807007, Val_Err = 43.97
Epoch: [76 | 200]
Phase:train -- Batch_idx:100/391-- 2625.81 samples/sec-- Loss:0.96 -- Error1:28.86
Phase:train -- Batch_idx:200/391-- 2696.81 samples/sec-- Loss:1.01 -- Error1:30.13
Phase:train -- Batch_idx:300/391-- 2721.21 samples/sec-- Loss:1.04 -- Error1:31.06
Train_Loss = 1.0723948546028137, Train_Err = 31.774
Val_Loss = 1.882834299659729, Val_Err = 46.09
Epoch: [77 | 200]
Phase:train -- Batch_idx:100/391-- 2630.78 samples/sec-- Loss:0.94 -- Error1:27.70
Phase:train -- Batch_idx:200/391-- 2700.40 samples/sec-- Loss:1.00 -- Error1:29.54
Phase:train -- Batch_idx:300/391-- 2724.24 samples/sec-- Loss:1.03 -- Error1:30.52
Train_Loss = 1.0568870866394042, Train_Err = 31.176
Val_Loss = 1.9026615390777588, Val_Err = 45.65
Epoch: [78 | 200]
Phase:train -- Batch_idx:100/391-- 2633.07 samples/sec-- Loss:0.98 -- Error1:29.38
Phase:train -- Batch_idx:200/391-- 2702.32 samples/sec-- Loss:1.01 -- Error1:30.28
Phase:train -- Batch_idx:300/391-- 2726.42 samples/sec-- Loss:1.03 -- Error1:30.90
Train_Loss = 1.0593566923904418, Train_Err = 31.614
Val_Loss = 2.392020141983032, Val_Err = 49.2
Epoch: [79 | 200]
Phase:train -- Batch_idx:100/391-- 2624.42 samples/sec-- Loss:1.00 -- Error1:29.47
Phase:train -- Batch_idx:200/391-- 2696.71 samples/sec-- Loss:1.03 -- Error1:30.30
Phase:train -- Batch_idx:300/391-- 2722.08 samples/sec-- Loss:1.06 -- Error1:31.17
Train_Loss = 1.0708127226638795, Train_Err = 31.708
Val_Loss = 1.8839469551086425, Val_Err = 45.13
Epoch: [80 | 200]
Phase:train -- Batch_idx:100/391-- 2624.25 samples/sec-- Loss:0.98 -- Error1:29.48
Phase:train -- Batch_idx:200/391-- 2695.81 samples/sec-- Loss:1.02 -- Error1:30.24
Phase:train -- Batch_idx:300/391-- 2721.25 samples/sec-- Loss:1.05 -- Error1:31.04
Train_Loss = 1.0617342493438722, Train_Err = 31.572
Val_Loss = 1.67907400932312, Val_Err = 43.35
Epoch: [81 | 200]
Phase:train -- Batch_idx:100/391-- 2632.86 samples/sec-- Loss:0.98 -- Error1:29.05
Phase:train -- Batch_idx:200/391-- 2701.16 samples/sec-- Loss:1.01 -- Error1:29.73
Phase:train -- Batch_idx:300/391-- 2725.17 samples/sec-- Loss:1.03 -- Error1:30.53
Train_Loss = 1.0591364363861084, Train_Err = 31.146
Val_Loss = 1.7136954383850098, Val_Err = 43.5
Epoch: [82 | 200]
Phase:train -- Batch_idx:100/391-- 2619.44 samples/sec-- Loss:0.95 -- Error1:28.38
Phase:train -- Batch_idx:200/391-- 2694.11 samples/sec-- Loss:1.01 -- Error1:30.25
Phase:train -- Batch_idx:300/391-- 2720.31 samples/sec-- Loss:1.04 -- Error1:30.87
Train_Loss = 1.0587128176116944, Train_Err = 31.482
Val_Loss = 1.7574534746170043, Val_Err = 43.83
Epoch: [83 | 200]
Phase:train -- Batch_idx:100/391-- 2626.03 samples/sec-- Loss:0.99 -- Error1:29.80
Phase:train -- Batch_idx:200/391-- 2696.99 samples/sec-- Loss:1.02 -- Error1:30.48
Phase:train -- Batch_idx:300/391-- 2721.86 samples/sec-- Loss:1.04 -- Error1:31.11
Train_Loss = 1.0599788777923584, Train_Err = 31.508
Val_Loss = 1.6357408138275147, Val_Err = 41.88
Epoch: [84 | 200]
Phase:train -- Batch_idx:100/391-- 2626.43 samples/sec-- Loss:0.97 -- Error1:28.93
Phase:train -- Batch_idx:200/391-- 2698.41 samples/sec-- Loss:1.02 -- Error1:30.09
Phase:train -- Batch_idx:300/391-- 2723.65 samples/sec-- Loss:1.04 -- Error1:30.93
Train_Loss = 1.0665696222305299, Train_Err = 31.538
Val_Loss = 1.8289311542510986, Val_Err = 43.96
Epoch: [85 | 200]
Phase:train -- Batch_idx:100/391-- 2632.28 samples/sec-- Loss:0.97 -- Error1:28.91
Phase:train -- Batch_idx:200/391-- 2699.90 samples/sec-- Loss:1.01 -- Error1:30.14
Phase:train -- Batch_idx:300/391-- 2724.27 samples/sec-- Loss:1.03 -- Error1:30.71
Train_Loss = 1.0577667080307007, Train_Err = 31.318
Val_Loss = 1.689890553855896, Val_Err = 42.59
Epoch: [86 | 200]
Phase:train -- Batch_idx:100/391-- 2626.99 samples/sec-- Loss:0.96 -- Error1:28.73
Phase:train -- Batch_idx:200/391-- 2697.50 samples/sec-- Loss:1.00 -- Error1:29.67
Phase:train -- Batch_idx:300/391-- 2722.37 samples/sec-- Loss:1.03 -- Error1:30.71
Train_Loss = 1.0509912849235534, Train_Err = 31.068
Val_Loss = 1.706111156463623, Val_Err = 42.79
Epoch: [87 | 200]
Phase:train -- Batch_idx:100/391-- 2638.84 samples/sec-- Loss:0.96 -- Error1:29.09
Phase:train -- Batch_idx:200/391-- 2704.05 samples/sec-- Loss:1.01 -- Error1:30.11
Phase:train -- Batch_idx:300/391-- 2727.31 samples/sec-- Loss:1.04 -- Error1:30.86
Train_Loss = 1.059428842010498, Train_Err = 31.426
Val_Loss = 2.2685141031265257, Val_Err = 48.57
Epoch: [88 | 200]
Phase:train -- Batch_idx:100/391-- 2621.20 samples/sec-- Loss:0.99 -- Error1:29.43
Phase:train -- Batch_idx:200/391-- 2694.61 samples/sec-- Loss:1.02 -- Error1:30.22
Phase:train -- Batch_idx:300/391-- 2720.24 samples/sec-- Loss:1.04 -- Error1:30.86
Train_Loss = 1.0577881107711793, Train_Err = 31.33
Val_Loss = 1.8776353397369385, Val_Err = 45.11
Epoch: [89 | 200]
Phase:train -- Batch_idx:100/391-- 2627.89 samples/sec-- Loss:0.95 -- Error1:28.31
Phase:train -- Batch_idx:200/391-- 2698.21 samples/sec-- Loss:1.01 -- Error1:30.08
Phase:train -- Batch_idx:300/391-- 2722.69 samples/sec-- Loss:1.04 -- Error1:30.96
Train_Loss = 1.0560566652297974, Train_Err = 31.298
Val_Loss = 1.6856440916061401, Val_Err = 41.85
Epoch: [90 | 200]
Phase:train -- Batch_idx:100/391-- 2630.79 samples/sec-- Loss:0.97 -- Error1:28.41
Phase:train -- Batch_idx:200/391-- 2699.45 samples/sec-- Loss:1.00 -- Error1:29.71
Phase:train -- Batch_idx:300/391-- 2723.42 samples/sec-- Loss:1.03 -- Error1:30.50
Train_Loss = 1.048919338684082, Train_Err = 31.11
Val_Loss = 1.6541230308532715, Val_Err = 42.56
Epoch: [91 | 200]
Phase:train -- Batch_idx:100/391-- 2628.81 samples/sec-- Loss:0.94 -- Error1:27.92
Phase:train -- Batch_idx:200/391-- 2699.47 samples/sec-- Loss:0.98 -- Error1:29.17
Phase:train -- Batch_idx:300/391-- 2723.97 samples/sec-- Loss:1.02 -- Error1:30.27
Train_Loss = 1.0462774231719971, Train_Err = 31.106
Val_Loss = 1.7575298471450806, Val_Err = 43.65
Epoch: [92 | 200]
Phase:train -- Batch_idx:100/391-- 2630.00 samples/sec-- Loss:0.95 -- Error1:28.42
Phase:train -- Batch_idx:200/391-- 2699.95 samples/sec-- Loss:0.98 -- Error1:29.30
Phase:train -- Batch_idx:300/391-- 2724.31 samples/sec-- Loss:1.02 -- Error1:30.40
Train_Loss = 1.040537777748108, Train_Err = 30.8
Val_Loss = 1.6275378551483155, Val_Err = 41.1
Epoch: [93 | 200]
Phase:train -- Batch_idx:100/391-- 2614.65 samples/sec-- Loss:0.96 -- Error1:28.73
Phase:train -- Batch_idx:200/391-- 2692.91 samples/sec-- Loss:1.01 -- Error1:29.71
Phase:train -- Batch_idx:300/391-- 2719.97 samples/sec-- Loss:1.03 -- Error1:30.47
Train_Loss = 1.0539101304244995, Train_Err = 31.07
Val_Loss = 1.6501032878875732, Val_Err = 42.54
Epoch: [94 | 200]
Phase:train -- Batch_idx:100/391-- 2630.10 samples/sec-- Loss:0.95 -- Error1:28.48
Phase:train -- Batch_idx:200/391-- 2701.11 samples/sec-- Loss:1.00 -- Error1:30.00
Phase:train -- Batch_idx:300/391-- 2725.72 samples/sec-- Loss:1.03 -- Error1:30.64
Train_Loss = 1.0498745583343505, Train_Err = 31.318
Val_Loss = 1.9395838941574097, Val_Err = 46.7
Epoch: [95 | 200]
Phase:train -- Batch_idx:100/391-- 2625.01 samples/sec-- Loss:0.98 -- Error1:29.87
Phase:train -- Batch_idx:200/391-- 2698.59 samples/sec-- Loss:1.00 -- Error1:30.18
Phase:train -- Batch_idx:300/391-- 2723.84 samples/sec-- Loss:1.02 -- Error1:30.67
Train_Loss = 1.0471156151580812, Train_Err = 31.222
Val_Loss = 1.8462939266204834, Val_Err = 45.22
Epoch: [96 | 200]
Phase:train -- Batch_idx:100/391-- 2638.89 samples/sec-- Loss:0.96 -- Error1:29.00
Phase:train -- Batch_idx:200/391-- 2705.81 samples/sec-- Loss:1.00 -- Error1:30.03
Phase:train -- Batch_idx:300/391-- 2728.90 samples/sec-- Loss:1.03 -- Error1:30.87
Train_Loss = 1.0500753999328614, Train_Err = 31.354
Val_Loss = 1.643315453529358, Val_Err = 41.26
Epoch: [97 | 200]
Phase:train -- Batch_idx:100/391-- 2615.42 samples/sec-- Loss:0.94 -- Error1:28.24
Phase:train -- Batch_idx:200/391-- 2692.61 samples/sec-- Loss:0.98 -- Error1:29.16
Phase:train -- Batch_idx:300/391-- 2718.70 samples/sec-- Loss:1.02 -- Error1:30.08
Train_Loss = 1.0434004410934448, Train_Err = 30.838
Val_Loss = 1.9355856176376343, Val_Err = 44.98
Epoch: [98 | 200]
Phase:train -- Batch_idx:100/391-- 2622.03 samples/sec-- Loss:0.95 -- Error1:28.40
Phase:train -- Batch_idx:200/391-- 2695.00 samples/sec-- Loss:1.00 -- Error1:29.64
Phase:train -- Batch_idx:300/391-- 2720.19 samples/sec-- Loss:1.02 -- Error1:30.29
Train_Loss = 1.041382890472412, Train_Err = 30.76
Val_Loss = 1.7420036153793335, Val_Err = 43.77
Epoch: [99 | 200]
Phase:train -- Batch_idx:100/391-- 2617.03 samples/sec-- Loss:0.96 -- Error1:28.55
Phase:train -- Batch_idx:200/391-- 2693.20 samples/sec-- Loss:1.00 -- Error1:29.74
Phase:train -- Batch_idx:300/391-- 2719.61 samples/sec-- Loss:1.03 -- Error1:30.56
Train_Loss = 1.0517711362075806, Train_Err = 31.082
Val_Loss = 1.7686517097473144, Val_Err = 43.42
Epoch: [100 | 200]
Phase:train -- Batch_idx:100/391-- 2638.64 samples/sec-- Loss:0.76 -- Error1:21.86
Phase:train -- Batch_idx:200/391-- 2704.27 samples/sec-- Loss:0.71 -- Error1:20.66
Phase:train -- Batch_idx:300/391-- 2727.00 samples/sec-- Loss:0.68 -- Error1:19.79
Train_Loss = 0.6595694602012634, Train_Err = 19.386
Val_Loss = 1.2024567289352417, Val_Err = 31.8
Epoch: [101 | 200]
Phase:train -- Batch_idx:100/391-- 2608.73 samples/sec-- Loss:0.53 -- Error1:15.60
Phase:train -- Batch_idx:200/391-- 2689.19 samples/sec-- Loss:0.53 -- Error1:15.62
Phase:train -- Batch_idx:300/391-- 2717.13 samples/sec-- Loss:0.52 -- Error1:15.52
Train_Loss = 0.5224151616859436, Train_Err = 15.488
Val_Loss = 1.235229447555542, Val_Err = 32.13
Epoch: [102 | 200]
Phase:train -- Batch_idx:100/391-- 2631.39 samples/sec-- Loss:0.46 -- Error1:13.53
Phase:train -- Batch_idx:200/391-- 2701.39 samples/sec-- Loss:0.46 -- Error1:13.71
Phase:train -- Batch_idx:300/391-- 2725.62 samples/sec-- Loss:0.47 -- Error1:13.89
Train_Loss = 0.4713905747795105, Train_Err = 14.19
Val_Loss = 1.2204673446655274, Val_Err = 31.55
Epoch: [103 | 200]
Phase:train -- Batch_idx:100/391-- 2615.63 samples/sec-- Loss:0.44 -- Error1:13.25
Phase:train -- Batch_idx:200/391-- 2691.94 samples/sec-- Loss:0.43 -- Error1:13.19
Phase:train -- Batch_idx:300/391-- 2718.13 samples/sec-- Loss:0.43 -- Error1:13.17
Train_Loss = 0.43465415161132814, Train_Err = 13.238
Val_Loss = 1.2493321422576904, Val_Err = 31.52
Epoch: [104 | 200]
Phase:train -- Batch_idx:100/391-- 2616.93 samples/sec-- Loss:0.39 -- Error1:11.74
Phase:train -- Batch_idx:200/391-- 2692.39 samples/sec-- Loss:0.40 -- Error1:11.93
Phase:train -- Batch_idx:300/391-- 2718.44 samples/sec-- Loss:0.40 -- Error1:11.91
Train_Loss = 0.4052138387298584, Train_Err = 12.218
Val_Loss = 1.219935179901123, Val_Err = 30.92
Epoch: [105 | 200]
Phase:train -- Batch_idx:100/391-- 2616.80 samples/sec-- Loss:0.37 -- Error1:11.16
Phase:train -- Batch_idx:200/391-- 2693.94 samples/sec-- Loss:0.37 -- Error1:11.30
Phase:train -- Batch_idx:300/391-- 2720.39 samples/sec-- Loss:0.38 -- Error1:11.47
Train_Loss = 0.3828630686569214, Train_Err = 11.626
Val_Loss = 1.255505167388916, Val_Err = 30.85
Epoch: [106 | 200]
Phase:train -- Batch_idx:100/391-- 2612.51 samples/sec-- Loss:0.35 -- Error1:10.35
Phase:train -- Batch_idx:200/391-- 2689.95 samples/sec-- Loss:0.36 -- Error1:10.62
Phase:train -- Batch_idx:300/391-- 2716.32 samples/sec-- Loss:0.36 -- Error1:10.82
Train_Loss = 0.3623137605571747, Train_Err = 10.956
Val_Loss = 1.2730369682312013, Val_Err = 30.92
Epoch: [107 | 200]
Phase:train -- Batch_idx:100/391-- 2631.07 samples/sec-- Loss:0.34 -- Error1:10.32
Phase:train -- Batch_idx:200/391-- 2701.49 samples/sec-- Loss:0.34 -- Error1:10.47
Phase:train -- Batch_idx:300/391-- 2725.43 samples/sec-- Loss:0.34 -- Error1:10.36
Train_Loss = 0.3415639854812622, Train_Err = 10.502
Val_Loss = 1.310700821685791, Val_Err = 30.59
Epoch: [108 | 200]
Phase:train -- Batch_idx:100/391-- 2618.37 samples/sec-- Loss:0.32 -- Error1:10.05
Phase:train -- Batch_idx:200/391-- 2695.07 samples/sec-- Loss:0.33 -- Error1:10.28
Phase:train -- Batch_idx:300/391-- 2721.11 samples/sec-- Loss:0.33 -- Error1:10.26
Train_Loss = 0.3306270793247223, Train_Err = 10.19
Val_Loss = 1.327672638130188, Val_Err = 31.43
Epoch: [109 | 200]
Phase:train -- Batch_idx:100/391-- 2628.40 samples/sec-- Loss:0.31 -- Error1:9.31
Phase:train -- Batch_idx:200/391-- 2698.82 samples/sec-- Loss:0.31 -- Error1:9.48
Phase:train -- Batch_idx:300/391-- 2722.39 samples/sec-- Loss:0.31 -- Error1:9.64
Train_Loss = 0.31599561361312867, Train_Err = 9.776
Val_Loss = 1.3288318336486817, Val_Err = 31.59
Epoch: [110 | 200]
Phase:train -- Batch_idx:100/391-- 2643.15 samples/sec-- Loss:0.28 -- Error1:8.53
Phase:train -- Batch_idx:200/391-- 2707.10 samples/sec-- Loss:0.29 -- Error1:8.90
Phase:train -- Batch_idx:300/391-- 2728.25 samples/sec-- Loss:0.29 -- Error1:8.98
Train_Loss = 0.29999342532157897, Train_Err = 9.2
Val_Loss = 1.3753533248901366, Val_Err = 31.39
Epoch: [111 | 200]
Phase:train -- Batch_idx:100/391-- 2627.72 samples/sec-- Loss:0.28 -- Error1:8.37
Phase:train -- Batch_idx:200/391-- 2699.16 samples/sec-- Loss:0.29 -- Error1:8.79
Phase:train -- Batch_idx:300/391-- 2723.51 samples/sec-- Loss:0.29 -- Error1:8.89
Train_Loss = 0.2946657642173767, Train_Err = 9.044
Val_Loss = 1.3862353439331054, Val_Err = 31.47
Epoch: [112 | 200]
Phase:train -- Batch_idx:100/391-- 2627.19 samples/sec-- Loss:0.27 -- Error1:8.33
Phase:train -- Batch_idx:200/391-- 2698.04 samples/sec-- Loss:0.28 -- Error1:8.60
Phase:train -- Batch_idx:300/391-- 2721.23 samples/sec-- Loss:0.28 -- Error1:8.66
Train_Loss = 0.28351258512496946, Train_Err = 8.7
Val_Loss = 1.3680512702941894, Val_Err = 31.37
Epoch: [113 | 200]
Phase:train -- Batch_idx:100/391-- 2629.61 samples/sec-- Loss:0.26 -- Error1:7.68
Phase:train -- Batch_idx:200/391-- 2700.22 samples/sec-- Loss:0.27 -- Error1:8.00
Phase:train -- Batch_idx:300/391-- 2723.84 samples/sec-- Loss:0.27 -- Error1:8.20
Train_Loss = 0.27226589859962463, Train_Err = 8.238
Val_Loss = 1.3952537551879882, Val_Err = 31.64
Epoch: [114 | 200]
Phase:train -- Batch_idx:100/391-- 2625.01 samples/sec-- Loss:0.26 -- Error1:7.90
Phase:train -- Batch_idx:200/391-- 2696.66 samples/sec-- Loss:0.26 -- Error1:7.91
Phase:train -- Batch_idx:300/391-- 2721.23 samples/sec-- Loss:0.27 -- Error1:8.12
Train_Loss = 0.26772593880176543, Train_Err = 8.18
Val_Loss = 1.4085238939285278, Val_Err = 31.81
Epoch: [115 | 200]
Phase:train -- Batch_idx:100/391-- 2625.27 samples/sec-- Loss:0.25 -- Error1:7.50
Phase:train -- Batch_idx:200/391-- 2697.51 samples/sec-- Loss:0.25 -- Error1:7.51
Phase:train -- Batch_idx:300/391-- 2722.41 samples/sec-- Loss:0.25 -- Error1:7.60
Train_Loss = 0.25466036509513856, Train_Err = 7.764
Val_Loss = 1.4618156831741334, Val_Err = 32.22
Epoch: [116 | 200]
Phase:train -- Batch_idx:100/391-- 2630.63 samples/sec-- Loss:0.24 -- Error1:7.34
Phase:train -- Batch_idx:200/391-- 2701.26 samples/sec-- Loss:0.24 -- Error1:7.42
Phase:train -- Batch_idx:300/391-- 2725.69 samples/sec-- Loss:0.25 -- Error1:7.66
Train_Loss = 0.25427874979019166, Train_Err = 7.792
Val_Loss = 1.4358256330490113, Val_Err = 31.67
Epoch: [117 | 200]
Phase:train -- Batch_idx:100/391-- 2627.40 samples/sec-- Loss:0.24 -- Error1:7.49
Phase:train -- Batch_idx:200/391-- 2698.71 samples/sec-- Loss:0.24 -- Error1:7.38
Phase:train -- Batch_idx:300/391-- 2723.56 samples/sec-- Loss:0.24 -- Error1:7.38
Train_Loss = 0.24392374577522277, Train_Err = 7.368
Val_Loss = 1.497022504425049, Val_Err = 32.4
Epoch: [118 | 200]
Phase:train -- Batch_idx:100/391-- 2627.14 samples/sec-- Loss:0.23 -- Error1:6.55
Phase:train -- Batch_idx:200/391-- 2696.96 samples/sec-- Loss:0.23 -- Error1:6.86
Phase:train -- Batch_idx:300/391-- 2721.03 samples/sec-- Loss:0.24 -- Error1:7.10
Train_Loss = 0.24227116683959962, Train_Err = 7.362
Val_Loss = 1.4685121061325073, Val_Err = 31.96
Epoch: [119 | 200]
Phase:train -- Batch_idx:100/391-- 2619.97 samples/sec-- Loss:0.22 -- Error1:6.34
Phase:train -- Batch_idx:200/391-- 2695.01 samples/sec-- Loss:0.23 -- Error1:6.68
Phase:train -- Batch_idx:300/391-- 2721.35 samples/sec-- Loss:0.23 -- Error1:6.87
Train_Loss = 0.23484772260189057, Train_Err = 7.098
Val_Loss = 1.4430231616973876, Val_Err = 31.97
Epoch: [120 | 200]
Phase:train -- Batch_idx:100/391-- 2640.51 samples/sec-- Loss:0.21 -- Error1:6.08
Phase:train -- Batch_idx:200/391-- 2705.71 samples/sec-- Loss:0.21 -- Error1:6.17
Phase:train -- Batch_idx:300/391-- 2728.29 samples/sec-- Loss:0.20 -- Error1:6.06
Train_Loss = 0.20139856647014617, Train_Err = 5.964
Val_Loss = 1.4396095001220703, Val_Err = 31.3
Epoch: [121 | 200]
Phase:train -- Batch_idx:100/391-- 2640.49 samples/sec-- Loss:0.19 -- Error1:5.18
Phase:train -- Batch_idx:200/391-- 2706.37 samples/sec-- Loss:0.19 -- Error1:5.22
Phase:train -- Batch_idx:300/391-- 2729.46 samples/sec-- Loss:0.19 -- Error1:5.28
Train_Loss = 0.18506856793403625, Train_Err = 5.272
Val_Loss = 1.4271061904907227, Val_Err = 30.91
Epoch: [122 | 200]
Phase:train -- Batch_idx:100/391-- 2626.44 samples/sec-- Loss:0.19 -- Error1:5.35
Phase:train -- Batch_idx:200/391-- 2697.57 samples/sec-- Loss:0.18 -- Error1:5.18
Phase:train -- Batch_idx:300/391-- 2722.46 samples/sec-- Loss:0.19 -- Error1:5.24
Train_Loss = 0.18499515799999236, Train_Err = 5.234
Val_Loss = 1.4244954721450807, Val_Err = 30.88
Epoch: [123 | 200]
Phase:train -- Batch_idx:100/391-- 2630.43 samples/sec-- Loss:0.18 -- Error1:5.40
Phase:train -- Batch_idx:200/391-- 2700.22 samples/sec-- Loss:0.18 -- Error1:5.15
Phase:train -- Batch_idx:300/391-- 2724.88 samples/sec-- Loss:0.18 -- Error1:5.09
Train_Loss = 0.17859215921401977, Train_Err = 5.134
Val_Loss = 1.4386159585952758, Val_Err = 31.21
Epoch: [124 | 200]
Phase:train -- Batch_idx:100/391-- 2632.72 samples/sec-- Loss:0.19 -- Error1:5.31
Phase:train -- Batch_idx:200/391-- 2700.83 samples/sec-- Loss:0.18 -- Error1:5.26
Phase:train -- Batch_idx:300/391-- 2724.63 samples/sec-- Loss:0.18 -- Error1:5.19
Train_Loss = 0.1802169395494461, Train_Err = 5.174
Val_Loss = 1.419844094467163, Val_Err = 30.56
Epoch: [125 | 200]
Phase:train -- Batch_idx:100/391-- 2598.93 samples/sec-- Loss:0.17 -- Error1:4.80
Phase:train -- Batch_idx:200/391-- 2682.41 samples/sec-- Loss:0.17 -- Error1:4.95
Phase:train -- Batch_idx:300/391-- 2712.14 samples/sec-- Loss:0.17 -- Error1:5.08
Train_Loss = 0.17336001998901368, Train_Err = 5.004
Val_Loss = 1.4280534675598144, Val_Err = 31.21
Epoch: [126 | 200]
Phase:train -- Batch_idx:100/391-- 2618.66 samples/sec-- Loss:0.18 -- Error1:4.91
Phase:train -- Batch_idx:200/391-- 2693.01 samples/sec-- Loss:0.17 -- Error1:4.84
Phase:train -- Batch_idx:300/391-- 2719.02 samples/sec-- Loss:0.17 -- Error1:4.98
Train_Loss = 0.17352802290916444, Train_Err = 4.872
Val_Loss = 1.4281032957077027, Val_Err = 30.88
Epoch: [127 | 200]
Phase:train -- Batch_idx:100/391-- 2627.87 samples/sec-- Loss:0.17 -- Error1:4.88
Phase:train -- Batch_idx:200/391-- 2698.77 samples/sec-- Loss:0.17 -- Error1:5.00
Phase:train -- Batch_idx:300/391-- 2723.31 samples/sec-- Loss:0.17 -- Error1:4.93
Train_Loss = 0.17215083115577698, Train_Err = 4.954
Val_Loss = 1.4489756637573241, Val_Err = 31.07
Epoch: [128 | 200]
Phase:train -- Batch_idx:100/391-- 2629.32 samples/sec-- Loss:0.17 -- Error1:5.11
Phase:train -- Batch_idx:200/391-- 2699.18 samples/sec-- Loss:0.17 -- Error1:5.01
Phase:train -- Batch_idx:300/391-- 2723.02 samples/sec-- Loss:0.17 -- Error1:4.94
Train_Loss = 0.17101756697654724, Train_Err = 4.918
Val_Loss = 1.4119335437774658, Val_Err = 31.3
Epoch: [129 | 200]
Phase:train -- Batch_idx:100/391-- 2625.98 samples/sec-- Loss:0.16 -- Error1:4.73
Phase:train -- Batch_idx:200/391-- 2696.68 samples/sec-- Loss:0.17 -- Error1:4.80
Phase:train -- Batch_idx:300/391-- 2721.20 samples/sec-- Loss:0.17 -- Error1:4.78
Train_Loss = 0.16773647398471833, Train_Err = 4.794
Val_Loss = 1.4203202203750611, Val_Err = 30.97
Epoch: [130 | 200]
Phase:train -- Batch_idx:100/391-- 2619.96 samples/sec-- Loss:0.17 -- Error1:4.92
Phase:train -- Batch_idx:200/391-- 2693.22 samples/sec-- Loss:0.16 -- Error1:4.70
Phase:train -- Batch_idx:300/391-- 2718.73 samples/sec-- Loss:0.17 -- Error1:4.85
Train_Loss = 0.1674119567966461, Train_Err = 4.834
Val_Loss = 1.4480535863876343, Val_Err = 30.55
Epoch: [131 | 200]
Phase:train -- Batch_idx:100/391-- 2606.52 samples/sec-- Loss:0.16 -- Error1:4.34
Phase:train -- Batch_idx:200/391-- 2687.83 samples/sec-- Loss:0.16 -- Error1:4.50
Phase:train -- Batch_idx:300/391-- 2715.79 samples/sec-- Loss:0.16 -- Error1:4.45
Train_Loss = 0.16119739130973815, Train_Err = 4.492
Val_Loss = 1.42492207736969, Val_Err = 30.9
Epoch: [132 | 200]
Phase:train -- Batch_idx:100/391-- 2626.87 samples/sec-- Loss:0.17 -- Error1:4.59
Phase:train -- Batch_idx:200/391-- 2698.09 samples/sec-- Loss:0.16 -- Error1:4.55
Phase:train -- Batch_idx:300/391-- 2722.30 samples/sec-- Loss:0.16 -- Error1:4.60
Train_Loss = 0.1624856793498993, Train_Err = 4.544
Val_Loss = 1.4390605554580689, Val_Err = 31.18
Epoch: [133 | 200]
Phase:train -- Batch_idx:100/391-- 2629.64 samples/sec-- Loss:0.16 -- Error1:4.50
Phase:train -- Batch_idx:200/391-- 2699.55 samples/sec-- Loss:0.16 -- Error1:4.55
Phase:train -- Batch_idx:300/391-- 2724.11 samples/sec-- Loss:0.16 -- Error1:4.61
Train_Loss = 0.1649053368473053, Train_Err = 4.69
Val_Loss = 1.457994167327881, Val_Err = 31.07
Epoch: [134 | 200]
Phase:train -- Batch_idx:100/391-- 2628.14 samples/sec-- Loss:0.16 -- Error1:4.40
Phase:train -- Batch_idx:200/391-- 2698.28 samples/sec-- Loss:0.16 -- Error1:4.52
Phase:train -- Batch_idx:300/391-- 2722.48 samples/sec-- Loss:0.16 -- Error1:4.58
Train_Loss = 0.15992610263347626, Train_Err = 4.518
Val_Loss = 1.458574201774597, Val_Err = 31.36
Epoch: [135 | 200]
Phase:train -- Batch_idx:100/391-- 2628.55 samples/sec-- Loss:0.16 -- Error1:4.49
Phase:train -- Batch_idx:200/391-- 2699.09 samples/sec-- Loss:0.16 -- Error1:4.64
Phase:train -- Batch_idx:300/391-- 2723.29 samples/sec-- Loss:0.16 -- Error1:4.69
Train_Loss = 0.16387772263526917, Train_Err = 4.684
Val_Loss = 1.4372929141998292, Val_Err = 30.76
Epoch: [136 | 200]
Phase:train -- Batch_idx:100/391-- 2640.55 samples/sec-- Loss:0.16 -- Error1:4.79
Phase:train -- Batch_idx:200/391-- 2706.05 samples/sec-- Loss:0.16 -- Error1:4.67
Phase:train -- Batch_idx:300/391-- 2728.46 samples/sec-- Loss:0.16 -- Error1:4.53
Train_Loss = 0.15935452630519867, Train_Err = 4.496
Val_Loss = 1.4427658716201783, Val_Err = 31.29
Epoch: [137 | 200]
Phase:train -- Batch_idx:100/391-- 2632.65 samples/sec-- Loss:0.16 -- Error1:4.35
Phase:train -- Batch_idx:200/391-- 2703.10 samples/sec-- Loss:0.16 -- Error1:4.31
Phase:train -- Batch_idx:300/391-- 2727.15 samples/sec-- Loss:0.16 -- Error1:4.36
Train_Loss = 0.1556537701511383, Train_Err = 4.3
Val_Loss = 1.4668612329483033, Val_Err = 30.85
Epoch: [138 | 200]
Phase:train -- Batch_idx:100/391-- 2632.54 samples/sec-- Loss:0.15 -- Error1:4.15
Phase:train -- Batch_idx:200/391-- 2702.09 samples/sec-- Loss:0.15 -- Error1:4.29
Phase:train -- Batch_idx:300/391-- 2725.39 samples/sec-- Loss:0.16 -- Error1:4.42
Train_Loss = 0.15709739020824431, Train_Err = 4.46
Val_Loss = 1.4491995992660522, Val_Err = 30.86
Epoch: [139 | 200]
Phase:train -- Batch_idx:100/391-- 2638.90 samples/sec-- Loss:0.15 -- Error1:4.07
Phase:train -- Batch_idx:200/391-- 2705.87 samples/sec-- Loss:0.15 -- Error1:4.09
Phase:train -- Batch_idx:300/391-- 2728.50 samples/sec-- Loss:0.15 -- Error1:4.15
Train_Loss = 0.155858844332695, Train_Err = 4.186
Val_Loss = 1.446659126472473, Val_Err = 30.85
Epoch: [140 | 200]
Phase:train -- Batch_idx:100/391-- 2627.98 samples/sec-- Loss:0.16 -- Error1:4.52
Phase:train -- Batch_idx:200/391-- 2699.27 samples/sec-- Loss:0.16 -- Error1:4.38
Phase:train -- Batch_idx:300/391-- 2723.04 samples/sec-- Loss:0.16 -- Error1:4.35
Train_Loss = 0.1550597070145607, Train_Err = 4.286
Val_Loss = 1.4120265975952149, Val_Err = 30.35
Epoch: [141 | 200]
Phase:train -- Batch_idx:100/391-- 2616.18 samples/sec-- Loss:0.15 -- Error1:4.10
Phase:train -- Batch_idx:200/391-- 2691.57 samples/sec-- Loss:0.15 -- Error1:4.18
Phase:train -- Batch_idx:300/391-- 2717.12 samples/sec-- Loss:0.15 -- Error1:4.21
Train_Loss = 0.15105571769714354, Train_Err = 4.238
Val_Loss = 1.4483816553115845, Val_Err = 30.87
Epoch: [142 | 200]
Phase:train -- Batch_idx:100/391-- 2624.10 samples/sec-- Loss:0.16 -- Error1:4.39
Phase:train -- Batch_idx:200/391-- 2697.68 samples/sec-- Loss:0.15 -- Error1:4.22
Phase:train -- Batch_idx:300/391-- 2722.45 samples/sec-- Loss:0.15 -- Error1:4.20
Train_Loss = 0.15312181760787963, Train_Err = 4.206
Val_Loss = 1.455018091583252, Val_Err = 30.98
Epoch: [143 | 200]
Phase:train -- Batch_idx:100/391-- 2630.83 samples/sec-- Loss:0.15 -- Error1:4.04
Phase:train -- Batch_idx:200/391-- 2700.52 samples/sec-- Loss:0.15 -- Error1:4.03
Phase:train -- Batch_idx:300/391-- 2723.87 samples/sec-- Loss:0.15 -- Error1:4.14
Train_Loss = 0.1521878065776825, Train_Err = 4.164
Val_Loss = 1.4477308893203735, Val_Err = 30.96
Epoch: [144 | 200]
Phase:train -- Batch_idx:100/391-- 2629.99 samples/sec-- Loss:0.15 -- Error1:4.24
Phase:train -- Batch_idx:200/391-- 2700.05 samples/sec-- Loss:0.15 -- Error1:4.19
Phase:train -- Batch_idx:300/391-- 2723.74 samples/sec-- Loss:0.15 -- Error1:4.11
Train_Loss = 0.14957508586883544, Train_Err = 4.116
Val_Loss = 1.461258479499817, Val_Err = 30.9
Epoch: [145 | 200]
Phase:train -- Batch_idx:100/391-- 2639.42 samples/sec-- Loss:0.15 -- Error1:4.12
Phase:train -- Batch_idx:200/391-- 2704.66 samples/sec-- Loss:0.15 -- Error1:4.19
Phase:train -- Batch_idx:300/391-- 2726.80 samples/sec-- Loss:0.15 -- Error1:4.17
Train_Loss = 0.14873321098327635, Train_Err = 4.112
Val_Loss = 1.4404372953414917, Val_Err = 30.75
Epoch: [146 | 200]
Phase:train -- Batch_idx:100/391-- 2627.16 samples/sec-- Loss:0.15 -- Error1:4.17
Phase:train -- Batch_idx:200/391-- 2697.16 samples/sec-- Loss:0.15 -- Error1:4.06
Phase:train -- Batch_idx:300/391-- 2720.67 samples/sec-- Loss:0.15 -- Error1:4.04
Train_Loss = 0.14833263902187346, Train_Err = 4.066
Val_Loss = 1.4876808959960937, Val_Err = 31.34
Epoch: [147 | 200]
Phase:train -- Batch_idx:100/391-- 2641.55 samples/sec-- Loss:0.15 -- Error1:3.98
Phase:train -- Batch_idx:200/391-- 2704.53 samples/sec-- Loss:0.15 -- Error1:4.09
Phase:train -- Batch_idx:300/391-- 2726.34 samples/sec-- Loss:0.15 -- Error1:4.01
Train_Loss = 0.14699528505325318, Train_Err = 3.984
Val_Loss = 1.4552709268569946, Val_Err = 31.07
Epoch: [148 | 200]
Phase:train -- Batch_idx:100/391-- 2630.79 samples/sec-- Loss:0.15 -- Error1:4.32
Phase:train -- Batch_idx:200/391-- 2699.69 samples/sec-- Loss:0.15 -- Error1:4.15
Phase:train -- Batch_idx:300/391-- 2723.92 samples/sec-- Loss:0.15 -- Error1:4.12
Train_Loss = 0.14867659049987794, Train_Err = 4.06
Val_Loss = 1.4610273973464967, Val_Err = 30.78
Epoch: [149 | 200]
Phase:train -- Batch_idx:100/391-- 2626.51 samples/sec-- Loss:0.16 -- Error1:4.48
Phase:train -- Batch_idx:200/391-- 2695.89 samples/sec-- Loss:0.15 -- Error1:4.34
Phase:train -- Batch_idx:300/391-- 2720.42 samples/sec-- Loss:0.15 -- Error1:4.24
Train_Loss = 0.14897045470714568, Train_Err = 4.15
Val_Loss = 1.4868800254821777, Val_Err = 31.17
Epoch: [150 | 200]
Phase:train -- Batch_idx:100/391-- 2627.19 samples/sec-- Loss:0.14 -- Error1:3.59
Phase:train -- Batch_idx:200/391-- 2696.87 samples/sec-- Loss:0.14 -- Error1:3.84
Phase:train -- Batch_idx:300/391-- 2721.46 samples/sec-- Loss:0.14 -- Error1:3.91
Train_Loss = 0.1449673459839821, Train_Err = 3.946
Val_Loss = 1.4728411659240723, Val_Err = 30.74
Epoch: [151 | 200]
Phase:train -- Batch_idx:100/391-- 2627.13 samples/sec-- Loss:0.14 -- Error1:3.95
Phase:train -- Batch_idx:200/391-- 2696.48 samples/sec-- Loss:0.14 -- Error1:3.93
Phase:train -- Batch_idx:300/391-- 2721.06 samples/sec-- Loss:0.14 -- Error1:3.86
Train_Loss = 0.14253747476100923, Train_Err = 3.892
Val_Loss = 1.4309733839035035, Val_Err = 30.79
Epoch: [152 | 200]
Phase:train -- Batch_idx:100/391-- 2638.68 samples/sec-- Loss:0.14 -- Error1:3.96
Phase:train -- Batch_idx:200/391-- 2704.61 samples/sec-- Loss:0.14 -- Error1:3.96
Phase:train -- Batch_idx:300/391-- 2728.00 samples/sec-- Loss:0.15 -- Error1:4.00
Train_Loss = 0.14601130845546723, Train_Err = 4.064
Val_Loss = 1.461725093460083, Val_Err = 30.81
Epoch: [153 | 200]
Phase:train -- Batch_idx:100/391-- 2627.21 samples/sec-- Loss:0.14 -- Error1:3.95
Phase:train -- Batch_idx:200/391-- 2697.18 samples/sec-- Loss:0.14 -- Error1:3.88
Phase:train -- Batch_idx:300/391-- 2721.81 samples/sec-- Loss:0.14 -- Error1:3.85
Train_Loss = 0.14155271052837373, Train_Err = 3.828
Val_Loss = 1.4648663394927979, Val_Err = 31.01
Epoch: [154 | 200]
Phase:train -- Batch_idx:100/391-- 2626.04 samples/sec-- Loss:0.14 -- Error1:3.90
Phase:train -- Batch_idx:200/391-- 2695.95 samples/sec-- Loss:0.14 -- Error1:3.73
Phase:train -- Batch_idx:300/391-- 2720.87 samples/sec-- Loss:0.14 -- Error1:3.74
Train_Loss = 0.14257254307746886, Train_Err = 3.816
Val_Loss = 1.475059471130371, Val_Err = 31.02
Epoch: [155 | 200]
Phase:train -- Batch_idx:100/391-- 2627.30 samples/sec-- Loss:0.15 -- Error1:4.13
Phase:train -- Batch_idx:200/391-- 2698.27 samples/sec-- Loss:0.14 -- Error1:4.02
Phase:train -- Batch_idx:300/391-- 2722.66 samples/sec-- Loss:0.14 -- Error1:3.99
Train_Loss = 0.1456061019563675, Train_Err = 4.01
Val_Loss = 1.4992185205459594, Val_Err = 31.49
Epoch: [156 | 200]
Phase:train -- Batch_idx:100/391-- 2619.64 samples/sec-- Loss:0.14 -- Error1:3.79
Phase:train -- Batch_idx:200/391-- 2694.90 samples/sec-- Loss:0.14 -- Error1:3.88
Phase:train -- Batch_idx:300/391-- 2720.94 samples/sec-- Loss:0.14 -- Error1:3.89
Train_Loss = 0.14263028983592987, Train_Err = 3.922
Val_Loss = 1.4812408500671386, Val_Err = 30.98
Epoch: [157 | 200]
Phase:train -- Batch_idx:100/391-- 2638.33 samples/sec-- Loss:0.14 -- Error1:3.78
Phase:train -- Batch_idx:200/391-- 2702.88 samples/sec-- Loss:0.14 -- Error1:3.79
Phase:train -- Batch_idx:300/391-- 2725.40 samples/sec-- Loss:0.14 -- Error1:3.80
Train_Loss = 0.14164335860729219, Train_Err = 3.802
Val_Loss = 1.489660418510437, Val_Err = 31.06
Epoch: [158 | 200]
Phase:train -- Batch_idx:100/391-- 2626.22 samples/sec-- Loss:0.14 -- Error1:3.78
Phase:train -- Batch_idx:200/391-- 2697.50 samples/sec-- Loss:0.14 -- Error1:3.88
Phase:train -- Batch_idx:300/391-- 2722.24 samples/sec-- Loss:0.14 -- Error1:3.88
Train_Loss = 0.14140518533706664, Train_Err = 3.868
Val_Loss = 1.478613408279419, Val_Err = 30.72
Epoch: [159 | 200]
Phase:train -- Batch_idx:100/391-- 2625.78 samples/sec-- Loss:0.14 -- Error1:3.84
Phase:train -- Batch_idx:200/391-- 2696.81 samples/sec-- Loss:0.14 -- Error1:3.77
Phase:train -- Batch_idx:300/391-- 2721.37 samples/sec-- Loss:0.14 -- Error1:3.78
Train_Loss = 0.14000272116661072, Train_Err = 3.816
Val_Loss = 1.456229698753357, Val_Err = 30.9
Epoch: [160 | 200]
Phase:train -- Batch_idx:100/391-- 2629.01 samples/sec-- Loss:0.14 -- Error1:3.80
Phase:train -- Batch_idx:200/391-- 2699.13 samples/sec-- Loss:0.14 -- Error1:3.59
Phase:train -- Batch_idx:300/391-- 2723.52 samples/sec-- Loss:0.14 -- Error1:3.65
Train_Loss = 0.13909821904182434, Train_Err = 3.76
Val_Loss = 1.461587685585022, Val_Err = 30.92
Epoch: [161 | 200]
Phase:train -- Batch_idx:100/391-- 2622.90 samples/sec-- Loss:0.14 -- Error1:3.88
Phase:train -- Batch_idx:200/391-- 2695.30 samples/sec-- Loss:0.13 -- Error1:3.55
Phase:train -- Batch_idx:300/391-- 2720.47 samples/sec-- Loss:0.14 -- Error1:3.66
Train_Loss = 0.13570428650856017, Train_Err = 3.66
Val_Loss = 1.5100513496398926, Val_Err = 31.34
Epoch: [162 | 200]
Phase:train -- Batch_idx:100/391-- 2629.22 samples/sec-- Loss:0.13 -- Error1:3.47
Phase:train -- Batch_idx:200/391-- 2699.75 samples/sec-- Loss:0.13 -- Error1:3.66
Phase:train -- Batch_idx:300/391-- 2724.09 samples/sec-- Loss:0.13 -- Error1:3.62
Train_Loss = 0.13525125861644746, Train_Err = 3.658
Val_Loss = 1.4684172861099243, Val_Err = 30.7
Epoch: [163 | 200]
Phase:train -- Batch_idx:100/391-- 2628.01 samples/sec-- Loss:0.14 -- Error1:3.79
Phase:train -- Batch_idx:200/391-- 2698.92 samples/sec-- Loss:0.14 -- Error1:3.77
Phase:train -- Batch_idx:300/391-- 2723.70 samples/sec-- Loss:0.14 -- Error1:3.82
Train_Loss = 0.13680490290641784, Train_Err = 3.828
Val_Loss = 1.451766879081726, Val_Err = 30.81
Epoch: [164 | 200]
Phase:train -- Batch_idx:100/391-- 2622.79 samples/sec-- Loss:0.13 -- Error1:3.47
Phase:train -- Batch_idx:200/391-- 2695.19 samples/sec-- Loss:0.14 -- Error1:3.62
Phase:train -- Batch_idx:300/391-- 2719.99 samples/sec-- Loss:0.14 -- Error1:3.64
Train_Loss = 0.13785598616123199, Train_Err = 3.658
Val_Loss = 1.479724616241455, Val_Err = 31.03
Epoch: [165 | 200]
Phase:train -- Batch_idx:100/391-- 2624.77 samples/sec-- Loss:0.14 -- Error1:3.61
Phase:train -- Batch_idx:200/391-- 2697.27 samples/sec-- Loss:0.13 -- Error1:3.55
Phase:train -- Batch_idx:300/391-- 2721.63 samples/sec-- Loss:0.14 -- Error1:3.67
Train_Loss = 0.1362664086294174, Train_Err = 3.718
Val_Loss = 1.4932803754806518, Val_Err = 31.09
Epoch: [166 | 200]
Phase:train -- Batch_idx:100/391-- 2629.13 samples/sec-- Loss:0.14 -- Error1:3.62
Phase:train -- Batch_idx:200/391-- 2699.87 samples/sec-- Loss:0.13 -- Error1:3.63
Phase:train -- Batch_idx:300/391-- 2724.34 samples/sec-- Loss:0.13 -- Error1:3.64
Train_Loss = 0.13589431601047516, Train_Err = 3.718
Val_Loss = 1.4860841644287108, Val_Err = 31.19
Epoch: [167 | 200]
Phase:train -- Batch_idx:100/391-- 2626.17 samples/sec-- Loss:0.13 -- Error1:3.55
Phase:train -- Batch_idx:200/391-- 2697.73 samples/sec-- Loss:0.13 -- Error1:3.53
Phase:train -- Batch_idx:300/391-- 2722.64 samples/sec-- Loss:0.13 -- Error1:3.58
Train_Loss = 0.1334822076177597, Train_Err = 3.626
Val_Loss = 1.479533660697937, Val_Err = 30.76
Epoch: [168 | 200]
Phase:train -- Batch_idx:100/391-- 2593.80 samples/sec-- Loss:0.13 -- Error1:3.28
Phase:train -- Batch_idx:200/391-- 2680.89 samples/sec-- Loss:0.13 -- Error1:3.55
Phase:train -- Batch_idx:300/391-- 2710.95 samples/sec-- Loss:0.13 -- Error1:3.55
Train_Loss = 0.13414308669567107, Train_Err = 3.552
Val_Loss = 1.4585397951126098, Val_Err = 30.83
Epoch: [169 | 200]
Phase:train -- Batch_idx:100/391-- 2629.74 samples/sec-- Loss:0.13 -- Error1:3.73
Phase:train -- Batch_idx:200/391-- 2699.29 samples/sec-- Loss:0.13 -- Error1:3.66
Phase:train -- Batch_idx:300/391-- 2723.30 samples/sec-- Loss:0.13 -- Error1:3.58
Train_Loss = 0.13212946551322938, Train_Err = 3.554
Val_Loss = 1.4778165710449218, Val_Err = 30.87
Epoch: [170 | 200]
Phase:train -- Batch_idx:100/391-- 2633.43 samples/sec-- Loss:0.13 -- Error1:3.47
Phase:train -- Batch_idx:200/391-- 2701.66 samples/sec-- Loss:0.13 -- Error1:3.48
Phase:train -- Batch_idx:300/391-- 2725.88 samples/sec-- Loss:0.13 -- Error1:3.45
Train_Loss = 0.1303642143011093, Train_Err = 3.43
Val_Loss = 1.4582540504455566, Val_Err = 30.89
Epoch: [171 | 200]
Phase:train -- Batch_idx:100/391-- 2634.23 samples/sec-- Loss:0.14 -- Error1:3.75
Phase:train -- Batch_idx:200/391-- 2702.75 samples/sec-- Loss:0.13 -- Error1:3.64
Phase:train -- Batch_idx:300/391-- 2726.37 samples/sec-- Loss:0.13 -- Error1:3.55
Train_Loss = 0.13249266397237777, Train_Err = 3.6
Val_Loss = 1.5002611389160156, Val_Err = 30.94
Epoch: [172 | 200]
Phase:train -- Batch_idx:100/391-- 2630.01 samples/sec-- Loss:0.13 -- Error1:3.32
Phase:train -- Batch_idx:200/391-- 2700.77 samples/sec-- Loss:0.13 -- Error1:3.37
Phase:train -- Batch_idx:300/391-- 2725.00 samples/sec-- Loss:0.13 -- Error1:3.41
Train_Loss = 0.12982358807086944, Train_Err = 3.478
Val_Loss = 1.4633209489822387, Val_Err = 30.98
Epoch: [173 | 200]
Phase:train -- Batch_idx:100/391-- 2627.60 samples/sec-- Loss:0.13 -- Error1:3.48
Phase:train -- Batch_idx:200/391-- 2698.31 samples/sec-- Loss:0.13 -- Error1:3.52
Phase:train -- Batch_idx:300/391-- 2722.44 samples/sec-- Loss:0.13 -- Error1:3.53
Train_Loss = 0.1314796355009079, Train_Err = 3.584
Val_Loss = 1.4764345945358277, Val_Err = 30.87
Epoch: [174 | 200]
Phase:train -- Batch_idx:100/391-- 2625.50 samples/sec-- Loss:0.13 -- Error1:3.60
Phase:train -- Batch_idx:200/391-- 2697.27 samples/sec-- Loss:0.13 -- Error1:3.47
Phase:train -- Batch_idx:300/391-- 2723.04 samples/sec-- Loss:0.13 -- Error1:3.51
Train_Loss = 0.1300517367362976, Train_Err = 3.478
Val_Loss = 1.4940732404708863, Val_Err = 31.01
Epoch: [175 | 200]
Phase:train -- Batch_idx:100/391-- 2626.48 samples/sec-- Loss:0.13 -- Error1:3.48
Phase:train -- Batch_idx:200/391-- 2697.45 samples/sec-- Loss:0.13 -- Error1:3.48
Phase:train -- Batch_idx:300/391-- 2722.29 samples/sec-- Loss:0.13 -- Error1:3.47
Train_Loss = 0.12820854455947875, Train_Err = 3.482
Val_Loss = 1.4771930322647095, Val_Err = 30.9
Epoch: [176 | 200]
Phase:train -- Batch_idx:100/391-- 2632.43 samples/sec-- Loss:0.13 -- Error1:3.27
Phase:train -- Batch_idx:200/391-- 2701.71 samples/sec-- Loss:0.13 -- Error1:3.31
Phase:train -- Batch_idx:300/391-- 2725.94 samples/sec-- Loss:0.13 -- Error1:3.31
Train_Loss = 0.1283313676214218, Train_Err = 3.402
Val_Loss = 1.5051362131118775, Val_Err = 30.94
Epoch: [177 | 200]
Phase:train -- Batch_idx:100/391-- 2641.01 samples/sec-- Loss:0.13 -- Error1:3.23
Phase:train -- Batch_idx:200/391-- 2706.96 samples/sec-- Loss:0.13 -- Error1:3.34
Phase:train -- Batch_idx:300/391-- 2729.18 samples/sec-- Loss:0.13 -- Error1:3.34
Train_Loss = 0.12956259066581727, Train_Err = 3.446
Val_Loss = 1.4873240600585937, Val_Err = 30.71
Epoch: [178 | 200]
Phase:train -- Batch_idx:100/391-- 2627.85 samples/sec-- Loss:0.13 -- Error1:3.41
Phase:train -- Batch_idx:200/391-- 2696.94 samples/sec-- Loss:0.13 -- Error1:3.40
Phase:train -- Batch_idx:300/391-- 2720.76 samples/sec-- Loss:0.13 -- Error1:3.42
Train_Loss = 0.12967858684778213, Train_Err = 3.446
Val_Loss = 1.498515820503235, Val_Err = 30.64
Epoch: [179 | 200]
Phase:train -- Batch_idx:100/391-- 2622.71 samples/sec-- Loss:0.13 -- Error1:3.55
Phase:train -- Batch_idx:200/391-- 2696.06 samples/sec-- Loss:0.13 -- Error1:3.64
Phase:train -- Batch_idx:300/391-- 2721.47 samples/sec-- Loss:0.13 -- Error1:3.51
Train_Loss = 0.13032367583274843, Train_Err = 3.492
Val_Loss = 1.4829383712768556, Val_Err = 30.66
Epoch: [180 | 200]
Phase:train -- Batch_idx:100/391-- 2629.28 samples/sec-- Loss:0.13 -- Error1:3.37
Phase:train -- Batch_idx:200/391-- 2699.47 samples/sec-- Loss:0.13 -- Error1:3.48
Phase:train -- Batch_idx:300/391-- 2723.64 samples/sec-- Loss:0.13 -- Error1:3.42
Train_Loss = 0.12843050013542176, Train_Err = 3.408
Val_Loss = 1.4887177904129028, Val_Err = 30.8
Epoch: [181 | 200]
Phase:train -- Batch_idx:100/391-- 2612.71 samples/sec-- Loss:0.13 -- Error1:3.59
Phase:train -- Batch_idx:200/391-- 2689.74 samples/sec-- Loss:0.13 -- Error1:3.49
Phase:train -- Batch_idx:300/391-- 2716.37 samples/sec-- Loss:0.13 -- Error1:3.50
Train_Loss = 0.128687262403965, Train_Err = 3.486
Val_Loss = 1.5109842992782592, Val_Err = 30.98
Epoch: [182 | 200]
Phase:train -- Batch_idx:100/391-- 2636.12 samples/sec-- Loss:0.12 -- Error1:3.36
Phase:train -- Batch_idx:200/391-- 2703.19 samples/sec-- Loss:0.12 -- Error1:3.33
Phase:train -- Batch_idx:300/391-- 2725.97 samples/sec-- Loss:0.13 -- Error1:3.35
Train_Loss = 0.12508721088409425, Train_Err = 3.336
Val_Loss = 1.501588508605957, Val_Err = 30.83
Epoch: [183 | 200]
Phase:train -- Batch_idx:100/391-- 2630.69 samples/sec-- Loss:0.13 -- Error1:3.51
Phase:train -- Batch_idx:200/391-- 2700.71 samples/sec-- Loss:0.13 -- Error1:3.37
Phase:train -- Batch_idx:300/391-- 2724.98 samples/sec-- Loss:0.13 -- Error1:3.42
Train_Loss = 0.1261654602909088, Train_Err = 3.43
Val_Loss = 1.5110540794372558, Val_Err = 31.0
Epoch: [184 | 200]
Phase:train -- Batch_idx:100/391-- 2628.11 samples/sec-- Loss:0.13 -- Error1:3.34
Phase:train -- Batch_idx:200/391-- 2698.56 samples/sec-- Loss:0.12 -- Error1:3.19
Phase:train -- Batch_idx:300/391-- 2722.87 samples/sec-- Loss:0.12 -- Error1:3.24
Train_Loss = 0.125574180188179, Train_Err = 3.308
Val_Loss = 1.494287784576416, Val_Err = 30.91
Epoch: [185 | 200]
Phase:train -- Batch_idx:100/391-- 2638.13 samples/sec-- Loss:0.13 -- Error1:3.45
Phase:train -- Batch_idx:200/391-- 2705.24 samples/sec-- Loss:0.13 -- Error1:3.34
Phase:train -- Batch_idx:300/391-- 2728.48 samples/sec-- Loss:0.13 -- Error1:3.34
Train_Loss = 0.12645560317993165, Train_Err = 3.352
Val_Loss = 1.511381216621399, Val_Err = 31.44
Epoch: [186 | 200]
Phase:train -- Batch_idx:100/391-- 2639.00 samples/sec-- Loss:0.13 -- Error1:3.39
Phase:train -- Batch_idx:200/391-- 2705.16 samples/sec-- Loss:0.13 -- Error1:3.37
Phase:train -- Batch_idx:300/391-- 2728.00 samples/sec-- Loss:0.12 -- Error1:3.28
Train_Loss = 0.12615539649486543, Train_Err = 3.31
Val_Loss = 1.5067198375701905, Val_Err = 30.96
Epoch: [187 | 200]
Phase:train -- Batch_idx:100/391-- 2629.53 samples/sec-- Loss:0.13 -- Error1:3.33
Phase:train -- Batch_idx:200/391-- 2699.88 samples/sec-- Loss:0.13 -- Error1:3.28
Phase:train -- Batch_idx:300/391-- 2723.54 samples/sec-- Loss:0.12 -- Error1:3.26
Train_Loss = 0.1236409856748581, Train_Err = 3.256
Val_Loss = 1.5052784454345702, Val_Err = 31.06
Epoch: [188 | 200]
Phase:train -- Batch_idx:100/391-- 2627.84 samples/sec-- Loss:0.12 -- Error1:3.26
Phase:train -- Batch_idx:200/391-- 2697.65 samples/sec-- Loss:0.12 -- Error1:3.22
Phase:train -- Batch_idx:300/391-- 2721.42 samples/sec-- Loss:0.12 -- Error1:3.19
Train_Loss = 0.12308145214557648, Train_Err = 3.234
Val_Loss = 1.5065892486572265, Val_Err = 30.76
Epoch: [189 | 200]
Phase:train -- Batch_idx:100/391-- 2624.04 samples/sec-- Loss:0.13 -- Error1:3.31
Phase:train -- Batch_idx:200/391-- 2695.53 samples/sec-- Loss:0.12 -- Error1:3.29
Phase:train -- Batch_idx:300/391-- 2720.23 samples/sec-- Loss:0.12 -- Error1:3.16
Train_Loss = 0.12353989059925079, Train_Err = 3.24
Val_Loss = 1.516119083404541, Val_Err = 31.22
Epoch: [190 | 200]
Phase:train -- Batch_idx:100/391-- 2630.08 samples/sec-- Loss:0.12 -- Error1:3.24
Phase:train -- Batch_idx:200/391-- 2699.24 samples/sec-- Loss:0.12 -- Error1:3.19
Phase:train -- Batch_idx:300/391-- 2723.01 samples/sec-- Loss:0.12 -- Error1:3.31
Train_Loss = 0.12390092063426972, Train_Err = 3.326
Val_Loss = 1.5012504447937012, Val_Err = 30.7
Epoch: [191 | 200]
Phase:train -- Batch_idx:100/391-- 2643.18 samples/sec-- Loss:0.12 -- Error1:3.09
Phase:train -- Batch_idx:200/391-- 2706.88 samples/sec-- Loss:0.12 -- Error1:3.11
Phase:train -- Batch_idx:300/391-- 2728.69 samples/sec-- Loss:0.12 -- Error1:3.10
Train_Loss = 0.12015905900001526, Train_Err = 3.15
Val_Loss = 1.500205251312256, Val_Err = 30.8
Epoch: [192 | 200]
Phase:train -- Batch_idx:100/391-- 2624.02 samples/sec-- Loss:0.12 -- Error1:3.05
Phase:train -- Batch_idx:200/391-- 2696.65 samples/sec-- Loss:0.12 -- Error1:3.16
Phase:train -- Batch_idx:300/391-- 2721.56 samples/sec-- Loss:0.12 -- Error1:3.16
Train_Loss = 0.12216565034389495, Train_Err = 3.146
Val_Loss = 1.5191120563507081, Val_Err = 31.22
Epoch: [193 | 200]
Phase:train -- Batch_idx:100/391-- 2626.04 samples/sec-- Loss:0.13 -- Error1:3.34
Phase:train -- Batch_idx:200/391-- 2697.99 samples/sec-- Loss:0.12 -- Error1:3.39
Phase:train -- Batch_idx:300/391-- 2722.41 samples/sec-- Loss:0.12 -- Error1:3.36
Train_Loss = 0.1242648832321167, Train_Err = 3.336
Val_Loss = 1.5222799125671387, Val_Err = 30.97
Epoch: [194 | 200]
Phase:train -- Batch_idx:100/391-- 2617.40 samples/sec-- Loss:0.12 -- Error1:2.98
Phase:train -- Batch_idx:200/391-- 2693.08 samples/sec-- Loss:0.12 -- Error1:3.05
Phase:train -- Batch_idx:300/391-- 2718.42 samples/sec-- Loss:0.12 -- Error1:3.14
Train_Loss = 0.12235686182975769, Train_Err = 3.162
Val_Loss = 1.5049865322113036, Val_Err = 30.99
Epoch: [195 | 200]
Phase:train -- Batch_idx:100/391-- 2620.60 samples/sec-- Loss:0.12 -- Error1:2.98
Phase:train -- Batch_idx:200/391-- 2695.35 samples/sec-- Loss:0.12 -- Error1:3.10
Phase:train -- Batch_idx:300/391-- 2720.11 samples/sec-- Loss:0.12 -- Error1:3.12
Train_Loss = 0.12111588179111481, Train_Err = 3.176
Val_Loss = 1.5117844055175782, Val_Err = 30.88
Epoch: [196 | 200]
Phase:train -- Batch_idx:100/391-- 2629.54 samples/sec-- Loss:0.12 -- Error1:3.05
Phase:train -- Batch_idx:200/391-- 2699.37 samples/sec-- Loss:0.12 -- Error1:3.07
Phase:train -- Batch_idx:300/391-- 2722.88 samples/sec-- Loss:0.12 -- Error1:3.11
Train_Loss = 0.11914303974628448, Train_Err = 3.152
Val_Loss = 1.505157558631897, Val_Err = 31.25
Epoch: [197 | 200]
Phase:train -- Batch_idx:100/391-- 2626.22 samples/sec-- Loss:0.12 -- Error1:2.95
Phase:train -- Batch_idx:200/391-- 2698.16 samples/sec-- Loss:0.12 -- Error1:3.00
Phase:train -- Batch_idx:300/391-- 2722.16 samples/sec-- Loss:0.12 -- Error1:3.05
Train_Loss = 0.11797201271057128, Train_Err = 3.054
Val_Loss = 1.5219755886077881, Val_Err = 31.11
Epoch: [198 | 200]
Phase:train -- Batch_idx:100/391-- 2629.25 samples/sec-- Loss:0.12 -- Error1:2.94
Phase:train -- Batch_idx:200/391-- 2700.03 samples/sec-- Loss:0.12 -- Error1:3.05
Phase:train -- Batch_idx:300/391-- 2724.00 samples/sec-- Loss:0.12 -- Error1:3.12
Train_Loss = 0.12028336337566375, Train_Err = 3.138
Val_Loss = 1.4912239093780517, Val_Err = 31.02
Epoch: [199 | 200]
Phase:train -- Batch_idx:100/391-- 2626.41 samples/sec-- Loss:0.12 -- Error1:3.30
Phase:train -- Batch_idx:200/391-- 2696.84 samples/sec-- Loss:0.12 -- Error1:3.26
Phase:train -- Batch_idx:300/391-- 2720.82 samples/sec-- Loss:0.12 -- Error1:3.21
Train_Loss = 0.11988568466424943, Train_Err = 3.226
Val_Loss = 1.5090310132980347, Val_Err = 31.33
