root: Namespace(batch_size=128, cp_dir='checkpoints/basic_cutout/cifar10/sgd/run_ms_1/pyramidnet_110/run0', depth=110, dtype='cifar10', epochs=300, img_aug='basic_cutout', learning_rate=0.1, momentum=0.9, mtype='pyramidnet', num_classes=10, resume=None, seed=1, threads=8, weight_decay=0.0001, width_factor=10)
root: Epoch: [0 | 300]
root: Train_Loss = 1.4330918788909912, Train_Err = 52.53
root: Val_Loss = 1.3196773529052734, Val_Err = 41.45
root: Epoch: [1 | 300]
root: Train_Loss = 0.9599273800849915, Train_Err = 34.27
root: Val_Loss = 0.7895405292510986, Val_Err = 27.04
root: Epoch: [2 | 300]
root: Train_Loss = 0.7607568502426147, Train_Err = 26.592
root: Val_Loss = 0.7748684883117676, Val_Err = 26.16
root: Epoch: [3 | 300]
root: Train_Loss = 0.6602591276168823, Train_Err = 23.056
root: Val_Loss = 0.6340625882148743, Val_Err = 21.09
root: Epoch: [4 | 300]
root: Train_Loss = 0.5885746479034424, Train_Err = 20.386
root: Val_Loss = 0.6213880777359009, Val_Err = 20.07
root: Epoch: [5 | 300]
root: Train_Loss = 0.5439831614494324, Train_Err = 18.822
root: Val_Loss = 0.49282512068748474, Val_Err = 16.74
root: Epoch: [6 | 300]
root: Train_Loss = 0.5022726655006409, Train_Err = 17.388
root: Val_Loss = 0.4731951951980591, Val_Err = 15.59
root: Epoch: [7 | 300]
root: Train_Loss = 0.4696391224861145, Train_Err = 16.208
root: Val_Loss = 0.47777923941612244, Val_Err = 15.96
root: Epoch: [8 | 300]
root: Train_Loss = 0.43720975518226624, Train_Err = 15.174
root: Val_Loss = 0.5643731951713562, Val_Err = 17.67
root: Epoch: [9 | 300]
root: Train_Loss = 0.41363096237182617, Train_Err = 14.316
root: Val_Loss = 0.48912107944488525, Val_Err = 16.18
root: Epoch: [10 | 300]
root: Train_Loss = 0.39435362815856934, Train_Err = 13.758
root: Val_Loss = 0.4283394515514374, Val_Err = 14.1
root: Epoch: [11 | 300]
root: Train_Loss = 0.3767637312412262, Train_Err = 13.15
root: Val_Loss = 0.3670501708984375, Val_Err = 12.3
root: Epoch: [12 | 300]
root: Train_Loss = 0.3600490093231201, Train_Err = 12.564
root: Val_Loss = 0.3631082773208618, Val_Err = 12.55
root: Epoch: [13 | 300]
root: Train_Loss = 0.3450217843055725, Train_Err = 11.972
root: Val_Loss = 0.39580491185188293, Val_Err = 13.33
root: Epoch: [14 | 300]
root: Train_Loss = 0.33060699701309204, Train_Err = 11.52
root: Val_Loss = 0.398664265871048, Val_Err = 12.9
root: Epoch: [15 | 300]
root: Train_Loss = 0.3207390010356903, Train_Err = 11.12
root: Val_Loss = 0.32901954650878906, Val_Err = 10.83
root: Epoch: [16 | 300]
root: Train_Loss = 0.3074846863746643, Train_Err = 10.698
root: Val_Loss = 0.40521740913391113, Val_Err = 12.93
root: Epoch: [17 | 300]
root: Train_Loss = 0.2950066328048706, Train_Err = 10.254
root: Val_Loss = 0.32158347964286804, Val_Err = 10.67
root: Epoch: [18 | 300]
root: Train_Loss = 0.2836851179599762, Train_Err = 9.922
root: Val_Loss = 0.33500227332115173, Val_Err = 11.3
root: Epoch: [19 | 300]
root: Train_Loss = 0.27487802505493164, Train_Err = 9.58
root: Val_Loss = 0.30737677216529846, Val_Err = 10.62
root: Epoch: [20 | 300]
root: Train_Loss = 0.26373419165611267, Train_Err = 9.19
root: Val_Loss = 0.31234288215637207, Val_Err = 10.22
root: Epoch: [21 | 300]
root: Train_Loss = 0.2602002024650574, Train_Err = 9.034
root: Val_Loss = 0.32902300357818604, Val_Err = 11.17
root: Epoch: [22 | 300]
root: Train_Loss = 0.25329914689064026, Train_Err = 8.876
root: Val_Loss = 0.2813746929168701, Val_Err = 9.17
root: Epoch: [23 | 300]
root: Train_Loss = 0.24048569798469543, Train_Err = 8.324
root: Val_Loss = 0.32184547185897827, Val_Err = 9.95
root: Epoch: [24 | 300]
root: Train_Loss = 0.23653867840766907, Train_Err = 8.176
root: Val_Loss = 0.28688520193099976, Val_Err = 8.91
root: Epoch: [25 | 300]
root: Train_Loss = 0.2290022373199463, Train_Err = 8.006
root: Val_Loss = 0.29845717549324036, Val_Err = 9.35
root: Epoch: [26 | 300]
root: Train_Loss = 0.22474966943264008, Train_Err = 7.936
root: Val_Loss = 0.261722594499588, Val_Err = 8.48
root: Epoch: [27 | 300]
root: Train_Loss = 0.21360772848129272, Train_Err = 7.43
root: Val_Loss = 0.28173863887786865, Val_Err = 9.02
root: Epoch: [28 | 300]
root: Train_Loss = 0.21827425062656403, Train_Err = 7.71
root: Val_Loss = 0.33680835366249084, Val_Err = 10.65
root: Epoch: [29 | 300]
root: Train_Loss = 0.20959921181201935, Train_Err = 7.25
root: Val_Loss = 0.2744896709918976, Val_Err = 8.36
root: Epoch: [30 | 300]
root: Train_Loss = 0.20411451160907745, Train_Err = 7.036
root: Val_Loss = 0.25490880012512207, Val_Err = 8.16
root: Epoch: [31 | 300]
root: Train_Loss = 0.20394834876060486, Train_Err = 7.164
root: Val_Loss = 0.3244019150733948, Val_Err = 9.73
root: Epoch: [32 | 300]
root: Train_Loss = 0.1995047926902771, Train_Err = 6.938
root: Val_Loss = 0.2771620452404022, Val_Err = 8.77
root: Epoch: [33 | 300]
root: Train_Loss = 0.1937597393989563, Train_Err = 6.774
root: Val_Loss = 0.287401407957077, Val_Err = 9.01
root: Epoch: [34 | 300]
root: Train_Loss = 0.19121141731739044, Train_Err = 6.67
root: Val_Loss = 0.26867252588272095, Val_Err = 8.38
root: Epoch: [35 | 300]
root: Train_Loss = 0.18769939243793488, Train_Err = 6.588
root: Val_Loss = 0.3073990046977997, Val_Err = 9.19
root: Epoch: [36 | 300]
root: Train_Loss = 0.18762826919555664, Train_Err = 6.598
root: Val_Loss = 0.2778589427471161, Val_Err = 8.59
root: Epoch: [37 | 300]
root: Train_Loss = 0.18026494979858398, Train_Err = 6.234
root: Val_Loss = 0.290451318025589, Val_Err = 8.83
root: Epoch: [38 | 300]
root: Train_Loss = 0.17950308322906494, Train_Err = 6.202
root: Val_Loss = 0.2855182886123657, Val_Err = 8.11
root: Epoch: [39 | 300]
root: Train_Loss = 0.1764104813337326, Train_Err = 6.102
root: Val_Loss = 0.28776925802230835, Val_Err = 8.63
root: Epoch: [40 | 300]
root: Train_Loss = 0.17593924701213837, Train_Err = 6.06
root: Val_Loss = 0.26320818066596985, Val_Err = 7.81
root: Epoch: [41 | 300]
root: Train_Loss = 0.16902661323547363, Train_Err = 5.906
root: Val_Loss = 0.2690622806549072, Val_Err = 8.19
root: Epoch: [42 | 300]
root: Train_Loss = 0.16785654425621033, Train_Err = 5.81
root: Val_Loss = 0.2925925552845001, Val_Err = 8.58
root: Epoch: [43 | 300]
root: Train_Loss = 0.16819849610328674, Train_Err = 5.892
root: Val_Loss = 0.2537660598754883, Val_Err = 7.97
root: Epoch: [44 | 300]
root: Train_Loss = 0.1675560474395752, Train_Err = 5.954
root: Val_Loss = 0.2760309875011444, Val_Err = 8.34
root: Epoch: [45 | 300]
root: Train_Loss = 0.1664811670780182, Train_Err = 5.872
root: Val_Loss = 0.2715455889701843, Val_Err = 8.53
root: Epoch: [46 | 300]
root: Train_Loss = 0.1656608134508133, Train_Err = 5.714
root: Val_Loss = 0.3630106449127197, Val_Err = 10.82
root: Epoch: [47 | 300]
root: Train_Loss = 0.1602928340435028, Train_Err = 5.65
root: Val_Loss = 0.28069937229156494, Val_Err = 8.47
root: Epoch: [48 | 300]
root: Train_Loss = 0.15796838700771332, Train_Err = 5.402
root: Val_Loss = 0.23079073429107666, Val_Err = 6.98
root: Epoch: [49 | 300]
root: Train_Loss = 0.16050146520137787, Train_Err = 5.578
root: Val_Loss = 0.25675979256629944, Val_Err = 7.83
root: Epoch: [50 | 300]
root: Train_Loss = 0.1568448543548584, Train_Err = 5.458
root: Val_Loss = 0.2606183886528015, Val_Err = 8.09
root: Epoch: [51 | 300]
root: Train_Loss = 0.16110995411872864, Train_Err = 5.556
root: Val_Loss = 0.24427911639213562, Val_Err = 7.16
root: Epoch: [52 | 300]
root: Train_Loss = 0.1542973518371582, Train_Err = 5.308
root: Val_Loss = 0.2552054226398468, Val_Err = 7.92
root: Epoch: [53 | 300]
root: Train_Loss = 0.1553599089384079, Train_Err = 5.326
root: Val_Loss = 0.27028074860572815, Val_Err = 8.17
root: Epoch: [54 | 300]
root: Train_Loss = 0.15110254287719727, Train_Err = 5.32
root: Val_Loss = 0.2801439166069031, Val_Err = 8.44
root: Epoch: [55 | 300]
root: Train_Loss = 0.15256810188293457, Train_Err = 5.328
root: Val_Loss = 0.24284686148166656, Val_Err = 7.39
root: Epoch: [56 | 300]
root: Train_Loss = 0.14809954166412354, Train_Err = 5.148
root: Val_Loss = 0.22713603079319, Val_Err = 6.81
root: Epoch: [57 | 300]
root: Train_Loss = 0.15063753724098206, Train_Err = 5.292
root: Val_Loss = 0.23180760443210602, Val_Err = 6.84
root: Epoch: [58 | 300]
root: Train_Loss = 0.149058997631073, Train_Err = 5.248
root: Val_Loss = 0.2686084508895874, Val_Err = 7.77
root: Epoch: [59 | 300]
root: Train_Loss = 0.14924214780330658, Train_Err = 5.176
root: Val_Loss = 0.2448306828737259, Val_Err = 7.5
root: Epoch: [60 | 300]
root: Train_Loss = 0.14451034367084503, Train_Err = 5.08
root: Val_Loss = 0.2538605034351349, Val_Err = 7.75
root: Epoch: [61 | 300]
root: Train_Loss = 0.13781215250492096, Train_Err = 4.676
root: Val_Loss = 0.26920661330223083, Val_Err = 7.7
root: Epoch: [62 | 300]
root: Train_Loss = 0.14924860000610352, Train_Err = 5.148
root: Val_Loss = 0.26604771614074707, Val_Err = 8.11
root: Epoch: [63 | 300]
root: Train_Loss = 0.1461264044046402, Train_Err = 5.044
root: Val_Loss = 0.24501267075538635, Val_Err = 7.36
root: Epoch: [64 | 300]
root: Train_Loss = 0.14163738489151, Train_Err = 4.99
root: Val_Loss = 0.250939279794693, Val_Err = 7.63
root: Epoch: [65 | 300]
root: Train_Loss = 0.14015507698059082, Train_Err = 4.758
root: Val_Loss = 0.25568825006484985, Val_Err = 7.6
root: Epoch: [66 | 300]
root: Train_Loss = 0.14285041391849518, Train_Err = 4.918
root: Val_Loss = 0.2758311331272125, Val_Err = 7.93
root: Epoch: [67 | 300]
root: Train_Loss = 0.14263507723808289, Train_Err = 4.922
root: Val_Loss = 0.28283295035362244, Val_Err = 8.49
root: Epoch: [68 | 300]
root: Train_Loss = 0.14259475469589233, Train_Err = 5.042
root: Val_Loss = 0.2573917508125305, Val_Err = 7.87
root: Epoch: [69 | 300]
root: Train_Loss = 0.13858672976493835, Train_Err = 4.736
root: Val_Loss = 0.25131499767303467, Val_Err = 7.51
root: Epoch: [70 | 300]
root: Train_Loss = 0.1367534101009369, Train_Err = 4.78
root: Val_Loss = 0.2290494590997696, Val_Err = 7.13
root: Epoch: [71 | 300]
root: Train_Loss = 0.13717886805534363, Train_Err = 4.884
root: Val_Loss = 0.2612547278404236, Val_Err = 7.58
root: Epoch: [72 | 300]
root: Train_Loss = 0.1339166909456253, Train_Err = 4.668
root: Val_Loss = 0.25867959856987, Val_Err = 7.6
root: Epoch: [73 | 300]
root: Train_Loss = 0.13298843801021576, Train_Err = 4.618
root: Val_Loss = 0.2565996050834656, Val_Err = 7.48
root: Epoch: [74 | 300]
root: Train_Loss = 0.1340203732252121, Train_Err = 4.736
root: Val_Loss = 0.23571786284446716, Val_Err = 7.1
root: Epoch: [75 | 300]
root: Train_Loss = 0.13772816956043243, Train_Err = 4.694
root: Val_Loss = 0.22619527578353882, Val_Err = 6.65
root: Epoch: [76 | 300]
root: Train_Loss = 0.1280553936958313, Train_Err = 4.422
root: Val_Loss = 0.22691380977630615, Val_Err = 6.9
root: Epoch: [77 | 300]
root: Train_Loss = 0.13801346719264984, Train_Err = 4.866
root: Val_Loss = 0.27425989508628845, Val_Err = 7.74
root: Epoch: [78 | 300]
root: Train_Loss = 0.13116046786308289, Train_Err = 4.56
root: Val_Loss = 0.2435687929391861, Val_Err = 7.31
root: Epoch: [79 | 300]
root: Train_Loss = 0.1332765817642212, Train_Err = 4.684
root: Val_Loss = 0.2220197170972824, Val_Err = 6.8
root: Epoch: [80 | 300]
root: Train_Loss = 0.13199524581432343, Train_Err = 4.708
root: Val_Loss = 0.23207758367061615, Val_Err = 7.12
root: Epoch: [81 | 300]
root: Train_Loss = 0.13345728814601898, Train_Err = 4.644
root: Val_Loss = 0.26689624786376953, Val_Err = 8.27
root: Epoch: [82 | 300]
root: Train_Loss = 0.12801237404346466, Train_Err = 4.542
root: Val_Loss = 0.25941184163093567, Val_Err = 7.63
root: Epoch: [83 | 300]
root: Train_Loss = 0.12828455865383148, Train_Err = 4.542
root: Val_Loss = 0.3056301474571228, Val_Err = 8.35
root: Epoch: [84 | 300]
root: Train_Loss = 0.12846438586711884, Train_Err = 4.47
root: Val_Loss = 0.24515661597251892, Val_Err = 7.37
root: Epoch: [85 | 300]
root: Train_Loss = 0.1260715126991272, Train_Err = 4.476
root: Val_Loss = 0.25945422053337097, Val_Err = 7.39
root: Epoch: [86 | 300]
root: Train_Loss = 0.13021530210971832, Train_Err = 4.608
root: Val_Loss = 0.23810365796089172, Val_Err = 7.13
root: Epoch: [87 | 300]
root: Train_Loss = 0.12780903279781342, Train_Err = 4.444
root: Val_Loss = 0.22924832999706268, Val_Err = 6.86
root: Epoch: [88 | 300]
root: Train_Loss = 0.130282461643219, Train_Err = 4.524
root: Val_Loss = 0.22192326188087463, Val_Err = 6.74
root: Epoch: [89 | 300]
root: Train_Loss = 0.126095712184906, Train_Err = 4.312
root: Val_Loss = 0.2569541335105896, Val_Err = 7.49
root: Epoch: [90 | 300]
root: Train_Loss = 0.12506631016731262, Train_Err = 4.31
root: Val_Loss = 0.27823227643966675, Val_Err = 8.42
root: Epoch: [91 | 300]
root: Train_Loss = 0.12320864200592041, Train_Err = 4.294
root: Val_Loss = 0.24643227458000183, Val_Err = 7.13
root: Epoch: [92 | 300]
root: Train_Loss = 0.12437416613101959, Train_Err = 4.322
root: Val_Loss = 0.22510726749897003, Val_Err = 6.72
root: Epoch: [93 | 300]
root: Train_Loss = 0.12866725027561188, Train_Err = 4.494
root: Val_Loss = 0.2726496160030365, Val_Err = 7.32
root: Epoch: [94 | 300]
root: Train_Loss = 0.12710508704185486, Train_Err = 4.352
root: Val_Loss = 0.2302427440881729, Val_Err = 6.99
root: Epoch: [95 | 300]
root: Train_Loss = 0.12072340399026871, Train_Err = 4.136
root: Val_Loss = 0.25058865547180176, Val_Err = 7.49
root: Epoch: [96 | 300]
root: Train_Loss = 0.12825602293014526, Train_Err = 4.366
root: Val_Loss = 0.2432911992073059, Val_Err = 7.39
root: Epoch: [97 | 300]
root: Train_Loss = 0.12053544819355011, Train_Err = 4.204
root: Val_Loss = 0.2516467571258545, Val_Err = 7.73
root: Epoch: [98 | 300]
root: Train_Loss = 0.12228067964315414, Train_Err = 4.258
root: Val_Loss = 0.23171134293079376, Val_Err = 6.28
root: Epoch: [99 | 300]
root: Train_Loss = 0.12156466394662857, Train_Err = 4.206
root: Val_Loss = 0.28665900230407715, Val_Err = 7.83
root: Epoch: [100 | 300]
root: Train_Loss = 0.12521621584892273, Train_Err = 4.408
root: Val_Loss = 0.23521457612514496, Val_Err = 6.71
root: Epoch: [101 | 300]
root: Train_Loss = 0.12214525789022446, Train_Err = 4.264
root: Val_Loss = 0.27053844928741455, Val_Err = 7.81
root: Epoch: [102 | 300]
root: Train_Loss = 0.1190204843878746, Train_Err = 4.13
root: Val_Loss = 0.2402336299419403, Val_Err = 6.73
root: Epoch: [103 | 300]
root: Train_Loss = 0.12460537999868393, Train_Err = 4.376
root: Val_Loss = 0.26358461380004883, Val_Err = 7.57
root: Epoch: [104 | 300]
root: Train_Loss = 0.12442941963672638, Train_Err = 4.356
root: Val_Loss = 0.2692597210407257, Val_Err = 7.43
root: Epoch: [105 | 300]
root: Train_Loss = 0.1186305433511734, Train_Err = 4.176
root: Val_Loss = 0.25416746735572815, Val_Err = 7.21
root: Epoch: [106 | 300]
root: Train_Loss = 0.1244906336069107, Train_Err = 4.378
root: Val_Loss = 0.2262047529220581, Val_Err = 6.63
root: Epoch: [107 | 300]
root: Train_Loss = 0.12185515463352203, Train_Err = 4.16
root: Val_Loss = 0.22914934158325195, Val_Err = 6.62
root: Epoch: [108 | 300]
root: Train_Loss = 0.11952550709247589, Train_Err = 4.184
root: Val_Loss = 0.25926265120506287, Val_Err = 7.26
root: Epoch: [109 | 300]
root: Train_Loss = 0.11975141614675522, Train_Err = 4.086
root: Val_Loss = 0.278408944606781, Val_Err = 7.79
root: Epoch: [110 | 300]
root: Train_Loss = 0.11396227031946182, Train_Err = 3.992
root: Val_Loss = 0.24306327104568481, Val_Err = 7.2
root: Epoch: [111 | 300]
root: Train_Loss = 0.12306361645460129, Train_Err = 4.298
root: Val_Loss = 0.24130433797836304, Val_Err = 6.89
root: Epoch: [112 | 300]
root: Train_Loss = 0.12535445392131805, Train_Err = 4.352
root: Val_Loss = 0.27186325192451477, Val_Err = 7.42
root: Epoch: [113 | 300]
root: Train_Loss = 0.11363255232572556, Train_Err = 3.946
root: Val_Loss = 0.28230708837509155, Val_Err = 8.1
root: Epoch: [114 | 300]
root: Train_Loss = 0.11614325642585754, Train_Err = 4.048
root: Val_Loss = 0.22535531222820282, Val_Err = 6.65
root: Epoch: [115 | 300]
root: Train_Loss = 0.12037316709756851, Train_Err = 4.092
root: Val_Loss = 0.24666061997413635, Val_Err = 6.86
root: Epoch: [116 | 300]
root: Train_Loss = 0.11508181691169739, Train_Err = 3.976
root: Val_Loss = 0.24819116294384003, Val_Err = 6.84
root: Epoch: [117 | 300]
root: Train_Loss = 0.11753596365451813, Train_Err = 4.182
root: Val_Loss = 0.2390594631433487, Val_Err = 6.69
root: Epoch: [118 | 300]
root: Train_Loss = 0.11732012033462524, Train_Err = 4.03
root: Val_Loss = 0.25792935490608215, Val_Err = 7.62
root: Epoch: [119 | 300]
root: Train_Loss = 0.1167159229516983, Train_Err = 4.004
root: Val_Loss = 0.2333066612482071, Val_Err = 6.88
root: Epoch: [120 | 300]
root: Train_Loss = 0.1170482486486435, Train_Err = 4.048
root: Val_Loss = 0.2563611567020416, Val_Err = 7.2
root: Epoch: [121 | 300]
root: Train_Loss = 0.11593962460756302, Train_Err = 3.988
root: Val_Loss = 0.2499963492155075, Val_Err = 6.96
root: Epoch: [122 | 300]
root: Train_Loss = 0.11960583925247192, Train_Err = 4.234
root: Val_Loss = 0.2622826099395752, Val_Err = 7.26
root: Epoch: [123 | 300]
root: Train_Loss = 0.11321908235549927, Train_Err = 3.954
root: Val_Loss = 0.32069194316864014, Val_Err = 9.17
root: Epoch: [124 | 300]
root: Train_Loss = 0.11846406012773514, Train_Err = 4.086
root: Val_Loss = 0.23618485033512115, Val_Err = 6.83
root: Epoch: [125 | 300]
root: Train_Loss = 0.11655977368354797, Train_Err = 4.03
root: Val_Loss = 0.2340579479932785, Val_Err = 6.51
root: Epoch: [126 | 300]
root: Train_Loss = 0.11536029726266861, Train_Err = 3.966
root: Val_Loss = 0.25825732946395874, Val_Err = 7.49
root: Epoch: [127 | 300]
root: Train_Loss = 0.11237727105617523, Train_Err = 3.952
root: Val_Loss = 0.25780120491981506, Val_Err = 7.48
root: Epoch: [128 | 300]
root: Train_Loss = 0.11301879584789276, Train_Err = 3.982
root: Val_Loss = 0.27117395401000977, Val_Err = 7.52
root: Epoch: [129 | 300]
root: Train_Loss = 0.11247621476650238, Train_Err = 3.876
root: Val_Loss = 0.24569591879844666, Val_Err = 6.6
root: Epoch: [130 | 300]
root: Train_Loss = 0.11521169543266296, Train_Err = 3.984
root: Val_Loss = 0.24104100465774536, Val_Err = 6.85
root: Epoch: [131 | 300]
root: Train_Loss = 0.11086732149124146, Train_Err = 3.884
root: Val_Loss = 0.24401137232780457, Val_Err = 6.79
root: Epoch: [132 | 300]
root: Train_Loss = 0.11135831475257874, Train_Err = 3.826
root: Val_Loss = 0.2850126028060913, Val_Err = 7.81
root: Epoch: [133 | 300]
root: Train_Loss = 0.11279083788394928, Train_Err = 3.872
root: Val_Loss = 0.22463783621788025, Val_Err = 6.54
root: Epoch: [134 | 300]
root: Train_Loss = 0.10877849161624908, Train_Err = 3.808
root: Val_Loss = 0.2993107736110687, Val_Err = 8.64
root: Epoch: [135 | 300]
root: Train_Loss = 0.11582672595977783, Train_Err = 3.974
root: Val_Loss = 0.2013499140739441, Val_Err = 6.14
root: Epoch: [136 | 300]
root: Train_Loss = 0.11025334894657135, Train_Err = 3.876
root: Val_Loss = 0.36047467589378357, Val_Err = 9.78
root: Epoch: [137 | 300]
root: Train_Loss = 0.11553747951984406, Train_Err = 4.04
root: Val_Loss = 0.27067703008651733, Val_Err = 7.7
root: Epoch: [138 | 300]
root: Train_Loss = 0.11537537723779678, Train_Err = 4.046
root: Val_Loss = 0.2547478675842285, Val_Err = 7.24
root: Epoch: [139 | 300]
root: Train_Loss = 0.11316441744565964, Train_Err = 3.898
root: Val_Loss = 0.3205629289150238, Val_Err = 8.63
root: Epoch: [140 | 300]
root: Train_Loss = 0.11663818359375, Train_Err = 4.042
root: Val_Loss = 0.22996534407138824, Val_Err = 6.88
root: Epoch: [141 | 300]
root: Train_Loss = 0.11434537917375565, Train_Err = 3.95
root: Val_Loss = 0.24610404670238495, Val_Err = 6.81
root: Epoch: [142 | 300]
root: Train_Loss = 0.11035503447055817, Train_Err = 3.814
root: Val_Loss = 0.20709523558616638, Val_Err = 6.13
root: Epoch: [143 | 300]
root: Train_Loss = 0.11390888690948486, Train_Err = 4.004
root: Val_Loss = 0.22825267910957336, Val_Err = 6.37
root: Epoch: [144 | 300]
root: Train_Loss = 0.11347395181655884, Train_Err = 3.922
root: Val_Loss = 0.26729926466941833, Val_Err = 7.73
root: Epoch: [145 | 300]
root: Train_Loss = 0.10779508203268051, Train_Err = 3.688
root: Val_Loss = 0.22374223172664642, Val_Err = 6.48
root: Epoch: [146 | 300]
root: Train_Loss = 0.11078689992427826, Train_Err = 3.712
root: Val_Loss = 0.31019261479377747, Val_Err = 8.28
root: Epoch: [147 | 300]
root: Train_Loss = 0.10598573833703995, Train_Err = 3.606
root: Val_Loss = 0.2589445114135742, Val_Err = 7.26
root: Epoch: [148 | 300]
root: Train_Loss = 0.1124301329255104, Train_Err = 3.912
root: Val_Loss = 0.2615188658237457, Val_Err = 7.3
root: Epoch: [149 | 300]
root: Train_Loss = 0.11436901986598969, Train_Err = 3.974
root: Val_Loss = 0.21228869259357452, Val_Err = 6.13
root: Epoch: [150 | 300]
root: Train_Loss = 0.058316174894571304, Train_Err = 1.928
root: Val_Loss = 0.14149527251720428, Val_Err = 4.07
root: Epoch: [151 | 300]
root: Train_Loss = 0.036048099398612976, Train_Err = 1.19
root: Val_Loss = 0.14286616444587708, Val_Err = 3.85
root: Epoch: [152 | 300]
root: Train_Loss = 0.031895335763692856, Train_Err = 1.004
root: Val_Loss = 0.13942570984363556, Val_Err = 3.8
root: Epoch: [153 | 300]
root: Train_Loss = 0.02822401002049446, Train_Err = 0.938
root: Val_Loss = 0.14124780893325806, Val_Err = 3.79
root: Epoch: [154 | 300]
root: Train_Loss = 0.027359481900930405, Train_Err = 0.914
root: Val_Loss = 0.14270704984664917, Val_Err = 3.72
root: Epoch: [155 | 300]
root: Train_Loss = 0.024596132338047028, Train_Err = 0.814
root: Val_Loss = 0.13722647726535797, Val_Err = 3.61
root: Epoch: [156 | 300]
root: Train_Loss = 0.023912765085697174, Train_Err = 0.758
root: Val_Loss = 0.14086401462554932, Val_Err = 3.65
root: Epoch: [157 | 300]
root: Train_Loss = 0.02339429222047329, Train_Err = 0.76
root: Val_Loss = 0.13526864349842072, Val_Err = 3.59
root: Epoch: [158 | 300]
root: Train_Loss = 0.02354688011109829, Train_Err = 0.776
root: Val_Loss = 0.1337376981973648, Val_Err = 3.49
root: Epoch: [159 | 300]
root: Train_Loss = 0.022102035582065582, Train_Err = 0.714
root: Val_Loss = 0.1350974142551422, Val_Err = 3.54
root: Epoch: [160 | 300]
root: Train_Loss = 0.020885471254587173, Train_Err = 0.696
root: Val_Loss = 0.13650037348270416, Val_Err = 3.51
root: Epoch: [161 | 300]
root: Train_Loss = 0.020995905622839928, Train_Err = 0.694
root: Val_Loss = 0.13816827535629272, Val_Err = 3.49
root: Epoch: [162 | 300]
root: Train_Loss = 0.022556105628609657, Train_Err = 0.766
root: Val_Loss = 0.13821308314800262, Val_Err = 3.52
root: Epoch: [163 | 300]
root: Train_Loss = 0.019444968551397324, Train_Err = 0.622
root: Val_Loss = 0.1359647810459137, Val_Err = 3.5
root: Epoch: [164 | 300]
root: Train_Loss = 0.02060479111969471, Train_Err = 0.722
root: Val_Loss = 0.13245409727096558, Val_Err = 3.28
root: Epoch: [165 | 300]
root: Train_Loss = 0.02001330442726612, Train_Err = 0.662
root: Val_Loss = 0.13575415313243866, Val_Err = 3.28
root: Epoch: [166 | 300]
root: Train_Loss = 0.018456386402249336, Train_Err = 0.578
root: Val_Loss = 0.14061835408210754, Val_Err = 3.4
root: Epoch: [167 | 300]
root: Train_Loss = 0.018480906262993813, Train_Err = 0.624
root: Val_Loss = 0.1404692381620407, Val_Err = 3.4
root: Epoch: [168 | 300]
root: Train_Loss = 0.018973451107740402, Train_Err = 0.594
root: Val_Loss = 0.13420329988002777, Val_Err = 3.27
root: Epoch: [169 | 300]
root: Train_Loss = 0.018395353108644485, Train_Err = 0.618
root: Val_Loss = 0.1377243846654892, Val_Err = 3.45
root: Epoch: [170 | 300]
root: Train_Loss = 0.01795770600438118, Train_Err = 0.616
root: Val_Loss = 0.14003926515579224, Val_Err = 3.41
root: Epoch: [171 | 300]
root: Train_Loss = 0.01698756031692028, Train_Err = 0.564
root: Val_Loss = 0.13787026703357697, Val_Err = 3.42
root: Epoch: [172 | 300]
root: Train_Loss = 0.019149333238601685, Train_Err = 0.656
root: Val_Loss = 0.1378101259469986, Val_Err = 3.29
root: Epoch: [173 | 300]
root: Train_Loss = 0.01747078448534012, Train_Err = 0.616
root: Val_Loss = 0.1364631950855255, Val_Err = 3.45
root: Epoch: [174 | 300]
root: Train_Loss = 0.017366381362080574, Train_Err = 0.56
root: Val_Loss = 0.13536836206912994, Val_Err = 3.42
root: Epoch: [175 | 300]
root: Train_Loss = 0.015701575204730034, Train_Err = 0.54
root: Val_Loss = 0.13708072900772095, Val_Err = 3.43
root: Epoch: [176 | 300]
root: Train_Loss = 0.01700456440448761, Train_Err = 0.542
root: Val_Loss = 0.13746824860572815, Val_Err = 3.45
root: Epoch: [177 | 300]
root: Train_Loss = 0.017921650782227516, Train_Err = 0.576
root: Val_Loss = 0.13917849957942963, Val_Err = 3.44
root: Epoch: [178 | 300]
root: Train_Loss = 0.016667747870087624, Train_Err = 0.574
root: Val_Loss = 0.13937626779079437, Val_Err = 3.53
root: Epoch: [179 | 300]
root: Train_Loss = 0.014998036436736584, Train_Err = 0.446
root: Val_Loss = 0.13416790962219238, Val_Err = 3.35
root: Epoch: [180 | 300]
root: Train_Loss = 0.015308169648051262, Train_Err = 0.498
root: Val_Loss = 0.14243309199810028, Val_Err = 3.41
root: Epoch: [181 | 300]
root: Train_Loss = 0.015980534255504608, Train_Err = 0.512
root: Val_Loss = 0.13829566538333893, Val_Err = 3.42
root: Epoch: [182 | 300]
root: Train_Loss = 0.01566491834819317, Train_Err = 0.514
root: Val_Loss = 0.13767027854919434, Val_Err = 3.37
root: Epoch: [183 | 300]
root: Train_Loss = 0.0158048328012228, Train_Err = 0.52
root: Val_Loss = 0.14132820069789886, Val_Err = 3.41
root: Epoch: [184 | 300]
root: Train_Loss = 0.015212307684123516, Train_Err = 0.484
root: Val_Loss = 0.13441026210784912, Val_Err = 3.31
root: Epoch: [185 | 300]
root: Train_Loss = 0.015009937807917595, Train_Err = 0.494
root: Val_Loss = 0.13676999509334564, Val_Err = 3.36
root: Epoch: [186 | 300]
root: Train_Loss = 0.016326511278748512, Train_Err = 0.532
root: Val_Loss = 0.13518169522285461, Val_Err = 3.46
root: Epoch: [187 | 300]
root: Train_Loss = 0.015956763178110123, Train_Err = 0.516
root: Val_Loss = 0.131647989153862, Val_Err = 3.37
root: Epoch: [188 | 300]
root: Train_Loss = 0.014895960688591003, Train_Err = 0.494
root: Val_Loss = 0.13124728202819824, Val_Err = 3.24
root: Epoch: [189 | 300]
root: Train_Loss = 0.014730158261954784, Train_Err = 0.464
root: Val_Loss = 0.1349630057811737, Val_Err = 3.41
root: Epoch: [190 | 300]
root: Train_Loss = 0.015063376165926456, Train_Err = 0.466
root: Val_Loss = 0.12975461781024933, Val_Err = 3.2
root: Epoch: [191 | 300]
root: Train_Loss = 0.01432341430336237, Train_Err = 0.464
root: Val_Loss = 0.13327723741531372, Val_Err = 3.28
root: Epoch: [192 | 300]
root: Train_Loss = 0.013829052448272705, Train_Err = 0.462
root: Val_Loss = 0.13458596169948578, Val_Err = 3.34
root: Epoch: [193 | 300]
root: Train_Loss = 0.01521253865212202, Train_Err = 0.516
root: Val_Loss = 0.13772286474704742, Val_Err = 3.44
root: Epoch: [194 | 300]
root: Train_Loss = 0.014948280528187752, Train_Err = 0.48
root: Val_Loss = 0.14120464026927948, Val_Err = 3.36
root: Epoch: [195 | 300]
root: Train_Loss = 0.013647628016769886, Train_Err = 0.452
root: Val_Loss = 0.13999022543430328, Val_Err = 3.38
root: Epoch: [196 | 300]
root: Train_Loss = 0.014335512183606625, Train_Err = 0.47
root: Val_Loss = 0.13526280224323273, Val_Err = 3.22
root: Epoch: [197 | 300]
root: Train_Loss = 0.01316832099109888, Train_Err = 0.412
root: Val_Loss = 0.13580870628356934, Val_Err = 3.44
root: Epoch: [198 | 300]
root: Train_Loss = 0.014123193919658661, Train_Err = 0.476
root: Val_Loss = 0.13799002766609192, Val_Err = 3.44
root: Epoch: [199 | 300]
root: Train_Loss = 0.014089657925069332, Train_Err = 0.478
root: Val_Loss = 0.1426025927066803, Val_Err = 3.45
root: Epoch: [200 | 300]
root: Train_Loss = 0.013089923188090324, Train_Err = 0.454
root: Val_Loss = 0.14441820979118347, Val_Err = 3.6
root: Epoch: [201 | 300]
root: Train_Loss = 0.01394986268132925, Train_Err = 0.47
root: Val_Loss = 0.14019376039505005, Val_Err = 3.42
root: Epoch: [202 | 300]
root: Train_Loss = 0.014809389598667622, Train_Err = 0.492
root: Val_Loss = 0.13561059534549713, Val_Err = 3.42
root: Epoch: [203 | 300]
root: Train_Loss = 0.015029829926788807, Train_Err = 0.48
root: Val_Loss = 0.13916809856891632, Val_Err = 3.47
root: Epoch: [204 | 300]
root: Train_Loss = 0.013454953208565712, Train_Err = 0.448
root: Val_Loss = 0.1327582150697708, Val_Err = 3.33
root: Epoch: [205 | 300]
root: Train_Loss = 0.012624351307749748, Train_Err = 0.41
root: Val_Loss = 0.14343902468681335, Val_Err = 3.44
root: Epoch: [206 | 300]
root: Train_Loss = 0.013306554406881332, Train_Err = 0.444
root: Val_Loss = 0.13343894481658936, Val_Err = 3.46
root: Epoch: [207 | 300]
root: Train_Loss = 0.013629642315208912, Train_Err = 0.45
root: Val_Loss = 0.13846100866794586, Val_Err = 3.55
root: Epoch: [208 | 300]
root: Train_Loss = 0.012848591431975365, Train_Err = 0.424
root: Val_Loss = 0.13359850645065308, Val_Err = 3.37
root: Epoch: [209 | 300]
root: Train_Loss = 0.01400426123291254, Train_Err = 0.444
root: Val_Loss = 0.13532744348049164, Val_Err = 3.44
root: Epoch: [210 | 300]
root: Train_Loss = 0.013815994374454021, Train_Err = 0.472
root: Val_Loss = 0.13466422259807587, Val_Err = 3.39
root: Epoch: [211 | 300]
root: Train_Loss = 0.013058310374617577, Train_Err = 0.416
root: Val_Loss = 0.13038849830627441, Val_Err = 3.27
root: Epoch: [212 | 300]
root: Train_Loss = 0.012910819612443447, Train_Err = 0.398
root: Val_Loss = 0.13670362532138824, Val_Err = 3.35
root: Epoch: [213 | 300]
root: Train_Loss = 0.014134659431874752, Train_Err = 0.448
root: Val_Loss = 0.13493792712688446, Val_Err = 3.33
root: Epoch: [214 | 300]
root: Train_Loss = 0.014164788648486137, Train_Err = 0.47
root: Val_Loss = 0.1315014660358429, Val_Err = 3.15
root: Epoch: [215 | 300]
root: Train_Loss = 0.013918573036789894, Train_Err = 0.444
root: Val_Loss = 0.1345953792333603, Val_Err = 3.36
root: Epoch: [216 | 300]
root: Train_Loss = 0.011597455479204655, Train_Err = 0.378
root: Val_Loss = 0.1365462839603424, Val_Err = 3.32
root: Epoch: [217 | 300]
root: Train_Loss = 0.013803506270051003, Train_Err = 0.482
root: Val_Loss = 0.13724324107170105, Val_Err = 3.38
root: Epoch: [218 | 300]
root: Train_Loss = 0.013045021332800388, Train_Err = 0.418
root: Val_Loss = 0.13937906920909882, Val_Err = 3.57
root: Epoch: [219 | 300]
root: Train_Loss = 0.012360919266939163, Train_Err = 0.38
root: Val_Loss = 0.13874317705631256, Val_Err = 3.44
root: Epoch: [220 | 300]
root: Train_Loss = 0.012566926889121532, Train_Err = 0.398
root: Val_Loss = 0.14028780162334442, Val_Err = 3.34
root: Epoch: [221 | 300]
root: Train_Loss = 0.012714521959424019, Train_Err = 0.434
root: Val_Loss = 0.13792367279529572, Val_Err = 3.35
root: Epoch: [222 | 300]
root: Train_Loss = 0.011776478961110115, Train_Err = 0.344
root: Val_Loss = 0.1458970308303833, Val_Err = 3.42
root: Epoch: [223 | 300]
root: Train_Loss = 0.014006544835865498, Train_Err = 0.448
root: Val_Loss = 0.1455450803041458, Val_Err = 3.56
root: Epoch: [224 | 300]
root: Train_Loss = 0.013325789012014866, Train_Err = 0.464
root: Val_Loss = 0.1398908942937851, Val_Err = 3.36
root: Epoch: [225 | 300]
root: Train_Loss = 0.012777484953403473, Train_Err = 0.396
root: Val_Loss = 0.1364557445049286, Val_Err = 3.31
root: Epoch: [226 | 300]
root: Train_Loss = 0.011235082522034645, Train_Err = 0.376
root: Val_Loss = 0.1336285024881363, Val_Err = 3.22
root: Epoch: [227 | 300]
root: Train_Loss = 0.010790341533720493, Train_Err = 0.352
root: Val_Loss = 0.13412794470787048, Val_Err = 3.24
root: Epoch: [228 | 300]
root: Train_Loss = 0.010126878507435322, Train_Err = 0.322
root: Val_Loss = 0.13486050069332123, Val_Err = 3.29
root: Epoch: [229 | 300]
root: Train_Loss = 0.009672620333731174, Train_Err = 0.302
root: Val_Loss = 0.13448283076286316, Val_Err = 3.28
root: Epoch: [230 | 300]
root: Train_Loss = 0.009398726746439934, Train_Err = 0.304
root: Val_Loss = 0.13451389968395233, Val_Err = 3.26
root: Epoch: [231 | 300]
root: Train_Loss = 0.009101769886910915, Train_Err = 0.324
root: Val_Loss = 0.13360527157783508, Val_Err = 3.27
root: Epoch: [232 | 300]
root: Train_Loss = 0.009947498328983784, Train_Err = 0.334
root: Val_Loss = 0.1341719925403595, Val_Err = 3.19
root: Epoch: [233 | 300]
root: Train_Loss = 0.01000848226249218, Train_Err = 0.334
root: Val_Loss = 0.13399925827980042, Val_Err = 3.23
root: Epoch: [234 | 300]
root: Train_Loss = 0.009290971793234348, Train_Err = 0.312
root: Val_Loss = 0.13401414453983307, Val_Err = 3.25
root: Epoch: [235 | 300]
root: Train_Loss = 0.00922402273863554, Train_Err = 0.286
root: Val_Loss = 0.13366036117076874, Val_Err = 3.29
root: Epoch: [236 | 300]
root: Train_Loss = 0.008770699612796307, Train_Err = 0.282
root: Val_Loss = 0.13417942821979523, Val_Err = 3.23
root: Epoch: [237 | 300]
root: Train_Loss = 0.00916334055364132, Train_Err = 0.292
root: Val_Loss = 0.1329081505537033, Val_Err = 3.1
root: Epoch: [238 | 300]
root: Train_Loss = 0.008529250510036945, Train_Err = 0.288
root: Val_Loss = 0.13230125606060028, Val_Err = 3.17
root: Epoch: [239 | 300]
root: Train_Loss = 0.009259837679564953, Train_Err = 0.324
root: Val_Loss = 0.1302981972694397, Val_Err = 3.18
root: Epoch: [240 | 300]
root: Train_Loss = 0.008582722395658493, Train_Err = 0.286
root: Val_Loss = 0.1305958330631256, Val_Err = 3.11
root: Epoch: [241 | 300]
root: Train_Loss = 0.008811308071017265, Train_Err = 0.266
root: Val_Loss = 0.13109435141086578, Val_Err = 3.14
root: Epoch: [242 | 300]
root: Train_Loss = 0.007099843584001064, Train_Err = 0.208
root: Val_Loss = 0.13027659058570862, Val_Err = 3.16
root: Epoch: [243 | 300]
root: Train_Loss = 0.007733806036412716, Train_Err = 0.234
root: Val_Loss = 0.1312396079301834, Val_Err = 3.19
root: Epoch: [244 | 300]
root: Train_Loss = 0.008651004172861576, Train_Err = 0.27
root: Val_Loss = 0.13077883422374725, Val_Err = 3.12
root: Epoch: [245 | 300]
root: Train_Loss = 0.008380343206226826, Train_Err = 0.306
root: Val_Loss = 0.1321580559015274, Val_Err = 3.15
root: Epoch: [246 | 300]
root: Train_Loss = 0.008192919194698334, Train_Err = 0.278
root: Val_Loss = 0.13166135549545288, Val_Err = 3.13
root: Epoch: [247 | 300]
root: Train_Loss = 0.007567087188363075, Train_Err = 0.254
root: Val_Loss = 0.1321367472410202, Val_Err = 3.12
root: Epoch: [248 | 300]
root: Train_Loss = 0.007548783905804157, Train_Err = 0.222
root: Val_Loss = 0.13352389633655548, Val_Err = 3.11
root: Epoch: [249 | 300]
root: Train_Loss = 0.007927235215902328, Train_Err = 0.236
root: Val_Loss = 0.13300500810146332, Val_Err = 3.21
root: Epoch: [250 | 300]
root: Train_Loss = 0.007130872458219528, Train_Err = 0.222
root: Val_Loss = 0.13327361643314362, Val_Err = 3.17
root: Epoch: [251 | 300]
root: Train_Loss = 0.007059380412101746, Train_Err = 0.226
root: Val_Loss = 0.13444826006889343, Val_Err = 3.16
root: Epoch: [252 | 300]
root: Train_Loss = 0.006587664596736431, Train_Err = 0.188
root: Val_Loss = 0.13324840366840363, Val_Err = 3.07
root: Epoch: [253 | 300]
root: Train_Loss = 0.007236151024699211, Train_Err = 0.228
root: Val_Loss = 0.13314884901046753, Val_Err = 3.12
root: Epoch: [254 | 300]
root: Train_Loss = 0.008832276798784733, Train_Err = 0.294
root: Val_Loss = 0.1320418417453766, Val_Err = 3.12
root: Epoch: [255 | 300]
root: Train_Loss = 0.007525748573243618, Train_Err = 0.216
root: Val_Loss = 0.13308463990688324, Val_Err = 3.18
root: Epoch: [256 | 300]
root: Train_Loss = 0.0074052028357982635, Train_Err = 0.232
root: Val_Loss = 0.13205084204673767, Val_Err = 3.11
root: Epoch: [257 | 300]
root: Train_Loss = 0.008082441985607147, Train_Err = 0.268
root: Val_Loss = 0.13217082619667053, Val_Err = 3.14
root: Epoch: [258 | 300]
root: Train_Loss = 0.007890633307397366, Train_Err = 0.246
root: Val_Loss = 0.13249845802783966, Val_Err = 3.16
root: Epoch: [259 | 300]
root: Train_Loss = 0.006903504487127066, Train_Err = 0.22
root: Val_Loss = 0.1303451508283615, Val_Err = 3.04
root: Epoch: [260 | 300]
root: Train_Loss = 0.007125480100512505, Train_Err = 0.234
root: Val_Loss = 0.13117274641990662, Val_Err = 3.13
root: Epoch: [261 | 300]
root: Train_Loss = 0.00695174653083086, Train_Err = 0.226
root: Val_Loss = 0.13132670521736145, Val_Err = 3.11
root: Epoch: [262 | 300]
root: Train_Loss = 0.0073606101796031, Train_Err = 0.23
root: Val_Loss = 0.13131392002105713, Val_Err = 3.12
root: Epoch: [263 | 300]
root: Train_Loss = 0.00724854227155447, Train_Err = 0.244
root: Val_Loss = 0.13144880533218384, Val_Err = 3.08
root: Epoch: [264 | 300]
root: Train_Loss = 0.007323441095650196, Train_Err = 0.25
root: Val_Loss = 0.13007929921150208, Val_Err = 3.06
root: Epoch: [265 | 300]
root: Train_Loss = 0.006746092811226845, Train_Err = 0.242
root: Val_Loss = 0.12924709916114807, Val_Err = 3.11
root: Epoch: [266 | 300]
root: Train_Loss = 0.006833003368228674, Train_Err = 0.202
root: Val_Loss = 0.1312611997127533, Val_Err = 3.11
root: Epoch: [267 | 300]
root: Train_Loss = 0.007761566434055567, Train_Err = 0.242
root: Val_Loss = 0.13226810097694397, Val_Err = 3.11
root: Epoch: [268 | 300]
root: Train_Loss = 0.007341115735471249, Train_Err = 0.21
root: Val_Loss = 0.1308162659406662, Val_Err = 3.1
root: Epoch: [269 | 300]
root: Train_Loss = 0.007150373887270689, Train_Err = 0.226
root: Val_Loss = 0.13107413053512573, Val_Err = 3.08
root: Epoch: [270 | 300]
root: Train_Loss = 0.006294031161814928, Train_Err = 0.184
root: Val_Loss = 0.13097882270812988, Val_Err = 3.03
root: Epoch: [271 | 300]
root: Train_Loss = 0.007774213794618845, Train_Err = 0.236
root: Val_Loss = 0.13063213229179382, Val_Err = 3.17
root: Epoch: [272 | 300]
root: Train_Loss = 0.007711230777204037, Train_Err = 0.24
root: Val_Loss = 0.1320779025554657, Val_Err = 3.04
root: Epoch: [273 | 300]
root: Train_Loss = 0.007153092883527279, Train_Err = 0.232
root: Val_Loss = 0.13219526410102844, Val_Err = 3.09
root: Epoch: [274 | 300]
root: Train_Loss = 0.007144569419324398, Train_Err = 0.232
root: Val_Loss = 0.13219910860061646, Val_Err = 3.09
root: Epoch: [275 | 300]
root: Train_Loss = 0.007721048779785633, Train_Err = 0.26
root: Val_Loss = 0.13264457881450653, Val_Err = 3.13
root: Epoch: [276 | 300]
root: Train_Loss = 0.007152423728257418, Train_Err = 0.23
root: Val_Loss = 0.13161377608776093, Val_Err = 3.07
root: Epoch: [277 | 300]
root: Train_Loss = 0.007309498731046915, Train_Err = 0.246
root: Val_Loss = 0.13131311535835266, Val_Err = 3.1
root: Epoch: [278 | 300]
root: Train_Loss = 0.006660515442490578, Train_Err = 0.226
root: Val_Loss = 0.13180288672447205, Val_Err = 3.2
root: Epoch: [279 | 300]
root: Train_Loss = 0.006456790491938591, Train_Err = 0.222
root: Val_Loss = 0.13302017748355865, Val_Err = 3.11
root: Epoch: [280 | 300]
root: Train_Loss = 0.007427094038575888, Train_Err = 0.228
root: Val_Loss = 0.13086049258708954, Val_Err = 3.15
root: Epoch: [281 | 300]
root: Train_Loss = 0.007207290269434452, Train_Err = 0.234
root: Val_Loss = 0.13070498406887054, Val_Err = 3.17
root: Epoch: [282 | 300]
root: Train_Loss = 0.007627331186085939, Train_Err = 0.25
root: Val_Loss = 0.13132941722869873, Val_Err = 3.13
root: Epoch: [283 | 300]
root: Train_Loss = 0.006061746273189783, Train_Err = 0.19
root: Val_Loss = 0.13098636269569397, Val_Err = 3.15
root: Epoch: [284 | 300]
root: Train_Loss = 0.006603688932955265, Train_Err = 0.226
root: Val_Loss = 0.13063061237335205, Val_Err = 3.17
root: Epoch: [285 | 300]
root: Train_Loss = 0.007334044203162193, Train_Err = 0.248
root: Val_Loss = 0.1303652971982956, Val_Err = 3.18
root: Epoch: [286 | 300]
root: Train_Loss = 0.006258245091885328, Train_Err = 0.208
root: Val_Loss = 0.13152191042900085, Val_Err = 3.27
root: Epoch: [287 | 300]
root: Train_Loss = 0.006697914097458124, Train_Err = 0.232
root: Val_Loss = 0.12979355454444885, Val_Err = 3.17
root: Epoch: [288 | 300]
root: Train_Loss = 0.006903052795678377, Train_Err = 0.224
root: Val_Loss = 0.12923946976661682, Val_Err = 3.16
root: Epoch: [289 | 300]
root: Train_Loss = 0.007272756192833185, Train_Err = 0.244
root: Val_Loss = 0.12897615134716034, Val_Err = 3.16
root: Epoch: [290 | 300]
root: Train_Loss = 0.006067078094929457, Train_Err = 0.186
root: Val_Loss = 0.1296309381723404, Val_Err = 3.14
root: Epoch: [291 | 300]
root: Train_Loss = 0.006619380321353674, Train_Err = 0.226
root: Val_Loss = 0.1296733319759369, Val_Err = 3.1
root: Epoch: [292 | 300]
root: Train_Loss = 0.006427000742405653, Train_Err = 0.222
root: Val_Loss = 0.13094817101955414, Val_Err = 3.1
root: Epoch: [293 | 300]
root: Train_Loss = 0.0064980871975421906, Train_Err = 0.21
root: Val_Loss = 0.12949256598949432, Val_Err = 3.13
root: Epoch: [294 | 300]
root: Train_Loss = 0.006798749789595604, Train_Err = 0.21
root: Val_Loss = 0.12923544645309448, Val_Err = 3.03
root: Epoch: [295 | 300]
root: Train_Loss = 0.007118280045688152, Train_Err = 0.226
root: Val_Loss = 0.13003259897232056, Val_Err = 3.08
root: Epoch: [296 | 300]
root: Train_Loss = 0.005686651449650526, Train_Err = 0.174
root: Val_Loss = 0.13083525002002716, Val_Err = 3.12
root: Epoch: [297 | 300]
root: Train_Loss = 0.006534182466566563, Train_Err = 0.19
root: Val_Loss = 0.13084319233894348, Val_Err = 3.08
root: Epoch: [298 | 300]
root: Train_Loss = 0.00661497563123703, Train_Err = 0.208
root: Val_Loss = 0.13063709437847137, Val_Err = 3.08
root: Epoch: [299 | 300]
root: Train_Loss = 0.006156818475574255, Train_Err = 0.194
root: Val_Loss = 0.13146866858005524, Val_Err = 3.12
