Namespace(bs=128, cp_dir='./checkpoints/cifar100_new/resnet101/sam_sgd/run_ms_0/run0', data_dir='./data/cifar100', dir='.', dtype='cifar100', ep=200, loadckp=False, lr=0.1, milestones=[100, 120], mo=0.9, ms=0, mtype='resnet101', n='cifar100_new/resnet101/sam_sgd', num_classes=100, print_freq=100, use_cuda=True, wd=0.0005)
Epoch: [0 | 200]
Phase:train -- Batch_idx:100/391 -- 240.60 samples/sec-- Loss:5.09 -- Error1:98.77
Phase:train -- Batch_idx:200/391 -- 244.99 samples/sec-- Loss:4.83 -- Error1:98.81
Phase:train -- Batch_idx:300/391 -- 246.22 samples/sec-- Loss:4.72 -- Error1:98.60
Train_Loss = 4.646484107971191, Train_Err = 98.254
Val_Loss = 4.331517393493653, Val_Err = 96.21
Epoch: [1 | 200]
Phase:train -- Batch_idx:100/391 -- 246.90 samples/sec-- Loss:4.25 -- Error1:96.15
Phase:train -- Batch_idx:200/391 -- 247.47 samples/sec-- Loss:4.18 -- Error1:95.39
Phase:train -- Batch_idx:300/391 -- 247.56 samples/sec-- Loss:4.10 -- Error1:94.57
Train_Loss = 4.053249024200439, Train_Err = 93.92
Val_Loss = 3.782212331771851, Val_Err = 89.51
Epoch: [2 | 200]
Phase:train -- Batch_idx:100/391 -- 246.39 samples/sec-- Loss:3.80 -- Error1:90.11
Phase:train -- Batch_idx:200/391 -- 247.00 samples/sec-- Loss:3.74 -- Error1:89.34
Phase:train -- Batch_idx:300/391 -- 247.18 samples/sec-- Loss:3.70 -- Error1:88.76
Train_Loss = 3.658739331817627, Train_Err = 88.014
Val_Loss = 3.414306704711914, Val_Err = 82.88
Epoch: [3 | 200]
Phase:train -- Batch_idx:100/391 -- 246.22 samples/sec-- Loss:3.42 -- Error1:83.56
Phase:train -- Batch_idx:200/391 -- 246.82 samples/sec-- Loss:3.37 -- Error1:82.20
Phase:train -- Batch_idx:300/391 -- 247.03 samples/sec-- Loss:3.31 -- Error1:81.43
Train_Loss = 3.271022980194092, Train_Err = 80.722
Val_Loss = 3.0155941989898682, Val_Err = 75.19
Epoch: [4 | 200]
Phase:train -- Batch_idx:100/391 -- 246.15 samples/sec-- Loss:3.00 -- Error1:75.52
Phase:train -- Batch_idx:200/391 -- 246.77 samples/sec-- Loss:2.97 -- Error1:74.70
Phase:train -- Batch_idx:300/391 -- 246.98 samples/sec-- Loss:2.93 -- Error1:73.92
Train_Loss = 2.892364732513428, Train_Err = 73.308
Val_Loss = 2.7832418716430665, Val_Err = 70.39
Epoch: [5 | 200]
Phase:train -- Batch_idx:100/391 -- 246.15 samples/sec-- Loss:2.62 -- Error1:67.77
Phase:train -- Batch_idx:200/391 -- 246.69 samples/sec-- Loss:2.60 -- Error1:67.78
Phase:train -- Batch_idx:300/391 -- 246.86 samples/sec-- Loss:2.58 -- Error1:67.32
Train_Loss = 2.5557388430023193, Train_Err = 66.8
Val_Loss = 2.454017733001709, Val_Err = 64.48
Epoch: [6 | 200]
Phase:train -- Batch_idx:100/391 -- 246.01 samples/sec-- Loss:2.30 -- Error1:61.47
Phase:train -- Batch_idx:200/391 -- 246.64 samples/sec-- Loss:2.29 -- Error1:61.41
Phase:train -- Batch_idx:300/391 -- 246.87 samples/sec-- Loss:2.28 -- Error1:61.15
Train_Loss = 2.2641289131164553, Train_Err = 60.786
Val_Loss = 2.224242464828491, Val_Err = 59.79
Epoch: [7 | 200]
Phase:train -- Batch_idx:100/391 -- 246.15 samples/sec-- Loss:2.06 -- Error1:55.80
Phase:train -- Batch_idx:200/391 -- 246.74 samples/sec-- Loss:2.06 -- Error1:56.07
Phase:train -- Batch_idx:300/391 -- 246.96 samples/sec-- Loss:2.05 -- Error1:55.71
Train_Loss = 2.036378560218811, Train_Err = 55.356
Val_Loss = 2.080351457977295, Val_Err = 56.04
Epoch: [8 | 200]
Phase:train -- Batch_idx:100/391 -- 246.20 samples/sec-- Loss:1.82 -- Error1:50.71
Phase:train -- Batch_idx:200/391 -- 246.83 samples/sec-- Loss:1.83 -- Error1:50.81
Phase:train -- Batch_idx:300/391 -- 247.05 samples/sec-- Loss:1.84 -- Error1:51.20
Train_Loss = 1.848036216430664, Train_Err = 51.276
Val_Loss = 2.0777485858917237, Val_Err = 53.82
Epoch: [9 | 200]
Phase:train -- Batch_idx:100/391 -- 246.33 samples/sec-- Loss:1.64 -- Error1:46.95
Phase:train -- Batch_idx:200/391 -- 246.95 samples/sec-- Loss:1.69 -- Error1:47.81
Phase:train -- Batch_idx:300/391 -- 247.17 samples/sec-- Loss:1.69 -- Error1:47.73
Train_Loss = 1.7020721587371825, Train_Err = 47.888
Val_Loss = 1.953769207572937, Val_Err = 52.31
Epoch: [10 | 200]
Phase:train -- Batch_idx:100/391 -- 246.35 samples/sec-- Loss:1.51 -- Error1:43.39
Phase:train -- Batch_idx:200/391 -- 247.00 samples/sec-- Loss:1.55 -- Error1:44.27
Phase:train -- Batch_idx:300/391 -- 247.21 samples/sec-- Loss:1.58 -- Error1:44.89
Train_Loss = 1.584541432876587, Train_Err = 44.954
Val_Loss = 1.7864210990905762, Val_Err = 49.08
Epoch: [11 | 200]
Phase:train -- Batch_idx:100/391 -- 246.46 samples/sec-- Loss:1.40 -- Error1:40.52
Phase:train -- Batch_idx:200/391 -- 247.05 samples/sec-- Loss:1.44 -- Error1:41.49
Phase:train -- Batch_idx:300/391 -- 247.25 samples/sec-- Loss:1.47 -- Error1:42.01
Train_Loss = 1.4866299355316162, Train_Err = 42.442
Val_Loss = 1.7392652418136596, Val_Err = 47.51
Epoch: [12 | 200]
Phase:train -- Batch_idx:100/391 -- 246.36 samples/sec-- Loss:1.30 -- Error1:38.33
Phase:train -- Batch_idx:200/391 -- 246.94 samples/sec-- Loss:1.33 -- Error1:38.73
Phase:train -- Batch_idx:300/391 -- 247.12 samples/sec-- Loss:1.36 -- Error1:39.62
Train_Loss = 1.386813480796814, Train_Err = 40.094
Val_Loss = 1.6953980869293213, Val_Err = 47.07
Epoch: [13 | 200]
Phase:train -- Batch_idx:100/391 -- 246.22 samples/sec-- Loss:1.21 -- Error1:36.02
Phase:train -- Batch_idx:200/391 -- 246.86 samples/sec-- Loss:1.26 -- Error1:36.99
Phase:train -- Batch_idx:300/391 -- 247.08 samples/sec-- Loss:1.29 -- Error1:37.85
Train_Loss = 1.3196014128875733, Train_Err = 38.648
Val_Loss = 1.8199826633453369, Val_Err = 49.65
Epoch: [14 | 200]
Phase:train -- Batch_idx:100/391 -- 246.41 samples/sec-- Loss:1.14 -- Error1:33.01
Phase:train -- Batch_idx:200/391 -- 246.99 samples/sec-- Loss:1.19 -- Error1:34.73
Phase:train -- Batch_idx:300/391 -- 247.18 samples/sec-- Loss:1.23 -- Error1:35.59
Train_Loss = 1.2497648558425902, Train_Err = 36.312
Val_Loss = 1.6745608837127686, Val_Err = 46.21
Epoch: [15 | 200]
Phase:train -- Batch_idx:100/391 -- 246.42 samples/sec-- Loss:1.06 -- Error1:31.84
Phase:train -- Batch_idx:200/391 -- 247.06 samples/sec-- Loss:1.13 -- Error1:33.47
Phase:train -- Batch_idx:300/391 -- 247.27 samples/sec-- Loss:1.17 -- Error1:34.33
Train_Loss = 1.1927240440750122, Train_Err = 35.016
Val_Loss = 1.6593299921035767, Val_Err = 46.25
Epoch: [16 | 200]
Phase:train -- Batch_idx:100/391 -- 246.65 samples/sec-- Loss:0.97 -- Error1:28.81
Phase:train -- Batch_idx:200/391 -- 247.17 samples/sec-- Loss:1.05 -- Error1:31.38
Phase:train -- Batch_idx:300/391 -- 247.34 samples/sec-- Loss:1.10 -- Error1:32.53
Train_Loss = 1.1266618040847778, Train_Err = 33.25
Val_Loss = 1.803647219467163, Val_Err = 48.19
Epoch: [17 | 200]
Phase:train -- Batch_idx:100/391 -- 246.52 samples/sec-- Loss:0.96 -- Error1:28.77
Phase:train -- Batch_idx:200/391 -- 247.09 samples/sec-- Loss:1.02 -- Error1:30.58
Phase:train -- Batch_idx:300/391 -- 247.29 samples/sec-- Loss:1.07 -- Error1:31.84
Train_Loss = 1.0945083701324463, Train_Err = 32.352
Val_Loss = 1.6542694709777832, Val_Err = 45.7
Epoch: [18 | 200]
Phase:train -- Batch_idx:100/391 -- 246.46 samples/sec-- Loss:0.87 -- Error1:26.23
Phase:train -- Batch_idx:200/391 -- 247.08 samples/sec-- Loss:0.96 -- Error1:28.90
Phase:train -- Batch_idx:300/391 -- 247.27 samples/sec-- Loss:1.01 -- Error1:30.27
Train_Loss = 1.039801731262207, Train_Err = 31.01
Val_Loss = 1.63614841632843, Val_Err = 44.45
Epoch: [19 | 200]
Phase:train -- Batch_idx:100/391 -- 246.47 samples/sec-- Loss:0.84 -- Error1:25.55
Phase:train -- Batch_idx:200/391 -- 247.08 samples/sec-- Loss:0.92 -- Error1:27.59
Phase:train -- Batch_idx:300/391 -- 247.29 samples/sec-- Loss:0.96 -- Error1:28.91
Train_Loss = 1.0002818082809448, Train_Err = 29.834
Val_Loss = 1.657588092803955, Val_Err = 44.72
Epoch: [20 | 200]
Phase:train -- Batch_idx:100/391 -- 246.55 samples/sec-- Loss:0.82 -- Error1:24.82
Phase:train -- Batch_idx:200/391 -- 247.12 samples/sec-- Loss:0.88 -- Error1:26.74
Phase:train -- Batch_idx:300/391 -- 247.32 samples/sec-- Loss:0.93 -- Error1:27.96
Train_Loss = 0.9621390085601806, Train_Err = 28.924
Val_Loss = 1.6994847528457642, Val_Err = 45.56
Epoch: [21 | 200]
Phase:train -- Batch_idx:100/391 -- 246.53 samples/sec-- Loss:0.78 -- Error1:23.99
Phase:train -- Batch_idx:200/391 -- 247.11 samples/sec-- Loss:0.85 -- Error1:25.64
Phase:train -- Batch_idx:300/391 -- 247.31 samples/sec-- Loss:0.89 -- Error1:27.00
Train_Loss = 0.9268334098434449, Train_Err = 27.892
Val_Loss = 1.7128292652130126, Val_Err = 46.3
Epoch: [22 | 200]
Phase:train -- Batch_idx:100/391 -- 246.54 samples/sec-- Loss:0.74 -- Error1:22.79
Phase:train -- Batch_idx:200/391 -- 247.16 samples/sec-- Loss:0.82 -- Error1:24.80
Phase:train -- Batch_idx:300/391 -- 247.36 samples/sec-- Loss:0.87 -- Error1:26.29
Train_Loss = 0.9107242039680481, Train_Err = 27.33
Val_Loss = 1.6555809585571288, Val_Err = 44.04
Epoch: [23 | 200]
Phase:train -- Batch_idx:100/391 -- 246.52 samples/sec-- Loss:0.73 -- Error1:21.95
Phase:train -- Batch_idx:200/391 -- 247.12 samples/sec-- Loss:0.79 -- Error1:24.03
Phase:train -- Batch_idx:300/391 -- 247.32 samples/sec-- Loss:0.84 -- Error1:25.41
Train_Loss = 0.8806255586624145, Train_Err = 26.514
Val_Loss = 1.6756505681991578, Val_Err = 44.66
Epoch: [24 | 200]
Phase:train -- Batch_idx:100/391 -- 246.59 samples/sec-- Loss:0.70 -- Error1:21.52
Phase:train -- Batch_idx:200/391 -- 247.16 samples/sec-- Loss:0.78 -- Error1:23.91
Phase:train -- Batch_idx:300/391 -- 247.34 samples/sec-- Loss:0.83 -- Error1:25.19
Train_Loss = 0.8552691160202026, Train_Err = 25.996
Val_Loss = 1.6335286716461181, Val_Err = 43.34
Epoch: [25 | 200]
Phase:train -- Batch_idx:100/391 -- 246.31 samples/sec-- Loss:0.68 -- Error1:20.24
Phase:train -- Batch_idx:200/391 -- 247.01 samples/sec-- Loss:0.74 -- Error1:22.30
Phase:train -- Batch_idx:300/391 -- 247.24 samples/sec-- Loss:0.80 -- Error1:24.18
Train_Loss = 0.8373355832672119, Train_Err = 25.092
Val_Loss = 1.7455268251419067, Val_Err = 45.96
Epoch: [26 | 200]
Phase:train -- Batch_idx:100/391 -- 246.52 samples/sec-- Loss:0.67 -- Error1:20.42
Phase:train -- Batch_idx:200/391 -- 247.09 samples/sec-- Loss:0.72 -- Error1:21.94
Phase:train -- Batch_idx:300/391 -- 247.29 samples/sec-- Loss:0.78 -- Error1:23.65
Train_Loss = 0.8208632624053955, Train_Err = 24.86
Val_Loss = 1.766867535018921, Val_Err = 46.03
Epoch: [27 | 200]
Phase:train -- Batch_idx:100/391 -- 246.48 samples/sec-- Loss:0.64 -- Error1:19.75
Phase:train -- Batch_idx:200/391 -- 247.07 samples/sec-- Loss:0.72 -- Error1:21.84
Phase:train -- Batch_idx:300/391 -- 247.27 samples/sec-- Loss:0.77 -- Error1:23.33
Train_Loss = 0.8040258233451844, Train_Err = 24.324
Val_Loss = 1.760603190612793, Val_Err = 45.13
Epoch: [28 | 200]
Phase:train -- Batch_idx:100/391 -- 246.56 samples/sec-- Loss:0.63 -- Error1:19.17
Phase:train -- Batch_idx:200/391 -- 247.14 samples/sec-- Loss:0.69 -- Error1:21.16
Phase:train -- Batch_idx:300/391 -- 247.34 samples/sec-- Loss:0.75 -- Error1:22.74
Train_Loss = 0.8006800434494018, Train_Err = 24.158
Val_Loss = 1.712066584777832, Val_Err = 45.09
Epoch: [29 | 200]
Phase:train -- Batch_idx:100/391 -- 246.62 samples/sec-- Loss:0.63 -- Error1:19.29
Phase:train -- Batch_idx:200/391 -- 247.18 samples/sec-- Loss:0.69 -- Error1:21.00
Phase:train -- Batch_idx:300/391 -- 247.36 samples/sec-- Loss:0.73 -- Error1:22.11
Train_Loss = 0.7664385623931885, Train_Err = 23.024
Val_Loss = 1.661512990951538, Val_Err = 43.84
Epoch: [30 | 200]
Phase:train -- Batch_idx:100/391 -- 246.71 samples/sec-- Loss:0.62 -- Error1:18.82
Phase:train -- Batch_idx:200/391 -- 247.21 samples/sec-- Loss:0.69 -- Error1:20.77
Phase:train -- Batch_idx:300/391 -- 247.38 samples/sec-- Loss:0.74 -- Error1:22.34
Train_Loss = 0.7766475686836243, Train_Err = 23.494
Val_Loss = 1.7935494812011719, Val_Err = 45.93
Epoch: [31 | 200]
Phase:train -- Batch_idx:100/391 -- 246.45 samples/sec-- Loss:0.61 -- Error1:18.30
Phase:train -- Batch_idx:200/391 -- 247.07 samples/sec-- Loss:0.65 -- Error1:19.53
Phase:train -- Batch_idx:300/391 -- 247.29 samples/sec-- Loss:0.71 -- Error1:21.53
Train_Loss = 0.7510278547668457, Train_Err = 22.808
Val_Loss = 1.7209569805145264, Val_Err = 45.01
Epoch: [32 | 200]
Phase:train -- Batch_idx:100/391 -- 246.54 samples/sec-- Loss:0.60 -- Error1:18.09
Phase:train -- Batch_idx:200/391 -- 247.11 samples/sec-- Loss:0.65 -- Error1:19.82
Phase:train -- Batch_idx:300/391 -- 247.30 samples/sec-- Loss:0.71 -- Error1:21.49
Train_Loss = 0.7430725638198853, Train_Err = 22.576
Val_Loss = 1.9204171451568604, Val_Err = 48.51
Epoch: [33 | 200]
Phase:train -- Batch_idx:100/391 -- 246.48 samples/sec-- Loss:0.63 -- Error1:19.05
Phase:train -- Batch_idx:200/391 -- 247.07 samples/sec-- Loss:0.68 -- Error1:20.45
Phase:train -- Batch_idx:300/391 -- 247.27 samples/sec-- Loss:0.72 -- Error1:21.65
Train_Loss = 0.7531558478164673, Train_Err = 22.726
Val_Loss = 1.8210994890213013, Val_Err = 46.37
Epoch: [34 | 200]
Phase:train -- Batch_idx:100/391 -- 246.51 samples/sec-- Loss:0.58 -- Error1:17.37
Phase:train -- Batch_idx:200/391 -- 247.10 samples/sec-- Loss:0.64 -- Error1:19.30
Phase:train -- Batch_idx:300/391 -- 247.29 samples/sec-- Loss:0.70 -- Error1:21.19
Train_Loss = 0.7323557300186158, Train_Err = 22.094
Val_Loss = 1.6228126777648926, Val_Err = 42.6
Epoch: [35 | 200]
Phase:train -- Batch_idx:100/391 -- 246.55 samples/sec-- Loss:0.59 -- Error1:18.02
Phase:train -- Batch_idx:200/391 -- 247.15 samples/sec-- Loss:0.63 -- Error1:19.00
Phase:train -- Batch_idx:300/391 -- 247.35 samples/sec-- Loss:0.68 -- Error1:20.71
Train_Loss = 0.7252576837921143, Train_Err = 21.946
Val_Loss = 1.7438233791351319, Val_Err = 44.83
Epoch: [36 | 200]
Phase:train -- Batch_idx:100/391 -- 246.64 samples/sec-- Loss:0.56 -- Error1:16.51
Phase:train -- Batch_idx:200/391 -- 247.20 samples/sec-- Loss:0.61 -- Error1:18.43
Phase:train -- Batch_idx:300/391 -- 247.38 samples/sec-- Loss:0.67 -- Error1:20.19
Train_Loss = 0.712089937210083, Train_Err = 21.468
Val_Loss = 1.7730083730697632, Val_Err = 45.48
Epoch: [37 | 200]
Phase:train -- Batch_idx:100/391 -- 246.58 samples/sec-- Loss:0.57 -- Error1:16.94
Phase:train -- Batch_idx:200/391 -- 247.15 samples/sec-- Loss:0.61 -- Error1:18.33
Phase:train -- Batch_idx:300/391 -- 247.34 samples/sec-- Loss:0.66 -- Error1:20.15
Train_Loss = 0.7057473185920715, Train_Err = 21.304
Val_Loss = 1.6404190504074097, Val_Err = 42.83
Epoch: [38 | 200]
Phase:train -- Batch_idx:100/391 -- 246.66 samples/sec-- Loss:0.54 -- Error1:15.85
Phase:train -- Batch_idx:200/391 -- 247.19 samples/sec-- Loss:0.60 -- Error1:17.92
Phase:train -- Batch_idx:300/391 -- 247.38 samples/sec-- Loss:0.67 -- Error1:20.17
Train_Loss = 0.7110030283737183, Train_Err = 21.488
Val_Loss = 1.6672426246643066, Val_Err = 43.75
Epoch: [39 | 200]
Phase:train -- Batch_idx:100/391 -- 246.63 samples/sec-- Loss:0.56 -- Error1:16.37
Phase:train -- Batch_idx:200/391 -- 247.17 samples/sec-- Loss:0.62 -- Error1:18.48
Phase:train -- Batch_idx:300/391 -- 247.36 samples/sec-- Loss:0.67 -- Error1:19.98
Train_Loss = 0.7046137865447998, Train_Err = 21.102
Val_Loss = 1.7351661632537843, Val_Err = 44.95
Epoch: [40 | 200]
Phase:train -- Batch_idx:100/391 -- 246.58 samples/sec-- Loss:0.53 -- Error1:16.20
Phase:train -- Batch_idx:200/391 -- 247.18 samples/sec-- Loss:0.58 -- Error1:17.83
Phase:train -- Batch_idx:300/391 -- 247.37 samples/sec-- Loss:0.64 -- Error1:19.56
Train_Loss = 0.6852864275169372, Train_Err = 20.792
Val_Loss = 1.6713330024719237, Val_Err = 44.43
Epoch: [41 | 200]
Phase:train -- Batch_idx:100/391 -- 246.61 samples/sec-- Loss:0.57 -- Error1:17.25
Phase:train -- Batch_idx:200/391 -- 247.18 samples/sec-- Loss:0.61 -- Error1:18.42
Phase:train -- Batch_idx:300/391 -- 247.37 samples/sec-- Loss:0.66 -- Error1:19.96
Train_Loss = 0.6996835367774963, Train_Err = 21.284
Val_Loss = 1.6799612625122071, Val_Err = 43.25
Epoch: [42 | 200]
Phase:train -- Batch_idx:100/391 -- 246.57 samples/sec-- Loss:0.53 -- Error1:16.05
Phase:train -- Batch_idx:200/391 -- 247.18 samples/sec-- Loss:0.58 -- Error1:17.46
Phase:train -- Batch_idx:300/391 -- 247.38 samples/sec-- Loss:0.65 -- Error1:19.39
Train_Loss = 0.6830789046478272, Train_Err = 20.518
Val_Loss = 1.7488060194015502, Val_Err = 44.27
Epoch: [43 | 200]
Phase:train -- Batch_idx:100/391 -- 246.64 samples/sec-- Loss:0.53 -- Error1:15.91
Phase:train -- Batch_idx:200/391 -- 247.20 samples/sec-- Loss:0.58 -- Error1:17.44
Phase:train -- Batch_idx:300/391 -- 247.38 samples/sec-- Loss:0.64 -- Error1:19.06
Train_Loss = 0.6826540146446228, Train_Err = 20.568
Val_Loss = 1.945993170928955, Val_Err = 48.32
Epoch: [44 | 200]
Phase:train -- Batch_idx:100/391 -- 246.63 samples/sec-- Loss:0.51 -- Error1:15.80
Phase:train -- Batch_idx:200/391 -- 247.19 samples/sec-- Loss:0.56 -- Error1:17.09
Phase:train -- Batch_idx:300/391 -- 247.37 samples/sec-- Loss:0.62 -- Error1:18.83
Train_Loss = 0.6615293948745727, Train_Err = 20.068
Val_Loss = 1.7020199508666993, Val_Err = 44.12
Epoch: [45 | 200]
Phase:train -- Batch_idx:100/391 -- 246.62 samples/sec-- Loss:0.53 -- Error1:15.88
Phase:train -- Batch_idx:200/391 -- 247.19 samples/sec-- Loss:0.59 -- Error1:17.73
Phase:train -- Batch_idx:300/391 -- 247.39 samples/sec-- Loss:0.64 -- Error1:19.26
Train_Loss = 0.68005227684021, Train_Err = 20.45
Val_Loss = 1.7821797355651856, Val_Err = 45.32
Epoch: [46 | 200]
Phase:train -- Batch_idx:100/391 -- 246.63 samples/sec-- Loss:0.54 -- Error1:16.42
Phase:train -- Batch_idx:200/391 -- 247.19 samples/sec-- Loss:0.59 -- Error1:17.92
Phase:train -- Batch_idx:300/391 -- 247.38 samples/sec-- Loss:0.64 -- Error1:19.43
Train_Loss = 0.6812321740341186, Train_Err = 20.542
Val_Loss = 1.733377913093567, Val_Err = 44.98
Epoch: [47 | 200]
Phase:train -- Batch_idx:100/391 -- 246.59 samples/sec-- Loss:0.52 -- Error1:15.85
Phase:train -- Batch_idx:200/391 -- 247.17 samples/sec-- Loss:0.57 -- Error1:17.38
Phase:train -- Batch_idx:300/391 -- 247.38 samples/sec-- Loss:0.63 -- Error1:19.04
Train_Loss = 0.6664094666481019, Train_Err = 20.124
Val_Loss = 1.7362652305603028, Val_Err = 44.64
Epoch: [48 | 200]
Phase:train -- Batch_idx:100/391 -- 246.62 samples/sec-- Loss:0.52 -- Error1:15.82
Phase:train -- Batch_idx:200/391 -- 247.20 samples/sec-- Loss:0.57 -- Error1:17.26
Phase:train -- Batch_idx:300/391 -- 247.39 samples/sec-- Loss:0.63 -- Error1:19.00
Train_Loss = 0.6667251701545716, Train_Err = 20.118
Val_Loss = 1.676757835960388, Val_Err = 43.83
Epoch: [49 | 200]
Phase:train -- Batch_idx:100/391 -- 246.71 samples/sec-- Loss:0.53 -- Error1:16.08
Phase:train -- Batch_idx:200/391 -- 247.25 samples/sec-- Loss:0.57 -- Error1:17.20
Phase:train -- Batch_idx:300/391 -- 247.45 samples/sec-- Loss:0.63 -- Error1:18.99
Train_Loss = 0.6647691822052002, Train_Err = 20.116
Val_Loss = 1.6878967060089112, Val_Err = 42.51
Epoch: [50 | 200]
Phase:train -- Batch_idx:100/391 -- 246.54 samples/sec-- Loss:0.51 -- Error1:15.47
Phase:train -- Batch_idx:200/391 -- 247.17 samples/sec-- Loss:0.56 -- Error1:16.98
Phase:train -- Batch_idx:300/391 -- 247.37 samples/sec-- Loss:0.62 -- Error1:18.63
Train_Loss = 0.6582598544311523, Train_Err = 19.916
Val_Loss = 1.6555822999954224, Val_Err = 43.13
Epoch: [51 | 200]
Phase:train -- Batch_idx:100/391 -- 246.76 samples/sec-- Loss:0.49 -- Error1:14.77
Phase:train -- Batch_idx:200/391 -- 247.29 samples/sec-- Loss:0.56 -- Error1:16.55
Phase:train -- Batch_idx:300/391 -- 247.47 samples/sec-- Loss:0.61 -- Error1:18.35
Train_Loss = 0.6610980401229858, Train_Err = 19.738
Val_Loss = 1.7761778181076049, Val_Err = 44.95
Epoch: [52 | 200]
Phase:train -- Batch_idx:100/391 -- 246.65 samples/sec-- Loss:0.51 -- Error1:15.17
Phase:train -- Batch_idx:200/391 -- 247.23 samples/sec-- Loss:0.55 -- Error1:16.48
Phase:train -- Batch_idx:300/391 -- 247.44 samples/sec-- Loss:0.61 -- Error1:18.19
Train_Loss = 0.653571927947998, Train_Err = 19.606
Val_Loss = 1.8485205966949463, Val_Err = 45.76
Epoch: [53 | 200]
Phase:train -- Batch_idx:100/391 -- 246.74 samples/sec-- Loss:0.47 -- Error1:13.88
Phase:train -- Batch_idx:200/391 -- 247.30 samples/sec-- Loss:0.53 -- Error1:16.00
Phase:train -- Batch_idx:300/391 -- 247.46 samples/sec-- Loss:0.60 -- Error1:18.23
Train_Loss = 0.6463439123916626, Train_Err = 19.602
Val_Loss = 1.7917228342056275, Val_Err = 45.32
Epoch: [54 | 200]
Phase:train -- Batch_idx:100/391 -- 246.61 samples/sec-- Loss:0.51 -- Error1:15.43
Phase:train -- Batch_idx:200/391 -- 247.22 samples/sec-- Loss:0.56 -- Error1:16.82
Phase:train -- Batch_idx:300/391 -- 247.43 samples/sec-- Loss:0.62 -- Error1:18.67
Train_Loss = 0.6588411191177368, Train_Err = 19.788
Val_Loss = 1.6927816970825196, Val_Err = 43.81
Epoch: [55 | 200]
Phase:train -- Batch_idx:100/391 -- 246.69 samples/sec-- Loss:0.49 -- Error1:14.84
Phase:train -- Batch_idx:200/391 -- 247.26 samples/sec-- Loss:0.56 -- Error1:16.95
Phase:train -- Batch_idx:300/391 -- 247.43 samples/sec-- Loss:0.61 -- Error1:18.52
Train_Loss = 0.6533930039787292, Train_Err = 19.642
Val_Loss = 1.7159555246353149, Val_Err = 43.6
Epoch: [56 | 200]
Phase:train -- Batch_idx:100/391 -- 246.65 samples/sec-- Loss:0.49 -- Error1:14.53
Phase:train -- Batch_idx:200/391 -- 247.23 samples/sec-- Loss:0.55 -- Error1:16.55
Phase:train -- Batch_idx:300/391 -- 247.42 samples/sec-- Loss:0.61 -- Error1:18.37
Train_Loss = 0.6525285670852661, Train_Err = 19.64
Val_Loss = 1.7831088947296143, Val_Err = 44.87
Epoch: [57 | 200]
Phase:train -- Batch_idx:100/391 -- 246.67 samples/sec-- Loss:0.51 -- Error1:15.10
Phase:train -- Batch_idx:200/391 -- 247.25 samples/sec-- Loss:0.54 -- Error1:16.31
Phase:train -- Batch_idx:300/391 -- 247.45 samples/sec-- Loss:0.59 -- Error1:17.81
Train_Loss = 0.634277685508728, Train_Err = 19.146
Val_Loss = 1.7063657426834107, Val_Err = 43.81
Epoch: [58 | 200]
Phase:train -- Batch_idx:100/391 -- 246.70 samples/sec-- Loss:0.49 -- Error1:14.60
Phase:train -- Batch_idx:200/391 -- 247.28 samples/sec-- Loss:0.55 -- Error1:16.45
Phase:train -- Batch_idx:300/391 -- 247.46 samples/sec-- Loss:0.61 -- Error1:18.23
Train_Loss = 0.647431293334961, Train_Err = 19.55
Val_Loss = 1.7495087265014648, Val_Err = 43.96
Epoch: [59 | 200]
Phase:train -- Batch_idx:100/391 -- 246.62 samples/sec-- Loss:0.49 -- Error1:14.57
Phase:train -- Batch_idx:200/391 -- 247.23 samples/sec-- Loss:0.54 -- Error1:16.14
Phase:train -- Batch_idx:300/391 -- 247.43 samples/sec-- Loss:0.59 -- Error1:17.86
Train_Loss = 0.6361576343917846, Train_Err = 19.152
Val_Loss = 1.6750215011596679, Val_Err = 42.94
Epoch: [60 | 200]
Phase:train -- Batch_idx:100/391 -- 246.60 samples/sec-- Loss:0.49 -- Error1:14.92
Phase:train -- Batch_idx:200/391 -- 247.14 samples/sec-- Loss:0.55 -- Error1:16.46
Phase:train -- Batch_idx:300/391 -- 247.31 samples/sec-- Loss:0.60 -- Error1:18.05
Train_Loss = 0.6364145876502991, Train_Err = 19.166
Val_Loss = 1.7534870485305787, Val_Err = 44.34
Epoch: [61 | 200]
Phase:train -- Batch_idx:100/391 -- 246.49 samples/sec-- Loss:0.53 -- Error1:15.99
Phase:train -- Batch_idx:200/391 -- 247.07 samples/sec-- Loss:0.56 -- Error1:16.68
Phase:train -- Batch_idx:300/391 -- 247.28 samples/sec-- Loss:0.61 -- Error1:18.16
Train_Loss = 0.6426018969345093, Train_Err = 19.172
Val_Loss = 1.6518252639770508, Val_Err = 43.43
Epoch: [62 | 200]
Phase:train -- Batch_idx:100/391 -- 246.67 samples/sec-- Loss:0.49 -- Error1:14.61
Phase:train -- Batch_idx:200/391 -- 247.23 samples/sec-- Loss:0.54 -- Error1:16.32
Phase:train -- Batch_idx:300/391 -- 247.42 samples/sec-- Loss:0.60 -- Error1:18.12
Train_Loss = 0.6346077518081665, Train_Err = 19.15
Val_Loss = 1.7426421409606934, Val_Err = 43.43
Epoch: [63 | 200]
Phase:train -- Batch_idx:100/391 -- 246.66 samples/sec-- Loss:0.50 -- Error1:14.97
Phase:train -- Batch_idx:200/391 -- 247.22 samples/sec-- Loss:0.54 -- Error1:16.06
Phase:train -- Batch_idx:300/391 -- 247.41 samples/sec-- Loss:0.59 -- Error1:17.76
Train_Loss = 0.6354992365837098, Train_Err = 19.08
Val_Loss = 1.807035887527466, Val_Err = 44.79
Epoch: [64 | 200]
Phase:train -- Batch_idx:100/391 -- 246.68 samples/sec-- Loss:0.49 -- Error1:14.45
Phase:train -- Batch_idx:200/391 -- 247.22 samples/sec-- Loss:0.54 -- Error1:16.35
Phase:train -- Batch_idx:300/391 -- 247.41 samples/sec-- Loss:0.60 -- Error1:17.96
Train_Loss = 0.6456074367523194, Train_Err = 19.404
Val_Loss = 1.7828336057662963, Val_Err = 44.89
Epoch: [65 | 200]
Phase:train -- Batch_idx:100/391 -- 246.65 samples/sec-- Loss:0.50 -- Error1:14.91
Phase:train -- Batch_idx:200/391 -- 247.22 samples/sec-- Loss:0.54 -- Error1:16.24
Phase:train -- Batch_idx:300/391 -- 247.41 samples/sec-- Loss:0.59 -- Error1:17.77
Train_Loss = 0.6367433532905579, Train_Err = 19.12
Val_Loss = 1.8584545875549316, Val_Err = 45.13
Epoch: [66 | 200]
Phase:train -- Batch_idx:100/391 -- 246.65 samples/sec-- Loss:0.49 -- Error1:14.80
Phase:train -- Batch_idx:200/391 -- 247.23 samples/sec-- Loss:0.54 -- Error1:16.16
Phase:train -- Batch_idx:300/391 -- 247.41 samples/sec-- Loss:0.60 -- Error1:18.05
Train_Loss = 0.6329672346878051, Train_Err = 18.95
Val_Loss = 1.7333205309867858, Val_Err = 43.63
Epoch: [67 | 200]
Phase:train -- Batch_idx:100/391 -- 246.59 samples/sec-- Loss:0.51 -- Error1:15.37
Phase:train -- Batch_idx:200/391 -- 247.18 samples/sec-- Loss:0.52 -- Error1:15.61
Phase:train -- Batch_idx:300/391 -- 247.39 samples/sec-- Loss:0.59 -- Error1:17.59
Train_Loss = 0.6247749092292786, Train_Err = 18.794
Val_Loss = 1.7051978366851808, Val_Err = 43.17
Epoch: [68 | 200]
Phase:train -- Batch_idx:100/391 -- 246.67 samples/sec-- Loss:0.48 -- Error1:14.48
Phase:train -- Batch_idx:200/391 -- 247.23 samples/sec-- Loss:0.53 -- Error1:16.17
Phase:train -- Batch_idx:300/391 -- 247.43 samples/sec-- Loss:0.59 -- Error1:17.76
Train_Loss = 0.6284115321922302, Train_Err = 18.86
Val_Loss = 1.7680218914031982, Val_Err = 44.15
Epoch: [69 | 200]
Phase:train -- Batch_idx:100/391 -- 246.61 samples/sec-- Loss:0.50 -- Error1:14.85
Phase:train -- Batch_idx:200/391 -- 247.21 samples/sec-- Loss:0.54 -- Error1:15.89
Phase:train -- Batch_idx:300/391 -- 247.41 samples/sec-- Loss:0.59 -- Error1:17.45
Train_Loss = 0.6224132983016968, Train_Err = 18.562
Val_Loss = 1.9460282999038696, Val_Err = 47.16
Epoch: [70 | 200]
Phase:train -- Batch_idx:100/391 -- 246.65 samples/sec-- Loss:0.51 -- Error1:15.22
Phase:train -- Batch_idx:200/391 -- 247.20 samples/sec-- Loss:0.54 -- Error1:16.16
Phase:train -- Batch_idx:300/391 -- 247.40 samples/sec-- Loss:0.60 -- Error1:17.84
Train_Loss = 0.6340827000427246, Train_Err = 19.032
Val_Loss = 1.737272889328003, Val_Err = 43.1
Epoch: [71 | 200]
Phase:train -- Batch_idx:100/391 -- 246.68 samples/sec-- Loss:0.48 -- Error1:14.31
Phase:train -- Batch_idx:200/391 -- 247.23 samples/sec-- Loss:0.53 -- Error1:15.88
Phase:train -- Batch_idx:300/391 -- 247.43 samples/sec-- Loss:0.58 -- Error1:17.53
Train_Loss = 0.6306681974983215, Train_Err = 18.922
Val_Loss = 1.7781592653274536, Val_Err = 44.93
Epoch: [72 | 200]
Phase:train -- Batch_idx:100/391 -- 246.61 samples/sec-- Loss:0.48 -- Error1:13.95
Phase:train -- Batch_idx:200/391 -- 247.20 samples/sec-- Loss:0.52 -- Error1:15.52
Phase:train -- Batch_idx:300/391 -- 247.38 samples/sec-- Loss:0.58 -- Error1:17.12
Train_Loss = 0.6241235709762574, Train_Err = 18.334
Val_Loss = 1.6809865953445435, Val_Err = 43.77
Epoch: [73 | 200]
Phase:train -- Batch_idx:100/391 -- 246.62 samples/sec-- Loss:0.49 -- Error1:14.40
Phase:train -- Batch_idx:200/391 -- 247.20 samples/sec-- Loss:0.53 -- Error1:15.65
Phase:train -- Batch_idx:300/391 -- 247.41 samples/sec-- Loss:0.58 -- Error1:17.20
Train_Loss = 0.6227922480010987, Train_Err = 18.488
Val_Loss = 1.7468592819213866, Val_Err = 43.78
Epoch: [74 | 200]
Phase:train -- Batch_idx:100/391 -- 246.67 samples/sec-- Loss:0.47 -- Error1:14.32
Phase:train -- Batch_idx:200/391 -- 247.24 samples/sec-- Loss:0.52 -- Error1:15.52
Phase:train -- Batch_idx:300/391 -- 247.43 samples/sec-- Loss:0.58 -- Error1:17.58
Train_Loss = 0.617230726852417, Train_Err = 18.594
Val_Loss = 1.7615416414260865, Val_Err = 43.67
Epoch: [75 | 200]
Phase:train -- Batch_idx:100/391 -- 246.61 samples/sec-- Loss:0.48 -- Error1:14.37
Phase:train -- Batch_idx:200/391 -- 247.20 samples/sec-- Loss:0.51 -- Error1:15.50
Phase:train -- Batch_idx:300/391 -- 247.40 samples/sec-- Loss:0.58 -- Error1:17.53
Train_Loss = 0.6256541410827636, Train_Err = 18.782
Val_Loss = 1.7349989965438843, Val_Err = 43.86
Epoch: [76 | 200]
Phase:train -- Batch_idx:100/391 -- 246.70 samples/sec-- Loss:0.48 -- Error1:14.35
Phase:train -- Batch_idx:200/391 -- 247.27 samples/sec-- Loss:0.52 -- Error1:15.61
Phase:train -- Batch_idx:300/391 -- 247.45 samples/sec-- Loss:0.58 -- Error1:17.46
Train_Loss = 0.6187880069351196, Train_Err = 18.69
Val_Loss = 1.783515483856201, Val_Err = 44.61
Epoch: [77 | 200]
Phase:train -- Batch_idx:100/391 -- 246.72 samples/sec-- Loss:0.47 -- Error1:13.87
Phase:train -- Batch_idx:200/391 -- 247.26 samples/sec-- Loss:0.52 -- Error1:15.25
Phase:train -- Batch_idx:300/391 -- 247.43 samples/sec-- Loss:0.57 -- Error1:16.80
Train_Loss = 0.6194963953590393, Train_Err = 18.358
Val_Loss = 1.7986908294677735, Val_Err = 45.45
Epoch: [78 | 200]
Phase:train -- Batch_idx:100/391 -- 246.54 samples/sec-- Loss:0.48 -- Error1:13.95
Phase:train -- Batch_idx:200/391 -- 247.17 samples/sec-- Loss:0.51 -- Error1:15.23
Phase:train -- Batch_idx:300/391 -- 247.38 samples/sec-- Loss:0.57 -- Error1:17.22
Train_Loss = 0.6150483571434021, Train_Err = 18.488
Val_Loss = 1.8750642597198486, Val_Err = 45.88
Epoch: [79 | 200]
Phase:train -- Batch_idx:100/391 -- 246.66 samples/sec-- Loss:0.47 -- Error1:13.82
Phase:train -- Batch_idx:200/391 -- 247.24 samples/sec-- Loss:0.50 -- Error1:15.10
Phase:train -- Batch_idx:300/391 -- 247.42 samples/sec-- Loss:0.57 -- Error1:17.02
Train_Loss = 0.6220448569488526, Train_Err = 18.63
Val_Loss = 1.727040927696228, Val_Err = 44.14
Epoch: [80 | 200]
Phase:train -- Batch_idx:100/391 -- 246.72 samples/sec-- Loss:0.49 -- Error1:14.03
Phase:train -- Batch_idx:200/391 -- 247.26 samples/sec-- Loss:0.52 -- Error1:15.08
Phase:train -- Batch_idx:300/391 -- 247.44 samples/sec-- Loss:0.57 -- Error1:16.83
Train_Loss = 0.613201072101593, Train_Err = 18.142
Val_Loss = 1.869569945526123, Val_Err = 46.38
Epoch: [81 | 200]
Phase:train -- Batch_idx:100/391 -- 246.60 samples/sec-- Loss:0.48 -- Error1:14.66
Phase:train -- Batch_idx:200/391 -- 247.19 samples/sec-- Loss:0.53 -- Error1:16.15
Phase:train -- Batch_idx:300/391 -- 247.39 samples/sec-- Loss:0.59 -- Error1:17.74
Train_Loss = 0.6239002799224853, Train_Err = 18.76
Val_Loss = 1.789465093421936, Val_Err = 44.57
Epoch: [82 | 200]
Phase:train -- Batch_idx:100/391 -- 246.69 samples/sec-- Loss:0.47 -- Error1:13.66
Phase:train -- Batch_idx:200/391 -- 247.25 samples/sec-- Loss:0.52 -- Error1:15.48
Phase:train -- Batch_idx:300/391 -- 247.44 samples/sec-- Loss:0.58 -- Error1:17.20
Train_Loss = 0.6178412326431274, Train_Err = 18.39
Val_Loss = 1.7696734790802002, Val_Err = 44.59
Epoch: [83 | 200]
Phase:train -- Batch_idx:100/391 -- 246.56 samples/sec-- Loss:0.47 -- Error1:13.80
Phase:train -- Batch_idx:200/391 -- 247.19 samples/sec-- Loss:0.52 -- Error1:15.37
Phase:train -- Batch_idx:300/391 -- 247.40 samples/sec-- Loss:0.57 -- Error1:16.93
Train_Loss = 0.6050500840950013, Train_Err = 18.114
Val_Loss = 1.849200632095337, Val_Err = 45.32
Epoch: [84 | 200]
Phase:train -- Batch_idx:100/391 -- 246.71 samples/sec-- Loss:0.49 -- Error1:14.57
Phase:train -- Batch_idx:200/391 -- 247.25 samples/sec-- Loss:0.53 -- Error1:16.13
Phase:train -- Batch_idx:300/391 -- 247.44 samples/sec-- Loss:0.58 -- Error1:17.59
Train_Loss = 0.621717488231659, Train_Err = 18.706
Val_Loss = 1.8728705793380738, Val_Err = 46.51
Epoch: [85 | 200]
Phase:train -- Batch_idx:100/391 -- 246.63 samples/sec-- Loss:0.48 -- Error1:14.05
Phase:train -- Batch_idx:200/391 -- 247.22 samples/sec-- Loss:0.51 -- Error1:15.29
Phase:train -- Batch_idx:300/391 -- 247.41 samples/sec-- Loss:0.57 -- Error1:17.07
Train_Loss = 0.6127438935279846, Train_Err = 18.24
Val_Loss = 1.7408192659378052, Val_Err = 44.53
Epoch: [86 | 200]
Phase:train -- Batch_idx:100/391 -- 246.70 samples/sec-- Loss:0.46 -- Error1:13.79
Phase:train -- Batch_idx:200/391 -- 247.27 samples/sec-- Loss:0.50 -- Error1:15.06
Phase:train -- Batch_idx:300/391 -- 247.45 samples/sec-- Loss:0.56 -- Error1:16.90
Train_Loss = 0.6043267015075684, Train_Err = 18.11
Val_Loss = 1.7278016300201415, Val_Err = 43.82
Epoch: [87 | 200]
Phase:train -- Batch_idx:100/391 -- 246.70 samples/sec-- Loss:0.48 -- Error1:14.55
Phase:train -- Batch_idx:200/391 -- 247.25 samples/sec-- Loss:0.52 -- Error1:15.50
Phase:train -- Batch_idx:300/391 -- 247.44 samples/sec-- Loss:0.58 -- Error1:17.13
Train_Loss = 0.6179443670463562, Train_Err = 18.422
Val_Loss = 1.784146347618103, Val_Err = 45.05
Epoch: [88 | 200]
Phase:train -- Batch_idx:100/391 -- 246.60 samples/sec-- Loss:0.47 -- Error1:13.95
Phase:train -- Batch_idx:200/391 -- 247.20 samples/sec-- Loss:0.52 -- Error1:15.44
Phase:train -- Batch_idx:300/391 -- 247.41 samples/sec-- Loss:0.57 -- Error1:16.92
Train_Loss = 0.6097006483650208, Train_Err = 18.232
Val_Loss = 1.8733679235458374, Val_Err = 46.42
Epoch: [89 | 200]
Phase:train -- Batch_idx:100/391 -- 246.70 samples/sec-- Loss:0.48 -- Error1:14.49
Phase:train -- Batch_idx:200/391 -- 247.26 samples/sec-- Loss:0.52 -- Error1:15.53
Phase:train -- Batch_idx:300/391 -- 247.45 samples/sec-- Loss:0.57 -- Error1:17.14
Train_Loss = 0.6093334812545776, Train_Err = 18.198
Val_Loss = 1.7309505420684814, Val_Err = 44.35
Epoch: [90 | 200]
Phase:train -- Batch_idx:100/391 -- 246.66 samples/sec-- Loss:0.48 -- Error1:14.16
Phase:train -- Batch_idx:200/391 -- 247.23 samples/sec-- Loss:0.50 -- Error1:15.22
Phase:train -- Batch_idx:300/391 -- 247.43 samples/sec-- Loss:0.56 -- Error1:16.88
Train_Loss = 0.6101968442726136, Train_Err = 18.262
Val_Loss = 1.8038077919006348, Val_Err = 44.85
Epoch: [91 | 200]
Phase:train -- Batch_idx:100/391 -- 246.68 samples/sec-- Loss:0.48 -- Error1:14.50
Phase:train -- Batch_idx:200/391 -- 247.25 samples/sec-- Loss:0.53 -- Error1:15.87
Phase:train -- Batch_idx:300/391 -- 247.44 samples/sec-- Loss:0.57 -- Error1:17.04
Train_Loss = 0.6108702544593811, Train_Err = 18.264
Val_Loss = 1.7471583557128907, Val_Err = 44.3
Epoch: [92 | 200]
Phase:train -- Batch_idx:100/391 -- 246.63 samples/sec-- Loss:0.47 -- Error1:13.94
Phase:train -- Batch_idx:200/391 -- 247.23 samples/sec-- Loss:0.49 -- Error1:14.84
Phase:train -- Batch_idx:300/391 -- 247.43 samples/sec-- Loss:0.56 -- Error1:16.89
Train_Loss = 0.5992477159118652, Train_Err = 17.978
Val_Loss = 1.7758778511047364, Val_Err = 43.55
Epoch: [93 | 200]
Phase:train -- Batch_idx:100/391 -- 246.54 samples/sec-- Loss:0.47 -- Error1:13.87
Phase:train -- Batch_idx:200/391 -- 247.16 samples/sec-- Loss:0.51 -- Error1:15.13
Phase:train -- Batch_idx:300/391 -- 247.39 samples/sec-- Loss:0.56 -- Error1:16.59
Train_Loss = 0.6018842719078064, Train_Err = 17.954
Val_Loss = 1.7975380807876586, Val_Err = 45.22
Epoch: [94 | 200]
Phase:train -- Batch_idx:100/391 -- 246.77 samples/sec-- Loss:0.48 -- Error1:14.16
Phase:train -- Batch_idx:200/391 -- 247.29 samples/sec-- Loss:0.52 -- Error1:15.68
Phase:train -- Batch_idx:300/391 -- 247.45 samples/sec-- Loss:0.57 -- Error1:17.18
Train_Loss = 0.6080309827804565, Train_Err = 18.208
Val_Loss = 1.6656813634872436, Val_Err = 42.87
Epoch: [95 | 200]
Phase:train -- Batch_idx:100/391 -- 246.68 samples/sec-- Loss:0.46 -- Error1:13.71
Phase:train -- Batch_idx:200/391 -- 247.25 samples/sec-- Loss:0.50 -- Error1:15.00
Phase:train -- Batch_idx:300/391 -- 247.45 samples/sec-- Loss:0.56 -- Error1:16.64
Train_Loss = 0.6068934011077881, Train_Err = 18.014
Val_Loss = 1.772641813659668, Val_Err = 44.3
Epoch: [96 | 200]
Phase:train -- Batch_idx:100/391 -- 246.68 samples/sec-- Loss:0.46 -- Error1:13.49
Phase:train -- Batch_idx:200/391 -- 247.26 samples/sec-- Loss:0.50 -- Error1:14.84
Phase:train -- Batch_idx:300/391 -- 247.44 samples/sec-- Loss:0.56 -- Error1:16.52
Train_Loss = 0.6019283515357972, Train_Err = 17.886
Val_Loss = 1.818724034500122, Val_Err = 45.19
Epoch: [97 | 200]
Phase:train -- Batch_idx:100/391 -- 246.65 samples/sec-- Loss:0.49 -- Error1:14.21
Phase:train -- Batch_idx:200/391 -- 247.23 samples/sec-- Loss:0.52 -- Error1:15.38
Phase:train -- Batch_idx:300/391 -- 247.43 samples/sec-- Loss:0.57 -- Error1:17.09
Train_Loss = 0.6067094006729126, Train_Err = 18.008
Val_Loss = 1.7970508100509643, Val_Err = 44.77
Epoch: [98 | 200]
Phase:train -- Batch_idx:100/391 -- 246.63 samples/sec-- Loss:0.48 -- Error1:14.41
Phase:train -- Batch_idx:200/391 -- 247.21 samples/sec-- Loss:0.51 -- Error1:15.13
Phase:train -- Batch_idx:300/391 -- 247.41 samples/sec-- Loss:0.57 -- Error1:16.95
Train_Loss = 0.6074970267868042, Train_Err = 18.132
Val_Loss = 1.7946322929382323, Val_Err = 44.4
Epoch: [99 | 200]
Phase:train -- Batch_idx:100/391 -- 246.64 samples/sec-- Loss:0.48 -- Error1:14.25
Phase:train -- Batch_idx:200/391 -- 247.23 samples/sec-- Loss:0.52 -- Error1:15.38
Phase:train -- Batch_idx:300/391 -- 247.42 samples/sec-- Loss:0.57 -- Error1:16.80
Train_Loss = 0.6047096818161011, Train_Err = 17.932
Val_Loss = 1.8436074768066406, Val_Err = 45.45
Epoch: [100 | 200]
Phase:train -- Batch_idx:100/391 -- 246.67 samples/sec-- Loss:0.31 -- Error1:8.56
Phase:train -- Batch_idx:200/391 -- 247.24 samples/sec-- Loss:0.25 -- Error1:6.84
Phase:train -- Batch_idx:300/391 -- 247.44 samples/sec-- Loss:0.22 -- Error1:5.89
Train_Loss = 0.19703443725585937, Train_Err = 5.328
Val_Loss = 1.2278859064102172, Val_Err = 32.75
Epoch: [101 | 200]
Phase:train -- Batch_idx:100/391 -- 246.47 samples/sec-- Loss:0.07 -- Error1:1.41
Phase:train -- Batch_idx:200/391 -- 247.05 samples/sec-- Loss:0.07 -- Error1:1.43
Phase:train -- Batch_idx:300/391 -- 247.26 samples/sec-- Loss:0.07 -- Error1:1.43
Train_Loss = 0.069166322016716, Train_Err = 1.452
Val_Loss = 1.2308951181411742, Val_Err = 32.58
Epoch: [102 | 200]
Phase:train -- Batch_idx:100/391 -- 246.59 samples/sec-- Loss:0.05 -- Error1:0.79
Phase:train -- Batch_idx:200/391 -- 247.20 samples/sec-- Loss:0.05 -- Error1:0.78
Phase:train -- Batch_idx:300/391 -- 247.40 samples/sec-- Loss:0.05 -- Error1:0.83
Train_Loss = 0.04677961567878723, Train_Err = 0.832
Val_Loss = 1.23997744846344, Val_Err = 32.37
Epoch: [103 | 200]
Phase:train -- Batch_idx:100/391 -- 246.59 samples/sec-- Loss:0.03 -- Error1:0.45
Phase:train -- Batch_idx:200/391 -- 247.23 samples/sec-- Loss:0.04 -- Error1:0.53
Phase:train -- Batch_idx:300/391 -- 247.42 samples/sec-- Loss:0.04 -- Error1:0.57
Train_Loss = 0.036090722177028654, Train_Err = 0.572
Val_Loss = 1.2484534160614014, Val_Err = 32.36
Epoch: [104 | 200]
Phase:train -- Batch_idx:100/391 -- 246.50 samples/sec-- Loss:0.03 -- Error1:0.40
Phase:train -- Batch_idx:200/391 -- 247.09 samples/sec-- Loss:0.03 -- Error1:0.45
Phase:train -- Batch_idx:300/391 -- 247.29 samples/sec-- Loss:0.03 -- Error1:0.43
Train_Loss = 0.030579209489822387, Train_Err = 0.448
Val_Loss = 1.2493795516967774, Val_Err = 32.35
Epoch: [105 | 200]
Phase:train -- Batch_idx:100/391 -- 246.42 samples/sec-- Loss:0.03 -- Error1:0.39
Phase:train -- Batch_idx:200/391 -- 247.08 samples/sec-- Loss:0.03 -- Error1:0.41
Phase:train -- Batch_idx:300/391 -- 247.27 samples/sec-- Loss:0.03 -- Error1:0.40
Train_Loss = 0.027143940760493278, Train_Err = 0.406
Val_Loss = 1.239806118965149, Val_Err = 32.09
Epoch: [106 | 200]
Phase:train -- Batch_idx:100/391 -- 246.52 samples/sec-- Loss:0.02 -- Error1:0.36
Phase:train -- Batch_idx:200/391 -- 247.11 samples/sec-- Loss:0.02 -- Error1:0.31
Phase:train -- Batch_idx:300/391 -- 247.32 samples/sec-- Loss:0.02 -- Error1:0.32
Train_Loss = 0.024418678879737855, Train_Err = 0.346
Val_Loss = 1.2422605068206787, Val_Err = 32.15
Epoch: [107 | 200]
Phase:train -- Batch_idx:100/391 -- 246.59 samples/sec-- Loss:0.02 -- Error1:0.45
Phase:train -- Batch_idx:200/391 -- 247.16 samples/sec-- Loss:0.02 -- Error1:0.34
Phase:train -- Batch_idx:300/391 -- 247.34 samples/sec-- Loss:0.02 -- Error1:0.30
Train_Loss = 0.022648855122327803, Train_Err = 0.298
Val_Loss = 1.2409727598190308, Val_Err = 32.05
Epoch: [108 | 200]
Phase:train -- Batch_idx:100/391 -- 246.43 samples/sec-- Loss:0.02 -- Error1:0.31
Phase:train -- Batch_idx:200/391 -- 247.08 samples/sec-- Loss:0.02 -- Error1:0.26
Phase:train -- Batch_idx:300/391 -- 247.32 samples/sec-- Loss:0.02 -- Error1:0.27
Train_Loss = 0.021103054106235503, Train_Err = 0.278
Val_Loss = 1.2396297567367554, Val_Err = 32.04
Epoch: [109 | 200]
Phase:train -- Batch_idx:100/391 -- 246.53 samples/sec-- Loss:0.02 -- Error1:0.23
Phase:train -- Batch_idx:200/391 -- 247.20 samples/sec-- Loss:0.02 -- Error1:0.20
Phase:train -- Batch_idx:300/391 -- 247.40 samples/sec-- Loss:0.02 -- Error1:0.22
Train_Loss = 0.019725365148186683, Train_Err = 0.22
Val_Loss = 1.2407725625991821, Val_Err = 32.25
Epoch: [110 | 200]
Phase:train -- Batch_idx:100/391 -- 246.68 samples/sec-- Loss:0.02 -- Error1:0.22
Phase:train -- Batch_idx:200/391 -- 247.25 samples/sec-- Loss:0.02 -- Error1:0.25
Phase:train -- Batch_idx:300/391 -- 247.45 samples/sec-- Loss:0.02 -- Error1:0.26
Train_Loss = 0.019670377744734287, Train_Err = 0.266
Val_Loss = 1.2353507806777955, Val_Err = 32.03
Epoch: [111 | 200]
Phase:train -- Batch_idx:100/391 -- 246.63 samples/sec-- Loss:0.02 -- Error1:0.26
Phase:train -- Batch_idx:200/391 -- 247.24 samples/sec-- Loss:0.02 -- Error1:0.22
Phase:train -- Batch_idx:300/391 -- 247.45 samples/sec-- Loss:0.02 -- Error1:0.22
Train_Loss = 0.018866143803596497, Train_Err = 0.222
Val_Loss = 1.2343806034088134, Val_Err = 31.96
Epoch: [112 | 200]
Phase:train -- Batch_idx:100/391 -- 246.65 samples/sec-- Loss:0.02 -- Error1:0.15
Phase:train -- Batch_idx:200/391 -- 247.26 samples/sec-- Loss:0.02 -- Error1:0.20
Phase:train -- Batch_idx:300/391 -- 247.46 samples/sec-- Loss:0.02 -- Error1:0.23
Train_Loss = 0.01876079374194145, Train_Err = 0.24
Val_Loss = 1.2309411890029907, Val_Err = 31.98
Epoch: [113 | 200]
Phase:train -- Batch_idx:100/391 -- 246.68 samples/sec-- Loss:0.02 -- Error1:0.23
Phase:train -- Batch_idx:200/391 -- 247.27 samples/sec-- Loss:0.02 -- Error1:0.23
Phase:train -- Batch_idx:300/391 -- 247.47 samples/sec-- Loss:0.02 -- Error1:0.23
Train_Loss = 0.018678405640125274, Train_Err = 0.232
Val_Loss = 1.232483177947998, Val_Err = 32.05
Epoch: [114 | 200]
Phase:train -- Batch_idx:100/391 -- 246.67 samples/sec-- Loss:0.02 -- Error1:0.20
Phase:train -- Batch_idx:200/391 -- 247.26 samples/sec-- Loss:0.02 -- Error1:0.24
Phase:train -- Batch_idx:300/391 -- 247.45 samples/sec-- Loss:0.02 -- Error1:0.24
Train_Loss = 0.018042261696457864, Train_Err = 0.224
Val_Loss = 1.2333205947875976, Val_Err = 32.02
Epoch: [115 | 200]
Phase:train -- Batch_idx:100/391 -- 246.71 samples/sec-- Loss:0.02 -- Error1:0.18
Phase:train -- Batch_idx:200/391 -- 247.29 samples/sec-- Loss:0.02 -- Error1:0.20
Phase:train -- Batch_idx:300/391 -- 247.48 samples/sec-- Loss:0.02 -- Error1:0.20
Train_Loss = 0.01721204908132553, Train_Err = 0.206
Val_Loss = 1.2313198261260987, Val_Err = 31.81
Epoch: [116 | 200]
Phase:train -- Batch_idx:100/391 -- 246.52 samples/sec-- Loss:0.02 -- Error1:0.15
Phase:train -- Batch_idx:200/391 -- 247.21 samples/sec-- Loss:0.02 -- Error1:0.14
Phase:train -- Batch_idx:300/391 -- 247.43 samples/sec-- Loss:0.02 -- Error1:0.16
Train_Loss = 0.017166229835748673, Train_Err = 0.188
Val_Loss = 1.2368289203643799, Val_Err = 32.13
Epoch: [117 | 200]
Phase:train -- Batch_idx:100/391 -- 246.74 samples/sec-- Loss:0.02 -- Error1:0.20
Phase:train -- Batch_idx:200/391 -- 247.31 samples/sec-- Loss:0.02 -- Error1:0.20
Phase:train -- Batch_idx:300/391 -- 247.50 samples/sec-- Loss:0.02 -- Error1:0.20
Train_Loss = 0.017622815814614296, Train_Err = 0.206
Val_Loss = 1.2287436975479127, Val_Err = 31.84
Epoch: [118 | 200]
Phase:train -- Batch_idx:100/391 -- 246.70 samples/sec-- Loss:0.02 -- Error1:0.16
Phase:train -- Batch_idx:200/391 -- 247.29 samples/sec-- Loss:0.02 -- Error1:0.20
Phase:train -- Batch_idx:300/391 -- 247.47 samples/sec-- Loss:0.02 -- Error1:0.18
Train_Loss = 0.01705185169786215, Train_Err = 0.196
Val_Loss = 1.2304872875213624, Val_Err = 32.0
Epoch: [119 | 200]
Phase:train -- Batch_idx:100/391 -- 246.72 samples/sec-- Loss:0.02 -- Error1:0.17
Phase:train -- Batch_idx:200/391 -- 247.27 samples/sec-- Loss:0.02 -- Error1:0.18
Phase:train -- Batch_idx:300/391 -- 247.47 samples/sec-- Loss:0.02 -- Error1:0.18
Train_Loss = 0.016693341400027276, Train_Err = 0.2
Val_Loss = 1.2299473970413208, Val_Err = 31.92
Epoch: [120 | 200]
Phase:train -- Batch_idx:100/391 -- 246.67 samples/sec-- Loss:0.02 -- Error1:0.18
Phase:train -- Batch_idx:200/391 -- 247.27 samples/sec-- Loss:0.02 -- Error1:0.18
Phase:train -- Batch_idx:300/391 -- 247.46 samples/sec-- Loss:0.02 -- Error1:0.18
Train_Loss = 0.015937247921228408, Train_Err = 0.174
Val_Loss = 1.2221197162628175, Val_Err = 31.7
Epoch: [121 | 200]
Phase:train -- Batch_idx:100/391 -- 246.61 samples/sec-- Loss:0.01 -- Error1:0.17
Phase:train -- Batch_idx:200/391 -- 247.24 samples/sec-- Loss:0.01 -- Error1:0.16
Phase:train -- Batch_idx:300/391 -- 247.45 samples/sec-- Loss:0.01 -- Error1:0.16
Train_Loss = 0.014888833927512168, Train_Err = 0.162
Val_Loss = 1.220110149383545, Val_Err = 31.72
Epoch: [122 | 200]
Phase:train -- Batch_idx:100/391 -- 246.67 samples/sec-- Loss:0.01 -- Error1:0.23
Phase:train -- Batch_idx:200/391 -- 247.26 samples/sec-- Loss:0.01 -- Error1:0.20
Phase:train -- Batch_idx:300/391 -- 247.45 samples/sec-- Loss:0.01 -- Error1:0.18
Train_Loss = 0.014536196957826614, Train_Err = 0.172
Val_Loss = 1.2219248846054078, Val_Err = 31.66
Epoch: [123 | 200]
Phase:train -- Batch_idx:100/391 -- 246.63 samples/sec-- Loss:0.01 -- Error1:0.17
Phase:train -- Batch_idx:200/391 -- 247.26 samples/sec-- Loss:0.01 -- Error1:0.16
Phase:train -- Batch_idx:300/391 -- 247.47 samples/sec-- Loss:0.01 -- Error1:0.15
Train_Loss = 0.014593199121952057, Train_Err = 0.156
Val_Loss = 1.2195512243270874, Val_Err = 31.82
Epoch: [124 | 200]
Phase:train -- Batch_idx:100/391 -- 246.72 samples/sec-- Loss:0.01 -- Error1:0.15
Phase:train -- Batch_idx:200/391 -- 247.29 samples/sec-- Loss:0.01 -- Error1:0.14
Phase:train -- Batch_idx:300/391 -- 247.47 samples/sec-- Loss:0.01 -- Error1:0.13
Train_Loss = 0.014081593985557556, Train_Err = 0.126
Val_Loss = 1.224779456138611, Val_Err = 31.83
Epoch: [125 | 200]
Phase:train -- Batch_idx:100/391 -- 246.63 samples/sec-- Loss:0.01 -- Error1:0.11
Phase:train -- Batch_idx:200/391 -- 247.25 samples/sec-- Loss:0.01 -- Error1:0.11
Phase:train -- Batch_idx:300/391 -- 247.46 samples/sec-- Loss:0.01 -- Error1:0.14
Train_Loss = 0.01406614403963089, Train_Err = 0.144
Val_Loss = 1.2199027473449706, Val_Err = 31.74
Epoch: [126 | 200]
Phase:train -- Batch_idx:100/391 -- 246.68 samples/sec-- Loss:0.01 -- Error1:0.12
Phase:train -- Batch_idx:200/391 -- 247.29 samples/sec-- Loss:0.01 -- Error1:0.13
Phase:train -- Batch_idx:300/391 -- 247.47 samples/sec-- Loss:0.01 -- Error1:0.14
Train_Loss = 0.013898208427429198, Train_Err = 0.152
Val_Loss = 1.222473404121399, Val_Err = 31.7
Epoch: [127 | 200]
Phase:train -- Batch_idx:100/391 -- 246.66 samples/sec-- Loss:0.01 -- Error1:0.11
Phase:train -- Batch_idx:200/391 -- 247.27 samples/sec-- Loss:0.01 -- Error1:0.13
Phase:train -- Batch_idx:300/391 -- 247.46 samples/sec-- Loss:0.01 -- Error1:0.14
Train_Loss = 0.013598307313919067, Train_Err = 0.13
Val_Loss = 1.2235371057510376, Val_Err = 31.99
Epoch: [128 | 200]
Phase:train -- Batch_idx:100/391 -- 246.69 samples/sec-- Loss:0.01 -- Error1:0.12
Phase:train -- Batch_idx:200/391 -- 247.29 samples/sec-- Loss:0.01 -- Error1:0.12
Phase:train -- Batch_idx:300/391 -- 247.48 samples/sec-- Loss:0.01 -- Error1:0.14
Train_Loss = 0.013596738436222076, Train_Err = 0.136
Val_Loss = 1.2168082313537598, Val_Err = 31.74
Epoch: [129 | 200]
Phase:train -- Batch_idx:100/391 -- 246.77 samples/sec-- Loss:0.01 -- Error1:0.16
Phase:train -- Batch_idx:200/391 -- 247.31 samples/sec-- Loss:0.01 -- Error1:0.14
Phase:train -- Batch_idx:300/391 -- 247.49 samples/sec-- Loss:0.01 -- Error1:0.14
Train_Loss = 0.01386559516698122, Train_Err = 0.148
Val_Loss = 1.2186257265090943, Val_Err = 31.68
Epoch: [130 | 200]
Phase:train -- Batch_idx:100/391 -- 246.74 samples/sec-- Loss:0.01 -- Error1:0.12
Phase:train -- Batch_idx:200/391 -- 247.30 samples/sec-- Loss:0.01 -- Error1:0.12
Phase:train -- Batch_idx:300/391 -- 247.49 samples/sec-- Loss:0.01 -- Error1:0.11
Train_Loss = 0.013351085882782936, Train_Err = 0.104
Val_Loss = 1.2146745685577394, Val_Err = 31.4
Epoch: [131 | 200]
Phase:train -- Batch_idx:100/391 -- 246.71 samples/sec-- Loss:0.01 -- Error1:0.17
Phase:train -- Batch_idx:200/391 -- 247.28 samples/sec-- Loss:0.01 -- Error1:0.17
Phase:train -- Batch_idx:300/391 -- 247.48 samples/sec-- Loss:0.01 -- Error1:0.15
Train_Loss = 0.01354243416428566, Train_Err = 0.15
Val_Loss = 1.2277930559158325, Val_Err = 32.06
Epoch: [132 | 200]
Phase:train -- Batch_idx:100/391 -- 246.70 samples/sec-- Loss:0.01 -- Error1:0.14
Phase:train -- Batch_idx:200/391 -- 247.28 samples/sec-- Loss:0.01 -- Error1:0.12
Phase:train -- Batch_idx:300/391 -- 247.48 samples/sec-- Loss:0.01 -- Error1:0.11
Train_Loss = 0.013096480231285096, Train_Err = 0.112
Val_Loss = 1.2204961748123169, Val_Err = 31.71
Epoch: [133 | 200]
Phase:train -- Batch_idx:100/391 -- 246.73 samples/sec-- Loss:0.01 -- Error1:0.12
Phase:train -- Batch_idx:200/391 -- 247.31 samples/sec-- Loss:0.01 -- Error1:0.11
Phase:train -- Batch_idx:300/391 -- 247.50 samples/sec-- Loss:0.01 -- Error1:0.11
Train_Loss = 0.013279666719436645, Train_Err = 0.116
Val_Loss = 1.217809856414795, Val_Err = 31.76
Epoch: [134 | 200]
Phase:train -- Batch_idx:100/391 -- 246.78 samples/sec-- Loss:0.01 -- Error1:0.14
Phase:train -- Batch_idx:200/391 -- 247.33 samples/sec-- Loss:0.01 -- Error1:0.13
Phase:train -- Batch_idx:300/391 -- 247.52 samples/sec-- Loss:0.01 -- Error1:0.14
Train_Loss = 0.013119261380434037, Train_Err = 0.138
Val_Loss = 1.2192636953353881, Val_Err = 31.55
Epoch: [135 | 200]
Phase:train -- Batch_idx:100/391 -- 246.72 samples/sec-- Loss:0.01 -- Error1:0.12
Phase:train -- Batch_idx:200/391 -- 247.30 samples/sec-- Loss:0.01 -- Error1:0.11
Phase:train -- Batch_idx:300/391 -- 247.48 samples/sec-- Loss:0.01 -- Error1:0.10
Train_Loss = 0.013089767370224, Train_Err = 0.108
Val_Loss = 1.2198840034484864, Val_Err = 31.6
Epoch: [136 | 200]
Phase:train -- Batch_idx:100/391 -- 246.65 samples/sec-- Loss:0.01 -- Error1:0.10
Phase:train -- Batch_idx:200/391 -- 247.29 samples/sec-- Loss:0.01 -- Error1:0.09
Phase:train -- Batch_idx:300/391 -- 247.49 samples/sec-- Loss:0.01 -- Error1:0.09
Train_Loss = 0.01273638475894928, Train_Err = 0.098
Val_Loss = 1.2234119012832643, Val_Err = 31.64
Epoch: [137 | 200]
Phase:train -- Batch_idx:100/391 -- 246.76 samples/sec-- Loss:0.01 -- Error1:0.07
Phase:train -- Batch_idx:200/391 -- 247.31 samples/sec-- Loss:0.01 -- Error1:0.09
Phase:train -- Batch_idx:300/391 -- 247.50 samples/sec-- Loss:0.01 -- Error1:0.11
Train_Loss = 0.0128336078196764, Train_Err = 0.106
Val_Loss = 1.222732396697998, Val_Err = 31.76
Epoch: [138 | 200]
Phase:train -- Batch_idx:100/391 -- 246.85 samples/sec-- Loss:0.01 -- Error1:0.12
Phase:train -- Batch_idx:200/391 -- 247.37 samples/sec-- Loss:0.01 -- Error1:0.13
Phase:train -- Batch_idx:300/391 -- 247.54 samples/sec-- Loss:0.01 -- Error1:0.12
Train_Loss = 0.012768096800744533, Train_Err = 0.12
Val_Loss = 1.2143802253723144, Val_Err = 31.23
Epoch: [139 | 200]
Phase:train -- Batch_idx:100/391 -- 246.57 samples/sec-- Loss:0.01 -- Error1:0.12
Phase:train -- Batch_idx:200/391 -- 247.22 samples/sec-- Loss:0.01 -- Error1:0.11
Phase:train -- Batch_idx:300/391 -- 247.44 samples/sec-- Loss:0.01 -- Error1:0.13
Train_Loss = 0.013112754319310188, Train_Err = 0.126
Val_Loss = 1.2188018312454223, Val_Err = 31.51
Epoch: [140 | 200]
Phase:train -- Batch_idx:100/391 -- 246.77 samples/sec-- Loss:0.01 -- Error1:0.10
Phase:train -- Batch_idx:200/391 -- 247.30 samples/sec-- Loss:0.01 -- Error1:0.10
Phase:train -- Batch_idx:300/391 -- 247.47 samples/sec-- Loss:0.01 -- Error1:0.12
Train_Loss = 0.013023762899637222, Train_Err = 0.112
Val_Loss = 1.2180873649597168, Val_Err = 31.58
Epoch: [141 | 200]
Phase:train -- Batch_idx:100/391 -- 246.68 samples/sec-- Loss:0.01 -- Error1:0.14
Phase:train -- Batch_idx:200/391 -- 247.25 samples/sec-- Loss:0.01 -- Error1:0.11
Phase:train -- Batch_idx:300/391 -- 247.45 samples/sec-- Loss:0.01 -- Error1:0.12
Train_Loss = 0.012876886739730834, Train_Err = 0.114
Val_Loss = 1.219868394470215, Val_Err = 31.85
Epoch: [142 | 200]
Phase:train -- Batch_idx:100/391 -- 246.71 samples/sec-- Loss:0.01 -- Error1:0.16
Phase:train -- Batch_idx:200/391 -- 247.27 samples/sec-- Loss:0.01 -- Error1:0.11
Phase:train -- Batch_idx:300/391 -- 247.48 samples/sec-- Loss:0.01 -- Error1:0.11
Train_Loss = 0.012734883342683315, Train_Err = 0.106
Val_Loss = 1.2156653730392457, Val_Err = 31.6
Epoch: [143 | 200]
Phase:train -- Batch_idx:100/391 -- 246.71 samples/sec-- Loss:0.01 -- Error1:0.11
Phase:train -- Batch_idx:200/391 -- 247.28 samples/sec-- Loss:0.01 -- Error1:0.10
Phase:train -- Batch_idx:300/391 -- 247.48 samples/sec-- Loss:0.01 -- Error1:0.11
Train_Loss = 0.012720072497725486, Train_Err = 0.104
Val_Loss = 1.219860572052002, Val_Err = 31.64
Epoch: [144 | 200]
Phase:train -- Batch_idx:100/391 -- 246.65 samples/sec-- Loss:0.01 -- Error1:0.09
Phase:train -- Batch_idx:200/391 -- 247.26 samples/sec-- Loss:0.01 -- Error1:0.11
Phase:train -- Batch_idx:300/391 -- 247.46 samples/sec-- Loss:0.01 -- Error1:0.11
Train_Loss = 0.013001914095282554, Train_Err = 0.12
Val_Loss = 1.2233990869522096, Val_Err = 31.54
Epoch: [145 | 200]
Phase:train -- Batch_idx:100/391 -- 246.75 samples/sec-- Loss:0.01 -- Error1:0.06
Phase:train -- Batch_idx:200/391 -- 247.29 samples/sec-- Loss:0.01 -- Error1:0.09
Phase:train -- Batch_idx:300/391 -- 247.47 samples/sec-- Loss:0.01 -- Error1:0.11
Train_Loss = 0.012596835076212882, Train_Err = 0.108
Val_Loss = 1.218640170097351, Val_Err = 31.76
Epoch: [146 | 200]
Phase:train -- Batch_idx:100/391 -- 246.70 samples/sec-- Loss:0.01 -- Error1:0.12
Phase:train -- Batch_idx:200/391 -- 247.28 samples/sec-- Loss:0.01 -- Error1:0.14
Phase:train -- Batch_idx:300/391 -- 247.46 samples/sec-- Loss:0.01 -- Error1:0.14
Train_Loss = 0.013279345505833626, Train_Err = 0.144
Val_Loss = 1.2201861261367797, Val_Err = 31.71
Epoch: [147 | 200]
Phase:train -- Batch_idx:100/391 -- 246.76 samples/sec-- Loss:0.01 -- Error1:0.12
Phase:train -- Batch_idx:200/391 -- 247.31 samples/sec-- Loss:0.01 -- Error1:0.11
Phase:train -- Batch_idx:300/391 -- 247.50 samples/sec-- Loss:0.01 -- Error1:0.10
Train_Loss = 0.012724542748332023, Train_Err = 0.106
Val_Loss = 1.216897673034668, Val_Err = 31.58
Epoch: [148 | 200]
Phase:train -- Batch_idx:100/391 -- 246.69 samples/sec-- Loss:0.01 -- Error1:0.10
Phase:train -- Batch_idx:200/391 -- 247.26 samples/sec-- Loss:0.01 -- Error1:0.13
Phase:train -- Batch_idx:300/391 -- 247.46 samples/sec-- Loss:0.01 -- Error1:0.12
Train_Loss = 0.01283151075899601, Train_Err = 0.11
Val_Loss = 1.2222997537612914, Val_Err = 31.48
Epoch: [149 | 200]
Phase:train -- Batch_idx:100/391 -- 246.73 samples/sec-- Loss:0.01 -- Error1:0.09
Phase:train -- Batch_idx:200/391 -- 247.31 samples/sec-- Loss:0.01 -- Error1:0.11
Phase:train -- Batch_idx:300/391 -- 247.50 samples/sec-- Loss:0.01 -- Error1:0.10
Train_Loss = 0.012690457747280597, Train_Err = 0.118
Val_Loss = 1.2194386110305786, Val_Err = 31.78
Epoch: [150 | 200]
Phase:train -- Batch_idx:100/391 -- 246.84 samples/sec-- Loss:0.01 -- Error1:0.10
Phase:train -- Batch_idx:200/391 -- 247.34 samples/sec-- Loss:0.01 -- Error1:0.10
Phase:train -- Batch_idx:300/391 -- 247.52 samples/sec-- Loss:0.01 -- Error1:0.11
Train_Loss = 0.012867725509405136, Train_Err = 0.112
Val_Loss = 1.225173042869568, Val_Err = 31.74
Epoch: [151 | 200]
Phase:train -- Batch_idx:100/391 -- 246.72 samples/sec-- Loss:0.01 -- Error1:0.16
Phase:train -- Batch_idx:200/391 -- 247.30 samples/sec-- Loss:0.01 -- Error1:0.13
Phase:train -- Batch_idx:300/391 -- 247.49 samples/sec-- Loss:0.01 -- Error1:0.12
Train_Loss = 0.012765742707848549, Train_Err = 0.118
Val_Loss = 1.2210514310836793, Val_Err = 31.5
Epoch: [152 | 200]
Phase:train -- Batch_idx:100/391 -- 246.85 samples/sec-- Loss:0.01 -- Error1:0.09
Phase:train -- Batch_idx:200/391 -- 247.34 samples/sec-- Loss:0.01 -- Error1:0.10
Phase:train -- Batch_idx:300/391 -- 247.52 samples/sec-- Loss:0.01 -- Error1:0.09
Train_Loss = 0.012386957063674927, Train_Err = 0.09
Val_Loss = 1.2230749814987183, Val_Err = 31.77
Epoch: [153 | 200]
Phase:train -- Batch_idx:100/391 -- 246.83 samples/sec-- Loss:0.01 -- Error1:0.14
Phase:train -- Batch_idx:200/391 -- 247.32 samples/sec-- Loss:0.01 -- Error1:0.14
Phase:train -- Batch_idx:300/391 -- 247.50 samples/sec-- Loss:0.01 -- Error1:0.12
Train_Loss = 0.012695177741050721, Train_Err = 0.102
Val_Loss = 1.220561876487732, Val_Err = 31.76
Epoch: [154 | 200]
Phase:train -- Batch_idx:100/391 -- 246.69 samples/sec-- Loss:0.01 -- Error1:0.11
Phase:train -- Batch_idx:200/391 -- 247.28 samples/sec-- Loss:0.01 -- Error1:0.10
Phase:train -- Batch_idx:300/391 -- 247.47 samples/sec-- Loss:0.01 -- Error1:0.13
Train_Loss = 0.013045123454928398, Train_Err = 0.142
Val_Loss = 1.2206266208648682, Val_Err = 31.77
Epoch: [155 | 200]
Phase:train -- Batch_idx:100/391 -- 246.70 samples/sec-- Loss:0.01 -- Error1:0.08
Phase:train -- Batch_idx:200/391 -- 247.27 samples/sec-- Loss:0.01 -- Error1:0.11
Phase:train -- Batch_idx:300/391 -- 247.46 samples/sec-- Loss:0.01 -- Error1:0.10
Train_Loss = 0.012413068644404411, Train_Err = 0.098
Val_Loss = 1.2231768739700317, Val_Err = 31.71
Epoch: [156 | 200]
Phase:train -- Batch_idx:100/391 -- 246.70 samples/sec-- Loss:0.01 -- Error1:0.09
Phase:train -- Batch_idx:200/391 -- 247.27 samples/sec-- Loss:0.01 -- Error1:0.11
Phase:train -- Batch_idx:300/391 -- 247.46 samples/sec-- Loss:0.01 -- Error1:0.10
Train_Loss = 0.012729957622289657, Train_Err = 0.098
Val_Loss = 1.2196781345367431, Val_Err = 31.54
Epoch: [157 | 200]
Phase:train -- Batch_idx:100/391 -- 246.75 samples/sec-- Loss:0.01 -- Error1:0.12
Phase:train -- Batch_idx:200/391 -- 247.32 samples/sec-- Loss:0.01 -- Error1:0.11
Phase:train -- Batch_idx:300/391 -- 247.51 samples/sec-- Loss:0.01 -- Error1:0.11
Train_Loss = 0.012602491869926452, Train_Err = 0.108
Val_Loss = 1.2188284650802612, Val_Err = 31.62
Epoch: [158 | 200]
Phase:train -- Batch_idx:100/391 -- 246.81 samples/sec-- Loss:0.01 -- Error1:0.18
Phase:train -- Batch_idx:200/391 -- 247.35 samples/sec-- Loss:0.01 -- Error1:0.13
Phase:train -- Batch_idx:300/391 -- 247.54 samples/sec-- Loss:0.01 -- Error1:0.12
Train_Loss = 0.012406730971336365, Train_Err = 0.112
Val_Loss = 1.2243861806869507, Val_Err = 31.72
Epoch: [159 | 200]
Phase:train -- Batch_idx:100/391 -- 246.75 samples/sec-- Loss:0.01 -- Error1:0.08
Phase:train -- Batch_idx:200/391 -- 247.31 samples/sec-- Loss:0.01 -- Error1:0.11
Phase:train -- Batch_idx:300/391 -- 247.51 samples/sec-- Loss:0.01 -- Error1:0.12
Train_Loss = 0.01242251031279564, Train_Err = 0.124
Val_Loss = 1.225918221282959, Val_Err = 31.88
Epoch: [160 | 200]
Phase:train -- Batch_idx:100/391 -- 246.79 samples/sec-- Loss:0.01 -- Error1:0.12
Phase:train -- Batch_idx:200/391 -- 247.35 samples/sec-- Loss:0.01 -- Error1:0.12
Phase:train -- Batch_idx:300/391 -- 247.55 samples/sec-- Loss:0.01 -- Error1:0.10
Train_Loss = 0.012646439323425292, Train_Err = 0.116
Val_Loss = 1.2180263507843017, Val_Err = 31.68
Epoch: [161 | 200]
Phase:train -- Batch_idx:100/391 -- 246.73 samples/sec-- Loss:0.01 -- Error1:0.09
Phase:train -- Batch_idx:200/391 -- 247.32 samples/sec-- Loss:0.01 -- Error1:0.11
Phase:train -- Batch_idx:300/391 -- 247.53 samples/sec-- Loss:0.01 -- Error1:0.09
Train_Loss = 0.012504434643387794, Train_Err = 0.09
Val_Loss = 1.2187535640716554, Val_Err = 31.5
Epoch: [162 | 200]
Phase:train -- Batch_idx:100/391 -- 246.75 samples/sec-- Loss:0.01 -- Error1:0.09
Phase:train -- Batch_idx:200/391 -- 247.34 samples/sec-- Loss:0.01 -- Error1:0.09
Phase:train -- Batch_idx:300/391 -- 247.53 samples/sec-- Loss:0.01 -- Error1:0.11
Train_Loss = 0.012466195280253887, Train_Err = 0.108
Val_Loss = 1.221953762626648, Val_Err = 31.74
Epoch: [163 | 200]
Phase:train -- Batch_idx:100/391 -- 246.72 samples/sec-- Loss:0.01 -- Error1:0.12
Phase:train -- Batch_idx:200/391 -- 247.31 samples/sec-- Loss:0.01 -- Error1:0.13
Phase:train -- Batch_idx:300/391 -- 247.52 samples/sec-- Loss:0.01 -- Error1:0.12
Train_Loss = 0.012779812974333763, Train_Err = 0.124
Val_Loss = 1.2210491289138794, Val_Err = 31.8
Epoch: [164 | 200]
Phase:train -- Batch_idx:100/391 -- 246.76 samples/sec-- Loss:0.01 -- Error1:0.10
Phase:train -- Batch_idx:200/391 -- 247.33 samples/sec-- Loss:0.01 -- Error1:0.11
Phase:train -- Batch_idx:300/391 -- 247.53 samples/sec-- Loss:0.01 -- Error1:0.11
Train_Loss = 0.0125639839053154, Train_Err = 0.11
Val_Loss = 1.2233705883026122, Val_Err = 31.58
Epoch: [165 | 200]
Phase:train -- Batch_idx:100/391 -- 246.76 samples/sec-- Loss:0.01 -- Error1:0.12
Phase:train -- Batch_idx:200/391 -- 247.31 samples/sec-- Loss:0.01 -- Error1:0.15
Phase:train -- Batch_idx:300/391 -- 247.52 samples/sec-- Loss:0.01 -- Error1:0.13
Train_Loss = 0.012764447313547134, Train_Err = 0.122
Val_Loss = 1.2239121683120728, Val_Err = 31.6
Epoch: [166 | 200]
Phase:train -- Batch_idx:100/391 -- 246.86 samples/sec-- Loss:0.01 -- Error1:0.12
Phase:train -- Batch_idx:200/391 -- 247.36 samples/sec-- Loss:0.01 -- Error1:0.10
Phase:train -- Batch_idx:300/391 -- 247.55 samples/sec-- Loss:0.01 -- Error1:0.10
Train_Loss = 0.012203878557085992, Train_Err = 0.098
Val_Loss = 1.2211503366470338, Val_Err = 31.54
Epoch: [167 | 200]
Phase:train -- Batch_idx:100/391 -- 246.75 samples/sec-- Loss:0.01 -- Error1:0.14
Phase:train -- Batch_idx:200/391 -- 247.33 samples/sec-- Loss:0.01 -- Error1:0.12
Phase:train -- Batch_idx:300/391 -- 247.53 samples/sec-- Loss:0.01 -- Error1:0.12
Train_Loss = 0.012441743160486221, Train_Err = 0.112
Val_Loss = 1.2196482664108277, Val_Err = 31.5
Epoch: [168 | 200]
Phase:train -- Batch_idx:100/391 -- 246.74 samples/sec-- Loss:0.01 -- Error1:0.12
Phase:train -- Batch_idx:200/391 -- 247.32 samples/sec-- Loss:0.01 -- Error1:0.13
Phase:train -- Batch_idx:300/391 -- 247.51 samples/sec-- Loss:0.01 -- Error1:0.12
Train_Loss = 0.012549378815889358, Train_Err = 0.116
Val_Loss = 1.2218571754455567, Val_Err = 31.75
Epoch: [169 | 200]
Phase:train -- Batch_idx:100/391 -- 246.83 samples/sec-- Loss:0.01 -- Error1:0.09
Phase:train -- Batch_idx:200/391 -- 247.37 samples/sec-- Loss:0.01 -- Error1:0.08
Phase:train -- Batch_idx:300/391 -- 247.55 samples/sec-- Loss:0.01 -- Error1:0.10
Train_Loss = 0.012292329144477844, Train_Err = 0.104
Val_Loss = 1.2204177825927733, Val_Err = 31.43
Epoch: [170 | 200]
Phase:train -- Batch_idx:100/391 -- 246.72 samples/sec-- Loss:0.01 -- Error1:0.11
Phase:train -- Batch_idx:200/391 -- 247.31 samples/sec-- Loss:0.01 -- Error1:0.08
Phase:train -- Batch_idx:300/391 -- 247.51 samples/sec-- Loss:0.01 -- Error1:0.07
Train_Loss = 0.01188121245443821, Train_Err = 0.078
Val_Loss = 1.2231482990264892, Val_Err = 31.84
Epoch: [171 | 200]
Phase:train -- Batch_idx:100/391 -- 246.70 samples/sec-- Loss:0.01 -- Error1:0.09
Phase:train -- Batch_idx:200/391 -- 247.29 samples/sec-- Loss:0.01 -- Error1:0.08
Phase:train -- Batch_idx:300/391 -- 247.49 samples/sec-- Loss:0.01 -- Error1:0.08
Train_Loss = 0.012245419057011604, Train_Err = 0.096
Val_Loss = 1.2203702142715454, Val_Err = 31.46
Epoch: [172 | 200]
Phase:train -- Batch_idx:100/391 -- 246.70 samples/sec-- Loss:0.01 -- Error1:0.12
Phase:train -- Batch_idx:200/391 -- 247.29 samples/sec-- Loss:0.01 -- Error1:0.12
Phase:train -- Batch_idx:300/391 -- 247.48 samples/sec-- Loss:0.01 -- Error1:0.11
Train_Loss = 0.01258625715136528, Train_Err = 0.112
Val_Loss = 1.2199223110198976, Val_Err = 31.24
Epoch: [173 | 200]
Phase:train -- Batch_idx:100/391 -- 246.77 samples/sec-- Loss:0.01 -- Error1:0.12
Phase:train -- Batch_idx:200/391 -- 247.35 samples/sec-- Loss:0.01 -- Error1:0.12
Phase:train -- Batch_idx:300/391 -- 247.54 samples/sec-- Loss:0.01 -- Error1:0.12
Train_Loss = 0.01201994392991066, Train_Err = 0.114
Val_Loss = 1.2239566411972045, Val_Err = 31.69
Epoch: [174 | 200]
Phase:train -- Batch_idx:100/391 -- 246.87 samples/sec-- Loss:0.01 -- Error1:0.09
Phase:train -- Batch_idx:200/391 -- 247.39 samples/sec-- Loss:0.01 -- Error1:0.06
Phase:train -- Batch_idx:300/391 -- 247.57 samples/sec-- Loss:0.01 -- Error1:0.09
Train_Loss = 0.011928771788477897, Train_Err = 0.084
Val_Loss = 1.2234403224945067, Val_Err = 31.59
Epoch: [175 | 200]
Phase:train -- Batch_idx:100/391 -- 246.76 samples/sec-- Loss:0.01 -- Error1:0.09
Phase:train -- Batch_idx:200/391 -- 247.33 samples/sec-- Loss:0.01 -- Error1:0.10
Phase:train -- Batch_idx:300/391 -- 247.52 samples/sec-- Loss:0.01 -- Error1:0.10
Train_Loss = 0.012099745197296143, Train_Err = 0.102
Val_Loss = 1.2234593418121338, Val_Err = 31.72
Epoch: [176 | 200]
Phase:train -- Batch_idx:100/391 -- 246.77 samples/sec-- Loss:0.01 -- Error1:0.12
Phase:train -- Batch_idx:200/391 -- 247.33 samples/sec-- Loss:0.01 -- Error1:0.13
Phase:train -- Batch_idx:300/391 -- 247.53 samples/sec-- Loss:0.01 -- Error1:0.11
Train_Loss = 0.01220058886885643, Train_Err = 0.106
Val_Loss = 1.2180831687927247, Val_Err = 31.4
Epoch: [177 | 200]
Phase:train -- Batch_idx:100/391 -- 246.74 samples/sec-- Loss:0.01 -- Error1:0.09
Phase:train -- Batch_idx:200/391 -- 247.33 samples/sec-- Loss:0.01 -- Error1:0.12
Phase:train -- Batch_idx:300/391 -- 247.53 samples/sec-- Loss:0.01 -- Error1:0.12
Train_Loss = 0.012651711436510086, Train_Err = 0.118
Val_Loss = 1.2219535625457765, Val_Err = 31.59
Epoch: [178 | 200]
Phase:train -- Batch_idx:100/391 -- 246.85 samples/sec-- Loss:0.01 -- Error1:0.12
Phase:train -- Batch_idx:200/391 -- 247.36 samples/sec-- Loss:0.01 -- Error1:0.09
Phase:train -- Batch_idx:300/391 -- 247.53 samples/sec-- Loss:0.01 -- Error1:0.09
Train_Loss = 0.011999037741422653, Train_Err = 0.088
Val_Loss = 1.2219427364349364, Val_Err = 31.65
Epoch: [179 | 200]
Phase:train -- Batch_idx:100/391 -- 246.76 samples/sec-- Loss:0.01 -- Error1:0.10
Phase:train -- Batch_idx:200/391 -- 247.32 samples/sec-- Loss:0.01 -- Error1:0.12
Phase:train -- Batch_idx:300/391 -- 247.51 samples/sec-- Loss:0.01 -- Error1:0.11
Train_Loss = 0.01250483193129301, Train_Err = 0.108
Val_Loss = 1.2181680789947509, Val_Err = 31.36
Epoch: [180 | 200]
Phase:train -- Batch_idx:100/391 -- 246.76 samples/sec-- Loss:0.01 -- Error1:0.10
Phase:train -- Batch_idx:200/391 -- 247.35 samples/sec-- Loss:0.01 -- Error1:0.10
Phase:train -- Batch_idx:300/391 -- 247.53 samples/sec-- Loss:0.01 -- Error1:0.10
Train_Loss = 0.012118972159028053, Train_Err = 0.102
Val_Loss = 1.2229650928497315, Val_Err = 31.56
Epoch: [181 | 200]
Phase:train -- Batch_idx:100/391 -- 246.79 samples/sec-- Loss:0.01 -- Error1:0.08
Phase:train -- Batch_idx:200/391 -- 247.32 samples/sec-- Loss:0.01 -- Error1:0.07
Phase:train -- Batch_idx:300/391 -- 247.50 samples/sec-- Loss:0.01 -- Error1:0.09
Train_Loss = 0.01224040628194809, Train_Err = 0.096
Val_Loss = 1.2236889278411864, Val_Err = 31.63
Epoch: [182 | 200]
Phase:train -- Batch_idx:100/391 -- 246.71 samples/sec-- Loss:0.01 -- Error1:0.13
Phase:train -- Batch_idx:200/391 -- 247.28 samples/sec-- Loss:0.01 -- Error1:0.11
Phase:train -- Batch_idx:300/391 -- 247.48 samples/sec-- Loss:0.01 -- Error1:0.10
Train_Loss = 0.012136940688490867, Train_Err = 0.096
Val_Loss = 1.2228109243392944, Val_Err = 31.54
Epoch: [183 | 200]
Phase:train -- Batch_idx:100/391 -- 246.73 samples/sec-- Loss:0.01 -- Error1:0.09
Phase:train -- Batch_idx:200/391 -- 247.29 samples/sec-- Loss:0.01 -- Error1:0.10
Phase:train -- Batch_idx:300/391 -- 247.49 samples/sec-- Loss:0.01 -- Error1:0.10
Train_Loss = 0.01192374558120966, Train_Err = 0.098
Val_Loss = 1.2196162099838257, Val_Err = 31.54
Epoch: [184 | 200]
Phase:train -- Batch_idx:100/391 -- 246.71 samples/sec-- Loss:0.01 -- Error1:0.08
Phase:train -- Batch_idx:200/391 -- 247.30 samples/sec-- Loss:0.01 -- Error1:0.10
Phase:train -- Batch_idx:300/391 -- 247.49 samples/sec-- Loss:0.01 -- Error1:0.09
Train_Loss = 0.012466787907481194, Train_Err = 0.094
Val_Loss = 1.2193594738006592, Val_Err = 31.55
Epoch: [185 | 200]
Phase:train -- Batch_idx:100/391 -- 246.79 samples/sec-- Loss:0.01 -- Error1:0.16
Phase:train -- Batch_idx:200/391 -- 247.35 samples/sec-- Loss:0.01 -- Error1:0.11
Phase:train -- Batch_idx:300/391 -- 247.52 samples/sec-- Loss:0.01 -- Error1:0.11
Train_Loss = 0.012361912231445312, Train_Err = 0.114
Val_Loss = 1.2154777080535888, Val_Err = 31.44
Epoch: [186 | 200]
Phase:train -- Batch_idx:100/391 -- 246.72 samples/sec-- Loss:0.01 -- Error1:0.05
Phase:train -- Batch_idx:200/391 -- 247.31 samples/sec-- Loss:0.01 -- Error1:0.09
Phase:train -- Batch_idx:300/391 -- 247.51 samples/sec-- Loss:0.01 -- Error1:0.09
Train_Loss = 0.012031924849748611, Train_Err = 0.088
Val_Loss = 1.226163345336914, Val_Err = 31.71
Epoch: [187 | 200]
Phase:train -- Batch_idx:100/391 -- 246.71 samples/sec-- Loss:0.01 -- Error1:0.08
Phase:train -- Batch_idx:200/391 -- 247.31 samples/sec-- Loss:0.01 -- Error1:0.10
Phase:train -- Batch_idx:300/391 -- 247.50 samples/sec-- Loss:0.01 -- Error1:0.10
Train_Loss = 0.012130120210647582, Train_Err = 0.106
Val_Loss = 1.2204138088226317, Val_Err = 31.47
Epoch: [188 | 200]
Phase:train -- Batch_idx:100/391 -- 246.72 samples/sec-- Loss:0.01 -- Error1:0.08
Phase:train -- Batch_idx:200/391 -- 247.30 samples/sec-- Loss:0.01 -- Error1:0.09
Phase:train -- Batch_idx:300/391 -- 247.49 samples/sec-- Loss:0.01 -- Error1:0.09
Train_Loss = 0.012285464738607407, Train_Err = 0.094
Val_Loss = 1.2282782817840576, Val_Err = 31.66
Epoch: [189 | 200]
Phase:train -- Batch_idx:100/391 -- 246.73 samples/sec-- Loss:0.01 -- Error1:0.10
Phase:train -- Batch_idx:200/391 -- 247.32 samples/sec-- Loss:0.01 -- Error1:0.11
Phase:train -- Batch_idx:300/391 -- 247.51 samples/sec-- Loss:0.01 -- Error1:0.13
Train_Loss = 0.012477419761419296, Train_Err = 0.12
Val_Loss = 1.2231225833892823, Val_Err = 31.76
Epoch: [190 | 200]
Phase:train -- Batch_idx:100/391 -- 246.69 samples/sec-- Loss:0.01 -- Error1:0.08
Phase:train -- Batch_idx:200/391 -- 247.28 samples/sec-- Loss:0.01 -- Error1:0.09
Phase:train -- Batch_idx:300/391 -- 247.48 samples/sec-- Loss:0.01 -- Error1:0.09
Train_Loss = 0.012076531438827514, Train_Err = 0.104
Val_Loss = 1.2198126438140868, Val_Err = 31.56
Epoch: [191 | 200]
Phase:train -- Batch_idx:100/391 -- 246.82 samples/sec-- Loss:0.01 -- Error1:0.09
Phase:train -- Batch_idx:200/391 -- 247.37 samples/sec-- Loss:0.01 -- Error1:0.09
Phase:train -- Batch_idx:300/391 -- 247.55 samples/sec-- Loss:0.01 -- Error1:0.08
Train_Loss = 0.012108039429187775, Train_Err = 0.094
Val_Loss = 1.2174965097427368, Val_Err = 31.44
Epoch: [192 | 200]
Phase:train -- Batch_idx:100/391 -- 246.71 samples/sec-- Loss:0.01 -- Error1:0.10
Phase:train -- Batch_idx:200/391 -- 247.30 samples/sec-- Loss:0.01 -- Error1:0.11
Phase:train -- Batch_idx:300/391 -- 247.49 samples/sec-- Loss:0.01 -- Error1:0.11
Train_Loss = 0.012217759463787078, Train_Err = 0.118
Val_Loss = 1.2237692743301392, Val_Err = 31.57
Epoch: [193 | 200]
Phase:train -- Batch_idx:100/391 -- 246.73 samples/sec-- Loss:0.01 -- Error1:0.10
Phase:train -- Batch_idx:200/391 -- 247.31 samples/sec-- Loss:0.01 -- Error1:0.12
Phase:train -- Batch_idx:300/391 -- 247.51 samples/sec-- Loss:0.01 -- Error1:0.12
Train_Loss = 0.01232865706026554, Train_Err = 0.114
Val_Loss = 1.2228503843307494, Val_Err = 31.74
Epoch: [194 | 200]
Phase:train -- Batch_idx:100/391 -- 246.72 samples/sec-- Loss:0.01 -- Error1:0.12
Phase:train -- Batch_idx:200/391 -- 247.30 samples/sec-- Loss:0.01 -- Error1:0.10
Phase:train -- Batch_idx:300/391 -- 247.50 samples/sec-- Loss:0.01 -- Error1:0.09
Train_Loss = 0.011909520069360732, Train_Err = 0.1
Val_Loss = 1.2206693265914916, Val_Err = 31.32
Epoch: [195 | 200]
Phase:train -- Batch_idx:100/391 -- 246.83 samples/sec-- Loss:0.01 -- Error1:0.08
Phase:train -- Batch_idx:200/391 -- 247.35 samples/sec-- Loss:0.01 -- Error1:0.11
Phase:train -- Batch_idx:300/391 -- 247.52 samples/sec-- Loss:0.01 -- Error1:0.10
Train_Loss = 0.012230152887105942, Train_Err = 0.102
Val_Loss = 1.2250122440338134, Val_Err = 31.75
Epoch: [196 | 200]
Phase:train -- Batch_idx:100/391 -- 246.73 samples/sec-- Loss:0.01 -- Error1:0.09
Phase:train -- Batch_idx:200/391 -- 247.31 samples/sec-- Loss:0.01 -- Error1:0.08
Phase:train -- Batch_idx:300/391 -- 247.50 samples/sec-- Loss:0.01 -- Error1:0.08
Train_Loss = 0.01196300709426403, Train_Err = 0.082
Val_Loss = 1.2221021919250488, Val_Err = 31.83
Epoch: [197 | 200]
Phase:train -- Batch_idx:100/391 -- 246.75 samples/sec-- Loss:0.01 -- Error1:0.09
Phase:train -- Batch_idx:200/391 -- 247.33 samples/sec-- Loss:0.01 -- Error1:0.09
Phase:train -- Batch_idx:300/391 -- 247.51 samples/sec-- Loss:0.01 -- Error1:0.09
Train_Loss = 0.012249964456260204, Train_Err = 0.1
Val_Loss = 1.2210624391555787, Val_Err = 31.59
Epoch: [198 | 200]
Phase:train -- Batch_idx:100/391 -- 246.82 samples/sec-- Loss:0.01 -- Error1:0.11
Phase:train -- Batch_idx:200/391 -- 247.35 samples/sec-- Loss:0.01 -- Error1:0.09
Phase:train -- Batch_idx:300/391 -- 247.53 samples/sec-- Loss:0.01 -- Error1:0.10
Train_Loss = 0.012230859034657478, Train_Err = 0.106
Val_Loss = 1.2223674743652344, Val_Err = 31.44
Epoch: [199 | 200]
Phase:train -- Batch_idx:100/391 -- 246.70 samples/sec-- Loss:0.01 -- Error1:0.10
Phase:train -- Batch_idx:200/391 -- 247.29 samples/sec-- Loss:0.01 -- Error1:0.11
Phase:train -- Batch_idx:300/391 -- 247.49 samples/sec-- Loss:0.01 -- Error1:0.11
Train_Loss = 0.012498375774621963, Train_Err = 0.114
Val_Loss = 1.230775334739685, Val_Err = 31.68
