root: Namespace(batch_size=128, cp_dir='checkpoints/basic_cutout/cifar100/smooth_out/run_ms_1/pyramidnet_272_8_0.009', depth=272, dtype='cifar100', epochs=300, img_aug='basic_cutout', learning_rate=0.1, momentum=0.9, mtype='pyramidnet', num_classes=100, seed=1, smooth_out_a=0.009, threads=8, weight_decay=0.0001, width_factor=8)
root: Epoch: [0 | 300]
root: Train_Loss = 3.8508317470550537, Train_Err = 89.17
root: Val_Loss = 3.608473777770996, Val_Err = 84.0
root: Epoch: [1 | 300]
root: Train_Loss = 2.975771188735962, Train_Err = 75.018
root: Val_Loss = 3.19469952583313, Val_Err = 73.46
root: Epoch: [2 | 300]
root: Train_Loss = 2.292156934738159, Train_Err = 61.194
root: Val_Loss = 2.4096076488494873, Val_Err = 61.97
root: Epoch: [3 | 300]
root: Train_Loss = 1.8739055395126343, Train_Err = 51.64
root: Val_Loss = 1.9772166013717651, Val_Err = 52.88
root: Epoch: [4 | 300]
root: Train_Loss = 1.6103515625, Train_Err = 45.426
root: Val_Loss = 1.8013657331466675, Val_Err = 48.58
root: Epoch: [5 | 300]
root: Train_Loss = 1.426893711090088, Train_Err = 40.644
root: Val_Loss = 1.804553508758545, Val_Err = 47.82
root: Epoch: [6 | 300]
root: Train_Loss = 1.2948949337005615, Train_Err = 37.142
root: Val_Loss = 1.5935298204421997, Val_Err = 43.98
root: Epoch: [7 | 300]
root: Train_Loss = 1.1845729351043701, Train_Err = 34.73
root: Val_Loss = 1.5142589807510376, Val_Err = 41.4
root: Epoch: [8 | 300]
root: Train_Loss = 1.0926843881607056, Train_Err = 32.012
root: Val_Loss = 1.428634524345398, Val_Err = 39.55
root: Epoch: [9 | 300]
root: Train_Loss = 1.0162804126739502, Train_Err = 30.366
root: Val_Loss = 1.3631559610366821, Val_Err = 37.45
root: Epoch: [10 | 300]
root: Train_Loss = 0.9502859115600586, Train_Err = 28.336
root: Val_Loss = 1.270861029624939, Val_Err = 35.5
root: Epoch: [11 | 300]
root: Train_Loss = 0.8846253156661987, Train_Err = 26.768
root: Val_Loss = 1.478238821029663, Val_Err = 39.0
root: Epoch: [12 | 300]
root: Train_Loss = 0.8310378193855286, Train_Err = 25.136
root: Val_Loss = 1.386731505393982, Val_Err = 36.22
root: Epoch: [13 | 300]
root: Train_Loss = 0.790960967540741, Train_Err = 24.126
root: Val_Loss = 1.323309302330017, Val_Err = 34.98
root: Epoch: [14 | 300]
root: Train_Loss = 0.748297393321991, Train_Err = 23.022
root: Val_Loss = 1.3422603607177734, Val_Err = 35.22
root: Epoch: [15 | 300]
root: Train_Loss = 0.7039172649383545, Train_Err = 21.818
root: Val_Loss = 1.2759902477264404, Val_Err = 33.61
root: Epoch: [16 | 300]
root: Train_Loss = 0.6680611371994019, Train_Err = 20.438
root: Val_Loss = 1.3126190900802612, Val_Err = 34.09
root: Epoch: [17 | 300]
root: Train_Loss = 0.6361603140830994, Train_Err = 19.82
root: Val_Loss = 1.2209409475326538, Val_Err = 33.0
root: Epoch: [18 | 300]
root: Train_Loss = 0.6107532382011414, Train_Err = 19.12
root: Val_Loss = 1.328009843826294, Val_Err = 34.4
root: Epoch: [19 | 300]
root: Train_Loss = 0.5836527347564697, Train_Err = 18.492
root: Val_Loss = 1.1758571863174438, Val_Err = 30.68
root: Epoch: [20 | 300]
root: Train_Loss = 0.5504903793334961, Train_Err = 17.242
root: Val_Loss = 1.266137719154358, Val_Err = 32.93
root: Epoch: [21 | 300]
root: Train_Loss = 0.5310974717140198, Train_Err = 16.796
root: Val_Loss = 1.270556092262268, Val_Err = 33.5
root: Epoch: [22 | 300]
root: Train_Loss = 0.5108579397201538, Train_Err = 16.166
root: Val_Loss = 1.2708983421325684, Val_Err = 32.35
root: Epoch: [23 | 300]
root: Train_Loss = 0.4814550578594208, Train_Err = 15.138
root: Val_Loss = 1.286948561668396, Val_Err = 31.87
root: Epoch: [24 | 300]
root: Train_Loss = 0.4713292121887207, Train_Err = 14.994
root: Val_Loss = 1.3086289167404175, Val_Err = 32.78
root: Epoch: [25 | 300]
root: Train_Loss = 0.44762924313545227, Train_Err = 14.272
root: Val_Loss = 1.247393012046814, Val_Err = 31.25
root: Epoch: [26 | 300]
root: Train_Loss = 0.4420531094074249, Train_Err = 14.074
root: Val_Loss = 1.3243381977081299, Val_Err = 31.73
root: Epoch: [27 | 300]
root: Train_Loss = 0.413603812456131, Train_Err = 13.328
root: Val_Loss = 1.3309293985366821, Val_Err = 32.19
root: Epoch: [28 | 300]
root: Train_Loss = 0.39887115359306335, Train_Err = 12.746
root: Val_Loss = 1.3050142526626587, Val_Err = 31.47
root: Epoch: [29 | 300]
root: Train_Loss = 0.4039156436920166, Train_Err = 12.856
root: Val_Loss = 1.342869520187378, Val_Err = 31.36
root: Epoch: [30 | 300]
root: Train_Loss = 0.38058745861053467, Train_Err = 12.148
root: Val_Loss = 1.3927130699157715, Val_Err = 32.68
root: Epoch: [31 | 300]
root: Train_Loss = 0.37859901785850525, Train_Err = 12.094
root: Val_Loss = 1.2364825010299683, Val_Err = 30.58
root: Epoch: [32 | 300]
root: Train_Loss = 0.3617406189441681, Train_Err = 11.578
root: Val_Loss = 1.2370697259902954, Val_Err = 30.58
root: Epoch: [33 | 300]
root: Train_Loss = 0.35615354776382446, Train_Err = 11.358
root: Val_Loss = 1.3492294549942017, Val_Err = 31.44
root: Epoch: [34 | 300]
root: Train_Loss = 0.3440045118331909, Train_Err = 11.26
root: Val_Loss = 1.2395155429840088, Val_Err = 30.09
root: Epoch: [35 | 300]
root: Train_Loss = 0.3305560052394867, Train_Err = 10.572
root: Val_Loss = 1.420098900794983, Val_Err = 31.4
root: Epoch: [36 | 300]
root: Train_Loss = 0.32467272877693176, Train_Err = 10.378
root: Val_Loss = 1.4037296772003174, Val_Err = 31.57
root: Epoch: [37 | 300]
root: Train_Loss = 0.3271510601043701, Train_Err = 10.56
root: Val_Loss = 1.4224021434783936, Val_Err = 32.66
root: Epoch: [38 | 300]
root: Train_Loss = 0.30735382437705994, Train_Err = 9.844
root: Val_Loss = 1.2379034757614136, Val_Err = 29.07
root: Epoch: [39 | 300]
root: Train_Loss = 0.30682817101478577, Train_Err = 9.788
root: Val_Loss = 1.3311676979064941, Val_Err = 30.59
root: Epoch: [40 | 300]
root: Train_Loss = 0.31303760409355164, Train_Err = 10.178
root: Val_Loss = 1.3387221097946167, Val_Err = 30.74
root: Epoch: [41 | 300]
root: Train_Loss = 0.3030998110771179, Train_Err = 9.758
root: Val_Loss = 1.296055555343628, Val_Err = 29.55
root: Epoch: [42 | 300]
root: Train_Loss = 0.3008120059967041, Train_Err = 9.678
root: Val_Loss = 1.3646788597106934, Val_Err = 30.11
root: Epoch: [43 | 300]
root: Train_Loss = 0.285517156124115, Train_Err = 9.252
root: Val_Loss = 1.273772954940796, Val_Err = 29.08
root: Epoch: [44 | 300]
root: Train_Loss = 0.2805625796318054, Train_Err = 9.08
root: Val_Loss = 1.2646054029464722, Val_Err = 29.24
root: Epoch: [45 | 300]
root: Train_Loss = 0.27716735005378723, Train_Err = 8.802
root: Val_Loss = 1.5425399541854858, Val_Err = 32.18
root: Epoch: [46 | 300]
root: Train_Loss = 0.28326135873794556, Train_Err = 9.024
root: Val_Loss = 1.372017741203308, Val_Err = 31.14
root: Epoch: [47 | 300]
root: Train_Loss = 0.2633126378059387, Train_Err = 8.386
root: Val_Loss = 1.2870192527770996, Val_Err = 29.75
root: Epoch: [48 | 300]
root: Train_Loss = 0.27141958475112915, Train_Err = 8.6
root: Val_Loss = 1.3157440423965454, Val_Err = 29.61
root: Epoch: [49 | 300]
root: Train_Loss = 0.2739832103252411, Train_Err = 8.708
root: Val_Loss = 1.2732560634613037, Val_Err = 29.84
root: Epoch: [50 | 300]
root: Train_Loss = 0.2638629376888275, Train_Err = 8.392
root: Val_Loss = 1.344933032989502, Val_Err = 30.38
root: Epoch: [51 | 300]
root: Train_Loss = 0.24138243496418, Train_Err = 7.458
root: Val_Loss = 1.3032680749893188, Val_Err = 31.03
root: Epoch: [52 | 300]
root: Train_Loss = 0.25514402985572815, Train_Err = 8.136
root: Val_Loss = 1.3661442995071411, Val_Err = 31.07
root: Epoch: [53 | 300]
root: Train_Loss = 0.2609354257583618, Train_Err = 8.356
root: Val_Loss = 1.414856195449829, Val_Err = 31.01
root: Epoch: [54 | 300]
root: Train_Loss = 0.2519203722476959, Train_Err = 7.92
root: Val_Loss = 1.368444800376892, Val_Err = 29.82
root: Epoch: [55 | 300]
root: Train_Loss = 0.26176202297210693, Train_Err = 8.34
root: Val_Loss = 1.2984106540679932, Val_Err = 29.55
root: Epoch: [56 | 300]
root: Train_Loss = 0.24577559530735016, Train_Err = 7.826
root: Val_Loss = 1.2885605096817017, Val_Err = 28.63
root: Epoch: [57 | 300]
root: Train_Loss = 0.24005399644374847, Train_Err = 7.508
root: Val_Loss = 1.2542579174041748, Val_Err = 28.25
root: Epoch: [58 | 300]
root: Train_Loss = 0.24562892317771912, Train_Err = 7.8
root: Val_Loss = 1.423146367073059, Val_Err = 29.59
root: Epoch: [59 | 300]
root: Train_Loss = 0.24837584793567657, Train_Err = 8.062
root: Val_Loss = 1.4034597873687744, Val_Err = 30.1
root: Epoch: [60 | 300]
root: Train_Loss = 0.23542460799217224, Train_Err = 7.52
root: Val_Loss = 1.5518016815185547, Val_Err = 31.94
root: Epoch: [61 | 300]
root: Train_Loss = 0.2452864795923233, Train_Err = 7.654
root: Val_Loss = 1.5562694072723389, Val_Err = 31.99
root: Epoch: [62 | 300]
root: Train_Loss = 0.24702142179012299, Train_Err = 7.798
root: Val_Loss = 1.3912975788116455, Val_Err = 30.91
root: Epoch: [63 | 300]
root: Train_Loss = 0.22761650383472443, Train_Err = 7.228
root: Val_Loss = 1.3996154069900513, Val_Err = 29.9
root: Epoch: [64 | 300]
root: Train_Loss = 0.22650505602359772, Train_Err = 7.12
root: Val_Loss = 1.3005726337432861, Val_Err = 28.9
root: Epoch: [65 | 300]
root: Train_Loss = 0.2253531813621521, Train_Err = 7.148
root: Val_Loss = 1.242743968963623, Val_Err = 27.28
root: Epoch: [66 | 300]
root: Train_Loss = 0.231687530875206, Train_Err = 7.37
root: Val_Loss = 1.257299542427063, Val_Err = 28.94
root: Epoch: [67 | 300]
root: Train_Loss = 0.23853085935115814, Train_Err = 7.576
root: Val_Loss = 1.3590850830078125, Val_Err = 30.12
root: Epoch: [68 | 300]
root: Train_Loss = 0.23844531178474426, Train_Err = 7.588
root: Val_Loss = 1.3181768655776978, Val_Err = 28.16
root: Epoch: [69 | 300]
root: Train_Loss = 0.22475722432136536, Train_Err = 7.128
root: Val_Loss = 1.3017455339431763, Val_Err = 28.78
root: Epoch: [70 | 300]
root: Train_Loss = 0.2165490984916687, Train_Err = 6.776
root: Val_Loss = 1.345868468284607, Val_Err = 28.51
root: Epoch: [71 | 300]
root: Train_Loss = 0.22325801849365234, Train_Err = 7.054
root: Val_Loss = 1.4248775243759155, Val_Err = 30.54
root: Epoch: [72 | 300]
root: Train_Loss = 0.22999630868434906, Train_Err = 7.262
root: Val_Loss = 1.3043365478515625, Val_Err = 28.6
root: Epoch: [73 | 300]
root: Train_Loss = 0.21574847400188446, Train_Err = 6.778
root: Val_Loss = 1.3223376274108887, Val_Err = 29.68
root: Epoch: [74 | 300]
root: Train_Loss = 0.21246787905693054, Train_Err = 6.764
root: Val_Loss = 1.3878910541534424, Val_Err = 30.56
root: Epoch: [75 | 300]
root: Train_Loss = 0.20733210444450378, Train_Err = 6.456
root: Val_Loss = 1.3778966665267944, Val_Err = 29.0
root: Epoch: [76 | 300]
root: Train_Loss = 0.2134774923324585, Train_Err = 6.754
root: Val_Loss = 1.4224252700805664, Val_Err = 29.96
root: Epoch: [77 | 300]
root: Train_Loss = 0.20828719437122345, Train_Err = 6.652
root: Val_Loss = 1.3336873054504395, Val_Err = 29.24
root: Epoch: [78 | 300]
root: Train_Loss = 0.22250287234783173, Train_Err = 7.018
root: Val_Loss = 1.3630621433258057, Val_Err = 29.61
root: Epoch: [79 | 300]
root: Train_Loss = 0.2123783528804779, Train_Err = 6.626
root: Val_Loss = 1.353232979774475, Val_Err = 28.85
root: Epoch: [80 | 300]
root: Train_Loss = 0.21601524949073792, Train_Err = 6.81
root: Val_Loss = 1.3471269607543945, Val_Err = 29.1
root: Epoch: [81 | 300]
root: Train_Loss = 0.20638325810432434, Train_Err = 6.502
root: Val_Loss = 1.3219118118286133, Val_Err = 28.51
root: Epoch: [82 | 300]
root: Train_Loss = 0.21112088859081268, Train_Err = 6.642
root: Val_Loss = 1.3053146600723267, Val_Err = 29.14
root: Epoch: [83 | 300]
root: Train_Loss = 0.20913065969944, Train_Err = 6.674
root: Val_Loss = 1.185240626335144, Val_Err = 27.72
root: Epoch: [84 | 300]
root: Train_Loss = 0.1944389045238495, Train_Err = 6.134
root: Val_Loss = 1.1943585872650146, Val_Err = 27.44
root: Epoch: [85 | 300]
root: Train_Loss = 0.21087807416915894, Train_Err = 6.668
root: Val_Loss = 1.3851573467254639, Val_Err = 29.56
root: Epoch: [86 | 300]
root: Train_Loss = 0.193405419588089, Train_Err = 6.114
root: Val_Loss = 1.2491997480392456, Val_Err = 27.24
root: Epoch: [87 | 300]
root: Train_Loss = 0.1965825855731964, Train_Err = 6.162
root: Val_Loss = 1.3564410209655762, Val_Err = 29.9
root: Epoch: [88 | 300]
root: Train_Loss = 0.19908469915390015, Train_Err = 6.32
root: Val_Loss = 1.455765962600708, Val_Err = 29.67
root: Epoch: [89 | 300]
root: Train_Loss = 0.2101319134235382, Train_Err = 6.558
root: Val_Loss = 1.2531274557113647, Val_Err = 28.29
root: Epoch: [90 | 300]
root: Train_Loss = 0.19862791895866394, Train_Err = 6.326
root: Val_Loss = 1.468225359916687, Val_Err = 31.77
root: Epoch: [91 | 300]
root: Train_Loss = 0.20703212916851044, Train_Err = 6.544
root: Val_Loss = 1.385567545890808, Val_Err = 29.57
root: Epoch: [92 | 300]
root: Train_Loss = 0.1929985135793686, Train_Err = 6.042
root: Val_Loss = 1.348505973815918, Val_Err = 28.84
root: Epoch: [93 | 300]
root: Train_Loss = 0.1973273903131485, Train_Err = 6.012
root: Val_Loss = 1.405847191810608, Val_Err = 29.48
root: Epoch: [94 | 300]
root: Train_Loss = 0.19871792197227478, Train_Err = 6.156
root: Val_Loss = 1.2491801977157593, Val_Err = 27.88
root: Epoch: [95 | 300]
root: Train_Loss = 0.20267216861248016, Train_Err = 6.36
root: Val_Loss = 1.338772177696228, Val_Err = 27.58
root: Epoch: [96 | 300]
root: Train_Loss = 0.18067364394664764, Train_Err = 5.61
root: Val_Loss = 1.252733588218689, Val_Err = 28.08
root: Epoch: [97 | 300]
root: Train_Loss = 0.18045304715633392, Train_Err = 5.55
root: Val_Loss = 1.249326229095459, Val_Err = 27.96
root: Epoch: [98 | 300]
root: Train_Loss = 0.191146582365036, Train_Err = 6.018
root: Val_Loss = 1.2539823055267334, Val_Err = 28.14
root: Epoch: [99 | 300]
root: Train_Loss = 0.18758296966552734, Train_Err = 5.876
root: Val_Loss = 1.375206470489502, Val_Err = 28.4
root: Epoch: [100 | 300]
root: Train_Loss = 0.19397331774234772, Train_Err = 6.07
root: Val_Loss = 1.2834316492080688, Val_Err = 28.23
root: Epoch: [101 | 300]
root: Train_Loss = 0.18588455021381378, Train_Err = 5.902
root: Val_Loss = 1.3214243650436401, Val_Err = 27.37
root: Epoch: [102 | 300]
root: Train_Loss = 0.18651272356510162, Train_Err = 5.874
root: Val_Loss = 1.2322636842727661, Val_Err = 27.38
root: Epoch: [103 | 300]
root: Train_Loss = 0.16835583746433258, Train_Err = 5.196
root: Val_Loss = 1.313259482383728, Val_Err = 28.06
root: Epoch: [104 | 300]
root: Train_Loss = 0.1998692750930786, Train_Err = 6.316
root: Val_Loss = 1.3900169134140015, Val_Err = 29.9
root: Epoch: [105 | 300]
root: Train_Loss = 0.20236189663410187, Train_Err = 6.318
root: Val_Loss = 1.2506635189056396, Val_Err = 27.62
root: Epoch: [106 | 300]
root: Train_Loss = 0.18213628232479095, Train_Err = 5.694
root: Val_Loss = 1.439549207687378, Val_Err = 29.44
root: Epoch: [107 | 300]
root: Train_Loss = 0.1900709867477417, Train_Err = 5.978
root: Val_Loss = 1.2647773027420044, Val_Err = 27.56
root: Epoch: [108 | 300]
root: Train_Loss = 0.17935191094875336, Train_Err = 5.54
root: Val_Loss = 1.3974909782409668, Val_Err = 28.91
root: Epoch: [109 | 300]
root: Train_Loss = 0.1798308789730072, Train_Err = 5.536
root: Val_Loss = 1.2496744394302368, Val_Err = 27.52
root: Epoch: [110 | 300]
root: Train_Loss = 0.19187507033348083, Train_Err = 5.954
root: Val_Loss = 1.2868340015411377, Val_Err = 27.14
root: Epoch: [111 | 300]
root: Train_Loss = 0.17831605672836304, Train_Err = 5.54
root: Val_Loss = 1.337326169013977, Val_Err = 28.68
root: Epoch: [112 | 300]
root: Train_Loss = 0.18039031326770782, Train_Err = 5.61
root: Val_Loss = 1.2454465627670288, Val_Err = 27.47
root: Epoch: [113 | 300]
root: Train_Loss = 0.17967461049556732, Train_Err = 5.538
root: Val_Loss = 1.3333044052124023, Val_Err = 29.01
root: Epoch: [114 | 300]
root: Train_Loss = 0.17705003917217255, Train_Err = 5.542
root: Val_Loss = 1.2598354816436768, Val_Err = 27.85
root: Epoch: [115 | 300]
root: Train_Loss = 0.17133726179599762, Train_Err = 5.362
root: Val_Loss = 1.2790005207061768, Val_Err = 27.16
root: Epoch: [116 | 300]
root: Train_Loss = 0.19377537071704865, Train_Err = 6.138
root: Val_Loss = 1.367272973060608, Val_Err = 29.24
root: Epoch: [117 | 300]
root: Train_Loss = 0.17132386565208435, Train_Err = 5.262
root: Val_Loss = 1.3025985956192017, Val_Err = 27.35
root: Epoch: [118 | 300]
root: Train_Loss = 0.17625144124031067, Train_Err = 5.612
root: Val_Loss = 1.388867735862732, Val_Err = 29.36
root: Epoch: [119 | 300]
root: Train_Loss = 0.17740663886070251, Train_Err = 5.49
root: Val_Loss = 1.31028151512146, Val_Err = 29.06
root: Epoch: [120 | 300]
root: Train_Loss = 0.17685669660568237, Train_Err = 5.638
root: Val_Loss = 1.3333626985549927, Val_Err = 28.33
root: Epoch: [121 | 300]
root: Train_Loss = 0.18068985641002655, Train_Err = 5.598
root: Val_Loss = 1.325661540031433, Val_Err = 29.02
root: Epoch: [122 | 300]
root: Train_Loss = 0.17455007135868073, Train_Err = 5.352
root: Val_Loss = 1.3234037160873413, Val_Err = 29.31
root: Epoch: [123 | 300]
root: Train_Loss = 0.1866392344236374, Train_Err = 5.816
root: Val_Loss = 1.2910302877426147, Val_Err = 27.75
root: Epoch: [124 | 300]
root: Train_Loss = 0.16311980783939362, Train_Err = 5.164
root: Val_Loss = 1.3997204303741455, Val_Err = 28.69
root: Epoch: [125 | 300]
root: Train_Loss = 0.16398589313030243, Train_Err = 5.162
root: Val_Loss = 1.1943511962890625, Val_Err = 26.35
root: Epoch: [126 | 300]
root: Train_Loss = 0.1608235090970993, Train_Err = 5.054
root: Val_Loss = 1.2449581623077393, Val_Err = 27.97
root: Epoch: [127 | 300]
root: Train_Loss = 0.1621668040752411, Train_Err = 4.98
root: Val_Loss = 1.2693920135498047, Val_Err = 26.87
root: Epoch: [128 | 300]
root: Train_Loss = 0.17461171746253967, Train_Err = 5.448
root: Val_Loss = 1.265022873878479, Val_Err = 27.05
root: Epoch: [129 | 300]
root: Train_Loss = 0.18174155056476593, Train_Err = 5.55
root: Val_Loss = 1.3265340328216553, Val_Err = 28.45
root: Epoch: [130 | 300]
root: Train_Loss = 0.1783113181591034, Train_Err = 5.52
root: Val_Loss = 1.3720433712005615, Val_Err = 29.18
root: Epoch: [131 | 300]
root: Train_Loss = 0.1744569092988968, Train_Err = 5.398
root: Val_Loss = 1.2286728620529175, Val_Err = 26.19
root: Epoch: [132 | 300]
root: Train_Loss = 0.15283599495887756, Train_Err = 4.644
root: Val_Loss = 1.311531662940979, Val_Err = 27.63
root: Epoch: [133 | 300]
root: Train_Loss = 0.1727897673845291, Train_Err = 5.328
root: Val_Loss = 1.3382396697998047, Val_Err = 28.07
root: Epoch: [134 | 300]
root: Train_Loss = 0.18240714073181152, Train_Err = 5.858
root: Val_Loss = 1.2774556875228882, Val_Err = 27.9
root: Epoch: [135 | 300]
root: Train_Loss = 0.1620892733335495, Train_Err = 5.036
root: Val_Loss = 1.237524151802063, Val_Err = 27.13
root: Epoch: [136 | 300]
root: Train_Loss = 0.1525959074497223, Train_Err = 4.666
root: Val_Loss = 1.3298618793487549, Val_Err = 27.23
root: Epoch: [137 | 300]
root: Train_Loss = 0.16644743084907532, Train_Err = 5.282
root: Val_Loss = 1.40911066532135, Val_Err = 28.8
root: Epoch: [138 | 300]
root: Train_Loss = 0.17190024256706238, Train_Err = 5.388
root: Val_Loss = 1.342305064201355, Val_Err = 28.0
root: Epoch: [139 | 300]
root: Train_Loss = 0.17222361266613007, Train_Err = 5.446
root: Val_Loss = 1.2147486209869385, Val_Err = 26.71
root: Epoch: [140 | 300]
root: Train_Loss = 0.16479995846748352, Train_Err = 5.082
root: Val_Loss = 1.227583408355713, Val_Err = 26.97
root: Epoch: [141 | 300]
root: Train_Loss = 0.16772060096263885, Train_Err = 5.242
root: Val_Loss = 1.3528281450271606, Val_Err = 29.63
root: Epoch: [142 | 300]
root: Train_Loss = 0.1637270748615265, Train_Err = 5.122
root: Val_Loss = 1.2467061281204224, Val_Err = 27.19
root: Epoch: [143 | 300]
root: Train_Loss = 0.15760132670402527, Train_Err = 4.888
root: Val_Loss = 1.2831954956054688, Val_Err = 27.52
root: Epoch: [144 | 300]
root: Train_Loss = 0.17593666911125183, Train_Err = 5.452
root: Val_Loss = 1.3756299018859863, Val_Err = 28.51
root: Epoch: [145 | 300]
root: Train_Loss = 0.16227109730243683, Train_Err = 5.052
root: Val_Loss = 1.265348196029663, Val_Err = 27.59
root: Epoch: [146 | 300]
root: Train_Loss = 0.15627586841583252, Train_Err = 4.804
root: Val_Loss = 1.2195581197738647, Val_Err = 24.98
root: Epoch: [147 | 300]
root: Train_Loss = 0.1567109376192093, Train_Err = 4.932
root: Val_Loss = 1.2910481691360474, Val_Err = 27.96
root: Epoch: [148 | 300]
root: Train_Loss = 0.16541555523872375, Train_Err = 5.158
root: Val_Loss = 1.3042151927947998, Val_Err = 27.68
root: Epoch: [149 | 300]
root: Train_Loss = 0.1595648229122162, Train_Err = 4.922
root: Val_Loss = 1.3885860443115234, Val_Err = 28.38
root: Epoch: [150 | 300]
root: Train_Loss = 0.05662912875413895, Train_Err = 1.464
root: Val_Loss = 0.8353274464607239, Val_Err = 19.47
root: Epoch: [151 | 300]
root: Train_Loss = 0.022339731454849243, Train_Err = 0.378
root: Val_Loss = 0.8282840847969055, Val_Err = 18.84
root: Epoch: [152 | 300]
root: Train_Loss = 0.016064859926700592, Train_Err = 0.264
root: Val_Loss = 0.8175391554832458, Val_Err = 18.57
root: Epoch: [153 | 300]
root: Train_Loss = 0.014408568851649761, Train_Err = 0.232
root: Val_Loss = 0.8127349615097046, Val_Err = 18.47
root: Epoch: [154 | 300]
root: Train_Loss = 0.012103956192731857, Train_Err = 0.194
root: Val_Loss = 0.8105480074882507, Val_Err = 18.37
root: Epoch: [155 | 300]
root: Train_Loss = 0.01069303322583437, Train_Err = 0.144
root: Val_Loss = 0.8084565997123718, Val_Err = 18.28
root: Epoch: [156 | 300]
root: Train_Loss = 0.009803028777241707, Train_Err = 0.142
root: Val_Loss = 0.8073768019676208, Val_Err = 17.77
root: Epoch: [157 | 300]
root: Train_Loss = 0.008185533806681633, Train_Err = 0.092
root: Val_Loss = 0.8009495139122009, Val_Err = 17.95
root: Epoch: [158 | 300]
root: Train_Loss = 0.008026203140616417, Train_Err = 0.11
root: Val_Loss = 0.7948424220085144, Val_Err = 17.61
root: Epoch: [159 | 300]
root: Train_Loss = 0.007839041762053967, Train_Err = 0.112
root: Val_Loss = 0.7887927889823914, Val_Err = 17.89
root: Epoch: [160 | 300]
root: Train_Loss = 0.007771896198391914, Train_Err = 0.096
root: Val_Loss = 0.7925638556480408, Val_Err = 17.89
root: Epoch: [161 | 300]
root: Train_Loss = 0.007801496889442205, Train_Err = 0.12
root: Val_Loss = 0.7943519949913025, Val_Err = 17.73
root: Epoch: [162 | 300]
root: Train_Loss = 0.007177050691097975, Train_Err = 0.108
root: Val_Loss = 0.7830518484115601, Val_Err = 17.72
root: Epoch: [163 | 300]
root: Train_Loss = 0.006912432610988617, Train_Err = 0.1
root: Val_Loss = 0.7893270254135132, Val_Err = 17.78
root: Epoch: [164 | 300]
root: Train_Loss = 0.007291239220649004, Train_Err = 0.106
root: Val_Loss = 0.7847840189933777, Val_Err = 18.01
root: Epoch: [165 | 300]
root: Train_Loss = 0.006519704591482878, Train_Err = 0.086
root: Val_Loss = 0.7881544828414917, Val_Err = 17.75
root: Epoch: [166 | 300]
root: Train_Loss = 0.0061314841732382774, Train_Err = 0.086
root: Val_Loss = 0.7849663496017456, Val_Err = 17.8
root: Epoch: [167 | 300]
root: Train_Loss = 0.005957103334367275, Train_Err = 0.078
root: Val_Loss = 0.77903151512146, Val_Err = 17.82
root: Epoch: [168 | 300]
root: Train_Loss = 0.006168369669467211, Train_Err = 0.086
root: Val_Loss = 0.7776743173599243, Val_Err = 17.47
root: Epoch: [169 | 300]
root: Train_Loss = 0.006371336989104748, Train_Err = 0.102
root: Val_Loss = 0.778531014919281, Val_Err = 17.78
root: Epoch: [170 | 300]
root: Train_Loss = 0.006156216841191053, Train_Err = 0.104
root: Val_Loss = 0.7779297828674316, Val_Err = 17.66
root: Epoch: [171 | 300]
root: Train_Loss = 0.0059439195320010185, Train_Err = 0.078
root: Val_Loss = 0.767598569393158, Val_Err = 17.62
root: Epoch: [172 | 300]
root: Train_Loss = 0.0056165349669754505, Train_Err = 0.074
root: Val_Loss = 0.775251030921936, Val_Err = 17.64
root: Epoch: [173 | 300]
root: Train_Loss = 0.005748832132667303, Train_Err = 0.08
root: Val_Loss = 0.7698749303817749, Val_Err = 17.71
root: Epoch: [174 | 300]
root: Train_Loss = 0.005288301967084408, Train_Err = 0.074
root: Val_Loss = 0.7675134539604187, Val_Err = 17.73
root: Epoch: [175 | 300]
root: Train_Loss = 0.005505325738340616, Train_Err = 0.074
root: Val_Loss = 0.7684337496757507, Val_Err = 17.57
root: Epoch: [176 | 300]
root: Train_Loss = 0.005168627016246319, Train_Err = 0.066
root: Val_Loss = 0.7610769271850586, Val_Err = 17.53
root: Epoch: [177 | 300]
root: Train_Loss = 0.005384061019867659, Train_Err = 0.076
root: Val_Loss = 0.7620100378990173, Val_Err = 17.58
root: Epoch: [178 | 300]
root: Train_Loss = 0.004990131128579378, Train_Err = 0.052
root: Val_Loss = 0.7644602060317993, Val_Err = 17.46
root: Epoch: [179 | 300]
root: Train_Loss = 0.00516176363453269, Train_Err = 0.058
root: Val_Loss = 0.7587004899978638, Val_Err = 17.52
root: Epoch: [180 | 300]
root: Train_Loss = 0.005487557966262102, Train_Err = 0.064
root: Val_Loss = 0.7557771801948547, Val_Err = 17.54
root: Epoch: [181 | 300]
root: Train_Loss = 0.005065036937594414, Train_Err = 0.064
root: Val_Loss = 0.7521861791610718, Val_Err = 17.42
root: Epoch: [182 | 300]
root: Train_Loss = 0.004838049411773682, Train_Err = 0.056
root: Val_Loss = 0.7527151703834534, Val_Err = 17.37
root: Epoch: [183 | 300]
root: Train_Loss = 0.0051107872277498245, Train_Err = 0.076
root: Val_Loss = 0.7562261819839478, Val_Err = 17.34
root: Epoch: [184 | 300]
root: Train_Loss = 0.0051445383578538895, Train_Err = 0.064
root: Val_Loss = 0.7538546919822693, Val_Err = 17.34
root: Epoch: [185 | 300]
root: Train_Loss = 0.0049714138731360435, Train_Err = 0.066
root: Val_Loss = 0.7505750060081482, Val_Err = 17.45
root: Epoch: [186 | 300]
root: Train_Loss = 0.0051379697397351265, Train_Err = 0.086
root: Val_Loss = 0.7519031763076782, Val_Err = 17.47
root: Epoch: [187 | 300]
root: Train_Loss = 0.004948483780026436, Train_Err = 0.062
root: Val_Loss = 0.7490646839141846, Val_Err = 17.43
root: Epoch: [188 | 300]
root: Train_Loss = 0.005024997051805258, Train_Err = 0.062
root: Val_Loss = 0.7440932989120483, Val_Err = 17.55
root: Epoch: [189 | 300]
root: Train_Loss = 0.0049975477159023285, Train_Err = 0.068
root: Val_Loss = 0.7389397621154785, Val_Err = 17.32
root: Epoch: [190 | 300]
root: Train_Loss = 0.004933018237352371, Train_Err = 0.066
root: Val_Loss = 0.7463028430938721, Val_Err = 17.61
root: Epoch: [191 | 300]
root: Train_Loss = 0.005208257120102644, Train_Err = 0.076
root: Val_Loss = 0.742224395275116, Val_Err = 17.24
root: Epoch: [192 | 300]
root: Train_Loss = 0.004583198577165604, Train_Err = 0.052
root: Val_Loss = 0.7459880709648132, Val_Err = 17.44
root: Epoch: [193 | 300]
root: Train_Loss = 0.004780057352036238, Train_Err = 0.054
root: Val_Loss = 0.7436431646347046, Val_Err = 17.46
root: Epoch: [194 | 300]
root: Train_Loss = 0.0048509519547224045, Train_Err = 0.052
root: Val_Loss = 0.7442988157272339, Val_Err = 17.45
root: Epoch: [195 | 300]
root: Train_Loss = 0.004632009193301201, Train_Err = 0.046
root: Val_Loss = 0.7411540746688843, Val_Err = 17.34
root: Epoch: [196 | 300]
root: Train_Loss = 0.0050049275159835815, Train_Err = 0.064
root: Val_Loss = 0.736867368221283, Val_Err = 17.53
root: Epoch: [197 | 300]
root: Train_Loss = 0.00526348315179348, Train_Err = 0.08
root: Val_Loss = 0.7393267154693604, Val_Err = 17.49
root: Epoch: [198 | 300]
root: Train_Loss = 0.004222753457725048, Train_Err = 0.032
root: Val_Loss = 0.7354647517204285, Val_Err = 17.36
root: Epoch: [199 | 300]
root: Train_Loss = 0.004706449341028929, Train_Err = 0.05
root: Val_Loss = 0.7376983165740967, Val_Err = 17.42
root: Epoch: [200 | 300]
root: Train_Loss = 0.004766499623656273, Train_Err = 0.064
root: Val_Loss = 0.7389986515045166, Val_Err = 17.5
root: Epoch: [201 | 300]
root: Train_Loss = 0.004806735087186098, Train_Err = 0.068
root: Val_Loss = 0.7361852526664734, Val_Err = 17.27
root: Epoch: [202 | 300]
root: Train_Loss = 0.004451856017112732, Train_Err = 0.044
root: Val_Loss = 0.7337970733642578, Val_Err = 17.16
root: Epoch: [203 | 300]
root: Train_Loss = 0.0048781889490783215, Train_Err = 0.064
root: Val_Loss = 0.728905975818634, Val_Err = 17.29
root: Epoch: [204 | 300]
root: Train_Loss = 0.004372051451355219, Train_Err = 0.044
root: Val_Loss = 0.7338416576385498, Val_Err = 17.3
root: Epoch: [205 | 300]
root: Train_Loss = 0.005186549387872219, Train_Err = 0.062
root: Val_Loss = 0.72907954454422, Val_Err = 17.21
root: Epoch: [206 | 300]
root: Train_Loss = 0.004754979629069567, Train_Err = 0.052
root: Val_Loss = 0.7275558114051819, Val_Err = 17.22
root: Epoch: [207 | 300]
root: Train_Loss = 0.004740379750728607, Train_Err = 0.056
root: Val_Loss = 0.7231366634368896, Val_Err = 17.19
root: Epoch: [208 | 300]
root: Train_Loss = 0.004975855350494385, Train_Err = 0.054
root: Val_Loss = 0.7254323959350586, Val_Err = 17.18
root: Epoch: [209 | 300]
root: Train_Loss = 0.004657968413084745, Train_Err = 0.056
root: Val_Loss = 0.7259812951087952, Val_Err = 17.27
root: Epoch: [210 | 300]
root: Train_Loss = 0.0048640393652021885, Train_Err = 0.052
root: Val_Loss = 0.7193451523780823, Val_Err = 16.92
root: Epoch: [211 | 300]
root: Train_Loss = 0.0047277361154556274, Train_Err = 0.06
root: Val_Loss = 0.723429262638092, Val_Err = 16.91
root: Epoch: [212 | 300]
root: Train_Loss = 0.004727385006844997, Train_Err = 0.048
root: Val_Loss = 0.7204806208610535, Val_Err = 17.14
root: Epoch: [213 | 300]
root: Train_Loss = 0.004734198097139597, Train_Err = 0.066
root: Val_Loss = 0.7250344753265381, Val_Err = 17.25
root: Epoch: [214 | 300]
root: Train_Loss = 0.004632773343473673, Train_Err = 0.04
root: Val_Loss = 0.7230935096740723, Val_Err = 17.23
root: Epoch: [215 | 300]
root: Train_Loss = 0.0050491513684391975, Train_Err = 0.07
root: Val_Loss = 0.7232197523117065, Val_Err = 17.26
root: Epoch: [216 | 300]
root: Train_Loss = 0.004849032033234835, Train_Err = 0.064
root: Val_Loss = 0.7227534055709839, Val_Err = 17.27
root: Epoch: [217 | 300]
root: Train_Loss = 0.00490484107285738, Train_Err = 0.05
root: Val_Loss = 0.7258907556533813, Val_Err = 17.11
root: Epoch: [218 | 300]
root: Train_Loss = 0.004845250863581896, Train_Err = 0.052
root: Val_Loss = 0.7219337821006775, Val_Err = 17.18
root: Epoch: [219 | 300]
root: Train_Loss = 0.004752567503601313, Train_Err = 0.05
root: Val_Loss = 0.7202116847038269, Val_Err = 17.18
root: Epoch: [220 | 300]
root: Train_Loss = 0.004631704650819302, Train_Err = 0.046
root: Val_Loss = 0.7215201258659363, Val_Err = 17.17
root: Epoch: [221 | 300]
root: Train_Loss = 0.00459145475178957, Train_Err = 0.048
root: Val_Loss = 0.7188045978546143, Val_Err = 17.16
root: Epoch: [222 | 300]
root: Train_Loss = 0.004902904387563467, Train_Err = 0.06
root: Val_Loss = 0.7167154550552368, Val_Err = 17.16
root: Epoch: [223 | 300]
root: Train_Loss = 0.004396628588438034, Train_Err = 0.048
root: Val_Loss = 0.7226989269256592, Val_Err = 17.15
root: Epoch: [224 | 300]
root: Train_Loss = 0.0044823260977864265, Train_Err = 0.046
root: Val_Loss = 0.7130714058876038, Val_Err = 17.22
root: Epoch: [225 | 300]
root: Train_Loss = 0.0043123941868543625, Train_Err = 0.048
root: Val_Loss = 0.7199133634567261, Val_Err = 17.17
root: Epoch: [226 | 300]
root: Train_Loss = 0.004718076437711716, Train_Err = 0.058
root: Val_Loss = 0.7165670990943909, Val_Err = 17.24
root: Epoch: [227 | 300]
root: Train_Loss = 0.004030370153486729, Train_Err = 0.04
root: Val_Loss = 0.712734580039978, Val_Err = 17.23
root: Epoch: [228 | 300]
root: Train_Loss = 0.004293364007025957, Train_Err = 0.036
root: Val_Loss = 0.7164074778556824, Val_Err = 17.07
root: Epoch: [229 | 300]
root: Train_Loss = 0.004514331929385662, Train_Err = 0.036
root: Val_Loss = 0.7145095467567444, Val_Err = 17.13
root: Epoch: [230 | 300]
root: Train_Loss = 0.004248226992785931, Train_Err = 0.038
root: Val_Loss = 0.7128102779388428, Val_Err = 17.23
root: Epoch: [231 | 300]
root: Train_Loss = 0.004182117059826851, Train_Err = 0.04
root: Val_Loss = 0.718213677406311, Val_Err = 17.21
root: Epoch: [232 | 300]
root: Train_Loss = 0.0041672843508422375, Train_Err = 0.034
root: Val_Loss = 0.7152083516120911, Val_Err = 17.21
root: Epoch: [233 | 300]
root: Train_Loss = 0.004352222662419081, Train_Err = 0.05
root: Val_Loss = 0.7145535349845886, Val_Err = 17.22
root: Epoch: [234 | 300]
root: Train_Loss = 0.00449541537091136, Train_Err = 0.05
root: Val_Loss = 0.713681161403656, Val_Err = 17.11
root: Epoch: [235 | 300]
root: Train_Loss = 0.004468938801437616, Train_Err = 0.048
root: Val_Loss = 0.7156603336334229, Val_Err = 17.26
root: Epoch: [236 | 300]
root: Train_Loss = 0.004393774084746838, Train_Err = 0.044
root: Val_Loss = 0.7157918214797974, Val_Err = 17.26
root: Epoch: [237 | 300]
root: Train_Loss = 0.004164210520684719, Train_Err = 0.04
root: Val_Loss = 0.7178676724433899, Val_Err = 17.27
root: Epoch: [238 | 300]
root: Train_Loss = 0.0042132483795285225, Train_Err = 0.048
root: Val_Loss = 0.7114181518554688, Val_Err = 17.13
root: Epoch: [239 | 300]
root: Train_Loss = 0.004215313121676445, Train_Err = 0.032
root: Val_Loss = 0.7168611884117126, Val_Err = 17.08
root: Epoch: [240 | 300]
root: Train_Loss = 0.003968471195548773, Train_Err = 0.038
root: Val_Loss = 0.7183994054794312, Val_Err = 17.2
root: Epoch: [241 | 300]
root: Train_Loss = 0.004384768661111593, Train_Err = 0.052
root: Val_Loss = 0.7154125571250916, Val_Err = 17.25
root: Epoch: [242 | 300]
root: Train_Loss = 0.0043436638079583645, Train_Err = 0.044
root: Val_Loss = 0.71287602186203, Val_Err = 17.19
root: Epoch: [243 | 300]
root: Train_Loss = 0.0040427688509225845, Train_Err = 0.032
root: Val_Loss = 0.7168343663215637, Val_Err = 17.16
root: Epoch: [244 | 300]
root: Train_Loss = 0.004311979282647371, Train_Err = 0.03
root: Val_Loss = 0.7162022590637207, Val_Err = 17.15
root: Epoch: [245 | 300]
root: Train_Loss = 0.004055136814713478, Train_Err = 0.04
root: Val_Loss = 0.7146273851394653, Val_Err = 17.21
root: Epoch: [246 | 300]
root: Train_Loss = 0.0041637723334133625, Train_Err = 0.04
root: Val_Loss = 0.7222638130187988, Val_Err = 17.24
root: Epoch: [247 | 300]
root: Train_Loss = 0.00451503973454237, Train_Err = 0.048
root: Val_Loss = 0.7165141701698303, Val_Err = 17.14
root: Epoch: [248 | 300]
root: Train_Loss = 0.004258555360138416, Train_Err = 0.044
root: Val_Loss = 0.7090277671813965, Val_Err = 17.06
root: Epoch: [249 | 300]
root: Train_Loss = 0.004171663895249367, Train_Err = 0.038
root: Val_Loss = 0.7147863507270813, Val_Err = 17.16
root: Epoch: [250 | 300]
root: Train_Loss = 0.003926202189177275, Train_Err = 0.024
root: Val_Loss = 0.7159494161605835, Val_Err = 17.28
root: Epoch: [251 | 300]
root: Train_Loss = 0.003922482021152973, Train_Err = 0.034
root: Val_Loss = 0.7144091129302979, Val_Err = 17.14
root: Epoch: [252 | 300]
root: Train_Loss = 0.003924868069589138, Train_Err = 0.044
root: Val_Loss = 0.7169631123542786, Val_Err = 17.24
root: Epoch: [253 | 300]
root: Train_Loss = 0.003977972548455, Train_Err = 0.034
root: Val_Loss = 0.7141581773757935, Val_Err = 17.2
root: Epoch: [254 | 300]
root: Train_Loss = 0.004055430181324482, Train_Err = 0.038
root: Val_Loss = 0.7154258489608765, Val_Err = 17.28
root: Epoch: [255 | 300]
root: Train_Loss = 0.004061626270413399, Train_Err = 0.036
root: Val_Loss = 0.7165050506591797, Val_Err = 17.26
root: Epoch: [256 | 300]
root: Train_Loss = 0.0038698557764291763, Train_Err = 0.028
root: Val_Loss = 0.7153820395469666, Val_Err = 17.21
root: Epoch: [257 | 300]
root: Train_Loss = 0.0041275061666965485, Train_Err = 0.044
root: Val_Loss = 0.7117721438407898, Val_Err = 17.2
root: Epoch: [258 | 300]
root: Train_Loss = 0.004223673138767481, Train_Err = 0.048
root: Val_Loss = 0.7130135297775269, Val_Err = 17.14
root: Epoch: [259 | 300]
root: Train_Loss = 0.0039917584508657455, Train_Err = 0.036
root: Val_Loss = 0.7143527269363403, Val_Err = 17.22
root: Epoch: [260 | 300]
root: Train_Loss = 0.004238443914800882, Train_Err = 0.042
root: Val_Loss = 0.7185477614402771, Val_Err = 17.15
root: Epoch: [261 | 300]
root: Train_Loss = 0.004178464878350496, Train_Err = 0.042
root: Val_Loss = 0.7135874032974243, Val_Err = 17.17
root: Epoch: [262 | 300]
root: Train_Loss = 0.003942321054637432, Train_Err = 0.028
root: Val_Loss = 0.7106115221977234, Val_Err = 17.07
root: Epoch: [263 | 300]
root: Train_Loss = 0.004069726914167404, Train_Err = 0.036
root: Val_Loss = 0.7147262692451477, Val_Err = 17.06
root: Epoch: [264 | 300]
root: Train_Loss = 0.003995347302407026, Train_Err = 0.02
root: Val_Loss = 0.7131127715110779, Val_Err = 17.1
root: Epoch: [265 | 300]
root: Train_Loss = 0.0038532463368028402, Train_Err = 0.026
root: Val_Loss = 0.7161533832550049, Val_Err = 17.08
root: Epoch: [266 | 300]
root: Train_Loss = 0.004127451218664646, Train_Err = 0.04
root: Val_Loss = 0.7156877517700195, Val_Err = 17.13
root: Epoch: [267 | 300]
root: Train_Loss = 0.0042438446544110775, Train_Err = 0.036
root: Val_Loss = 0.7150548100471497, Val_Err = 17.19
root: Epoch: [268 | 300]
root: Train_Loss = 0.00408317893743515, Train_Err = 0.054
root: Val_Loss = 0.7161905169487, Val_Err = 17.14
root: Epoch: [269 | 300]
root: Train_Loss = 0.003976692911237478, Train_Err = 0.042
root: Val_Loss = 0.7136204242706299, Val_Err = 17.23
root: Epoch: [270 | 300]
root: Train_Loss = 0.0039560915902256966, Train_Err = 0.03
root: Val_Loss = 0.7147975564002991, Val_Err = 17.19
root: Epoch: [271 | 300]
root: Train_Loss = 0.004427946638315916, Train_Err = 0.064
root: Val_Loss = 0.7147825360298157, Val_Err = 17.07
root: Epoch: [272 | 300]
root: Train_Loss = 0.003792969509959221, Train_Err = 0.034
root: Val_Loss = 0.7127202749252319, Val_Err = 16.98
root: Epoch: [273 | 300]
root: Train_Loss = 0.004145442973822355, Train_Err = 0.046
root: Val_Loss = 0.7104551196098328, Val_Err = 17.21
root: Epoch: [274 | 300]
root: Train_Loss = 0.0038871571887284517, Train_Err = 0.034
root: Val_Loss = 0.7137886881828308, Val_Err = 17.2
root: Epoch: [275 | 300]
root: Train_Loss = 0.004196079447865486, Train_Err = 0.05
root: Val_Loss = 0.7180513739585876, Val_Err = 17.14
root: Epoch: [276 | 300]
root: Train_Loss = 0.004405023064464331, Train_Err = 0.054
root: Val_Loss = 0.7122856974601746, Val_Err = 17.02
root: Epoch: [277 | 300]
root: Train_Loss = 0.004416733980178833, Train_Err = 0.06
root: Val_Loss = 0.7125090956687927, Val_Err = 17.13
root: Epoch: [278 | 300]
root: Train_Loss = 0.003959672525525093, Train_Err = 0.034
root: Val_Loss = 0.7123463153839111, Val_Err = 17.1
root: Epoch: [279 | 300]
root: Train_Loss = 0.0038206917233765125, Train_Err = 0.038
root: Val_Loss = 0.7162262201309204, Val_Err = 17.33
root: Epoch: [280 | 300]
root: Train_Loss = 0.004166228696703911, Train_Err = 0.034
root: Val_Loss = 0.7111573815345764, Val_Err = 17.02
root: Epoch: [281 | 300]
root: Train_Loss = 0.004119965247809887, Train_Err = 0.036
root: Val_Loss = 0.7099973559379578, Val_Err = 17.03
root: Epoch: [282 | 300]
root: Train_Loss = 0.004078304395079613, Train_Err = 0.048
root: Val_Loss = 0.7119141221046448, Val_Err = 17.05
root: Epoch: [283 | 300]
root: Train_Loss = 0.004029436036944389, Train_Err = 0.048
root: Val_Loss = 0.7090352773666382, Val_Err = 16.98
root: Epoch: [284 | 300]
root: Train_Loss = 0.0038868067786097527, Train_Err = 0.032
root: Val_Loss = 0.713577151298523, Val_Err = 17.06
root: Epoch: [285 | 300]
root: Train_Loss = 0.003944727126508951, Train_Err = 0.03
root: Val_Loss = 0.7085651159286499, Val_Err = 17.01
root: Epoch: [286 | 300]
root: Train_Loss = 0.0038591891061514616, Train_Err = 0.034
root: Val_Loss = 0.7141326069831848, Val_Err = 17.04
root: Epoch: [287 | 300]
root: Train_Loss = 0.0039120321162045, Train_Err = 0.044
root: Val_Loss = 0.7137849926948547, Val_Err = 17.18
root: Epoch: [288 | 300]
root: Train_Loss = 0.004051519557833672, Train_Err = 0.036
root: Val_Loss = 0.7133572101593018, Val_Err = 17.12
root: Epoch: [289 | 300]
root: Train_Loss = 0.004151681903749704, Train_Err = 0.026
root: Val_Loss = 0.7095195055007935, Val_Err = 16.95
root: Epoch: [290 | 300]
root: Train_Loss = 0.004012286197394133, Train_Err = 0.038
root: Val_Loss = 0.712031900882721, Val_Err = 17.03
root: Epoch: [291 | 300]
root: Train_Loss = 0.004177595488727093, Train_Err = 0.044
root: Val_Loss = 0.71315997838974, Val_Err = 17.03
root: Epoch: [292 | 300]
root: Train_Loss = 0.004048458766192198, Train_Err = 0.04
root: Val_Loss = 0.7137513756752014, Val_Err = 17.09
root: Epoch: [293 | 300]
root: Train_Loss = 0.0038957532960921526, Train_Err = 0.038
root: Val_Loss = 0.7093512415885925, Val_Err = 17.15
root: Epoch: [294 | 300]
root: Train_Loss = 0.004001827910542488, Train_Err = 0.042
root: Val_Loss = 0.7091314196586609, Val_Err = 16.94
root: Epoch: [295 | 300]
root: Train_Loss = 0.004083083942532539, Train_Err = 0.034
root: Val_Loss = 0.7116459012031555, Val_Err = 17.02
root: Epoch: [296 | 300]
root: Train_Loss = 0.004244796931743622, Train_Err = 0.046
root: Val_Loss = 0.7110790014266968, Val_Err = 17.06
root: Epoch: [297 | 300]
root: Train_Loss = 0.00395582988858223, Train_Err = 0.032
root: Val_Loss = 0.7139295935630798, Val_Err = 17.05
root: Epoch: [298 | 300]
root: Train_Loss = 0.004161200951784849, Train_Err = 0.04
root: Val_Loss = 0.7105609774589539, Val_Err = 17.09
root: Epoch: [299 | 300]
root: Train_Loss = 0.00427600322291255, Train_Err = 0.05
root: Val_Loss = 0.7142886519432068, Val_Err = 16.99
