root: Namespace(batch_size=128, cp_dir='checkpoints/basic_none/cifar10/sam/run_ms_0/pyramidnet/run0', depth=110, dtype='cifar10', epochs=300, img_aug='basic_none', learning_rate=0.1, momentum=0.9, mtype='pyramidnet', num_classes=10, resume=None, rho=0.05, seed=0, threads=8, weight_decay=0.0001, width_factor=8)
root: Epoch: [0 | 300]
root: Train_Loss = 1.330769658088684, Train_Err = 48.772
root: Val_Loss = 1.0677155256271362, Val_Err = 36.34
root: Epoch: [1 | 300]
root: Train_Loss = 0.786354660987854, Train_Err = 27.432
root: Val_Loss = 0.7653335332870483, Val_Err = 26.0
root: Epoch: [2 | 300]
root: Train_Loss = 0.6095483303070068, Train_Err = 21.154
root: Val_Loss = 0.6268969774246216, Val_Err = 21.59
root: Epoch: [3 | 300]
root: Train_Loss = 0.5138382911682129, Train_Err = 17.782
root: Val_Loss = 0.5162858963012695, Val_Err = 17.64
root: Epoch: [4 | 300]
root: Train_Loss = 0.4493776559829712, Train_Err = 15.648
root: Val_Loss = 0.4480708837509155, Val_Err = 15.33
root: Epoch: [5 | 300]
root: Train_Loss = 0.4043051600456238, Train_Err = 13.898
root: Val_Loss = 0.46806395053863525, Val_Err = 16.17
root: Epoch: [6 | 300]
root: Train_Loss = 0.36657729744911194, Train_Err = 12.512
root: Val_Loss = 0.4616287350654602, Val_Err = 16.05
root: Epoch: [7 | 300]
root: Train_Loss = 0.33649057149887085, Train_Err = 11.54
root: Val_Loss = 0.37064677476882935, Val_Err = 12.93
root: Epoch: [8 | 300]
root: Train_Loss = 0.3083057403564453, Train_Err = 10.584
root: Val_Loss = 0.39422309398651123, Val_Err = 13.13
root: Epoch: [9 | 300]
root: Train_Loss = 0.2883327305316925, Train_Err = 9.908
root: Val_Loss = 0.3714641034603119, Val_Err = 13.06
root: Epoch: [10 | 300]
root: Train_Loss = 0.2692740857601166, Train_Err = 9.324
root: Val_Loss = 0.3166252672672272, Val_Err = 10.69
root: Epoch: [11 | 300]
root: Train_Loss = 0.25144779682159424, Train_Err = 8.638
root: Val_Loss = 0.3297145962715149, Val_Err = 11.34
root: Epoch: [12 | 300]
root: Train_Loss = 0.23903925716876984, Train_Err = 8.172
root: Val_Loss = 0.29031673073768616, Val_Err = 10.29
root: Epoch: [13 | 300]
root: Train_Loss = 0.22604109346866608, Train_Err = 7.746
root: Val_Loss = 0.33469659090042114, Val_Err = 11.03
root: Epoch: [14 | 300]
root: Train_Loss = 0.2104102075099945, Train_Err = 7.078
root: Val_Loss = 0.2825614809989929, Val_Err = 9.39
root: Epoch: [15 | 300]
root: Train_Loss = 0.19873565435409546, Train_Err = 6.762
root: Val_Loss = 0.29137173295021057, Val_Err = 9.85
root: Epoch: [16 | 300]
root: Train_Loss = 0.18898813426494598, Train_Err = 6.482
root: Val_Loss = 0.2841365337371826, Val_Err = 9.49
root: Epoch: [17 | 300]
root: Train_Loss = 0.17787489295005798, Train_Err = 5.994
root: Val_Loss = 0.2745986878871918, Val_Err = 9.2
root: Epoch: [18 | 300]
root: Train_Loss = 0.17067861557006836, Train_Err = 5.722
root: Val_Loss = 0.27011486887931824, Val_Err = 9.23
root: Epoch: [19 | 300]
root: Train_Loss = 0.1608266830444336, Train_Err = 5.472
root: Val_Loss = 0.2635803818702698, Val_Err = 8.49
root: Epoch: [20 | 300]
root: Train_Loss = 0.14808246493339539, Train_Err = 5.01
root: Val_Loss = 0.25096625089645386, Val_Err = 8.26
root: Epoch: [21 | 300]
root: Train_Loss = 0.14512301981449127, Train_Err = 4.936
root: Val_Loss = 0.2794390916824341, Val_Err = 9.18
root: Epoch: [22 | 300]
root: Train_Loss = 0.14083148539066315, Train_Err = 4.764
root: Val_Loss = 0.26278722286224365, Val_Err = 8.57
root: Epoch: [23 | 300]
root: Train_Loss = 0.13207471370697021, Train_Err = 4.312
root: Val_Loss = 0.27153125405311584, Val_Err = 9.12
root: Epoch: [24 | 300]
root: Train_Loss = 0.12192502617835999, Train_Err = 4.064
root: Val_Loss = 0.25373175740242004, Val_Err = 8.66
root: Epoch: [25 | 300]
root: Train_Loss = 0.11818460375070572, Train_Err = 3.89
root: Val_Loss = 0.24902653694152832, Val_Err = 8.03
root: Epoch: [26 | 300]
root: Train_Loss = 0.1149708479642868, Train_Err = 3.79
root: Val_Loss = 0.2492036521434784, Val_Err = 8.04
root: Epoch: [27 | 300]
root: Train_Loss = 0.1065068244934082, Train_Err = 3.434
root: Val_Loss = 0.2760598063468933, Val_Err = 8.85
root: Epoch: [28 | 300]
root: Train_Loss = 0.10295148938894272, Train_Err = 3.446
root: Val_Loss = 0.25454825162887573, Val_Err = 8.52
root: Epoch: [29 | 300]
root: Train_Loss = 0.10061123967170715, Train_Err = 3.276
root: Val_Loss = 0.25593337416648865, Val_Err = 8.27
root: Epoch: [30 | 300]
root: Train_Loss = 0.09623491764068604, Train_Err = 3.212
root: Val_Loss = 0.2459338754415512, Val_Err = 7.98
root: Epoch: [31 | 300]
root: Train_Loss = 0.0945340245962143, Train_Err = 3.138
root: Val_Loss = 0.2435160130262375, Val_Err = 7.78
root: Epoch: [32 | 300]
root: Train_Loss = 0.09203755855560303, Train_Err = 2.98
root: Val_Loss = 0.2404402792453766, Val_Err = 7.69
root: Epoch: [33 | 300]
root: Train_Loss = 0.0846714898943901, Train_Err = 2.732
root: Val_Loss = 0.2602097690105438, Val_Err = 8.32
root: Epoch: [34 | 300]
root: Train_Loss = 0.08372624963521957, Train_Err = 2.686
root: Val_Loss = 0.22631534934043884, Val_Err = 7.45
root: Epoch: [35 | 300]
root: Train_Loss = 0.08098602294921875, Train_Err = 2.568
root: Val_Loss = 0.22202157974243164, Val_Err = 7.24
root: Epoch: [36 | 300]
root: Train_Loss = 0.07809161394834518, Train_Err = 2.506
root: Val_Loss = 0.246688574552536, Val_Err = 7.65
root: Epoch: [37 | 300]
root: Train_Loss = 0.0777975544333458, Train_Err = 2.488
root: Val_Loss = 0.23497596383094788, Val_Err = 7.65
root: Epoch: [38 | 300]
root: Train_Loss = 0.075359046459198, Train_Err = 2.32
root: Val_Loss = 0.22439166903495789, Val_Err = 7.12
root: Epoch: [39 | 300]
root: Train_Loss = 0.06997879594564438, Train_Err = 2.216
root: Val_Loss = 0.21531151235103607, Val_Err = 7.02
root: Epoch: [40 | 300]
root: Train_Loss = 0.07229752838611603, Train_Err = 2.306
root: Val_Loss = 0.23347780108451843, Val_Err = 7.37
root: Epoch: [41 | 300]
root: Train_Loss = 0.06912911683320999, Train_Err = 2.166
root: Val_Loss = 0.24885942041873932, Val_Err = 7.91
root: Epoch: [42 | 300]
root: Train_Loss = 0.0667770653963089, Train_Err = 2.076
root: Val_Loss = 0.20814652740955353, Val_Err = 6.71
root: Epoch: [43 | 300]
root: Train_Loss = 0.06712718307971954, Train_Err = 2.152
root: Val_Loss = 0.22520367801189423, Val_Err = 7.37
root: Epoch: [44 | 300]
root: Train_Loss = 0.06515569984912872, Train_Err = 2.016
root: Val_Loss = 0.2296723574399948, Val_Err = 7.14
root: Epoch: [45 | 300]
root: Train_Loss = 0.06058323010802269, Train_Err = 1.86
root: Val_Loss = 0.2341991662979126, Val_Err = 7.35
root: Epoch: [46 | 300]
root: Train_Loss = 0.06194974109530449, Train_Err = 1.862
root: Val_Loss = 0.2207842916250229, Val_Err = 6.84
root: Epoch: [47 | 300]
root: Train_Loss = 0.05931852385401726, Train_Err = 1.832
root: Val_Loss = 0.2163112461566925, Val_Err = 7.14
root: Epoch: [48 | 300]
root: Train_Loss = 0.06142283231019974, Train_Err = 1.874
root: Val_Loss = 0.2146635502576828, Val_Err = 7.15
root: Epoch: [49 | 300]
root: Train_Loss = 0.05909562483429909, Train_Err = 1.754
root: Val_Loss = 0.21575839817523956, Val_Err = 6.92
root: Epoch: [50 | 300]
root: Train_Loss = 0.06185217201709747, Train_Err = 1.92
root: Val_Loss = 0.24009399116039276, Val_Err = 7.2
root: Epoch: [51 | 300]
root: Train_Loss = 0.05779281631112099, Train_Err = 1.744
root: Val_Loss = 0.216753751039505, Val_Err = 7.09
root: Epoch: [52 | 300]
root: Train_Loss = 0.0563623420894146, Train_Err = 1.706
root: Val_Loss = 0.2329310029745102, Val_Err = 7.17
root: Epoch: [53 | 300]
root: Train_Loss = 0.05305013060569763, Train_Err = 1.574
root: Val_Loss = 0.2309942990541458, Val_Err = 7.07
root: Epoch: [54 | 300]
root: Train_Loss = 0.055430229753255844, Train_Err = 1.668
root: Val_Loss = 0.23003439605236053, Val_Err = 7.1
root: Epoch: [55 | 300]
root: Train_Loss = 0.05204816907644272, Train_Err = 1.53
root: Val_Loss = 0.22330941259860992, Val_Err = 7.0
root: Epoch: [56 | 300]
root: Train_Loss = 0.05600637197494507, Train_Err = 1.688
root: Val_Loss = 0.2372685968875885, Val_Err = 7.43
root: Epoch: [57 | 300]
root: Train_Loss = 0.05456728860735893, Train_Err = 1.572
root: Val_Loss = 0.21383491158485413, Val_Err = 7.11
root: Epoch: [58 | 300]
root: Train_Loss = 0.05079479515552521, Train_Err = 1.488
root: Val_Loss = 0.1984110176563263, Val_Err = 6.1
root: Epoch: [59 | 300]
root: Train_Loss = 0.05258610099554062, Train_Err = 1.544
root: Val_Loss = 0.21156108379364014, Val_Err = 6.83
root: Epoch: [60 | 300]
root: Train_Loss = 0.05026252195239067, Train_Err = 1.468
root: Val_Loss = 0.2086021602153778, Val_Err = 6.58
root: Epoch: [61 | 300]
root: Train_Loss = 0.05178462713956833, Train_Err = 1.514
root: Val_Loss = 0.21559926867485046, Val_Err = 6.71
root: Epoch: [62 | 300]
root: Train_Loss = 0.05382910370826721, Train_Err = 1.594
root: Val_Loss = 0.22444240748882294, Val_Err = 7.31
root: Epoch: [63 | 300]
root: Train_Loss = 0.047543518245220184, Train_Err = 1.412
root: Val_Loss = 0.21672216057777405, Val_Err = 6.64
root: Epoch: [64 | 300]
root: Train_Loss = 0.048997484147548676, Train_Err = 1.412
root: Val_Loss = 0.22513742744922638, Val_Err = 6.87
root: Epoch: [65 | 300]
root: Train_Loss = 0.04817244037985802, Train_Err = 1.366
root: Val_Loss = 0.2202509641647339, Val_Err = 7.02
root: Epoch: [66 | 300]
root: Train_Loss = 0.04804113507270813, Train_Err = 1.39
root: Val_Loss = 0.204734668135643, Val_Err = 6.44
root: Epoch: [67 | 300]
root: Train_Loss = 0.04675980657339096, Train_Err = 1.336
root: Val_Loss = 0.23418237268924713, Val_Err = 7.42
root: Epoch: [68 | 300]
root: Train_Loss = 0.04999987781047821, Train_Err = 1.442
root: Val_Loss = 0.20636005699634552, Val_Err = 6.67
root: Epoch: [69 | 300]
root: Train_Loss = 0.04868306964635849, Train_Err = 1.398
root: Val_Loss = 0.22944271564483643, Val_Err = 7.14
root: Epoch: [70 | 300]
root: Train_Loss = 0.047344814985990524, Train_Err = 1.418
root: Val_Loss = 0.23802880942821503, Val_Err = 7.35
root: Epoch: [71 | 300]
root: Train_Loss = 0.05001639202237129, Train_Err = 1.48
root: Val_Loss = 0.19725023210048676, Val_Err = 6.46
root: Epoch: [72 | 300]
root: Train_Loss = 0.04578912630677223, Train_Err = 1.294
root: Val_Loss = 0.2165890634059906, Val_Err = 6.92
root: Epoch: [73 | 300]
root: Train_Loss = 0.04393438994884491, Train_Err = 1.23
root: Val_Loss = 0.20121218264102936, Val_Err = 6.42
root: Epoch: [74 | 300]
root: Train_Loss = 0.0466645285487175, Train_Err = 1.332
root: Val_Loss = 0.19569279253482819, Val_Err = 6.25
root: Epoch: [75 | 300]
root: Train_Loss = 0.04710806533694267, Train_Err = 1.322
root: Val_Loss = 0.21678610146045685, Val_Err = 6.85
root: Epoch: [76 | 300]
root: Train_Loss = 0.04294173792004585, Train_Err = 1.224
root: Val_Loss = 0.20425976812839508, Val_Err = 6.48
root: Epoch: [77 | 300]
root: Train_Loss = 0.04423167183995247, Train_Err = 1.278
root: Val_Loss = 0.2073841542005539, Val_Err = 6.45
root: Epoch: [78 | 300]
root: Train_Loss = 0.044041816145181656, Train_Err = 1.278
root: Val_Loss = 0.2034933716058731, Val_Err = 6.33
root: Epoch: [79 | 300]
root: Train_Loss = 0.039783306419849396, Train_Err = 1.106
root: Val_Loss = 0.24652357399463654, Val_Err = 7.49
root: Epoch: [80 | 300]
root: Train_Loss = 0.040724977850914, Train_Err = 1.14
root: Val_Loss = 0.24022455513477325, Val_Err = 7.04
root: Epoch: [81 | 300]
root: Train_Loss = 0.04281294718384743, Train_Err = 1.228
root: Val_Loss = 0.21241894364356995, Val_Err = 7.02
root: Epoch: [82 | 300]
root: Train_Loss = 0.04043236002326012, Train_Err = 1.088
root: Val_Loss = 0.19835668802261353, Val_Err = 6.28
root: Epoch: [83 | 300]
root: Train_Loss = 0.0443585030734539, Train_Err = 1.24
root: Val_Loss = 0.20427235960960388, Val_Err = 6.42
root: Epoch: [84 | 300]
root: Train_Loss = 0.04128982871770859, Train_Err = 1.196
root: Val_Loss = 0.21537379920482635, Val_Err = 6.78
root: Epoch: [85 | 300]
root: Train_Loss = 0.04191568121314049, Train_Err = 1.172
root: Val_Loss = 0.22075694799423218, Val_Err = 6.85
root: Epoch: [86 | 300]
root: Train_Loss = 0.04155023768544197, Train_Err = 1.216
root: Val_Loss = 0.2196352183818817, Val_Err = 6.68
root: Epoch: [87 | 300]
root: Train_Loss = 0.042190488427877426, Train_Err = 1.222
root: Val_Loss = 0.18843430280685425, Val_Err = 6.0
root: Epoch: [88 | 300]
root: Train_Loss = 0.040147531777620316, Train_Err = 1.104
root: Val_Loss = 0.2071060687303543, Val_Err = 6.47
root: Epoch: [89 | 300]
root: Train_Loss = 0.038351643830537796, Train_Err = 1.028
root: Val_Loss = 0.20721395313739777, Val_Err = 6.37
root: Epoch: [90 | 300]
root: Train_Loss = 0.03961450234055519, Train_Err = 1.096
root: Val_Loss = 0.22192861139774323, Val_Err = 6.9
root: Epoch: [91 | 300]
root: Train_Loss = 0.04053502529859543, Train_Err = 1.148
root: Val_Loss = 0.20181994140148163, Val_Err = 6.16
root: Epoch: [92 | 300]
root: Train_Loss = 0.04139150306582451, Train_Err = 1.186
root: Val_Loss = 0.1923670917749405, Val_Err = 6.19
root: Epoch: [93 | 300]
root: Train_Loss = 0.03744335100054741, Train_Err = 1.018
root: Val_Loss = 0.21822187304496765, Val_Err = 6.28
root: Epoch: [94 | 300]
root: Train_Loss = 0.037656962871551514, Train_Err = 1.016
root: Val_Loss = 0.20729605853557587, Val_Err = 6.32
root: Epoch: [95 | 300]
root: Train_Loss = 0.04014071077108383, Train_Err = 1.094
root: Val_Loss = 0.21662800014019012, Val_Err = 6.7
root: Epoch: [96 | 300]
root: Train_Loss = 0.03748833015561104, Train_Err = 1.026
root: Val_Loss = 0.21046069264411926, Val_Err = 6.53
root: Epoch: [97 | 300]
root: Train_Loss = 0.03864984214305878, Train_Err = 1.07
root: Val_Loss = 0.2083379626274109, Val_Err = 6.54
root: Epoch: [98 | 300]
root: Train_Loss = 0.039139069616794586, Train_Err = 1.076
root: Val_Loss = 0.1976076066493988, Val_Err = 6.15
root: Epoch: [99 | 300]
root: Train_Loss = 0.03756719455122948, Train_Err = 1.004
root: Val_Loss = 0.21830007433891296, Val_Err = 6.93
root: Epoch: [100 | 300]
root: Train_Loss = 0.03719921410083771, Train_Err = 1.012
root: Val_Loss = 0.19627025723457336, Val_Err = 5.93
root: Epoch: [101 | 300]
root: Train_Loss = 0.038176029920578, Train_Err = 1.008
root: Val_Loss = 0.193843275308609, Val_Err = 6.15
root: Epoch: [102 | 300]
root: Train_Loss = 0.0396563746035099, Train_Err = 1.07
root: Val_Loss = 0.2171986997127533, Val_Err = 6.89
root: Epoch: [103 | 300]
root: Train_Loss = 0.03776721656322479, Train_Err = 1.024
root: Val_Loss = 0.18466414511203766, Val_Err = 5.88
root: Epoch: [104 | 300]
root: Train_Loss = 0.03568112850189209, Train_Err = 0.94
root: Val_Loss = 0.21064874529838562, Val_Err = 6.59
root: Epoch: [105 | 300]
root: Train_Loss = 0.03831423819065094, Train_Err = 1.066
root: Val_Loss = 0.19371026754379272, Val_Err = 6.17
root: Epoch: [106 | 300]
root: Train_Loss = 0.03640862554311752, Train_Err = 1.026
root: Val_Loss = 0.2697242498397827, Val_Err = 8.18
root: Epoch: [107 | 300]
root: Train_Loss = 0.03773025423288345, Train_Err = 1.036
root: Val_Loss = 0.2003304809331894, Val_Err = 6.42
root: Epoch: [108 | 300]
root: Train_Loss = 0.034213073551654816, Train_Err = 0.94
root: Val_Loss = 0.19246980547904968, Val_Err = 6.28
root: Epoch: [109 | 300]
root: Train_Loss = 0.03538338467478752, Train_Err = 0.962
root: Val_Loss = 0.23171234130859375, Val_Err = 7.0
root: Epoch: [110 | 300]
root: Train_Loss = 0.037130992859601974, Train_Err = 0.998
root: Val_Loss = 0.22499942779541016, Val_Err = 7.0
root: Epoch: [111 | 300]
root: Train_Loss = 0.03600294142961502, Train_Err = 0.978
root: Val_Loss = 0.20279468595981598, Val_Err = 6.28
root: Epoch: [112 | 300]
root: Train_Loss = 0.035333435982465744, Train_Err = 0.944
root: Val_Loss = 0.2032935917377472, Val_Err = 6.12
root: Epoch: [113 | 300]
root: Train_Loss = 0.03287160396575928, Train_Err = 0.862
root: Val_Loss = 0.2115999013185501, Val_Err = 6.63
root: Epoch: [114 | 300]
root: Train_Loss = 0.03710894286632538, Train_Err = 1.03
root: Val_Loss = 0.2050885409116745, Val_Err = 6.11
root: Epoch: [115 | 300]
root: Train_Loss = 0.03486358001828194, Train_Err = 0.912
root: Val_Loss = 0.2129121720790863, Val_Err = 6.3
root: Epoch: [116 | 300]
root: Train_Loss = 0.033191978931427, Train_Err = 0.868
root: Val_Loss = 0.22482270002365112, Val_Err = 6.96
root: Epoch: [117 | 300]
root: Train_Loss = 0.036335695534944534, Train_Err = 0.952
root: Val_Loss = 0.2032719999551773, Val_Err = 6.36
root: Epoch: [118 | 300]
root: Train_Loss = 0.03369545191526413, Train_Err = 0.91
root: Val_Loss = 0.18923664093017578, Val_Err = 6.03
root: Epoch: [119 | 300]
root: Train_Loss = 0.03359265625476837, Train_Err = 0.856
root: Val_Loss = 0.1860225945711136, Val_Err = 5.81
root: Epoch: [120 | 300]
root: Train_Loss = 0.034422922879457474, Train_Err = 0.902
root: Val_Loss = 0.19229376316070557, Val_Err = 5.83
root: Epoch: [121 | 300]
root: Train_Loss = 0.034306272864341736, Train_Err = 0.908
root: Val_Loss = 0.19937264919281006, Val_Err = 6.28
root: Epoch: [122 | 300]
root: Train_Loss = 0.03373883292078972, Train_Err = 0.928
root: Val_Loss = 0.20295223593711853, Val_Err = 6.21
root: Epoch: [123 | 300]
root: Train_Loss = 0.0347076840698719, Train_Err = 0.92
root: Val_Loss = 0.19831931591033936, Val_Err = 6.44
root: Epoch: [124 | 300]
root: Train_Loss = 0.03234627842903137, Train_Err = 0.828
root: Val_Loss = 0.19372598826885223, Val_Err = 5.92
root: Epoch: [125 | 300]
root: Train_Loss = 0.0320177860558033, Train_Err = 0.822
root: Val_Loss = 0.1788899302482605, Val_Err = 5.58
root: Epoch: [126 | 300]
root: Train_Loss = 0.03346892073750496, Train_Err = 0.926
root: Val_Loss = 0.23848138749599457, Val_Err = 7.3
root: Epoch: [127 | 300]
root: Train_Loss = 0.03463466838002205, Train_Err = 0.902
root: Val_Loss = 0.18494543433189392, Val_Err = 5.82
root: Epoch: [128 | 300]
root: Train_Loss = 0.034137360751628876, Train_Err = 0.896
root: Val_Loss = 0.19883330166339874, Val_Err = 6.33
root: Epoch: [129 | 300]
root: Train_Loss = 0.030686140060424805, Train_Err = 0.802
root: Val_Loss = 0.2017648071050644, Val_Err = 6.07
root: Epoch: [130 | 300]
root: Train_Loss = 0.03507030010223389, Train_Err = 0.954
root: Val_Loss = 0.19536654651165009, Val_Err = 6.07
root: Epoch: [131 | 300]
root: Train_Loss = 0.03239986672997475, Train_Err = 0.872
root: Val_Loss = 0.20684345066547394, Val_Err = 6.34
root: Epoch: [132 | 300]
root: Train_Loss = 0.0316200852394104, Train_Err = 0.834
root: Val_Loss = 0.19127222895622253, Val_Err = 6.02
root: Epoch: [133 | 300]
root: Train_Loss = 0.033536866307258606, Train_Err = 0.906
root: Val_Loss = 0.2174631506204605, Val_Err = 6.75
root: Epoch: [134 | 300]
root: Train_Loss = 0.03249644115567207, Train_Err = 0.84
root: Val_Loss = 0.21329498291015625, Val_Err = 6.17
root: Epoch: [135 | 300]
root: Train_Loss = 0.03228200227022171, Train_Err = 0.852
root: Val_Loss = 0.20518739521503448, Val_Err = 6.55
root: Epoch: [136 | 300]
root: Train_Loss = 0.033025842159986496, Train_Err = 0.874
root: Val_Loss = 0.20894648134708405, Val_Err = 6.52
root: Epoch: [137 | 300]
root: Train_Loss = 0.03362128883600235, Train_Err = 0.86
root: Val_Loss = 0.1975344717502594, Val_Err = 6.05
root: Epoch: [138 | 300]
root: Train_Loss = 0.03421524167060852, Train_Err = 0.916
root: Val_Loss = 0.1952308714389801, Val_Err = 6.01
root: Epoch: [139 | 300]
root: Train_Loss = 0.031962063163518906, Train_Err = 0.852
root: Val_Loss = 0.18468141555786133, Val_Err = 5.82
root: Epoch: [140 | 300]
root: Train_Loss = 0.034768104553222656, Train_Err = 0.912
root: Val_Loss = 0.18482644855976105, Val_Err = 5.89
root: Epoch: [141 | 300]
root: Train_Loss = 0.031946778297424316, Train_Err = 0.834
root: Val_Loss = 0.1772540658712387, Val_Err = 5.74
root: Epoch: [142 | 300]
root: Train_Loss = 0.029199570417404175, Train_Err = 0.746
root: Val_Loss = 0.19449231028556824, Val_Err = 6.31
root: Epoch: [143 | 300]
root: Train_Loss = 0.031519412994384766, Train_Err = 0.794
root: Val_Loss = 0.17957517504692078, Val_Err = 5.43
root: Epoch: [144 | 300]
root: Train_Loss = 0.03341773524880409, Train_Err = 0.9
root: Val_Loss = 0.19800160825252533, Val_Err = 6.28
root: Epoch: [145 | 300]
root: Train_Loss = 0.0326586477458477, Train_Err = 0.84
root: Val_Loss = 0.18865042924880981, Val_Err = 5.82
root: Epoch: [146 | 300]
root: Train_Loss = 0.029913609847426414, Train_Err = 0.73
root: Val_Loss = 0.2009056955575943, Val_Err = 6.13
root: Epoch: [147 | 300]
root: Train_Loss = 0.02983507700264454, Train_Err = 0.772
root: Val_Loss = 0.21863576769828796, Val_Err = 6.6
root: Epoch: [148 | 300]
root: Train_Loss = 0.03137469291687012, Train_Err = 0.86
root: Val_Loss = 0.18828441202640533, Val_Err = 5.96
root: Epoch: [149 | 300]
root: Train_Loss = 0.03222066909074783, Train_Err = 0.856
root: Val_Loss = 0.1985730230808258, Val_Err = 5.96
root: Epoch: [150 | 300]
root: Train_Loss = 0.011620261706411839, Train_Err = 0.164
root: Val_Loss = 0.13939633965492249, Val_Err = 4.27
root: Epoch: [151 | 300]
root: Train_Loss = 0.004793724976480007, Train_Err = 0.018
root: Val_Loss = 0.13702894747257233, Val_Err = 4.0
root: Epoch: [152 | 300]
root: Train_Loss = 0.0033444405999034643, Train_Err = 0.008
root: Val_Loss = 0.1312430053949356, Val_Err = 3.9
root: Epoch: [153 | 300]
root: Train_Loss = 0.0025111516006290913, Train_Err = 0.006
root: Val_Loss = 0.1312243640422821, Val_Err = 3.78
root: Epoch: [154 | 300]
root: Train_Loss = 0.0019847822841256857, Train_Err = 0.006
root: Val_Loss = 0.1290435492992401, Val_Err = 3.76
root: Epoch: [155 | 300]
root: Train_Loss = 0.0017060452373698354, Train_Err = 0.0
root: Val_Loss = 0.1299436390399933, Val_Err = 3.76
root: Epoch: [156 | 300]
root: Train_Loss = 0.0015712894964963198, Train_Err = 0.002
root: Val_Loss = 0.1273713856935501, Val_Err = 3.63
root: Epoch: [157 | 300]
root: Train_Loss = 0.0012981644831597805, Train_Err = 0.0
root: Val_Loss = 0.126033753156662, Val_Err = 3.53
root: Epoch: [158 | 300]
root: Train_Loss = 0.0012426042230799794, Train_Err = 0.0
root: Val_Loss = 0.12761537730693817, Val_Err = 3.55
root: Epoch: [159 | 300]
root: Train_Loss = 0.0010944417444989085, Train_Err = 0.0
root: Val_Loss = 0.1289282888174057, Val_Err = 3.52
root: Epoch: [160 | 300]
root: Train_Loss = 0.0009832449723035097, Train_Err = 0.002
root: Val_Loss = 0.128705695271492, Val_Err = 3.58
root: Epoch: [161 | 300]
root: Train_Loss = 0.0008948207832872868, Train_Err = 0.0
root: Val_Loss = 0.12791775166988373, Val_Err = 3.58
root: Epoch: [162 | 300]
root: Train_Loss = 0.0008798138005658984, Train_Err = 0.002
root: Val_Loss = 0.12768973410129547, Val_Err = 3.5
root: Epoch: [163 | 300]
root: Train_Loss = 0.0008456850191578269, Train_Err = 0.002
root: Val_Loss = 0.12841707468032837, Val_Err = 3.58
root: Epoch: [164 | 300]
root: Train_Loss = 0.0007257974939420819, Train_Err = 0.0
root: Val_Loss = 0.13225360214710236, Val_Err = 3.65
root: Epoch: [165 | 300]
root: Train_Loss = 0.0007041508215479553, Train_Err = 0.0
root: Val_Loss = 0.12932534515857697, Val_Err = 3.56
root: Epoch: [166 | 300]
root: Train_Loss = 0.0007076337351463735, Train_Err = 0.0
root: Val_Loss = 0.1299780011177063, Val_Err = 3.56
root: Epoch: [167 | 300]
root: Train_Loss = 0.0006137255113571882, Train_Err = 0.0
root: Val_Loss = 0.12932930886745453, Val_Err = 3.54
root: Epoch: [168 | 300]
root: Train_Loss = 0.0005946841556578875, Train_Err = 0.0
root: Val_Loss = 0.12841691076755524, Val_Err = 3.5
root: Epoch: [169 | 300]
root: Train_Loss = 0.0005913125351071358, Train_Err = 0.002
root: Val_Loss = 0.1301722228527069, Val_Err = 3.61
root: Epoch: [170 | 300]
root: Train_Loss = 0.0005833053728565574, Train_Err = 0.0
root: Val_Loss = 0.12799790501594543, Val_Err = 3.49
root: Epoch: [171 | 300]
root: Train_Loss = 0.0005617419956251979, Train_Err = 0.0
root: Val_Loss = 0.12826645374298096, Val_Err = 3.51
root: Epoch: [172 | 300]
root: Train_Loss = 0.0005428553558886051, Train_Err = 0.0
root: Val_Loss = 0.12678982317447662, Val_Err = 3.5
root: Epoch: [173 | 300]
root: Train_Loss = 0.0005104372394271195, Train_Err = 0.0
root: Val_Loss = 0.12844692170619965, Val_Err = 3.56
root: Epoch: [174 | 300]
root: Train_Loss = 0.0004991917521692812, Train_Err = 0.0
root: Val_Loss = 0.12648621201515198, Val_Err = 3.42
root: Epoch: [175 | 300]
root: Train_Loss = 0.0004962656530551612, Train_Err = 0.0
root: Val_Loss = 0.1286522001028061, Val_Err = 3.57
root: Epoch: [176 | 300]
root: Train_Loss = 0.00048425348359160125, Train_Err = 0.0
root: Val_Loss = 0.12660808861255646, Val_Err = 3.44
root: Epoch: [177 | 300]
root: Train_Loss = 0.00045643997145816684, Train_Err = 0.0
root: Val_Loss = 0.12662160396575928, Val_Err = 3.43
root: Epoch: [178 | 300]
root: Train_Loss = 0.0004315405967645347, Train_Err = 0.0
root: Val_Loss = 0.13079844415187836, Val_Err = 3.48
root: Epoch: [179 | 300]
root: Train_Loss = 0.0004296975675970316, Train_Err = 0.0
root: Val_Loss = 0.12771794199943542, Val_Err = 3.45
root: Epoch: [180 | 300]
root: Train_Loss = 0.00039957373519428074, Train_Err = 0.0
root: Val_Loss = 0.1276099979877472, Val_Err = 3.46
root: Epoch: [181 | 300]
root: Train_Loss = 0.00040714305941946805, Train_Err = 0.0
root: Val_Loss = 0.13066211342811584, Val_Err = 3.45
root: Epoch: [182 | 300]
root: Train_Loss = 0.00037953403079882264, Train_Err = 0.0
root: Val_Loss = 0.12740880250930786, Val_Err = 3.39
root: Epoch: [183 | 300]
root: Train_Loss = 0.0003918010334018618, Train_Err = 0.0
root: Val_Loss = 0.12875992059707642, Val_Err = 3.39
root: Epoch: [184 | 300]
root: Train_Loss = 0.00041968829464167356, Train_Err = 0.002
root: Val_Loss = 0.12777511775493622, Val_Err = 3.56
root: Epoch: [185 | 300]
root: Train_Loss = 0.0003897914139088243, Train_Err = 0.0
root: Val_Loss = 0.13129985332489014, Val_Err = 3.48
root: Epoch: [186 | 300]
root: Train_Loss = 0.00038203204167075455, Train_Err = 0.0
root: Val_Loss = 0.13005408644676208, Val_Err = 3.33
root: Epoch: [187 | 300]
root: Train_Loss = 0.00036801883834414184, Train_Err = 0.0
root: Val_Loss = 0.13044534623622894, Val_Err = 3.53
root: Epoch: [188 | 300]
root: Train_Loss = 0.00035432062577456236, Train_Err = 0.0
root: Val_Loss = 0.12920249998569489, Val_Err = 3.52
root: Epoch: [189 | 300]
root: Train_Loss = 0.0003400880377739668, Train_Err = 0.0
root: Val_Loss = 0.127902090549469, Val_Err = 3.48
root: Epoch: [190 | 300]
root: Train_Loss = 0.0003548019449226558, Train_Err = 0.0
root: Val_Loss = 0.1287233680486679, Val_Err = 3.43
root: Epoch: [191 | 300]
root: Train_Loss = 0.00034757849061861634, Train_Err = 0.0
root: Val_Loss = 0.13010446727275848, Val_Err = 3.42
root: Epoch: [192 | 300]
root: Train_Loss = 0.0003496808640193194, Train_Err = 0.0
root: Val_Loss = 0.12838581204414368, Val_Err = 3.34
root: Epoch: [193 | 300]
root: Train_Loss = 0.00033327293931506574, Train_Err = 0.0
root: Val_Loss = 0.12799088656902313, Val_Err = 3.36
root: Epoch: [194 | 300]
root: Train_Loss = 0.0003492157266009599, Train_Err = 0.0
root: Val_Loss = 0.13029395043849945, Val_Err = 3.38
root: Epoch: [195 | 300]
root: Train_Loss = 0.00035675292019732296, Train_Err = 0.0
root: Val_Loss = 0.12884770333766937, Val_Err = 3.45
root: Epoch: [196 | 300]
root: Train_Loss = 0.00032870867289602757, Train_Err = 0.0
root: Val_Loss = 0.12992721796035767, Val_Err = 3.37
root: Epoch: [197 | 300]
root: Train_Loss = 0.0003212898154743016, Train_Err = 0.0
root: Val_Loss = 0.1282850205898285, Val_Err = 3.39
root: Epoch: [198 | 300]
root: Train_Loss = 0.0003239487705286592, Train_Err = 0.0
root: Val_Loss = 0.1278214156627655, Val_Err = 3.36
root: Epoch: [199 | 300]
root: Train_Loss = 0.0003277921350672841, Train_Err = 0.0
root: Val_Loss = 0.1295599341392517, Val_Err = 3.38
root: Epoch: [200 | 300]
root: Train_Loss = 0.00033217453164979815, Train_Err = 0.0
root: Val_Loss = 0.13245251774787903, Val_Err = 3.48
root: Epoch: [201 | 300]
root: Train_Loss = 0.0003127440286334604, Train_Err = 0.0
root: Val_Loss = 0.13053573668003082, Val_Err = 3.49
root: Epoch: [202 | 300]
root: Train_Loss = 0.00031279688118956983, Train_Err = 0.0
root: Val_Loss = 0.1309550702571869, Val_Err = 3.41
root: Epoch: [203 | 300]
root: Train_Loss = 0.0003131454868707806, Train_Err = 0.0
root: Val_Loss = 0.12745271623134613, Val_Err = 3.46
root: Epoch: [204 | 300]
root: Train_Loss = 0.0003121008339803666, Train_Err = 0.0
root: Val_Loss = 0.13142946362495422, Val_Err = 3.49
root: Epoch: [205 | 300]
root: Train_Loss = 0.000312723102979362, Train_Err = 0.0
root: Val_Loss = 0.12910012900829315, Val_Err = 3.3
root: Epoch: [206 | 300]
root: Train_Loss = 0.00031972271972335875, Train_Err = 0.0
root: Val_Loss = 0.12855519354343414, Val_Err = 3.38
root: Epoch: [207 | 300]
root: Train_Loss = 0.0003056075074709952, Train_Err = 0.0
root: Val_Loss = 0.12687797844409943, Val_Err = 3.42
root: Epoch: [208 | 300]
root: Train_Loss = 0.00030385659192688763, Train_Err = 0.0
root: Val_Loss = 0.1288945972919464, Val_Err = 3.35
root: Epoch: [209 | 300]
root: Train_Loss = 0.000302889384329319, Train_Err = 0.0
root: Val_Loss = 0.12790393829345703, Val_Err = 3.29
root: Epoch: [210 | 300]
root: Train_Loss = 0.0003026823396794498, Train_Err = 0.0
root: Val_Loss = 0.12959754467010498, Val_Err = 3.43
root: Epoch: [211 | 300]
root: Train_Loss = 0.00031457695877179503, Train_Err = 0.0
root: Val_Loss = 0.1296916902065277, Val_Err = 3.37
root: Epoch: [212 | 300]
root: Train_Loss = 0.0003092677507083863, Train_Err = 0.0
root: Val_Loss = 0.12949742376804352, Val_Err = 3.41
root: Epoch: [213 | 300]
root: Train_Loss = 0.0003254939219914377, Train_Err = 0.0
root: Val_Loss = 0.12813976407051086, Val_Err = 3.31
root: Epoch: [214 | 300]
root: Train_Loss = 0.00032423200900666416, Train_Err = 0.0
root: Val_Loss = 0.12872177362442017, Val_Err = 3.4
root: Epoch: [215 | 300]
root: Train_Loss = 0.0003059428127016872, Train_Err = 0.0
root: Val_Loss = 0.1314215213060379, Val_Err = 3.42
root: Epoch: [216 | 300]
root: Train_Loss = 0.0003008198691532016, Train_Err = 0.0
root: Val_Loss = 0.13080231845378876, Val_Err = 3.44
root: Epoch: [217 | 300]
root: Train_Loss = 0.00030771843739785254, Train_Err = 0.0
root: Val_Loss = 0.1281418800354004, Val_Err = 3.32
root: Epoch: [218 | 300]
root: Train_Loss = 0.00030399192473851144, Train_Err = 0.0
root: Val_Loss = 0.13268759846687317, Val_Err = 3.49
root: Epoch: [219 | 300]
root: Train_Loss = 0.0003042904718313366, Train_Err = 0.0
root: Val_Loss = 0.1281062662601471, Val_Err = 3.39
root: Epoch: [220 | 300]
root: Train_Loss = 0.0002990266075357795, Train_Err = 0.0
root: Val_Loss = 0.12865348160266876, Val_Err = 3.2
root: Epoch: [221 | 300]
root: Train_Loss = 0.00031431930256076157, Train_Err = 0.0
root: Val_Loss = 0.13072983920574188, Val_Err = 3.29
root: Epoch: [222 | 300]
root: Train_Loss = 0.0003072720137424767, Train_Err = 0.0
root: Val_Loss = 0.12979251146316528, Val_Err = 3.32
root: Epoch: [223 | 300]
root: Train_Loss = 0.0003106567601207644, Train_Err = 0.0
root: Val_Loss = 0.12888884544372559, Val_Err = 3.35
root: Epoch: [224 | 300]
root: Train_Loss = 0.00030683426302857697, Train_Err = 0.0
root: Val_Loss = 0.12748947739601135, Val_Err = 3.46
root: Epoch: [225 | 300]
root: Train_Loss = 0.0003015106194652617, Train_Err = 0.0
root: Val_Loss = 0.12672659754753113, Val_Err = 3.35
root: Epoch: [226 | 300]
root: Train_Loss = 0.0002785978140309453, Train_Err = 0.0
root: Val_Loss = 0.12699349224567413, Val_Err = 3.35
root: Epoch: [227 | 300]
root: Train_Loss = 0.00028540368657559156, Train_Err = 0.0
root: Val_Loss = 0.12614259123802185, Val_Err = 3.34
root: Epoch: [228 | 300]
root: Train_Loss = 0.0002805677358992398, Train_Err = 0.0
root: Val_Loss = 0.1274072527885437, Val_Err = 3.33
root: Epoch: [229 | 300]
root: Train_Loss = 0.0002798577188514173, Train_Err = 0.0
root: Val_Loss = 0.12579594552516937, Val_Err = 3.33
root: Epoch: [230 | 300]
root: Train_Loss = 0.0002690103428903967, Train_Err = 0.0
root: Val_Loss = 0.12611065804958344, Val_Err = 3.34
root: Epoch: [231 | 300]
root: Train_Loss = 0.0002681686310097575, Train_Err = 0.0
root: Val_Loss = 0.12456658482551575, Val_Err = 3.17
root: Epoch: [232 | 300]
root: Train_Loss = 0.00026217260165140033, Train_Err = 0.0
root: Val_Loss = 0.1270209401845932, Val_Err = 3.36
root: Epoch: [233 | 300]
root: Train_Loss = 0.0002710845146793872, Train_Err = 0.0
root: Val_Loss = 0.12578488886356354, Val_Err = 3.32
root: Epoch: [234 | 300]
root: Train_Loss = 0.00026507428265176713, Train_Err = 0.0
root: Val_Loss = 0.12518778443336487, Val_Err = 3.32
root: Epoch: [235 | 300]
root: Train_Loss = 0.00026724577764980495, Train_Err = 0.0
root: Val_Loss = 0.12541532516479492, Val_Err = 3.27
root: Epoch: [236 | 300]
root: Train_Loss = 0.0002649915113579482, Train_Err = 0.0
root: Val_Loss = 0.12545055150985718, Val_Err = 3.27
root: Epoch: [237 | 300]
root: Train_Loss = 0.000267743511358276, Train_Err = 0.0
root: Val_Loss = 0.12437185645103455, Val_Err = 3.22
root: Epoch: [238 | 300]
root: Train_Loss = 0.0002524313167668879, Train_Err = 0.0
root: Val_Loss = 0.12591730058193207, Val_Err = 3.29
root: Epoch: [239 | 300]
root: Train_Loss = 0.000257770559983328, Train_Err = 0.0
root: Val_Loss = 0.1258949488401413, Val_Err = 3.2
root: Epoch: [240 | 300]
root: Train_Loss = 0.0002598630962893367, Train_Err = 0.0
root: Val_Loss = 0.12626664340496063, Val_Err = 3.24
root: Epoch: [241 | 300]
root: Train_Loss = 0.000255181104876101, Train_Err = 0.0
root: Val_Loss = 0.12529966235160828, Val_Err = 3.2
root: Epoch: [242 | 300]
root: Train_Loss = 0.000254725367994979, Train_Err = 0.0
root: Val_Loss = 0.12643805146217346, Val_Err = 3.33
root: Epoch: [243 | 300]
root: Train_Loss = 0.0002527651085983962, Train_Err = 0.0
root: Val_Loss = 0.12286797910928726, Val_Err = 3.19
root: Epoch: [244 | 300]
root: Train_Loss = 0.00024744958500377834, Train_Err = 0.0
root: Val_Loss = 0.12425488233566284, Val_Err = 3.24
root: Epoch: [245 | 300]
root: Train_Loss = 0.00024527873029001057, Train_Err = 0.0
root: Val_Loss = 0.1241709440946579, Val_Err = 3.26
root: Epoch: [246 | 300]
root: Train_Loss = 0.00025188634754158556, Train_Err = 0.0
root: Val_Loss = 0.12397582828998566, Val_Err = 3.25
root: Epoch: [247 | 300]
root: Train_Loss = 0.00024792057229205966, Train_Err = 0.0
root: Val_Loss = 0.12453162670135498, Val_Err = 3.24
root: Epoch: [248 | 300]
root: Train_Loss = 0.0002465267607476562, Train_Err = 0.0
root: Val_Loss = 0.12489185482263565, Val_Err = 3.34
root: Epoch: [249 | 300]
root: Train_Loss = 0.0002428422449156642, Train_Err = 0.0
root: Val_Loss = 0.12482886761426926, Val_Err = 3.25
root: Epoch: [250 | 300]
root: Train_Loss = 0.00024608790408819914, Train_Err = 0.0
root: Val_Loss = 0.12340819090604782, Val_Err = 3.26
root: Epoch: [251 | 300]
root: Train_Loss = 0.00024915928952395916, Train_Err = 0.0
root: Val_Loss = 0.12422536313533783, Val_Err = 3.26
root: Epoch: [252 | 300]
root: Train_Loss = 0.00024215146549977362, Train_Err = 0.0
root: Val_Loss = 0.12552449107170105, Val_Err = 3.33
root: Epoch: [253 | 300]
root: Train_Loss = 0.00023827908444218338, Train_Err = 0.0
root: Val_Loss = 0.12486083805561066, Val_Err = 3.26
root: Epoch: [254 | 300]
root: Train_Loss = 0.00024355293135158718, Train_Err = 0.0
root: Val_Loss = 0.12280262261629105, Val_Err = 3.27
root: Epoch: [255 | 300]
root: Train_Loss = 0.000244037204538472, Train_Err = 0.0
root: Val_Loss = 0.12592923641204834, Val_Err = 3.32
root: Epoch: [256 | 300]
root: Train_Loss = 0.00023511725885327905, Train_Err = 0.0
root: Val_Loss = 0.12494053691625595, Val_Err = 3.25
root: Epoch: [257 | 300]
root: Train_Loss = 0.00024043286975938827, Train_Err = 0.0
root: Val_Loss = 0.1246255561709404, Val_Err = 3.19
root: Epoch: [258 | 300]
root: Train_Loss = 0.00023228141071740538, Train_Err = 0.0
root: Val_Loss = 0.123886339366436, Val_Err = 3.32
root: Epoch: [259 | 300]
root: Train_Loss = 0.00023851737205404788, Train_Err = 0.0
root: Val_Loss = 0.1250949203968048, Val_Err = 3.25
root: Epoch: [260 | 300]
root: Train_Loss = 0.0002394711773376912, Train_Err = 0.0
root: Val_Loss = 0.12552237510681152, Val_Err = 3.27
root: Epoch: [261 | 300]
root: Train_Loss = 0.0002348975685890764, Train_Err = 0.0
root: Val_Loss = 0.12435434013605118, Val_Err = 3.2
root: Epoch: [262 | 300]
root: Train_Loss = 0.00023479915398638695, Train_Err = 0.0
root: Val_Loss = 0.12531869113445282, Val_Err = 3.3
root: Epoch: [263 | 300]
root: Train_Loss = 0.00023099631653167307, Train_Err = 0.0
root: Val_Loss = 0.1251400262117386, Val_Err = 3.25
root: Epoch: [264 | 300]
root: Train_Loss = 0.00023087850422598422, Train_Err = 0.0
root: Val_Loss = 0.12600992619991302, Val_Err = 3.33
root: Epoch: [265 | 300]
root: Train_Loss = 0.00022833501861896366, Train_Err = 0.0
root: Val_Loss = 0.12446904927492142, Val_Err = 3.22
root: Epoch: [266 | 300]
root: Train_Loss = 0.0002367458655498922, Train_Err = 0.0
root: Val_Loss = 0.12433037161827087, Val_Err = 3.26
root: Epoch: [267 | 300]
root: Train_Loss = 0.0002277031890116632, Train_Err = 0.0
root: Val_Loss = 0.12410985678434372, Val_Err = 3.21
root: Epoch: [268 | 300]
root: Train_Loss = 0.0002286546805407852, Train_Err = 0.0
root: Val_Loss = 0.1267210841178894, Val_Err = 3.24
root: Epoch: [269 | 300]
root: Train_Loss = 0.00023114621581044048, Train_Err = 0.0
root: Val_Loss = 0.12444134056568146, Val_Err = 3.24
root: Epoch: [270 | 300]
root: Train_Loss = 0.0002287421957589686, Train_Err = 0.0
root: Val_Loss = 0.12627217173576355, Val_Err = 3.25
root: Epoch: [271 | 300]
root: Train_Loss = 0.0002285376685904339, Train_Err = 0.0
root: Val_Loss = 0.12759986519813538, Val_Err = 3.36
root: Epoch: [272 | 300]
root: Train_Loss = 0.00022953309235163033, Train_Err = 0.0
root: Val_Loss = 0.12475398927927017, Val_Err = 3.2
root: Epoch: [273 | 300]
root: Train_Loss = 0.00022702688875142485, Train_Err = 0.0
root: Val_Loss = 0.12630124390125275, Val_Err = 3.29
root: Epoch: [274 | 300]
root: Train_Loss = 0.0002297115424880758, Train_Err = 0.0
root: Val_Loss = 0.12622082233428955, Val_Err = 3.25
root: Epoch: [275 | 300]
root: Train_Loss = 0.0002243870112579316, Train_Err = 0.0
root: Val_Loss = 0.12622042000293732, Val_Err = 3.27
root: Epoch: [276 | 300]
root: Train_Loss = 0.00022785762848798186, Train_Err = 0.0
root: Val_Loss = 0.12409061193466187, Val_Err = 3.3
root: Epoch: [277 | 300]
root: Train_Loss = 0.00022041455667931587, Train_Err = 0.0
root: Val_Loss = 0.12418654561042786, Val_Err = 3.16
root: Epoch: [278 | 300]
root: Train_Loss = 0.00022979405184742063, Train_Err = 0.0
root: Val_Loss = 0.12579570710659027, Val_Err = 3.22
root: Epoch: [279 | 300]
root: Train_Loss = 0.0002225211646873504, Train_Err = 0.0
root: Val_Loss = 0.12625640630722046, Val_Err = 3.23
root: Epoch: [280 | 300]
root: Train_Loss = 0.00022321523283608258, Train_Err = 0.0
root: Val_Loss = 0.12793245911598206, Val_Err = 3.26
root: Epoch: [281 | 300]
root: Train_Loss = 0.00022096215980127454, Train_Err = 0.0
root: Val_Loss = 0.1257113814353943, Val_Err = 3.29
root: Epoch: [282 | 300]
root: Train_Loss = 0.00022550103312823921, Train_Err = 0.0
root: Val_Loss = 0.12473230808973312, Val_Err = 3.17
root: Epoch: [283 | 300]
root: Train_Loss = 0.00021766471036244184, Train_Err = 0.0
root: Val_Loss = 0.1262430101633072, Val_Err = 3.21
root: Epoch: [284 | 300]
root: Train_Loss = 0.00022133649326860905, Train_Err = 0.0
root: Val_Loss = 0.12437139451503754, Val_Err = 3.17
root: Epoch: [285 | 300]
root: Train_Loss = 0.00021873285004403442, Train_Err = 0.0
root: Val_Loss = 0.12538032233715057, Val_Err = 3.21
root: Epoch: [286 | 300]
root: Train_Loss = 0.00022259698016569018, Train_Err = 0.0
root: Val_Loss = 0.12420453876256943, Val_Err = 3.23
root: Epoch: [287 | 300]
root: Train_Loss = 0.0002164375182474032, Train_Err = 0.0
root: Val_Loss = 0.12623894214630127, Val_Err = 3.22
root: Epoch: [288 | 300]
root: Train_Loss = 0.00022238965902943164, Train_Err = 0.0
root: Val_Loss = 0.12418094277381897, Val_Err = 3.15
root: Epoch: [289 | 300]
root: Train_Loss = 0.00022204307606443763, Train_Err = 0.0
root: Val_Loss = 0.12452755868434906, Val_Err = 3.2
root: Epoch: [290 | 300]
root: Train_Loss = 0.00022114382591098547, Train_Err = 0.0
root: Val_Loss = 0.12391895800828934, Val_Err = 3.19
root: Epoch: [291 | 300]
root: Train_Loss = 0.00021952323731966317, Train_Err = 0.0
root: Val_Loss = 0.12527251243591309, Val_Err = 3.23
root: Epoch: [292 | 300]
root: Train_Loss = 0.00021751529129687697, Train_Err = 0.0
root: Val_Loss = 0.12606392800807953, Val_Err = 3.27
root: Epoch: [293 | 300]
root: Train_Loss = 0.00021678610937669873, Train_Err = 0.0
root: Val_Loss = 0.12467163801193237, Val_Err = 3.21
root: Epoch: [294 | 300]
root: Train_Loss = 0.00021781020041089505, Train_Err = 0.0
root: Val_Loss = 0.12714140117168427, Val_Err = 3.22
root: Epoch: [295 | 300]
root: Train_Loss = 0.00021754133922513574, Train_Err = 0.0
root: Val_Loss = 0.12583814561367035, Val_Err = 3.24
root: Epoch: [296 | 300]
root: Train_Loss = 0.0002128743944922462, Train_Err = 0.0
root: Val_Loss = 0.12576018273830414, Val_Err = 3.26
root: Epoch: [297 | 300]
root: Train_Loss = 0.00021479801216628402, Train_Err = 0.0
root: Val_Loss = 0.12609083950519562, Val_Err = 3.28
root: Epoch: [298 | 300]
root: Train_Loss = 0.00021188419486861676, Train_Err = 0.0
root: Val_Loss = 0.12397803366184235, Val_Err = 3.2
root: Epoch: [299 | 300]
root: Train_Loss = 0.00021354197815526277, Train_Err = 0.0
root: Val_Loss = 0.12569530308246613, Val_Err = 3.21
