Namespace(bs=128, cp_dir='./checkpoints/cifar100/resnet50/smooth_out//run_ms_2', data_dir='./data/cifar100', dir='.', dtype='cifar100', ep=200, loadckp=None, lr=0.1, milestones=[100, 120], mo=0.9, ms=2, mtype='resnet50', n='cifar100/resnet50/smooth_out/', num_classes=100, print_freq=100, smooth_out_a=0.009, use_cuda=True, wd=0.0005)
Epoch: [0 | 200]
Phase:train -- Batch_idx:100/391-- 700.70 samples/sec-- Loss:5.47 -- Error1:98.84
Phase:train -- Batch_idx:200/391-- 725.71 samples/sec-- Loss:5.03 -- Error1:98.57
Phase:train -- Batch_idx:300/391-- 734.17 samples/sec-- Loss:4.86 -- Error1:98.27
Train_Loss = 4.751202017974854, Train_Err = 98.028
Val_Loss = 4.364478825378418, Val_Err = 97.14
Epoch: [1 | 200]
Phase:train -- Batch_idx:100/391-- 739.91 samples/sec-- Loss:4.28 -- Error1:96.37
Phase:train -- Batch_idx:200/391-- 745.25 samples/sec-- Loss:4.21 -- Error1:95.56
Phase:train -- Batch_idx:300/391-- 746.87 samples/sec-- Loss:4.15 -- Error1:95.02
Train_Loss = 4.101724136352539, Train_Err = 94.494
Val_Loss = 3.9289892616271973, Val_Err = 92.02
Epoch: [2 | 200]
Phase:train -- Batch_idx:100/391-- 739.85 samples/sec-- Loss:3.87 -- Error1:91.84
Phase:train -- Batch_idx:200/391-- 744.84 samples/sec-- Loss:3.83 -- Error1:91.05
Phase:train -- Batch_idx:300/391-- 746.44 samples/sec-- Loss:3.79 -- Error1:90.39
Train_Loss = 3.761407067260742, Train_Err = 89.796
Val_Loss = 3.6119263927459717, Val_Err = 86.35
Epoch: [3 | 200]
Phase:train -- Batch_idx:100/391-- 739.72 samples/sec-- Loss:3.54 -- Error1:85.53
Phase:train -- Batch_idx:200/391-- 744.95 samples/sec-- Loss:3.51 -- Error1:85.14
Phase:train -- Batch_idx:300/391-- 746.62 samples/sec-- Loss:3.47 -- Error1:84.29
Train_Loss = 3.437943366165161, Train_Err = 83.672
Val_Loss = 3.297544443511963, Val_Err = 82.21
Epoch: [4 | 200]
Phase:train -- Batch_idx:100/391-- 739.71 samples/sec-- Loss:3.20 -- Error1:79.52
Phase:train -- Batch_idx:200/391-- 744.78 samples/sec-- Loss:3.18 -- Error1:79.23
Phase:train -- Batch_idx:300/391-- 746.46 samples/sec-- Loss:3.15 -- Error1:78.67
Train_Loss = 3.119533780670166, Train_Err = 78.032
Val_Loss = 3.0029565479278566, Val_Err = 75.63
Epoch: [5 | 200]
Phase:train -- Batch_idx:100/391-- 740.13 samples/sec-- Loss:2.88 -- Error1:73.18
Phase:train -- Batch_idx:200/391-- 745.09 samples/sec-- Loss:2.86 -- Error1:72.77
Phase:train -- Batch_idx:300/391-- 746.78 samples/sec-- Loss:2.82 -- Error1:71.96
Train_Loss = 2.793869089202881, Train_Err = 71.33
Val_Loss = 2.7543644752502443, Val_Err = 69.83
Epoch: [6 | 200]
Phase:train -- Batch_idx:100/391-- 739.70 samples/sec-- Loss:2.56 -- Error1:67.09
Phase:train -- Batch_idx:200/391-- 745.01 samples/sec-- Loss:2.55 -- Error1:66.48
Phase:train -- Batch_idx:300/391-- 746.74 samples/sec-- Loss:2.53 -- Error1:65.99
Train_Loss = 2.5149997215271, Train_Err = 65.546
Val_Loss = 2.6294019229888916, Val_Err = 67.07
Epoch: [7 | 200]
Phase:train -- Batch_idx:100/391-- 740.05 samples/sec-- Loss:2.31 -- Error1:61.12
Phase:train -- Batch_idx:200/391-- 745.11 samples/sec-- Loss:2.30 -- Error1:61.27
Phase:train -- Batch_idx:300/391-- 746.79 samples/sec-- Loss:2.30 -- Error1:61.27
Train_Loss = 2.300035190887451, Train_Err = 61.228
Val_Loss = 2.4421601123809813, Val_Err = 63.55
Epoch: [8 | 200]
Phase:train -- Batch_idx:100/391-- 740.23 samples/sec-- Loss:2.09 -- Error1:56.59
Phase:train -- Batch_idx:200/391-- 745.22 samples/sec-- Loss:2.12 -- Error1:57.25
Phase:train -- Batch_idx:300/391-- 746.90 samples/sec-- Loss:2.12 -- Error1:57.06
Train_Loss = 2.105284892959595, Train_Err = 56.888
Val_Loss = 2.2670185024261476, Val_Err = 59.57
Epoch: [9 | 200]
Phase:train -- Batch_idx:100/391-- 740.19 samples/sec-- Loss:1.91 -- Error1:52.66
Phase:train -- Batch_idx:200/391-- 745.32 samples/sec-- Loss:1.93 -- Error1:53.10
Phase:train -- Batch_idx:300/391-- 747.01 samples/sec-- Loss:1.94 -- Error1:53.09
Train_Loss = 1.9384228046035767, Train_Err = 53.158
Val_Loss = 2.128315930747986, Val_Err = 56.02
Epoch: [10 | 200]
Phase:train -- Batch_idx:100/391-- 740.45 samples/sec-- Loss:1.73 -- Error1:48.19
Phase:train -- Batch_idx:200/391-- 745.45 samples/sec-- Loss:1.76 -- Error1:49.09
Phase:train -- Batch_idx:300/391-- 747.21 samples/sec-- Loss:1.77 -- Error1:49.41
Train_Loss = 1.7868106842041016, Train_Err = 49.73
Val_Loss = 2.182892830657959, Val_Err = 57.56
Epoch: [11 | 200]
Phase:train -- Batch_idx:100/391-- 741.17 samples/sec-- Loss:1.60 -- Error1:45.20
Phase:train -- Batch_idx:200/391-- 745.87 samples/sec-- Loss:1.66 -- Error1:46.64
Phase:train -- Batch_idx:300/391-- 747.47 samples/sec-- Loss:1.66 -- Error1:46.71
Train_Loss = 1.6744582659912108, Train_Err = 47.06
Val_Loss = 2.048573646736145, Val_Err = 53.92
Epoch: [12 | 200]
Phase:train -- Batch_idx:100/391-- 740.56 samples/sec-- Loss:1.51 -- Error1:42.87
Phase:train -- Batch_idx:200/391-- 745.68 samples/sec-- Loss:1.53 -- Error1:43.29
Phase:train -- Batch_idx:300/391-- 747.45 samples/sec-- Loss:1.55 -- Error1:43.83
Train_Loss = 1.5651675188446046, Train_Err = 44.322
Val_Loss = 2.2691283798217774, Val_Err = 57.85
Epoch: [13 | 200]
Phase:train -- Batch_idx:100/391-- 741.34 samples/sec-- Loss:1.35 -- Error1:38.85
Phase:train -- Batch_idx:200/391-- 746.12 samples/sec-- Loss:1.44 -- Error1:41.21
Phase:train -- Batch_idx:300/391-- 747.72 samples/sec-- Loss:1.47 -- Error1:41.86
Train_Loss = 1.4803329302597046, Train_Err = 42.278
Val_Loss = 2.167599224281311, Val_Err = 56.22
Epoch: [14 | 200]
Phase:train -- Batch_idx:100/391-- 741.33 samples/sec-- Loss:1.31 -- Error1:37.96
Phase:train -- Batch_idx:200/391-- 746.18 samples/sec-- Loss:1.36 -- Error1:39.18
Phase:train -- Batch_idx:300/391-- 747.81 samples/sec-- Loss:1.39 -- Error1:39.90
Train_Loss = 1.4125594401931763, Train_Err = 40.512
Val_Loss = 2.098381517791748, Val_Err = 55.25
Epoch: [15 | 200]
Phase:train -- Batch_idx:100/391-- 741.04 samples/sec-- Loss:1.23 -- Error1:35.95
Phase:train -- Batch_idx:200/391-- 746.01 samples/sec-- Loss:1.29 -- Error1:37.58
Phase:train -- Batch_idx:300/391-- 747.61 samples/sec-- Loss:1.33 -- Error1:38.57
Train_Loss = 1.3448599521636964, Train_Err = 38.908
Val_Loss = 1.929859492111206, Val_Err = 51.2
Epoch: [16 | 200]
Phase:train -- Batch_idx:100/391-- 740.43 samples/sec-- Loss:1.14 -- Error1:33.48
Phase:train -- Batch_idx:200/391-- 745.66 samples/sec-- Loss:1.22 -- Error1:35.79
Phase:train -- Batch_idx:300/391-- 747.42 samples/sec-- Loss:1.25 -- Error1:36.62
Train_Loss = 1.2783519766235352, Train_Err = 37.27
Val_Loss = 1.9283882652282716, Val_Err = 50.1
Epoch: [17 | 200]
Phase:train -- Batch_idx:100/391-- 740.47 samples/sec-- Loss:1.11 -- Error1:32.66
Phase:train -- Batch_idx:200/391-- 745.50 samples/sec-- Loss:1.17 -- Error1:34.32
Phase:train -- Batch_idx:300/391-- 747.20 samples/sec-- Loss:1.20 -- Error1:35.05
Train_Loss = 1.2291016695404053, Train_Err = 35.83
Val_Loss = 1.9806612791061402, Val_Err = 51.17
Epoch: [18 | 200]
Phase:train -- Batch_idx:100/391-- 741.44 samples/sec-- Loss:1.07 -- Error1:31.47
Phase:train -- Batch_idx:200/391-- 746.24 samples/sec-- Loss:1.12 -- Error1:33.18
Phase:train -- Batch_idx:300/391-- 747.83 samples/sec-- Loss:1.16 -- Error1:34.08
Train_Loss = 1.1789784316253662, Train_Err = 34.542
Val_Loss = 2.143163778877258, Val_Err = 53.52
Epoch: [19 | 200]
Phase:train -- Batch_idx:100/391-- 741.27 samples/sec-- Loss:0.97 -- Error1:29.48
Phase:train -- Batch_idx:200/391-- 745.96 samples/sec-- Loss:1.04 -- Error1:31.23
Phase:train -- Batch_idx:300/391-- 747.52 samples/sec-- Loss:1.09 -- Error1:32.50
Train_Loss = 1.1286530609512329, Train_Err = 33.328
Val_Loss = 2.022183270263672, Val_Err = 50.79
Epoch: [20 | 200]
Phase:train -- Batch_idx:100/391-- 741.51 samples/sec-- Loss:0.93 -- Error1:27.29
Phase:train -- Batch_idx:200/391-- 746.25 samples/sec-- Loss:1.00 -- Error1:29.74
Phase:train -- Batch_idx:300/391-- 747.94 samples/sec-- Loss:1.05 -- Error1:31.10
Train_Loss = 1.0834360774612426, Train_Err = 31.938
Val_Loss = 1.8205437307357788, Val_Err = 47.89
Epoch: [21 | 200]
Phase:train -- Batch_idx:100/391-- 741.09 samples/sec-- Loss:0.90 -- Error1:27.05
Phase:train -- Batch_idx:200/391-- 746.30 samples/sec-- Loss:0.97 -- Error1:28.89
Phase:train -- Batch_idx:300/391-- 747.90 samples/sec-- Loss:1.02 -- Error1:30.29
Train_Loss = 1.0453238863945007, Train_Err = 30.928
Val_Loss = 1.9066019214630128, Val_Err = 49.22
Epoch: [22 | 200]
Phase:train -- Batch_idx:100/391-- 741.80 samples/sec-- Loss:0.86 -- Error1:26.21
Phase:train -- Batch_idx:200/391-- 746.40 samples/sec-- Loss:0.93 -- Error1:28.05
Phase:train -- Batch_idx:300/391-- 748.03 samples/sec-- Loss:0.98 -- Error1:29.53
Train_Loss = 1.013567486343384, Train_Err = 30.334
Val_Loss = 1.9112759410858153, Val_Err = 48.12
Epoch: [23 | 200]
Phase:train -- Batch_idx:100/391-- 740.52 samples/sec-- Loss:0.80 -- Error1:24.40
Phase:train -- Batch_idx:200/391-- 745.85 samples/sec-- Loss:0.89 -- Error1:27.01
Phase:train -- Batch_idx:300/391-- 747.61 samples/sec-- Loss:0.95 -- Error1:28.47
Train_Loss = 0.979606060142517, Train_Err = 29.366
Val_Loss = 1.9750906351089477, Val_Err = 48.62
Epoch: [24 | 200]
Phase:train -- Batch_idx:100/391-- 741.56 samples/sec-- Loss:0.79 -- Error1:24.41
Phase:train -- Batch_idx:200/391-- 746.35 samples/sec-- Loss:0.87 -- Error1:26.58
Phase:train -- Batch_idx:300/391-- 748.02 samples/sec-- Loss:0.92 -- Error1:27.71
Train_Loss = 0.9575190118789673, Train_Err = 28.716
Val_Loss = 1.8247332149505615, Val_Err = 47.48
Epoch: [25 | 200]
Phase:train -- Batch_idx:100/391-- 740.67 samples/sec-- Loss:0.78 -- Error1:23.66
Phase:train -- Batch_idx:200/391-- 745.95 samples/sec-- Loss:0.83 -- Error1:25.23
Phase:train -- Batch_idx:300/391-- 747.62 samples/sec-- Loss:0.90 -- Error1:27.19
Train_Loss = 0.9348146091079712, Train_Err = 28.222
Val_Loss = 2.299860824584961, Val_Err = 53.44
Epoch: [26 | 200]
Phase:train -- Batch_idx:100/391-- 741.46 samples/sec-- Loss:0.76 -- Error1:23.12
Phase:train -- Batch_idx:200/391-- 746.25 samples/sec-- Loss:0.82 -- Error1:24.71
Phase:train -- Batch_idx:300/391-- 747.77 samples/sec-- Loss:0.88 -- Error1:26.64
Train_Loss = 0.9103973375129699, Train_Err = 27.438
Val_Loss = 1.8478841342926025, Val_Err = 48.39
Epoch: [27 | 200]
Phase:train -- Batch_idx:100/391-- 741.41 samples/sec-- Loss:0.73 -- Error1:21.89
Phase:train -- Batch_idx:200/391-- 746.33 samples/sec-- Loss:0.81 -- Error1:24.52
Phase:train -- Batch_idx:300/391-- 747.98 samples/sec-- Loss:0.86 -- Error1:25.84
Train_Loss = 0.8923484426116943, Train_Err = 26.746
Val_Loss = 2.0230992750167847, Val_Err = 47.92
Epoch: [28 | 200]
Phase:train -- Batch_idx:100/391-- 742.04 samples/sec-- Loss:0.69 -- Error1:21.12
Phase:train -- Batch_idx:200/391-- 746.57 samples/sec-- Loss:0.79 -- Error1:23.89
Phase:train -- Batch_idx:300/391-- 748.09 samples/sec-- Loss:0.84 -- Error1:25.31
Train_Loss = 0.8728085053634643, Train_Err = 26.224
Val_Loss = 1.9926897184371948, Val_Err = 48.75
Epoch: [29 | 200]
Phase:train -- Batch_idx:100/391-- 741.73 samples/sec-- Loss:0.69 -- Error1:20.94
Phase:train -- Batch_idx:200/391-- 746.40 samples/sec-- Loss:0.76 -- Error1:22.82
Phase:train -- Batch_idx:300/391-- 747.96 samples/sec-- Loss:0.82 -- Error1:24.58
Train_Loss = 0.8577596601104737, Train_Err = 25.816
Val_Loss = 1.9209224212646485, Val_Err = 48.31
Epoch: [30 | 200]
Phase:train -- Batch_idx:100/391-- 741.47 samples/sec-- Loss:0.66 -- Error1:20.25
Phase:train -- Batch_idx:200/391-- 746.30 samples/sec-- Loss:0.75 -- Error1:22.84
Phase:train -- Batch_idx:300/391-- 747.94 samples/sec-- Loss:0.81 -- Error1:24.42
Train_Loss = 0.8427208102607727, Train_Err = 25.326
Val_Loss = 1.924227440261841, Val_Err = 48.41
Epoch: [31 | 200]
Phase:train -- Batch_idx:100/391-- 741.54 samples/sec-- Loss:0.64 -- Error1:19.61
Phase:train -- Batch_idx:200/391-- 746.49 samples/sec-- Loss:0.73 -- Error1:22.27
Phase:train -- Batch_idx:300/391-- 748.12 samples/sec-- Loss:0.79 -- Error1:24.07
Train_Loss = 0.8238868430709839, Train_Err = 25.05
Val_Loss = 2.111613412475586, Val_Err = 49.39
Epoch: [32 | 200]
Phase:train -- Batch_idx:100/391-- 741.83 samples/sec-- Loss:0.63 -- Error1:18.79
Phase:train -- Batch_idx:200/391-- 746.53 samples/sec-- Loss:0.72 -- Error1:21.85
Phase:train -- Batch_idx:300/391-- 748.04 samples/sec-- Loss:0.78 -- Error1:23.71
Train_Loss = 0.8184346570968628, Train_Err = 24.944
Val_Loss = 1.9878859256744386, Val_Err = 49.59
Epoch: [33 | 200]
Phase:train -- Batch_idx:100/391-- 741.83 samples/sec-- Loss:0.64 -- Error1:19.83
Phase:train -- Batch_idx:200/391-- 746.58 samples/sec-- Loss:0.73 -- Error1:22.36
Phase:train -- Batch_idx:300/391-- 748.10 samples/sec-- Loss:0.79 -- Error1:24.05
Train_Loss = 0.8216343969726563, Train_Err = 25.038
Val_Loss = 1.9654226537704467, Val_Err = 49.72
Epoch: [34 | 200]
Phase:train -- Batch_idx:100/391-- 742.00 samples/sec-- Loss:0.60 -- Error1:18.30
Phase:train -- Batch_idx:200/391-- 746.32 samples/sec-- Loss:0.69 -- Error1:21.11
Phase:train -- Batch_idx:300/391-- 748.07 samples/sec-- Loss:0.75 -- Error1:22.64
Train_Loss = 0.7906042895317078, Train_Err = 24.002
Val_Loss = 1.9472651885986327, Val_Err = 48.74
Epoch: [35 | 200]
Phase:train -- Batch_idx:100/391-- 740.19 samples/sec-- Loss:0.60 -- Error1:18.16
Phase:train -- Batch_idx:200/391-- 745.33 samples/sec-- Loss:0.68 -- Error1:20.73
Phase:train -- Batch_idx:300/391-- 747.37 samples/sec-- Loss:0.74 -- Error1:22.52
Train_Loss = 0.7866379946136475, Train_Err = 23.892
Val_Loss = 2.018529973602295, Val_Err = 49.88
Epoch: [36 | 200]
Phase:train -- Batch_idx:100/391-- 741.32 samples/sec-- Loss:0.61 -- Error1:18.31
Phase:train -- Batch_idx:200/391-- 746.20 samples/sec-- Loss:0.68 -- Error1:20.48
Phase:train -- Batch_idx:300/391-- 747.86 samples/sec-- Loss:0.74 -- Error1:22.34
Train_Loss = 0.7821634948348999, Train_Err = 23.602
Val_Loss = 1.9930888542175293, Val_Err = 49.16
Epoch: [37 | 200]
Phase:train -- Batch_idx:100/391-- 740.83 samples/sec-- Loss:0.59 -- Error1:17.95
Phase:train -- Batch_idx:200/391-- 745.93 samples/sec-- Loss:0.67 -- Error1:20.46
Phase:train -- Batch_idx:300/391-- 747.66 samples/sec-- Loss:0.74 -- Error1:22.48
Train_Loss = 0.7694234972763061, Train_Err = 23.37
Val_Loss = 2.2948757331848144, Val_Err = 53.22
Epoch: [38 | 200]
Phase:train -- Batch_idx:100/391-- 740.65 samples/sec-- Loss:0.59 -- Error1:17.84
Phase:train -- Batch_idx:200/391-- 745.84 samples/sec-- Loss:0.67 -- Error1:20.51
Phase:train -- Batch_idx:300/391-- 747.59 samples/sec-- Loss:0.73 -- Error1:22.35
Train_Loss = 0.7786185681152343, Train_Err = 23.528
Val_Loss = 2.1114198570251466, Val_Err = 50.2
Epoch: [39 | 200]
Phase:train -- Batch_idx:100/391-- 472.73 samples/sec-- Loss:0.61 -- Error1:18.37
Phase:train -- Batch_idx:200/391-- 580.44 samples/sec-- Loss:0.67 -- Error1:20.29
Phase:train -- Batch_idx:300/391-- 627.77 samples/sec-- Loss:0.72 -- Error1:21.92
Train_Loss = 0.7662229666900635, Train_Err = 23.26
Val_Loss = 2.075844488143921, Val_Err = 51.13
Epoch: [40 | 200]
Phase:train -- Batch_idx:100/391-- 740.37 samples/sec-- Loss:0.57 -- Error1:17.13
Phase:train -- Batch_idx:200/391-- 745.28 samples/sec-- Loss:0.64 -- Error1:19.54
Phase:train -- Batch_idx:300/391-- 746.87 samples/sec-- Loss:0.72 -- Error1:21.72
Train_Loss = 0.7528191119003296, Train_Err = 22.68
Val_Loss = 2.156935454559326, Val_Err = 50.33
Epoch: [41 | 200]
Phase:train -- Batch_idx:100/391-- 740.10 samples/sec-- Loss:0.55 -- Error1:16.35
Phase:train -- Batch_idx:200/391-- 745.02 samples/sec-- Loss:0.63 -- Error1:18.99
Phase:train -- Batch_idx:300/391-- 746.82 samples/sec-- Loss:0.71 -- Error1:21.34
Train_Loss = 0.74813130153656, Train_Err = 22.516
Val_Loss = 2.0304268505096434, Val_Err = 48.42
Epoch: [42 | 200]
Phase:train -- Batch_idx:100/391-- 741.11 samples/sec-- Loss:0.58 -- Error1:17.91
Phase:train -- Batch_idx:200/391-- 746.06 samples/sec-- Loss:0.66 -- Error1:20.38
Phase:train -- Batch_idx:300/391-- 747.66 samples/sec-- Loss:0.71 -- Error1:21.70
Train_Loss = 0.7539951778030396, Train_Err = 22.882
Val_Loss = 1.9340157238006592, Val_Err = 48.11
Epoch: [43 | 200]
Phase:train -- Batch_idx:100/391-- 741.22 samples/sec-- Loss:0.58 -- Error1:17.72
Phase:train -- Batch_idx:200/391-- 746.03 samples/sec-- Loss:0.65 -- Error1:20.23
Phase:train -- Batch_idx:300/391-- 747.70 samples/sec-- Loss:0.71 -- Error1:21.77
Train_Loss = 0.7475655756759644, Train_Err = 22.954
Val_Loss = 2.006216334724426, Val_Err = 48.26
Epoch: [44 | 200]
Phase:train -- Batch_idx:100/391-- 741.39 samples/sec-- Loss:0.56 -- Error1:17.33
Phase:train -- Batch_idx:200/391-- 582.23 samples/sec-- Loss:0.62 -- Error1:19.15
Phase:train -- Batch_idx:300/391-- 629.45 samples/sec-- Loss:0.70 -- Error1:21.24
Train_Loss = 0.740117014503479, Train_Err = 22.348
Val_Loss = 2.00058456325531, Val_Err = 49.09
Epoch: [45 | 200]
Phase:train -- Batch_idx:100/391-- 739.34 samples/sec-- Loss:0.55 -- Error1:16.64
Phase:train -- Batch_idx:200/391-- 744.66 samples/sec-- Loss:0.63 -- Error1:19.43
Phase:train -- Batch_idx:300/391-- 746.43 samples/sec-- Loss:0.69 -- Error1:21.10
Train_Loss = 0.7322977909088135, Train_Err = 22.28
Val_Loss = 2.0277948070526124, Val_Err = 48.58
Epoch: [46 | 200]
Phase:train -- Batch_idx:100/391-- 739.90 samples/sec-- Loss:0.55 -- Error1:16.86
Phase:train -- Batch_idx:200/391-- 744.81 samples/sec-- Loss:0.62 -- Error1:18.82
Phase:train -- Batch_idx:300/391-- 746.45 samples/sec-- Loss:0.68 -- Error1:20.82
Train_Loss = 0.722909531288147, Train_Err = 21.962
Val_Loss = 1.9462553844451904, Val_Err = 47.16
Epoch: [47 | 200]
Phase:train -- Batch_idx:100/391-- 739.46 samples/sec-- Loss:0.55 -- Error1:16.65
Phase:train -- Batch_idx:200/391-- 744.79 samples/sec-- Loss:0.62 -- Error1:19.00
Phase:train -- Batch_idx:300/391-- 746.66 samples/sec-- Loss:0.69 -- Error1:21.09
Train_Loss = 0.7311832270622254, Train_Err = 22.312
Val_Loss = 2.1017074644088747, Val_Err = 50.71
Epoch: [48 | 200]
Phase:train -- Batch_idx:100/391-- 740.40 samples/sec-- Loss:0.55 -- Error1:16.28
Phase:train -- Batch_idx:200/391-- 745.25 samples/sec-- Loss:0.61 -- Error1:18.26
Phase:train -- Batch_idx:300/391-- 746.88 samples/sec-- Loss:0.68 -- Error1:20.33
Train_Loss = 0.7212127548599243, Train_Err = 21.748
Val_Loss = 2.1639449127197268, Val_Err = 49.87
Epoch: [49 | 200]
Phase:train -- Batch_idx:100/391-- 740.34 samples/sec-- Loss:0.55 -- Error1:16.47
Phase:train -- Batch_idx:200/391-- 745.19 samples/sec-- Loss:0.62 -- Error1:18.58
Phase:train -- Batch_idx:300/391-- 746.84 samples/sec-- Loss:0.69 -- Error1:20.77
Train_Loss = 0.7252916696166992, Train_Err = 21.922
Val_Loss = 2.0459287677764895, Val_Err = 48.59
Epoch: [50 | 200]
Phase:train -- Batch_idx:100/391-- 741.05 samples/sec-- Loss:0.55 -- Error1:16.78
Phase:train -- Batch_idx:200/391-- 745.85 samples/sec-- Loss:0.61 -- Error1:18.85
Phase:train -- Batch_idx:300/391-- 747.50 samples/sec-- Loss:0.68 -- Error1:20.60
Train_Loss = 0.7210466855430603, Train_Err = 21.814
Val_Loss = 2.089374073791504, Val_Err = 49.79
Epoch: [51 | 200]
Phase:train -- Batch_idx:100/391-- 741.24 samples/sec-- Loss:0.54 -- Error1:16.59
Phase:train -- Batch_idx:200/391-- 746.17 samples/sec-- Loss:0.60 -- Error1:18.61
Phase:train -- Batch_idx:300/391-- 747.78 samples/sec-- Loss:0.68 -- Error1:20.79
Train_Loss = 0.7191762114334106, Train_Err = 21.972
Val_Loss = 2.0608021728515626, Val_Err = 49.68
Epoch: [52 | 200]
Phase:train -- Batch_idx:100/391-- 741.12 samples/sec-- Loss:0.54 -- Error1:16.66
Phase:train -- Batch_idx:200/391-- 746.08 samples/sec-- Loss:0.61 -- Error1:18.71
Phase:train -- Batch_idx:300/391-- 653.75 samples/sec-- Loss:0.67 -- Error1:20.46
Train_Loss = 0.7199427563667298, Train_Err = 21.896
Val_Loss = 1.9633063236236572, Val_Err = 48.06
Epoch: [53 | 200]
Phase:train -- Batch_idx:100/391-- 740.23 samples/sec-- Loss:0.53 -- Error1:16.23
Phase:train -- Batch_idx:200/391-- 745.16 samples/sec-- Loss:0.60 -- Error1:18.05
Phase:train -- Batch_idx:300/391-- 746.95 samples/sec-- Loss:0.68 -- Error1:20.35
Train_Loss = 0.7139945378303528, Train_Err = 21.542
Val_Loss = 2.122214665222168, Val_Err = 50.65
Epoch: [54 | 200]
Phase:train -- Batch_idx:100/391-- 740.74 samples/sec-- Loss:0.55 -- Error1:16.76
Phase:train -- Batch_idx:200/391-- 745.69 samples/sec-- Loss:0.63 -- Error1:19.49
Phase:train -- Batch_idx:300/391-- 747.24 samples/sec-- Loss:0.69 -- Error1:21.08
Train_Loss = 0.7297139082717895, Train_Err = 22.164
Val_Loss = 1.9904359527587892, Val_Err = 48.51
Epoch: [55 | 200]
Phase:train -- Batch_idx:100/391-- 740.75 samples/sec-- Loss:0.54 -- Error1:16.30
Phase:train -- Batch_idx:200/391-- 745.62 samples/sec-- Loss:0.61 -- Error1:18.42
Phase:train -- Batch_idx:300/391-- 747.29 samples/sec-- Loss:0.67 -- Error1:20.26
Train_Loss = 0.7076408267974853, Train_Err = 21.556
Val_Loss = 2.2469412731170655, Val_Err = 50.61
Epoch: [56 | 200]
Phase:train -- Batch_idx:100/391-- 741.15 samples/sec-- Loss:0.55 -- Error1:17.02
Phase:train -- Batch_idx:200/391-- 746.10 samples/sec-- Loss:0.61 -- Error1:18.96
Phase:train -- Batch_idx:300/391-- 747.60 samples/sec-- Loss:0.67 -- Error1:20.51
Train_Loss = 0.7061256990432739, Train_Err = 21.424
Val_Loss = 1.9742319637298584, Val_Err = 47.7
Epoch: [57 | 200]
Phase:train -- Batch_idx:100/391-- 741.18 samples/sec-- Loss:0.53 -- Error1:16.07
Phase:train -- Batch_idx:200/391-- 745.98 samples/sec-- Loss:0.61 -- Error1:18.60
Phase:train -- Batch_idx:300/391-- 747.54 samples/sec-- Loss:0.67 -- Error1:20.39
Train_Loss = 0.7110785322570801, Train_Err = 21.648
Val_Loss = 2.0637021327972414, Val_Err = 48.46
Epoch: [58 | 200]
Phase:train -- Batch_idx:100/391-- 740.65 samples/sec-- Loss:0.53 -- Error1:16.11
Phase:train -- Batch_idx:200/391-- 745.67 samples/sec-- Loss:0.60 -- Error1:18.67
Phase:train -- Batch_idx:300/391-- 747.41 samples/sec-- Loss:0.67 -- Error1:20.64
Train_Loss = 0.7076731175231934, Train_Err = 21.628
Val_Loss = 2.0869776165008544, Val_Err = 50.2
Epoch: [59 | 200]
Phase:train -- Batch_idx:100/391-- 741.03 samples/sec-- Loss:0.54 -- Error1:16.23
Phase:train -- Batch_idx:200/391-- 746.07 samples/sec-- Loss:0.60 -- Error1:18.34
Phase:train -- Batch_idx:300/391-- 747.71 samples/sec-- Loss:0.67 -- Error1:20.35
Train_Loss = 0.7204026182174683, Train_Err = 21.802
Val_Loss = 2.0990859355926514, Val_Err = 49.61
Epoch: [60 | 200]
Phase:train -- Batch_idx:100/391-- 741.57 samples/sec-- Loss:0.52 -- Error1:15.93
Phase:train -- Batch_idx:200/391-- 746.47 samples/sec-- Loss:0.59 -- Error1:18.11
Phase:train -- Batch_idx:300/391-- 748.08 samples/sec-- Loss:0.67 -- Error1:20.46
Train_Loss = 0.7074657166862488, Train_Err = 21.596
Val_Loss = 1.9765432571411132, Val_Err = 47.42
Epoch: [61 | 200]
Phase:train -- Batch_idx:100/391-- 741.41 samples/sec-- Loss:0.52 -- Error1:15.62
Phase:train -- Batch_idx:200/391-- 746.26 samples/sec-- Loss:0.59 -- Error1:17.83
Phase:train -- Batch_idx:300/391-- 747.89 samples/sec-- Loss:0.65 -- Error1:19.66
Train_Loss = 0.6894490227508545, Train_Err = 20.82
Val_Loss = 2.0208090353012085, Val_Err = 48.21
Epoch: [62 | 200]
Phase:train -- Batch_idx:100/391-- 741.18 samples/sec-- Loss:0.52 -- Error1:15.84
Phase:train -- Batch_idx:200/391-- 745.85 samples/sec-- Loss:0.59 -- Error1:17.87
Phase:train -- Batch_idx:300/391-- 747.47 samples/sec-- Loss:0.66 -- Error1:19.97
Train_Loss = 0.7085522758865357, Train_Err = 21.464
Val_Loss = 1.940258882522583, Val_Err = 47.54
Epoch: [63 | 200]
Phase:train -- Batch_idx:100/391-- 741.11 samples/sec-- Loss:0.51 -- Error1:15.73
Phase:train -- Batch_idx:200/391-- 745.82 samples/sec-- Loss:0.59 -- Error1:18.17
Phase:train -- Batch_idx:300/391-- 747.44 samples/sec-- Loss:0.65 -- Error1:19.98
Train_Loss = 0.6952900538825989, Train_Err = 21.196
Val_Loss = 2.0047494663238528, Val_Err = 47.41
Epoch: [64 | 200]
Phase:train -- Batch_idx:100/391-- 740.66 samples/sec-- Loss:0.52 -- Error1:15.23
Phase:train -- Batch_idx:200/391-- 745.60 samples/sec-- Loss:0.60 -- Error1:17.83
Phase:train -- Batch_idx:300/391-- 747.31 samples/sec-- Loss:0.66 -- Error1:19.80
Train_Loss = 0.7070893634414673, Train_Err = 21.29
Val_Loss = 1.9793690858840942, Val_Err = 47.51
Epoch: [65 | 200]
Phase:train -- Batch_idx:100/391-- 740.92 samples/sec-- Loss:0.53 -- Error1:15.91
Phase:train -- Batch_idx:200/391-- 745.86 samples/sec-- Loss:0.60 -- Error1:18.18
Phase:train -- Batch_idx:300/391-- 747.50 samples/sec-- Loss:0.67 -- Error1:20.17
Train_Loss = 0.7090696096611023, Train_Err = 21.402
Val_Loss = 2.0186076358795164, Val_Err = 48.58
Epoch: [66 | 200]
Phase:train -- Batch_idx:100/391-- 740.33 samples/sec-- Loss:0.50 -- Error1:15.16
Phase:train -- Batch_idx:200/391-- 745.59 samples/sec-- Loss:0.58 -- Error1:17.80
Phase:train -- Batch_idx:300/391-- 747.39 samples/sec-- Loss:0.65 -- Error1:19.68
Train_Loss = 0.6908473257064819, Train_Err = 20.892
Val_Loss = 2.1353509300231934, Val_Err = 49.79
Epoch: [67 | 200]
Phase:train -- Batch_idx:100/391-- 741.11 samples/sec-- Loss:0.49 -- Error1:14.98
Phase:train -- Batch_idx:200/391-- 746.15 samples/sec-- Loss:0.59 -- Error1:17.87
Phase:train -- Batch_idx:300/391-- 747.80 samples/sec-- Loss:0.65 -- Error1:19.65
Train_Loss = 0.7012218338012696, Train_Err = 21.124
Val_Loss = 2.090367094039917, Val_Err = 49.59
Epoch: [68 | 200]
Phase:train -- Batch_idx:100/391-- 741.50 samples/sec-- Loss:0.50 -- Error1:15.40
Phase:train -- Batch_idx:200/391-- 746.32 samples/sec-- Loss:0.57 -- Error1:17.43
Phase:train -- Batch_idx:300/391-- 747.98 samples/sec-- Loss:0.64 -- Error1:19.57
Train_Loss = 0.6881905846977234, Train_Err = 20.87
Val_Loss = 1.9876576820373535, Val_Err = 48.2
Epoch: [69 | 200]
Phase:train -- Batch_idx:100/391-- 741.69 samples/sec-- Loss:0.54 -- Error1:16.16
Phase:train -- Batch_idx:200/391-- 746.43 samples/sec-- Loss:0.59 -- Error1:17.83
Phase:train -- Batch_idx:300/391-- 748.06 samples/sec-- Loss:0.66 -- Error1:19.75
Train_Loss = 0.7008517827033997, Train_Err = 21.064
Val_Loss = 2.036937304496765, Val_Err = 48.93
Epoch: [70 | 200]
Phase:train -- Batch_idx:100/391-- 741.34 samples/sec-- Loss:0.50 -- Error1:15.19
Phase:train -- Batch_idx:200/391-- 746.21 samples/sec-- Loss:0.58 -- Error1:17.88
Phase:train -- Batch_idx:300/391-- 747.84 samples/sec-- Loss:0.66 -- Error1:20.01
Train_Loss = 0.7004675190925598, Train_Err = 21.218
Val_Loss = 1.9904150287628173, Val_Err = 49.02
Epoch: [71 | 200]
Phase:train -- Batch_idx:100/391-- 741.49 samples/sec-- Loss:0.50 -- Error1:15.25
Phase:train -- Batch_idx:200/391-- 746.29 samples/sec-- Loss:0.57 -- Error1:17.30
Phase:train -- Batch_idx:300/391-- 747.88 samples/sec-- Loss:0.65 -- Error1:19.51
Train_Loss = 0.6882452878189087, Train_Err = 20.704
Val_Loss = 2.041316223907471, Val_Err = 49.59
Epoch: [72 | 200]
Phase:train -- Batch_idx:100/391-- 741.35 samples/sec-- Loss:0.52 -- Error1:15.88
Phase:train -- Batch_idx:200/391-- 746.35 samples/sec-- Loss:0.59 -- Error1:17.97
Phase:train -- Batch_idx:300/391-- 748.06 samples/sec-- Loss:0.66 -- Error1:20.01
Train_Loss = 0.7116651909446716, Train_Err = 21.432
Val_Loss = 2.1825747512817384, Val_Err = 50.53
Epoch: [73 | 200]
Phase:train -- Batch_idx:100/391-- 741.37 samples/sec-- Loss:0.53 -- Error1:16.41
Phase:train -- Batch_idx:200/391-- 746.20 samples/sec-- Loss:0.59 -- Error1:18.09
Phase:train -- Batch_idx:300/391-- 747.88 samples/sec-- Loss:0.65 -- Error1:19.90
Train_Loss = 0.6950840106964111, Train_Err = 21.14
Val_Loss = 2.1186146060943605, Val_Err = 49.37
Epoch: [74 | 200]
Phase:train -- Batch_idx:100/391-- 741.84 samples/sec-- Loss:0.51 -- Error1:15.41
Phase:train -- Batch_idx:200/391-- 746.68 samples/sec-- Loss:0.59 -- Error1:17.88
Phase:train -- Batch_idx:300/391-- 748.33 samples/sec-- Loss:0.66 -- Error1:19.76
Train_Loss = 0.694474910736084, Train_Err = 20.936
Val_Loss = 2.076162566757202, Val_Err = 49.02
Epoch: [75 | 200]
Phase:train -- Batch_idx:100/391-- 741.44 samples/sec-- Loss:0.51 -- Error1:15.52
Phase:train -- Batch_idx:200/391-- 746.43 samples/sec-- Loss:0.57 -- Error1:17.25
Phase:train -- Batch_idx:300/391-- 748.11 samples/sec-- Loss:0.63 -- Error1:19.17
Train_Loss = 0.6783950689315796, Train_Err = 20.454
Val_Loss = 2.090326547241211, Val_Err = 49.1
Epoch: [76 | 200]
Phase:train -- Batch_idx:100/391-- 741.60 samples/sec-- Loss:0.51 -- Error1:15.69
Phase:train -- Batch_idx:200/391-- 746.50 samples/sec-- Loss:0.59 -- Error1:17.83
Phase:train -- Batch_idx:300/391-- 747.98 samples/sec-- Loss:0.66 -- Error1:20.06
Train_Loss = 0.6976551560020446, Train_Err = 21.196
Val_Loss = 1.928024754333496, Val_Err = 46.58
Epoch: [77 | 200]
Phase:train -- Batch_idx:100/391-- 740.85 samples/sec-- Loss:0.50 -- Error1:15.34
Phase:train -- Batch_idx:200/391-- 746.02 samples/sec-- Loss:0.59 -- Error1:17.84
Phase:train -- Batch_idx:300/391-- 747.84 samples/sec-- Loss:0.65 -- Error1:19.68
Train_Loss = 0.6927939472579956, Train_Err = 20.892
Val_Loss = 1.992155362701416, Val_Err = 47.61
Epoch: [78 | 200]
Phase:train -- Batch_idx:100/391-- 741.42 samples/sec-- Loss:0.51 -- Error1:15.09
Phase:train -- Batch_idx:200/391-- 746.38 samples/sec-- Loss:0.59 -- Error1:17.60
Phase:train -- Batch_idx:300/391-- 747.83 samples/sec-- Loss:0.65 -- Error1:19.64
Train_Loss = 0.687395711402893, Train_Err = 20.708
Val_Loss = 2.118144541168213, Val_Err = 49.86
Epoch: [79 | 200]
Phase:train -- Batch_idx:100/391-- 741.40 samples/sec-- Loss:0.52 -- Error1:15.50
Phase:train -- Batch_idx:200/391-- 746.27 samples/sec-- Loss:0.61 -- Error1:18.52
Phase:train -- Batch_idx:300/391-- 747.85 samples/sec-- Loss:0.66 -- Error1:20.11
Train_Loss = 0.7011653777694702, Train_Err = 21.224
Val_Loss = 2.0155684886932375, Val_Err = 48.65
Epoch: [80 | 200]
Phase:train -- Batch_idx:100/391-- 740.33 samples/sec-- Loss:0.52 -- Error1:15.70
Phase:train -- Batch_idx:200/391-- 745.58 samples/sec-- Loss:0.58 -- Error1:17.55
Phase:train -- Batch_idx:300/391-- 747.28 samples/sec-- Loss:0.64 -- Error1:19.28
Train_Loss = 0.6861253552246094, Train_Err = 20.494
Val_Loss = 2.241123961639404, Val_Err = 51.42
Epoch: [81 | 200]
Phase:train -- Batch_idx:100/391-- 741.58 samples/sec-- Loss:0.54 -- Error1:16.58
Phase:train -- Batch_idx:200/391-- 746.42 samples/sec-- Loss:0.61 -- Error1:18.77
Phase:train -- Batch_idx:300/391-- 748.03 samples/sec-- Loss:0.67 -- Error1:20.38
Train_Loss = 0.7024388895416259, Train_Err = 21.3
Val_Loss = 2.1828608528137208, Val_Err = 50.8
Epoch: [82 | 200]
Phase:train -- Batch_idx:100/391-- 741.37 samples/sec-- Loss:0.51 -- Error1:15.44
Phase:train -- Batch_idx:200/391-- 746.18 samples/sec-- Loss:0.58 -- Error1:17.50
Phase:train -- Batch_idx:300/391-- 747.86 samples/sec-- Loss:0.65 -- Error1:19.63
Train_Loss = 0.6945036388587952, Train_Err = 21.0
Val_Loss = 2.1236995628356934, Val_Err = 49.99
Epoch: [83 | 200]
Phase:train -- Batch_idx:100/391-- 741.34 samples/sec-- Loss:0.53 -- Error1:16.59
Phase:train -- Batch_idx:200/391-- 746.23 samples/sec-- Loss:0.59 -- Error1:18.23
Phase:train -- Batch_idx:300/391-- 747.86 samples/sec-- Loss:0.65 -- Error1:20.03
Train_Loss = 0.7010758439254761, Train_Err = 21.258
Val_Loss = 2.0798271591186523, Val_Err = 49.52
Epoch: [84 | 200]
Phase:train -- Batch_idx:100/391-- 741.29 samples/sec-- Loss:0.50 -- Error1:14.84
Phase:train -- Batch_idx:200/391-- 746.08 samples/sec-- Loss:0.58 -- Error1:17.45
Phase:train -- Batch_idx:300/391-- 747.78 samples/sec-- Loss:0.65 -- Error1:19.58
Train_Loss = 0.6897730864715577, Train_Err = 20.824
Val_Loss = 2.1571771451950075, Val_Err = 50.76
Epoch: [85 | 200]
Phase:train -- Batch_idx:100/391-- 741.19 samples/sec-- Loss:0.50 -- Error1:14.84
Phase:train -- Batch_idx:200/391-- 746.15 samples/sec-- Loss:0.57 -- Error1:17.18
Phase:train -- Batch_idx:300/391-- 747.78 samples/sec-- Loss:0.65 -- Error1:19.36
Train_Loss = 0.6896099717330932, Train_Err = 20.534
Val_Loss = 2.107210694503784, Val_Err = 50.22
Epoch: [86 | 200]
Phase:train -- Batch_idx:100/391-- 740.94 samples/sec-- Loss:0.54 -- Error1:16.14
Phase:train -- Batch_idx:200/391-- 745.88 samples/sec-- Loss:0.58 -- Error1:17.66
Phase:train -- Batch_idx:300/391-- 747.58 samples/sec-- Loss:0.64 -- Error1:19.45
Train_Loss = 0.6904477434539795, Train_Err = 20.856
Val_Loss = 2.177079313659668, Val_Err = 49.78
Epoch: [87 | 200]
Phase:train -- Batch_idx:100/391-- 741.23 samples/sec-- Loss:0.52 -- Error1:16.00
Phase:train -- Batch_idx:200/391-- 746.09 samples/sec-- Loss:0.57 -- Error1:17.39
Phase:train -- Batch_idx:300/391-- 747.78 samples/sec-- Loss:0.63 -- Error1:19.22
Train_Loss = 0.6788197924995423, Train_Err = 20.546
Val_Loss = 2.167219020843506, Val_Err = 51.26
Epoch: [88 | 200]
Phase:train -- Batch_idx:100/391-- 741.15 samples/sec-- Loss:0.52 -- Error1:15.86
Phase:train -- Batch_idx:200/391-- 746.06 samples/sec-- Loss:0.59 -- Error1:17.80
Phase:train -- Batch_idx:300/391-- 747.72 samples/sec-- Loss:0.66 -- Error1:19.91
Train_Loss = 0.7030207807922363, Train_Err = 21.246
Val_Loss = 2.1047987689971923, Val_Err = 48.88
Epoch: [89 | 200]
Phase:train -- Batch_idx:100/391-- 741.09 samples/sec-- Loss:0.53 -- Error1:16.24
Phase:train -- Batch_idx:200/391-- 746.11 samples/sec-- Loss:0.59 -- Error1:17.99
Phase:train -- Batch_idx:300/391-- 747.81 samples/sec-- Loss:0.65 -- Error1:19.81
Train_Loss = 0.6891180524253845, Train_Err = 21.008
Val_Loss = 2.1446766231536865, Val_Err = 49.68
Epoch: [90 | 200]
Phase:train -- Batch_idx:100/391-- 741.59 samples/sec-- Loss:0.53 -- Error1:16.09
Phase:train -- Batch_idx:200/391-- 746.36 samples/sec-- Loss:0.59 -- Error1:17.82
Phase:train -- Batch_idx:300/391-- 747.92 samples/sec-- Loss:0.64 -- Error1:19.47
Train_Loss = 0.6860028201293945, Train_Err = 20.756
Val_Loss = 2.370490982055664, Val_Err = 53.59
Epoch: [91 | 200]
Phase:train -- Batch_idx:100/391-- 741.36 samples/sec-- Loss:0.54 -- Error1:16.43
Phase:train -- Batch_idx:200/391-- 746.29 samples/sec-- Loss:0.60 -- Error1:18.27
Phase:train -- Batch_idx:300/391-- 747.86 samples/sec-- Loss:0.66 -- Error1:19.95
Train_Loss = 0.6974096398544312, Train_Err = 21.256
Val_Loss = 2.211591068649292, Val_Err = 51.27
Epoch: [92 | 200]
Phase:train -- Batch_idx:100/391-- 741.64 samples/sec-- Loss:0.52 -- Error1:15.88
Phase:train -- Batch_idx:200/391-- 746.51 samples/sec-- Loss:0.60 -- Error1:18.05
Phase:train -- Batch_idx:300/391-- 748.05 samples/sec-- Loss:0.65 -- Error1:19.86
Train_Loss = 0.7022055912780761, Train_Err = 21.238
Val_Loss = 1.9477374300003052, Val_Err = 47.51
Epoch: [93 | 200]
Phase:train -- Batch_idx:100/391-- 740.81 samples/sec-- Loss:0.47 -- Error1:14.17
Phase:train -- Batch_idx:200/391-- 745.71 samples/sec-- Loss:0.56 -- Error1:16.90
Phase:train -- Batch_idx:300/391-- 747.47 samples/sec-- Loss:0.64 -- Error1:19.24
Train_Loss = 0.6858132216262818, Train_Err = 20.674
Val_Loss = 2.1873712648391725, Val_Err = 50.33
Epoch: [94 | 200]
Phase:train -- Batch_idx:100/391-- 741.19 samples/sec-- Loss:0.52 -- Error1:15.77
Phase:train -- Batch_idx:200/391-- 746.15 samples/sec-- Loss:0.59 -- Error1:17.79
Phase:train -- Batch_idx:300/391-- 747.79 samples/sec-- Loss:0.66 -- Error1:19.76
Train_Loss = 0.6971307852554322, Train_Err = 21.0
Val_Loss = 2.435006462097168, Val_Err = 53.98
Epoch: [95 | 200]
Phase:train -- Batch_idx:100/391-- 740.90 samples/sec-- Loss:0.52 -- Error1:15.69
Phase:train -- Batch_idx:200/391-- 745.62 samples/sec-- Loss:0.59 -- Error1:17.82
Phase:train -- Batch_idx:300/391-- 747.37 samples/sec-- Loss:0.65 -- Error1:19.44
Train_Loss = 0.6984342376327515, Train_Err = 21.02
Val_Loss = 1.9816950340270996, Val_Err = 48.06
Epoch: [96 | 200]
Phase:train -- Batch_idx:100/391-- 741.29 samples/sec-- Loss:0.53 -- Error1:15.71
Phase:train -- Batch_idx:200/391-- 746.23 samples/sec-- Loss:0.59 -- Error1:17.64
Phase:train -- Batch_idx:300/391-- 747.97 samples/sec-- Loss:0.66 -- Error1:19.69
Train_Loss = 0.6824060773086548, Train_Err = 20.596
Val_Loss = 2.0601122161865235, Val_Err = 49.15
Epoch: [97 | 200]
Phase:train -- Batch_idx:100/391-- 741.21 samples/sec-- Loss:0.51 -- Error1:15.52
Phase:train -- Batch_idx:200/391-- 746.18 samples/sec-- Loss:0.59 -- Error1:17.81
Phase:train -- Batch_idx:300/391-- 747.84 samples/sec-- Loss:0.66 -- Error1:19.73
Train_Loss = 0.6986586047935486, Train_Err = 21.006
Val_Loss = 2.0857555576324462, Val_Err = 48.46
Epoch: [98 | 200]
Phase:train -- Batch_idx:100/391-- 740.96 samples/sec-- Loss:0.51 -- Error1:15.62
Phase:train -- Batch_idx:200/391-- 745.85 samples/sec-- Loss:0.58 -- Error1:17.79
Phase:train -- Batch_idx:300/391-- 747.53 samples/sec-- Loss:0.66 -- Error1:19.85
Train_Loss = 0.6992367523956299, Train_Err = 21.038
Val_Loss = 2.1657215614318845, Val_Err = 51.06
Epoch: [99 | 200]
Phase:train -- Batch_idx:100/391-- 741.24 samples/sec-- Loss:0.51 -- Error1:15.53
Phase:train -- Batch_idx:200/391-- 746.26 samples/sec-- Loss:0.58 -- Error1:17.71
Phase:train -- Batch_idx:300/391-- 747.96 samples/sec-- Loss:0.64 -- Error1:19.51
Train_Loss = 0.6855771160888672, Train_Err = 20.78
Val_Loss = 2.0023657398223875, Val_Err = 48.1
Epoch: [100 | 200]
Phase:train -- Batch_idx:100/391-- 741.69 samples/sec-- Loss:0.33 -- Error1:9.09
Phase:train -- Batch_idx:200/391-- 746.53 samples/sec-- Loss:0.26 -- Error1:7.05
Phase:train -- Batch_idx:300/391-- 748.20 samples/sec-- Loss:0.23 -- Error1:5.99
Train_Loss = 0.20883464718818665, Train_Err = 5.52
Val_Loss = 1.360276679611206, Val_Err = 34.99
Epoch: [101 | 200]
Phase:train -- Batch_idx:100/391-- 740.81 samples/sec-- Loss:0.08 -- Error1:1.18
Phase:train -- Batch_idx:200/391-- 746.14 samples/sec-- Loss:0.07 -- Error1:1.18
Phase:train -- Batch_idx:300/391-- 747.95 samples/sec-- Loss:0.07 -- Error1:1.13
Train_Loss = 0.06865036056756973, Train_Err = 1.152
Val_Loss = 1.3653308702468872, Val_Err = 34.28
Epoch: [102 | 200]
Phase:train -- Batch_idx:100/391-- 740.30 samples/sec-- Loss:0.04 -- Error1:0.45
Phase:train -- Batch_idx:200/391-- 745.70 samples/sec-- Loss:0.04 -- Error1:0.43
Phase:train -- Batch_idx:300/391-- 747.52 samples/sec-- Loss:0.04 -- Error1:0.45
Train_Loss = 0.04183498722791672, Train_Err = 0.458
Val_Loss = 1.3818298141479493, Val_Err = 34.19
Epoch: [103 | 200]
Phase:train -- Batch_idx:100/391-- 740.63 samples/sec-- Loss:0.03 -- Error1:0.18
Phase:train -- Batch_idx:200/391-- 745.98 samples/sec-- Loss:0.03 -- Error1:0.23
Phase:train -- Batch_idx:300/391-- 747.79 samples/sec-- Loss:0.03 -- Error1:0.27
Train_Loss = 0.030296054550409318, Train_Err = 0.27
Val_Loss = 1.3891957891464233, Val_Err = 34.2
Epoch: [104 | 200]
Phase:train -- Batch_idx:100/391-- 741.91 samples/sec-- Loss:0.02 -- Error1:0.23
Phase:train -- Batch_idx:200/391-- 746.59 samples/sec-- Loss:0.02 -- Error1:0.20
Phase:train -- Batch_idx:300/391-- 748.13 samples/sec-- Loss:0.02 -- Error1:0.18
Train_Loss = 0.023982935696840287, Train_Err = 0.192
Val_Loss = 1.3966838136672974, Val_Err = 34.38
Epoch: [105 | 200]
Phase:train -- Batch_idx:100/391-- 741.34 samples/sec-- Loss:0.02 -- Error1:0.16
Phase:train -- Batch_idx:200/391-- 746.34 samples/sec-- Loss:0.02 -- Error1:0.12
Phase:train -- Batch_idx:300/391-- 748.04 samples/sec-- Loss:0.02 -- Error1:0.11
Train_Loss = 0.01973771522819996, Train_Err = 0.118
Val_Loss = 1.3963619958877564, Val_Err = 34.15
Epoch: [106 | 200]
Phase:train -- Batch_idx:100/391-- 740.96 samples/sec-- Loss:0.02 -- Error1:0.05
Phase:train -- Batch_idx:200/391-- 746.28 samples/sec-- Loss:0.02 -- Error1:0.06
Phase:train -- Batch_idx:300/391-- 748.00 samples/sec-- Loss:0.02 -- Error1:0.07
Train_Loss = 0.017314308794736864, Train_Err = 0.072
Val_Loss = 1.3933166915893556, Val_Err = 34.12
Epoch: [107 | 200]
Phase:train -- Batch_idx:100/391-- 740.77 samples/sec-- Loss:0.01 -- Error1:0.03
Phase:train -- Batch_idx:200/391-- 745.97 samples/sec-- Loss:0.02 -- Error1:0.05
Phase:train -- Batch_idx:300/391-- 747.77 samples/sec-- Loss:0.02 -- Error1:0.05
Train_Loss = 0.015886293185949325, Train_Err = 0.07
Val_Loss = 1.3906870513916016, Val_Err = 34.22
Epoch: [108 | 200]
Phase:train -- Batch_idx:100/391-- 741.53 samples/sec-- Loss:0.01 -- Error1:0.05
Phase:train -- Batch_idx:200/391-- 746.42 samples/sec-- Loss:0.01 -- Error1:0.05
Phase:train -- Batch_idx:300/391-- 748.02 samples/sec-- Loss:0.01 -- Error1:0.06
Train_Loss = 0.015101936078071594, Train_Err = 0.062
Val_Loss = 1.3949499746322631, Val_Err = 34.36
Epoch: [109 | 200]
Phase:train -- Batch_idx:100/391-- 741.29 samples/sec-- Loss:0.01 -- Error1:0.05
Phase:train -- Batch_idx:200/391-- 746.24 samples/sec-- Loss:0.01 -- Error1:0.07
Phase:train -- Batch_idx:300/391-- 747.89 samples/sec-- Loss:0.01 -- Error1:0.06
Train_Loss = 0.014043678638339043, Train_Err = 0.06
Val_Loss = 1.3893482965469361, Val_Err = 34.21
Epoch: [110 | 200]
Phase:train -- Batch_idx:100/391-- 741.53 samples/sec-- Loss:0.01 -- Error1:0.02
Phase:train -- Batch_idx:200/391-- 746.44 samples/sec-- Loss:0.01 -- Error1:0.04
Phase:train -- Batch_idx:300/391-- 748.07 samples/sec-- Loss:0.01 -- Error1:0.04
Train_Loss = 0.013232774990200997, Train_Err = 0.044
Val_Loss = 1.3889737564086915, Val_Err = 34.21
Epoch: [111 | 200]
Phase:train -- Batch_idx:100/391-- 741.49 samples/sec-- Loss:0.01 -- Error1:0.02
Phase:train -- Batch_idx:200/391-- 746.48 samples/sec-- Loss:0.01 -- Error1:0.04
Phase:train -- Batch_idx:300/391-- 748.08 samples/sec-- Loss:0.01 -- Error1:0.04
Train_Loss = 0.012903461478352547, Train_Err = 0.044
Val_Loss = 1.3813206588745117, Val_Err = 34.13
Epoch: [112 | 200]
Phase:train -- Batch_idx:100/391-- 741.15 samples/sec-- Loss:0.01 -- Error1:0.01
Phase:train -- Batch_idx:200/391-- 746.11 samples/sec-- Loss:0.01 -- Error1:0.03
Phase:train -- Batch_idx:300/391-- 747.73 samples/sec-- Loss:0.01 -- Error1:0.04
Train_Loss = 0.012541099401712417, Train_Err = 0.042
Val_Loss = 1.3809516471862793, Val_Err = 34.03
Epoch: [113 | 200]
Phase:train -- Batch_idx:100/391-- 740.64 samples/sec-- Loss:0.01 -- Error1:0.02
Phase:train -- Batch_idx:200/391-- 745.88 samples/sec-- Loss:0.01 -- Error1:0.03
Phase:train -- Batch_idx:300/391-- 747.64 samples/sec-- Loss:0.01 -- Error1:0.04
Train_Loss = 0.01230955401390791, Train_Err = 0.038
Val_Loss = 1.384791389274597, Val_Err = 34.09
Epoch: [114 | 200]
Phase:train -- Batch_idx:100/391-- 741.34 samples/sec-- Loss:0.01 -- Error1:0.03
Phase:train -- Batch_idx:200/391-- 746.32 samples/sec-- Loss:0.01 -- Error1:0.03
Phase:train -- Batch_idx:300/391-- 748.05 samples/sec-- Loss:0.01 -- Error1:0.04
Train_Loss = 0.012004974901676178, Train_Err = 0.038
Val_Loss = 1.3788583213806151, Val_Err = 33.74
Epoch: [115 | 200]
Phase:train -- Batch_idx:100/391-- 740.96 samples/sec-- Loss:0.01 -- Error1:0.04
Phase:train -- Batch_idx:200/391-- 745.99 samples/sec-- Loss:0.01 -- Error1:0.04
Phase:train -- Batch_idx:300/391-- 747.69 samples/sec-- Loss:0.01 -- Error1:0.03
Train_Loss = 0.011667711004316806, Train_Err = 0.032
Val_Loss = 1.3770680242538451, Val_Err = 33.85
Epoch: [116 | 200]
Phase:train -- Batch_idx:100/391-- 741.34 samples/sec-- Loss:0.01 -- Error1:0.02
Phase:train -- Batch_idx:200/391-- 746.18 samples/sec-- Loss:0.01 -- Error1:0.03
Phase:train -- Batch_idx:300/391-- 747.84 samples/sec-- Loss:0.01 -- Error1:0.04
Train_Loss = 0.011669497555494308, Train_Err = 0.038
Val_Loss = 1.3772272243499757, Val_Err = 34.02
Epoch: [117 | 200]
Phase:train -- Batch_idx:100/391-- 741.12 samples/sec-- Loss:0.01 -- Error1:0.03
Phase:train -- Batch_idx:200/391-- 746.17 samples/sec-- Loss:0.01 -- Error1:0.04
Phase:train -- Batch_idx:300/391-- 747.88 samples/sec-- Loss:0.01 -- Error1:0.04
Train_Loss = 0.011898746919631957, Train_Err = 0.042
Val_Loss = 1.3681900131225586, Val_Err = 34.03
Epoch: [118 | 200]
Phase:train -- Batch_idx:100/391-- 741.47 samples/sec-- Loss:0.01 -- Error1:0.05
Phase:train -- Batch_idx:200/391-- 746.44 samples/sec-- Loss:0.01 -- Error1:0.04
Phase:train -- Batch_idx:300/391-- 748.09 samples/sec-- Loss:0.01 -- Error1:0.04
Train_Loss = 0.011885494262576103, Train_Err = 0.038
Val_Loss = 1.3718580055236815, Val_Err = 33.9
Epoch: [119 | 200]
Phase:train -- Batch_idx:100/391-- 741.40 samples/sec-- Loss:0.01 -- Error1:0.02
Phase:train -- Batch_idx:200/391-- 746.32 samples/sec-- Loss:0.01 -- Error1:0.02
Phase:train -- Batch_idx:300/391-- 748.01 samples/sec-- Loss:0.01 -- Error1:0.03
Train_Loss = 0.011496054218411446, Train_Err = 0.028
Val_Loss = 1.3666250799179078, Val_Err = 33.82
Epoch: [120 | 200]
Phase:train -- Batch_idx:100/391-- 741.27 samples/sec-- Loss:0.01 -- Error1:0.03
Phase:train -- Batch_idx:200/391-- 746.22 samples/sec-- Loss:0.01 -- Error1:0.02
Phase:train -- Batch_idx:300/391-- 747.89 samples/sec-- Loss:0.01 -- Error1:0.02
Train_Loss = 0.011106394822895526, Train_Err = 0.02
Val_Loss = 1.3701365983963012, Val_Err = 33.89
Epoch: [121 | 200]
Phase:train -- Batch_idx:100/391-- 741.78 samples/sec-- Loss:0.01 -- Error1:0.02
Phase:train -- Batch_idx:200/391-- 746.51 samples/sec-- Loss:0.01 -- Error1:0.02
Phase:train -- Batch_idx:300/391-- 748.19 samples/sec-- Loss:0.01 -- Error1:0.02
Train_Loss = 0.010893348527550698, Train_Err = 0.02
Val_Loss = 1.368442904663086, Val_Err = 33.98
Epoch: [122 | 200]
Phase:train -- Batch_idx:100/391-- 741.69 samples/sec-- Loss:0.01 -- Error1:0.03
Phase:train -- Batch_idx:200/391-- 746.57 samples/sec-- Loss:0.01 -- Error1:0.04
Phase:train -- Batch_idx:300/391-- 748.21 samples/sec-- Loss:0.01 -- Error1:0.03
Train_Loss = 0.010732915147840976, Train_Err = 0.024
Val_Loss = 1.365773531150818, Val_Err = 33.92
Epoch: [123 | 200]
Phase:train -- Batch_idx:100/391-- 741.94 samples/sec-- Loss:0.01 -- Error1:0.03
Phase:train -- Batch_idx:200/391-- 746.69 samples/sec-- Loss:0.01 -- Error1:0.03
Phase:train -- Batch_idx:300/391-- 748.28 samples/sec-- Loss:0.01 -- Error1:0.02
Train_Loss = 0.010650023637413979, Train_Err = 0.022
Val_Loss = 1.36797176361084, Val_Err = 33.93
Epoch: [124 | 200]
Phase:train -- Batch_idx:100/391-- 741.74 samples/sec-- Loss:0.01 -- Error1:0.02
Phase:train -- Batch_idx:200/391-- 746.67 samples/sec-- Loss:0.01 -- Error1:0.03
Phase:train -- Batch_idx:300/391-- 748.26 samples/sec-- Loss:0.01 -- Error1:0.02
Train_Loss = 0.010654279963970184, Train_Err = 0.026
Val_Loss = 1.3654214267730713, Val_Err = 33.67
Epoch: [125 | 200]
Phase:train -- Batch_idx:100/391-- 741.21 samples/sec-- Loss:0.01 -- Error1:0.02
Phase:train -- Batch_idx:200/391-- 746.43 samples/sec-- Loss:0.01 -- Error1:0.02
Phase:train -- Batch_idx:300/391-- 748.06 samples/sec-- Loss:0.01 -- Error1:0.02
Train_Loss = 0.010585564970374108, Train_Err = 0.024
Val_Loss = 1.3701559328079225, Val_Err = 33.9
Epoch: [126 | 200]
Phase:train -- Batch_idx:100/391-- 741.15 samples/sec-- Loss:0.01 -- Error1:0.01
Phase:train -- Batch_idx:200/391-- 746.15 samples/sec-- Loss:0.01 -- Error1:0.02
Phase:train -- Batch_idx:300/391-- 747.86 samples/sec-- Loss:0.01 -- Error1:0.01
Train_Loss = 0.010609272289574147, Train_Err = 0.018
Val_Loss = 1.3694343278884888, Val_Err = 33.85
Epoch: [127 | 200]
Phase:train -- Batch_idx:100/391-- 741.38 samples/sec-- Loss:0.01 -- Error1:0.02
Phase:train -- Batch_idx:200/391-- 746.38 samples/sec-- Loss:0.01 -- Error1:0.02
Phase:train -- Batch_idx:300/391-- 747.97 samples/sec-- Loss:0.01 -- Error1:0.02
Train_Loss = 0.01042394125521183, Train_Err = 0.02
Val_Loss = 1.365821746826172, Val_Err = 33.74
Epoch: [128 | 200]
Phase:train -- Batch_idx:100/391-- 741.02 samples/sec-- Loss:0.01 -- Error1:0.02
Phase:train -- Batch_idx:200/391-- 746.10 samples/sec-- Loss:0.01 -- Error1:0.02
Phase:train -- Batch_idx:300/391-- 747.82 samples/sec-- Loss:0.01 -- Error1:0.03
Train_Loss = 0.010476683521270753, Train_Err = 0.03
Val_Loss = 1.3628951372146607, Val_Err = 33.95
Epoch: [129 | 200]
Phase:train -- Batch_idx:100/391-- 741.43 samples/sec-- Loss:0.01 -- Error1:0.03
Phase:train -- Batch_idx:200/391-- 746.28 samples/sec-- Loss:0.01 -- Error1:0.04
Phase:train -- Batch_idx:300/391-- 747.94 samples/sec-- Loss:0.01 -- Error1:0.03
Train_Loss = 0.010555075091123581, Train_Err = 0.03
Val_Loss = 1.3657983448028563, Val_Err = 33.8
Epoch: [130 | 200]
Phase:train -- Batch_idx:100/391-- 741.11 samples/sec-- Loss:0.01 -- Error1:0.02
Phase:train -- Batch_idx:200/391-- 746.10 samples/sec-- Loss:0.01 -- Error1:0.02
Phase:train -- Batch_idx:300/391-- 747.81 samples/sec-- Loss:0.01 -- Error1:0.02
Train_Loss = 0.010653918217420578, Train_Err = 0.02
Val_Loss = 1.3693966869354248, Val_Err = 33.79
Epoch: [131 | 200]
Phase:train -- Batch_idx:100/391-- 741.73 samples/sec-- Loss:0.01 -- Error1:0.01
Phase:train -- Batch_idx:200/391-- 746.60 samples/sec-- Loss:0.01 -- Error1:0.02
Phase:train -- Batch_idx:300/391-- 748.20 samples/sec-- Loss:0.01 -- Error1:0.02
Train_Loss = 0.010225657804310322, Train_Err = 0.016
Val_Loss = 1.3611306015014648, Val_Err = 33.88
Epoch: [132 | 200]
Phase:train -- Batch_idx:100/391-- 741.51 samples/sec-- Loss:0.01 -- Error1:0.03
Phase:train -- Batch_idx:200/391-- 746.32 samples/sec-- Loss:0.01 -- Error1:0.03
Phase:train -- Batch_idx:300/391-- 747.97 samples/sec-- Loss:0.01 -- Error1:0.02
Train_Loss = 0.010635800375342369, Train_Err = 0.022
Val_Loss = 1.3621573064804078, Val_Err = 33.92
Epoch: [133 | 200]
Phase:train -- Batch_idx:100/391-- 742.05 samples/sec-- Loss:0.01 -- Error1:0.00
Phase:train -- Batch_idx:200/391-- 746.81 samples/sec-- Loss:0.01 -- Error1:0.01
Phase:train -- Batch_idx:300/391-- 748.32 samples/sec-- Loss:0.01 -- Error1:0.02
Train_Loss = 0.010463136709928513, Train_Err = 0.022
Val_Loss = 1.3642691284179687, Val_Err = 33.81
Epoch: [134 | 200]
Phase:train -- Batch_idx:100/391-- 741.69 samples/sec-- Loss:0.01 -- Error1:0.01
Phase:train -- Batch_idx:200/391-- 746.63 samples/sec-- Loss:0.01 -- Error1:0.01
Phase:train -- Batch_idx:300/391-- 748.18 samples/sec-- Loss:0.01 -- Error1:0.01
Train_Loss = 0.010515957787632943, Train_Err = 0.01
Val_Loss = 1.3654884006500243, Val_Err = 33.88
Epoch: [135 | 200]
Phase:train -- Batch_idx:100/391-- 741.34 samples/sec-- Loss:0.01 -- Error1:0.02
Phase:train -- Batch_idx:200/391-- 746.29 samples/sec-- Loss:0.01 -- Error1:0.02
Phase:train -- Batch_idx:300/391-- 747.88 samples/sec-- Loss:0.01 -- Error1:0.02
Train_Loss = 0.010342594970762729, Train_Err = 0.018
Val_Loss = 1.3724551443099975, Val_Err = 33.8
Epoch: [136 | 200]
Phase:train -- Batch_idx:100/391-- 741.45 samples/sec-- Loss:0.01 -- Error1:0.02
Phase:train -- Batch_idx:200/391-- 746.41 samples/sec-- Loss:0.01 -- Error1:0.02
Phase:train -- Batch_idx:300/391-- 748.05 samples/sec-- Loss:0.01 -- Error1:0.02
Train_Loss = 0.010416072864234448, Train_Err = 0.02
Val_Loss = 1.3685560752868653, Val_Err = 33.9
Epoch: [137 | 200]
Phase:train -- Batch_idx:100/391-- 741.48 samples/sec-- Loss:0.01 -- Error1:0.02
Phase:train -- Batch_idx:200/391-- 746.22 samples/sec-- Loss:0.01 -- Error1:0.01
Phase:train -- Batch_idx:300/391-- 747.88 samples/sec-- Loss:0.01 -- Error1:0.01
Train_Loss = 0.010551468864381313, Train_Err = 0.014
Val_Loss = 1.3674646076202392, Val_Err = 33.94
Epoch: [138 | 200]
Phase:train -- Batch_idx:100/391-- 741.61 samples/sec-- Loss:0.01 -- Error1:0.01
Phase:train -- Batch_idx:200/391-- 746.44 samples/sec-- Loss:0.01 -- Error1:0.02
Phase:train -- Batch_idx:300/391-- 747.99 samples/sec-- Loss:0.01 -- Error1:0.03
Train_Loss = 0.010514596672058105, Train_Err = 0.026
Val_Loss = 1.369935583114624, Val_Err = 33.99
Epoch: [139 | 200]
Phase:train -- Batch_idx:100/391-- 741.39 samples/sec-- Loss:0.01 -- Error1:0.02
Phase:train -- Batch_idx:200/391-- 746.51 samples/sec-- Loss:0.01 -- Error1:0.02
Phase:train -- Batch_idx:300/391-- 748.21 samples/sec-- Loss:0.01 -- Error1:0.02
Train_Loss = 0.010438317498862744, Train_Err = 0.016
Val_Loss = 1.3610384117126464, Val_Err = 33.61
Epoch: [140 | 200]
Phase:train -- Batch_idx:100/391-- 741.20 samples/sec-- Loss:0.01 -- Error1:0.03
Phase:train -- Batch_idx:200/391-- 746.49 samples/sec-- Loss:0.01 -- Error1:0.04
Phase:train -- Batch_idx:300/391-- 748.02 samples/sec-- Loss:0.01 -- Error1:0.03
Train_Loss = 0.010654516225755214, Train_Err = 0.028
Val_Loss = 1.3677834419250487, Val_Err = 33.82
Epoch: [141 | 200]
Phase:train -- Batch_idx:100/391-- 741.13 samples/sec-- Loss:0.01 -- Error1:0.01
Phase:train -- Batch_idx:200/391-- 746.27 samples/sec-- Loss:0.01 -- Error1:0.02
Phase:train -- Batch_idx:300/391-- 748.04 samples/sec-- Loss:0.01 -- Error1:0.02
Train_Loss = 0.010492583895921706, Train_Err = 0.024
Val_Loss = 1.364985238647461, Val_Err = 33.69
Epoch: [142 | 200]
Phase:train -- Batch_idx:100/391-- 742.10 samples/sec-- Loss:0.01 -- Error1:0.02
Phase:train -- Batch_idx:200/391-- 746.57 samples/sec-- Loss:0.01 -- Error1:0.02
Phase:train -- Batch_idx:300/391-- 748.33 samples/sec-- Loss:0.01 -- Error1:0.03
Train_Loss = 0.010461072857677936, Train_Err = 0.03
Val_Loss = 1.3627409940719604, Val_Err = 33.77
Epoch: [143 | 200]
Phase:train -- Batch_idx:100/391-- 739.64 samples/sec-- Loss:0.01 -- Error1:0.01
Phase:train -- Batch_idx:200/391-- 745.60 samples/sec-- Loss:0.01 -- Error1:0.01
Phase:train -- Batch_idx:300/391-- 747.66 samples/sec-- Loss:0.01 -- Error1:0.01
Train_Loss = 0.010347334820628166, Train_Err = 0.022
Val_Loss = 1.3688611408233642, Val_Err = 33.78
Epoch: [144 | 200]
Phase:train -- Batch_idx:100/391-- 741.66 samples/sec-- Loss:0.01 -- Error1:0.01
Phase:train -- Batch_idx:200/391-- 746.67 samples/sec-- Loss:0.01 -- Error1:0.01
Phase:train -- Batch_idx:300/391-- 748.36 samples/sec-- Loss:0.01 -- Error1:0.01
Train_Loss = 0.010355022181272506, Train_Err = 0.01
Val_Loss = 1.3675197063446045, Val_Err = 33.81
Epoch: [145 | 200]
Phase:train -- Batch_idx:100/391-- 741.98 samples/sec-- Loss:0.01 -- Error1:0.02
Phase:train -- Batch_idx:200/391-- 746.92 samples/sec-- Loss:0.01 -- Error1:0.03
Phase:train -- Batch_idx:300/391-- 748.56 samples/sec-- Loss:0.01 -- Error1:0.03
Train_Loss = 0.010292068580389023, Train_Err = 0.02
Val_Loss = 1.36671936378479, Val_Err = 33.57
Epoch: [146 | 200]
Phase:train -- Batch_idx:100/391-- 741.41 samples/sec-- Loss:0.01 -- Error1:0.02
Phase:train -- Batch_idx:200/391-- 746.55 samples/sec-- Loss:0.01 -- Error1:0.02
Phase:train -- Batch_idx:300/391-- 748.30 samples/sec-- Loss:0.01 -- Error1:0.02
Train_Loss = 0.010261786146759986, Train_Err = 0.026
Val_Loss = 1.3646919158935547, Val_Err = 33.65
Epoch: [147 | 200]
Phase:train -- Batch_idx:100/391-- 741.66 samples/sec-- Loss:0.01 -- Error1:0.02
Phase:train -- Batch_idx:200/391-- 746.69 samples/sec-- Loss:0.01 -- Error1:0.02
Phase:train -- Batch_idx:300/391-- 748.47 samples/sec-- Loss:0.01 -- Error1:0.03
Train_Loss = 0.010296903269290924, Train_Err = 0.022
Val_Loss = 1.3688150339126588, Val_Err = 33.93
Epoch: [148 | 200]
Phase:train -- Batch_idx:100/391-- 742.07 samples/sec-- Loss:0.01 -- Error1:0.02
Phase:train -- Batch_idx:200/391-- 747.09 samples/sec-- Loss:0.01 -- Error1:0.01
Phase:train -- Batch_idx:300/391-- 748.60 samples/sec-- Loss:0.01 -- Error1:0.02
Train_Loss = 0.010376907749772072, Train_Err = 0.026
Val_Loss = 1.3688210842132569, Val_Err = 33.91
Epoch: [149 | 200]
Phase:train -- Batch_idx:100/391-- 741.10 samples/sec-- Loss:0.01 -- Error1:0.02
Phase:train -- Batch_idx:200/391-- 746.45 samples/sec-- Loss:0.01 -- Error1:0.02
Phase:train -- Batch_idx:300/391-- 748.16 samples/sec-- Loss:0.01 -- Error1:0.02
Train_Loss = 0.010483564980328083, Train_Err = 0.018
Val_Loss = 1.3663158945083618, Val_Err = 33.57
Epoch: [150 | 200]
Phase:train -- Batch_idx:100/391-- 741.86 samples/sec-- Loss:0.01 -- Error1:0.02
Phase:train -- Batch_idx:200/391-- 746.91 samples/sec-- Loss:0.01 -- Error1:0.02
Phase:train -- Batch_idx:300/391-- 748.56 samples/sec-- Loss:0.01 -- Error1:0.02
Train_Loss = 0.010303148342370987, Train_Err = 0.024
Val_Loss = 1.3607620574951171, Val_Err = 33.71
Epoch: [151 | 200]
Phase:train -- Batch_idx:100/391-- 742.07 samples/sec-- Loss:0.01 -- Error1:0.02
Phase:train -- Batch_idx:200/391-- 747.08 samples/sec-- Loss:0.01 -- Error1:0.04
Phase:train -- Batch_idx:300/391-- 748.73 samples/sec-- Loss:0.01 -- Error1:0.02
Train_Loss = 0.010577551656067372, Train_Err = 0.024
Val_Loss = 1.3600866172790527, Val_Err = 33.86
Epoch: [152 | 200]
Phase:train -- Batch_idx:100/391-- 741.98 samples/sec-- Loss:0.01 -- Error1:0.02
Phase:train -- Batch_idx:200/391-- 747.00 samples/sec-- Loss:0.01 -- Error1:0.02
Phase:train -- Batch_idx:300/391-- 748.59 samples/sec-- Loss:0.01 -- Error1:0.03
Train_Loss = 0.010458940126895905, Train_Err = 0.03
Val_Loss = 1.3663935831069947, Val_Err = 33.87
Epoch: [153 | 200]
Phase:train -- Batch_idx:100/391-- 741.82 samples/sec-- Loss:0.01 -- Error1:0.02
Phase:train -- Batch_idx:200/391-- 746.74 samples/sec-- Loss:0.01 -- Error1:0.01
Phase:train -- Batch_idx:300/391-- 748.26 samples/sec-- Loss:0.01 -- Error1:0.01
Train_Loss = 0.01036726862758398, Train_Err = 0.018
Val_Loss = 1.3692537796020507, Val_Err = 33.76
Epoch: [154 | 200]
Phase:train -- Batch_idx:100/391-- 741.68 samples/sec-- Loss:0.01 -- Error1:0.02
Phase:train -- Batch_idx:200/391-- 746.65 samples/sec-- Loss:0.01 -- Error1:0.02
Phase:train -- Batch_idx:300/391-- 748.34 samples/sec-- Loss:0.01 -- Error1:0.01
Train_Loss = 0.01026898448139429, Train_Err = 0.014
Val_Loss = 1.3691579776763916, Val_Err = 33.8
Epoch: [155 | 200]
Phase:train -- Batch_idx:100/391-- 741.75 samples/sec-- Loss:0.01 -- Error1:0.00
Phase:train -- Batch_idx:200/391-- 746.68 samples/sec-- Loss:0.01 -- Error1:0.01
Phase:train -- Batch_idx:300/391-- 748.27 samples/sec-- Loss:0.01 -- Error1:0.02
Train_Loss = 0.010353234105706216, Train_Err = 0.018
Val_Loss = 1.3648901067733765, Val_Err = 33.89
Epoch: [156 | 200]
Phase:train -- Batch_idx:100/391-- 741.43 samples/sec-- Loss:0.01 -- Error1:0.02
Phase:train -- Batch_idx:200/391-- 746.53 samples/sec-- Loss:0.01 -- Error1:0.03
Phase:train -- Batch_idx:300/391-- 748.10 samples/sec-- Loss:0.01 -- Error1:0.03
Train_Loss = 0.010578878654241562, Train_Err = 0.022
Val_Loss = 1.3595878730773925, Val_Err = 33.87
Epoch: [157 | 200]
Phase:train -- Batch_idx:100/391-- 740.88 samples/sec-- Loss:0.01 -- Error1:0.02
Phase:train -- Batch_idx:200/391-- 745.95 samples/sec-- Loss:0.01 -- Error1:0.03
Phase:train -- Batch_idx:300/391-- 747.67 samples/sec-- Loss:0.01 -- Error1:0.02
Train_Loss = 0.010432845868468285, Train_Err = 0.024
Val_Loss = 1.3656727270126343, Val_Err = 33.62
Epoch: [158 | 200]
Phase:train -- Batch_idx:100/391-- 741.46 samples/sec-- Loss:0.01 -- Error1:0.01
Phase:train -- Batch_idx:200/391-- 746.34 samples/sec-- Loss:0.01 -- Error1:0.01
Phase:train -- Batch_idx:300/391-- 747.97 samples/sec-- Loss:0.01 -- Error1:0.02
Train_Loss = 0.010346535496115684, Train_Err = 0.02
Val_Loss = 1.3654349815368652, Val_Err = 34.05
Epoch: [159 | 200]
Phase:train -- Batch_idx:100/391-- 741.43 samples/sec-- Loss:0.01 -- Error1:0.02
Phase:train -- Batch_idx:200/391-- 746.31 samples/sec-- Loss:0.01 -- Error1:0.02
Phase:train -- Batch_idx:300/391-- 747.95 samples/sec-- Loss:0.01 -- Error1:0.02
Train_Loss = 0.010541408763825894, Train_Err = 0.026
Val_Loss = 1.368732257461548, Val_Err = 33.75
Epoch: [160 | 200]
Phase:train -- Batch_idx:100/391-- 741.51 samples/sec-- Loss:0.01 -- Error1:0.02
Phase:train -- Batch_idx:200/391-- 746.31 samples/sec-- Loss:0.01 -- Error1:0.02
Phase:train -- Batch_idx:300/391-- 747.93 samples/sec-- Loss:0.01 -- Error1:0.02
Train_Loss = 0.01044916615486145, Train_Err = 0.016
Val_Loss = 1.3642974014282228, Val_Err = 33.65
Epoch: [161 | 200]
Phase:train -- Batch_idx:100/391-- 741.59 samples/sec-- Loss:0.01 -- Error1:0.00
Phase:train -- Batch_idx:200/391-- 746.41 samples/sec-- Loss:0.01 -- Error1:0.00
Phase:train -- Batch_idx:300/391-- 748.00 samples/sec-- Loss:0.01 -- Error1:0.01
Train_Loss = 0.01054606663107872, Train_Err = 0.018
Val_Loss = 1.3666108713150025, Val_Err = 33.75
Epoch: [162 | 200]
Phase:train -- Batch_idx:100/391-- 741.51 samples/sec-- Loss:0.01 -- Error1:0.02
Phase:train -- Batch_idx:200/391-- 746.42 samples/sec-- Loss:0.01 -- Error1:0.02
Phase:train -- Batch_idx:300/391-- 748.07 samples/sec-- Loss:0.01 -- Error1:0.03
Train_Loss = 0.010653332243561745, Train_Err = 0.028
Val_Loss = 1.3651101791381837, Val_Err = 33.83
Epoch: [163 | 200]
Phase:train -- Batch_idx:100/391-- 741.77 samples/sec-- Loss:0.01 -- Error1:0.02
Phase:train -- Batch_idx:200/391-- 746.65 samples/sec-- Loss:0.01 -- Error1:0.02
Phase:train -- Batch_idx:300/391-- 748.25 samples/sec-- Loss:0.01 -- Error1:0.02
Train_Loss = 0.010553492548167705, Train_Err = 0.018
Val_Loss = 1.3627858016967773, Val_Err = 33.77
Epoch: [164 | 200]
Phase:train -- Batch_idx:100/391-- 741.25 samples/sec-- Loss:0.01 -- Error1:0.03
Phase:train -- Batch_idx:200/391-- 746.15 samples/sec-- Loss:0.01 -- Error1:0.05
Phase:train -- Batch_idx:300/391-- 747.87 samples/sec-- Loss:0.01 -- Error1:0.04
Train_Loss = 0.010543549210429192, Train_Err = 0.028
Val_Loss = 1.360881187057495, Val_Err = 33.74
Epoch: [165 | 200]
Phase:train -- Batch_idx:100/391-- 741.38 samples/sec-- Loss:0.01 -- Error1:0.02
Phase:train -- Batch_idx:200/391-- 746.29 samples/sec-- Loss:0.01 -- Error1:0.02
Phase:train -- Batch_idx:300/391-- 748.11 samples/sec-- Loss:0.01 -- Error1:0.02
Train_Loss = 0.010430532335042953, Train_Err = 0.026
Val_Loss = 1.3632787664413453, Val_Err = 33.86
Epoch: [166 | 200]
Phase:train -- Batch_idx:100/391-- 741.15 samples/sec-- Loss:0.01 -- Error1:0.03
Phase:train -- Batch_idx:200/391-- 746.21 samples/sec-- Loss:0.01 -- Error1:0.02
Phase:train -- Batch_idx:300/391-- 747.90 samples/sec-- Loss:0.01 -- Error1:0.02
Train_Loss = 0.010185660326480866, Train_Err = 0.02
Val_Loss = 1.3619033287048339, Val_Err = 33.73
Epoch: [167 | 200]
Phase:train -- Batch_idx:100/391-- 741.48 samples/sec-- Loss:0.01 -- Error1:0.03
Phase:train -- Batch_idx:200/391-- 746.33 samples/sec-- Loss:0.01 -- Error1:0.02
Phase:train -- Batch_idx:300/391-- 748.00 samples/sec-- Loss:0.01 -- Error1:0.02
Train_Loss = 0.010464988461732865, Train_Err = 0.026
Val_Loss = 1.364737434577942, Val_Err = 33.7
Epoch: [168 | 200]
Phase:train -- Batch_idx:100/391-- 741.40 samples/sec-- Loss:0.01 -- Error1:0.02
Phase:train -- Batch_idx:200/391-- 746.36 samples/sec-- Loss:0.01 -- Error1:0.02
Phase:train -- Batch_idx:300/391-- 747.90 samples/sec-- Loss:0.01 -- Error1:0.02
Train_Loss = 0.010343234044313431, Train_Err = 0.016
Val_Loss = 1.3645670265197754, Val_Err = 33.77
Epoch: [169 | 200]
Phase:train -- Batch_idx:100/391-- 741.44 samples/sec-- Loss:0.01 -- Error1:0.03
Phase:train -- Batch_idx:200/391-- 746.28 samples/sec-- Loss:0.01 -- Error1:0.02
Phase:train -- Batch_idx:300/391-- 747.96 samples/sec-- Loss:0.01 -- Error1:0.02
Train_Loss = 0.010397147804498673, Train_Err = 0.022
Val_Loss = 1.3666789216995239, Val_Err = 33.72
Epoch: [170 | 200]
Phase:train -- Batch_idx:100/391-- 741.48 samples/sec-- Loss:0.01 -- Error1:0.03
Phase:train -- Batch_idx:200/391-- 746.28 samples/sec-- Loss:0.01 -- Error1:0.03
Phase:train -- Batch_idx:300/391-- 747.94 samples/sec-- Loss:0.01 -- Error1:0.03
Train_Loss = 0.010456649548411369, Train_Err = 0.028
Val_Loss = 1.3671942752838135, Val_Err = 33.7
Epoch: [171 | 200]
Phase:train -- Batch_idx:100/391-- 741.78 samples/sec-- Loss:0.01 -- Error1:0.02
Phase:train -- Batch_idx:200/391-- 746.52 samples/sec-- Loss:0.01 -- Error1:0.01
Phase:train -- Batch_idx:300/391-- 748.15 samples/sec-- Loss:0.01 -- Error1:0.03
Train_Loss = 0.010496569668054581, Train_Err = 0.024
Val_Loss = 1.3659241083145142, Val_Err = 33.86
Epoch: [172 | 200]
Phase:train -- Batch_idx:100/391-- 741.68 samples/sec-- Loss:0.01 -- Error1:0.02
Phase:train -- Batch_idx:200/391-- 746.44 samples/sec-- Loss:0.01 -- Error1:0.01
Phase:train -- Batch_idx:300/391-- 748.06 samples/sec-- Loss:0.01 -- Error1:0.02
Train_Loss = 0.010504410998821259, Train_Err = 0.024
Val_Loss = 1.3632061380386353, Val_Err = 33.73
Epoch: [173 | 200]
Phase:train -- Batch_idx:100/391-- 741.49 samples/sec-- Loss:0.01 -- Error1:0.02
Phase:train -- Batch_idx:200/391-- 746.48 samples/sec-- Loss:0.01 -- Error1:0.02
Phase:train -- Batch_idx:300/391-- 748.11 samples/sec-- Loss:0.01 -- Error1:0.02
Train_Loss = 0.010236156563162804, Train_Err = 0.024
Val_Loss = 1.3677011892318724, Val_Err = 33.59
Epoch: [174 | 200]
Phase:train -- Batch_idx:100/391-- 741.47 samples/sec-- Loss:0.01 -- Error1:0.01
Phase:train -- Batch_idx:200/391-- 746.38 samples/sec-- Loss:0.01 -- Error1:0.01
Phase:train -- Batch_idx:300/391-- 748.16 samples/sec-- Loss:0.01 -- Error1:0.01
Train_Loss = 0.010294188674092293, Train_Err = 0.014
Val_Loss = 1.3641705261230468, Val_Err = 33.76
Epoch: [175 | 200]
Phase:train -- Batch_idx:100/391-- 741.03 samples/sec-- Loss:0.01 -- Error1:0.01
Phase:train -- Batch_idx:200/391-- 746.19 samples/sec-- Loss:0.01 -- Error1:0.02
Phase:train -- Batch_idx:300/391-- 747.92 samples/sec-- Loss:0.01 -- Error1:0.02
Train_Loss = 0.010519560222625733, Train_Err = 0.022
Val_Loss = 1.3663640325546265, Val_Err = 33.68
Epoch: [176 | 200]
Phase:train -- Batch_idx:100/391-- 741.87 samples/sec-- Loss:0.01 -- Error1:0.02
Phase:train -- Batch_idx:200/391-- 746.79 samples/sec-- Loss:0.01 -- Error1:0.02
Phase:train -- Batch_idx:300/391-- 748.39 samples/sec-- Loss:0.01 -- Error1:0.02
Train_Loss = 0.010414381976127625, Train_Err = 0.024
Val_Loss = 1.362869620513916, Val_Err = 33.64
Epoch: [177 | 200]
Phase:train -- Batch_idx:100/391-- 741.77 samples/sec-- Loss:0.01 -- Error1:0.02
Phase:train -- Batch_idx:200/391-- 746.54 samples/sec-- Loss:0.01 -- Error1:0.02
Phase:train -- Batch_idx:300/391-- 748.22 samples/sec-- Loss:0.01 -- Error1:0.02
Train_Loss = 0.010572656524479388, Train_Err = 0.02
Val_Loss = 1.3638963010787963, Val_Err = 33.75
Epoch: [178 | 200]
Phase:train -- Batch_idx:100/391-- 741.46 samples/sec-- Loss:0.01 -- Error1:0.01
Phase:train -- Batch_idx:200/391-- 746.34 samples/sec-- Loss:0.01 -- Error1:0.02
Phase:train -- Batch_idx:300/391-- 748.03 samples/sec-- Loss:0.01 -- Error1:0.02
Train_Loss = 0.010571440710872411, Train_Err = 0.018
Val_Loss = 1.3653227703094482, Val_Err = 33.49
Epoch: [179 | 200]
Phase:train -- Batch_idx:100/391-- 740.76 samples/sec-- Loss:0.01 -- Error1:0.02
Phase:train -- Batch_idx:200/391-- 745.94 samples/sec-- Loss:0.01 -- Error1:0.03
Phase:train -- Batch_idx:300/391-- 747.64 samples/sec-- Loss:0.01 -- Error1:0.02
Train_Loss = 0.010551909886598588, Train_Err = 0.024
Val_Loss = 1.3697001844406127, Val_Err = 33.63
Epoch: [180 | 200]
Phase:train -- Batch_idx:100/391-- 741.03 samples/sec-- Loss:0.01 -- Error1:0.02
Phase:train -- Batch_idx:200/391-- 746.12 samples/sec-- Loss:0.01 -- Error1:0.02
Phase:train -- Batch_idx:300/391-- 747.83 samples/sec-- Loss:0.01 -- Error1:0.02
Train_Loss = 0.010534830157160759, Train_Err = 0.016
Val_Loss = 1.371441594696045, Val_Err = 33.84
Epoch: [181 | 200]
Phase:train -- Batch_idx:100/391-- 741.42 samples/sec-- Loss:0.01 -- Error1:0.02
Phase:train -- Batch_idx:200/391-- 746.40 samples/sec-- Loss:0.01 -- Error1:0.03
Phase:train -- Batch_idx:300/391-- 748.12 samples/sec-- Loss:0.01 -- Error1:0.03
Train_Loss = 0.010648531954884528, Train_Err = 0.03
Val_Loss = 1.3668139352798463, Val_Err = 33.62
Epoch: [182 | 200]
Phase:train -- Batch_idx:100/391-- 741.62 samples/sec-- Loss:0.01 -- Error1:0.01
Phase:train -- Batch_idx:200/391-- 746.35 samples/sec-- Loss:0.01 -- Error1:0.00
Phase:train -- Batch_idx:300/391-- 747.99 samples/sec-- Loss:0.01 -- Error1:0.01
Train_Loss = 0.010470652837753296, Train_Err = 0.01
Val_Loss = 1.3631427490234376, Val_Err = 33.68
Epoch: [183 | 200]
Phase:train -- Batch_idx:100/391-- 741.22 samples/sec-- Loss:0.01 -- Error1:0.02
Phase:train -- Batch_idx:200/391-- 746.13 samples/sec-- Loss:0.01 -- Error1:0.02
Phase:train -- Batch_idx:300/391-- 747.81 samples/sec-- Loss:0.01 -- Error1:0.02
Train_Loss = 0.010299900358319283, Train_Err = 0.02
Val_Loss = 1.3668134756088257, Val_Err = 33.76
Epoch: [184 | 200]
Phase:train -- Batch_idx:100/391-- 741.29 samples/sec-- Loss:0.01 -- Error1:0.02
Phase:train -- Batch_idx:200/391-- 746.24 samples/sec-- Loss:0.01 -- Error1:0.01
Phase:train -- Batch_idx:300/391-- 747.90 samples/sec-- Loss:0.01 -- Error1:0.01
Train_Loss = 0.010356006499528884, Train_Err = 0.016
Val_Loss = 1.3618565130233764, Val_Err = 33.49
Epoch: [185 | 200]
Phase:train -- Batch_idx:100/391-- 741.42 samples/sec-- Loss:0.01 -- Error1:0.02
Phase:train -- Batch_idx:200/391-- 746.36 samples/sec-- Loss:0.01 -- Error1:0.02
Phase:train -- Batch_idx:300/391-- 748.02 samples/sec-- Loss:0.01 -- Error1:0.02
Train_Loss = 0.010463549825549126, Train_Err = 0.026
Val_Loss = 1.360939273262024, Val_Err = 33.61
Epoch: [186 | 200]
Phase:train -- Batch_idx:100/391-- 741.34 samples/sec-- Loss:0.01 -- Error1:0.02
Phase:train -- Batch_idx:200/391-- 746.36 samples/sec-- Loss:0.01 -- Error1:0.02
Phase:train -- Batch_idx:300/391-- 748.02 samples/sec-- Loss:0.01 -- Error1:0.02
Train_Loss = 0.010330795362591743, Train_Err = 0.02
Val_Loss = 1.3604026439666748, Val_Err = 33.59
Epoch: [187 | 200]
Phase:train -- Batch_idx:100/391-- 741.47 samples/sec-- Loss:0.01 -- Error1:0.02
Phase:train -- Batch_idx:200/391-- 746.43 samples/sec-- Loss:0.01 -- Error1:0.02
Phase:train -- Batch_idx:300/391-- 748.03 samples/sec-- Loss:0.01 -- Error1:0.02
Train_Loss = 0.010319775602817535, Train_Err = 0.02
Val_Loss = 1.3676250249862671, Val_Err = 33.71
Epoch: [188 | 200]
Phase:train -- Batch_idx:100/391-- 741.55 samples/sec-- Loss:0.01 -- Error1:0.02
Phase:train -- Batch_idx:200/391-- 746.43 samples/sec-- Loss:0.01 -- Error1:0.03
Phase:train -- Batch_idx:300/391-- 748.10 samples/sec-- Loss:0.01 -- Error1:0.02
Train_Loss = 0.010584644405841828, Train_Err = 0.026
Val_Loss = 1.3630247341156005, Val_Err = 33.63
Epoch: [189 | 200]
Phase:train -- Batch_idx:100/391-- 741.20 samples/sec-- Loss:0.01 -- Error1:0.02
Phase:train -- Batch_idx:200/391-- 746.22 samples/sec-- Loss:0.01 -- Error1:0.02
Phase:train -- Batch_idx:300/391-- 747.93 samples/sec-- Loss:0.01 -- Error1:0.02
Train_Loss = 0.010368476122617721, Train_Err = 0.016
Val_Loss = 1.3696292003631592, Val_Err = 33.75
Epoch: [190 | 200]
Phase:train -- Batch_idx:100/391-- 741.71 samples/sec-- Loss:0.01 -- Error1:0.00
Phase:train -- Batch_idx:200/391-- 746.64 samples/sec-- Loss:0.01 -- Error1:0.02
Phase:train -- Batch_idx:300/391-- 748.28 samples/sec-- Loss:0.01 -- Error1:0.02
Train_Loss = 0.010555652572065592, Train_Err = 0.02
Val_Loss = 1.364870916557312, Val_Err = 33.79
Epoch: [191 | 200]
Phase:train -- Batch_idx:100/391-- 741.80 samples/sec-- Loss:0.01 -- Error1:0.02
Phase:train -- Batch_idx:200/391-- 746.64 samples/sec-- Loss:0.01 -- Error1:0.02
Phase:train -- Batch_idx:300/391-- 748.29 samples/sec-- Loss:0.01 -- Error1:0.02
Train_Loss = 0.010638413833379745, Train_Err = 0.024
Val_Loss = 1.3647062004089356, Val_Err = 33.81
Epoch: [192 | 200]
Phase:train -- Batch_idx:100/391-- 741.51 samples/sec-- Loss:0.01 -- Error1:0.02
Phase:train -- Batch_idx:200/391-- 746.46 samples/sec-- Loss:0.01 -- Error1:0.02
Phase:train -- Batch_idx:300/391-- 748.09 samples/sec-- Loss:0.01 -- Error1:0.02
Train_Loss = 0.010381888500452041, Train_Err = 0.024
Val_Loss = 1.3660521354675292, Val_Err = 33.75
Epoch: [193 | 200]
Phase:train -- Batch_idx:100/391-- 741.60 samples/sec-- Loss:0.01 -- Error1:0.01
Phase:train -- Batch_idx:200/391-- 746.47 samples/sec-- Loss:0.01 -- Error1:0.01
Phase:train -- Batch_idx:300/391-- 748.13 samples/sec-- Loss:0.01 -- Error1:0.02
Train_Loss = 0.0104135826253891, Train_Err = 0.02
Val_Loss = 1.3661378692626953, Val_Err = 33.87
Epoch: [194 | 200]
Phase:train -- Batch_idx:100/391-- 741.54 samples/sec-- Loss:0.01 -- Error1:0.02
Phase:train -- Batch_idx:200/391-- 746.46 samples/sec-- Loss:0.01 -- Error1:0.02
Phase:train -- Batch_idx:300/391-- 748.15 samples/sec-- Loss:0.01 -- Error1:0.02
Train_Loss = 0.010548938675522805, Train_Err = 0.022
Val_Loss = 1.3619200006484986, Val_Err = 33.57
Epoch: [195 | 200]
Phase:train -- Batch_idx:100/391-- 741.32 samples/sec-- Loss:0.01 -- Error1:0.02
Phase:train -- Batch_idx:200/391-- 746.42 samples/sec-- Loss:0.01 -- Error1:0.02
Phase:train -- Batch_idx:300/391-- 748.05 samples/sec-- Loss:0.01 -- Error1:0.02
Train_Loss = 0.010658906891047955, Train_Err = 0.026
Val_Loss = 1.3634958633422851, Val_Err = 33.79
Epoch: [196 | 200]
Phase:train -- Batch_idx:100/391-- 741.41 samples/sec-- Loss:0.01 -- Error1:0.02
Phase:train -- Batch_idx:200/391-- 746.34 samples/sec-- Loss:0.01 -- Error1:0.02
Phase:train -- Batch_idx:300/391-- 748.01 samples/sec-- Loss:0.01 -- Error1:0.03
Train_Loss = 0.010582406681776046, Train_Err = 0.028
Val_Loss = 1.364564598274231, Val_Err = 33.54
Epoch: [197 | 200]
Phase:train -- Batch_idx:100/391-- 741.61 samples/sec-- Loss:0.01 -- Error1:0.02
Phase:train -- Batch_idx:200/391-- 746.47 samples/sec-- Loss:0.01 -- Error1:0.01
Phase:train -- Batch_idx:300/391-- 748.12 samples/sec-- Loss:0.01 -- Error1:0.02
Train_Loss = 0.01037510807454586, Train_Err = 0.016
Val_Loss = 1.3605869386672973, Val_Err = 33.58
Epoch: [198 | 200]
Phase:train -- Batch_idx:100/391-- 741.62 samples/sec-- Loss:0.01 -- Error1:0.02
Phase:train -- Batch_idx:200/391-- 746.59 samples/sec-- Loss:0.01 -- Error1:0.02
Phase:train -- Batch_idx:300/391-- 748.21 samples/sec-- Loss:0.01 -- Error1:0.02
Train_Loss = 0.010583358351290225, Train_Err = 0.02
Val_Loss = 1.3647082864761353, Val_Err = 33.43
Epoch: [199 | 200]
Phase:train -- Batch_idx:100/391-- 741.23 samples/sec-- Loss:0.01 -- Error1:0.04
Phase:train -- Batch_idx:200/391-- 746.33 samples/sec-- Loss:0.01 -- Error1:0.02
Phase:train -- Batch_idx:300/391-- 748.08 samples/sec-- Loss:0.01 -- Error1:0.02
Train_Loss = 0.01049922941684723, Train_Err = 0.018
Val_Loss = 1.367408859062195, Val_Err = 33.58
