Namespace(bs=128, cp_dir='./checkpoints/tinyimagenet/resnet18/sam_sgd/run_ms_0/run1', data_dir='./data/tinyimagenet', dir='.', dtype='tinyimagenet', ep=100, loadckp=False, lr=0.1, milestones=[30, 60, 90], mo=0.9, ms=0, mtype='resnet18', n='tinyimagenet/resnet18/sam_sgd', num_classes=200, print_freq=100, use_cuda=True, wd=0.0001)
Epoch: [0 | 100]
Phase:train -- Batch_idx:100/782 -- 2193.39 samples/sec-- Loss:5.41 -- Error1:99.15
Phase:train -- Batch_idx:200/782 -- 2384.72 samples/sec-- Loss:5.24 -- Error1:98.65
Phase:train -- Batch_idx:300/782 -- 2455.74 samples/sec-- Loss:5.12 -- Error1:98.10
Phase:train -- Batch_idx:400/782 -- 2491.35 samples/sec-- Loss:5.02 -- Error1:97.35
Phase:train -- Batch_idx:500/782 -- 2511.22 samples/sec-- Loss:4.93 -- Error1:96.58
Phase:train -- Batch_idx:600/782 -- 2522.63 samples/sec-- Loss:4.84 -- Error1:95.78
Phase:train -- Batch_idx:700/782 -- 2529.64 samples/sec-- Loss:4.75 -- Error1:94.89
Train_Loss = 4.683469668731689, Train_Err = 94.232
Val_Loss = 4.389029155731201, Val_Err = 88.05
Epoch: [1 | 100]
Phase:train -- Batch_idx:100/782 -- 2393.59 samples/sec-- Loss:4.01 -- Error1:86.81
Phase:train -- Batch_idx:200/782 -- 2459.95 samples/sec-- Loss:3.95 -- Error1:86.19
Phase:train -- Batch_idx:300/782 -- 2489.42 samples/sec-- Loss:3.91 -- Error1:85.49
Phase:train -- Batch_idx:400/782 -- 2493.64 samples/sec-- Loss:3.87 -- Error1:84.78
Phase:train -- Batch_idx:500/782 -- 2472.69 samples/sec-- Loss:3.83 -- Error1:84.14
Phase:train -- Batch_idx:600/782 -- 2476.19 samples/sec-- Loss:3.80 -- Error1:83.57
Phase:train -- Batch_idx:700/782 -- 2462.08 samples/sec-- Loss:3.76 -- Error1:83.05
Train_Loss = 3.74383516204834, Train_Err = 82.742
Val_Loss = 3.7266165016174315, Val_Err = 81.17
Epoch: [2 | 100]
Phase:train -- Batch_idx:100/782 -- 2279.14 samples/sec-- Loss:3.44 -- Error1:77.32
Phase:train -- Batch_idx:200/782 -- 2340.74 samples/sec-- Loss:3.41 -- Error1:77.30
Phase:train -- Batch_idx:300/782 -- 2371.90 samples/sec-- Loss:3.39 -- Error1:76.97
Phase:train -- Batch_idx:400/782 -- 2365.12 samples/sec-- Loss:3.38 -- Error1:76.77
Phase:train -- Batch_idx:500/782 -- 2373.10 samples/sec-- Loss:3.37 -- Error1:76.44
Phase:train -- Batch_idx:600/782 -- 2376.84 samples/sec-- Loss:3.35 -- Error1:76.18
Phase:train -- Batch_idx:700/782 -- 2375.71 samples/sec-- Loss:3.34 -- Error1:75.92
Train_Loss = 3.3215437365722655, Train_Err = 75.671
Val_Loss = 3.254060079193115, Val_Err = 73.57
Epoch: [3 | 100]
Phase:train -- Batch_idx:100/782 -- 2293.53 samples/sec-- Loss:3.09 -- Error1:71.65
Phase:train -- Batch_idx:200/782 -- 2318.11 samples/sec-- Loss:3.08 -- Error1:71.43
Phase:train -- Batch_idx:300/782 -- 2325.27 samples/sec-- Loss:3.06 -- Error1:71.25
Phase:train -- Batch_idx:400/782 -- 2327.93 samples/sec-- Loss:3.06 -- Error1:71.26
Phase:train -- Batch_idx:500/782 -- 2329.02 samples/sec-- Loss:3.05 -- Error1:71.19
Phase:train -- Batch_idx:600/782 -- 2329.75 samples/sec-- Loss:3.05 -- Error1:71.08
Phase:train -- Batch_idx:700/782 -- 2326.11 samples/sec-- Loss:3.04 -- Error1:70.89
Train_Loss = 3.0351698125457762, Train_Err = 70.77
Val_Loss = 3.1338455532073977, Val_Err = 72.2
Epoch: [4 | 100]
Phase:train -- Batch_idx:100/782 -- 2281.28 samples/sec-- Loss:2.81 -- Error1:66.16
Phase:train -- Batch_idx:200/782 -- 2277.00 samples/sec-- Loss:2.79 -- Error1:66.23
Phase:train -- Batch_idx:300/782 -- 2278.12 samples/sec-- Loss:2.81 -- Error1:66.42
Phase:train -- Batch_idx:400/782 -- 2277.03 samples/sec-- Loss:2.82 -- Error1:66.60
Phase:train -- Batch_idx:500/782 -- 2281.00 samples/sec-- Loss:2.81 -- Error1:66.58
Phase:train -- Batch_idx:600/782 -- 2284.81 samples/sec-- Loss:2.80 -- Error1:66.40
Phase:train -- Batch_idx:700/782 -- 2285.67 samples/sec-- Loss:2.80 -- Error1:66.32
Train_Loss = 2.7992346714019773, Train_Err = 66.239
Val_Loss = 2.9351069244384766, Val_Err = 68.51
Epoch: [5 | 100]
Phase:train -- Batch_idx:100/782 -- 2358.83 samples/sec-- Loss:2.56 -- Error1:61.95
Phase:train -- Batch_idx:200/782 -- 2386.44 samples/sec-- Loss:2.55 -- Error1:62.00
Phase:train -- Batch_idx:300/782 -- 2338.33 samples/sec-- Loss:2.57 -- Error1:62.20
Phase:train -- Batch_idx:400/782 -- 2322.84 samples/sec-- Loss:2.59 -- Error1:62.53
Phase:train -- Batch_idx:500/782 -- 2317.27 samples/sec-- Loss:2.60 -- Error1:62.66
Phase:train -- Batch_idx:600/782 -- 2311.39 samples/sec-- Loss:2.60 -- Error1:62.63
Phase:train -- Batch_idx:700/782 -- 2305.03 samples/sec-- Loss:2.60 -- Error1:62.58
Train_Loss = 2.5992406956481933, Train_Err = 62.517
Val_Loss = 2.924162372970581, Val_Err = 68.39
Epoch: [6 | 100]
Phase:train -- Batch_idx:100/782 -- 2285.85 samples/sec-- Loss:2.32 -- Error1:56.70
Phase:train -- Batch_idx:200/782 -- 2292.97 samples/sec-- Loss:2.36 -- Error1:57.50
Phase:train -- Batch_idx:300/782 -- 2299.58 samples/sec-- Loss:2.38 -- Error1:58.06
Phase:train -- Batch_idx:400/782 -- 2315.18 samples/sec-- Loss:2.39 -- Error1:58.36
Phase:train -- Batch_idx:500/782 -- 2317.51 samples/sec-- Loss:2.40 -- Error1:58.62
Phase:train -- Batch_idx:600/782 -- 2320.19 samples/sec-- Loss:2.41 -- Error1:58.73
Phase:train -- Batch_idx:700/782 -- 2315.36 samples/sec-- Loss:2.41 -- Error1:58.81
Train_Loss = 2.415835359649658, Train_Err = 58.796
Val_Loss = 2.792490009689331, Val_Err = 65.07
Epoch: [7 | 100]
Phase:train -- Batch_idx:100/782 -- 2198.29 samples/sec-- Loss:2.15 -- Error1:53.79
Phase:train -- Batch_idx:200/782 -- 2308.89 samples/sec-- Loss:2.17 -- Error1:53.79
Phase:train -- Batch_idx:300/782 -- 2380.30 samples/sec-- Loss:2.19 -- Error1:54.46
Phase:train -- Batch_idx:400/782 -- 2365.40 samples/sec-- Loss:2.21 -- Error1:54.92
Phase:train -- Batch_idx:500/782 -- 2343.74 samples/sec-- Loss:2.22 -- Error1:55.05
Phase:train -- Batch_idx:600/782 -- 2333.77 samples/sec-- Loss:2.23 -- Error1:55.27
Phase:train -- Batch_idx:700/782 -- 2327.40 samples/sec-- Loss:2.24 -- Error1:55.52
Train_Loss = 2.2495275314712524, Train_Err = 55.64
Val_Loss = 2.765319868469238, Val_Err = 64.79
Epoch: [8 | 100]
Phase:train -- Batch_idx:100/782 -- 2347.45 samples/sec-- Loss:1.94 -- Error1:49.19
Phase:train -- Batch_idx:200/782 -- 2372.58 samples/sec-- Loss:1.98 -- Error1:50.10
Phase:train -- Batch_idx:300/782 -- 2347.41 samples/sec-- Loss:2.01 -- Error1:50.70
Phase:train -- Batch_idx:400/782 -- 2328.29 samples/sec-- Loss:2.03 -- Error1:51.09
Phase:train -- Batch_idx:500/782 -- 2314.38 samples/sec-- Loss:2.04 -- Error1:51.50
Phase:train -- Batch_idx:600/782 -- 2308.81 samples/sec-- Loss:2.07 -- Error1:51.86
Phase:train -- Batch_idx:700/782 -- 2310.28 samples/sec-- Loss:2.08 -- Error1:52.14
Train_Loss = 2.083039201812744, Train_Err = 52.27
Val_Loss = 2.738497654724121, Val_Err = 63.41
Epoch: [9 | 100]
Phase:train -- Batch_idx:100/782 -- 2166.19 samples/sec-- Loss:1.75 -- Error1:44.79
Phase:train -- Batch_idx:200/782 -- 2235.55 samples/sec-- Loss:1.79 -- Error1:45.84
Phase:train -- Batch_idx:300/782 -- 2262.47 samples/sec-- Loss:1.82 -- Error1:46.57
Phase:train -- Batch_idx:400/782 -- 2271.02 samples/sec-- Loss:1.85 -- Error1:47.41
Phase:train -- Batch_idx:500/782 -- 2265.19 samples/sec-- Loss:1.88 -- Error1:48.03
Phase:train -- Batch_idx:600/782 -- 2267.68 samples/sec-- Loss:1.91 -- Error1:48.58
Phase:train -- Batch_idx:700/782 -- 2274.91 samples/sec-- Loss:1.93 -- Error1:48.97
Train_Loss = 1.936815428390503, Train_Err = 49.182
Val_Loss = 2.7456102249145506, Val_Err = 63.87
Epoch: [10 | 100]
Phase:train -- Batch_idx:100/782 -- 2355.24 samples/sec-- Loss:1.59 -- Error1:41.34
Phase:train -- Batch_idx:200/782 -- 2396.70 samples/sec-- Loss:1.62 -- Error1:42.13
Phase:train -- Batch_idx:300/782 -- 2367.38 samples/sec-- Loss:1.67 -- Error1:43.24
Phase:train -- Batch_idx:400/782 -- 2339.11 samples/sec-- Loss:1.69 -- Error1:43.89
Phase:train -- Batch_idx:500/782 -- 2320.65 samples/sec-- Loss:1.72 -- Error1:44.48
Phase:train -- Batch_idx:600/782 -- 2328.45 samples/sec-- Loss:1.75 -- Error1:45.12
Phase:train -- Batch_idx:700/782 -- 2328.13 samples/sec-- Loss:1.77 -- Error1:45.63
Train_Loss = 1.7814435037994385, Train_Err = 45.906
Val_Loss = 2.8355234939575196, Val_Err = 63.84
Epoch: [11 | 100]
Phase:train -- Batch_idx:100/782 -- 2113.88 samples/sec-- Loss:1.46 -- Error1:38.62
Phase:train -- Batch_idx:200/782 -- 2196.10 samples/sec-- Loss:1.49 -- Error1:39.21
Phase:train -- Batch_idx:300/782 -- 2224.99 samples/sec-- Loss:1.53 -- Error1:40.05
Phase:train -- Batch_idx:400/782 -- 2242.88 samples/sec-- Loss:1.56 -- Error1:40.99
Phase:train -- Batch_idx:500/782 -- 2248.58 samples/sec-- Loss:1.59 -- Error1:41.61
Phase:train -- Batch_idx:600/782 -- 2253.01 samples/sec-- Loss:1.61 -- Error1:42.11
Phase:train -- Batch_idx:700/782 -- 2255.46 samples/sec-- Loss:1.63 -- Error1:42.69
Train_Loss = 1.6452216856384276, Train_Err = 42.989
Val_Loss = 2.8834309020996094, Val_Err = 63.81
Epoch: [12 | 100]
Phase:train -- Batch_idx:100/782 -- 2182.66 samples/sec-- Loss:1.32 -- Error1:35.11
Phase:train -- Batch_idx:200/782 -- 2293.87 samples/sec-- Loss:1.35 -- Error1:35.78
Phase:train -- Batch_idx:300/782 -- 2305.73 samples/sec-- Loss:1.38 -- Error1:36.64
Phase:train -- Batch_idx:400/782 -- 2298.72 samples/sec-- Loss:1.41 -- Error1:37.40
Phase:train -- Batch_idx:500/782 -- 2292.69 samples/sec-- Loss:1.44 -- Error1:38.32
Phase:train -- Batch_idx:600/782 -- 2290.32 samples/sec-- Loss:1.47 -- Error1:39.05
Phase:train -- Batch_idx:700/782 -- 2290.89 samples/sec-- Loss:1.50 -- Error1:39.65
Train_Loss = 1.5164670680999757, Train_Err = 40.167
Val_Loss = 2.838929377746582, Val_Err = 62.66
Epoch: [13 | 100]
Phase:train -- Batch_idx:100/782 -- 2172.54 samples/sec-- Loss:1.19 -- Error1:31.80
Phase:train -- Batch_idx:200/782 -- 2243.07 samples/sec-- Loss:1.21 -- Error1:32.79
Phase:train -- Batch_idx:300/782 -- 2272.99 samples/sec-- Loss:1.25 -- Error1:33.85
Phase:train -- Batch_idx:400/782 -- 2286.57 samples/sec-- Loss:1.28 -- Error1:34.69
Phase:train -- Batch_idx:500/782 -- 2292.61 samples/sec-- Loss:1.32 -- Error1:35.54
Phase:train -- Batch_idx:600/782 -- 2293.71 samples/sec-- Loss:1.34 -- Error1:36.18
Phase:train -- Batch_idx:700/782 -- 2297.18 samples/sec-- Loss:1.37 -- Error1:36.73
Train_Loss = 1.38712196269989, Train_Err = 37.196
Val_Loss = 2.8792924629211427, Val_Err = 62.83
Epoch: [14 | 100]
Phase:train -- Batch_idx:100/782 -- 2341.19 samples/sec-- Loss:1.07 -- Error1:29.23
Phase:train -- Batch_idx:200/782 -- 2347.08 samples/sec-- Loss:1.09 -- Error1:29.98
Phase:train -- Batch_idx:300/782 -- 2321.13 samples/sec-- Loss:1.13 -- Error1:31.15
Phase:train -- Batch_idx:400/782 -- 2305.04 samples/sec-- Loss:1.16 -- Error1:31.83
Phase:train -- Batch_idx:500/782 -- 2297.79 samples/sec-- Loss:1.19 -- Error1:32.70
Phase:train -- Batch_idx:600/782 -- 2291.75 samples/sec-- Loss:1.22 -- Error1:33.37
Phase:train -- Batch_idx:700/782 -- 2287.17 samples/sec-- Loss:1.25 -- Error1:34.12
Train_Loss = 1.2636762378311157, Train_Err = 34.57
Val_Loss = 2.9570812210083006, Val_Err = 62.68
Epoch: [15 | 100]
Phase:train -- Batch_idx:100/782 -- 2278.45 samples/sec-- Loss:0.95 -- Error1:26.37
Phase:train -- Batch_idx:200/782 -- 2316.38 samples/sec-- Loss:0.98 -- Error1:27.17
Phase:train -- Batch_idx:300/782 -- 2319.58 samples/sec-- Loss:1.01 -- Error1:28.26
Phase:train -- Batch_idx:400/782 -- 2305.06 samples/sec-- Loss:1.05 -- Error1:29.25
Phase:train -- Batch_idx:500/782 -- 2294.62 samples/sec-- Loss:1.08 -- Error1:30.10
Phase:train -- Batch_idx:600/782 -- 2286.46 samples/sec-- Loss:1.11 -- Error1:30.88
Phase:train -- Batch_idx:700/782 -- 2282.65 samples/sec-- Loss:1.14 -- Error1:31.63
Train_Loss = 1.1604486845779418, Train_Err = 32.126
Val_Loss = 2.9643272960662843, Val_Err = 63.21
Epoch: [16 | 100]
Phase:train -- Batch_idx:100/782 -- 2147.68 samples/sec-- Loss:0.84 -- Error1:22.98
Phase:train -- Batch_idx:200/782 -- 2204.28 samples/sec-- Loss:0.85 -- Error1:23.78
Phase:train -- Batch_idx:300/782 -- 2232.30 samples/sec-- Loss:0.89 -- Error1:24.91
Phase:train -- Batch_idx:400/782 -- 2243.27 samples/sec-- Loss:0.93 -- Error1:25.94
Phase:train -- Batch_idx:500/782 -- 2253.75 samples/sec-- Loss:0.96 -- Error1:26.87
Phase:train -- Batch_idx:600/782 -- 2256.18 samples/sec-- Loss:1.00 -- Error1:27.78
Phase:train -- Batch_idx:700/782 -- 2259.35 samples/sec-- Loss:1.03 -- Error1:28.67
Train_Loss = 1.0488931758880615, Train_Err = 29.291
Val_Loss = 3.104451689147949, Val_Err = 63.66
Epoch: [17 | 100]
Phase:train -- Batch_idx:100/782 -- 2141.47 samples/sec-- Loss:0.77 -- Error1:21.12
Phase:train -- Batch_idx:200/782 -- 2212.75 samples/sec-- Loss:0.78 -- Error1:21.70
Phase:train -- Batch_idx:300/782 -- 2236.85 samples/sec-- Loss:0.81 -- Error1:22.54
Phase:train -- Batch_idx:400/782 -- 2247.75 samples/sec-- Loss:0.85 -- Error1:23.71
Phase:train -- Batch_idx:500/782 -- 2249.61 samples/sec-- Loss:0.88 -- Error1:24.75
Phase:train -- Batch_idx:600/782 -- 2249.63 samples/sec-- Loss:0.91 -- Error1:25.67
Phase:train -- Batch_idx:700/782 -- 2263.45 samples/sec-- Loss:0.94 -- Error1:26.52
Train_Loss = 0.9633256288909912, Train_Err = 27.076
Val_Loss = 3.1621053092956544, Val_Err = 64.13
Epoch: [18 | 100]
Phase:train -- Batch_idx:100/782 -- 2094.26 samples/sec-- Loss:0.73 -- Error1:20.28
Phase:train -- Batch_idx:200/782 -- 2177.71 samples/sec-- Loss:0.74 -- Error1:20.91
Phase:train -- Batch_idx:300/782 -- 2199.72 samples/sec-- Loss:0.76 -- Error1:21.68
Phase:train -- Batch_idx:400/782 -- 2208.92 samples/sec-- Loss:0.79 -- Error1:22.47
Phase:train -- Batch_idx:500/782 -- 2214.83 samples/sec-- Loss:0.82 -- Error1:23.28
Phase:train -- Batch_idx:600/782 -- 2219.41 samples/sec-- Loss:0.85 -- Error1:24.12
Phase:train -- Batch_idx:700/782 -- 2237.58 samples/sec-- Loss:0.87 -- Error1:24.84
Train_Loss = 0.893234972743988, Train_Err = 25.382
Val_Loss = 3.2278790382385254, Val_Err = 64.63
Epoch: [19 | 100]
Phase:train -- Batch_idx:100/782 -- 2135.92 samples/sec-- Loss:0.64 -- Error1:18.63
Phase:train -- Batch_idx:200/782 -- 2226.29 samples/sec-- Loss:0.66 -- Error1:19.45
Phase:train -- Batch_idx:300/782 -- 2285.91 samples/sec-- Loss:0.69 -- Error1:20.14
Phase:train -- Batch_idx:400/782 -- 2299.76 samples/sec-- Loss:0.72 -- Error1:20.91
Phase:train -- Batch_idx:500/782 -- 2296.20 samples/sec-- Loss:0.75 -- Error1:21.75
Phase:train -- Batch_idx:600/782 -- 2294.72 samples/sec-- Loss:0.78 -- Error1:22.59
Phase:train -- Batch_idx:700/782 -- 2294.68 samples/sec-- Loss:0.81 -- Error1:23.43
Train_Loss = 0.8281443047523499, Train_Err = 23.979
Val_Loss = 3.2654871215820314, Val_Err = 64.35
Epoch: [20 | 100]
Phase:train -- Batch_idx:100/782 -- 2252.97 samples/sec-- Loss:0.63 -- Error1:18.10
Phase:train -- Batch_idx:200/782 -- 2275.58 samples/sec-- Loss:0.62 -- Error1:17.96
Phase:train -- Batch_idx:300/782 -- 2265.05 samples/sec-- Loss:0.65 -- Error1:18.79
Phase:train -- Batch_idx:400/782 -- 2256.10 samples/sec-- Loss:0.67 -- Error1:19.40
Phase:train -- Batch_idx:500/782 -- 2254.58 samples/sec-- Loss:0.70 -- Error1:20.28
Phase:train -- Batch_idx:600/782 -- 2232.71 samples/sec-- Loss:0.73 -- Error1:21.04
Phase:train -- Batch_idx:700/782 -- 2245.85 samples/sec-- Loss:0.75 -- Error1:21.73
Train_Loss = 0.7702884569549561, Train_Err = 22.293
Val_Loss = 3.3665154487609863, Val_Err = 64.49
Epoch: [21 | 100]
Phase:train -- Batch_idx:100/782 -- 2111.81 samples/sec-- Loss:0.61 -- Error1:17.52
Phase:train -- Batch_idx:200/782 -- 2182.21 samples/sec-- Loss:0.59 -- Error1:17.23
Phase:train -- Batch_idx:300/782 -- 2210.70 samples/sec-- Loss:0.60 -- Error1:17.67
Phase:train -- Batch_idx:400/782 -- 2227.71 samples/sec-- Loss:0.64 -- Error1:18.67
Phase:train -- Batch_idx:500/782 -- 2238.87 samples/sec-- Loss:0.66 -- Error1:19.40
Phase:train -- Batch_idx:600/782 -- 2248.73 samples/sec-- Loss:0.69 -- Error1:20.14
Phase:train -- Batch_idx:700/782 -- 2256.84 samples/sec-- Loss:0.71 -- Error1:20.78
Train_Loss = 0.7325353206253051, Train_Err = 21.378
Val_Loss = 3.2927507404327394, Val_Err = 63.75
Epoch: [22 | 100]
Phase:train -- Batch_idx:100/782 -- 2179.44 samples/sec-- Loss:0.56 -- Error1:16.25
Phase:train -- Batch_idx:200/782 -- 2233.65 samples/sec-- Loss:0.55 -- Error1:15.96
Phase:train -- Batch_idx:300/782 -- 2250.42 samples/sec-- Loss:0.56 -- Error1:16.35
Phase:train -- Batch_idx:400/782 -- 2261.52 samples/sec-- Loss:0.59 -- Error1:17.39
Phase:train -- Batch_idx:500/782 -- 2267.62 samples/sec-- Loss:0.62 -- Error1:18.17
Phase:train -- Batch_idx:600/782 -- 2268.37 samples/sec-- Loss:0.65 -- Error1:18.92
Phase:train -- Batch_idx:700/782 -- 2271.83 samples/sec-- Loss:0.67 -- Error1:19.53
Train_Loss = 0.6885010573577881, Train_Err = 20.052
Val_Loss = 3.400283567047119, Val_Err = 63.96
Epoch: [23 | 100]
Phase:train -- Batch_idx:100/782 -- 2138.56 samples/sec-- Loss:0.51 -- Error1:15.08
Phase:train -- Batch_idx:200/782 -- 2202.75 samples/sec-- Loss:0.52 -- Error1:15.14
Phase:train -- Batch_idx:300/782 -- 2223.86 samples/sec-- Loss:0.53 -- Error1:15.57
Phase:train -- Batch_idx:400/782 -- 2234.63 samples/sec-- Loss:0.55 -- Error1:16.24
Phase:train -- Batch_idx:500/782 -- 2243.75 samples/sec-- Loss:0.58 -- Error1:16.91
Phase:train -- Batch_idx:600/782 -- 2248.57 samples/sec-- Loss:0.61 -- Error1:17.80
Phase:train -- Batch_idx:700/782 -- 2250.43 samples/sec-- Loss:0.63 -- Error1:18.55
Train_Loss = 0.6539304047393799, Train_Err = 19.157
Val_Loss = 3.4483205207824708, Val_Err = 64.95
Epoch: [24 | 100]
Phase:train -- Batch_idx:100/782 -- 2317.29 samples/sec-- Loss:0.49 -- Error1:14.59
Phase:train -- Batch_idx:200/782 -- 2325.87 samples/sec-- Loss:0.49 -- Error1:14.25
Phase:train -- Batch_idx:300/782 -- 2306.15 samples/sec-- Loss:0.50 -- Error1:14.86
Phase:train -- Batch_idx:400/782 -- 2293.76 samples/sec-- Loss:0.52 -- Error1:15.44
Phase:train -- Batch_idx:500/782 -- 2290.42 samples/sec-- Loss:0.55 -- Error1:16.20
Phase:train -- Batch_idx:600/782 -- 2288.59 samples/sec-- Loss:0.58 -- Error1:17.09
Phase:train -- Batch_idx:700/782 -- 2286.61 samples/sec-- Loss:0.60 -- Error1:17.80
Train_Loss = 0.6227566912460327, Train_Err = 18.34
Val_Loss = 3.497037809753418, Val_Err = 63.95
Epoch: [25 | 100]
Phase:train -- Batch_idx:100/782 -- 2134.20 samples/sec-- Loss:0.48 -- Error1:14.24
Phase:train -- Batch_idx:200/782 -- 2201.55 samples/sec-- Loss:0.47 -- Error1:13.78
Phase:train -- Batch_idx:300/782 -- 2218.52 samples/sec-- Loss:0.48 -- Error1:14.12
Phase:train -- Batch_idx:400/782 -- 2223.18 samples/sec-- Loss:0.51 -- Error1:14.91
Phase:train -- Batch_idx:500/782 -- 2233.81 samples/sec-- Loss:0.54 -- Error1:15.86
Phase:train -- Batch_idx:600/782 -- 2238.59 samples/sec-- Loss:0.56 -- Error1:16.59
Phase:train -- Batch_idx:700/782 -- 2243.51 samples/sec-- Loss:0.59 -- Error1:17.31
Train_Loss = 0.6101631217193604, Train_Err = 17.958
Val_Loss = 3.4554279510498045, Val_Err = 64.67
Epoch: [26 | 100]
Phase:train -- Batch_idx:100/782 -- 2221.56 samples/sec-- Loss:0.48 -- Error1:14.39
Phase:train -- Batch_idx:200/782 -- 2276.99 samples/sec-- Loss:0.46 -- Error1:13.71
Phase:train -- Batch_idx:300/782 -- 2250.63 samples/sec-- Loss:0.48 -- Error1:14.05
Phase:train -- Batch_idx:400/782 -- 2252.78 samples/sec-- Loss:0.50 -- Error1:14.73
Phase:train -- Batch_idx:500/782 -- 2250.24 samples/sec-- Loss:0.52 -- Error1:15.35
Phase:train -- Batch_idx:600/782 -- 2255.76 samples/sec-- Loss:0.54 -- Error1:16.07
Phase:train -- Batch_idx:700/782 -- 2257.84 samples/sec-- Loss:0.56 -- Error1:16.74
Train_Loss = 0.5847691453552246, Train_Err = 17.293
Val_Loss = 3.517015452194214, Val_Err = 65.14
Epoch: [27 | 100]
Phase:train -- Batch_idx:100/782 -- 2211.45 samples/sec-- Loss:0.47 -- Error1:13.53
Phase:train -- Batch_idx:200/782 -- 2246.35 samples/sec-- Loss:0.45 -- Error1:13.09
Phase:train -- Batch_idx:300/782 -- 2253.36 samples/sec-- Loss:0.47 -- Error1:13.78
Phase:train -- Batch_idx:400/782 -- 2245.78 samples/sec-- Loss:0.49 -- Error1:14.47
Phase:train -- Batch_idx:500/782 -- 2273.71 samples/sec-- Loss:0.51 -- Error1:15.07
Phase:train -- Batch_idx:600/782 -- 2282.59 samples/sec-- Loss:0.53 -- Error1:15.74
Phase:train -- Batch_idx:700/782 -- 2279.83 samples/sec-- Loss:0.55 -- Error1:16.45
Train_Loss = 0.5739320364189148, Train_Err = 16.981
Val_Loss = 3.4828457962036135, Val_Err = 64.95
Epoch: [28 | 100]
Phase:train -- Batch_idx:100/782 -- 2229.06 samples/sec-- Loss:0.45 -- Error1:12.91
Phase:train -- Batch_idx:200/782 -- 2250.88 samples/sec-- Loss:0.45 -- Error1:13.06
Phase:train -- Batch_idx:300/782 -- 2261.85 samples/sec-- Loss:0.46 -- Error1:13.57
Phase:train -- Batch_idx:400/782 -- 2265.50 samples/sec-- Loss:0.48 -- Error1:14.05
Phase:train -- Batch_idx:500/782 -- 2269.10 samples/sec-- Loss:0.51 -- Error1:14.75
Phase:train -- Batch_idx:600/782 -- 2271.26 samples/sec-- Loss:0.53 -- Error1:15.42
Phase:train -- Batch_idx:700/782 -- 2272.99 samples/sec-- Loss:0.55 -- Error1:16.08
Train_Loss = 0.5637542211532592, Train_Err = 16.576
Val_Loss = 3.624355083465576, Val_Err = 65.06
Epoch: [29 | 100]
Phase:train -- Batch_idx:100/782 -- 2225.56 samples/sec-- Loss:0.44 -- Error1:12.89
Phase:train -- Batch_idx:200/782 -- 2247.19 samples/sec-- Loss:0.43 -- Error1:12.60
Phase:train -- Batch_idx:300/782 -- 2262.13 samples/sec-- Loss:0.45 -- Error1:13.01
Phase:train -- Batch_idx:400/782 -- 2262.61 samples/sec-- Loss:0.46 -- Error1:13.36
Phase:train -- Batch_idx:500/782 -- 2263.20 samples/sec-- Loss:0.48 -- Error1:13.98
Phase:train -- Batch_idx:600/782 -- 2264.05 samples/sec-- Loss:0.51 -- Error1:14.82
Phase:train -- Batch_idx:700/782 -- 2264.23 samples/sec-- Loss:0.53 -- Error1:15.49
Train_Loss = 0.5440632826423645, Train_Err = 16.016
Val_Loss = 3.561215880584717, Val_Err = 64.69
Epoch: [30 | 100]
Phase:train -- Batch_idx:100/782 -- 2312.80 samples/sec-- Loss:0.34 -- Error1:9.58
Phase:train -- Batch_idx:200/782 -- 2339.75 samples/sec-- Loss:0.30 -- Error1:8.29
Phase:train -- Batch_idx:300/782 -- 2319.34 samples/sec-- Loss:0.27 -- Error1:7.55
Phase:train -- Batch_idx:400/782 -- 2306.35 samples/sec-- Loss:0.26 -- Error1:7.03
Phase:train -- Batch_idx:500/782 -- 2296.10 samples/sec-- Loss:0.24 -- Error1:6.60
Phase:train -- Batch_idx:600/782 -- 2291.27 samples/sec-- Loss:0.23 -- Error1:6.32
Phase:train -- Batch_idx:700/782 -- 2286.27 samples/sec-- Loss:0.22 -- Error1:6.05
Train_Loss = 0.21653917490959168, Train_Err = 5.844
Val_Loss = 3.236763650512695, Val_Err = 59.89
Epoch: [31 | 100]
Phase:train -- Batch_idx:100/782 -- 2124.42 samples/sec-- Loss:0.11 -- Error1:2.57
Phase:train -- Batch_idx:200/782 -- 2195.14 samples/sec-- Loss:0.11 -- Error1:2.49
Phase:train -- Batch_idx:300/782 -- 2220.44 samples/sec-- Loss:0.11 -- Error1:2.57
Phase:train -- Batch_idx:400/782 -- 2234.07 samples/sec-- Loss:0.11 -- Error1:2.53
Phase:train -- Batch_idx:500/782 -- 2238.27 samples/sec-- Loss:0.11 -- Error1:2.49
Phase:train -- Batch_idx:600/782 -- 2247.11 samples/sec-- Loss:0.11 -- Error1:2.48
Phase:train -- Batch_idx:700/782 -- 2250.29 samples/sec-- Loss:0.11 -- Error1:2.48
Train_Loss = 0.10742621779441834, Train_Err = 2.484
Val_Loss = 3.264152861022949, Val_Err = 59.3
Epoch: [32 | 100]
Phase:train -- Batch_idx:100/782 -- 2327.19 samples/sec-- Loss:0.08 -- Error1:1.65
Phase:train -- Batch_idx:200/782 -- 2345.30 samples/sec-- Loss:0.08 -- Error1:1.67
Phase:train -- Batch_idx:300/782 -- 2324.21 samples/sec-- Loss:0.08 -- Error1:1.67
Phase:train -- Batch_idx:400/782 -- 2310.16 samples/sec-- Loss:0.08 -- Error1:1.66
Phase:train -- Batch_idx:500/782 -- 2298.54 samples/sec-- Loss:0.08 -- Error1:1.61
Phase:train -- Batch_idx:600/782 -- 2293.55 samples/sec-- Loss:0.08 -- Error1:1.59
Phase:train -- Batch_idx:700/782 -- 2285.13 samples/sec-- Loss:0.08 -- Error1:1.60
Train_Loss = 0.07506231136798859, Train_Err = 1.59
Val_Loss = 3.263896469116211, Val_Err = 59.11
Epoch: [33 | 100]
Phase:train -- Batch_idx:100/782 -- 2217.26 samples/sec-- Loss:0.06 -- Error1:1.18
Phase:train -- Batch_idx:200/782 -- 2254.81 samples/sec-- Loss:0.06 -- Error1:1.19
Phase:train -- Batch_idx:300/782 -- 2259.42 samples/sec-- Loss:0.06 -- Error1:1.17
Phase:train -- Batch_idx:400/782 -- 2258.91 samples/sec-- Loss:0.06 -- Error1:1.16
Phase:train -- Batch_idx:500/782 -- 2259.08 samples/sec-- Loss:0.06 -- Error1:1.15
Phase:train -- Batch_idx:600/782 -- 2259.56 samples/sec-- Loss:0.06 -- Error1:1.16
Phase:train -- Batch_idx:700/782 -- 2261.34 samples/sec-- Loss:0.06 -- Error1:1.15
Train_Loss = 0.057896836538314816, Train_Err = 1.133
Val_Loss = 3.2919693099975587, Val_Err = 59.04
Epoch: [34 | 100]
Phase:train -- Batch_idx:100/782 -- 2314.70 samples/sec-- Loss:0.04 -- Error1:0.74
Phase:train -- Batch_idx:200/782 -- 2332.67 samples/sec-- Loss:0.05 -- Error1:0.81
Phase:train -- Batch_idx:300/782 -- 2306.16 samples/sec-- Loss:0.05 -- Error1:0.86
Phase:train -- Batch_idx:400/782 -- 2299.57 samples/sec-- Loss:0.05 -- Error1:0.86
Phase:train -- Batch_idx:500/782 -- 2291.95 samples/sec-- Loss:0.05 -- Error1:0.83
Phase:train -- Batch_idx:600/782 -- 2287.02 samples/sec-- Loss:0.05 -- Error1:0.85
Phase:train -- Batch_idx:700/782 -- 2282.27 samples/sec-- Loss:0.05 -- Error1:0.86
Train_Loss = 0.047196095349788664, Train_Err = 0.858
Val_Loss = 3.301775393676758, Val_Err = 59.01
Epoch: [35 | 100]
Phase:train -- Batch_idx:100/782 -- 2287.71 samples/sec-- Loss:0.04 -- Error1:0.79
Phase:train -- Batch_idx:200/782 -- 2292.57 samples/sec-- Loss:0.04 -- Error1:0.75
Phase:train -- Batch_idx:300/782 -- 2288.90 samples/sec-- Loss:0.04 -- Error1:0.73
Phase:train -- Batch_idx:400/782 -- 2287.41 samples/sec-- Loss:0.04 -- Error1:0.73
Phase:train -- Batch_idx:500/782 -- 2284.53 samples/sec-- Loss:0.04 -- Error1:0.72
Phase:train -- Batch_idx:600/782 -- 2282.62 samples/sec-- Loss:0.04 -- Error1:0.73
Phase:train -- Batch_idx:700/782 -- 2281.12 samples/sec-- Loss:0.04 -- Error1:0.71
Train_Loss = 0.04051837061882019, Train_Err = 0.705
Val_Loss = 3.293546375274658, Val_Err = 58.89
Epoch: [36 | 100]
Phase:train -- Batch_idx:100/782 -- 2234.69 samples/sec-- Loss:0.04 -- Error1:0.52
Phase:train -- Batch_idx:200/782 -- 2261.25 samples/sec-- Loss:0.04 -- Error1:0.57
Phase:train -- Batch_idx:300/782 -- 2265.82 samples/sec-- Loss:0.04 -- Error1:0.57
Phase:train -- Batch_idx:400/782 -- 2268.69 samples/sec-- Loss:0.04 -- Error1:0.58
Phase:train -- Batch_idx:500/782 -- 2269.96 samples/sec-- Loss:0.03 -- Error1:0.58
Phase:train -- Batch_idx:600/782 -- 2267.35 samples/sec-- Loss:0.03 -- Error1:0.57
Phase:train -- Batch_idx:700/782 -- 2267.47 samples/sec-- Loss:0.03 -- Error1:0.58
Train_Loss = 0.034809505774974825, Train_Err = 0.575
Val_Loss = 3.3267162223815916, Val_Err = 58.81
Epoch: [37 | 100]
Phase:train -- Batch_idx:100/782 -- 2260.93 samples/sec-- Loss:0.03 -- Error1:0.45
Phase:train -- Batch_idx:200/782 -- 2270.89 samples/sec-- Loss:0.03 -- Error1:0.41
Phase:train -- Batch_idx:300/782 -- 2266.80 samples/sec-- Loss:0.03 -- Error1:0.44
Phase:train -- Batch_idx:400/782 -- 2265.44 samples/sec-- Loss:0.03 -- Error1:0.45
Phase:train -- Batch_idx:500/782 -- 2264.72 samples/sec-- Loss:0.03 -- Error1:0.47
Phase:train -- Batch_idx:600/782 -- 2259.29 samples/sec-- Loss:0.03 -- Error1:0.46
Phase:train -- Batch_idx:700/782 -- 2256.61 samples/sec-- Loss:0.03 -- Error1:0.48
Train_Loss = 0.03160593196988106, Train_Err = 0.491
Val_Loss = 3.3299813606262205, Val_Err = 58.84
Epoch: [38 | 100]
Phase:train -- Batch_idx:100/782 -- 2083.88 samples/sec-- Loss:0.03 -- Error1:0.41
Phase:train -- Batch_idx:200/782 -- 2199.43 samples/sec-- Loss:0.03 -- Error1:0.40
Phase:train -- Batch_idx:300/782 -- 2215.72 samples/sec-- Loss:0.03 -- Error1:0.40
Phase:train -- Batch_idx:400/782 -- 2228.23 samples/sec-- Loss:0.03 -- Error1:0.42
Phase:train -- Batch_idx:500/782 -- 2233.24 samples/sec-- Loss:0.03 -- Error1:0.41
Phase:train -- Batch_idx:600/782 -- 2236.00 samples/sec-- Loss:0.03 -- Error1:0.42
Phase:train -- Batch_idx:700/782 -- 2242.84 samples/sec-- Loss:0.03 -- Error1:0.42
Train_Loss = 0.028216804571151735, Train_Err = 0.419
Val_Loss = 3.324552516937256, Val_Err = 58.63
Epoch: [39 | 100]
Phase:train -- Batch_idx:100/782 -- 2156.02 samples/sec-- Loss:0.03 -- Error1:0.35
Phase:train -- Batch_idx:200/782 -- 2212.55 samples/sec-- Loss:0.03 -- Error1:0.40
Phase:train -- Batch_idx:300/782 -- 2237.14 samples/sec-- Loss:0.03 -- Error1:0.41
Phase:train -- Batch_idx:400/782 -- 2247.19 samples/sec-- Loss:0.03 -- Error1:0.42
Phase:train -- Batch_idx:500/782 -- 2247.74 samples/sec-- Loss:0.03 -- Error1:0.41
Phase:train -- Batch_idx:600/782 -- 2245.34 samples/sec-- Loss:0.03 -- Error1:0.41
Phase:train -- Batch_idx:700/782 -- 2244.14 samples/sec-- Loss:0.03 -- Error1:0.40
Train_Loss = 0.026244404020309448, Train_Err = 0.404
Val_Loss = 3.322194649505615, Val_Err = 58.64
Epoch: [40 | 100]
Phase:train -- Batch_idx:100/782 -- 2119.66 samples/sec-- Loss:0.02 -- Error1:0.28
Phase:train -- Batch_idx:200/782 -- 2202.31 samples/sec-- Loss:0.02 -- Error1:0.34
Phase:train -- Batch_idx:300/782 -- 2217.02 samples/sec-- Loss:0.02 -- Error1:0.33
Phase:train -- Batch_idx:400/782 -- 2224.35 samples/sec-- Loss:0.02 -- Error1:0.34
Phase:train -- Batch_idx:500/782 -- 2227.71 samples/sec-- Loss:0.02 -- Error1:0.34
Phase:train -- Batch_idx:600/782 -- 2228.21 samples/sec-- Loss:0.02 -- Error1:0.33
Phase:train -- Batch_idx:700/782 -- 2233.01 samples/sec-- Loss:0.02 -- Error1:0.34
Train_Loss = 0.024382845470905305, Train_Err = 0.341
Val_Loss = 3.3409969230651857, Val_Err = 58.44
Epoch: [41 | 100]
Phase:train -- Batch_idx:100/782 -- 2171.12 samples/sec-- Loss:0.02 -- Error1:0.28
Phase:train -- Batch_idx:200/782 -- 2218.01 samples/sec-- Loss:0.02 -- Error1:0.27
Phase:train -- Batch_idx:300/782 -- 2222.06 samples/sec-- Loss:0.02 -- Error1:0.28
Phase:train -- Batch_idx:400/782 -- 2229.39 samples/sec-- Loss:0.02 -- Error1:0.27
Phase:train -- Batch_idx:500/782 -- 2256.99 samples/sec-- Loss:0.02 -- Error1:0.28
Phase:train -- Batch_idx:600/782 -- 2272.64 samples/sec-- Loss:0.02 -- Error1:0.28
Phase:train -- Batch_idx:700/782 -- 2266.98 samples/sec-- Loss:0.02 -- Error1:0.29
Train_Loss = 0.02184581372857094, Train_Err = 0.293
Val_Loss = 3.325809513092041, Val_Err = 58.5
Epoch: [42 | 100]
Phase:train -- Batch_idx:100/782 -- 2116.94 samples/sec-- Loss:0.02 -- Error1:0.24
Phase:train -- Batch_idx:200/782 -- 2185.13 samples/sec-- Loss:0.02 -- Error1:0.25
Phase:train -- Batch_idx:300/782 -- 2213.56 samples/sec-- Loss:0.02 -- Error1:0.26
Phase:train -- Batch_idx:400/782 -- 2229.01 samples/sec-- Loss:0.02 -- Error1:0.28
Phase:train -- Batch_idx:500/782 -- 2236.64 samples/sec-- Loss:0.02 -- Error1:0.28
Phase:train -- Batch_idx:600/782 -- 2240.83 samples/sec-- Loss:0.02 -- Error1:0.28
Phase:train -- Batch_idx:700/782 -- 2243.46 samples/sec-- Loss:0.02 -- Error1:0.29
Train_Loss = 0.02171945832848549, Train_Err = 0.295
Val_Loss = 3.3295905014038087, Val_Err = 58.5
Epoch: [43 | 100]
Phase:train -- Batch_idx:100/782 -- 2183.13 samples/sec-- Loss:0.02 -- Error1:0.21
Phase:train -- Batch_idx:200/782 -- 2219.06 samples/sec-- Loss:0.02 -- Error1:0.25
Phase:train -- Batch_idx:300/782 -- 2227.90 samples/sec-- Loss:0.02 -- Error1:0.24
Phase:train -- Batch_idx:400/782 -- 2235.13 samples/sec-- Loss:0.02 -- Error1:0.27
Phase:train -- Batch_idx:500/782 -- 2241.89 samples/sec-- Loss:0.02 -- Error1:0.27
Phase:train -- Batch_idx:600/782 -- 2245.10 samples/sec-- Loss:0.02 -- Error1:0.28
Phase:train -- Batch_idx:700/782 -- 2241.57 samples/sec-- Loss:0.02 -- Error1:0.29
Train_Loss = 0.020952600756287576, Train_Err = 0.297
Val_Loss = 3.323965277862549, Val_Err = 58.43
Epoch: [44 | 100]
Phase:train -- Batch_idx:100/782 -- 2238.63 samples/sec-- Loss:0.02 -- Error1:0.22
Phase:train -- Batch_idx:200/782 -- 2256.88 samples/sec-- Loss:0.02 -- Error1:0.24
Phase:train -- Batch_idx:300/782 -- 2268.82 samples/sec-- Loss:0.02 -- Error1:0.24
Phase:train -- Batch_idx:400/782 -- 2264.63 samples/sec-- Loss:0.02 -- Error1:0.25
Phase:train -- Batch_idx:500/782 -- 2265.78 samples/sec-- Loss:0.02 -- Error1:0.24
Phase:train -- Batch_idx:600/782 -- 2266.71 samples/sec-- Loss:0.02 -- Error1:0.25
Phase:train -- Batch_idx:700/782 -- 2263.60 samples/sec-- Loss:0.02 -- Error1:0.26
Train_Loss = 0.019857588802576064, Train_Err = 0.257
Val_Loss = 3.3327242401123045, Val_Err = 58.58
Epoch: [45 | 100]
Phase:train -- Batch_idx:100/782 -- 2131.45 samples/sec-- Loss:0.02 -- Error1:0.20
Phase:train -- Batch_idx:200/782 -- 2204.34 samples/sec-- Loss:0.02 -- Error1:0.18
Phase:train -- Batch_idx:300/782 -- 2224.88 samples/sec-- Loss:0.02 -- Error1:0.22
Phase:train -- Batch_idx:400/782 -- 2237.00 samples/sec-- Loss:0.02 -- Error1:0.23
Phase:train -- Batch_idx:500/782 -- 2245.50 samples/sec-- Loss:0.02 -- Error1:0.24
Phase:train -- Batch_idx:600/782 -- 2251.03 samples/sec-- Loss:0.02 -- Error1:0.24
Phase:train -- Batch_idx:700/782 -- 2254.00 samples/sec-- Loss:0.02 -- Error1:0.24
Train_Loss = 0.018897898201942445, Train_Err = 0.242
Val_Loss = 3.3252221237182615, Val_Err = 58.62
Epoch: [46 | 100]
Phase:train -- Batch_idx:100/782 -- 2196.08 samples/sec-- Loss:0.02 -- Error1:0.27
Phase:train -- Batch_idx:200/782 -- 2255.24 samples/sec-- Loss:0.02 -- Error1:0.27
Phase:train -- Batch_idx:300/782 -- 2260.71 samples/sec-- Loss:0.02 -- Error1:0.24
Phase:train -- Batch_idx:400/782 -- 2264.50 samples/sec-- Loss:0.02 -- Error1:0.24
Phase:train -- Batch_idx:500/782 -- 2265.32 samples/sec-- Loss:0.02 -- Error1:0.24
Phase:train -- Batch_idx:600/782 -- 2265.46 samples/sec-- Loss:0.02 -- Error1:0.23
Phase:train -- Batch_idx:700/782 -- 2267.74 samples/sec-- Loss:0.02 -- Error1:0.23
Train_Loss = 0.018578086329102517, Train_Err = 0.233
Val_Loss = 3.3160405303955076, Val_Err = 58.51
Epoch: [47 | 100]
Phase:train -- Batch_idx:100/782 -- 2148.99 samples/sec-- Loss:0.02 -- Error1:0.21
Phase:train -- Batch_idx:200/782 -- 2202.90 samples/sec-- Loss:0.02 -- Error1:0.21
Phase:train -- Batch_idx:300/782 -- 2224.24 samples/sec-- Loss:0.02 -- Error1:0.20
Phase:train -- Batch_idx:400/782 -- 2238.98 samples/sec-- Loss:0.02 -- Error1:0.20
Phase:train -- Batch_idx:500/782 -- 2245.99 samples/sec-- Loss:0.02 -- Error1:0.20
Phase:train -- Batch_idx:600/782 -- 2251.64 samples/sec-- Loss:0.02 -- Error1:0.20
Phase:train -- Batch_idx:700/782 -- 2253.93 samples/sec-- Loss:0.02 -- Error1:0.21
Train_Loss = 0.017779205037355424, Train_Err = 0.209
Val_Loss = 3.2972982635498047, Val_Err = 58.53
Epoch: [48 | 100]
Phase:train -- Batch_idx:100/782 -- 2248.58 samples/sec-- Loss:0.02 -- Error1:0.21
Phase:train -- Batch_idx:200/782 -- 2324.32 samples/sec-- Loss:0.02 -- Error1:0.21
Phase:train -- Batch_idx:300/782 -- 2306.73 samples/sec-- Loss:0.02 -- Error1:0.21
Phase:train -- Batch_idx:400/782 -- 2300.38 samples/sec-- Loss:0.02 -- Error1:0.21
Phase:train -- Batch_idx:500/782 -- 2296.87 samples/sec-- Loss:0.02 -- Error1:0.21
Phase:train -- Batch_idx:600/782 -- 2292.14 samples/sec-- Loss:0.02 -- Error1:0.22
Phase:train -- Batch_idx:700/782 -- 2289.62 samples/sec-- Loss:0.02 -- Error1:0.22
Train_Loss = 0.01728071670114994, Train_Err = 0.214
Val_Loss = 3.310677081298828, Val_Err = 58.27
Epoch: [49 | 100]
Phase:train -- Batch_idx:100/782 -- 2197.73 samples/sec-- Loss:0.02 -- Error1:0.23
Phase:train -- Batch_idx:200/782 -- 2230.29 samples/sec-- Loss:0.02 -- Error1:0.20
Phase:train -- Batch_idx:300/782 -- 2252.43 samples/sec-- Loss:0.02 -- Error1:0.18
Phase:train -- Batch_idx:400/782 -- 2257.44 samples/sec-- Loss:0.02 -- Error1:0.19
Phase:train -- Batch_idx:500/782 -- 2261.84 samples/sec-- Loss:0.02 -- Error1:0.19
Phase:train -- Batch_idx:600/782 -- 2262.60 samples/sec-- Loss:0.02 -- Error1:0.20
Phase:train -- Batch_idx:700/782 -- 2263.77 samples/sec-- Loss:0.02 -- Error1:0.19
Train_Loss = 0.01667399630308151, Train_Err = 0.192
Val_Loss = 3.3009741859436037, Val_Err = 58.26
Epoch: [50 | 100]
Phase:train -- Batch_idx:100/782 -- 2175.13 samples/sec-- Loss:0.02 -- Error1:0.20
Phase:train -- Batch_idx:200/782 -- 2217.59 samples/sec-- Loss:0.02 -- Error1:0.23
Phase:train -- Batch_idx:300/782 -- 2243.27 samples/sec-- Loss:0.02 -- Error1:0.22
Phase:train -- Batch_idx:400/782 -- 2250.88 samples/sec-- Loss:0.02 -- Error1:0.21
Phase:train -- Batch_idx:500/782 -- 2257.14 samples/sec-- Loss:0.02 -- Error1:0.20
Phase:train -- Batch_idx:600/782 -- 2260.33 samples/sec-- Loss:0.02 -- Error1:0.21
Phase:train -- Batch_idx:700/782 -- 2263.49 samples/sec-- Loss:0.02 -- Error1:0.20
Train_Loss = 0.016787371285557746, Train_Err = 0.198
Val_Loss = 3.288444521331787, Val_Err = 58.33
Epoch: [51 | 100]
Phase:train -- Batch_idx:100/782 -- 2137.89 samples/sec-- Loss:0.01 -- Error1:0.16
Phase:train -- Batch_idx:200/782 -- 2205.81 samples/sec-- Loss:0.01 -- Error1:0.17
Phase:train -- Batch_idx:300/782 -- 2228.35 samples/sec-- Loss:0.02 -- Error1:0.17
Phase:train -- Batch_idx:400/782 -- 2239.33 samples/sec-- Loss:0.02 -- Error1:0.18
Phase:train -- Batch_idx:500/782 -- 2247.03 samples/sec-- Loss:0.02 -- Error1:0.17
Phase:train -- Batch_idx:600/782 -- 2253.63 samples/sec-- Loss:0.02 -- Error1:0.17
Phase:train -- Batch_idx:700/782 -- 2258.04 samples/sec-- Loss:0.02 -- Error1:0.18
Train_Loss = 0.015900937958955766, Train_Err = 0.176
Val_Loss = 3.283522943878174, Val_Err = 58.34
Epoch: [52 | 100]
Phase:train -- Batch_idx:100/782 -- 2217.66 samples/sec-- Loss:0.02 -- Error1:0.16
Phase:train -- Batch_idx:200/782 -- 2238.45 samples/sec-- Loss:0.02 -- Error1:0.20
Phase:train -- Batch_idx:300/782 -- 2250.16 samples/sec-- Loss:0.02 -- Error1:0.20
Phase:train -- Batch_idx:400/782 -- 2278.61 samples/sec-- Loss:0.02 -- Error1:0.19
Phase:train -- Batch_idx:500/782 -- 2286.91 samples/sec-- Loss:0.02 -- Error1:0.18
Phase:train -- Batch_idx:600/782 -- 2280.47 samples/sec-- Loss:0.02 -- Error1:0.18
Phase:train -- Batch_idx:700/782 -- 2281.03 samples/sec-- Loss:0.02 -- Error1:0.18
Train_Loss = 0.0161690632468462, Train_Err = 0.182
Val_Loss = 3.267600365447998, Val_Err = 58.32
Epoch: [53 | 100]
Phase:train -- Batch_idx:100/782 -- 2121.35 samples/sec-- Loss:0.02 -- Error1:0.17
Phase:train -- Batch_idx:200/782 -- 2191.51 samples/sec-- Loss:0.01 -- Error1:0.16
Phase:train -- Batch_idx:300/782 -- 2234.41 samples/sec-- Loss:0.01 -- Error1:0.15
Phase:train -- Batch_idx:400/782 -- 2273.26 samples/sec-- Loss:0.02 -- Error1:0.16
Phase:train -- Batch_idx:500/782 -- 2294.08 samples/sec-- Loss:0.02 -- Error1:0.17
Phase:train -- Batch_idx:600/782 -- 2306.62 samples/sec-- Loss:0.02 -- Error1:0.16
Phase:train -- Batch_idx:700/782 -- 2320.55 samples/sec-- Loss:0.02 -- Error1:0.16
Train_Loss = 0.015486465202569962, Train_Err = 0.163
Val_Loss = 3.275324504852295, Val_Err = 58.34
Epoch: [54 | 100]
Phase:train -- Batch_idx:100/782 -- 2224.87 samples/sec-- Loss:0.01 -- Error1:0.10
Phase:train -- Batch_idx:200/782 -- 2302.59 samples/sec-- Loss:0.01 -- Error1:0.12
Phase:train -- Batch_idx:300/782 -- 2327.73 samples/sec-- Loss:0.01 -- Error1:0.13
Phase:train -- Batch_idx:400/782 -- 2344.94 samples/sec-- Loss:0.01 -- Error1:0.14
Phase:train -- Batch_idx:500/782 -- 2373.09 samples/sec-- Loss:0.01 -- Error1:0.13
Phase:train -- Batch_idx:600/782 -- 2388.19 samples/sec-- Loss:0.01 -- Error1:0.14
Phase:train -- Batch_idx:700/782 -- 2393.62 samples/sec-- Loss:0.01 -- Error1:0.15
Train_Loss = 0.014730738667845727, Train_Err = 0.147
Val_Loss = 3.277440630340576, Val_Err = 58.31
Epoch: [55 | 100]
Phase:train -- Batch_idx:100/782 -- 2131.66 samples/sec-- Loss:0.01 -- Error1:0.14
Phase:train -- Batch_idx:200/782 -- 2222.45 samples/sec-- Loss:0.01 -- Error1:0.14
Phase:train -- Batch_idx:300/782 -- 2259.77 samples/sec-- Loss:0.01 -- Error1:0.13
Phase:train -- Batch_idx:400/782 -- 2272.56 samples/sec-- Loss:0.01 -- Error1:0.12
Phase:train -- Batch_idx:500/782 -- 2283.89 samples/sec-- Loss:0.01 -- Error1:0.14
Phase:train -- Batch_idx:600/782 -- 2293.66 samples/sec-- Loss:0.01 -- Error1:0.14
Phase:train -- Batch_idx:700/782 -- 2306.51 samples/sec-- Loss:0.01 -- Error1:0.15
Train_Loss = 0.014989596876502037, Train_Err = 0.149
Val_Loss = 3.278310037994385, Val_Err = 58.41
Epoch: [56 | 100]
Phase:train -- Batch_idx:100/782 -- 2326.11 samples/sec-- Loss:0.01 -- Error1:0.16
Phase:train -- Batch_idx:200/782 -- 2302.55 samples/sec-- Loss:0.02 -- Error1:0.19
Phase:train -- Batch_idx:300/782 -- 2297.44 samples/sec-- Loss:0.01 -- Error1:0.16
Phase:train -- Batch_idx:400/782 -- 2306.22 samples/sec-- Loss:0.01 -- Error1:0.16
Phase:train -- Batch_idx:500/782 -- 2307.42 samples/sec-- Loss:0.01 -- Error1:0.17
Phase:train -- Batch_idx:600/782 -- 2306.89 samples/sec-- Loss:0.01 -- Error1:0.16
Phase:train -- Batch_idx:700/782 -- 2297.26 samples/sec-- Loss:0.01 -- Error1:0.17
Train_Loss = 0.014843280258774757, Train_Err = 0.171
Val_Loss = 3.2575984397888185, Val_Err = 58.42
Epoch: [57 | 100]
Phase:train -- Batch_idx:100/782 -- 2130.32 samples/sec-- Loss:0.01 -- Error1:0.15
Phase:train -- Batch_idx:200/782 -- 2263.97 samples/sec-- Loss:0.01 -- Error1:0.14
Phase:train -- Batch_idx:300/782 -- 2272.24 samples/sec-- Loss:0.01 -- Error1:0.16
Phase:train -- Batch_idx:400/782 -- 2259.89 samples/sec-- Loss:0.01 -- Error1:0.16
Phase:train -- Batch_idx:500/782 -- 2261.43 samples/sec-- Loss:0.01 -- Error1:0.16
Phase:train -- Batch_idx:600/782 -- 2263.95 samples/sec-- Loss:0.01 -- Error1:0.16
Phase:train -- Batch_idx:700/782 -- 2272.15 samples/sec-- Loss:0.01 -- Error1:0.15
Train_Loss = 0.014694095637202262, Train_Err = 0.154
Val_Loss = 3.25541565246582, Val_Err = 58.17
Epoch: [58 | 100]
Phase:train -- Batch_idx:100/782 -- 2147.98 samples/sec-- Loss:0.01 -- Error1:0.17
Phase:train -- Batch_idx:200/782 -- 2289.12 samples/sec-- Loss:0.01 -- Error1:0.17
Phase:train -- Batch_idx:300/782 -- 2314.69 samples/sec-- Loss:0.01 -- Error1:0.15
Phase:train -- Batch_idx:400/782 -- 2301.90 samples/sec-- Loss:0.01 -- Error1:0.16
Phase:train -- Batch_idx:500/782 -- 2291.11 samples/sec-- Loss:0.01 -- Error1:0.15
Phase:train -- Batch_idx:600/782 -- 2292.65 samples/sec-- Loss:0.01 -- Error1:0.16
Phase:train -- Batch_idx:700/782 -- 2304.66 samples/sec-- Loss:0.01 -- Error1:0.16
Train_Loss = 0.014383319972157478, Train_Err = 0.158
Val_Loss = 3.250971725463867, Val_Err = 57.95
Epoch: [59 | 100]
Phase:train -- Batch_idx:100/782 -- 2099.40 samples/sec-- Loss:0.01 -- Error1:0.18
Phase:train -- Batch_idx:200/782 -- 2192.05 samples/sec-- Loss:0.01 -- Error1:0.14
Phase:train -- Batch_idx:300/782 -- 2220.91 samples/sec-- Loss:0.01 -- Error1:0.13
Phase:train -- Batch_idx:400/782 -- 2245.62 samples/sec-- Loss:0.01 -- Error1:0.13
Phase:train -- Batch_idx:500/782 -- 2262.54 samples/sec-- Loss:0.01 -- Error1:0.13
Phase:train -- Batch_idx:600/782 -- 2269.55 samples/sec-- Loss:0.01 -- Error1:0.13
Phase:train -- Batch_idx:700/782 -- 2275.85 samples/sec-- Loss:0.01 -- Error1:0.14
Train_Loss = 0.014033064950704575, Train_Err = 0.141
Val_Loss = 3.2387173110961913, Val_Err = 58.19
Epoch: [60 | 100]
Phase:train -- Batch_idx:100/782 -- 2343.24 samples/sec-- Loss:0.01 -- Error1:0.14
Phase:train -- Batch_idx:200/782 -- 2405.22 samples/sec-- Loss:0.01 -- Error1:0.12
Phase:train -- Batch_idx:300/782 -- 2372.59 samples/sec-- Loss:0.01 -- Error1:0.11
Phase:train -- Batch_idx:400/782 -- 2343.31 samples/sec-- Loss:0.01 -- Error1:0.12
Phase:train -- Batch_idx:500/782 -- 2330.07 samples/sec-- Loss:0.01 -- Error1:0.12
Phase:train -- Batch_idx:600/782 -- 2320.58 samples/sec-- Loss:0.01 -- Error1:0.13
Phase:train -- Batch_idx:700/782 -- 2314.33 samples/sec-- Loss:0.01 -- Error1:0.13
Train_Loss = 0.013580991712212562, Train_Err = 0.137
Val_Loss = 3.247880368804932, Val_Err = 58.29
Epoch: [61 | 100]
Phase:train -- Batch_idx:100/782 -- 2315.93 samples/sec-- Loss:0.01 -- Error1:0.18
Phase:train -- Batch_idx:200/782 -- 2336.12 samples/sec-- Loss:0.01 -- Error1:0.14
Phase:train -- Batch_idx:300/782 -- 2312.43 samples/sec-- Loss:0.01 -- Error1:0.14
Phase:train -- Batch_idx:400/782 -- 2299.36 samples/sec-- Loss:0.01 -- Error1:0.14
Phase:train -- Batch_idx:500/782 -- 2295.45 samples/sec-- Loss:0.01 -- Error1:0.13
Phase:train -- Batch_idx:600/782 -- 2292.50 samples/sec-- Loss:0.01 -- Error1:0.13
Phase:train -- Batch_idx:700/782 -- 2294.36 samples/sec-- Loss:0.01 -- Error1:0.13
Train_Loss = 0.012908336588144302, Train_Err = 0.136
Val_Loss = 3.23126104888916, Val_Err = 58.21
Epoch: [62 | 100]
Phase:train -- Batch_idx:100/782 -- 2308.75 samples/sec-- Loss:0.01 -- Error1:0.10
Phase:train -- Batch_idx:200/782 -- 2351.32 samples/sec-- Loss:0.01 -- Error1:0.11
Phase:train -- Batch_idx:300/782 -- 2329.43 samples/sec-- Loss:0.01 -- Error1:0.10
Phase:train -- Batch_idx:400/782 -- 2312.26 samples/sec-- Loss:0.01 -- Error1:0.10
Phase:train -- Batch_idx:500/782 -- 2302.89 samples/sec-- Loss:0.01 -- Error1:0.11
Phase:train -- Batch_idx:600/782 -- 2301.40 samples/sec-- Loss:0.01 -- Error1:0.12
Phase:train -- Batch_idx:700/782 -- 2297.89 samples/sec-- Loss:0.01 -- Error1:0.11
Train_Loss = 0.012724410497546195, Train_Err = 0.117
Val_Loss = 3.228379988861084, Val_Err = 58.29
Epoch: [63 | 100]
Phase:train -- Batch_idx:100/782 -- 2121.63 samples/sec-- Loss:0.01 -- Error1:0.16
Phase:train -- Batch_idx:200/782 -- 2185.37 samples/sec-- Loss:0.01 -- Error1:0.14
Phase:train -- Batch_idx:300/782 -- 2204.80 samples/sec-- Loss:0.01 -- Error1:0.16
Phase:train -- Batch_idx:400/782 -- 2215.89 samples/sec-- Loss:0.01 -- Error1:0.16
Phase:train -- Batch_idx:500/782 -- 2212.96 samples/sec-- Loss:0.01 -- Error1:0.15
Phase:train -- Batch_idx:600/782 -- 2237.33 samples/sec-- Loss:0.01 -- Error1:0.15
Phase:train -- Batch_idx:700/782 -- 2259.37 samples/sec-- Loss:0.01 -- Error1:0.15
Train_Loss = 0.013021184225678445, Train_Err = 0.146
Val_Loss = 3.240074668884277, Val_Err = 58.13
Epoch: [64 | 100]
Phase:train -- Batch_idx:100/782 -- 2113.19 samples/sec-- Loss:0.01 -- Error1:0.09
Phase:train -- Batch_idx:200/782 -- 2198.79 samples/sec-- Loss:0.01 -- Error1:0.12
Phase:train -- Batch_idx:300/782 -- 2216.82 samples/sec-- Loss:0.01 -- Error1:0.13
Phase:train -- Batch_idx:400/782 -- 2216.57 samples/sec-- Loss:0.01 -- Error1:0.13
Phase:train -- Batch_idx:500/782 -- 2216.31 samples/sec-- Loss:0.01 -- Error1:0.12
Phase:train -- Batch_idx:600/782 -- 2239.49 samples/sec-- Loss:0.01 -- Error1:0.12
Phase:train -- Batch_idx:700/782 -- 2254.91 samples/sec-- Loss:0.01 -- Error1:0.12
Train_Loss = 0.012690972700119018, Train_Err = 0.116
Val_Loss = 3.2362024841308594, Val_Err = 57.95
Epoch: [65 | 100]
Phase:train -- Batch_idx:100/782 -- 2084.23 samples/sec-- Loss:0.01 -- Error1:0.13
Phase:train -- Batch_idx:200/782 -- 2167.07 samples/sec-- Loss:0.01 -- Error1:0.16
Phase:train -- Batch_idx:300/782 -- 2186.75 samples/sec-- Loss:0.01 -- Error1:0.15
Phase:train -- Batch_idx:400/782 -- 2204.76 samples/sec-- Loss:0.01 -- Error1:0.14
Phase:train -- Batch_idx:500/782 -- 2211.03 samples/sec-- Loss:0.01 -- Error1:0.13
Phase:train -- Batch_idx:600/782 -- 2222.70 samples/sec-- Loss:0.01 -- Error1:0.13
Phase:train -- Batch_idx:700/782 -- 2235.68 samples/sec-- Loss:0.01 -- Error1:0.13
Train_Loss = 0.012781164295077323, Train_Err = 0.128
Val_Loss = 3.227493975830078, Val_Err = 58.09
Epoch: [66 | 100]
Phase:train -- Batch_idx:100/782 -- 2372.06 samples/sec-- Loss:0.01 -- Error1:0.09
Phase:train -- Batch_idx:200/782 -- 2350.90 samples/sec-- Loss:0.01 -- Error1:0.12
Phase:train -- Batch_idx:300/782 -- 2316.84 samples/sec-- Loss:0.01 -- Error1:0.11
Phase:train -- Batch_idx:400/782 -- 2296.75 samples/sec-- Loss:0.01 -- Error1:0.12
Phase:train -- Batch_idx:500/782 -- 2281.42 samples/sec-- Loss:0.01 -- Error1:0.13
Phase:train -- Batch_idx:600/782 -- 2278.40 samples/sec-- Loss:0.01 -- Error1:0.12
Phase:train -- Batch_idx:700/782 -- 2275.41 samples/sec-- Loss:0.01 -- Error1:0.12
Train_Loss = 0.012774751995205879, Train_Err = 0.125
Val_Loss = 3.239552124786377, Val_Err = 58.25
Epoch: [67 | 100]
Phase:train -- Batch_idx:100/782 -- 2119.42 samples/sec-- Loss:0.01 -- Error1:0.14
Phase:train -- Batch_idx:200/782 -- 2216.74 samples/sec-- Loss:0.01 -- Error1:0.15
Phase:train -- Batch_idx:300/782 -- 2250.96 samples/sec-- Loss:0.01 -- Error1:0.14
Phase:train -- Batch_idx:400/782 -- 2250.58 samples/sec-- Loss:0.01 -- Error1:0.13
Phase:train -- Batch_idx:500/782 -- 2251.06 samples/sec-- Loss:0.01 -- Error1:0.13
Phase:train -- Batch_idx:600/782 -- 2248.79 samples/sec-- Loss:0.01 -- Error1:0.14
Phase:train -- Batch_idx:700/782 -- 2250.89 samples/sec-- Loss:0.01 -- Error1:0.14
Train_Loss = 0.012757308483719827, Train_Err = 0.129
Val_Loss = 3.2396479301452636, Val_Err = 58.14
Epoch: [68 | 100]
Phase:train -- Batch_idx:100/782 -- 2156.97 samples/sec-- Loss:0.01 -- Error1:0.13
Phase:train -- Batch_idx:200/782 -- 2221.70 samples/sec-- Loss:0.01 -- Error1:0.13
Phase:train -- Batch_idx:300/782 -- 2258.39 samples/sec-- Loss:0.01 -- Error1:0.14
Phase:train -- Batch_idx:400/782 -- 2297.38 samples/sec-- Loss:0.01 -- Error1:0.12
Phase:train -- Batch_idx:500/782 -- 2301.42 samples/sec-- Loss:0.01 -- Error1:0.12
Phase:train -- Batch_idx:600/782 -- 2296.65 samples/sec-- Loss:0.01 -- Error1:0.12
Phase:train -- Batch_idx:700/782 -- 2305.97 samples/sec-- Loss:0.01 -- Error1:0.11
Train_Loss = 0.01238655626475811, Train_Err = 0.106
Val_Loss = 3.2379201919555665, Val_Err = 58.06
Epoch: [69 | 100]
Phase:train -- Batch_idx:100/782 -- 2148.47 samples/sec-- Loss:0.01 -- Error1:0.12
Phase:train -- Batch_idx:200/782 -- 2204.71 samples/sec-- Loss:0.01 -- Error1:0.09
Phase:train -- Batch_idx:300/782 -- 2240.16 samples/sec-- Loss:0.01 -- Error1:0.11
Phase:train -- Batch_idx:400/782 -- 2263.33 samples/sec-- Loss:0.01 -- Error1:0.12
Phase:train -- Batch_idx:500/782 -- 2276.50 samples/sec-- Loss:0.01 -- Error1:0.12
Phase:train -- Batch_idx:600/782 -- 2282.84 samples/sec-- Loss:0.01 -- Error1:0.12
Phase:train -- Batch_idx:700/782 -- 2292.81 samples/sec-- Loss:0.01 -- Error1:0.12
Train_Loss = 0.012527083819508553, Train_Err = 0.121
Val_Loss = 3.2393845077514647, Val_Err = 58.11
Epoch: [70 | 100]
Phase:train -- Batch_idx:100/782 -- 2108.15 samples/sec-- Loss:0.01 -- Error1:0.16
Phase:train -- Batch_idx:200/782 -- 2188.28 samples/sec-- Loss:0.01 -- Error1:0.13
Phase:train -- Batch_idx:300/782 -- 2221.03 samples/sec-- Loss:0.01 -- Error1:0.12
Phase:train -- Batch_idx:400/782 -- 2235.23 samples/sec-- Loss:0.01 -- Error1:0.12
Phase:train -- Batch_idx:500/782 -- 2250.33 samples/sec-- Loss:0.01 -- Error1:0.12
Phase:train -- Batch_idx:600/782 -- 2264.88 samples/sec-- Loss:0.01 -- Error1:0.11
Phase:train -- Batch_idx:700/782 -- 2273.25 samples/sec-- Loss:0.01 -- Error1:0.11
Train_Loss = 0.012630241231918336, Train_Err = 0.117
Val_Loss = 3.2421789001464845, Val_Err = 58.07
Epoch: [71 | 100]
Phase:train -- Batch_idx:100/782 -- 2275.17 samples/sec-- Loss:0.01 -- Error1:0.12
Phase:train -- Batch_idx:200/782 -- 2323.26 samples/sec-- Loss:0.01 -- Error1:0.10
Phase:train -- Batch_idx:300/782 -- 2328.35 samples/sec-- Loss:0.01 -- Error1:0.09
Phase:train -- Batch_idx:400/782 -- 2304.98 samples/sec-- Loss:0.01 -- Error1:0.09
Phase:train -- Batch_idx:500/782 -- 2294.19 samples/sec-- Loss:0.01 -- Error1:0.10
Phase:train -- Batch_idx:600/782 -- 2293.67 samples/sec-- Loss:0.01 -- Error1:0.10
Phase:train -- Batch_idx:700/782 -- 2293.49 samples/sec-- Loss:0.01 -- Error1:0.10
Train_Loss = 0.012351755225658416, Train_Err = 0.103
Val_Loss = 3.245479906463623, Val_Err = 58.22
Epoch: [72 | 100]
Phase:train -- Batch_idx:100/782 -- 2154.49 samples/sec-- Loss:0.01 -- Error1:0.11
Phase:train -- Batch_idx:200/782 -- 2217.48 samples/sec-- Loss:0.01 -- Error1:0.10
Phase:train -- Batch_idx:300/782 -- 2240.47 samples/sec-- Loss:0.01 -- Error1:0.10
Phase:train -- Batch_idx:400/782 -- 2250.70 samples/sec-- Loss:0.01 -- Error1:0.11
Phase:train -- Batch_idx:500/782 -- 2259.88 samples/sec-- Loss:0.01 -- Error1:0.11
Phase:train -- Batch_idx:600/782 -- 2262.48 samples/sec-- Loss:0.01 -- Error1:0.10
Phase:train -- Batch_idx:700/782 -- 2269.96 samples/sec-- Loss:0.01 -- Error1:0.11
Train_Loss = 0.012158865391016006, Train_Err = 0.109
Val_Loss = 3.243177257537842, Val_Err = 58.08
Epoch: [73 | 100]
Phase:train -- Batch_idx:100/782 -- 2163.11 samples/sec-- Loss:0.01 -- Error1:0.10
Phase:train -- Batch_idx:200/782 -- 2235.81 samples/sec-- Loss:0.01 -- Error1:0.09
Phase:train -- Batch_idx:300/782 -- 2213.57 samples/sec-- Loss:0.01 -- Error1:0.11
Phase:train -- Batch_idx:400/782 -- 2209.66 samples/sec-- Loss:0.01 -- Error1:0.11
Phase:train -- Batch_idx:500/782 -- 2229.41 samples/sec-- Loss:0.01 -- Error1:0.11
Phase:train -- Batch_idx:600/782 -- 2246.91 samples/sec-- Loss:0.01 -- Error1:0.11
Phase:train -- Batch_idx:700/782 -- 2255.56 samples/sec-- Loss:0.01 -- Error1:0.12
Train_Loss = 0.012429554423093795, Train_Err = 0.114
Val_Loss = 3.2498771385192873, Val_Err = 58.18
Epoch: [74 | 100]
Phase:train -- Batch_idx:100/782 -- 2144.22 samples/sec-- Loss:0.01 -- Error1:0.13
Phase:train -- Batch_idx:200/782 -- 2206.07 samples/sec-- Loss:0.01 -- Error1:0.12
Phase:train -- Batch_idx:300/782 -- 2227.89 samples/sec-- Loss:0.01 -- Error1:0.11
Phase:train -- Batch_idx:400/782 -- 2238.55 samples/sec-- Loss:0.01 -- Error1:0.11
Phase:train -- Batch_idx:500/782 -- 2251.23 samples/sec-- Loss:0.01 -- Error1:0.11
Phase:train -- Batch_idx:600/782 -- 2256.07 samples/sec-- Loss:0.01 -- Error1:0.10
Phase:train -- Batch_idx:700/782 -- 2264.17 samples/sec-- Loss:0.01 -- Error1:0.10
Train_Loss = 0.01212418397307396, Train_Err = 0.107
Val_Loss = 3.2380254859924316, Val_Err = 57.88
Epoch: [75 | 100]
Phase:train -- Batch_idx:100/782 -- 2229.78 samples/sec-- Loss:0.01 -- Error1:0.10
Phase:train -- Batch_idx:200/782 -- 2273.54 samples/sec-- Loss:0.01 -- Error1:0.11
Phase:train -- Batch_idx:300/782 -- 2279.81 samples/sec-- Loss:0.01 -- Error1:0.11
Phase:train -- Batch_idx:400/782 -- 2284.76 samples/sec-- Loss:0.01 -- Error1:0.11
Phase:train -- Batch_idx:500/782 -- 2288.08 samples/sec-- Loss:0.01 -- Error1:0.11
Phase:train -- Batch_idx:600/782 -- 2289.32 samples/sec-- Loss:0.01 -- Error1:0.10
Phase:train -- Batch_idx:700/782 -- 2285.74 samples/sec-- Loss:0.01 -- Error1:0.11
Train_Loss = 0.012065235742330552, Train_Err = 0.112
Val_Loss = 3.2284853591918945, Val_Err = 58.03
Epoch: [76 | 100]
Phase:train -- Batch_idx:100/782 -- 2251.31 samples/sec-- Loss:0.01 -- Error1:0.13
Phase:train -- Batch_idx:200/782 -- 2284.33 samples/sec-- Loss:0.01 -- Error1:0.12
Phase:train -- Batch_idx:300/782 -- 2280.20 samples/sec-- Loss:0.01 -- Error1:0.13
Phase:train -- Batch_idx:400/782 -- 2277.70 samples/sec-- Loss:0.01 -- Error1:0.11
Phase:train -- Batch_idx:500/782 -- 2276.24 samples/sec-- Loss:0.01 -- Error1:0.10
Phase:train -- Batch_idx:600/782 -- 2276.02 samples/sec-- Loss:0.01 -- Error1:0.10
Phase:train -- Batch_idx:700/782 -- 2274.51 samples/sec-- Loss:0.01 -- Error1:0.11
Train_Loss = 0.01219533895611763, Train_Err = 0.11
Val_Loss = 3.2248563148498537, Val_Err = 58.33
Epoch: [77 | 100]
Phase:train -- Batch_idx:100/782 -- 2185.49 samples/sec-- Loss:0.01 -- Error1:0.07
Phase:train -- Batch_idx:200/782 -- 2238.43 samples/sec-- Loss:0.01 -- Error1:0.09
Phase:train -- Batch_idx:300/782 -- 2253.23 samples/sec-- Loss:0.01 -- Error1:0.10
Phase:train -- Batch_idx:400/782 -- 2259.76 samples/sec-- Loss:0.01 -- Error1:0.10
Phase:train -- Batch_idx:500/782 -- 2260.30 samples/sec-- Loss:0.01 -- Error1:0.10
Phase:train -- Batch_idx:600/782 -- 2259.64 samples/sec-- Loss:0.01 -- Error1:0.10
Phase:train -- Batch_idx:700/782 -- 2258.49 samples/sec-- Loss:0.01 -- Error1:0.11
Train_Loss = 0.012127363304495811, Train_Err = 0.106
Val_Loss = 3.229848454284668, Val_Err = 58.09
Epoch: [78 | 100]
Phase:train -- Batch_idx:100/782 -- 2201.01 samples/sec-- Loss:0.01 -- Error1:0.12
Phase:train -- Batch_idx:200/782 -- 2234.31 samples/sec-- Loss:0.01 -- Error1:0.09
Phase:train -- Batch_idx:300/782 -- 2247.15 samples/sec-- Loss:0.01 -- Error1:0.10
Phase:train -- Batch_idx:400/782 -- 2254.46 samples/sec-- Loss:0.01 -- Error1:0.09
Phase:train -- Batch_idx:500/782 -- 2258.06 samples/sec-- Loss:0.01 -- Error1:0.09
Phase:train -- Batch_idx:600/782 -- 2261.53 samples/sec-- Loss:0.01 -- Error1:0.10
Phase:train -- Batch_idx:700/782 -- 2262.96 samples/sec-- Loss:0.01 -- Error1:0.09
Train_Loss = 0.011914498250484467, Train_Err = 0.101
Val_Loss = 3.2202813064575193, Val_Err = 58.07
Epoch: [79 | 100]
Phase:train -- Batch_idx:100/782 -- 2154.56 samples/sec-- Loss:0.01 -- Error1:0.14
Phase:train -- Batch_idx:200/782 -- 2213.09 samples/sec-- Loss:0.01 -- Error1:0.15
Phase:train -- Batch_idx:300/782 -- 2232.99 samples/sec-- Loss:0.01 -- Error1:0.12
Phase:train -- Batch_idx:400/782 -- 2241.95 samples/sec-- Loss:0.01 -- Error1:0.13
Phase:train -- Batch_idx:500/782 -- 2246.79 samples/sec-- Loss:0.01 -- Error1:0.13
Phase:train -- Batch_idx:600/782 -- 2250.28 samples/sec-- Loss:0.01 -- Error1:0.13
Phase:train -- Batch_idx:700/782 -- 2249.49 samples/sec-- Loss:0.01 -- Error1:0.12
Train_Loss = 0.012406192651987075, Train_Err = 0.125
Val_Loss = 3.225060884857178, Val_Err = 58.19
Epoch: [80 | 100]
Phase:train -- Batch_idx:100/782 -- 2253.02 samples/sec-- Loss:0.01 -- Error1:0.09
Phase:train -- Batch_idx:200/782 -- 2307.34 samples/sec-- Loss:0.01 -- Error1:0.11
Phase:train -- Batch_idx:300/782 -- 2287.00 samples/sec-- Loss:0.01 -- Error1:0.09
Phase:train -- Batch_idx:400/782 -- 2282.45 samples/sec-- Loss:0.01 -- Error1:0.08
Phase:train -- Batch_idx:500/782 -- 2297.25 samples/sec-- Loss:0.01 -- Error1:0.09
Phase:train -- Batch_idx:600/782 -- 2293.17 samples/sec-- Loss:0.01 -- Error1:0.09
Phase:train -- Batch_idx:700/782 -- 2284.67 samples/sec-- Loss:0.01 -- Error1:0.09
Train_Loss = 0.012000207242369651, Train_Err = 0.094
Val_Loss = 3.227030098724365, Val_Err = 58.27
Epoch: [81 | 100]
Phase:train -- Batch_idx:100/782 -- 2150.68 samples/sec-- Loss:0.01 -- Error1:0.09
Phase:train -- Batch_idx:200/782 -- 2205.00 samples/sec-- Loss:0.01 -- Error1:0.11
Phase:train -- Batch_idx:300/782 -- 2217.64 samples/sec-- Loss:0.01 -- Error1:0.11
Phase:train -- Batch_idx:400/782 -- 2225.76 samples/sec-- Loss:0.01 -- Error1:0.11
Phase:train -- Batch_idx:500/782 -- 2238.35 samples/sec-- Loss:0.01 -- Error1:0.11
Phase:train -- Batch_idx:600/782 -- 2243.86 samples/sec-- Loss:0.01 -- Error1:0.11
Phase:train -- Batch_idx:700/782 -- 2241.89 samples/sec-- Loss:0.01 -- Error1:0.11
Train_Loss = 0.012081127108335496, Train_Err = 0.112
Val_Loss = 3.228929360961914, Val_Err = 58.28
Epoch: [82 | 100]
Phase:train -- Batch_idx:100/782 -- 2336.91 samples/sec-- Loss:0.01 -- Error1:0.10
Phase:train -- Batch_idx:200/782 -- 2355.40 samples/sec-- Loss:0.01 -- Error1:0.10
Phase:train -- Batch_idx:300/782 -- 2320.55 samples/sec-- Loss:0.01 -- Error1:0.11
Phase:train -- Batch_idx:400/782 -- 2302.56 samples/sec-- Loss:0.01 -- Error1:0.10
Phase:train -- Batch_idx:500/782 -- 2297.91 samples/sec-- Loss:0.01 -- Error1:0.10
Phase:train -- Batch_idx:600/782 -- 2292.24 samples/sec-- Loss:0.01 -- Error1:0.10
Phase:train -- Batch_idx:700/782 -- 2283.57 samples/sec-- Loss:0.01 -- Error1:0.10
Train_Loss = 0.012124324204921723, Train_Err = 0.11
Val_Loss = 3.2222875579833983, Val_Err = 58.09
Epoch: [83 | 100]
Phase:train -- Batch_idx:100/782 -- 2121.50 samples/sec-- Loss:0.01 -- Error1:0.12
Phase:train -- Batch_idx:200/782 -- 2194.40 samples/sec-- Loss:0.01 -- Error1:0.12
Phase:train -- Batch_idx:300/782 -- 2224.51 samples/sec-- Loss:0.01 -- Error1:0.11
Phase:train -- Batch_idx:400/782 -- 2235.28 samples/sec-- Loss:0.01 -- Error1:0.12
Phase:train -- Batch_idx:500/782 -- 2242.55 samples/sec-- Loss:0.01 -- Error1:0.11
Phase:train -- Batch_idx:600/782 -- 2244.39 samples/sec-- Loss:0.01 -- Error1:0.11
Phase:train -- Batch_idx:700/782 -- 2246.94 samples/sec-- Loss:0.01 -- Error1:0.10
Train_Loss = 0.012054414424300193, Train_Err = 0.102
Val_Loss = 3.2275960136413575, Val_Err = 57.96
Epoch: [84 | 100]
Phase:train -- Batch_idx:100/782 -- 2142.02 samples/sec-- Loss:0.01 -- Error1:0.09
Phase:train -- Batch_idx:200/782 -- 2197.95 samples/sec-- Loss:0.01 -- Error1:0.08
Phase:train -- Batch_idx:300/782 -- 2216.65 samples/sec-- Loss:0.01 -- Error1:0.07
Phase:train -- Batch_idx:400/782 -- 2227.87 samples/sec-- Loss:0.01 -- Error1:0.08
Phase:train -- Batch_idx:500/782 -- 2231.41 samples/sec-- Loss:0.01 -- Error1:0.09
Phase:train -- Batch_idx:600/782 -- 2237.56 samples/sec-- Loss:0.01 -- Error1:0.10
Phase:train -- Batch_idx:700/782 -- 2238.04 samples/sec-- Loss:0.01 -- Error1:0.09
Train_Loss = 0.011708051529526711, Train_Err = 0.094
Val_Loss = 3.226511212158203, Val_Err = 58.2
Epoch: [85 | 100]
Phase:train -- Batch_idx:100/782 -- 2277.11 samples/sec-- Loss:0.01 -- Error1:0.12
Phase:train -- Batch_idx:200/782 -- 2291.06 samples/sec-- Loss:0.01 -- Error1:0.11
Phase:train -- Batch_idx:300/782 -- 2286.22 samples/sec-- Loss:0.01 -- Error1:0.10
Phase:train -- Batch_idx:400/782 -- 2286.99 samples/sec-- Loss:0.01 -- Error1:0.10
Phase:train -- Batch_idx:500/782 -- 2285.31 samples/sec-- Loss:0.01 -- Error1:0.10
Phase:train -- Batch_idx:600/782 -- 2282.63 samples/sec-- Loss:0.01 -- Error1:0.10
Phase:train -- Batch_idx:700/782 -- 2280.98 samples/sec-- Loss:0.01 -- Error1:0.10
Train_Loss = 0.012079800853729249, Train_Err = 0.106
Val_Loss = 3.217432424926758, Val_Err = 58.17
Epoch: [86 | 100]
Phase:train -- Batch_idx:100/782 -- 2156.85 samples/sec-- Loss:0.01 -- Error1:0.09
Phase:train -- Batch_idx:200/782 -- 2214.97 samples/sec-- Loss:0.01 -- Error1:0.11
Phase:train -- Batch_idx:300/782 -- 2235.26 samples/sec-- Loss:0.01 -- Error1:0.11
Phase:train -- Batch_idx:400/782 -- 2245.21 samples/sec-- Loss:0.01 -- Error1:0.11
Phase:train -- Batch_idx:500/782 -- 2250.98 samples/sec-- Loss:0.01 -- Error1:0.10
Phase:train -- Batch_idx:600/782 -- 2252.09 samples/sec-- Loss:0.01 -- Error1:0.10
Phase:train -- Batch_idx:700/782 -- 2252.91 samples/sec-- Loss:0.01 -- Error1:0.10
Train_Loss = 0.011901017881035805, Train_Err = 0.1
Val_Loss = 3.2313430938720704, Val_Err = 58.24
Epoch: [87 | 100]
Phase:train -- Batch_idx:100/782 -- 2293.66 samples/sec-- Loss:0.01 -- Error1:0.10
Phase:train -- Batch_idx:200/782 -- 2295.23 samples/sec-- Loss:0.01 -- Error1:0.10
Phase:train -- Batch_idx:300/782 -- 2289.59 samples/sec-- Loss:0.01 -- Error1:0.10
Phase:train -- Batch_idx:400/782 -- 2284.27 samples/sec-- Loss:0.01 -- Error1:0.09
Phase:train -- Batch_idx:500/782 -- 2281.76 samples/sec-- Loss:0.01 -- Error1:0.09
Phase:train -- Batch_idx:600/782 -- 2276.77 samples/sec-- Loss:0.01 -- Error1:0.10
Phase:train -- Batch_idx:700/782 -- 2274.13 samples/sec-- Loss:0.01 -- Error1:0.09
Train_Loss = 0.01155839440703392, Train_Err = 0.093
Val_Loss = 3.2270892784118654, Val_Err = 58.09
Epoch: [88 | 100]
Phase:train -- Batch_idx:100/782 -- 2289.00 samples/sec-- Loss:0.01 -- Error1:0.14
Phase:train -- Batch_idx:200/782 -- 2313.81 samples/sec-- Loss:0.01 -- Error1:0.11
Phase:train -- Batch_idx:300/782 -- 2299.87 samples/sec-- Loss:0.01 -- Error1:0.11
Phase:train -- Batch_idx:400/782 -- 2293.82 samples/sec-- Loss:0.01 -- Error1:0.12
Phase:train -- Batch_idx:500/782 -- 2282.93 samples/sec-- Loss:0.01 -- Error1:0.12
Phase:train -- Batch_idx:600/782 -- 2280.24 samples/sec-- Loss:0.01 -- Error1:0.12
Phase:train -- Batch_idx:700/782 -- 2280.23 samples/sec-- Loss:0.01 -- Error1:0.12
Train_Loss = 0.012184099125862121, Train_Err = 0.12
Val_Loss = 3.2229985313415526, Val_Err = 58.16
Epoch: [89 | 100]
Phase:train -- Batch_idx:100/782 -- 2294.54 samples/sec-- Loss:0.01 -- Error1:0.07
Phase:train -- Batch_idx:200/782 -- 2335.61 samples/sec-- Loss:0.01 -- Error1:0.07
Phase:train -- Batch_idx:300/782 -- 2312.46 samples/sec-- Loss:0.01 -- Error1:0.07
Phase:train -- Batch_idx:400/782 -- 2302.67 samples/sec-- Loss:0.01 -- Error1:0.08
Phase:train -- Batch_idx:500/782 -- 2300.36 samples/sec-- Loss:0.01 -- Error1:0.09
Phase:train -- Batch_idx:600/782 -- 2307.58 samples/sec-- Loss:0.01 -- Error1:0.10
Phase:train -- Batch_idx:700/782 -- 2303.43 samples/sec-- Loss:0.01 -- Error1:0.09
Train_Loss = 0.011660133224725724, Train_Err = 0.094
Val_Loss = 3.217425562286377, Val_Err = 57.9
Epoch: [90 | 100]
Phase:train -- Batch_idx:100/782 -- 2156.41 samples/sec-- Loss:0.01 -- Error1:0.08
Phase:train -- Batch_idx:200/782 -- 2214.69 samples/sec-- Loss:0.01 -- Error1:0.09
Phase:train -- Batch_idx:300/782 -- 2230.83 samples/sec-- Loss:0.01 -- Error1:0.09
Phase:train -- Batch_idx:400/782 -- 2245.88 samples/sec-- Loss:0.01 -- Error1:0.09
Phase:train -- Batch_idx:500/782 -- 2272.57 samples/sec-- Loss:0.01 -- Error1:0.08
Phase:train -- Batch_idx:600/782 -- 2291.71 samples/sec-- Loss:0.01 -- Error1:0.08
Phase:train -- Batch_idx:700/782 -- 2293.50 samples/sec-- Loss:0.01 -- Error1:0.09
Train_Loss = 0.011438796087503433, Train_Err = 0.089
Val_Loss = 3.2296257583618164, Val_Err = 58.22
Epoch: [91 | 100]
Phase:train -- Batch_idx:100/782 -- 2101.30 samples/sec-- Loss:0.01 -- Error1:0.15
Phase:train -- Batch_idx:200/782 -- 2189.57 samples/sec-- Loss:0.01 -- Error1:0.12
Phase:train -- Batch_idx:300/782 -- 2229.06 samples/sec-- Loss:0.01 -- Error1:0.11
Phase:train -- Batch_idx:400/782 -- 2241.05 samples/sec-- Loss:0.01 -- Error1:0.11
Phase:train -- Batch_idx:500/782 -- 2249.30 samples/sec-- Loss:0.01 -- Error1:0.10
Phase:train -- Batch_idx:600/782 -- 2257.24 samples/sec-- Loss:0.01 -- Error1:0.10
Phase:train -- Batch_idx:700/782 -- 2261.89 samples/sec-- Loss:0.01 -- Error1:0.10
Train_Loss = 0.011724374127388, Train_Err = 0.098
Val_Loss = 3.2221551345825197, Val_Err = 58.19
Epoch: [92 | 100]
Phase:train -- Batch_idx:100/782 -- 2237.89 samples/sec-- Loss:0.01 -- Error1:0.09
Phase:train -- Batch_idx:200/782 -- 2274.13 samples/sec-- Loss:0.01 -- Error1:0.07
Phase:train -- Batch_idx:300/782 -- 2271.78 samples/sec-- Loss:0.01 -- Error1:0.07
Phase:train -- Batch_idx:400/782 -- 2271.35 samples/sec-- Loss:0.01 -- Error1:0.07
Phase:train -- Batch_idx:500/782 -- 2273.47 samples/sec-- Loss:0.01 -- Error1:0.08
Phase:train -- Batch_idx:600/782 -- 2275.46 samples/sec-- Loss:0.01 -- Error1:0.08
Phase:train -- Batch_idx:700/782 -- 2276.75 samples/sec-- Loss:0.01 -- Error1:0.09
Train_Loss = 0.011656510180234909, Train_Err = 0.094
Val_Loss = 3.218779386138916, Val_Err = 58.4
Epoch: [93 | 100]
Phase:train -- Batch_idx:100/782 -- 2102.21 samples/sec-- Loss:0.01 -- Error1:0.11
Phase:train -- Batch_idx:200/782 -- 2183.55 samples/sec-- Loss:0.01 -- Error1:0.10
Phase:train -- Batch_idx:300/782 -- 2216.12 samples/sec-- Loss:0.01 -- Error1:0.11
Phase:train -- Batch_idx:400/782 -- 2231.40 samples/sec-- Loss:0.01 -- Error1:0.11
Phase:train -- Batch_idx:500/782 -- 2242.33 samples/sec-- Loss:0.01 -- Error1:0.11
Phase:train -- Batch_idx:600/782 -- 2249.34 samples/sec-- Loss:0.01 -- Error1:0.11
Phase:train -- Batch_idx:700/782 -- 2254.39 samples/sec-- Loss:0.01 -- Error1:0.11
Train_Loss = 0.011947756318449973, Train_Err = 0.11
Val_Loss = 3.2219243682861327, Val_Err = 58.14
Epoch: [94 | 100]
Phase:train -- Batch_idx:100/782 -- 2267.75 samples/sec-- Loss:0.01 -- Error1:0.12
Phase:train -- Batch_idx:200/782 -- 2303.57 samples/sec-- Loss:0.01 -- Error1:0.09
Phase:train -- Batch_idx:300/782 -- 2284.50 samples/sec-- Loss:0.01 -- Error1:0.09
Phase:train -- Batch_idx:400/782 -- 2284.95 samples/sec-- Loss:0.01 -- Error1:0.09
Phase:train -- Batch_idx:500/782 -- 2284.30 samples/sec-- Loss:0.01 -- Error1:0.08
Phase:train -- Batch_idx:600/782 -- 2283.52 samples/sec-- Loss:0.01 -- Error1:0.08
Phase:train -- Batch_idx:700/782 -- 2282.66 samples/sec-- Loss:0.01 -- Error1:0.08
Train_Loss = 0.011454074366092682, Train_Err = 0.088
Val_Loss = 3.223377536010742, Val_Err = 57.96
Epoch: [95 | 100]
Phase:train -- Batch_idx:100/782 -- 2085.78 samples/sec-- Loss:0.01 -- Error1:0.09
Phase:train -- Batch_idx:200/782 -- 2168.67 samples/sec-- Loss:0.01 -- Error1:0.09
Phase:train -- Batch_idx:300/782 -- 2202.61 samples/sec-- Loss:0.01 -- Error1:0.10
Phase:train -- Batch_idx:400/782 -- 2219.51 samples/sec-- Loss:0.01 -- Error1:0.10
Phase:train -- Batch_idx:500/782 -- 2233.02 samples/sec-- Loss:0.01 -- Error1:0.10
Phase:train -- Batch_idx:600/782 -- 2239.98 samples/sec-- Loss:0.01 -- Error1:0.10
Phase:train -- Batch_idx:700/782 -- 2245.58 samples/sec-- Loss:0.01 -- Error1:0.10
Train_Loss = 0.011708248355984687, Train_Err = 0.101
Val_Loss = 3.2071447174072265, Val_Err = 58.05
Epoch: [96 | 100]
Phase:train -- Batch_idx:100/782 -- 2160.42 samples/sec-- Loss:0.01 -- Error1:0.06
Phase:train -- Batch_idx:200/782 -- 2189.15 samples/sec-- Loss:0.01 -- Error1:0.06
Phase:train -- Batch_idx:300/782 -- 2212.96 samples/sec-- Loss:0.01 -- Error1:0.07
Phase:train -- Batch_idx:400/782 -- 2226.52 samples/sec-- Loss:0.01 -- Error1:0.07
Phase:train -- Batch_idx:500/782 -- 2236.18 samples/sec-- Loss:0.01 -- Error1:0.08
Phase:train -- Batch_idx:600/782 -- 2242.90 samples/sec-- Loss:0.01 -- Error1:0.10
Phase:train -- Batch_idx:700/782 -- 2246.75 samples/sec-- Loss:0.01 -- Error1:0.10
Train_Loss = 0.011626733651161195, Train_Err = 0.101
Val_Loss = 3.2272852203369142, Val_Err = 58.13
Epoch: [97 | 100]
Phase:train -- Batch_idx:100/782 -- 2088.68 samples/sec-- Loss:0.01 -- Error1:0.05
Phase:train -- Batch_idx:200/782 -- 2159.16 samples/sec-- Loss:0.01 -- Error1:0.08
Phase:train -- Batch_idx:300/782 -- 2192.92 samples/sec-- Loss:0.01 -- Error1:0.09
Phase:train -- Batch_idx:400/782 -- 2209.81 samples/sec-- Loss:0.01 -- Error1:0.09
Phase:train -- Batch_idx:500/782 -- 2224.00 samples/sec-- Loss:0.01 -- Error1:0.08
Phase:train -- Batch_idx:600/782 -- 2231.90 samples/sec-- Loss:0.01 -- Error1:0.09
Phase:train -- Batch_idx:700/782 -- 2237.90 samples/sec-- Loss:0.01 -- Error1:0.10
Train_Loss = 0.011757309106588364, Train_Err = 0.097
Val_Loss = 3.216818463897705, Val_Err = 57.97
Epoch: [98 | 100]
Phase:train -- Batch_idx:100/782 -- 2096.27 samples/sec-- Loss:0.01 -- Error1:0.10
Phase:train -- Batch_idx:200/782 -- 2168.90 samples/sec-- Loss:0.01 -- Error1:0.10
Phase:train -- Batch_idx:300/782 -- 2203.21 samples/sec-- Loss:0.01 -- Error1:0.09
Phase:train -- Batch_idx:400/782 -- 2217.83 samples/sec-- Loss:0.01 -- Error1:0.10
Phase:train -- Batch_idx:500/782 -- 2228.92 samples/sec-- Loss:0.01 -- Error1:0.10
Phase:train -- Batch_idx:600/782 -- 2234.47 samples/sec-- Loss:0.01 -- Error1:0.09
Phase:train -- Batch_idx:700/782 -- 2238.81 samples/sec-- Loss:0.01 -- Error1:0.09
Train_Loss = 0.011715543621182442, Train_Err = 0.092
Val_Loss = 3.2254518226623534, Val_Err = 58.02
Epoch: [99 | 100]
Phase:train -- Batch_idx:100/782 -- 1970.21 samples/sec-- Loss:0.01 -- Error1:0.09
Phase:train -- Batch_idx:200/782 -- 2091.80 samples/sec-- Loss:0.01 -- Error1:0.08
Phase:train -- Batch_idx:300/782 -- 2149.33 samples/sec-- Loss:0.01 -- Error1:0.10
Phase:train -- Batch_idx:400/782 -- 2179.03 samples/sec-- Loss:0.01 -- Error1:0.09
Phase:train -- Batch_idx:500/782 -- 2197.64 samples/sec-- Loss:0.01 -- Error1:0.10
Phase:train -- Batch_idx:600/782 -- 2222.56 samples/sec-- Loss:0.01 -- Error1:0.11
Phase:train -- Batch_idx:700/782 -- 2228.82 samples/sec-- Loss:0.01 -- Error1:0.10
Train_Loss = 0.011459485195875169, Train_Err = 0.109
Val_Loss = 3.2354840324401857, Val_Err = 58.29
