root: Namespace(batch_size=128, cp_dir='checkpoints/autoaugment_cutout/cifar10/smooth_out/run_ms_1/pyramidnet_272_8_0.009', depth=272, dtype='cifar10', epochs=300, img_aug='autoaugment_cutout', learning_rate=0.1, momentum=0.9, mtype='pyramidnet', num_classes=10, seed=1, smooth_out_a=0.009, threads=8, weight_decay=0.0001, width_factor=8)
root: Epoch: [0 | 300]
root: Train_Loss = 1.853469967842102, Train_Err = 68.1
root: Val_Loss = 1.7088195085525513, Val_Err = 54.13
root: Epoch: [1 | 300]
root: Train_Loss = 1.2643903493881226, Train_Err = 44.952
root: Val_Loss = 1.235407829284668, Val_Err = 40.81
root: Epoch: [2 | 300]
root: Train_Loss = 0.9863724112510681, Train_Err = 34.86
root: Val_Loss = 0.7442415356636047, Val_Err = 25.93
root: Epoch: [3 | 300]
root: Train_Loss = 0.8467459082603455, Train_Err = 29.438
root: Val_Loss = 0.8141422271728516, Val_Err = 26.3
root: Epoch: [4 | 300]
root: Train_Loss = 0.7667484283447266, Train_Err = 26.798
root: Val_Loss = 0.9815301299095154, Val_Err = 29.95
root: Epoch: [5 | 300]
root: Train_Loss = 0.7132774591445923, Train_Err = 25.062
root: Val_Loss = 0.7125141024589539, Val_Err = 22.4
root: Epoch: [6 | 300]
root: Train_Loss = 0.6792435050010681, Train_Err = 23.598
root: Val_Loss = 0.568675696849823, Val_Err = 18.27
root: Epoch: [7 | 300]
root: Train_Loss = 0.6309040784835815, Train_Err = 21.93
root: Val_Loss = 0.5302129983901978, Val_Err = 17.89
root: Epoch: [8 | 300]
root: Train_Loss = 0.6075462102890015, Train_Err = 21.188
root: Val_Loss = 0.44483914971351624, Val_Err = 14.75
root: Epoch: [9 | 300]
root: Train_Loss = 0.5781071186065674, Train_Err = 20.216
root: Val_Loss = 0.5676926970481873, Val_Err = 18.94
root: Epoch: [10 | 300]
root: Train_Loss = 0.5568475723266602, Train_Err = 19.452
root: Val_Loss = 0.5060135126113892, Val_Err = 16.22
root: Epoch: [11 | 300]
root: Train_Loss = 0.5410338640213013, Train_Err = 18.982
root: Val_Loss = 0.41258618235588074, Val_Err = 13.65
root: Epoch: [12 | 300]
root: Train_Loss = 0.5232077836990356, Train_Err = 18.256
root: Val_Loss = 0.3830866813659668, Val_Err = 12.62
root: Epoch: [13 | 300]
root: Train_Loss = 0.5116480588912964, Train_Err = 17.656
root: Val_Loss = 0.3543926477432251, Val_Err = 11.76
root: Epoch: [14 | 300]
root: Train_Loss = 0.49491646885871887, Train_Err = 17.21
root: Val_Loss = 0.3341853618621826, Val_Err = 11.36
root: Epoch: [15 | 300]
root: Train_Loss = 0.4804053008556366, Train_Err = 16.73
root: Val_Loss = 0.3657936751842499, Val_Err = 12.34
root: Epoch: [16 | 300]
root: Train_Loss = 0.47459647059440613, Train_Err = 16.534
root: Val_Loss = 0.37024039030075073, Val_Err = 11.86
root: Epoch: [17 | 300]
root: Train_Loss = 0.4619944095611572, Train_Err = 16.112
root: Val_Loss = 0.3367709219455719, Val_Err = 11.37
root: Epoch: [18 | 300]
root: Train_Loss = 0.45418503880500793, Train_Err = 15.718
root: Val_Loss = 0.4395321309566498, Val_Err = 14.33
root: Epoch: [19 | 300]
root: Train_Loss = 0.4516102969646454, Train_Err = 15.802
root: Val_Loss = 0.36124685406684875, Val_Err = 11.8
root: Epoch: [20 | 300]
root: Train_Loss = 0.43608924746513367, Train_Err = 15.236
root: Val_Loss = 0.39678311347961426, Val_Err = 12.24
root: Epoch: [21 | 300]
root: Train_Loss = 0.429358571767807, Train_Err = 14.942
root: Val_Loss = 0.35455846786499023, Val_Err = 11.69
root: Epoch: [22 | 300]
root: Train_Loss = 0.4231422543525696, Train_Err = 14.68
root: Val_Loss = 0.3042375147342682, Val_Err = 10.41
root: Epoch: [23 | 300]
root: Train_Loss = 0.4168184697628021, Train_Err = 14.5
root: Val_Loss = 0.3176058232784271, Val_Err = 10.51
root: Epoch: [24 | 300]
root: Train_Loss = 0.40584468841552734, Train_Err = 14.212
root: Val_Loss = 0.2930796444416046, Val_Err = 10.06
root: Epoch: [25 | 300]
root: Train_Loss = 0.40632328391075134, Train_Err = 14.048
root: Val_Loss = 0.2945883870124817, Val_Err = 9.54
root: Epoch: [26 | 300]
root: Train_Loss = 0.39962026476860046, Train_Err = 13.832
root: Val_Loss = 0.327757865190506, Val_Err = 11.2
root: Epoch: [27 | 300]
root: Train_Loss = 0.39284437894821167, Train_Err = 13.742
root: Val_Loss = 0.2899131178855896, Val_Err = 9.87
root: Epoch: [28 | 300]
root: Train_Loss = 0.3947719931602478, Train_Err = 13.792
root: Val_Loss = 0.2794039845466614, Val_Err = 9.21
root: Epoch: [29 | 300]
root: Train_Loss = 0.3786245286464691, Train_Err = 13.136
root: Val_Loss = 0.3003329634666443, Val_Err = 9.32
root: Epoch: [30 | 300]
root: Train_Loss = 0.3800691068172455, Train_Err = 13.054
root: Val_Loss = 0.3211427330970764, Val_Err = 10.49
root: Epoch: [31 | 300]
root: Train_Loss = 0.37271741032600403, Train_Err = 13.062
root: Val_Loss = 0.27377715706825256, Val_Err = 9.11
root: Epoch: [32 | 300]
root: Train_Loss = 0.3697815239429474, Train_Err = 13.004
root: Val_Loss = 0.26883190870285034, Val_Err = 8.27
root: Epoch: [33 | 300]
root: Train_Loss = 0.3688873052597046, Train_Err = 12.846
root: Val_Loss = 0.29294610023498535, Val_Err = 9.26
root: Epoch: [34 | 300]
root: Train_Loss = 0.3670123219490051, Train_Err = 12.742
root: Val_Loss = 0.2660534381866455, Val_Err = 8.89
root: Epoch: [35 | 300]
root: Train_Loss = 0.3658233880996704, Train_Err = 12.804
root: Val_Loss = 0.27807673811912537, Val_Err = 9.09
root: Epoch: [36 | 300]
root: Train_Loss = 0.3566697835922241, Train_Err = 12.424
root: Val_Loss = 0.26228800415992737, Val_Err = 8.72
root: Epoch: [37 | 300]
root: Train_Loss = 0.3556157648563385, Train_Err = 12.242
root: Val_Loss = 0.24226254224777222, Val_Err = 7.95
root: Epoch: [38 | 300]
root: Train_Loss = 0.3553052246570587, Train_Err = 12.218
root: Val_Loss = 0.24219615757465363, Val_Err = 8.03
root: Epoch: [39 | 300]
root: Train_Loss = 0.35126298666000366, Train_Err = 12.242
root: Val_Loss = 0.2645418047904968, Val_Err = 8.9
root: Epoch: [40 | 300]
root: Train_Loss = 0.3526615798473358, Train_Err = 12.3
root: Val_Loss = 0.2409491091966629, Val_Err = 8.08
root: Epoch: [41 | 300]
root: Train_Loss = 0.34678319096565247, Train_Err = 12.096
root: Val_Loss = 0.2364167869091034, Val_Err = 7.91
root: Epoch: [42 | 300]
root: Train_Loss = 0.33969447016716003, Train_Err = 11.872
root: Val_Loss = 0.25848451256752014, Val_Err = 8.39
root: Epoch: [43 | 300]
root: Train_Loss = 0.3417501747608185, Train_Err = 11.782
root: Val_Loss = 0.2521693706512451, Val_Err = 8.2
root: Epoch: [44 | 300]
root: Train_Loss = 0.3390152156352997, Train_Err = 11.842
root: Val_Loss = 0.21065184473991394, Val_Err = 6.97
root: Epoch: [45 | 300]
root: Train_Loss = 0.33736902475357056, Train_Err = 11.738
root: Val_Loss = 0.22108054161071777, Val_Err = 7.38
root: Epoch: [46 | 300]
root: Train_Loss = 0.3344483971595764, Train_Err = 11.806
root: Val_Loss = 0.24968302249908447, Val_Err = 8.07
root: Epoch: [47 | 300]
root: Train_Loss = 0.32824814319610596, Train_Err = 11.4
root: Val_Loss = 0.26866695284843445, Val_Err = 8.71
root: Epoch: [48 | 300]
root: Train_Loss = 0.3288952112197876, Train_Err = 11.416
root: Val_Loss = 0.29173892736434937, Val_Err = 8.93
root: Epoch: [49 | 300]
root: Train_Loss = 0.33099737763404846, Train_Err = 11.55
root: Val_Loss = 0.26089900732040405, Val_Err = 8.62
root: Epoch: [50 | 300]
root: Train_Loss = 0.3226439952850342, Train_Err = 11.312
root: Val_Loss = 0.24292001128196716, Val_Err = 8.02
root: Epoch: [51 | 300]
root: Train_Loss = 0.3255178928375244, Train_Err = 11.306
root: Val_Loss = 0.2927040457725525, Val_Err = 9.07
root: Epoch: [52 | 300]
root: Train_Loss = 0.32733410596847534, Train_Err = 11.39
root: Val_Loss = 0.22609679400920868, Val_Err = 7.16
root: Epoch: [53 | 300]
root: Train_Loss = 0.3240300714969635, Train_Err = 11.154
root: Val_Loss = 0.28825029730796814, Val_Err = 9.09
root: Epoch: [54 | 300]
root: Train_Loss = 0.31872305274009705, Train_Err = 11.162
root: Val_Loss = 0.22127819061279297, Val_Err = 7.42
root: Epoch: [55 | 300]
root: Train_Loss = 0.3114728033542633, Train_Err = 10.912
root: Val_Loss = 0.26279252767562866, Val_Err = 8.38
root: Epoch: [56 | 300]
root: Train_Loss = 0.3218631148338318, Train_Err = 11.292
root: Val_Loss = 0.21664169430732727, Val_Err = 6.99
root: Epoch: [57 | 300]
root: Train_Loss = 0.31470340490341187, Train_Err = 11.026
root: Val_Loss = 0.2625877261161804, Val_Err = 8.41
root: Epoch: [58 | 300]
root: Train_Loss = 0.31594252586364746, Train_Err = 11.108
root: Val_Loss = 0.29018884897232056, Val_Err = 9.18
root: Epoch: [59 | 300]
root: Train_Loss = 0.31424182653427124, Train_Err = 11.024
root: Val_Loss = 0.273136705160141, Val_Err = 8.43
root: Epoch: [60 | 300]
root: Train_Loss = 0.3094833195209503, Train_Err = 10.732
root: Val_Loss = 0.2400553822517395, Val_Err = 7.77
root: Epoch: [61 | 300]
root: Train_Loss = 0.30356892943382263, Train_Err = 10.57
root: Val_Loss = 0.2338959127664566, Val_Err = 7.43
root: Epoch: [62 | 300]
root: Train_Loss = 0.3021368086338043, Train_Err = 10.684
root: Val_Loss = 0.2712944746017456, Val_Err = 8.81
root: Epoch: [63 | 300]
root: Train_Loss = 0.30006080865859985, Train_Err = 10.44
root: Val_Loss = 0.2119569480419159, Val_Err = 6.9
root: Epoch: [64 | 300]
root: Train_Loss = 0.3081650733947754, Train_Err = 10.654
root: Val_Loss = 0.2663521468639374, Val_Err = 8.02
root: Epoch: [65 | 300]
root: Train_Loss = 0.30493834614753723, Train_Err = 10.668
root: Val_Loss = 0.22938141226768494, Val_Err = 7.63
root: Epoch: [66 | 300]
root: Train_Loss = 0.3038616180419922, Train_Err = 10.634
root: Val_Loss = 0.26069456338882446, Val_Err = 7.86
root: Epoch: [67 | 300]
root: Train_Loss = 0.30400532484054565, Train_Err = 10.556
root: Val_Loss = 0.22042682766914368, Val_Err = 7.07
root: Epoch: [68 | 300]
root: Train_Loss = 0.29859790205955505, Train_Err = 10.398
root: Val_Loss = 0.2182246595621109, Val_Err = 7.11
root: Epoch: [69 | 300]
root: Train_Loss = 0.30406373739242554, Train_Err = 10.658
root: Val_Loss = 0.26029106974601746, Val_Err = 8.26
root: Epoch: [70 | 300]
root: Train_Loss = 0.29857954382896423, Train_Err = 10.358
root: Val_Loss = 0.20072248578071594, Val_Err = 6.77
root: Epoch: [71 | 300]
root: Train_Loss = 0.2987290620803833, Train_Err = 10.368
root: Val_Loss = 0.20952433347702026, Val_Err = 6.63
root: Epoch: [72 | 300]
root: Train_Loss = 0.3014589250087738, Train_Err = 10.516
root: Val_Loss = 0.2521321773529053, Val_Err = 8.02
root: Epoch: [73 | 300]
root: Train_Loss = 0.2978798449039459, Train_Err = 10.492
root: Val_Loss = 0.20786237716674805, Val_Err = 6.54
root: Epoch: [74 | 300]
root: Train_Loss = 0.2931347191333771, Train_Err = 10.28
root: Val_Loss = 0.2831737995147705, Val_Err = 8.67
root: Epoch: [75 | 300]
root: Train_Loss = 0.294194757938385, Train_Err = 10.272
root: Val_Loss = 0.2505832612514496, Val_Err = 8.03
root: Epoch: [76 | 300]
root: Train_Loss = 0.29399552941322327, Train_Err = 10.416
root: Val_Loss = 0.2426379770040512, Val_Err = 7.56
root: Epoch: [77 | 300]
root: Train_Loss = 0.29513996839523315, Train_Err = 10.31
root: Val_Loss = 0.2307606190443039, Val_Err = 7.4
root: Epoch: [78 | 300]
root: Train_Loss = 0.2913419306278229, Train_Err = 10.294
root: Val_Loss = 0.21775409579277039, Val_Err = 7.05
root: Epoch: [79 | 300]
root: Train_Loss = 0.2957184314727783, Train_Err = 10.338
root: Val_Loss = 0.30090251564979553, Val_Err = 9.42
root: Epoch: [80 | 300]
root: Train_Loss = 0.2826174199581146, Train_Err = 9.832
root: Val_Loss = 0.2554488182067871, Val_Err = 7.96
root: Epoch: [81 | 300]
root: Train_Loss = 0.28241002559661865, Train_Err = 9.882
root: Val_Loss = 0.19541016221046448, Val_Err = 6.22
root: Epoch: [82 | 300]
root: Train_Loss = 0.2890335023403168, Train_Err = 9.956
root: Val_Loss = 0.18578855693340302, Val_Err = 6.04
root: Epoch: [83 | 300]
root: Train_Loss = 0.2827843725681305, Train_Err = 9.764
root: Val_Loss = 0.19833651185035706, Val_Err = 6.59
root: Epoch: [84 | 300]
root: Train_Loss = 0.2934323847293854, Train_Err = 10.186
root: Val_Loss = 0.25618600845336914, Val_Err = 7.91
root: Epoch: [85 | 300]
root: Train_Loss = 0.29087820649147034, Train_Err = 10.266
root: Val_Loss = 0.21958822011947632, Val_Err = 6.92
root: Epoch: [86 | 300]
root: Train_Loss = 0.2895694971084595, Train_Err = 10.022
root: Val_Loss = 0.191768079996109, Val_Err = 6.24
root: Epoch: [87 | 300]
root: Train_Loss = 0.2780923545360565, Train_Err = 9.574
root: Val_Loss = 0.2539319396018982, Val_Err = 7.99
root: Epoch: [88 | 300]
root: Train_Loss = 0.285700261592865, Train_Err = 9.952
root: Val_Loss = 0.27255484461784363, Val_Err = 8.57
root: Epoch: [89 | 300]
root: Train_Loss = 0.2780691087245941, Train_Err = 9.754
root: Val_Loss = 0.3196873366832733, Val_Err = 9.37
root: Epoch: [90 | 300]
root: Train_Loss = 0.2799209654331207, Train_Err = 9.812
root: Val_Loss = 0.23684394359588623, Val_Err = 7.42
root: Epoch: [91 | 300]
root: Train_Loss = 0.28269296884536743, Train_Err = 9.932
root: Val_Loss = 0.19970044493675232, Val_Err = 6.18
root: Epoch: [92 | 300]
root: Train_Loss = 0.27688688039779663, Train_Err = 9.598
root: Val_Loss = 0.23513168096542358, Val_Err = 7.33
root: Epoch: [93 | 300]
root: Train_Loss = 0.27649977803230286, Train_Err = 9.568
root: Val_Loss = 0.19884546101093292, Val_Err = 6.29
root: Epoch: [94 | 300]
root: Train_Loss = 0.27356189489364624, Train_Err = 9.484
root: Val_Loss = 0.2019205540418625, Val_Err = 6.73
root: Epoch: [95 | 300]
root: Train_Loss = 0.2806045711040497, Train_Err = 10.002
root: Val_Loss = 0.19923636317253113, Val_Err = 6.33
root: Epoch: [96 | 300]
root: Train_Loss = 0.27270033955574036, Train_Err = 9.444
root: Val_Loss = 0.21497228741645813, Val_Err = 7.1
root: Epoch: [97 | 300]
root: Train_Loss = 0.2785279452800751, Train_Err = 9.814
root: Val_Loss = 0.19792580604553223, Val_Err = 5.96
root: Epoch: [98 | 300]
root: Train_Loss = 0.27382129430770874, Train_Err = 9.586
root: Val_Loss = 0.19390013813972473, Val_Err = 6.24
root: Epoch: [99 | 300]
root: Train_Loss = 0.2788861393928528, Train_Err = 9.788
root: Val_Loss = 0.22985751926898956, Val_Err = 7.05
root: Epoch: [100 | 300]
root: Train_Loss = 0.2744227647781372, Train_Err = 9.574
root: Val_Loss = 0.19403594732284546, Val_Err = 6.13
root: Epoch: [101 | 300]
root: Train_Loss = 0.2712661027908325, Train_Err = 9.434
root: Val_Loss = 0.1993740350008011, Val_Err = 6.7
root: Epoch: [102 | 300]
root: Train_Loss = 0.278166264295578, Train_Err = 9.77
root: Val_Loss = 0.22962601482868195, Val_Err = 7.32
root: Epoch: [103 | 300]
root: Train_Loss = 0.26722654700279236, Train_Err = 9.5
root: Val_Loss = 0.1830453872680664, Val_Err = 5.77
root: Epoch: [104 | 300]
root: Train_Loss = 0.26795199513435364, Train_Err = 9.25
root: Val_Loss = 0.276639848947525, Val_Err = 8.44
root: Epoch: [105 | 300]
root: Train_Loss = 0.27378925681114197, Train_Err = 9.536
root: Val_Loss = 0.22712497413158417, Val_Err = 6.81
root: Epoch: [106 | 300]
root: Train_Loss = 0.26742780208587646, Train_Err = 9.27
root: Val_Loss = 0.20925934612751007, Val_Err = 6.75
root: Epoch: [107 | 300]
root: Train_Loss = 0.26721441745758057, Train_Err = 9.352
root: Val_Loss = 0.20959198474884033, Val_Err = 6.59
root: Epoch: [108 | 300]
root: Train_Loss = 0.2652309536933899, Train_Err = 9.176
root: Val_Loss = 0.21509037911891937, Val_Err = 6.74
root: Epoch: [109 | 300]
root: Train_Loss = 0.2729717791080475, Train_Err = 9.568
root: Val_Loss = 0.19216494262218475, Val_Err = 6.34
root: Epoch: [110 | 300]
root: Train_Loss = 0.26584988832473755, Train_Err = 9.33
root: Val_Loss = 0.20988591015338898, Val_Err = 6.58
root: Epoch: [111 | 300]
root: Train_Loss = 0.2642020881175995, Train_Err = 9.196
root: Val_Loss = 0.2065192610025406, Val_Err = 6.42
root: Epoch: [112 | 300]
root: Train_Loss = 0.2672653794288635, Train_Err = 9.484
root: Val_Loss = 0.16410669684410095, Val_Err = 5.45
root: Epoch: [113 | 300]
root: Train_Loss = 0.2649077773094177, Train_Err = 9.234
root: Val_Loss = 0.2098909318447113, Val_Err = 6.47
root: Epoch: [114 | 300]
root: Train_Loss = 0.2673738896846771, Train_Err = 9.23
root: Val_Loss = 0.16691654920578003, Val_Err = 5.4
root: Epoch: [115 | 300]
root: Train_Loss = 0.2706967890262604, Train_Err = 9.508
root: Val_Loss = 0.19724971055984497, Val_Err = 6.13
root: Epoch: [116 | 300]
root: Train_Loss = 0.26475095748901367, Train_Err = 9.128
root: Val_Loss = 0.2242656946182251, Val_Err = 7.38
root: Epoch: [117 | 300]
root: Train_Loss = 0.262071818113327, Train_Err = 9.224
root: Val_Loss = 0.19028185307979584, Val_Err = 5.96
root: Epoch: [118 | 300]
root: Train_Loss = 0.2675829529762268, Train_Err = 9.408
root: Val_Loss = 0.24502357840538025, Val_Err = 7.73
root: Epoch: [119 | 300]
root: Train_Loss = 0.26818156242370605, Train_Err = 9.374
root: Val_Loss = 0.24476245045661926, Val_Err = 7.84
root: Epoch: [120 | 300]
root: Train_Loss = 0.2603415846824646, Train_Err = 9.138
root: Val_Loss = 0.21680739521980286, Val_Err = 6.52
root: Epoch: [121 | 300]
root: Train_Loss = 0.2621532678604126, Train_Err = 9.304
root: Val_Loss = 0.1903310865163803, Val_Err = 6.45
root: Epoch: [122 | 300]
root: Train_Loss = 0.25721219182014465, Train_Err = 8.85
root: Val_Loss = 0.22709615528583527, Val_Err = 6.97
root: Epoch: [123 | 300]
root: Train_Loss = 0.2552414536476135, Train_Err = 8.954
root: Val_Loss = 0.29680755734443665, Val_Err = 8.72
root: Epoch: [124 | 300]
root: Train_Loss = 0.2586559057235718, Train_Err = 8.96
root: Val_Loss = 0.2061125487089157, Val_Err = 6.82
root: Epoch: [125 | 300]
root: Train_Loss = 0.26437070965766907, Train_Err = 9.102
root: Val_Loss = 0.24470295011997223, Val_Err = 7.34
root: Epoch: [126 | 300]
root: Train_Loss = 0.2568480670452118, Train_Err = 9.044
root: Val_Loss = 0.22105848789215088, Val_Err = 6.84
root: Epoch: [127 | 300]
root: Train_Loss = 0.2579430043697357, Train_Err = 9.032
root: Val_Loss = 0.18101410567760468, Val_Err = 5.84
root: Epoch: [128 | 300]
root: Train_Loss = 0.2634028494358063, Train_Err = 9.192
root: Val_Loss = 0.20023982226848602, Val_Err = 6.29
root: Epoch: [129 | 300]
root: Train_Loss = 0.25317618250846863, Train_Err = 8.882
root: Val_Loss = 0.20962181687355042, Val_Err = 6.69
root: Epoch: [130 | 300]
root: Train_Loss = 0.2576221525669098, Train_Err = 9.048
root: Val_Loss = 0.25062766671180725, Val_Err = 7.34
root: Epoch: [131 | 300]
root: Train_Loss = 0.2553662359714508, Train_Err = 8.96
root: Val_Loss = 0.21615785360336304, Val_Err = 6.31
root: Epoch: [132 | 300]
root: Train_Loss = 0.25780215859413147, Train_Err = 9.036
root: Val_Loss = 0.20419974625110626, Val_Err = 6.5
root: Epoch: [133 | 300]
root: Train_Loss = 0.25820210576057434, Train_Err = 9.114
root: Val_Loss = 0.16778862476348877, Val_Err = 5.18
root: Epoch: [134 | 300]
root: Train_Loss = 0.2562965452671051, Train_Err = 8.868
root: Val_Loss = 0.18349000811576843, Val_Err = 6.03
root: Epoch: [135 | 300]
root: Train_Loss = 0.25572359561920166, Train_Err = 8.936
root: Val_Loss = 0.22488395869731903, Val_Err = 6.98
root: Epoch: [136 | 300]
root: Train_Loss = 0.2552167773246765, Train_Err = 8.96
root: Val_Loss = 0.24877843260765076, Val_Err = 7.43
root: Epoch: [137 | 300]
root: Train_Loss = 0.25172656774520874, Train_Err = 8.714
root: Val_Loss = 0.2003720998764038, Val_Err = 6.23
root: Epoch: [138 | 300]
root: Train_Loss = 0.25423285365104675, Train_Err = 8.964
root: Val_Loss = 0.27938219904899597, Val_Err = 7.84
root: Epoch: [139 | 300]
root: Train_Loss = 0.2553558647632599, Train_Err = 8.866
root: Val_Loss = 0.21964749693870544, Val_Err = 6.79
root: Epoch: [140 | 300]
root: Train_Loss = 0.2510196268558502, Train_Err = 8.74
root: Val_Loss = 0.20112022757530212, Val_Err = 5.89
root: Epoch: [141 | 300]
root: Train_Loss = 0.25190335512161255, Train_Err = 8.634
root: Val_Loss = 0.20842245221138, Val_Err = 6.42
root: Epoch: [142 | 300]
root: Train_Loss = 0.2490818053483963, Train_Err = 8.684
root: Val_Loss = 0.19288544356822968, Val_Err = 6.23
root: Epoch: [143 | 300]
root: Train_Loss = 0.24958258867263794, Train_Err = 8.784
root: Val_Loss = 0.18228839337825775, Val_Err = 5.65
root: Epoch: [144 | 300]
root: Train_Loss = 0.2505153715610504, Train_Err = 8.718
root: Val_Loss = 0.25876474380493164, Val_Err = 7.77
root: Epoch: [145 | 300]
root: Train_Loss = 0.25384601950645447, Train_Err = 8.822
root: Val_Loss = 0.20268148183822632, Val_Err = 6.43
root: Epoch: [146 | 300]
root: Train_Loss = 0.25019606947898865, Train_Err = 8.644
root: Val_Loss = 0.2111234813928604, Val_Err = 6.2
root: Epoch: [147 | 300]
root: Train_Loss = 0.25051310658454895, Train_Err = 8.696
root: Val_Loss = 0.2553979456424713, Val_Err = 7.41
root: Epoch: [148 | 300]
root: Train_Loss = 0.25042295455932617, Train_Err = 8.914
root: Val_Loss = 0.22559210658073425, Val_Err = 6.8
root: Epoch: [149 | 300]
root: Train_Loss = 0.24544104933738708, Train_Err = 8.6
root: Val_Loss = 0.18609532713890076, Val_Err = 5.87
root: Epoch: [150 | 300]
root: Train_Loss = 0.16915588080883026, Train_Err = 5.764
root: Val_Loss = 0.1004352867603302, Val_Err = 3.2
root: Epoch: [151 | 300]
root: Train_Loss = 0.13894064724445343, Train_Err = 4.752
root: Val_Loss = 0.09964075684547424, Val_Err = 3.13
root: Epoch: [152 | 300]
root: Train_Loss = 0.1303989291191101, Train_Err = 4.562
root: Val_Loss = 0.0954098328948021, Val_Err = 2.86
root: Epoch: [153 | 300]
root: Train_Loss = 0.1239335685968399, Train_Err = 4.216
root: Val_Loss = 0.09190297871828079, Val_Err = 2.69
root: Epoch: [154 | 300]
root: Train_Loss = 0.1185852512717247, Train_Err = 4.01
root: Val_Loss = 0.09070003032684326, Val_Err = 2.63
root: Epoch: [155 | 300]
root: Train_Loss = 0.1140875294804573, Train_Err = 3.856
root: Val_Loss = 0.08900690078735352, Val_Err = 2.65
root: Epoch: [156 | 300]
root: Train_Loss = 0.1111474260687828, Train_Err = 3.788
root: Val_Loss = 0.08904324471950531, Val_Err = 2.69
root: Epoch: [157 | 300]
root: Train_Loss = 0.11160561442375183, Train_Err = 3.826
root: Val_Loss = 0.09213434904813766, Val_Err = 2.69
root: Epoch: [158 | 300]
root: Train_Loss = 0.10506023466587067, Train_Err = 3.764
root: Val_Loss = 0.0924268439412117, Val_Err = 2.7
root: Epoch: [159 | 300]
root: Train_Loss = 0.1076144203543663, Train_Err = 3.664
root: Val_Loss = 0.08954725414514542, Val_Err = 2.59
root: Epoch: [160 | 300]
root: Train_Loss = 0.10262486338615417, Train_Err = 3.564
root: Val_Loss = 0.09052447974681854, Val_Err = 2.7
root: Epoch: [161 | 300]
root: Train_Loss = 0.10188945382833481, Train_Err = 3.558
root: Val_Loss = 0.08790786564350128, Val_Err = 2.58
root: Epoch: [162 | 300]
root: Train_Loss = 0.10062497854232788, Train_Err = 3.436
root: Val_Loss = 0.08915871381759644, Val_Err = 2.42
root: Epoch: [163 | 300]
root: Train_Loss = 0.10188591480255127, Train_Err = 3.5
root: Val_Loss = 0.08833209425210953, Val_Err = 2.61
root: Epoch: [164 | 300]
root: Train_Loss = 0.0988774299621582, Train_Err = 3.414
root: Val_Loss = 0.0902816653251648, Val_Err = 2.53
root: Epoch: [165 | 300]
root: Train_Loss = 0.09561289846897125, Train_Err = 3.35
root: Val_Loss = 0.09009259939193726, Val_Err = 2.5
root: Epoch: [166 | 300]
root: Train_Loss = 0.09484913945198059, Train_Err = 3.262
root: Val_Loss = 0.0929449275135994, Val_Err = 2.69
root: Epoch: [167 | 300]
root: Train_Loss = 0.10009578615427017, Train_Err = 3.462
root: Val_Loss = 0.08955107629299164, Val_Err = 2.38
root: Epoch: [168 | 300]
root: Train_Loss = 0.09335359930992126, Train_Err = 3.184
root: Val_Loss = 0.08606858551502228, Val_Err = 2.33
root: Epoch: [169 | 300]
root: Train_Loss = 0.09243804216384888, Train_Err = 3.212
root: Val_Loss = 0.09170573204755783, Val_Err = 2.49
root: Epoch: [170 | 300]
root: Train_Loss = 0.09215325862169266, Train_Err = 3.26
root: Val_Loss = 0.0945279598236084, Val_Err = 2.51
root: Epoch: [171 | 300]
root: Train_Loss = 0.0948866680264473, Train_Err = 3.254
root: Val_Loss = 0.09292194992303848, Val_Err = 2.58
root: Epoch: [172 | 300]
root: Train_Loss = 0.09303474426269531, Train_Err = 3.236
root: Val_Loss = 0.09013376384973526, Val_Err = 2.55
root: Epoch: [173 | 300]
root: Train_Loss = 0.09071362018585205, Train_Err = 3.148
root: Val_Loss = 0.0927591472864151, Val_Err = 2.49
root: Epoch: [174 | 300]
root: Train_Loss = 0.09285148978233337, Train_Err = 3.228
root: Val_Loss = 0.09159665554761887, Val_Err = 2.56
root: Epoch: [175 | 300]
root: Train_Loss = 0.09113816171884537, Train_Err = 3.11
root: Val_Loss = 0.09509111940860748, Val_Err = 2.69
root: Epoch: [176 | 300]
root: Train_Loss = 0.09164787083864212, Train_Err = 3.168
root: Val_Loss = 0.08732462674379349, Val_Err = 2.54
root: Epoch: [177 | 300]
root: Train_Loss = 0.0918179452419281, Train_Err = 3.17
root: Val_Loss = 0.08800011873245239, Val_Err = 2.54
root: Epoch: [178 | 300]
root: Train_Loss = 0.09269110858440399, Train_Err = 3.32
root: Val_Loss = 0.0875995010137558, Val_Err = 2.51
root: Epoch: [179 | 300]
root: Train_Loss = 0.09078480303287506, Train_Err = 3.148
root: Val_Loss = 0.09206616878509521, Val_Err = 2.71
root: Epoch: [180 | 300]
root: Train_Loss = 0.08814387768507004, Train_Err = 3.056
root: Val_Loss = 0.08958418667316437, Val_Err = 2.58
root: Epoch: [181 | 300]
root: Train_Loss = 0.09028474241495132, Train_Err = 3.124
root: Val_Loss = 0.0913667231798172, Val_Err = 2.49
root: Epoch: [182 | 300]
root: Train_Loss = 0.08890008926391602, Train_Err = 3.028
root: Val_Loss = 0.0909661129117012, Val_Err = 2.51
root: Epoch: [183 | 300]
root: Train_Loss = 0.08757656067609787, Train_Err = 2.974
root: Val_Loss = 0.08992309868335724, Val_Err = 2.52
root: Epoch: [184 | 300]
root: Train_Loss = 0.0905308946967125, Train_Err = 3.116
root: Val_Loss = 0.09153392165899277, Val_Err = 2.44
root: Epoch: [185 | 300]
root: Train_Loss = 0.08695712685585022, Train_Err = 3.012
root: Val_Loss = 0.08654379099607468, Val_Err = 2.35
root: Epoch: [186 | 300]
root: Train_Loss = 0.08690621703863144, Train_Err = 2.986
root: Val_Loss = 0.08814392238855362, Val_Err = 2.36
root: Epoch: [187 | 300]
root: Train_Loss = 0.08681103587150574, Train_Err = 3.004
root: Val_Loss = 0.09266272932291031, Val_Err = 2.72
root: Epoch: [188 | 300]
root: Train_Loss = 0.08689770102500916, Train_Err = 3.054
root: Val_Loss = 0.08946739137172699, Val_Err = 2.57
root: Epoch: [189 | 300]
root: Train_Loss = 0.0865694209933281, Train_Err = 2.986
root: Val_Loss = 0.09015055745840073, Val_Err = 2.48
root: Epoch: [190 | 300]
root: Train_Loss = 0.08644968271255493, Train_Err = 3.008
root: Val_Loss = 0.09040404856204987, Val_Err = 2.45
root: Epoch: [191 | 300]
root: Train_Loss = 0.08473003655672073, Train_Err = 2.976
root: Val_Loss = 0.08966062217950821, Val_Err = 2.52
root: Epoch: [192 | 300]
root: Train_Loss = 0.0847252830862999, Train_Err = 2.902
root: Val_Loss = 0.0870407447218895, Val_Err = 2.35
root: Epoch: [193 | 300]
root: Train_Loss = 0.08174285292625427, Train_Err = 2.864
root: Val_Loss = 0.08825481683015823, Val_Err = 2.36
root: Epoch: [194 | 300]
root: Train_Loss = 0.0854797437787056, Train_Err = 2.928
root: Val_Loss = 0.09089900553226471, Val_Err = 2.52
root: Epoch: [195 | 300]
root: Train_Loss = 0.08415846526622772, Train_Err = 2.938
root: Val_Loss = 0.0894576907157898, Val_Err = 2.53
root: Epoch: [196 | 300]
root: Train_Loss = 0.08270219713449478, Train_Err = 2.862
root: Val_Loss = 0.09488324075937271, Val_Err = 2.44
root: Epoch: [197 | 300]
root: Train_Loss = 0.08504011482000351, Train_Err = 2.902
root: Val_Loss = 0.08999800682067871, Val_Err = 2.56
root: Epoch: [198 | 300]
root: Train_Loss = 0.08333879709243774, Train_Err = 2.848
root: Val_Loss = 0.09154490381479263, Val_Err = 2.49
root: Epoch: [199 | 300]
root: Train_Loss = 0.08739090710878372, Train_Err = 3.004
root: Val_Loss = 0.08880708366632462, Val_Err = 2.46
root: Epoch: [200 | 300]
root: Train_Loss = 0.08136602491140366, Train_Err = 2.818
root: Val_Loss = 0.09109543263912201, Val_Err = 2.46
root: Epoch: [201 | 300]
root: Train_Loss = 0.08525063097476959, Train_Err = 2.998
root: Val_Loss = 0.08985681086778641, Val_Err = 2.44
root: Epoch: [202 | 300]
root: Train_Loss = 0.08304139226675034, Train_Err = 2.846
root: Val_Loss = 0.09310615807771683, Val_Err = 2.42
root: Epoch: [203 | 300]
root: Train_Loss = 0.08492222428321838, Train_Err = 2.926
root: Val_Loss = 0.09253642708063126, Val_Err = 2.52
root: Epoch: [204 | 300]
root: Train_Loss = 0.08010133355855942, Train_Err = 2.772
root: Val_Loss = 0.09062187373638153, Val_Err = 2.49
root: Epoch: [205 | 300]
root: Train_Loss = 0.08142683655023575, Train_Err = 2.814
root: Val_Loss = 0.0894731879234314, Val_Err = 2.56
root: Epoch: [206 | 300]
root: Train_Loss = 0.08715540915727615, Train_Err = 3.048
root: Val_Loss = 0.09821642935276031, Val_Err = 2.59
root: Epoch: [207 | 300]
root: Train_Loss = 0.08215275406837463, Train_Err = 2.794
root: Val_Loss = 0.09248036891222, Val_Err = 2.53
root: Epoch: [208 | 300]
root: Train_Loss = 0.0846368819475174, Train_Err = 2.928
root: Val_Loss = 0.09090583026409149, Val_Err = 2.33
root: Epoch: [209 | 300]
root: Train_Loss = 0.08653699606657028, Train_Err = 3.038
root: Val_Loss = 0.08662223815917969, Val_Err = 2.48
root: Epoch: [210 | 300]
root: Train_Loss = 0.08422131836414337, Train_Err = 2.958
root: Val_Loss = 0.08906632661819458, Val_Err = 2.55
root: Epoch: [211 | 300]
root: Train_Loss = 0.08081552386283875, Train_Err = 2.81
root: Val_Loss = 0.08893144130706787, Val_Err = 2.49
root: Epoch: [212 | 300]
root: Train_Loss = 0.08190003782510757, Train_Err = 2.82
root: Val_Loss = 0.09247306734323502, Val_Err = 2.36
root: Epoch: [213 | 300]
root: Train_Loss = 0.08181814104318619, Train_Err = 2.83
root: Val_Loss = 0.09711691737174988, Val_Err = 2.5
root: Epoch: [214 | 300]
root: Train_Loss = 0.08173757791519165, Train_Err = 2.862
root: Val_Loss = 0.0923861414194107, Val_Err = 2.57
root: Epoch: [215 | 300]
root: Train_Loss = 0.08629392087459564, Train_Err = 3.0
root: Val_Loss = 0.08723945170640945, Val_Err = 2.48
root: Epoch: [216 | 300]
root: Train_Loss = 0.07805085927248001, Train_Err = 2.706
root: Val_Loss = 0.08922901749610901, Val_Err = 2.4
root: Epoch: [217 | 300]
root: Train_Loss = 0.08113528788089752, Train_Err = 2.748
root: Val_Loss = 0.08948875218629837, Val_Err = 2.56
root: Epoch: [218 | 300]
root: Train_Loss = 0.07956916093826294, Train_Err = 2.778
root: Val_Loss = 0.09173208475112915, Val_Err = 2.5
root: Epoch: [219 | 300]
root: Train_Loss = 0.08341125398874283, Train_Err = 2.81
root: Val_Loss = 0.09122243523597717, Val_Err = 2.39
root: Epoch: [220 | 300]
root: Train_Loss = 0.08129782974720001, Train_Err = 2.884
root: Val_Loss = 0.09382694959640503, Val_Err = 2.53
root: Epoch: [221 | 300]
root: Train_Loss = 0.0785541906952858, Train_Err = 2.774
root: Val_Loss = 0.08647977560758591, Val_Err = 2.38
root: Epoch: [222 | 300]
root: Train_Loss = 0.08206397294998169, Train_Err = 2.864
root: Val_Loss = 0.08740849047899246, Val_Err = 2.47
root: Epoch: [223 | 300]
root: Train_Loss = 0.08068802207708359, Train_Err = 2.796
root: Val_Loss = 0.09335669875144958, Val_Err = 2.48
root: Epoch: [224 | 300]
root: Train_Loss = 0.08211243897676468, Train_Err = 2.928
root: Val_Loss = 0.0895351767539978, Val_Err = 2.3
root: Epoch: [225 | 300]
root: Train_Loss = 0.07889407873153687, Train_Err = 2.666
root: Val_Loss = 0.08166123181581497, Val_Err = 2.13
root: Epoch: [226 | 300]
root: Train_Loss = 0.0735582634806633, Train_Err = 2.54
root: Val_Loss = 0.07919127494096756, Val_Err = 2.1
root: Epoch: [227 | 300]
root: Train_Loss = 0.07717271894216537, Train_Err = 2.618
root: Val_Loss = 0.08062396943569183, Val_Err = 2.18
root: Epoch: [228 | 300]
root: Train_Loss = 0.07056115567684174, Train_Err = 2.506
root: Val_Loss = 0.07958786934614182, Val_Err = 2.11
root: Epoch: [229 | 300]
root: Train_Loss = 0.07145509868860245, Train_Err = 2.518
root: Val_Loss = 0.07839521765708923, Val_Err = 2.19
root: Epoch: [230 | 300]
root: Train_Loss = 0.06731706112623215, Train_Err = 2.328
root: Val_Loss = 0.07803654670715332, Val_Err = 2.09
root: Epoch: [231 | 300]
root: Train_Loss = 0.06832600384950638, Train_Err = 2.36
root: Val_Loss = 0.077544666826725, Val_Err = 2.13
root: Epoch: [232 | 300]
root: Train_Loss = 0.06852959096431732, Train_Err = 2.368
root: Val_Loss = 0.07778685539960861, Val_Err = 2.08
root: Epoch: [233 | 300]
root: Train_Loss = 0.0689525157213211, Train_Err = 2.324
root: Val_Loss = 0.07740180194377899, Val_Err = 2.09
root: Epoch: [234 | 300]
root: Train_Loss = 0.06546147912740707, Train_Err = 2.174
root: Val_Loss = 0.07753661274909973, Val_Err = 2.08
root: Epoch: [235 | 300]
root: Train_Loss = 0.06478628516197205, Train_Err = 2.212
root: Val_Loss = 0.07804571092128754, Val_Err = 2.16
root: Epoch: [236 | 300]
root: Train_Loss = 0.06516941636800766, Train_Err = 2.188
root: Val_Loss = 0.07838727533817291, Val_Err = 2.14
root: Epoch: [237 | 300]
root: Train_Loss = 0.06457559764385223, Train_Err = 2.2
root: Val_Loss = 0.07830487936735153, Val_Err = 2.1
root: Epoch: [238 | 300]
root: Train_Loss = 0.06748323887586594, Train_Err = 2.334
root: Val_Loss = 0.07757966965436935, Val_Err = 2.09
root: Epoch: [239 | 300]
root: Train_Loss = 0.06436900049448013, Train_Err = 2.194
root: Val_Loss = 0.07818835228681564, Val_Err = 2.17
root: Epoch: [240 | 300]
root: Train_Loss = 0.06305474042892456, Train_Err = 2.184
root: Val_Loss = 0.07916730642318726, Val_Err = 2.17
root: Epoch: [241 | 300]
root: Train_Loss = 0.06666231155395508, Train_Err = 2.252
root: Val_Loss = 0.07824768126010895, Val_Err = 2.12
root: Epoch: [242 | 300]
root: Train_Loss = 0.06547505408525467, Train_Err = 2.254
root: Val_Loss = 0.07647448778152466, Val_Err = 2.09
root: Epoch: [243 | 300]
root: Train_Loss = 0.06610196083784103, Train_Err = 2.286
root: Val_Loss = 0.07810933887958527, Val_Err = 2.07
root: Epoch: [244 | 300]
root: Train_Loss = 0.06321638822555542, Train_Err = 2.196
root: Val_Loss = 0.07814794778823853, Val_Err = 2.11
root: Epoch: [245 | 300]
root: Train_Loss = 0.06362801790237427, Train_Err = 2.154
root: Val_Loss = 0.07946094870567322, Val_Err = 2.1
root: Epoch: [246 | 300]
root: Train_Loss = 0.06374448537826538, Train_Err = 2.212
root: Val_Loss = 0.0764332041144371, Val_Err = 2.06
root: Epoch: [247 | 300]
root: Train_Loss = 0.06272802501916885, Train_Err = 2.154
root: Val_Loss = 0.07839085161685944, Val_Err = 2.09
root: Epoch: [248 | 300]
root: Train_Loss = 0.06494159251451492, Train_Err = 2.334
root: Val_Loss = 0.07702554017305374, Val_Err = 2.07
root: Epoch: [249 | 300]
root: Train_Loss = 0.06598412245512009, Train_Err = 2.266
root: Val_Loss = 0.07892843335866928, Val_Err = 2.11
root: Epoch: [250 | 300]
root: Train_Loss = 0.0646219253540039, Train_Err = 2.238
root: Val_Loss = 0.07612620294094086, Val_Err = 1.99
root: Epoch: [251 | 300]
root: Train_Loss = 0.06344497203826904, Train_Err = 2.236
root: Val_Loss = 0.07696887105703354, Val_Err = 2.07
root: Epoch: [252 | 300]
root: Train_Loss = 0.06307734549045563, Train_Err = 2.166
root: Val_Loss = 0.07682642340660095, Val_Err = 2.09
root: Epoch: [253 | 300]
root: Train_Loss = 0.06338688731193542, Train_Err = 2.188
root: Val_Loss = 0.07706639915704727, Val_Err = 2.12
root: Epoch: [254 | 300]
root: Train_Loss = 0.06138837710022926, Train_Err = 2.074
root: Val_Loss = 0.07818617671728134, Val_Err = 2.08
root: Epoch: [255 | 300]
root: Train_Loss = 0.06459265202283859, Train_Err = 2.196
root: Val_Loss = 0.07788585871458054, Val_Err = 2.1
root: Epoch: [256 | 300]
root: Train_Loss = 0.06243058294057846, Train_Err = 2.17
root: Val_Loss = 0.07557004690170288, Val_Err = 2.09
root: Epoch: [257 | 300]
root: Train_Loss = 0.0627102255821228, Train_Err = 2.092
root: Val_Loss = 0.07601810991764069, Val_Err = 2.13
root: Epoch: [258 | 300]
root: Train_Loss = 0.061869002878665924, Train_Err = 2.118
root: Val_Loss = 0.077169269323349, Val_Err = 2.12
root: Epoch: [259 | 300]
root: Train_Loss = 0.06413879990577698, Train_Err = 2.218
root: Val_Loss = 0.07689425349235535, Val_Err = 2.15
root: Epoch: [260 | 300]
root: Train_Loss = 0.06429289281368256, Train_Err = 2.17
root: Val_Loss = 0.07890277355909348, Val_Err = 2.21
root: Epoch: [261 | 300]
root: Train_Loss = 0.06302940100431442, Train_Err = 2.146
root: Val_Loss = 0.07709410786628723, Val_Err = 2.08
root: Epoch: [262 | 300]
root: Train_Loss = 0.06210940703749657, Train_Err = 2.188
root: Val_Loss = 0.07678607851266861, Val_Err = 2.02
root: Epoch: [263 | 300]
root: Train_Loss = 0.06416241079568863, Train_Err = 2.232
root: Val_Loss = 0.07787878066301346, Val_Err = 2.11
root: Epoch: [264 | 300]
root: Train_Loss = 0.06308136135339737, Train_Err = 2.178
root: Val_Loss = 0.07659987360239029, Val_Err = 2.03
root: Epoch: [265 | 300]
root: Train_Loss = 0.061890874058008194, Train_Err = 2.154
root: Val_Loss = 0.07702009379863739, Val_Err = 2.05
root: Epoch: [266 | 300]
root: Train_Loss = 0.06003119796514511, Train_Err = 2.082
root: Val_Loss = 0.07848284393548965, Val_Err = 2.07
root: Epoch: [267 | 300]
root: Train_Loss = 0.06537513434886932, Train_Err = 2.266
root: Val_Loss = 0.07732626050710678, Val_Err = 2.12
root: Epoch: [268 | 300]
root: Train_Loss = 0.06053156405687332, Train_Err = 2.108
root: Val_Loss = 0.07814206928014755, Val_Err = 2.07
root: Epoch: [269 | 300]
root: Train_Loss = 0.05948367342352867, Train_Err = 2.004
root: Val_Loss = 0.07911160588264465, Val_Err = 2.07
root: Epoch: [270 | 300]
root: Train_Loss = 0.06127588823437691, Train_Err = 2.172
root: Val_Loss = 0.07880541682243347, Val_Err = 2.09
root: Epoch: [271 | 300]
root: Train_Loss = 0.06234239041805267, Train_Err = 2.16
root: Val_Loss = 0.07891614735126495, Val_Err = 2.04
root: Epoch: [272 | 300]
root: Train_Loss = 0.0636921301484108, Train_Err = 2.16
root: Val_Loss = 0.07752914726734161, Val_Err = 2.08
root: Epoch: [273 | 300]
root: Train_Loss = 0.0630568116903305, Train_Err = 2.184
root: Val_Loss = 0.07930126041173935, Val_Err = 2.13
root: Epoch: [274 | 300]
root: Train_Loss = 0.05961034819483757, Train_Err = 2.058
root: Val_Loss = 0.07783739268779755, Val_Err = 2.14
root: Epoch: [275 | 300]
root: Train_Loss = 0.05889718234539032, Train_Err = 2.038
root: Val_Loss = 0.07792016118764877, Val_Err = 2.14
root: Epoch: [276 | 300]
root: Train_Loss = 0.059762805700302124, Train_Err = 2.114
root: Val_Loss = 0.07778102904558182, Val_Err = 2.08
root: Epoch: [277 | 300]
root: Train_Loss = 0.06327997148036957, Train_Err = 2.18
root: Val_Loss = 0.07859086245298386, Val_Err = 2.07
root: Epoch: [278 | 300]
root: Train_Loss = 0.06211284548044205, Train_Err = 2.176
root: Val_Loss = 0.07660765945911407, Val_Err = 2.03
root: Epoch: [279 | 300]
root: Train_Loss = 0.061888616532087326, Train_Err = 2.144
root: Val_Loss = 0.07843929529190063, Val_Err = 2.09
root: Epoch: [280 | 300]
root: Train_Loss = 0.0602198950946331, Train_Err = 2.07
root: Val_Loss = 0.07798384875059128, Val_Err = 2.03
root: Epoch: [281 | 300]
root: Train_Loss = 0.06218326836824417, Train_Err = 2.2
root: Val_Loss = 0.07795698195695877, Val_Err = 2.04
root: Epoch: [282 | 300]
root: Train_Loss = 0.06249886378645897, Train_Err = 2.164
root: Val_Loss = 0.07922789454460144, Val_Err = 2.07
root: Epoch: [283 | 300]
root: Train_Loss = 0.060373455286026, Train_Err = 2.152
root: Val_Loss = 0.07823120802640915, Val_Err = 2.13
root: Epoch: [284 | 300]
root: Train_Loss = 0.062001511454582214, Train_Err = 2.138
root: Val_Loss = 0.07812724262475967, Val_Err = 2.07
root: Epoch: [285 | 300]
root: Train_Loss = 0.06216856464743614, Train_Err = 2.222
root: Val_Loss = 0.07810147851705551, Val_Err = 2.04
root: Epoch: [286 | 300]
root: Train_Loss = 0.0599973239004612, Train_Err = 2.06
root: Val_Loss = 0.07818958908319473, Val_Err = 2.11
root: Epoch: [287 | 300]
root: Train_Loss = 0.06037585437297821, Train_Err = 2.124
root: Val_Loss = 0.07880254089832306, Val_Err = 2.16
root: Epoch: [288 | 300]
root: Train_Loss = 0.057935915887355804, Train_Err = 1.99
root: Val_Loss = 0.07747765630483627, Val_Err = 2.04
root: Epoch: [289 | 300]
root: Train_Loss = 0.06106358394026756, Train_Err = 2.082
root: Val_Loss = 0.07681098580360413, Val_Err = 2.08
root: Epoch: [290 | 300]
root: Train_Loss = 0.059902239590883255, Train_Err = 2.078
root: Val_Loss = 0.0772155225276947, Val_Err = 2.09
root: Epoch: [291 | 300]
root: Train_Loss = 0.06314877420663834, Train_Err = 2.178
root: Val_Loss = 0.07882191985845566, Val_Err = 2.14
root: Epoch: [292 | 300]
root: Train_Loss = 0.05887366086244583, Train_Err = 2.032
root: Val_Loss = 0.0776238963007927, Val_Err = 2.05
root: Epoch: [293 | 300]
root: Train_Loss = 0.06132664531469345, Train_Err = 2.192
root: Val_Loss = 0.07804493606090546, Val_Err = 2.05
root: Epoch: [294 | 300]
root: Train_Loss = 0.060840774327516556, Train_Err = 2.158
root: Val_Loss = 0.07600487023591995, Val_Err = 1.97
root: Epoch: [295 | 300]
root: Train_Loss = 0.05994975566864014, Train_Err = 2.046
root: Val_Loss = 0.07793653756380081, Val_Err = 1.97
root: Epoch: [296 | 300]
root: Train_Loss = 0.059496425092220306, Train_Err = 2.064
root: Val_Loss = 0.07910522073507309, Val_Err = 2.02
root: Epoch: [297 | 300]
root: Train_Loss = 0.05773181468248367, Train_Err = 2.054
root: Val_Loss = 0.07697462290525436, Val_Err = 2.05
root: Epoch: [298 | 300]
root: Train_Loss = 0.060027141124010086, Train_Err = 2.08
root: Val_Loss = 0.07739798724651337, Val_Err = 2.04
root: Epoch: [299 | 300]
root: Train_Loss = 0.061260197311639786, Train_Err = 2.178
root: Val_Loss = 0.07719773799180984, Val_Err = 2.04
