root: Namespace(batch_size=128, cp_dir='checkpoints/autoaugment_cutout/cifar10/smooth_out/run_ms_0/pyramidnet_272_8_0.009', depth=272, dtype='cifar10', epochs=300, img_aug='autoaugment_cutout', learning_rate=0.1, momentum=0.9, mtype='pyramidnet', num_classes=10, seed=0, smooth_out_a=0.009, threads=8, weight_decay=0.0001, width_factor=8)
root: Epoch: [0 | 300]
root: Train_Loss = 1.8530527353286743, Train_Err = 67.75
root: Val_Loss = 1.5268332958221436, Val_Err = 53.8
root: Epoch: [1 | 300]
root: Train_Loss = 1.2642368078231812, Train_Err = 45.244
root: Val_Loss = 1.097588062286377, Val_Err = 38.21
root: Epoch: [2 | 300]
root: Train_Loss = 1.009480595588684, Train_Err = 35.354
root: Val_Loss = 0.841801643371582, Val_Err = 28.3
root: Epoch: [3 | 300]
root: Train_Loss = 0.8642271161079407, Train_Err = 30.04
root: Val_Loss = 0.9461233019828796, Val_Err = 31.24
root: Epoch: [4 | 300]
root: Train_Loss = 0.7840489149093628, Train_Err = 27.218
root: Val_Loss = 0.7473454475402832, Val_Err = 24.15
root: Epoch: [5 | 300]
root: Train_Loss = 0.7222623825073242, Train_Err = 25.27
root: Val_Loss = 0.5894947052001953, Val_Err = 20.25
root: Epoch: [6 | 300]
root: Train_Loss = 0.6804777979850769, Train_Err = 23.618
root: Val_Loss = 0.5434415340423584, Val_Err = 19.05
root: Epoch: [7 | 300]
root: Train_Loss = 0.642004132270813, Train_Err = 22.218
root: Val_Loss = 0.5255741477012634, Val_Err = 17.53
root: Epoch: [8 | 300]
root: Train_Loss = 0.6101702451705933, Train_Err = 21.24
root: Val_Loss = 0.5714039206504822, Val_Err = 18.41
root: Epoch: [9 | 300]
root: Train_Loss = 0.5822139978408813, Train_Err = 20.232
root: Val_Loss = 0.4200265109539032, Val_Err = 13.9
root: Epoch: [10 | 300]
root: Train_Loss = 0.5646532773971558, Train_Err = 19.602
root: Val_Loss = 0.42708006501197815, Val_Err = 14.41
root: Epoch: [11 | 300]
root: Train_Loss = 0.542252242565155, Train_Err = 18.728
root: Val_Loss = 0.4117806553840637, Val_Err = 13.94
root: Epoch: [12 | 300]
root: Train_Loss = 0.5300970673561096, Train_Err = 18.27
root: Val_Loss = 0.40285471081733704, Val_Err = 13.71
root: Epoch: [13 | 300]
root: Train_Loss = 0.5100247263908386, Train_Err = 17.652
root: Val_Loss = 0.37368014454841614, Val_Err = 12.92
root: Epoch: [14 | 300]
root: Train_Loss = 0.5024682283401489, Train_Err = 17.534
root: Val_Loss = 0.3621670603752136, Val_Err = 12.16
root: Epoch: [15 | 300]
root: Train_Loss = 0.48939889669418335, Train_Err = 17.164
root: Val_Loss = 0.4403490126132965, Val_Err = 14.96
root: Epoch: [16 | 300]
root: Train_Loss = 0.47144225239753723, Train_Err = 16.438
root: Val_Loss = 0.40845659375190735, Val_Err = 13.76
root: Epoch: [17 | 300]
root: Train_Loss = 0.472407728433609, Train_Err = 16.426
root: Val_Loss = 0.32367968559265137, Val_Err = 11.31
root: Epoch: [18 | 300]
root: Train_Loss = 0.4648454487323761, Train_Err = 16.258
root: Val_Loss = 0.3411282002925873, Val_Err = 11.27
root: Epoch: [19 | 300]
root: Train_Loss = 0.4543141722679138, Train_Err = 15.612
root: Val_Loss = 0.38149017095565796, Val_Err = 12.7
root: Epoch: [20 | 300]
root: Train_Loss = 0.44453462958335876, Train_Err = 15.472
root: Val_Loss = 0.3311241567134857, Val_Err = 11.13
root: Epoch: [21 | 300]
root: Train_Loss = 0.44254323840141296, Train_Err = 15.358
root: Val_Loss = 0.41658568382263184, Val_Err = 13.14
root: Epoch: [22 | 300]
root: Train_Loss = 0.43200820684432983, Train_Err = 14.992
root: Val_Loss = 0.32523873448371887, Val_Err = 11.08
root: Epoch: [23 | 300]
root: Train_Loss = 0.42836108803749084, Train_Err = 15.146
root: Val_Loss = 0.2816208302974701, Val_Err = 9.64
root: Epoch: [24 | 300]
root: Train_Loss = 0.41826900839805603, Train_Err = 14.636
root: Val_Loss = 0.2789590060710907, Val_Err = 9.79
root: Epoch: [25 | 300]
root: Train_Loss = 0.4125971496105194, Train_Err = 14.286
root: Val_Loss = 0.3291293978691101, Val_Err = 11.69
root: Epoch: [26 | 300]
root: Train_Loss = 0.4089888632297516, Train_Err = 14.322
root: Val_Loss = 0.2645721733570099, Val_Err = 8.6
root: Epoch: [27 | 300]
root: Train_Loss = 0.39998605847358704, Train_Err = 13.86
root: Val_Loss = 0.3107617497444153, Val_Err = 10.56
root: Epoch: [28 | 300]
root: Train_Loss = 0.39775440096855164, Train_Err = 13.89
root: Val_Loss = 0.28843027353286743, Val_Err = 9.51
root: Epoch: [29 | 300]
root: Train_Loss = 0.39093342423439026, Train_Err = 13.776
root: Val_Loss = 0.31236228346824646, Val_Err = 10.36
root: Epoch: [30 | 300]
root: Train_Loss = 0.3853591978549957, Train_Err = 13.554
root: Val_Loss = 0.334914892911911, Val_Err = 10.95
root: Epoch: [31 | 300]
root: Train_Loss = 0.387247771024704, Train_Err = 13.468
root: Val_Loss = 0.25484269857406616, Val_Err = 8.42
root: Epoch: [32 | 300]
root: Train_Loss = 0.37984099984169006, Train_Err = 13.32
root: Val_Loss = 0.32005810737609863, Val_Err = 10.36
root: Epoch: [33 | 300]
root: Train_Loss = 0.3782593607902527, Train_Err = 13.278
root: Val_Loss = 0.24438615143299103, Val_Err = 8.22
root: Epoch: [34 | 300]
root: Train_Loss = 0.3686171770095825, Train_Err = 12.788
root: Val_Loss = 0.3118589520454407, Val_Err = 10.3
root: Epoch: [35 | 300]
root: Train_Loss = 0.367244690656662, Train_Err = 12.774
root: Val_Loss = 0.3076717257499695, Val_Err = 9.74
root: Epoch: [36 | 300]
root: Train_Loss = 0.36506152153015137, Train_Err = 12.748
root: Val_Loss = 0.2773435115814209, Val_Err = 9.06
root: Epoch: [37 | 300]
root: Train_Loss = 0.36584484577178955, Train_Err = 12.75
root: Val_Loss = 0.25656363368034363, Val_Err = 8.26
root: Epoch: [38 | 300]
root: Train_Loss = 0.35851866006851196, Train_Err = 12.47
root: Val_Loss = 0.28427669405937195, Val_Err = 9.16
root: Epoch: [39 | 300]
root: Train_Loss = 0.36074569821357727, Train_Err = 12.652
root: Val_Loss = 0.278168648481369, Val_Err = 9.15
root: Epoch: [40 | 300]
root: Train_Loss = 0.3500407636165619, Train_Err = 12.17
root: Val_Loss = 0.2509210705757141, Val_Err = 8.25
root: Epoch: [41 | 300]
root: Train_Loss = 0.3484255373477936, Train_Err = 12.142
root: Val_Loss = 0.23836718499660492, Val_Err = 8.17
root: Epoch: [42 | 300]
root: Train_Loss = 0.35290318727493286, Train_Err = 12.422
root: Val_Loss = 0.28808289766311646, Val_Err = 8.88
root: Epoch: [43 | 300]
root: Train_Loss = 0.34260499477386475, Train_Err = 12.04
root: Val_Loss = 0.23639345169067383, Val_Err = 7.83
root: Epoch: [44 | 300]
root: Train_Loss = 0.3423173725605011, Train_Err = 12.026
root: Val_Loss = 0.24895687401294708, Val_Err = 8.09
root: Epoch: [45 | 300]
root: Train_Loss = 0.336993545293808, Train_Err = 11.738
root: Val_Loss = 0.2646738290786743, Val_Err = 8.62
root: Epoch: [46 | 300]
root: Train_Loss = 0.3328721523284912, Train_Err = 11.696
root: Val_Loss = 0.26534485816955566, Val_Err = 8.77
root: Epoch: [47 | 300]
root: Train_Loss = 0.3369327187538147, Train_Err = 11.78
root: Val_Loss = 0.23992978036403656, Val_Err = 7.74
root: Epoch: [48 | 300]
root: Train_Loss = 0.33473658561706543, Train_Err = 11.506
root: Val_Loss = 0.30496150255203247, Val_Err = 9.54
root: Epoch: [49 | 300]
root: Train_Loss = 0.32932502031326294, Train_Err = 11.522
root: Val_Loss = 0.2283754050731659, Val_Err = 7.79
root: Epoch: [50 | 300]
root: Train_Loss = 0.3300272524356842, Train_Err = 11.46
root: Val_Loss = 0.23768073320388794, Val_Err = 7.73
root: Epoch: [51 | 300]
root: Train_Loss = 0.32979631423950195, Train_Err = 11.522
root: Val_Loss = 0.24377833306789398, Val_Err = 7.97
root: Epoch: [52 | 300]
root: Train_Loss = 0.32938656210899353, Train_Err = 11.52
root: Val_Loss = 0.2635561227798462, Val_Err = 8.27
root: Epoch: [53 | 300]
root: Train_Loss = 0.3308030366897583, Train_Err = 11.538
root: Val_Loss = 0.2501128315925598, Val_Err = 8.06
root: Epoch: [54 | 300]
root: Train_Loss = 0.31545233726501465, Train_Err = 10.99
root: Val_Loss = 0.2547917068004608, Val_Err = 8.22
root: Epoch: [55 | 300]
root: Train_Loss = 0.3204207122325897, Train_Err = 11.21
root: Val_Loss = 0.22024694085121155, Val_Err = 7.16
root: Epoch: [56 | 300]
root: Train_Loss = 0.3192618787288666, Train_Err = 11.11
root: Val_Loss = 0.23901283740997314, Val_Err = 7.57
root: Epoch: [57 | 300]
root: Train_Loss = 0.3192850649356842, Train_Err = 11.176
root: Val_Loss = 0.2124253660440445, Val_Err = 6.96
root: Epoch: [58 | 300]
root: Train_Loss = 0.3127819895744324, Train_Err = 10.826
root: Val_Loss = 0.2221291959285736, Val_Err = 7.49
root: Epoch: [59 | 300]
root: Train_Loss = 0.3125268220901489, Train_Err = 10.954
root: Val_Loss = 0.2699756324291229, Val_Err = 8.2
root: Epoch: [60 | 300]
root: Train_Loss = 0.3157530426979065, Train_Err = 11.074
root: Val_Loss = 0.25719162821769714, Val_Err = 8.21
root: Epoch: [61 | 300]
root: Train_Loss = 0.31821152567863464, Train_Err = 11.25
root: Val_Loss = 0.26670393347740173, Val_Err = 8.58
root: Epoch: [62 | 300]
root: Train_Loss = 0.3127274811267853, Train_Err = 10.75
root: Val_Loss = 0.32826367020606995, Val_Err = 9.96
root: Epoch: [63 | 300]
root: Train_Loss = 0.3085450828075409, Train_Err = 10.828
root: Val_Loss = 0.3103814721107483, Val_Err = 9.65
root: Epoch: [64 | 300]
root: Train_Loss = 0.3087009787559509, Train_Err = 10.654
root: Val_Loss = 0.22312863171100616, Val_Err = 7.13
root: Epoch: [65 | 300]
root: Train_Loss = 0.3084925413131714, Train_Err = 10.744
root: Val_Loss = 0.21228499710559845, Val_Err = 6.75
root: Epoch: [66 | 300]
root: Train_Loss = 0.30229341983795166, Train_Err = 10.648
root: Val_Loss = 0.273887574672699, Val_Err = 8.39
root: Epoch: [67 | 300]
root: Train_Loss = 0.30515703558921814, Train_Err = 10.722
root: Val_Loss = 0.2013200968503952, Val_Err = 6.41
root: Epoch: [68 | 300]
root: Train_Loss = 0.30579322576522827, Train_Err = 10.662
root: Val_Loss = 0.26238974928855896, Val_Err = 8.26
root: Epoch: [69 | 300]
root: Train_Loss = 0.3029579818248749, Train_Err = 10.508
root: Val_Loss = 0.25142747163772583, Val_Err = 8.06
root: Epoch: [70 | 300]
root: Train_Loss = 0.3045898973941803, Train_Err = 10.66
root: Val_Loss = 0.2764401435852051, Val_Err = 8.76
root: Epoch: [71 | 300]
root: Train_Loss = 0.3043658435344696, Train_Err = 10.664
root: Val_Loss = 0.24640409648418427, Val_Err = 7.88
root: Epoch: [72 | 300]
root: Train_Loss = 0.2976575493812561, Train_Err = 10.504
root: Val_Loss = 0.21789701282978058, Val_Err = 6.99
root: Epoch: [73 | 300]
root: Train_Loss = 0.2970874011516571, Train_Err = 10.53
root: Val_Loss = 0.21879982948303223, Val_Err = 7.18
root: Epoch: [74 | 300]
root: Train_Loss = 0.29818394780158997, Train_Err = 10.388
root: Val_Loss = 0.24169212579727173, Val_Err = 7.61
root: Epoch: [75 | 300]
root: Train_Loss = 0.2942068576812744, Train_Err = 10.204
root: Val_Loss = 0.21438369154930115, Val_Err = 7.24
root: Epoch: [76 | 300]
root: Train_Loss = 0.30217278003692627, Train_Err = 10.488
root: Val_Loss = 0.21632163226604462, Val_Err = 6.81
root: Epoch: [77 | 300]
root: Train_Loss = 0.2988473176956177, Train_Err = 10.468
root: Val_Loss = 0.23851996660232544, Val_Err = 7.64
root: Epoch: [78 | 300]
root: Train_Loss = 0.29294389486312866, Train_Err = 10.276
root: Val_Loss = 0.2321133315563202, Val_Err = 7.2
root: Epoch: [79 | 300]
root: Train_Loss = 0.2937184274196625, Train_Err = 10.186
root: Val_Loss = 0.257787823677063, Val_Err = 8.03
root: Epoch: [80 | 300]
root: Train_Loss = 0.2929353415966034, Train_Err = 10.174
root: Val_Loss = 0.23290802538394928, Val_Err = 7.56
root: Epoch: [81 | 300]
root: Train_Loss = 0.29225844144821167, Train_Err = 10.1
root: Val_Loss = 0.2073255032300949, Val_Err = 6.76
root: Epoch: [82 | 300]
root: Train_Loss = 0.29114851355552673, Train_Err = 10.148
root: Val_Loss = 0.31670522689819336, Val_Err = 9.05
root: Epoch: [83 | 300]
root: Train_Loss = 0.28924795985221863, Train_Err = 9.942
root: Val_Loss = 0.22148671746253967, Val_Err = 6.86
root: Epoch: [84 | 300]
root: Train_Loss = 0.2839137613773346, Train_Err = 9.938
root: Val_Loss = 0.19221875071525574, Val_Err = 6.37
root: Epoch: [85 | 300]
root: Train_Loss = 0.29113736748695374, Train_Err = 10.084
root: Val_Loss = 0.262798935174942, Val_Err = 8.08
root: Epoch: [86 | 300]
root: Train_Loss = 0.2876468300819397, Train_Err = 10.148
root: Val_Loss = 0.21113836765289307, Val_Err = 6.36
root: Epoch: [87 | 300]
root: Train_Loss = 0.28414830565452576, Train_Err = 9.992
root: Val_Loss = 0.2252269983291626, Val_Err = 7.02
root: Epoch: [88 | 300]
root: Train_Loss = 0.2879149317741394, Train_Err = 10.046
root: Val_Loss = 0.2091754525899887, Val_Err = 6.65
root: Epoch: [89 | 300]
root: Train_Loss = 0.28849998116493225, Train_Err = 10.022
root: Val_Loss = 0.2470676451921463, Val_Err = 7.8
root: Epoch: [90 | 300]
root: Train_Loss = 0.2823317348957062, Train_Err = 9.884
root: Val_Loss = 0.21725673973560333, Val_Err = 6.48
root: Epoch: [91 | 300]
root: Train_Loss = 0.28021299839019775, Train_Err = 9.716
root: Val_Loss = 0.18796905875205994, Val_Err = 6.11
root: Epoch: [92 | 300]
root: Train_Loss = 0.2842658460140228, Train_Err = 9.942
root: Val_Loss = 0.26484358310699463, Val_Err = 7.93
root: Epoch: [93 | 300]
root: Train_Loss = 0.28057363629341125, Train_Err = 9.686
root: Val_Loss = 0.2098129391670227, Val_Err = 6.72
root: Epoch: [94 | 300]
root: Train_Loss = 0.2791670560836792, Train_Err = 9.67
root: Val_Loss = 0.2425251603126526, Val_Err = 7.44
root: Epoch: [95 | 300]
root: Train_Loss = 0.2785269320011139, Train_Err = 9.572
root: Val_Loss = 0.27452921867370605, Val_Err = 8.41
root: Epoch: [96 | 300]
root: Train_Loss = 0.28050607442855835, Train_Err = 9.752
root: Val_Loss = 0.18458230793476105, Val_Err = 5.72
root: Epoch: [97 | 300]
root: Train_Loss = 0.2783913314342499, Train_Err = 9.77
root: Val_Loss = 0.21283476054668427, Val_Err = 6.62
root: Epoch: [98 | 300]
root: Train_Loss = 0.2724485397338867, Train_Err = 9.536
root: Val_Loss = 0.22078822553157806, Val_Err = 6.88
root: Epoch: [99 | 300]
root: Train_Loss = 0.2805960774421692, Train_Err = 9.768
root: Val_Loss = 0.20775292813777924, Val_Err = 6.67
root: Epoch: [100 | 300]
root: Train_Loss = 0.2756420969963074, Train_Err = 9.684
root: Val_Loss = 0.21579904854297638, Val_Err = 6.59
root: Epoch: [101 | 300]
root: Train_Loss = 0.27131137251853943, Train_Err = 9.416
root: Val_Loss = 0.20349667966365814, Val_Err = 6.61
root: Epoch: [102 | 300]
root: Train_Loss = 0.27406758069992065, Train_Err = 9.548
root: Val_Loss = 0.26453831791877747, Val_Err = 7.81
root: Epoch: [103 | 300]
root: Train_Loss = 0.2761150598526001, Train_Err = 9.712
root: Val_Loss = 0.2132023572921753, Val_Err = 6.61
root: Epoch: [104 | 300]
root: Train_Loss = 0.2724863886833191, Train_Err = 9.412
root: Val_Loss = 0.2047809660434723, Val_Err = 6.54
root: Epoch: [105 | 300]
root: Train_Loss = 0.2757904827594757, Train_Err = 9.66
root: Val_Loss = 0.23216813802719116, Val_Err = 7.22
root: Epoch: [106 | 300]
root: Train_Loss = 0.2694014012813568, Train_Err = 9.542
root: Val_Loss = 0.20262709259986877, Val_Err = 6.51
root: Epoch: [107 | 300]
root: Train_Loss = 0.2650373578071594, Train_Err = 9.352
root: Val_Loss = 0.2353396713733673, Val_Err = 7.4
root: Epoch: [108 | 300]
root: Train_Loss = 0.2722664475440979, Train_Err = 9.562
root: Val_Loss = 0.20570527017116547, Val_Err = 6.62
root: Epoch: [109 | 300]
root: Train_Loss = 0.2678753137588501, Train_Err = 9.372
root: Val_Loss = 0.2617618441581726, Val_Err = 7.83
root: Epoch: [110 | 300]
root: Train_Loss = 0.2659689486026764, Train_Err = 9.232
root: Val_Loss = 0.17364054918289185, Val_Err = 5.57
root: Epoch: [111 | 300]
root: Train_Loss = 0.27311447262763977, Train_Err = 9.48
root: Val_Loss = 0.21444818377494812, Val_Err = 6.94
root: Epoch: [112 | 300]
root: Train_Loss = 0.27139800786972046, Train_Err = 9.602
root: Val_Loss = 0.18284939229488373, Val_Err = 5.8
root: Epoch: [113 | 300]
root: Train_Loss = 0.2662990391254425, Train_Err = 9.402
root: Val_Loss = 0.2409224510192871, Val_Err = 7.45
root: Epoch: [114 | 300]
root: Train_Loss = 0.2672272324562073, Train_Err = 9.346
root: Val_Loss = 0.18850021064281464, Val_Err = 5.89
root: Epoch: [115 | 300]
root: Train_Loss = 0.2621442377567291, Train_Err = 9.244
root: Val_Loss = 0.2067192643880844, Val_Err = 6.32
root: Epoch: [116 | 300]
root: Train_Loss = 0.2652193009853363, Train_Err = 9.376
root: Val_Loss = 0.1952601969242096, Val_Err = 6.42
root: Epoch: [117 | 300]
root: Train_Loss = 0.2630482017993927, Train_Err = 9.286
root: Val_Loss = 0.28228142857551575, Val_Err = 8.52
root: Epoch: [118 | 300]
root: Train_Loss = 0.26133525371551514, Train_Err = 9.1
root: Val_Loss = 0.18589083850383759, Val_Err = 5.94
root: Epoch: [119 | 300]
root: Train_Loss = 0.26428714394569397, Train_Err = 9.284
root: Val_Loss = 0.21279685199260712, Val_Err = 6.65
root: Epoch: [120 | 300]
root: Train_Loss = 0.2664976119995117, Train_Err = 9.336
root: Val_Loss = 0.21573828160762787, Val_Err = 6.79
root: Epoch: [121 | 300]
root: Train_Loss = 0.2604939937591553, Train_Err = 9.098
root: Val_Loss = 0.22136512398719788, Val_Err = 6.92
root: Epoch: [122 | 300]
root: Train_Loss = 0.26069313287734985, Train_Err = 9.218
root: Val_Loss = 0.2167089283466339, Val_Err = 6.61
root: Epoch: [123 | 300]
root: Train_Loss = 0.2642442584037781, Train_Err = 9.294
root: Val_Loss = 0.24451285600662231, Val_Err = 7.54
root: Epoch: [124 | 300]
root: Train_Loss = 0.26008790731430054, Train_Err = 9.088
root: Val_Loss = 0.21105484664440155, Val_Err = 6.64
root: Epoch: [125 | 300]
root: Train_Loss = 0.26362189650535583, Train_Err = 9.218
root: Val_Loss = 0.267526775598526, Val_Err = 8.0
root: Epoch: [126 | 300]
root: Train_Loss = 0.2600144147872925, Train_Err = 9.048
root: Val_Loss = 0.19333451986312866, Val_Err = 6.09
root: Epoch: [127 | 300]
root: Train_Loss = 0.25318339467048645, Train_Err = 8.86
root: Val_Loss = 0.20911596715450287, Val_Err = 6.49
root: Epoch: [128 | 300]
root: Train_Loss = 0.2586699426174164, Train_Err = 8.988
root: Val_Loss = 0.22471469640731812, Val_Err = 7.09
root: Epoch: [129 | 300]
root: Train_Loss = 0.25173720717430115, Train_Err = 8.854
root: Val_Loss = 0.24621576070785522, Val_Err = 7.3
root: Epoch: [130 | 300]
root: Train_Loss = 0.26316747069358826, Train_Err = 9.242
root: Val_Loss = 0.18469935655593872, Val_Err = 6.22
root: Epoch: [131 | 300]
root: Train_Loss = 0.2525685429573059, Train_Err = 8.854
root: Val_Loss = 0.2070591002702713, Val_Err = 6.54
root: Epoch: [132 | 300]
root: Train_Loss = 0.2594628930091858, Train_Err = 9.002
root: Val_Loss = 0.1816560924053192, Val_Err = 5.86
root: Epoch: [133 | 300]
root: Train_Loss = 0.2643052637577057, Train_Err = 9.272
root: Val_Loss = 0.24299797415733337, Val_Err = 7.34
root: Epoch: [134 | 300]
root: Train_Loss = 0.25744113326072693, Train_Err = 9.058
root: Val_Loss = 0.1870143562555313, Val_Err = 5.97
root: Epoch: [135 | 300]
root: Train_Loss = 0.25857412815093994, Train_Err = 9.12
root: Val_Loss = 0.19191040098667145, Val_Err = 5.75
root: Epoch: [136 | 300]
root: Train_Loss = 0.25149351358413696, Train_Err = 8.776
root: Val_Loss = 0.19598126411437988, Val_Err = 5.87
root: Epoch: [137 | 300]
root: Train_Loss = 0.2536325454711914, Train_Err = 8.866
root: Val_Loss = 0.24580223858356476, Val_Err = 7.42
root: Epoch: [138 | 300]
root: Train_Loss = 0.2517126500606537, Train_Err = 8.74
root: Val_Loss = 0.2386145144701004, Val_Err = 7.49
root: Epoch: [139 | 300]
root: Train_Loss = 0.2566364109516144, Train_Err = 9.106
root: Val_Loss = 0.22522394359111786, Val_Err = 7.3
root: Epoch: [140 | 300]
root: Train_Loss = 0.25286421179771423, Train_Err = 8.836
root: Val_Loss = 0.1872696429491043, Val_Err = 5.85
root: Epoch: [141 | 300]
root: Train_Loss = 0.2540157437324524, Train_Err = 8.916
root: Val_Loss = 0.2154228389263153, Val_Err = 6.71
root: Epoch: [142 | 300]
root: Train_Loss = 0.24927695095539093, Train_Err = 8.622
root: Val_Loss = 0.19478337466716766, Val_Err = 6.08
root: Epoch: [143 | 300]
root: Train_Loss = 0.2507876753807068, Train_Err = 8.746
root: Val_Loss = 0.1822625994682312, Val_Err = 5.8
root: Epoch: [144 | 300]
root: Train_Loss = 0.25168317556381226, Train_Err = 8.658
root: Val_Loss = 0.2130410522222519, Val_Err = 6.66
root: Epoch: [145 | 300]
root: Train_Loss = 0.2567729651927948, Train_Err = 9.018
root: Val_Loss = 0.18708132207393646, Val_Err = 5.98
root: Epoch: [146 | 300]
root: Train_Loss = 0.24916350841522217, Train_Err = 8.848
root: Val_Loss = 0.26282650232315063, Val_Err = 7.69
root: Epoch: [147 | 300]
root: Train_Loss = 0.25040045380592346, Train_Err = 8.73
root: Val_Loss = 0.19316411018371582, Val_Err = 6.1
root: Epoch: [148 | 300]
root: Train_Loss = 0.24488075077533722, Train_Err = 8.68
root: Val_Loss = 0.21039308607578278, Val_Err = 6.53
root: Epoch: [149 | 300]
root: Train_Loss = 0.2569805681705475, Train_Err = 9.03
root: Val_Loss = 0.17721539735794067, Val_Err = 5.77
root: Epoch: [150 | 300]
root: Train_Loss = 0.1712464541196823, Train_Err = 5.89
root: Val_Loss = 0.10322912037372589, Val_Err = 3.37
root: Epoch: [151 | 300]
root: Train_Loss = 0.14314977824687958, Train_Err = 4.92
root: Val_Loss = 0.09693694859743118, Val_Err = 3.05
root: Epoch: [152 | 300]
root: Train_Loss = 0.12964345514774323, Train_Err = 4.486
root: Val_Loss = 0.09393755346536636, Val_Err = 2.98
root: Epoch: [153 | 300]
root: Train_Loss = 0.1231691762804985, Train_Err = 4.266
root: Val_Loss = 0.09113243967294693, Val_Err = 2.87
root: Epoch: [154 | 300]
root: Train_Loss = 0.1191178485751152, Train_Err = 4.062
root: Val_Loss = 0.0895780548453331, Val_Err = 2.74
root: Epoch: [155 | 300]
root: Train_Loss = 0.11646901816129684, Train_Err = 4.032
root: Val_Loss = 0.09045431762933731, Val_Err = 2.69
root: Epoch: [156 | 300]
root: Train_Loss = 0.11295118182897568, Train_Err = 3.838
root: Val_Loss = 0.08889155089855194, Val_Err = 2.63
root: Epoch: [157 | 300]
root: Train_Loss = 0.10843519866466522, Train_Err = 3.85
root: Val_Loss = 0.09024343639612198, Val_Err = 2.7
root: Epoch: [158 | 300]
root: Train_Loss = 0.10641125589609146, Train_Err = 3.674
root: Val_Loss = 0.08964581787586212, Val_Err = 2.78
root: Epoch: [159 | 300]
root: Train_Loss = 0.11034942418336868, Train_Err = 3.81
root: Val_Loss = 0.09024497866630554, Val_Err = 2.73
root: Epoch: [160 | 300]
root: Train_Loss = 0.10536883771419525, Train_Err = 3.672
root: Val_Loss = 0.08868666738271713, Val_Err = 2.58
root: Epoch: [161 | 300]
root: Train_Loss = 0.1044597402215004, Train_Err = 3.656
root: Val_Loss = 0.09120697528123856, Val_Err = 2.73
root: Epoch: [162 | 300]
root: Train_Loss = 0.10300807654857635, Train_Err = 3.582
root: Val_Loss = 0.0889812484383583, Val_Err = 2.64
root: Epoch: [163 | 300]
root: Train_Loss = 0.10246268659830093, Train_Err = 3.58
root: Val_Loss = 0.092587910592556, Val_Err = 2.64
root: Epoch: [164 | 300]
root: Train_Loss = 0.10291671007871628, Train_Err = 3.544
root: Val_Loss = 0.09111909568309784, Val_Err = 2.83
root: Epoch: [165 | 300]
root: Train_Loss = 0.09990601241588593, Train_Err = 3.484
root: Val_Loss = 0.09216360002756119, Val_Err = 2.69
root: Epoch: [166 | 300]
root: Train_Loss = 0.09459155797958374, Train_Err = 3.288
root: Val_Loss = 0.0900733694434166, Val_Err = 2.67
root: Epoch: [167 | 300]
root: Train_Loss = 0.09361923485994339, Train_Err = 3.31
root: Val_Loss = 0.09046977013349533, Val_Err = 2.59
root: Epoch: [168 | 300]
root: Train_Loss = 0.09571574628353119, Train_Err = 3.276
root: Val_Loss = 0.0945366621017456, Val_Err = 2.62
root: Epoch: [169 | 300]
root: Train_Loss = 0.09707850962877274, Train_Err = 3.348
root: Val_Loss = 0.09362398087978363, Val_Err = 2.7
root: Epoch: [170 | 300]
root: Train_Loss = 0.09632878750562668, Train_Err = 3.316
root: Val_Loss = 0.092045359313488, Val_Err = 2.79
root: Epoch: [171 | 300]
root: Train_Loss = 0.09304383397102356, Train_Err = 3.178
root: Val_Loss = 0.0916532427072525, Val_Err = 2.65
root: Epoch: [172 | 300]
root: Train_Loss = 0.09503340721130371, Train_Err = 3.29
root: Val_Loss = 0.09289075434207916, Val_Err = 2.71
root: Epoch: [173 | 300]
root: Train_Loss = 0.09332756698131561, Train_Err = 3.17
root: Val_Loss = 0.09246543049812317, Val_Err = 2.52
root: Epoch: [174 | 300]
root: Train_Loss = 0.09437226504087448, Train_Err = 3.264
root: Val_Loss = 0.09113717079162598, Val_Err = 2.67
root: Epoch: [175 | 300]
root: Train_Loss = 0.09149424731731415, Train_Err = 3.234
root: Val_Loss = 0.09468910843133926, Val_Err = 2.71
root: Epoch: [176 | 300]
root: Train_Loss = 0.09315327554941177, Train_Err = 3.246
root: Val_Loss = 0.08999022841453552, Val_Err = 2.49
root: Epoch: [177 | 300]
root: Train_Loss = 0.08708242326974869, Train_Err = 3.008
root: Val_Loss = 0.08905744552612305, Val_Err = 2.43
root: Epoch: [178 | 300]
root: Train_Loss = 0.09378218650817871, Train_Err = 3.274
root: Val_Loss = 0.09653226286172867, Val_Err = 2.73
root: Epoch: [179 | 300]
root: Train_Loss = 0.08960229158401489, Train_Err = 3.082
root: Val_Loss = 0.10014331340789795, Val_Err = 2.8
root: Epoch: [180 | 300]
root: Train_Loss = 0.08995658904314041, Train_Err = 3.136
root: Val_Loss = 0.09654506295919418, Val_Err = 2.69
root: Epoch: [181 | 300]
root: Train_Loss = 0.09166466444730759, Train_Err = 3.22
root: Val_Loss = 0.0935034230351448, Val_Err = 2.52
root: Epoch: [182 | 300]
root: Train_Loss = 0.09151960909366608, Train_Err = 3.13
root: Val_Loss = 0.09464281797409058, Val_Err = 2.68
root: Epoch: [183 | 300]
root: Train_Loss = 0.08757149428129196, Train_Err = 2.994
root: Val_Loss = 0.0969252809882164, Val_Err = 2.67
root: Epoch: [184 | 300]
root: Train_Loss = 0.09086038172245026, Train_Err = 3.112
root: Val_Loss = 0.09428703784942627, Val_Err = 2.61
root: Epoch: [185 | 300]
root: Train_Loss = 0.08986963331699371, Train_Err = 2.998
root: Val_Loss = 0.0967499390244484, Val_Err = 2.69
root: Epoch: [186 | 300]
root: Train_Loss = 0.08375890552997589, Train_Err = 2.96
root: Val_Loss = 0.09342300891876221, Val_Err = 2.7
root: Epoch: [187 | 300]
root: Train_Loss = 0.09008466452360153, Train_Err = 3.146
root: Val_Loss = 0.09767486155033112, Val_Err = 2.82
root: Epoch: [188 | 300]
root: Train_Loss = 0.08685392141342163, Train_Err = 2.994
root: Val_Loss = 0.092255599796772, Val_Err = 2.53
root: Epoch: [189 | 300]
root: Train_Loss = 0.08568177372217178, Train_Err = 2.96
root: Val_Loss = 0.09467054158449173, Val_Err = 2.56
root: Epoch: [190 | 300]
root: Train_Loss = 0.08834713697433472, Train_Err = 2.988
root: Val_Loss = 0.09284468740224838, Val_Err = 2.64
root: Epoch: [191 | 300]
root: Train_Loss = 0.08425846695899963, Train_Err = 2.918
root: Val_Loss = 0.09525740146636963, Val_Err = 2.76
root: Epoch: [192 | 300]
root: Train_Loss = 0.08544570952653885, Train_Err = 2.96
root: Val_Loss = 0.09132973104715347, Val_Err = 2.58
root: Epoch: [193 | 300]
root: Train_Loss = 0.0867198184132576, Train_Err = 2.976
root: Val_Loss = 0.09300071746110916, Val_Err = 2.54
root: Epoch: [194 | 300]
root: Train_Loss = 0.08402039855718613, Train_Err = 2.864
root: Val_Loss = 0.09330206364393234, Val_Err = 2.68
root: Epoch: [195 | 300]
root: Train_Loss = 0.08253145962953568, Train_Err = 2.914
root: Val_Loss = 0.09290006756782532, Val_Err = 2.61
root: Epoch: [196 | 300]
root: Train_Loss = 0.08343891054391861, Train_Err = 2.89
root: Val_Loss = 0.09650564193725586, Val_Err = 2.55
root: Epoch: [197 | 300]
root: Train_Loss = 0.08699879050254822, Train_Err = 2.988
root: Val_Loss = 0.09607508778572083, Val_Err = 2.69
root: Epoch: [198 | 300]
root: Train_Loss = 0.08196572959423065, Train_Err = 2.804
root: Val_Loss = 0.09400349110364914, Val_Err = 2.71
root: Epoch: [199 | 300]
root: Train_Loss = 0.08160527795553207, Train_Err = 2.882
root: Val_Loss = 0.09506592899560928, Val_Err = 2.74
root: Epoch: [200 | 300]
root: Train_Loss = 0.08515719324350357, Train_Err = 3.002
root: Val_Loss = 0.09846550971269608, Val_Err = 2.68
root: Epoch: [201 | 300]
root: Train_Loss = 0.0847967267036438, Train_Err = 2.898
root: Val_Loss = 0.09944484382867813, Val_Err = 2.73
root: Epoch: [202 | 300]
root: Train_Loss = 0.0840328186750412, Train_Err = 2.986
root: Val_Loss = 0.0957496166229248, Val_Err = 2.76
root: Epoch: [203 | 300]
root: Train_Loss = 0.08397535234689713, Train_Err = 2.908
root: Val_Loss = 0.09931912273168564, Val_Err = 2.65
root: Epoch: [204 | 300]
root: Train_Loss = 0.08288443088531494, Train_Err = 2.842
root: Val_Loss = 0.09252134710550308, Val_Err = 2.54
root: Epoch: [205 | 300]
root: Train_Loss = 0.08341414481401443, Train_Err = 2.852
root: Val_Loss = 0.10176994651556015, Val_Err = 2.75
root: Epoch: [206 | 300]
root: Train_Loss = 0.082892045378685, Train_Err = 2.89
root: Val_Loss = 0.09449796378612518, Val_Err = 2.65
root: Epoch: [207 | 300]
root: Train_Loss = 0.08409644663333893, Train_Err = 2.904
root: Val_Loss = 0.09122847765684128, Val_Err = 2.6
root: Epoch: [208 | 300]
root: Train_Loss = 0.08155564963817596, Train_Err = 2.796
root: Val_Loss = 0.1005941852927208, Val_Err = 2.84
root: Epoch: [209 | 300]
root: Train_Loss = 0.07923509180545807, Train_Err = 2.698
root: Val_Loss = 0.09489662200212479, Val_Err = 2.69
root: Epoch: [210 | 300]
root: Train_Loss = 0.08070522546768188, Train_Err = 2.796
root: Val_Loss = 0.09853201359510422, Val_Err = 2.72
root: Epoch: [211 | 300]
root: Train_Loss = 0.08089018613100052, Train_Err = 2.738
root: Val_Loss = 0.10084041208028793, Val_Err = 2.64
root: Epoch: [212 | 300]
root: Train_Loss = 0.08195080608129501, Train_Err = 2.738
root: Val_Loss = 0.09862348437309265, Val_Err = 2.84
root: Epoch: [213 | 300]
root: Train_Loss = 0.08235648274421692, Train_Err = 2.892
root: Val_Loss = 0.10008104145526886, Val_Err = 2.64
root: Epoch: [214 | 300]
root: Train_Loss = 0.08457296341657639, Train_Err = 2.916
root: Val_Loss = 0.09834010154008865, Val_Err = 2.61
root: Epoch: [215 | 300]
root: Train_Loss = 0.0814022496342659, Train_Err = 2.8
root: Val_Loss = 0.09712329506874084, Val_Err = 2.68
root: Epoch: [216 | 300]
root: Train_Loss = 0.08383717387914658, Train_Err = 2.964
root: Val_Loss = 0.09643969684839249, Val_Err = 2.56
root: Epoch: [217 | 300]
root: Train_Loss = 0.0808558315038681, Train_Err = 2.78
root: Val_Loss = 0.09506195783615112, Val_Err = 2.59
root: Epoch: [218 | 300]
root: Train_Loss = 0.07969509065151215, Train_Err = 2.752
root: Val_Loss = 0.09827444702386856, Val_Err = 2.62
root: Epoch: [219 | 300]
root: Train_Loss = 0.08020457625389099, Train_Err = 2.832
root: Val_Loss = 0.09636079519987106, Val_Err = 2.61
root: Epoch: [220 | 300]
root: Train_Loss = 0.08306001871824265, Train_Err = 2.944
root: Val_Loss = 0.09509594738483429, Val_Err = 2.6
root: Epoch: [221 | 300]
root: Train_Loss = 0.08250224590301514, Train_Err = 2.906
root: Val_Loss = 0.09285017848014832, Val_Err = 2.53
root: Epoch: [222 | 300]
root: Train_Loss = 0.07854016125202179, Train_Err = 2.664
root: Val_Loss = 0.09881369024515152, Val_Err = 2.71
root: Epoch: [223 | 300]
root: Train_Loss = 0.08632892370223999, Train_Err = 3.008
root: Val_Loss = 0.09836640954017639, Val_Err = 2.67
root: Epoch: [224 | 300]
root: Train_Loss = 0.08049018681049347, Train_Err = 2.776
root: Val_Loss = 0.09059068560600281, Val_Err = 2.5
root: Epoch: [225 | 300]
root: Train_Loss = 0.07754054665565491, Train_Err = 2.654
root: Val_Loss = 0.08644159138202667, Val_Err = 2.38
root: Epoch: [226 | 300]
root: Train_Loss = 0.07269202917814255, Train_Err = 2.524
root: Val_Loss = 0.08663886785507202, Val_Err = 2.44
root: Epoch: [227 | 300]
root: Train_Loss = 0.07222973555326462, Train_Err = 2.474
root: Val_Loss = 0.08565420657396317, Val_Err = 2.37
root: Epoch: [228 | 300]
root: Train_Loss = 0.07149612903594971, Train_Err = 2.478
root: Val_Loss = 0.08479788899421692, Val_Err = 2.34
root: Epoch: [229 | 300]
root: Train_Loss = 0.06961672753095627, Train_Err = 2.412
root: Val_Loss = 0.0855766087770462, Val_Err = 2.33
root: Epoch: [230 | 300]
root: Train_Loss = 0.06808409839868546, Train_Err = 2.302
root: Val_Loss = 0.08572380989789963, Val_Err = 2.38
root: Epoch: [231 | 300]
root: Train_Loss = 0.06705909222364426, Train_Err = 2.312
root: Val_Loss = 0.0854235514998436, Val_Err = 2.33
root: Epoch: [232 | 300]
root: Train_Loss = 0.06734470278024673, Train_Err = 2.364
root: Val_Loss = 0.08603823930025101, Val_Err = 2.34
root: Epoch: [233 | 300]
root: Train_Loss = 0.06947366893291473, Train_Err = 2.332
root: Val_Loss = 0.08525782078504562, Val_Err = 2.32
root: Epoch: [234 | 300]
root: Train_Loss = 0.07137557119131088, Train_Err = 2.46
root: Val_Loss = 0.08580763638019562, Val_Err = 2.36
root: Epoch: [235 | 300]
root: Train_Loss = 0.06345724314451218, Train_Err = 2.206
root: Val_Loss = 0.0867919772863388, Val_Err = 2.31
root: Epoch: [236 | 300]
root: Train_Loss = 0.0666339322924614, Train_Err = 2.286
root: Val_Loss = 0.08944576233625412, Val_Err = 2.28
root: Epoch: [237 | 300]
root: Train_Loss = 0.06635571271181107, Train_Err = 2.25
root: Val_Loss = 0.08670053631067276, Val_Err = 2.29
root: Epoch: [238 | 300]
root: Train_Loss = 0.0635240226984024, Train_Err = 2.102
root: Val_Loss = 0.0867244228720665, Val_Err = 2.31
root: Epoch: [239 | 300]
root: Train_Loss = 0.0657188892364502, Train_Err = 2.334
root: Val_Loss = 0.08695206046104431, Val_Err = 2.33
root: Epoch: [240 | 300]
root: Train_Loss = 0.06622812151908875, Train_Err = 2.304
root: Val_Loss = 0.08648349344730377, Val_Err = 2.32
root: Epoch: [241 | 300]
root: Train_Loss = 0.06710658222436905, Train_Err = 2.352
root: Val_Loss = 0.08545483648777008, Val_Err = 2.3
root: Epoch: [242 | 300]
root: Train_Loss = 0.0645388513803482, Train_Err = 2.168
root: Val_Loss = 0.08691748976707458, Val_Err = 2.28
root: Epoch: [243 | 300]
root: Train_Loss = 0.06416916102170944, Train_Err = 2.214
root: Val_Loss = 0.08616938441991806, Val_Err = 2.32
root: Epoch: [244 | 300]
root: Train_Loss = 0.06521554291248322, Train_Err = 2.216
root: Val_Loss = 0.0863979309797287, Val_Err = 2.28
root: Epoch: [245 | 300]
root: Train_Loss = 0.06560511887073517, Train_Err = 2.272
root: Val_Loss = 0.08856107294559479, Val_Err = 2.27
root: Epoch: [246 | 300]
root: Train_Loss = 0.06586871296167374, Train_Err = 2.282
root: Val_Loss = 0.08614032715559006, Val_Err = 2.37
root: Epoch: [247 | 300]
root: Train_Loss = 0.06532830744981766, Train_Err = 2.236
root: Val_Loss = 0.085591621696949, Val_Err = 2.3
root: Epoch: [248 | 300]
root: Train_Loss = 0.06485719233751297, Train_Err = 2.254
root: Val_Loss = 0.08498838543891907, Val_Err = 2.32
root: Epoch: [249 | 300]
root: Train_Loss = 0.0673380121588707, Train_Err = 2.332
root: Val_Loss = 0.0868782252073288, Val_Err = 2.32
root: Epoch: [250 | 300]
root: Train_Loss = 0.06197049468755722, Train_Err = 2.118
root: Val_Loss = 0.08530544489622116, Val_Err = 2.3
root: Epoch: [251 | 300]
root: Train_Loss = 0.06154748052358627, Train_Err = 2.082
root: Val_Loss = 0.08680856227874756, Val_Err = 2.29
root: Epoch: [252 | 300]
root: Train_Loss = 0.06093833968043327, Train_Err = 2.136
root: Val_Loss = 0.0858096033334732, Val_Err = 2.31
root: Epoch: [253 | 300]
root: Train_Loss = 0.06464074552059174, Train_Err = 2.248
root: Val_Loss = 0.08696479350328445, Val_Err = 2.37
root: Epoch: [254 | 300]
root: Train_Loss = 0.06223728880286217, Train_Err = 2.152
root: Val_Loss = 0.08657266199588776, Val_Err = 2.34
root: Epoch: [255 | 300]
root: Train_Loss = 0.06310588866472244, Train_Err = 2.18
root: Val_Loss = 0.08733944594860077, Val_Err = 2.34
root: Epoch: [256 | 300]
root: Train_Loss = 0.06425897032022476, Train_Err = 2.196
root: Val_Loss = 0.08784907311201096, Val_Err = 2.33
root: Epoch: [257 | 300]
root: Train_Loss = 0.06264730542898178, Train_Err = 2.202
root: Val_Loss = 0.08613910526037216, Val_Err = 2.26
root: Epoch: [258 | 300]
root: Train_Loss = 0.06107090786099434, Train_Err = 2.08
root: Val_Loss = 0.08732684701681137, Val_Err = 2.3
root: Epoch: [259 | 300]
root: Train_Loss = 0.05991116911172867, Train_Err = 2.056
root: Val_Loss = 0.08879990875720978, Val_Err = 2.3
root: Epoch: [260 | 300]
root: Train_Loss = 0.06236465275287628, Train_Err = 2.146
root: Val_Loss = 0.08675133436918259, Val_Err = 2.31
root: Epoch: [261 | 300]
root: Train_Loss = 0.06250455975532532, Train_Err = 2.11
root: Val_Loss = 0.08871237188577652, Val_Err = 2.28
root: Epoch: [262 | 300]
root: Train_Loss = 0.0595843642950058, Train_Err = 2.104
root: Val_Loss = 0.08912409096956253, Val_Err = 2.29
root: Epoch: [263 | 300]
root: Train_Loss = 0.061424531042575836, Train_Err = 2.116
root: Val_Loss = 0.0872122272849083, Val_Err = 2.29
root: Epoch: [264 | 300]
root: Train_Loss = 0.06335997581481934, Train_Err = 2.154
root: Val_Loss = 0.08796710520982742, Val_Err = 2.28
root: Epoch: [265 | 300]
root: Train_Loss = 0.0612463541328907, Train_Err = 2.086
root: Val_Loss = 0.08555398136377335, Val_Err = 2.24
root: Epoch: [266 | 300]
root: Train_Loss = 0.06184624508023262, Train_Err = 2.09
root: Val_Loss = 0.08677995204925537, Val_Err = 2.24
root: Epoch: [267 | 300]
root: Train_Loss = 0.062050607055425644, Train_Err = 2.136
root: Val_Loss = 0.08805503696203232, Val_Err = 2.26
root: Epoch: [268 | 300]
root: Train_Loss = 0.06019871309399605, Train_Err = 2.106
root: Val_Loss = 0.08706503361463547, Val_Err = 2.23
root: Epoch: [269 | 300]
root: Train_Loss = 0.06072310730814934, Train_Err = 2.11
root: Val_Loss = 0.0872763842344284, Val_Err = 2.23
root: Epoch: [270 | 300]
root: Train_Loss = 0.06113564968109131, Train_Err = 2.11
root: Val_Loss = 0.08677146583795547, Val_Err = 2.23
root: Epoch: [271 | 300]
root: Train_Loss = 0.05924920737743378, Train_Err = 2.036
root: Val_Loss = 0.08621282130479813, Val_Err = 2.23
root: Epoch: [272 | 300]
root: Train_Loss = 0.06136227399110794, Train_Err = 2.1
root: Val_Loss = 0.08528844267129898, Val_Err = 2.19
root: Epoch: [273 | 300]
root: Train_Loss = 0.06196693703532219, Train_Err = 2.152
root: Val_Loss = 0.08707372099161148, Val_Err = 2.19
root: Epoch: [274 | 300]
root: Train_Loss = 0.06382234394550323, Train_Err = 2.258
root: Val_Loss = 0.0862494558095932, Val_Err = 2.2
root: Epoch: [275 | 300]
root: Train_Loss = 0.06116144731640816, Train_Err = 2.084
root: Val_Loss = 0.08693921566009521, Val_Err = 2.13
root: Epoch: [276 | 300]
root: Train_Loss = 0.061046648770570755, Train_Err = 2.054
root: Val_Loss = 0.08608117699623108, Val_Err = 2.16
root: Epoch: [277 | 300]
root: Train_Loss = 0.06248239427804947, Train_Err = 2.21
root: Val_Loss = 0.0870896428823471, Val_Err = 2.19
root: Epoch: [278 | 300]
root: Train_Loss = 0.058415744453668594, Train_Err = 2.004
root: Val_Loss = 0.08611740916967392, Val_Err = 2.16
root: Epoch: [279 | 300]
root: Train_Loss = 0.06301286816596985, Train_Err = 2.186
root: Val_Loss = 0.08553282916545868, Val_Err = 2.16
root: Epoch: [280 | 300]
root: Train_Loss = 0.06029253080487251, Train_Err = 2.108
root: Val_Loss = 0.08745495229959488, Val_Err = 2.28
root: Epoch: [281 | 300]
root: Train_Loss = 0.06027650833129883, Train_Err = 2.128
root: Val_Loss = 0.08705723285675049, Val_Err = 2.18
root: Epoch: [282 | 300]
root: Train_Loss = 0.060955069959163666, Train_Err = 2.06
root: Val_Loss = 0.08723875880241394, Val_Err = 2.17
root: Epoch: [283 | 300]
root: Train_Loss = 0.06184092536568642, Train_Err = 2.144
root: Val_Loss = 0.08750348538160324, Val_Err = 2.18
root: Epoch: [284 | 300]
root: Train_Loss = 0.0630350112915039, Train_Err = 2.114
root: Val_Loss = 0.08609867095947266, Val_Err = 2.18
root: Epoch: [285 | 300]
root: Train_Loss = 0.05921214073896408, Train_Err = 2.124
root: Val_Loss = 0.08556075394153595, Val_Err = 2.16
root: Epoch: [286 | 300]
root: Train_Loss = 0.06034046411514282, Train_Err = 2.156
root: Val_Loss = 0.08709683269262314, Val_Err = 2.18
root: Epoch: [287 | 300]
root: Train_Loss = 0.06087940186262131, Train_Err = 2.088
root: Val_Loss = 0.08527259528636932, Val_Err = 2.16
root: Epoch: [288 | 300]
root: Train_Loss = 0.06146969646215439, Train_Err = 2.154
root: Val_Loss = 0.08625313639640808, Val_Err = 2.21
root: Epoch: [289 | 300]
root: Train_Loss = 0.06180597096681595, Train_Err = 2.122
root: Val_Loss = 0.08626490831375122, Val_Err = 2.23
root: Epoch: [290 | 300]
root: Train_Loss = 0.060862306505441666, Train_Err = 2.104
root: Val_Loss = 0.08674968034029007, Val_Err = 2.22
root: Epoch: [291 | 300]
root: Train_Loss = 0.0619448721408844, Train_Err = 2.17
root: Val_Loss = 0.08710977435112, Val_Err = 2.24
root: Epoch: [292 | 300]
root: Train_Loss = 0.06191349774599075, Train_Err = 2.138
root: Val_Loss = 0.08663850277662277, Val_Err = 2.22
root: Epoch: [293 | 300]
root: Train_Loss = 0.060805629938840866, Train_Err = 2.1
root: Val_Loss = 0.08785994350910187, Val_Err = 2.21
root: Epoch: [294 | 300]
root: Train_Loss = 0.06082254275679588, Train_Err = 2.13
root: Val_Loss = 0.0852275937795639, Val_Err = 2.19
root: Epoch: [295 | 300]
root: Train_Loss = 0.05928029119968414, Train_Err = 2.07
root: Val_Loss = 0.0861465260386467, Val_Err = 2.15
root: Epoch: [296 | 300]
root: Train_Loss = 0.05926679074764252, Train_Err = 2.034
root: Val_Loss = 0.08751990646123886, Val_Err = 2.19
root: Epoch: [297 | 300]
root: Train_Loss = 0.06061651557683945, Train_Err = 2.086
root: Val_Loss = 0.0863887295126915, Val_Err = 2.25
root: Epoch: [298 | 300]
root: Train_Loss = 0.0585656613111496, Train_Err = 2.004
root: Val_Loss = 0.08537466824054718, Val_Err = 2.16
root: Epoch: [299 | 300]
root: Train_Loss = 0.06058953329920769, Train_Err = 2.062
root: Val_Loss = 0.08651601523160934, Val_Err = 2.15
