root: Namespace(M=8, batch_size=16, cp_dir='checkpoints/autoaugment_cutout/cifar100/ssgd/run_ms_0/pyramidnet_110_8_8_0.0005/run0', depth=110, dtype='cifar100', epochs=300, img_aug='autoaugment_cutout', inc=15, learning_rate=0.1, momentum=0.9, mtype='pyramidnet', num_classes=100, resume=None, seed=0, std=0.0005, threads=8, weight_decay=0.0001, width_factor=8)
root: Epoch: [0 | 300]
root: Train_Loss = 0.5052070617675781, Train_Err = 91.804
root: Val_Loss = 3.3488781452178955, Val_Err = 81.19
root: Epoch: [1 | 300]
root: Train_Loss = 0.4167444705963135, Train_Err = 80.72
root: Val_Loss = 2.5937278270721436, Val_Err = 68.61
root: Epoch: [2 | 300]
root: Train_Loss = 0.3610610067844391, Train_Err = 72.506
root: Val_Loss = 2.1919174194335938, Val_Err = 59.27
root: Epoch: [3 | 300]
root: Train_Loss = 0.326193630695343, Train_Err = 66.658
root: Val_Loss = 1.9771695137023926, Val_Err = 54.19
root: Epoch: [4 | 300]
root: Train_Loss = 0.2994953691959381, Train_Err = 62.222
root: Val_Loss = 1.828884482383728, Val_Err = 50.7
root: Epoch: [5 | 300]
root: Train_Loss = 0.28093016147613525, Train_Err = 58.85
root: Val_Loss = 1.6404224634170532, Val_Err = 46.56
root: Epoch: [6 | 300]
root: Train_Loss = 0.2646268904209137, Train_Err = 56.03
root: Val_Loss = 1.6008204221725464, Val_Err = 44.67
root: Epoch: [7 | 300]
root: Train_Loss = 0.2512798309326172, Train_Err = 53.544
root: Val_Loss = 1.51301908493042, Val_Err = 43.05
root: Epoch: [8 | 300]
root: Train_Loss = 0.2401837706565857, Train_Err = 51.306
root: Val_Loss = 1.4409353733062744, Val_Err = 41.23
root: Epoch: [9 | 300]
root: Train_Loss = 0.22891384363174438, Train_Err = 49.368
root: Val_Loss = 1.3508262634277344, Val_Err = 39.0
root: Epoch: [10 | 300]
root: Train_Loss = 0.2208247184753418, Train_Err = 47.688
root: Val_Loss = 1.3424586057662964, Val_Err = 37.98
root: Epoch: [11 | 300]
root: Train_Loss = 0.21209439635276794, Train_Err = 46.072
root: Val_Loss = 1.2665828466415405, Val_Err = 36.1
root: Epoch: [12 | 300]
root: Train_Loss = 0.20500580966472626, Train_Err = 44.776
root: Val_Loss = 1.2203431129455566, Val_Err = 34.96
root: Epoch: [13 | 300]
root: Train_Loss = 0.19816792011260986, Train_Err = 43.248
root: Val_Loss = 1.2087231874465942, Val_Err = 34.89
root: Epoch: [14 | 300]
root: Train_Loss = 0.19017134606838226, Train_Err = 41.916
root: Val_Loss = 1.1672449111938477, Val_Err = 33.91
root: Epoch: [15 | 300]
root: Train_Loss = 0.18368536233901978, Train_Err = 40.502
root: Val_Loss = 1.1541424989700317, Val_Err = 32.96
root: Epoch: [16 | 300]
root: Train_Loss = 0.1790546029806137, Train_Err = 39.512
root: Val_Loss = 1.107808232307434, Val_Err = 31.88
root: Epoch: [17 | 300]
root: Train_Loss = 0.17441101372241974, Train_Err = 38.756
root: Val_Loss = 1.0753918886184692, Val_Err = 31.14
root: Epoch: [18 | 300]
root: Train_Loss = 0.16951455175876617, Train_Err = 37.456
root: Val_Loss = 1.1066277027130127, Val_Err = 31.31
root: Epoch: [19 | 300]
root: Train_Loss = 0.16421325504779816, Train_Err = 36.678
root: Val_Loss = 1.053280234336853, Val_Err = 29.94
root: Epoch: [20 | 300]
root: Train_Loss = 0.16009575128555298, Train_Err = 35.938
root: Val_Loss = 1.0470658540725708, Val_Err = 30.09
root: Epoch: [21 | 300]
root: Train_Loss = 0.15470468997955322, Train_Err = 34.508
root: Val_Loss = 1.043073058128357, Val_Err = 29.23
root: Epoch: [22 | 300]
root: Train_Loss = 0.1512790322303772, Train_Err = 33.998
root: Val_Loss = 1.0586462020874023, Val_Err = 29.7
root: Epoch: [23 | 300]
root: Train_Loss = 0.14810626208782196, Train_Err = 33.282
root: Val_Loss = 0.989669680595398, Val_Err = 28.05
root: Epoch: [24 | 300]
root: Train_Loss = 0.14432969689369202, Train_Err = 32.332
root: Val_Loss = 1.013924241065979, Val_Err = 28.68
root: Epoch: [25 | 300]
root: Train_Loss = 0.1412026286125183, Train_Err = 31.68
root: Val_Loss = 0.9763094186782837, Val_Err = 27.4
root: Epoch: [26 | 300]
root: Train_Loss = 0.13831864297389984, Train_Err = 31.064
root: Val_Loss = 0.9879332780838013, Val_Err = 27.34
root: Epoch: [27 | 300]
root: Train_Loss = 0.1363612413406372, Train_Err = 30.808
root: Val_Loss = 1.011766791343689, Val_Err = 28.17
root: Epoch: [28 | 300]
root: Train_Loss = 0.13400773704051971, Train_Err = 30.404
root: Val_Loss = 0.9959115982055664, Val_Err = 27.55
root: Epoch: [29 | 300]
root: Train_Loss = 0.12971138954162598, Train_Err = 29.464
root: Val_Loss = 0.9768646955490112, Val_Err = 26.93
root: Epoch: [30 | 300]
root: Train_Loss = 0.12786456942558289, Train_Err = 29.16
root: Val_Loss = 0.9344340562820435, Val_Err = 26.61
root: Epoch: [31 | 300]
root: Train_Loss = 0.12544949352741241, Train_Err = 28.516
root: Val_Loss = 0.958587646484375, Val_Err = 26.14
root: Epoch: [32 | 300]
root: Train_Loss = 0.12371905148029327, Train_Err = 28.216
root: Val_Loss = 0.9541615843772888, Val_Err = 26.48
root: Epoch: [33 | 300]
root: Train_Loss = 0.12093017995357513, Train_Err = 27.662
root: Val_Loss = 0.9670433402061462, Val_Err = 27.03
root: Epoch: [34 | 300]
root: Train_Loss = 0.11937025189399719, Train_Err = 27.254
root: Val_Loss = 0.9721377491950989, Val_Err = 26.19
root: Epoch: [35 | 300]
root: Train_Loss = 0.11768459528684616, Train_Err = 26.768
root: Val_Loss = 0.9555545449256897, Val_Err = 25.81
root: Epoch: [36 | 300]
root: Train_Loss = 0.11548621952533722, Train_Err = 26.516
root: Val_Loss = 0.9244076013565063, Val_Err = 25.36
root: Epoch: [37 | 300]
root: Train_Loss = 0.11416222155094147, Train_Err = 26.284
root: Val_Loss = 0.9610241651535034, Val_Err = 25.74
root: Epoch: [38 | 300]
root: Train_Loss = 0.11215643584728241, Train_Err = 25.706
root: Val_Loss = 0.9617641568183899, Val_Err = 25.72
root: Epoch: [39 | 300]
root: Train_Loss = 0.11126817762851715, Train_Err = 25.556
root: Val_Loss = 0.9523758292198181, Val_Err = 26.11
root: Epoch: [40 | 300]
root: Train_Loss = 0.11005265265703201, Train_Err = 25.262
root: Val_Loss = 0.9449874758720398, Val_Err = 25.2
root: Epoch: [41 | 300]
root: Train_Loss = 0.10809528827667236, Train_Err = 24.734
root: Val_Loss = 0.9494000673294067, Val_Err = 25.67
root: Epoch: [42 | 300]
root: Train_Loss = 0.10607090592384338, Train_Err = 24.476
root: Val_Loss = 0.9502517580986023, Val_Err = 25.5
root: Epoch: [43 | 300]
root: Train_Loss = 0.10611776262521744, Train_Err = 24.474
root: Val_Loss = 0.9371688365936279, Val_Err = 25.44
root: Epoch: [44 | 300]
root: Train_Loss = 0.10377705842256546, Train_Err = 23.89
root: Val_Loss = 0.9263264536857605, Val_Err = 25.11
root: Epoch: [45 | 300]
root: Train_Loss = 0.1047966405749321, Train_Err = 23.97
root: Val_Loss = 0.9389150142669678, Val_Err = 25.3
root: Epoch: [46 | 300]
root: Train_Loss = 0.10206109285354614, Train_Err = 23.54
root: Val_Loss = 0.9763661026954651, Val_Err = 25.01
root: Epoch: [47 | 300]
root: Train_Loss = 0.10203437507152557, Train_Err = 23.5
root: Val_Loss = 0.9450600147247314, Val_Err = 24.88
root: Epoch: [48 | 300]
root: Train_Loss = 0.10020295530557632, Train_Err = 22.966
root: Val_Loss = 0.9105333685874939, Val_Err = 24.61
root: Epoch: [49 | 300]
root: Train_Loss = 0.100203737616539, Train_Err = 22.916
root: Val_Loss = 0.9740891456604004, Val_Err = 25.62
root: Epoch: [50 | 300]
root: Train_Loss = 0.09755130857229233, Train_Err = 22.484
root: Val_Loss = 0.9758812189102173, Val_Err = 25.13
root: Epoch: [51 | 300]
root: Train_Loss = 0.097409687936306, Train_Err = 22.364
root: Val_Loss = 0.9630270004272461, Val_Err = 25.2
root: Epoch: [52 | 300]
root: Train_Loss = 0.09568215906620026, Train_Err = 22.112
root: Val_Loss = 0.9294887185096741, Val_Err = 24.74
root: Epoch: [53 | 300]
root: Train_Loss = 0.09576956182718277, Train_Err = 22.216
root: Val_Loss = 0.9374614953994751, Val_Err = 24.47
root: Epoch: [54 | 300]
root: Train_Loss = 0.0950089693069458, Train_Err = 21.85
root: Val_Loss = 0.9483223557472229, Val_Err = 25.05
root: Epoch: [55 | 300]
root: Train_Loss = 0.09418787062168121, Train_Err = 21.622
root: Val_Loss = 0.9462069869041443, Val_Err = 24.26
root: Epoch: [56 | 300]
root: Train_Loss = 0.09302584081888199, Train_Err = 21.62
root: Val_Loss = 0.9333947896957397, Val_Err = 24.47
root: Epoch: [57 | 300]
root: Train_Loss = 0.0929844081401825, Train_Err = 21.308
root: Val_Loss = 0.9409953951835632, Val_Err = 24.47
root: Epoch: [58 | 300]
root: Train_Loss = 0.09051298350095749, Train_Err = 20.738
root: Val_Loss = 0.9560021162033081, Val_Err = 24.44
root: Epoch: [59 | 300]
root: Train_Loss = 0.0920131728053093, Train_Err = 21.26
root: Val_Loss = 0.9980918765068054, Val_Err = 25.29
root: Epoch: [60 | 300]
root: Train_Loss = 0.08991993963718414, Train_Err = 20.892
root: Val_Loss = 0.9761559367179871, Val_Err = 25.06
root: Epoch: [61 | 300]
root: Train_Loss = 0.08929318934679031, Train_Err = 20.566
root: Val_Loss = 0.9332998991012573, Val_Err = 24.43
root: Epoch: [62 | 300]
root: Train_Loss = 0.08831580728292465, Train_Err = 20.294
root: Val_Loss = 0.912260115146637, Val_Err = 23.69
root: Epoch: [63 | 300]
root: Train_Loss = 0.08666546642780304, Train_Err = 20.042
root: Val_Loss = 0.9700674414634705, Val_Err = 24.37
root: Epoch: [64 | 300]
root: Train_Loss = 0.08858375996351242, Train_Err = 20.292
root: Val_Loss = 0.9345686435699463, Val_Err = 23.98
root: Epoch: [65 | 300]
root: Train_Loss = 0.08657315373420715, Train_Err = 19.85
root: Val_Loss = 0.9791619777679443, Val_Err = 24.24
root: Epoch: [66 | 300]
root: Train_Loss = 0.08663984388113022, Train_Err = 19.972
root: Val_Loss = 0.9765074253082275, Val_Err = 24.17
root: Epoch: [67 | 300]
root: Train_Loss = 0.0873115137219429, Train_Err = 20.036
root: Val_Loss = 0.9365950226783752, Val_Err = 23.95
root: Epoch: [68 | 300]
root: Train_Loss = 0.08678063005208969, Train_Err = 20.012
root: Val_Loss = 0.9771189093589783, Val_Err = 24.65
root: Epoch: [69 | 300]
root: Train_Loss = 0.0842280238866806, Train_Err = 19.518
root: Val_Loss = 0.9584646224975586, Val_Err = 24.18
root: Epoch: [70 | 300]
root: Train_Loss = 0.08517797291278839, Train_Err = 19.686
root: Val_Loss = 0.9625530242919922, Val_Err = 24.12
root: Epoch: [71 | 300]
root: Train_Loss = 0.08483346551656723, Train_Err = 19.356
root: Val_Loss = 0.9873560070991516, Val_Err = 23.91
root: Epoch: [72 | 300]
root: Train_Loss = 0.0826253816485405, Train_Err = 19.25
root: Val_Loss = 0.9647451043128967, Val_Err = 23.77
root: Epoch: [73 | 300]
root: Train_Loss = 0.0845772922039032, Train_Err = 19.494
root: Val_Loss = 0.969342827796936, Val_Err = 24.08
root: Epoch: [74 | 300]
root: Train_Loss = 0.08252274990081787, Train_Err = 19.184
root: Val_Loss = 0.9400263428688049, Val_Err = 23.89
root: Epoch: [75 | 300]
root: Train_Loss = 0.08290109038352966, Train_Err = 19.09
root: Val_Loss = 1.0367330312728882, Val_Err = 25.38
root: Epoch: [76 | 300]
root: Train_Loss = 0.08291531354188919, Train_Err = 19.232
root: Val_Loss = 0.9633039832115173, Val_Err = 24.29
root: Epoch: [77 | 300]
root: Train_Loss = 0.08144237846136093, Train_Err = 18.908
root: Val_Loss = 0.9587323069572449, Val_Err = 24.14
root: Epoch: [78 | 300]
root: Train_Loss = 0.08176182210445404, Train_Err = 18.882
root: Val_Loss = 0.9380980134010315, Val_Err = 23.69
root: Epoch: [79 | 300]
root: Train_Loss = 0.08045926690101624, Train_Err = 18.54
root: Val_Loss = 0.9649639129638672, Val_Err = 24.29
root: Epoch: [80 | 300]
root: Train_Loss = 0.08049965649843216, Train_Err = 18.516
root: Val_Loss = 0.9714259505271912, Val_Err = 24.02
root: Epoch: [81 | 300]
root: Train_Loss = 0.0811849981546402, Train_Err = 18.734
root: Val_Loss = 0.9425289630889893, Val_Err = 23.64
root: Epoch: [82 | 300]
root: Train_Loss = 0.08085128664970398, Train_Err = 18.788
root: Val_Loss = 0.958476722240448, Val_Err = 24.41
root: Epoch: [83 | 300]
root: Train_Loss = 0.07990939170122147, Train_Err = 18.386
root: Val_Loss = 0.9395368695259094, Val_Err = 23.58
root: Epoch: [84 | 300]
root: Train_Loss = 0.0801057443022728, Train_Err = 18.408
root: Val_Loss = 0.967771053314209, Val_Err = 23.96
root: Epoch: [85 | 300]
root: Train_Loss = 0.07848871499300003, Train_Err = 17.942
root: Val_Loss = 1.0106364488601685, Val_Err = 24.87
root: Epoch: [86 | 300]
root: Train_Loss = 0.07995960861444473, Train_Err = 18.416
root: Val_Loss = 0.9751016497612, Val_Err = 23.85
root: Epoch: [87 | 300]
root: Train_Loss = 0.07788462191820145, Train_Err = 17.836
root: Val_Loss = 0.9913651347160339, Val_Err = 24.52
root: Epoch: [88 | 300]
root: Train_Loss = 0.07992950081825256, Train_Err = 18.344
root: Val_Loss = 0.9607077836990356, Val_Err = 23.97
root: Epoch: [89 | 300]
root: Train_Loss = 0.07934757322072983, Train_Err = 18.222
root: Val_Loss = 1.0017818212509155, Val_Err = 24.36
root: Epoch: [90 | 300]
root: Train_Loss = 0.07669199258089066, Train_Err = 17.69
root: Val_Loss = 0.9791381359100342, Val_Err = 24.21
root: Epoch: [91 | 300]
root: Train_Loss = 0.07841159403324127, Train_Err = 18.05
root: Val_Loss = 0.9634135365486145, Val_Err = 23.39
root: Epoch: [92 | 300]
root: Train_Loss = 0.07792432606220245, Train_Err = 18.038
root: Val_Loss = 0.9329066276550293, Val_Err = 23.51
root: Epoch: [93 | 300]
root: Train_Loss = 0.07649368792772293, Train_Err = 17.54
root: Val_Loss = 0.9372375011444092, Val_Err = 22.97
root: Epoch: [94 | 300]
root: Train_Loss = 0.07637515664100647, Train_Err = 17.496
root: Val_Loss = 0.9916266202926636, Val_Err = 24.27
root: Epoch: [95 | 300]
root: Train_Loss = 0.07698222249746323, Train_Err = 17.848
root: Val_Loss = 0.9580511450767517, Val_Err = 24.07
root: Epoch: [96 | 300]
root: Train_Loss = 0.07719980925321579, Train_Err = 17.7
root: Val_Loss = 0.9831643104553223, Val_Err = 23.87
root: Epoch: [97 | 300]
root: Train_Loss = 0.07734114676713943, Train_Err = 17.958
root: Val_Loss = 0.953694224357605, Val_Err = 23.25
root: Epoch: [98 | 300]
root: Train_Loss = 0.07632328569889069, Train_Err = 17.58
root: Val_Loss = 1.0154513120651245, Val_Err = 24.3
root: Epoch: [99 | 300]
root: Train_Loss = 0.07808439433574677, Train_Err = 18.108
root: Val_Loss = 0.9815075993537903, Val_Err = 24.04
root: Epoch: [100 | 300]
root: Train_Loss = 0.07602003961801529, Train_Err = 17.444
root: Val_Loss = 0.9653984904289246, Val_Err = 23.14
root: Epoch: [101 | 300]
root: Train_Loss = 0.07571601122617722, Train_Err = 17.44
root: Val_Loss = 0.9913532733917236, Val_Err = 24.29
root: Epoch: [102 | 300]
root: Train_Loss = 0.07565078884363174, Train_Err = 17.298
root: Val_Loss = 0.9418691992759705, Val_Err = 23.34
root: Epoch: [103 | 300]
root: Train_Loss = 0.07434670627117157, Train_Err = 17.042
root: Val_Loss = 0.9639876484870911, Val_Err = 23.51
root: Epoch: [104 | 300]
root: Train_Loss = 0.07368829846382141, Train_Err = 16.96
root: Val_Loss = 0.9393310546875, Val_Err = 23.29
root: Epoch: [105 | 300]
root: Train_Loss = 0.07560257613658905, Train_Err = 17.208
root: Val_Loss = 0.9997518062591553, Val_Err = 24.11
root: Epoch: [106 | 300]
root: Train_Loss = 0.07482482492923737, Train_Err = 17.372
root: Val_Loss = 0.9946120977401733, Val_Err = 24.18
root: Epoch: [107 | 300]
root: Train_Loss = 0.07464615255594254, Train_Err = 17.234
root: Val_Loss = 0.984868049621582, Val_Err = 23.67
root: Epoch: [108 | 300]
root: Train_Loss = 0.07452214509248734, Train_Err = 17.172
root: Val_Loss = 0.9691144227981567, Val_Err = 23.16
root: Epoch: [109 | 300]
root: Train_Loss = 0.07447651028633118, Train_Err = 17.32
root: Val_Loss = 0.9933825135231018, Val_Err = 23.95
root: Epoch: [110 | 300]
root: Train_Loss = 0.07457956671714783, Train_Err = 17.07
root: Val_Loss = 1.009352207183838, Val_Err = 24.27
root: Epoch: [111 | 300]
root: Train_Loss = 0.0744815245270729, Train_Err = 16.966
root: Val_Loss = 0.9730101227760315, Val_Err = 23.42
root: Epoch: [112 | 300]
root: Train_Loss = 0.07455991208553314, Train_Err = 17.17
root: Val_Loss = 0.9483053684234619, Val_Err = 22.71
root: Epoch: [113 | 300]
root: Train_Loss = 0.07450108230113983, Train_Err = 17.086
root: Val_Loss = 0.9692916870117188, Val_Err = 23.52
root: Epoch: [114 | 300]
root: Train_Loss = 0.07331091910600662, Train_Err = 16.96
root: Val_Loss = 0.9617082476615906, Val_Err = 23.78
root: Epoch: [115 | 300]
root: Train_Loss = 0.07454199343919754, Train_Err = 17.18
root: Val_Loss = 0.9805991053581238, Val_Err = 23.81
root: Epoch: [116 | 300]
root: Train_Loss = 0.07315828651189804, Train_Err = 16.922
root: Val_Loss = 0.9386496543884277, Val_Err = 23.74
root: Epoch: [117 | 300]
root: Train_Loss = 0.0736468955874443, Train_Err = 16.842
root: Val_Loss = 0.9656309485435486, Val_Err = 23.41
root: Epoch: [118 | 300]
root: Train_Loss = 0.07298044115304947, Train_Err = 16.848
root: Val_Loss = 0.9462387561798096, Val_Err = 23.02
root: Epoch: [119 | 300]
root: Train_Loss = 0.07409630715847015, Train_Err = 16.858
root: Val_Loss = 0.9942606091499329, Val_Err = 24.18
root: Epoch: [120 | 300]
root: Train_Loss = 0.07314644753932953, Train_Err = 16.642
root: Val_Loss = 0.9675883650779724, Val_Err = 23.51
root: Epoch: [121 | 300]
root: Train_Loss = 0.07325118780136108, Train_Err = 16.812
root: Val_Loss = 0.9702914953231812, Val_Err = 23.39
root: Epoch: [122 | 300]
root: Train_Loss = 0.07141222804784775, Train_Err = 16.55
root: Val_Loss = 0.9827243685722351, Val_Err = 23.61
root: Epoch: [123 | 300]
root: Train_Loss = 0.07362346351146698, Train_Err = 16.86
root: Val_Loss = 0.9643373489379883, Val_Err = 23.55
root: Epoch: [124 | 300]
root: Train_Loss = 0.07261813431978226, Train_Err = 16.786
root: Val_Loss = 0.9280260801315308, Val_Err = 23.37
root: Epoch: [125 | 300]
root: Train_Loss = 0.07237052917480469, Train_Err = 16.6
root: Val_Loss = 0.9419413805007935, Val_Err = 22.72
root: Epoch: [126 | 300]
root: Train_Loss = 0.07269744575023651, Train_Err = 16.56
root: Val_Loss = 0.9317991733551025, Val_Err = 22.95
root: Epoch: [127 | 300]
root: Train_Loss = 0.07129630446434021, Train_Err = 16.408
root: Val_Loss = 1.000234603881836, Val_Err = 23.33
root: Epoch: [128 | 300]
root: Train_Loss = 0.07022077590227127, Train_Err = 16.064
root: Val_Loss = 1.00800621509552, Val_Err = 23.96
root: Epoch: [129 | 300]
root: Train_Loss = 0.07148382067680359, Train_Err = 16.47
root: Val_Loss = 1.0633320808410645, Val_Err = 24.62
root: Epoch: [130 | 300]
root: Train_Loss = 0.0737072229385376, Train_Err = 16.97
root: Val_Loss = 0.9398374557495117, Val_Err = 23.2
root: Epoch: [131 | 300]
root: Train_Loss = 0.07260254770517349, Train_Err = 16.658
root: Val_Loss = 0.9716930389404297, Val_Err = 23.1
root: Epoch: [132 | 300]
root: Train_Loss = 0.07113190740346909, Train_Err = 16.38
root: Val_Loss = 1.0014463663101196, Val_Err = 24.05
root: Epoch: [133 | 300]
root: Train_Loss = 0.07077469676733017, Train_Err = 16.302
root: Val_Loss = 0.9874415993690491, Val_Err = 22.67
root: Epoch: [134 | 300]
root: Train_Loss = 0.07281628996133804, Train_Err = 16.796
root: Val_Loss = 1.0402941703796387, Val_Err = 24.79
root: Epoch: [135 | 300]
root: Train_Loss = 0.07151611894369125, Train_Err = 16.446
root: Val_Loss = 0.9471986293792725, Val_Err = 22.74
root: Epoch: [136 | 300]
root: Train_Loss = 0.07116002589464188, Train_Err = 16.354
root: Val_Loss = 0.9406135678291321, Val_Err = 22.37
root: Epoch: [137 | 300]
root: Train_Loss = 0.0713193491101265, Train_Err = 16.314
root: Val_Loss = 1.0089105367660522, Val_Err = 23.93
root: Epoch: [138 | 300]
root: Train_Loss = 0.07154357433319092, Train_Err = 16.504
root: Val_Loss = 0.9343474507331848, Val_Err = 22.69
root: Epoch: [139 | 300]
root: Train_Loss = 0.07163314521312714, Train_Err = 16.462
root: Val_Loss = 0.9348336458206177, Val_Err = 22.79
root: Epoch: [140 | 300]
root: Train_Loss = 0.07099202275276184, Train_Err = 16.308
root: Val_Loss = 0.9967352151870728, Val_Err = 23.62
root: Epoch: [141 | 300]
root: Train_Loss = 0.07195515185594559, Train_Err = 16.524
root: Val_Loss = 0.9340794682502747, Val_Err = 22.63
root: Epoch: [142 | 300]
root: Train_Loss = 0.0704551413655281, Train_Err = 16.21
root: Val_Loss = 0.955841600894928, Val_Err = 23.37
root: Epoch: [143 | 300]
root: Train_Loss = 0.07130378484725952, Train_Err = 16.284
root: Val_Loss = 0.9982426762580872, Val_Err = 24.1
root: Epoch: [144 | 300]
root: Train_Loss = 0.07119332998991013, Train_Err = 16.414
root: Val_Loss = 0.936664342880249, Val_Err = 22.49
root: Epoch: [145 | 300]
root: Train_Loss = 0.0711641013622284, Train_Err = 16.356
root: Val_Loss = 0.9362555146217346, Val_Err = 22.78
root: Epoch: [146 | 300]
root: Train_Loss = 0.07164441794157028, Train_Err = 16.58
root: Val_Loss = 0.9497324824333191, Val_Err = 22.24
root: Epoch: [147 | 300]
root: Train_Loss = 0.06954647600650787, Train_Err = 16.024
root: Val_Loss = 0.9206307530403137, Val_Err = 22.42
root: Epoch: [148 | 300]
root: Train_Loss = 0.07036539912223816, Train_Err = 16.29
root: Val_Loss = 0.9391974210739136, Val_Err = 22.5
root: Epoch: [149 | 300]
root: Train_Loss = 0.06975958496332169, Train_Err = 16.262
root: Val_Loss = 0.962364912033081, Val_Err = 22.76
root: Epoch: [150 | 300]
root: Train_Loss = 0.04446223005652428, Train_Err = 9.916
root: Val_Loss = 0.7593135833740234, Val_Err = 18.66
root: Epoch: [151 | 300]
root: Train_Loss = 0.03388680890202522, Train_Err = 7.414
root: Val_Loss = 0.74354487657547, Val_Err = 17.92
root: Epoch: [152 | 300]
root: Train_Loss = 0.0306800976395607, Train_Err = 6.684
root: Val_Loss = 0.755378007888794, Val_Err = 17.82
root: Epoch: [153 | 300]
root: Train_Loss = 0.02841239422559738, Train_Err = 6.14
root: Val_Loss = 0.7336661219596863, Val_Err = 17.55
root: Epoch: [154 | 300]
root: Train_Loss = 0.027159713208675385, Train_Err = 5.818
root: Val_Loss = 0.7484613656997681, Val_Err = 17.47
root: Epoch: [155 | 300]
root: Train_Loss = 0.026272213086485863, Train_Err = 5.52
root: Val_Loss = 0.7457588911056519, Val_Err = 17.67
root: Epoch: [156 | 300]
root: Train_Loss = 0.025785354897379875, Train_Err = 5.608
root: Val_Loss = 0.7468103170394897, Val_Err = 17.4
root: Epoch: [157 | 300]
root: Train_Loss = 0.0246670451015234, Train_Err = 5.222
root: Val_Loss = 0.749066948890686, Val_Err = 17.2
root: Epoch: [158 | 300]
root: Train_Loss = 0.02429461106657982, Train_Err = 5.148
root: Val_Loss = 0.7394647002220154, Val_Err = 17.36
root: Epoch: [159 | 300]
root: Train_Loss = 0.02418399788439274, Train_Err = 5.002
root: Val_Loss = 0.7495619058609009, Val_Err = 16.96
root: Epoch: [160 | 300]
root: Train_Loss = 0.023486249148845673, Train_Err = 4.992
root: Val_Loss = 0.752727746963501, Val_Err = 17.32
root: Epoch: [161 | 300]
root: Train_Loss = 0.022736797109246254, Train_Err = 4.782
root: Val_Loss = 0.7590673565864563, Val_Err = 17.3
root: Epoch: [162 | 300]
root: Train_Loss = 0.022701982408761978, Train_Err = 4.79
root: Val_Loss = 0.7498132586479187, Val_Err = 17.18
root: Epoch: [163 | 300]
root: Train_Loss = 0.02250940352678299, Train_Err = 4.826
root: Val_Loss = 0.7509744167327881, Val_Err = 17.41
root: Epoch: [164 | 300]
root: Train_Loss = 0.021021205931901932, Train_Err = 4.326
root: Val_Loss = 0.7561389207839966, Val_Err = 17.2
root: Epoch: [165 | 300]
root: Train_Loss = 0.022567467764019966, Train_Err = 4.774
root: Val_Loss = 0.7587411999702454, Val_Err = 17.16
root: Epoch: [166 | 300]
root: Train_Loss = 0.02133856900036335, Train_Err = 4.48
root: Val_Loss = 0.7548113465309143, Val_Err = 17.26
root: Epoch: [167 | 300]
root: Train_Loss = 0.021677741780877113, Train_Err = 4.532
root: Val_Loss = 0.7418017387390137, Val_Err = 16.95
root: Epoch: [168 | 300]
root: Train_Loss = 0.020686054602265358, Train_Err = 4.376
root: Val_Loss = 0.7456318140029907, Val_Err = 17.13
root: Epoch: [169 | 300]
root: Train_Loss = 0.02179875411093235, Train_Err = 4.616
root: Val_Loss = 0.7529150247573853, Val_Err = 17.22
root: Epoch: [170 | 300]
root: Train_Loss = 0.020619332790374756, Train_Err = 4.352
root: Val_Loss = 0.76003497838974, Val_Err = 17.3
root: Epoch: [171 | 300]
root: Train_Loss = 0.02004268951714039, Train_Err = 4.266
root: Val_Loss = 0.753444254398346, Val_Err = 17.35
root: Epoch: [172 | 300]
root: Train_Loss = 0.020964909344911575, Train_Err = 4.344
root: Val_Loss = 0.7390087246894836, Val_Err = 17.0
root: Epoch: [173 | 300]
root: Train_Loss = 0.020610861480236053, Train_Err = 4.254
root: Val_Loss = 0.743103563785553, Val_Err = 17.22
root: Epoch: [174 | 300]
root: Train_Loss = 0.021122906357049942, Train_Err = 4.446
root: Val_Loss = 0.7457472681999207, Val_Err = 17.25
root: Epoch: [175 | 300]
root: Train_Loss = 0.02076018787920475, Train_Err = 4.342
root: Val_Loss = 0.7439393401145935, Val_Err = 17.16
root: Epoch: [176 | 300]
root: Train_Loss = 0.02077903226017952, Train_Err = 4.342
root: Val_Loss = 0.7530479431152344, Val_Err = 17.51
root: Epoch: [177 | 300]
root: Train_Loss = 0.02077200636267662, Train_Err = 4.402
root: Val_Loss = 0.741696298122406, Val_Err = 17.35
root: Epoch: [178 | 300]
root: Train_Loss = 0.019970567896962166, Train_Err = 4.15
root: Val_Loss = 0.7595541477203369, Val_Err = 16.94
root: Epoch: [179 | 300]
root: Train_Loss = 0.020307235419750214, Train_Err = 4.268
root: Val_Loss = 0.7425351738929749, Val_Err = 17.19
root: Epoch: [180 | 300]
root: Train_Loss = 0.019455313682556152, Train_Err = 4.052
root: Val_Loss = 0.7434735894203186, Val_Err = 17.22
root: Epoch: [181 | 300]
root: Train_Loss = 0.02004081755876541, Train_Err = 4.18
root: Val_Loss = 0.7475963234901428, Val_Err = 17.09
root: Epoch: [182 | 300]
root: Train_Loss = 0.02048645168542862, Train_Err = 4.318
root: Val_Loss = 0.753505527973175, Val_Err = 17.0
root: Epoch: [183 | 300]
root: Train_Loss = 0.019445713609457016, Train_Err = 4.082
root: Val_Loss = 0.7641578316688538, Val_Err = 17.36
root: Epoch: [184 | 300]
root: Train_Loss = 0.018899373710155487, Train_Err = 3.89
root: Val_Loss = 0.7535592913627625, Val_Err = 17.53
root: Epoch: [185 | 300]
root: Train_Loss = 0.01894853636622429, Train_Err = 3.966
root: Val_Loss = 0.7526447176933289, Val_Err = 17.16
root: Epoch: [186 | 300]
root: Train_Loss = 0.019643675535917282, Train_Err = 4.116
root: Val_Loss = 0.7639482021331787, Val_Err = 17.27
root: Epoch: [187 | 300]
root: Train_Loss = 0.019312076270580292, Train_Err = 4.012
root: Val_Loss = 0.7484444379806519, Val_Err = 17.24
root: Epoch: [188 | 300]
root: Train_Loss = 0.01936495490372181, Train_Err = 4.054
root: Val_Loss = 0.7664248943328857, Val_Err = 17.26
root: Epoch: [189 | 300]
root: Train_Loss = 0.018535632640123367, Train_Err = 3.83
root: Val_Loss = 0.7522916793823242, Val_Err = 16.84
root: Epoch: [190 | 300]
root: Train_Loss = 0.019046060740947723, Train_Err = 3.974
root: Val_Loss = 0.7662169933319092, Val_Err = 17.18
root: Epoch: [191 | 300]
root: Train_Loss = 0.01897292584180832, Train_Err = 4.024
root: Val_Loss = 0.751713752746582, Val_Err = 17.46
root: Epoch: [192 | 300]
root: Train_Loss = 0.01921740733087063, Train_Err = 4.054
root: Val_Loss = 0.7384467720985413, Val_Err = 17.1
root: Epoch: [193 | 300]
root: Train_Loss = 0.018674107268452644, Train_Err = 3.894
root: Val_Loss = 0.734100878238678, Val_Err = 16.8
root: Epoch: [194 | 300]
root: Train_Loss = 0.019455038011074066, Train_Err = 4.046
root: Val_Loss = 0.7537215352058411, Val_Err = 17.14
root: Epoch: [195 | 300]
root: Train_Loss = 0.018574349582195282, Train_Err = 3.872
root: Val_Loss = 0.7301757335662842, Val_Err = 16.57
root: Epoch: [196 | 300]
root: Train_Loss = 0.018532320857048035, Train_Err = 3.814
root: Val_Loss = 0.7462399005889893, Val_Err = 17.02
root: Epoch: [197 | 300]
root: Train_Loss = 0.01840144395828247, Train_Err = 3.796
root: Val_Loss = 0.7319831848144531, Val_Err = 16.78
root: Epoch: [198 | 300]
root: Train_Loss = 0.019035939127206802, Train_Err = 3.93
root: Val_Loss = 0.7383274435997009, Val_Err = 16.77
root: Epoch: [199 | 300]
root: Train_Loss = 0.018180206418037415, Train_Err = 3.742
root: Val_Loss = 0.7334497570991516, Val_Err = 16.76
root: Epoch: [200 | 300]
root: Train_Loss = 0.018446151167154312, Train_Err = 3.842
root: Val_Loss = 0.7317712306976318, Val_Err = 16.82
root: Epoch: [201 | 300]
root: Train_Loss = 0.018400141969323158, Train_Err = 3.816
root: Val_Loss = 0.7477688789367676, Val_Err = 16.81
root: Epoch: [202 | 300]
root: Train_Loss = 0.018368201330304146, Train_Err = 3.876
root: Val_Loss = 0.7377908229827881, Val_Err = 16.87
root: Epoch: [203 | 300]
root: Train_Loss = 0.01797720603644848, Train_Err = 3.728
root: Val_Loss = 0.7499449253082275, Val_Err = 16.78
root: Epoch: [204 | 300]
root: Train_Loss = 0.01877433992922306, Train_Err = 3.848
root: Val_Loss = 0.7379986047744751, Val_Err = 16.49
root: Epoch: [205 | 300]
root: Train_Loss = 0.01881173439323902, Train_Err = 3.904
root: Val_Loss = 0.7386252880096436, Val_Err = 16.78
root: Epoch: [206 | 300]
root: Train_Loss = 0.01869221217930317, Train_Err = 3.924
root: Val_Loss = 0.7444631457328796, Val_Err = 16.9
root: Epoch: [207 | 300]
root: Train_Loss = 0.018487539142370224, Train_Err = 3.878
root: Val_Loss = 0.7460604310035706, Val_Err = 16.99
root: Epoch: [208 | 300]
root: Train_Loss = 0.018572483211755753, Train_Err = 3.838
root: Val_Loss = 0.7474956512451172, Val_Err = 16.93
root: Epoch: [209 | 300]
root: Train_Loss = 0.018466394394636154, Train_Err = 3.766
root: Val_Loss = 0.7557281851768494, Val_Err = 17.05
root: Epoch: [210 | 300]
root: Train_Loss = 0.017967266961932182, Train_Err = 3.756
root: Val_Loss = 0.7464962601661682, Val_Err = 16.78
root: Epoch: [211 | 300]
root: Train_Loss = 0.018435319885611534, Train_Err = 3.826
root: Val_Loss = 0.7495751976966858, Val_Err = 16.75
root: Epoch: [212 | 300]
root: Train_Loss = 0.01767328754067421, Train_Err = 3.674
root: Val_Loss = 0.7643076181411743, Val_Err = 16.53
root: Epoch: [213 | 300]
root: Train_Loss = 0.017963366582989693, Train_Err = 3.804
root: Val_Loss = 0.740476131439209, Val_Err = 16.78
root: Epoch: [214 | 300]
root: Train_Loss = 0.018017280846834183, Train_Err = 3.782
root: Val_Loss = 0.7501393556594849, Val_Err = 16.47
root: Epoch: [215 | 300]
root: Train_Loss = 0.01899642124772072, Train_Err = 3.882
root: Val_Loss = 0.7389606833457947, Val_Err = 16.73
root: Epoch: [216 | 300]
root: Train_Loss = 0.018106773495674133, Train_Err = 3.734
root: Val_Loss = 0.7397274374961853, Val_Err = 16.99
root: Epoch: [217 | 300]
root: Train_Loss = 0.018564367666840553, Train_Err = 3.82
root: Val_Loss = 0.7551067471504211, Val_Err = 16.44
root: Epoch: [218 | 300]
root: Train_Loss = 0.018431587144732475, Train_Err = 3.81
root: Val_Loss = 0.7462414503097534, Val_Err = 16.69
root: Epoch: [219 | 300]
root: Train_Loss = 0.017881734296679497, Train_Err = 3.712
root: Val_Loss = 0.7334620952606201, Val_Err = 16.69
root: Epoch: [220 | 300]
root: Train_Loss = 0.018503103405237198, Train_Err = 3.85
root: Val_Loss = 0.7461583614349365, Val_Err = 16.69
root: Epoch: [221 | 300]
root: Train_Loss = 0.017987428233027458, Train_Err = 3.696
root: Val_Loss = 0.7381165623664856, Val_Err = 16.56
root: Epoch: [222 | 300]
root: Train_Loss = 0.01851758547127247, Train_Err = 3.882
root: Val_Loss = 0.7384417057037354, Val_Err = 16.64
root: Epoch: [223 | 300]
root: Train_Loss = 0.01814955286681652, Train_Err = 3.772
root: Val_Loss = 0.742806613445282, Val_Err = 16.43
root: Epoch: [224 | 300]
root: Train_Loss = 0.017681105062365532, Train_Err = 3.74
root: Val_Loss = 0.7407047152519226, Val_Err = 16.44
root: Epoch: [225 | 300]
root: Train_Loss = 0.017352601513266563, Train_Err = 3.53
root: Val_Loss = 0.7267807722091675, Val_Err = 16.36
root: Epoch: [226 | 300]
root: Train_Loss = 0.01720208115875721, Train_Err = 3.592
root: Val_Loss = 0.7251579165458679, Val_Err = 16.35
root: Epoch: [227 | 300]
root: Train_Loss = 0.016259970143437386, Train_Err = 3.384
root: Val_Loss = 0.7131240963935852, Val_Err = 16.28
root: Epoch: [228 | 300]
root: Train_Loss = 0.016684643924236298, Train_Err = 3.408
root: Val_Loss = 0.7163307666778564, Val_Err = 16.3
root: Epoch: [229 | 300]
root: Train_Loss = 0.016291284933686256, Train_Err = 3.308
root: Val_Loss = 0.7154122591018677, Val_Err = 16.25
root: Epoch: [230 | 300]
root: Train_Loss = 0.016389796510338783, Train_Err = 3.396
root: Val_Loss = 0.7224480509757996, Val_Err = 16.17
root: Epoch: [231 | 300]
root: Train_Loss = 0.016660239547491074, Train_Err = 3.36
root: Val_Loss = 0.7095291614532471, Val_Err = 16.06
root: Epoch: [232 | 300]
root: Train_Loss = 0.015779739245772362, Train_Err = 3.202
root: Val_Loss = 0.7069761157035828, Val_Err = 16.06
root: Epoch: [233 | 300]
root: Train_Loss = 0.016388708725571632, Train_Err = 3.406
root: Val_Loss = 0.7157552242279053, Val_Err = 16.19
root: Epoch: [234 | 300]
root: Train_Loss = 0.015492646023631096, Train_Err = 3.178
root: Val_Loss = 0.7174326181411743, Val_Err = 16.19
root: Epoch: [235 | 300]
root: Train_Loss = 0.016222074627876282, Train_Err = 3.384
root: Val_Loss = 0.7159419059753418, Val_Err = 16.09
root: Epoch: [236 | 300]
root: Train_Loss = 0.015897095203399658, Train_Err = 3.244
root: Val_Loss = 0.7221779227256775, Val_Err = 16.22
root: Epoch: [237 | 300]
root: Train_Loss = 0.015570775605738163, Train_Err = 3.176
root: Val_Loss = 0.7138286828994751, Val_Err = 16.03
root: Epoch: [238 | 300]
root: Train_Loss = 0.015624663792550564, Train_Err = 3.234
root: Val_Loss = 0.7200957536697388, Val_Err = 16.28
root: Epoch: [239 | 300]
root: Train_Loss = 0.015756074339151382, Train_Err = 3.218
root: Val_Loss = 0.7119985818862915, Val_Err = 16.26
root: Epoch: [240 | 300]
root: Train_Loss = 0.01574273407459259, Train_Err = 3.23
root: Val_Loss = 0.7155554890632629, Val_Err = 16.0
root: Epoch: [241 | 300]
root: Train_Loss = 0.016437962651252747, Train_Err = 3.37
root: Val_Loss = 0.7051950693130493, Val_Err = 15.98
root: Epoch: [242 | 300]
root: Train_Loss = 0.015460879541933537, Train_Err = 3.172
root: Val_Loss = 0.716984748840332, Val_Err = 15.93
root: Epoch: [243 | 300]
root: Train_Loss = 0.015276285819709301, Train_Err = 3.142
root: Val_Loss = 0.7162981033325195, Val_Err = 16.22
root: Epoch: [244 | 300]
root: Train_Loss = 0.016115758568048477, Train_Err = 3.288
root: Val_Loss = 0.7061067223548889, Val_Err = 16.12
root: Epoch: [245 | 300]
root: Train_Loss = 0.016057800501585007, Train_Err = 3.266
root: Val_Loss = 0.7075598239898682, Val_Err = 16.22
root: Epoch: [246 | 300]
root: Train_Loss = 0.015758583322167397, Train_Err = 3.196
root: Val_Loss = 0.7110419273376465, Val_Err = 16.2
root: Epoch: [247 | 300]
root: Train_Loss = 0.0161865446716547, Train_Err = 3.342
root: Val_Loss = 0.7069807648658752, Val_Err = 16.1
root: Epoch: [248 | 300]
root: Train_Loss = 0.0154279675334692, Train_Err = 3.15
root: Val_Loss = 0.7057681083679199, Val_Err = 16.05
root: Epoch: [249 | 300]
root: Train_Loss = 0.01667313277721405, Train_Err = 3.356
root: Val_Loss = 0.7087393403053284, Val_Err = 15.77
root: Epoch: [250 | 300]
root: Train_Loss = 0.015427356585860252, Train_Err = 3.208
root: Val_Loss = 0.7156040072441101, Val_Err = 15.95
root: Epoch: [251 | 300]
root: Train_Loss = 0.016192594543099403, Train_Err = 3.334
root: Val_Loss = 0.7052466869354248, Val_Err = 16.14
root: Epoch: [252 | 300]
root: Train_Loss = 0.01570713147521019, Train_Err = 3.22
root: Val_Loss = 0.7134483456611633, Val_Err = 15.99
root: Epoch: [253 | 300]
root: Train_Loss = 0.015823421999812126, Train_Err = 3.268
root: Val_Loss = 0.7135447859764099, Val_Err = 16.04
root: Epoch: [254 | 300]
root: Train_Loss = 0.015386718325316906, Train_Err = 3.142
root: Val_Loss = 0.7123540043830872, Val_Err = 15.74
root: Epoch: [255 | 300]
root: Train_Loss = 0.015282201580703259, Train_Err = 3.1
root: Val_Loss = 0.7160267233848572, Val_Err = 16.19
root: Epoch: [256 | 300]
root: Train_Loss = 0.015349308960139751, Train_Err = 3.138
root: Val_Loss = 0.7008171677589417, Val_Err = 16.07
root: Epoch: [257 | 300]
root: Train_Loss = 0.016254713758826256, Train_Err = 3.366
root: Val_Loss = 0.7096912860870361, Val_Err = 15.78
root: Epoch: [258 | 300]
root: Train_Loss = 0.01618344895541668, Train_Err = 3.344
root: Val_Loss = 0.7079184651374817, Val_Err = 15.94
root: Epoch: [259 | 300]
root: Train_Loss = 0.016097020357847214, Train_Err = 3.288
root: Val_Loss = 0.7083024978637695, Val_Err = 16.03
root: Epoch: [260 | 300]
root: Train_Loss = 0.015486953780055046, Train_Err = 3.224
root: Val_Loss = 0.7099320888519287, Val_Err = 16.0
root: Epoch: [261 | 300]
root: Train_Loss = 0.01574881002306938, Train_Err = 3.23
root: Val_Loss = 0.7092824578285217, Val_Err = 15.96
root: Epoch: [262 | 300]
root: Train_Loss = 0.015789490193128586, Train_Err = 3.216
root: Val_Loss = 0.7155181169509888, Val_Err = 15.99
root: Epoch: [263 | 300]
root: Train_Loss = 0.015697022899985313, Train_Err = 3.216
root: Val_Loss = 0.7144989371299744, Val_Err = 16.12
root: Epoch: [264 | 300]
root: Train_Loss = 0.015871604904532433, Train_Err = 3.302
root: Val_Loss = 0.7129364013671875, Val_Err = 16.18
root: Epoch: [265 | 300]
root: Train_Loss = 0.015936177223920822, Train_Err = 3.284
root: Val_Loss = 0.7096495032310486, Val_Err = 15.84
root: Epoch: [266 | 300]
root: Train_Loss = 0.01566641964018345, Train_Err = 3.23
root: Val_Loss = 0.7083227634429932, Val_Err = 16.09
root: Epoch: [267 | 300]
root: Train_Loss = 0.016054192557930946, Train_Err = 3.334
root: Val_Loss = 0.7073988318443298, Val_Err = 15.99
root: Epoch: [268 | 300]
root: Train_Loss = 0.015430664643645287, Train_Err = 3.126
root: Val_Loss = 0.7135679721832275, Val_Err = 15.78
root: Epoch: [269 | 300]
root: Train_Loss = 0.01546062808483839, Train_Err = 3.128
root: Val_Loss = 0.7049645781517029, Val_Err = 16.01
root: Epoch: [270 | 300]
root: Train_Loss = 0.01574651338160038, Train_Err = 3.248
root: Val_Loss = 0.7190781831741333, Val_Err = 15.88
root: Epoch: [271 | 300]
root: Train_Loss = 0.016327261924743652, Train_Err = 3.378
root: Val_Loss = 0.7160854935646057, Val_Err = 15.82
root: Epoch: [272 | 300]
root: Train_Loss = 0.015736568719148636, Train_Err = 3.156
root: Val_Loss = 0.7116387486457825, Val_Err = 15.89
root: Epoch: [273 | 300]
root: Train_Loss = 0.015558258630335331, Train_Err = 3.208
root: Val_Loss = 0.715012788772583, Val_Err = 15.85
root: Epoch: [274 | 300]
root: Train_Loss = 0.015624160878360271, Train_Err = 3.148
root: Val_Loss = 0.7031219005584717, Val_Err = 15.68
root: Epoch: [275 | 300]
root: Train_Loss = 0.015287186950445175, Train_Err = 3.138
root: Val_Loss = 0.7081836462020874, Val_Err = 15.77
root: Epoch: [276 | 300]
root: Train_Loss = 0.01569105125963688, Train_Err = 3.292
root: Val_Loss = 0.71244877576828, Val_Err = 15.88
root: Epoch: [277 | 300]
root: Train_Loss = 0.015485236421227455, Train_Err = 3.202
root: Val_Loss = 0.7082933187484741, Val_Err = 15.9
root: Epoch: [278 | 300]
root: Train_Loss = 0.015686050057411194, Train_Err = 3.286
root: Val_Loss = 0.7126340866088867, Val_Err = 15.69
root: Epoch: [279 | 300]
root: Train_Loss = 0.015289311297237873, Train_Err = 3.162
root: Val_Loss = 0.7050784826278687, Val_Err = 15.68
root: Epoch: [280 | 300]
root: Train_Loss = 0.016200020909309387, Train_Err = 3.326
root: Val_Loss = 0.7047580480575562, Val_Err = 15.8
root: Epoch: [281 | 300]
root: Train_Loss = 0.016103792935609818, Train_Err = 3.324
root: Val_Loss = 0.7029538750648499, Val_Err = 15.7
root: Epoch: [282 | 300]
root: Train_Loss = 0.016203677281737328, Train_Err = 3.356
root: Val_Loss = 0.7205533385276794, Val_Err = 15.85
root: Epoch: [283 | 300]
root: Train_Loss = 0.01587328501045704, Train_Err = 3.284
root: Val_Loss = 0.7196406126022339, Val_Err = 15.89
root: Epoch: [284 | 300]
root: Train_Loss = 0.01478976383805275, Train_Err = 3.026
root: Val_Loss = 0.7163406610488892, Val_Err = 15.93
root: Epoch: [285 | 300]
root: Train_Loss = 0.015764126554131508, Train_Err = 3.258
root: Val_Loss = 0.7149997353553772, Val_Err = 15.84
root: Epoch: [286 | 300]
root: Train_Loss = 0.015793364495038986, Train_Err = 3.234
root: Val_Loss = 0.7147326469421387, Val_Err = 15.75
root: Epoch: [287 | 300]
root: Train_Loss = 0.01606730744242668, Train_Err = 3.298
root: Val_Loss = 0.7054640650749207, Val_Err = 15.98
root: Epoch: [288 | 300]
root: Train_Loss = 0.015490633435547352, Train_Err = 3.182
root: Val_Loss = 0.7079482674598694, Val_Err = 15.79
root: Epoch: [289 | 300]
root: Train_Loss = 0.015465864911675453, Train_Err = 3.154
root: Val_Loss = 0.7052289843559265, Val_Err = 15.79
root: Epoch: [290 | 300]
root: Train_Loss = 0.014884206466376781, Train_Err = 3.048
root: Val_Loss = 0.6993967890739441, Val_Err = 15.86
root: Epoch: [291 | 300]
root: Train_Loss = 0.015182947739958763, Train_Err = 3.168
root: Val_Loss = 0.7063056230545044, Val_Err = 15.88
root: Epoch: [292 | 300]
root: Train_Loss = 0.015704451128840446, Train_Err = 3.236
root: Val_Loss = 0.7140003442764282, Val_Err = 15.96
root: Epoch: [293 | 300]
root: Train_Loss = 0.015139368362724781, Train_Err = 3.076
root: Val_Loss = 0.7135939002037048, Val_Err = 16.04
root: Epoch: [294 | 300]
root: Train_Loss = 0.015652015805244446, Train_Err = 3.204
root: Val_Loss = 0.702180027961731, Val_Err = 15.91
root: Epoch: [295 | 300]
root: Train_Loss = 0.015177321620285511, Train_Err = 3.132
root: Val_Loss = 0.70216965675354, Val_Err = 15.86
root: Epoch: [296 | 300]
root: Train_Loss = 0.01562764309346676, Train_Err = 3.176
root: Val_Loss = 0.7096933722496033, Val_Err = 15.8
root: Epoch: [297 | 300]
root: Train_Loss = 0.01555627677589655, Train_Err = 3.232
root: Val_Loss = 0.7149868011474609, Val_Err = 16.04
root: Epoch: [298 | 300]
root: Train_Loss = 0.016005057841539383, Train_Err = 3.286
root: Val_Loss = 0.7085803747177124, Val_Err = 16.04
root: Epoch: [299 | 300]
root: Train_Loss = 0.015353267081081867, Train_Err = 3.156
root: Val_Loss = 0.7183680534362793, Val_Err = 16.04
