root: Namespace(batch_size=128, cp_dir='checkpoints/autoaugment_cutout/cifar10/smooth_out/run_ms_0/pyramidnet_110_8_0.009', depth=110, dtype='cifar10', epochs=300, img_aug='autoaugment_cutout', learning_rate=0.1, momentum=0.9, mtype='pyramidnet', num_classes=10, seed=0, smooth_out_a=0.009, threads=8, weight_decay=0.0001, width_factor=8)
root: Epoch: [0 | 300]
root: Train_Loss = 1.9400602579116821, Train_Err = 70.74
root: Val_Loss = 1.3448357582092285, Val_Err = 48.16
root: Epoch: [1 | 300]
root: Train_Loss = 1.3259824514389038, Train_Err = 47.176
root: Val_Loss = 1.163095474243164, Val_Err = 38.44
root: Epoch: [2 | 300]
root: Train_Loss = 1.0761148929595947, Train_Err = 37.95
root: Val_Loss = 0.8499689102172852, Val_Err = 30.03
root: Epoch: [3 | 300]
root: Train_Loss = 0.9179286360740662, Train_Err = 32.208
root: Val_Loss = 0.693049967288971, Val_Err = 23.85
root: Epoch: [4 | 300]
root: Train_Loss = 0.82170170545578, Train_Err = 28.704
root: Val_Loss = 0.6623144149780273, Val_Err = 22.63
root: Epoch: [5 | 300]
root: Train_Loss = 0.7538865208625793, Train_Err = 26.176
root: Val_Loss = 0.5482771396636963, Val_Err = 18.97
root: Epoch: [6 | 300]
root: Train_Loss = 0.7132096886634827, Train_Err = 24.776
root: Val_Loss = 0.5421599745750427, Val_Err = 18.4
root: Epoch: [7 | 300]
root: Train_Loss = 0.6725471019744873, Train_Err = 23.368
root: Val_Loss = 0.5920926332473755, Val_Err = 20.08
root: Epoch: [8 | 300]
root: Train_Loss = 0.6359816789627075, Train_Err = 22.256
root: Val_Loss = 0.4795726537704468, Val_Err = 15.83
root: Epoch: [9 | 300]
root: Train_Loss = 0.6120045781135559, Train_Err = 21.28
root: Val_Loss = 0.4988883137702942, Val_Err = 16.26
root: Epoch: [10 | 300]
root: Train_Loss = 0.5876497626304626, Train_Err = 20.372
root: Val_Loss = 0.4268897473812103, Val_Err = 14.66
root: Epoch: [11 | 300]
root: Train_Loss = 0.5766962766647339, Train_Err = 20.094
root: Val_Loss = 0.4084972143173218, Val_Err = 14.01
root: Epoch: [12 | 300]
root: Train_Loss = 0.5560480952262878, Train_Err = 19.266
root: Val_Loss = 0.3949775695800781, Val_Err = 13.58
root: Epoch: [13 | 300]
root: Train_Loss = 0.5325967073440552, Train_Err = 18.546
root: Val_Loss = 0.38350847363471985, Val_Err = 13.1
root: Epoch: [14 | 300]
root: Train_Loss = 0.5207715034484863, Train_Err = 18.09
root: Val_Loss = 0.35339802503585815, Val_Err = 11.75
root: Epoch: [15 | 300]
root: Train_Loss = 0.5113667249679565, Train_Err = 17.764
root: Val_Loss = 0.4405158460140228, Val_Err = 14.75
root: Epoch: [16 | 300]
root: Train_Loss = 0.5024303197860718, Train_Err = 17.428
root: Val_Loss = 0.4090441167354584, Val_Err = 14.03
root: Epoch: [17 | 300]
root: Train_Loss = 0.490845650434494, Train_Err = 17.122
root: Val_Loss = 0.4529852569103241, Val_Err = 14.46
root: Epoch: [18 | 300]
root: Train_Loss = 0.47186771035194397, Train_Err = 16.544
root: Val_Loss = 0.330941766500473, Val_Err = 11.03
root: Epoch: [19 | 300]
root: Train_Loss = 0.46398070454597473, Train_Err = 16.118
root: Val_Loss = 0.34596875309944153, Val_Err = 12.03
root: Epoch: [20 | 300]
root: Train_Loss = 0.45680975914001465, Train_Err = 15.824
root: Val_Loss = 0.3443385660648346, Val_Err = 11.42
root: Epoch: [21 | 300]
root: Train_Loss = 0.44730427861213684, Train_Err = 15.416
root: Val_Loss = 0.36890557408332825, Val_Err = 12.36
root: Epoch: [22 | 300]
root: Train_Loss = 0.4387490153312683, Train_Err = 15.36
root: Val_Loss = 0.3574906885623932, Val_Err = 12.01
root: Epoch: [23 | 300]
root: Train_Loss = 0.43690893054008484, Train_Err = 15.09
root: Val_Loss = 0.29317089915275574, Val_Err = 10.22
root: Epoch: [24 | 300]
root: Train_Loss = 0.43332722783088684, Train_Err = 15.136
root: Val_Loss = 0.46668577194213867, Val_Err = 14.17
root: Epoch: [25 | 300]
root: Train_Loss = 0.4240519404411316, Train_Err = 14.846
root: Val_Loss = 0.3545244038105011, Val_Err = 11.52
root: Epoch: [26 | 300]
root: Train_Loss = 0.4182160496711731, Train_Err = 14.488
root: Val_Loss = 0.2962417006492615, Val_Err = 10.02
root: Epoch: [27 | 300]
root: Train_Loss = 0.40714868903160095, Train_Err = 14.198
root: Val_Loss = 0.28330913186073303, Val_Err = 9.14
root: Epoch: [28 | 300]
root: Train_Loss = 0.4071008563041687, Train_Err = 14.18
root: Val_Loss = 0.3264375329017639, Val_Err = 10.92
root: Epoch: [29 | 300]
root: Train_Loss = 0.409041166305542, Train_Err = 14.338
root: Val_Loss = 0.2864947021007538, Val_Err = 9.85
root: Epoch: [30 | 300]
root: Train_Loss = 0.39608412981033325, Train_Err = 13.728
root: Val_Loss = 0.2943097949028015, Val_Err = 9.65
root: Epoch: [31 | 300]
root: Train_Loss = 0.39291805028915405, Train_Err = 13.744
root: Val_Loss = 0.2694684863090515, Val_Err = 9.25
root: Epoch: [32 | 300]
root: Train_Loss = 0.3864993155002594, Train_Err = 13.392
root: Val_Loss = 0.2870992422103882, Val_Err = 9.61
root: Epoch: [33 | 300]
root: Train_Loss = 0.38620683550834656, Train_Err = 13.492
root: Val_Loss = 0.3138958811759949, Val_Err = 10.05
root: Epoch: [34 | 300]
root: Train_Loss = 0.37868162989616394, Train_Err = 13.228
root: Val_Loss = 0.2777310609817505, Val_Err = 9.28
root: Epoch: [35 | 300]
root: Train_Loss = 0.37884655594825745, Train_Err = 13.376
root: Val_Loss = 0.25046858191490173, Val_Err = 8.2
root: Epoch: [36 | 300]
root: Train_Loss = 0.36583229899406433, Train_Err = 12.668
root: Val_Loss = 0.27506500482559204, Val_Err = 9.18
root: Epoch: [37 | 300]
root: Train_Loss = 0.36500924825668335, Train_Err = 12.784
root: Val_Loss = 0.27159637212753296, Val_Err = 8.89
root: Epoch: [38 | 300]
root: Train_Loss = 0.37284576892852783, Train_Err = 13.04
root: Val_Loss = 0.2838006019592285, Val_Err = 9.24
root: Epoch: [39 | 300]
root: Train_Loss = 0.36189693212509155, Train_Err = 12.606
root: Val_Loss = 0.24247761070728302, Val_Err = 8.48
root: Epoch: [40 | 300]
root: Train_Loss = 0.3582026958465576, Train_Err = 12.476
root: Val_Loss = 0.25707995891571045, Val_Err = 8.52
root: Epoch: [41 | 300]
root: Train_Loss = 0.35242220759391785, Train_Err = 12.304
root: Val_Loss = 0.32129523158073425, Val_Err = 10.39
root: Epoch: [42 | 300]
root: Train_Loss = 0.35803553462028503, Train_Err = 12.502
root: Val_Loss = 0.27953416109085083, Val_Err = 8.93
root: Epoch: [43 | 300]
root: Train_Loss = 0.3579017221927643, Train_Err = 12.476
root: Val_Loss = 0.25938838720321655, Val_Err = 8.65
root: Epoch: [44 | 300]
root: Train_Loss = 0.34903988242149353, Train_Err = 12.242
root: Val_Loss = 0.31285205483436584, Val_Err = 9.99
root: Epoch: [45 | 300]
root: Train_Loss = 0.35259807109832764, Train_Err = 12.276
root: Val_Loss = 0.2642638385295868, Val_Err = 8.39
root: Epoch: [46 | 300]
root: Train_Loss = 0.34671029448509216, Train_Err = 12.106
root: Val_Loss = 0.3103620707988739, Val_Err = 9.97
root: Epoch: [47 | 300]
root: Train_Loss = 0.34062522649765015, Train_Err = 11.856
root: Val_Loss = 0.2590690553188324, Val_Err = 8.34
root: Epoch: [48 | 300]
root: Train_Loss = 0.3427547812461853, Train_Err = 11.976
root: Val_Loss = 0.29107579588890076, Val_Err = 9.45
root: Epoch: [49 | 300]
root: Train_Loss = 0.34793519973754883, Train_Err = 12.23
root: Val_Loss = 0.2648622393608093, Val_Err = 8.52
root: Epoch: [50 | 300]
root: Train_Loss = 0.33717721700668335, Train_Err = 11.768
root: Val_Loss = 0.29406240582466125, Val_Err = 9.35
root: Epoch: [51 | 300]
root: Train_Loss = 0.3367464244365692, Train_Err = 11.652
root: Val_Loss = 0.24901825189590454, Val_Err = 8.11
root: Epoch: [52 | 300]
root: Train_Loss = 0.3373807370662689, Train_Err = 11.71
root: Val_Loss = 0.24618317186832428, Val_Err = 7.86
root: Epoch: [53 | 300]
root: Train_Loss = 0.33078211545944214, Train_Err = 11.698
root: Val_Loss = 0.266538143157959, Val_Err = 8.55
root: Epoch: [54 | 300]
root: Train_Loss = 0.3332274854183197, Train_Err = 11.498
root: Val_Loss = 0.2509811818599701, Val_Err = 7.77
root: Epoch: [55 | 300]
root: Train_Loss = 0.32945600152015686, Train_Err = 11.544
root: Val_Loss = 0.2734590768814087, Val_Err = 8.17
root: Epoch: [56 | 300]
root: Train_Loss = 0.3274773359298706, Train_Err = 11.374
root: Val_Loss = 0.3413826823234558, Val_Err = 10.86
root: Epoch: [57 | 300]
root: Train_Loss = 0.33038878440856934, Train_Err = 11.598
root: Val_Loss = 0.24703919887542725, Val_Err = 8.09
root: Epoch: [58 | 300]
root: Train_Loss = 0.33055928349494934, Train_Err = 11.504
root: Val_Loss = 0.28457027673721313, Val_Err = 9.41
root: Epoch: [59 | 300]
root: Train_Loss = 0.32815682888031006, Train_Err = 11.332
root: Val_Loss = 0.2752661406993866, Val_Err = 8.88
root: Epoch: [60 | 300]
root: Train_Loss = 0.32028302550315857, Train_Err = 11.298
root: Val_Loss = 0.24222233891487122, Val_Err = 7.72
root: Epoch: [61 | 300]
root: Train_Loss = 0.3159830868244171, Train_Err = 10.886
root: Val_Loss = 0.22470472753047943, Val_Err = 7.45
root: Epoch: [62 | 300]
root: Train_Loss = 0.3240523338317871, Train_Err = 11.408
root: Val_Loss = 0.24047140777111053, Val_Err = 8.02
root: Epoch: [63 | 300]
root: Train_Loss = 0.31864282488822937, Train_Err = 11.146
root: Val_Loss = 0.2575696110725403, Val_Err = 8.18
root: Epoch: [64 | 300]
root: Train_Loss = 0.31486672163009644, Train_Err = 10.934
root: Val_Loss = 0.235764279961586, Val_Err = 7.84
root: Epoch: [65 | 300]
root: Train_Loss = 0.32127076387405396, Train_Err = 11.242
root: Val_Loss = 0.25549980998039246, Val_Err = 8.43
root: Epoch: [66 | 300]
root: Train_Loss = 0.3167099058628082, Train_Err = 11.11
root: Val_Loss = 0.28864404559135437, Val_Err = 9.45
root: Epoch: [67 | 300]
root: Train_Loss = 0.31496185064315796, Train_Err = 11.002
root: Val_Loss = 0.23983757197856903, Val_Err = 7.81
root: Epoch: [68 | 300]
root: Train_Loss = 0.3139166831970215, Train_Err = 10.91
root: Val_Loss = 0.2363279014825821, Val_Err = 7.34
root: Epoch: [69 | 300]
root: Train_Loss = 0.3080107271671295, Train_Err = 10.728
root: Val_Loss = 0.22660982608795166, Val_Err = 7.35
root: Epoch: [70 | 300]
root: Train_Loss = 0.3141886293888092, Train_Err = 11.07
root: Val_Loss = 0.4144606292247772, Val_Err = 11.95
root: Epoch: [71 | 300]
root: Train_Loss = 0.3128449618816376, Train_Err = 11.082
root: Val_Loss = 0.28420495986938477, Val_Err = 9.06
root: Epoch: [72 | 300]
root: Train_Loss = 0.310891330242157, Train_Err = 10.826
root: Val_Loss = 0.2804357409477234, Val_Err = 9.37
root: Epoch: [73 | 300]
root: Train_Loss = 0.30998486280441284, Train_Err = 10.774
root: Val_Loss = 0.2132500857114792, Val_Err = 7.14
root: Epoch: [74 | 300]
root: Train_Loss = 0.305092990398407, Train_Err = 10.768
root: Val_Loss = 0.21207043528556824, Val_Err = 6.69
root: Epoch: [75 | 300]
root: Train_Loss = 0.31044861674308777, Train_Err = 10.842
root: Val_Loss = 0.24148395657539368, Val_Err = 7.8
root: Epoch: [76 | 300]
root: Train_Loss = 0.2999599874019623, Train_Err = 10.514
root: Val_Loss = 0.26264721155166626, Val_Err = 8.32
root: Epoch: [77 | 300]
root: Train_Loss = 0.2990126609802246, Train_Err = 10.342
root: Val_Loss = 0.2501538097858429, Val_Err = 7.63
root: Epoch: [78 | 300]
root: Train_Loss = 0.30110621452331543, Train_Err = 10.564
root: Val_Loss = 0.24347560107707977, Val_Err = 8.08
root: Epoch: [79 | 300]
root: Train_Loss = 0.3009926676750183, Train_Err = 10.54
root: Val_Loss = 0.23400531709194183, Val_Err = 7.69
root: Epoch: [80 | 300]
root: Train_Loss = 0.30606192350387573, Train_Err = 10.706
root: Val_Loss = 0.23989535868167877, Val_Err = 8.07
root: Epoch: [81 | 300]
root: Train_Loss = 0.29718539118766785, Train_Err = 10.252
root: Val_Loss = 0.2240690439939499, Val_Err = 7.16
root: Epoch: [82 | 300]
root: Train_Loss = 0.30078887939453125, Train_Err = 10.58
root: Val_Loss = 0.2148219645023346, Val_Err = 6.88
root: Epoch: [83 | 300]
root: Train_Loss = 0.30187341570854187, Train_Err = 10.624
root: Val_Loss = 0.2495056837797165, Val_Err = 8.15
root: Epoch: [84 | 300]
root: Train_Loss = 0.29482707381248474, Train_Err = 10.308
root: Val_Loss = 0.23591944575309753, Val_Err = 7.27
root: Epoch: [85 | 300]
root: Train_Loss = 0.3064693808555603, Train_Err = 10.75
root: Val_Loss = 0.2391088306903839, Val_Err = 7.53
root: Epoch: [86 | 300]
root: Train_Loss = 0.29610785841941833, Train_Err = 10.252
root: Val_Loss = 0.19483324885368347, Val_Err = 6.65
root: Epoch: [87 | 300]
root: Train_Loss = 0.29114675521850586, Train_Err = 10.19
root: Val_Loss = 0.2506324350833893, Val_Err = 7.74
root: Epoch: [88 | 300]
root: Train_Loss = 0.2972069978713989, Train_Err = 10.336
root: Val_Loss = 0.21413259208202362, Val_Err = 6.62
root: Epoch: [89 | 300]
root: Train_Loss = 0.2921288013458252, Train_Err = 10.224
root: Val_Loss = 0.2379448115825653, Val_Err = 7.57
root: Epoch: [90 | 300]
root: Train_Loss = 0.2929350435733795, Train_Err = 10.254
root: Val_Loss = 0.23990920186042786, Val_Err = 7.79
root: Epoch: [91 | 300]
root: Train_Loss = 0.285462349653244, Train_Err = 9.882
root: Val_Loss = 0.23885516822338104, Val_Err = 7.55
root: Epoch: [92 | 300]
root: Train_Loss = 0.2936990261077881, Train_Err = 10.274
root: Val_Loss = 0.22932355105876923, Val_Err = 6.95
root: Epoch: [93 | 300]
root: Train_Loss = 0.2916557490825653, Train_Err = 10.274
root: Val_Loss = 0.2359829843044281, Val_Err = 7.27
root: Epoch: [94 | 300]
root: Train_Loss = 0.2865997850894928, Train_Err = 9.906
root: Val_Loss = 0.2338227480649948, Val_Err = 7.24
root: Epoch: [95 | 300]
root: Train_Loss = 0.291623055934906, Train_Err = 10.124
root: Val_Loss = 0.21734240651130676, Val_Err = 6.95
root: Epoch: [96 | 300]
root: Train_Loss = 0.28660818934440613, Train_Err = 10.064
root: Val_Loss = 0.26057204604148865, Val_Err = 7.87
root: Epoch: [97 | 300]
root: Train_Loss = 0.28808510303497314, Train_Err = 10.058
root: Val_Loss = 0.2136860489845276, Val_Err = 6.96
root: Epoch: [98 | 300]
root: Train_Loss = 0.28290054202079773, Train_Err = 9.862
root: Val_Loss = 0.36201614141464233, Val_Err = 10.16
root: Epoch: [99 | 300]
root: Train_Loss = 0.28951752185821533, Train_Err = 10.072
root: Val_Loss = 0.21842770278453827, Val_Err = 7.18
root: Epoch: [100 | 300]
root: Train_Loss = 0.2868725657463074, Train_Err = 10.108
root: Val_Loss = 0.23142145574092865, Val_Err = 7.33
root: Epoch: [101 | 300]
root: Train_Loss = 0.2871223986148834, Train_Err = 10.038
root: Val_Loss = 0.2364627867937088, Val_Err = 7.86
root: Epoch: [102 | 300]
root: Train_Loss = 0.2829788625240326, Train_Err = 9.982
root: Val_Loss = 0.2764611840248108, Val_Err = 8.28
root: Epoch: [103 | 300]
root: Train_Loss = 0.2791208326816559, Train_Err = 9.622
root: Val_Loss = 0.23025421798229218, Val_Err = 7.12
root: Epoch: [104 | 300]
root: Train_Loss = 0.2793947756290436, Train_Err = 9.788
root: Val_Loss = 0.2512519359588623, Val_Err = 7.94
root: Epoch: [105 | 300]
root: Train_Loss = 0.28108537197113037, Train_Err = 9.84
root: Val_Loss = 0.23307333886623383, Val_Err = 7.0
root: Epoch: [106 | 300]
root: Train_Loss = 0.28430333733558655, Train_Err = 9.892
root: Val_Loss = 0.20860150456428528, Val_Err = 6.71
root: Epoch: [107 | 300]
root: Train_Loss = 0.2801639139652252, Train_Err = 9.696
root: Val_Loss = 0.2640868127346039, Val_Err = 7.88
root: Epoch: [108 | 300]
root: Train_Loss = 0.27838122844696045, Train_Err = 9.76
root: Val_Loss = 0.2110532969236374, Val_Err = 6.88
root: Epoch: [109 | 300]
root: Train_Loss = 0.27897965908050537, Train_Err = 9.636
root: Val_Loss = 0.21090836822986603, Val_Err = 6.69
root: Epoch: [110 | 300]
root: Train_Loss = 0.2842045724391937, Train_Err = 9.956
root: Val_Loss = 0.2129182070493698, Val_Err = 6.68
root: Epoch: [111 | 300]
root: Train_Loss = 0.27765795588493347, Train_Err = 9.672
root: Val_Loss = 0.2341730147600174, Val_Err = 7.4
root: Epoch: [112 | 300]
root: Train_Loss = 0.2825610339641571, Train_Err = 9.788
root: Val_Loss = 0.2581450939178467, Val_Err = 8.32
root: Epoch: [113 | 300]
root: Train_Loss = 0.2744995951652527, Train_Err = 9.582
root: Val_Loss = 0.19162659347057343, Val_Err = 6.29
root: Epoch: [114 | 300]
root: Train_Loss = 0.27669376134872437, Train_Err = 9.618
root: Val_Loss = 0.2470230609178543, Val_Err = 7.59
root: Epoch: [115 | 300]
root: Train_Loss = 0.28206732869148254, Train_Err = 9.864
root: Val_Loss = 0.21334728598594666, Val_Err = 6.59
root: Epoch: [116 | 300]
root: Train_Loss = 0.27540433406829834, Train_Err = 9.65
root: Val_Loss = 0.20855304598808289, Val_Err = 6.53
root: Epoch: [117 | 300]
root: Train_Loss = 0.27727919816970825, Train_Err = 9.72
root: Val_Loss = 0.22863590717315674, Val_Err = 7.37
root: Epoch: [118 | 300]
root: Train_Loss = 0.2732333242893219, Train_Err = 9.604
root: Val_Loss = 0.2034044712781906, Val_Err = 6.49
root: Epoch: [119 | 300]
root: Train_Loss = 0.2727468013763428, Train_Err = 9.592
root: Val_Loss = 0.28468039631843567, Val_Err = 8.92
root: Epoch: [120 | 300]
root: Train_Loss = 0.2763124406337738, Train_Err = 9.722
root: Val_Loss = 0.18253667652606964, Val_Err = 6.08
root: Epoch: [121 | 300]
root: Train_Loss = 0.27422916889190674, Train_Err = 9.58
root: Val_Loss = 0.21647801995277405, Val_Err = 6.73
root: Epoch: [122 | 300]
root: Train_Loss = 0.27117136120796204, Train_Err = 9.5
root: Val_Loss = 0.22419284284114838, Val_Err = 7.15
root: Epoch: [123 | 300]
root: Train_Loss = 0.2671777904033661, Train_Err = 9.43
root: Val_Loss = 0.21476241946220398, Val_Err = 6.71
root: Epoch: [124 | 300]
root: Train_Loss = 0.27505722641944885, Train_Err = 9.61
root: Val_Loss = 0.2114151120185852, Val_Err = 6.99
root: Epoch: [125 | 300]
root: Train_Loss = 0.27235060930252075, Train_Err = 9.592
root: Val_Loss = 0.24606139957904816, Val_Err = 7.55
root: Epoch: [126 | 300]
root: Train_Loss = 0.27302294969558716, Train_Err = 9.524
root: Val_Loss = 0.24195097386837006, Val_Err = 7.34
root: Epoch: [127 | 300]
root: Train_Loss = 0.268302857875824, Train_Err = 9.332
root: Val_Loss = 0.18089208006858826, Val_Err = 5.78
root: Epoch: [128 | 300]
root: Train_Loss = 0.27038586139678955, Train_Err = 9.338
root: Val_Loss = 0.24348576366901398, Val_Err = 7.58
root: Epoch: [129 | 300]
root: Train_Loss = 0.26950982213020325, Train_Err = 9.38
root: Val_Loss = 0.18744084239006042, Val_Err = 6.02
root: Epoch: [130 | 300]
root: Train_Loss = 0.2704285979270935, Train_Err = 9.416
root: Val_Loss = 0.2088281214237213, Val_Err = 6.38
root: Epoch: [131 | 300]
root: Train_Loss = 0.2719539701938629, Train_Err = 9.536
root: Val_Loss = 0.18463431298732758, Val_Err = 6.08
root: Epoch: [132 | 300]
root: Train_Loss = 0.26852676272392273, Train_Err = 9.5
root: Val_Loss = 0.28204214572906494, Val_Err = 8.45
root: Epoch: [133 | 300]
root: Train_Loss = 0.2721806466579437, Train_Err = 9.538
root: Val_Loss = 0.1903453767299652, Val_Err = 6.04
root: Epoch: [134 | 300]
root: Train_Loss = 0.2679041028022766, Train_Err = 9.23
root: Val_Loss = 0.20389977097511292, Val_Err = 6.42
root: Epoch: [135 | 300]
root: Train_Loss = 0.26804134249687195, Train_Err = 9.478
root: Val_Loss = 0.2448134422302246, Val_Err = 7.81
root: Epoch: [136 | 300]
root: Train_Loss = 0.2650848925113678, Train_Err = 9.318
root: Val_Loss = 0.25659602880477905, Val_Err = 7.78
root: Epoch: [137 | 300]
root: Train_Loss = 0.269025981426239, Train_Err = 9.464
root: Val_Loss = 0.2271975576877594, Val_Err = 6.94
root: Epoch: [138 | 300]
root: Train_Loss = 0.26669424772262573, Train_Err = 9.352
root: Val_Loss = 0.2452472299337387, Val_Err = 7.61
root: Epoch: [139 | 300]
root: Train_Loss = 0.26652267575263977, Train_Err = 9.336
root: Val_Loss = 0.24000217020511627, Val_Err = 7.31
root: Epoch: [140 | 300]
root: Train_Loss = 0.26845604181289673, Train_Err = 9.372
root: Val_Loss = 0.24620237946510315, Val_Err = 7.4
root: Epoch: [141 | 300]
root: Train_Loss = 0.2667425870895386, Train_Err = 9.394
root: Val_Loss = 0.25384604930877686, Val_Err = 7.62
root: Epoch: [142 | 300]
root: Train_Loss = 0.2610621154308319, Train_Err = 9.122
root: Val_Loss = 0.208771213889122, Val_Err = 6.66
root: Epoch: [143 | 300]
root: Train_Loss = 0.2649129331111908, Train_Err = 9.262
root: Val_Loss = 0.1973397135734558, Val_Err = 6.47
root: Epoch: [144 | 300]
root: Train_Loss = 0.26428234577178955, Train_Err = 9.278
root: Val_Loss = 0.20203441381454468, Val_Err = 6.16
root: Epoch: [145 | 300]
root: Train_Loss = 0.26446229219436646, Train_Err = 9.172
root: Val_Loss = 0.18714937567710876, Val_Err = 6.13
root: Epoch: [146 | 300]
root: Train_Loss = 0.2603256106376648, Train_Err = 9.142
root: Val_Loss = 0.1818089336156845, Val_Err = 5.98
root: Epoch: [147 | 300]
root: Train_Loss = 0.26688075065612793, Train_Err = 9.324
root: Val_Loss = 0.2579725384712219, Val_Err = 7.99
root: Epoch: [148 | 300]
root: Train_Loss = 0.2635543942451477, Train_Err = 9.204
root: Val_Loss = 0.21586354076862335, Val_Err = 7.11
root: Epoch: [149 | 300]
root: Train_Loss = 0.26025938987731934, Train_Err = 9.21
root: Val_Loss = 0.19917438924312592, Val_Err = 6.5
root: Epoch: [150 | 300]
root: Train_Loss = 0.17824044823646545, Train_Err = 6.184
root: Val_Loss = 0.11210544407367706, Val_Err = 3.69
root: Epoch: [151 | 300]
root: Train_Loss = 0.14726422727108002, Train_Err = 5.124
root: Val_Loss = 0.1071968749165535, Val_Err = 3.24
root: Epoch: [152 | 300]
root: Train_Loss = 0.1374395191669464, Train_Err = 4.72
root: Val_Loss = 0.10609256476163864, Val_Err = 3.29
root: Epoch: [153 | 300]
root: Train_Loss = 0.13720372319221497, Train_Err = 4.764
root: Val_Loss = 0.1052318662405014, Val_Err = 3.23
root: Epoch: [154 | 300]
root: Train_Loss = 0.12749910354614258, Train_Err = 4.34
root: Val_Loss = 0.10333430767059326, Val_Err = 3.17
root: Epoch: [155 | 300]
root: Train_Loss = 0.12288028001785278, Train_Err = 4.224
root: Val_Loss = 0.10161103308200836, Val_Err = 3.11
root: Epoch: [156 | 300]
root: Train_Loss = 0.12114174664020538, Train_Err = 4.174
root: Val_Loss = 0.10242925584316254, Val_Err = 3.04
root: Epoch: [157 | 300]
root: Train_Loss = 0.1178569421172142, Train_Err = 4.134
root: Val_Loss = 0.10458234697580338, Val_Err = 3.11
root: Epoch: [158 | 300]
root: Train_Loss = 0.1217682883143425, Train_Err = 4.222
root: Val_Loss = 0.1063932254910469, Val_Err = 3.09
root: Epoch: [159 | 300]
root: Train_Loss = 0.11397441476583481, Train_Err = 3.938
root: Val_Loss = 0.1031271368265152, Val_Err = 3.02
root: Epoch: [160 | 300]
root: Train_Loss = 0.11160490661859512, Train_Err = 3.854
root: Val_Loss = 0.1024894267320633, Val_Err = 2.89
root: Epoch: [161 | 300]
root: Train_Loss = 0.11165983974933624, Train_Err = 3.954
root: Val_Loss = 0.1028665155172348, Val_Err = 2.89
root: Epoch: [162 | 300]
root: Train_Loss = 0.11730900406837463, Train_Err = 4.094
root: Val_Loss = 0.10101906210184097, Val_Err = 3.02
root: Epoch: [163 | 300]
root: Train_Loss = 0.10611706972122192, Train_Err = 3.686
root: Val_Loss = 0.10089091211557388, Val_Err = 2.96
root: Epoch: [164 | 300]
root: Train_Loss = 0.10794559121131897, Train_Err = 3.626
root: Val_Loss = 0.09740623086690903, Val_Err = 2.9
root: Epoch: [165 | 300]
root: Train_Loss = 0.1079954281449318, Train_Err = 3.818
root: Val_Loss = 0.10161411017179489, Val_Err = 2.98
root: Epoch: [166 | 300]
root: Train_Loss = 0.10735875368118286, Train_Err = 3.696
root: Val_Loss = 0.09874194860458374, Val_Err = 2.81
root: Epoch: [167 | 300]
root: Train_Loss = 0.10214682668447495, Train_Err = 3.57
root: Val_Loss = 0.09930066019296646, Val_Err = 2.94
root: Epoch: [168 | 300]
root: Train_Loss = 0.10452056676149368, Train_Err = 3.598
root: Val_Loss = 0.10126897692680359, Val_Err = 3.01
root: Epoch: [169 | 300]
root: Train_Loss = 0.1047036275267601, Train_Err = 3.55
root: Val_Loss = 0.09603169560432434, Val_Err = 2.82
root: Epoch: [170 | 300]
root: Train_Loss = 0.1005745679140091, Train_Err = 3.54
root: Val_Loss = 0.10158219933509827, Val_Err = 2.91
root: Epoch: [171 | 300]
root: Train_Loss = 0.10228719562292099, Train_Err = 3.534
root: Val_Loss = 0.10300466418266296, Val_Err = 2.88
root: Epoch: [172 | 300]
root: Train_Loss = 0.10179132223129272, Train_Err = 3.542
root: Val_Loss = 0.10311396420001984, Val_Err = 2.96
root: Epoch: [173 | 300]
root: Train_Loss = 0.10492931306362152, Train_Err = 3.682
root: Val_Loss = 0.10134927183389664, Val_Err = 2.82
root: Epoch: [174 | 300]
root: Train_Loss = 0.10049047321081161, Train_Err = 3.446
root: Val_Loss = 0.1030411347746849, Val_Err = 2.96
root: Epoch: [175 | 300]
root: Train_Loss = 0.09893453121185303, Train_Err = 3.398
root: Val_Loss = 0.1025465652346611, Val_Err = 2.8
root: Epoch: [176 | 300]
root: Train_Loss = 0.10168574005365372, Train_Err = 3.544
root: Val_Loss = 0.09865196794271469, Val_Err = 2.89
root: Epoch: [177 | 300]
root: Train_Loss = 0.10167521238327026, Train_Err = 3.502
root: Val_Loss = 0.10116872191429138, Val_Err = 2.94
root: Epoch: [178 | 300]
root: Train_Loss = 0.0980931743979454, Train_Err = 3.31
root: Val_Loss = 0.10124688595533371, Val_Err = 2.78
root: Epoch: [179 | 300]
root: Train_Loss = 0.09828578680753708, Train_Err = 3.404
root: Val_Loss = 0.0993005558848381, Val_Err = 2.86
root: Epoch: [180 | 300]
root: Train_Loss = 0.09724770486354828, Train_Err = 3.412
root: Val_Loss = 0.10002940893173218, Val_Err = 2.89
root: Epoch: [181 | 300]
root: Train_Loss = 0.09593145549297333, Train_Err = 3.344
root: Val_Loss = 0.10166550427675247, Val_Err = 2.97
root: Epoch: [182 | 300]
root: Train_Loss = 0.09770553559064865, Train_Err = 3.428
root: Val_Loss = 0.09743805229663849, Val_Err = 2.78
root: Epoch: [183 | 300]
root: Train_Loss = 0.09299630671739578, Train_Err = 3.256
root: Val_Loss = 0.0995878130197525, Val_Err = 2.85
root: Epoch: [184 | 300]
root: Train_Loss = 0.0944334864616394, Train_Err = 3.284
root: Val_Loss = 0.09946125000715256, Val_Err = 2.71
root: Epoch: [185 | 300]
root: Train_Loss = 0.09678966552019119, Train_Err = 3.288
root: Val_Loss = 0.10432817041873932, Val_Err = 3.01
root: Epoch: [186 | 300]
root: Train_Loss = 0.09425541013479233, Train_Err = 3.308
root: Val_Loss = 0.10261452198028564, Val_Err = 2.97
root: Epoch: [187 | 300]
root: Train_Loss = 0.09546666592359543, Train_Err = 3.288
root: Val_Loss = 0.09896553307771683, Val_Err = 2.67
root: Epoch: [188 | 300]
root: Train_Loss = 0.09144879877567291, Train_Err = 3.156
root: Val_Loss = 0.10435304045677185, Val_Err = 3.02
root: Epoch: [189 | 300]
root: Train_Loss = 0.09513366222381592, Train_Err = 3.302
root: Val_Loss = 0.10658206790685654, Val_Err = 2.85
root: Epoch: [190 | 300]
root: Train_Loss = 0.09336348623037338, Train_Err = 3.27
root: Val_Loss = 0.1035575196146965, Val_Err = 2.9
root: Epoch: [191 | 300]
root: Train_Loss = 0.09624011814594269, Train_Err = 3.328
root: Val_Loss = 0.10300560295581818, Val_Err = 2.85
root: Epoch: [192 | 300]
root: Train_Loss = 0.09389514476060867, Train_Err = 3.244
root: Val_Loss = 0.10455089062452316, Val_Err = 2.91
root: Epoch: [193 | 300]
root: Train_Loss = 0.0940973237156868, Train_Err = 3.274
root: Val_Loss = 0.10645990073680878, Val_Err = 2.94
root: Epoch: [194 | 300]
root: Train_Loss = 0.09196052700281143, Train_Err = 3.126
root: Val_Loss = 0.10272727161645889, Val_Err = 2.81
root: Epoch: [195 | 300]
root: Train_Loss = 0.09125401079654694, Train_Err = 3.148
root: Val_Loss = 0.10515761375427246, Val_Err = 2.87
root: Epoch: [196 | 300]
root: Train_Loss = 0.0921546146273613, Train_Err = 3.238
root: Val_Loss = 0.10602149367332458, Val_Err = 2.81
root: Epoch: [197 | 300]
root: Train_Loss = 0.09188582003116608, Train_Err = 3.134
root: Val_Loss = 0.10473482310771942, Val_Err = 2.76
root: Epoch: [198 | 300]
root: Train_Loss = 0.09000615775585175, Train_Err = 3.15
root: Val_Loss = 0.105281762778759, Val_Err = 2.91
root: Epoch: [199 | 300]
root: Train_Loss = 0.08986738324165344, Train_Err = 3.056
root: Val_Loss = 0.10392802208662033, Val_Err = 2.77
root: Epoch: [200 | 300]
root: Train_Loss = 0.08883435279130936, Train_Err = 3.044
root: Val_Loss = 0.1024775579571724, Val_Err = 2.82
root: Epoch: [201 | 300]
root: Train_Loss = 0.08815987408161163, Train_Err = 3.094
root: Val_Loss = 0.10127942264080048, Val_Err = 2.98
root: Epoch: [202 | 300]
root: Train_Loss = 0.09056882560253143, Train_Err = 3.194
root: Val_Loss = 0.10266132652759552, Val_Err = 2.86
root: Epoch: [203 | 300]
root: Train_Loss = 0.09192831814289093, Train_Err = 3.204
root: Val_Loss = 0.09997394680976868, Val_Err = 2.77
root: Epoch: [204 | 300]
root: Train_Loss = 0.09104038029909134, Train_Err = 3.186
root: Val_Loss = 0.09547337144613266, Val_Err = 2.71
root: Epoch: [205 | 300]
root: Train_Loss = 0.09261288493871689, Train_Err = 3.21
root: Val_Loss = 0.10225588083267212, Val_Err = 2.89
root: Epoch: [206 | 300]
root: Train_Loss = 0.09384649246931076, Train_Err = 3.256
root: Val_Loss = 0.10207892954349518, Val_Err = 2.86
root: Epoch: [207 | 300]
root: Train_Loss = 0.09043675661087036, Train_Err = 3.124
root: Val_Loss = 0.10276121646165848, Val_Err = 2.96
root: Epoch: [208 | 300]
root: Train_Loss = 0.0912623330950737, Train_Err = 3.2
root: Val_Loss = 0.10609665513038635, Val_Err = 2.84
root: Epoch: [209 | 300]
root: Train_Loss = 0.0902547612786293, Train_Err = 3.064
root: Val_Loss = 0.0982307493686676, Val_Err = 2.77
root: Epoch: [210 | 300]
root: Train_Loss = 0.09079030901193619, Train_Err = 3.156
root: Val_Loss = 0.10620532184839249, Val_Err = 2.98
root: Epoch: [211 | 300]
root: Train_Loss = 0.08759643137454987, Train_Err = 3.082
root: Val_Loss = 0.1031772643327713, Val_Err = 2.8
root: Epoch: [212 | 300]
root: Train_Loss = 0.08765402436256409, Train_Err = 3.022
root: Val_Loss = 0.09922341257333755, Val_Err = 2.7
root: Epoch: [213 | 300]
root: Train_Loss = 0.08796507865190506, Train_Err = 3.13
root: Val_Loss = 0.10418404638767242, Val_Err = 2.85
root: Epoch: [214 | 300]
root: Train_Loss = 0.09330804646015167, Train_Err = 3.118
root: Val_Loss = 0.10687034577131271, Val_Err = 2.79
root: Epoch: [215 | 300]
root: Train_Loss = 0.08651705831289291, Train_Err = 3.008
root: Val_Loss = 0.10570667684078217, Val_Err = 2.95
root: Epoch: [216 | 300]
root: Train_Loss = 0.08877186477184296, Train_Err = 3.132
root: Val_Loss = 0.10326208174228668, Val_Err = 2.8
root: Epoch: [217 | 300]
root: Train_Loss = 0.0890190377831459, Train_Err = 3.074
root: Val_Loss = 0.09688445925712585, Val_Err = 2.76
root: Epoch: [218 | 300]
root: Train_Loss = 0.09222090244293213, Train_Err = 3.13
root: Val_Loss = 0.10034707188606262, Val_Err = 2.72
root: Epoch: [219 | 300]
root: Train_Loss = 0.08927053213119507, Train_Err = 3.092
root: Val_Loss = 0.10357595980167389, Val_Err = 2.77
root: Epoch: [220 | 300]
root: Train_Loss = 0.08847656100988388, Train_Err = 3.076
root: Val_Loss = 0.09871507436037064, Val_Err = 2.81
root: Epoch: [221 | 300]
root: Train_Loss = 0.09242526441812515, Train_Err = 3.242
root: Val_Loss = 0.0974910780787468, Val_Err = 2.81
root: Epoch: [222 | 300]
root: Train_Loss = 0.08509093523025513, Train_Err = 3.0
root: Val_Loss = 0.10021362453699112, Val_Err = 2.75
root: Epoch: [223 | 300]
root: Train_Loss = 0.0878523513674736, Train_Err = 3.03
root: Val_Loss = 0.11138913035392761, Val_Err = 3.15
root: Epoch: [224 | 300]
root: Train_Loss = 0.08666668832302094, Train_Err = 3.058
root: Val_Loss = 0.11010132730007172, Val_Err = 3.0
root: Epoch: [225 | 300]
root: Train_Loss = 0.08418765664100647, Train_Err = 2.85
root: Val_Loss = 0.09942205995321274, Val_Err = 2.78
root: Epoch: [226 | 300]
root: Train_Loss = 0.08179665356874466, Train_Err = 2.842
root: Val_Loss = 0.09753379225730896, Val_Err = 2.64
root: Epoch: [227 | 300]
root: Train_Loss = 0.07844606786966324, Train_Err = 2.726
root: Val_Loss = 0.09366968274116516, Val_Err = 2.58
root: Epoch: [228 | 300]
root: Train_Loss = 0.07396886497735977, Train_Err = 2.534
root: Val_Loss = 0.09337227791547775, Val_Err = 2.59
root: Epoch: [229 | 300]
root: Train_Loss = 0.07447662949562073, Train_Err = 2.556
root: Val_Loss = 0.09351721405982971, Val_Err = 2.57
root: Epoch: [230 | 300]
root: Train_Loss = 0.0723261907696724, Train_Err = 2.516
root: Val_Loss = 0.09532014280557632, Val_Err = 2.61
root: Epoch: [231 | 300]
root: Train_Loss = 0.07527780532836914, Train_Err = 2.606
root: Val_Loss = 0.09402655810117722, Val_Err = 2.53
root: Epoch: [232 | 300]
root: Train_Loss = 0.07424188405275345, Train_Err = 2.602
root: Val_Loss = 0.09440737217664719, Val_Err = 2.59
root: Epoch: [233 | 300]
root: Train_Loss = 0.07341994345188141, Train_Err = 2.556
root: Val_Loss = 0.09539759904146194, Val_Err = 2.65
root: Epoch: [234 | 300]
root: Train_Loss = 0.07177062332630157, Train_Err = 2.456
root: Val_Loss = 0.09228888154029846, Val_Err = 2.63
root: Epoch: [235 | 300]
root: Train_Loss = 0.07375562936067581, Train_Err = 2.568
root: Val_Loss = 0.09159768372774124, Val_Err = 2.6
root: Epoch: [236 | 300]
root: Train_Loss = 0.07396238297224045, Train_Err = 2.604
root: Val_Loss = 0.09133806824684143, Val_Err = 2.51
root: Epoch: [237 | 300]
root: Train_Loss = 0.07057399302721024, Train_Err = 2.44
root: Val_Loss = 0.09182072430849075, Val_Err = 2.55
root: Epoch: [238 | 300]
root: Train_Loss = 0.07056298851966858, Train_Err = 2.44
root: Val_Loss = 0.09118489921092987, Val_Err = 2.55
root: Epoch: [239 | 300]
root: Train_Loss = 0.0736670196056366, Train_Err = 2.546
root: Val_Loss = 0.0914735421538353, Val_Err = 2.55
root: Epoch: [240 | 300]
root: Train_Loss = 0.07011178880929947, Train_Err = 2.378
root: Val_Loss = 0.09280989319086075, Val_Err = 2.58
root: Epoch: [241 | 300]
root: Train_Loss = 0.07096752524375916, Train_Err = 2.458
root: Val_Loss = 0.09286840260028839, Val_Err = 2.55
root: Epoch: [242 | 300]
root: Train_Loss = 0.06910768896341324, Train_Err = 2.364
root: Val_Loss = 0.09195271134376526, Val_Err = 2.51
root: Epoch: [243 | 300]
root: Train_Loss = 0.06953665614128113, Train_Err = 2.39
root: Val_Loss = 0.09308446198701859, Val_Err = 2.53
root: Epoch: [244 | 300]
root: Train_Loss = 0.06872745603322983, Train_Err = 2.418
root: Val_Loss = 0.09371751546859741, Val_Err = 2.63
root: Epoch: [245 | 300]
root: Train_Loss = 0.06896074116230011, Train_Err = 2.424
root: Val_Loss = 0.09245852380990982, Val_Err = 2.59
root: Epoch: [246 | 300]
root: Train_Loss = 0.07053668051958084, Train_Err = 2.478
root: Val_Loss = 0.09158690273761749, Val_Err = 2.52
root: Epoch: [247 | 300]
root: Train_Loss = 0.0717122033238411, Train_Err = 2.512
root: Val_Loss = 0.09277673065662384, Val_Err = 2.6
root: Epoch: [248 | 300]
root: Train_Loss = 0.0682947188615799, Train_Err = 2.36
root: Val_Loss = 0.09098134189844131, Val_Err = 2.49
root: Epoch: [249 | 300]
root: Train_Loss = 0.06659618765115738, Train_Err = 2.33
root: Val_Loss = 0.09159862995147705, Val_Err = 2.49
root: Epoch: [250 | 300]
root: Train_Loss = 0.07092281430959702, Train_Err = 2.484
root: Val_Loss = 0.09254615008831024, Val_Err = 2.47
root: Epoch: [251 | 300]
root: Train_Loss = 0.06943155825138092, Train_Err = 2.398
root: Val_Loss = 0.09089796245098114, Val_Err = 2.49
root: Epoch: [252 | 300]
root: Train_Loss = 0.06854090839624405, Train_Err = 2.428
root: Val_Loss = 0.0899757519364357, Val_Err = 2.5
root: Epoch: [253 | 300]
root: Train_Loss = 0.06628314405679703, Train_Err = 2.26
root: Val_Loss = 0.09058576822280884, Val_Err = 2.52
root: Epoch: [254 | 300]
root: Train_Loss = 0.06951185315847397, Train_Err = 2.464
root: Val_Loss = 0.09151635318994522, Val_Err = 2.44
root: Epoch: [255 | 300]
root: Train_Loss = 0.06869060546159744, Train_Err = 2.38
root: Val_Loss = 0.09151186048984528, Val_Err = 2.5
root: Epoch: [256 | 300]
root: Train_Loss = 0.0686815083026886, Train_Err = 2.402
root: Val_Loss = 0.09155622124671936, Val_Err = 2.47
root: Epoch: [257 | 300]
root: Train_Loss = 0.0676116794347763, Train_Err = 2.322
root: Val_Loss = 0.09066133946180344, Val_Err = 2.55
root: Epoch: [258 | 300]
root: Train_Loss = 0.0677080824971199, Train_Err = 2.324
root: Val_Loss = 0.09167850762605667, Val_Err = 2.52
root: Epoch: [259 | 300]
root: Train_Loss = 0.06910746544599533, Train_Err = 2.366
root: Val_Loss = 0.092247374355793, Val_Err = 2.53
root: Epoch: [260 | 300]
root: Train_Loss = 0.06848067045211792, Train_Err = 2.38
root: Val_Loss = 0.09007681906223297, Val_Err = 2.53
root: Epoch: [261 | 300]
root: Train_Loss = 0.06812770664691925, Train_Err = 2.302
root: Val_Loss = 0.09291595965623856, Val_Err = 2.5
root: Epoch: [262 | 300]
root: Train_Loss = 0.07170064002275467, Train_Err = 2.476
root: Val_Loss = 0.09161859005689621, Val_Err = 2.47
root: Epoch: [263 | 300]
root: Train_Loss = 0.06796377897262573, Train_Err = 2.28
root: Val_Loss = 0.0889507457613945, Val_Err = 2.51
root: Epoch: [264 | 300]
root: Train_Loss = 0.068865105509758, Train_Err = 2.32
root: Val_Loss = 0.0916636735200882, Val_Err = 2.53
root: Epoch: [265 | 300]
root: Train_Loss = 0.06664805859327316, Train_Err = 2.346
root: Val_Loss = 0.09344607591629028, Val_Err = 2.55
root: Epoch: [266 | 300]
root: Train_Loss = 0.06848900020122528, Train_Err = 2.406
root: Val_Loss = 0.09103766083717346, Val_Err = 2.47
root: Epoch: [267 | 300]
root: Train_Loss = 0.06517838686704636, Train_Err = 2.272
root: Val_Loss = 0.09037737548351288, Val_Err = 2.51
root: Epoch: [268 | 300]
root: Train_Loss = 0.06731083989143372, Train_Err = 2.322
root: Val_Loss = 0.09104543179273605, Val_Err = 2.62
root: Epoch: [269 | 300]
root: Train_Loss = 0.0693279430270195, Train_Err = 2.348
root: Val_Loss = 0.09268172085285187, Val_Err = 2.48
root: Epoch: [270 | 300]
root: Train_Loss = 0.06866468489170074, Train_Err = 2.408
root: Val_Loss = 0.08965034037828445, Val_Err = 2.49
root: Epoch: [271 | 300]
root: Train_Loss = 0.06752539426088333, Train_Err = 2.392
root: Val_Loss = 0.09351994097232819, Val_Err = 2.62
root: Epoch: [272 | 300]
root: Train_Loss = 0.06664375960826874, Train_Err = 2.34
root: Val_Loss = 0.09175755083560944, Val_Err = 2.53
root: Epoch: [273 | 300]
root: Train_Loss = 0.0683690682053566, Train_Err = 2.386
root: Val_Loss = 0.09017769992351532, Val_Err = 2.48
root: Epoch: [274 | 300]
root: Train_Loss = 0.06546501070261002, Train_Err = 2.176
root: Val_Loss = 0.09242036938667297, Val_Err = 2.48
root: Epoch: [275 | 300]
root: Train_Loss = 0.06425152719020844, Train_Err = 2.224
root: Val_Loss = 0.09139461070299149, Val_Err = 2.43
root: Epoch: [276 | 300]
root: Train_Loss = 0.06739175319671631, Train_Err = 2.326
root: Val_Loss = 0.09230130165815353, Val_Err = 2.49
root: Epoch: [277 | 300]
root: Train_Loss = 0.06841212511062622, Train_Err = 2.336
root: Val_Loss = 0.09213916212320328, Val_Err = 2.52
root: Epoch: [278 | 300]
root: Train_Loss = 0.06349620968103409, Train_Err = 2.18
root: Val_Loss = 0.09110908955335617, Val_Err = 2.45
root: Epoch: [279 | 300]
root: Train_Loss = 0.06631594151258469, Train_Err = 2.266
root: Val_Loss = 0.09320377558469772, Val_Err = 2.44
root: Epoch: [280 | 300]
root: Train_Loss = 0.06491319835186005, Train_Err = 2.246
root: Val_Loss = 0.09283353388309479, Val_Err = 2.56
root: Epoch: [281 | 300]
root: Train_Loss = 0.06797730177640915, Train_Err = 2.338
root: Val_Loss = 0.09045714139938354, Val_Err = 2.52
root: Epoch: [282 | 300]
root: Train_Loss = 0.06557948887348175, Train_Err = 2.264
root: Val_Loss = 0.08902399986982346, Val_Err = 2.41
root: Epoch: [283 | 300]
root: Train_Loss = 0.06910379976034164, Train_Err = 2.396
root: Val_Loss = 0.08855795860290527, Val_Err = 2.33
root: Epoch: [284 | 300]
root: Train_Loss = 0.0669231191277504, Train_Err = 2.302
root: Val_Loss = 0.09140295535326004, Val_Err = 2.41
root: Epoch: [285 | 300]
root: Train_Loss = 0.0631965920329094, Train_Err = 2.172
root: Val_Loss = 0.08934430032968521, Val_Err = 2.39
root: Epoch: [286 | 300]
root: Train_Loss = 0.06603121757507324, Train_Err = 2.334
root: Val_Loss = 0.09106653928756714, Val_Err = 2.49
root: Epoch: [287 | 300]
root: Train_Loss = 0.06554221361875534, Train_Err = 2.232
root: Val_Loss = 0.08852893114089966, Val_Err = 2.36
root: Epoch: [288 | 300]
root: Train_Loss = 0.06529217958450317, Train_Err = 2.244
root: Val_Loss = 0.08918465673923492, Val_Err = 2.38
root: Epoch: [289 | 300]
root: Train_Loss = 0.06594041734933853, Train_Err = 2.312
root: Val_Loss = 0.08884657174348831, Val_Err = 2.38
root: Epoch: [290 | 300]
root: Train_Loss = 0.06506906449794769, Train_Err = 2.266
root: Val_Loss = 0.08917607367038727, Val_Err = 2.41
root: Epoch: [291 | 300]
root: Train_Loss = 0.06306122243404388, Train_Err = 2.124
root: Val_Loss = 0.08905893564224243, Val_Err = 2.35
root: Epoch: [292 | 300]
root: Train_Loss = 0.06737713515758514, Train_Err = 2.336
root: Val_Loss = 0.09100047498941422, Val_Err = 2.55
root: Epoch: [293 | 300]
root: Train_Loss = 0.06694495677947998, Train_Err = 2.348
root: Val_Loss = 0.09198949486017227, Val_Err = 2.37
root: Epoch: [294 | 300]
root: Train_Loss = 0.06400656700134277, Train_Err = 2.156
root: Val_Loss = 0.09049902856349945, Val_Err = 2.47
root: Epoch: [295 | 300]
root: Train_Loss = 0.0663556382060051, Train_Err = 2.304
root: Val_Loss = 0.09114277362823486, Val_Err = 2.48
root: Epoch: [296 | 300]
root: Train_Loss = 0.0659245103597641, Train_Err = 2.302
root: Val_Loss = 0.09025570005178452, Val_Err = 2.43
root: Epoch: [297 | 300]
root: Train_Loss = 0.06419290602207184, Train_Err = 2.194
root: Val_Loss = 0.09072204679250717, Val_Err = 2.48
root: Epoch: [298 | 300]
root: Train_Loss = 0.06541478633880615, Train_Err = 2.224
root: Val_Loss = 0.08935609459877014, Val_Err = 2.43
root: Epoch: [299 | 300]
root: Train_Loss = 0.06656068563461304, Train_Err = 2.364
root: Val_Loss = 0.09079389274120331, Val_Err = 2.5
