Namespace(bs=128, cp_dir='./checkpoints/tinyimagenet/resnet18/smooth_out//run_ms_1', data_dir='./data/tinyimagenet/tiny-imagenet-200/', dir='.', dtype='tinyimagenet', ep=100, loadckp=None, lr=0.1, milestones=[30, 60, 90], mo=0.9, ms=1, mtype='resnet18', n='tinyimagenet/resnet18/smooth_out/', num_classes=200, print_freq=100, smooth_out_a=0.009, use_cuda=True, wd=0.0001)
Epoch: [0 | 100]
Phase:train -- Batch_idx:100/782-- 3615.73 samples/sec-- Loss:5.38 -- Error1:98.93
Phase:train -- Batch_idx:200/782-- 4047.22 samples/sec-- Loss:5.21 -- Error1:98.37
Phase:train -- Batch_idx:300/782-- 4307.90 samples/sec-- Loss:5.10 -- Error1:97.74
Phase:train -- Batch_idx:400/782-- 4484.12 samples/sec-- Loss:4.99 -- Error1:97.08
Phase:train -- Batch_idx:500/782-- 4626.22 samples/sec-- Loss:4.89 -- Error1:96.19
Phase:train -- Batch_idx:600/782-- 4731.44 samples/sec-- Loss:4.79 -- Error1:95.26
Phase:train -- Batch_idx:700/782-- 4812.03 samples/sec-- Loss:4.70 -- Error1:94.34
Train_Loss = 4.6327652777862545, Train_Err = 93.609
Val_Loss = 4.103789248275757, Val_Err = 87.31
Epoch: [1 | 100]
Phase:train -- Batch_idx:100/782-- 4738.48 samples/sec-- Loss:3.88 -- Error1:85.02
Phase:train -- Batch_idx:200/782-- 5023.28 samples/sec-- Loss:3.86 -- Error1:84.52
Phase:train -- Batch_idx:300/782-- 5125.66 samples/sec-- Loss:3.83 -- Error1:84.02
Phase:train -- Batch_idx:400/782-- 5177.68 samples/sec-- Loss:3.79 -- Error1:83.38
Phase:train -- Batch_idx:500/782-- 5206.96 samples/sec-- Loss:3.76 -- Error1:83.00
Phase:train -- Batch_idx:600/782-- 5226.27 samples/sec-- Loss:3.73 -- Error1:82.41
Phase:train -- Batch_idx:700/782-- 5242.36 samples/sec-- Loss:3.69 -- Error1:81.82
Train_Loss = 3.6642939044189453, Train_Err = 81.337
Val_Loss = 3.5159820137023927, Val_Err = 78.95
Epoch: [2 | 100]
Phase:train -- Batch_idx:100/782-- 4506.88 samples/sec-- Loss:3.28 -- Error1:75.20
Phase:train -- Batch_idx:200/782-- 4652.73 samples/sec-- Loss:3.27 -- Error1:75.21
Phase:train -- Batch_idx:300/782-- 4806.25 samples/sec-- Loss:3.26 -- Error1:74.99
Phase:train -- Batch_idx:400/782-- 4884.35 samples/sec-- Loss:3.25 -- Error1:74.77
Phase:train -- Batch_idx:500/782-- 4934.24 samples/sec-- Loss:3.25 -- Error1:74.57
Phase:train -- Batch_idx:600/782-- 4973.61 samples/sec-- Loss:3.23 -- Error1:74.24
Phase:train -- Batch_idx:700/782-- 4999.80 samples/sec-- Loss:3.22 -- Error1:74.08
Train_Loss = 3.211930825805664, Train_Err = 73.912
Val_Loss = 3.243279278945923, Val_Err = 73.94
Epoch: [3 | 100]
Phase:train -- Batch_idx:100/782-- 4747.75 samples/sec-- Loss:2.88 -- Error1:67.38
Phase:train -- Batch_idx:200/782-- 5000.00 samples/sec-- Loss:2.89 -- Error1:67.77
Phase:train -- Batch_idx:300/782-- 5058.59 samples/sec-- Loss:2.90 -- Error1:68.00
Phase:train -- Batch_idx:400/782-- 5082.23 samples/sec-- Loss:2.90 -- Error1:68.26
Phase:train -- Batch_idx:500/782-- 5100.13 samples/sec-- Loss:2.91 -- Error1:68.29
Phase:train -- Batch_idx:600/782-- 5111.49 samples/sec-- Loss:2.90 -- Error1:68.13
Phase:train -- Batch_idx:700/782-- 5118.24 samples/sec-- Loss:2.90 -- Error1:68.01
Train_Loss = 2.8941962815093993, Train_Err = 67.98
Val_Loss = 3.128360557556152, Val_Err = 71.86
Epoch: [4 | 100]
Phase:train -- Batch_idx:100/782-- 4737.64 samples/sec-- Loss:2.56 -- Error1:61.50
Phase:train -- Batch_idx:200/782-- 4982.58 samples/sec-- Loss:2.58 -- Error1:62.04
Phase:train -- Batch_idx:300/782-- 5046.08 samples/sec-- Loss:2.59 -- Error1:62.32
Phase:train -- Batch_idx:400/782-- 5076.32 samples/sec-- Loss:2.60 -- Error1:62.41
Phase:train -- Batch_idx:500/782-- 5089.24 samples/sec-- Loss:2.61 -- Error1:62.70
Phase:train -- Batch_idx:600/782-- 5102.13 samples/sec-- Loss:2.61 -- Error1:62.57
Phase:train -- Batch_idx:700/782-- 5117.11 samples/sec-- Loss:2.61 -- Error1:62.55
Train_Loss = 2.6101247789764406, Train_Err = 62.614
Val_Loss = 2.961689337158203, Val_Err = 68.18
Epoch: [5 | 100]
Phase:train -- Batch_idx:100/782-- 4754.31 samples/sec-- Loss:2.22 -- Error1:54.66
Phase:train -- Batch_idx:200/782-- 5012.01 samples/sec-- Loss:2.25 -- Error1:55.31
Phase:train -- Batch_idx:300/782-- 5086.46 samples/sec-- Loss:2.27 -- Error1:55.84
Phase:train -- Batch_idx:400/782-- 5132.54 samples/sec-- Loss:2.29 -- Error1:56.31
Phase:train -- Batch_idx:500/782-- 5153.79 samples/sec-- Loss:2.31 -- Error1:56.59
Phase:train -- Batch_idx:600/782-- 5173.43 samples/sec-- Loss:2.32 -- Error1:56.87
Phase:train -- Batch_idx:700/782-- 5193.01 samples/sec-- Loss:2.33 -- Error1:57.06
Train_Loss = 2.333211425933838, Train_Err = 57.227
Val_Loss = 2.918741877746582, Val_Err = 67.29
Epoch: [6 | 100]
Phase:train -- Batch_idx:100/782-- 4773.76 samples/sec-- Loss:1.91 -- Error1:48.71
Phase:train -- Batch_idx:200/782-- 5028.99 samples/sec-- Loss:1.93 -- Error1:49.32
Phase:train -- Batch_idx:300/782-- 5108.49 samples/sec-- Loss:1.98 -- Error1:50.32
Phase:train -- Batch_idx:400/782-- 5136.36 samples/sec-- Loss:2.01 -- Error1:50.94
Phase:train -- Batch_idx:500/782-- 5146.35 samples/sec-- Loss:2.03 -- Error1:51.49
Phase:train -- Batch_idx:600/782-- 5101.33 samples/sec-- Loss:2.04 -- Error1:51.67
Phase:train -- Batch_idx:700/782-- 5040.50 samples/sec-- Loss:2.06 -- Error1:51.96
Train_Loss = 2.065912575035095, Train_Err = 52.116
Val_Loss = 2.9751741828918457, Val_Err = 67.72
Epoch: [7 | 100]
Phase:train -- Batch_idx:100/782-- 4281.27 samples/sec-- Loss:1.57 -- Error1:41.02
Phase:train -- Batch_idx:200/782-- 4479.61 samples/sec-- Loss:1.60 -- Error1:41.79
Phase:train -- Batch_idx:300/782-- 4549.78 samples/sec-- Loss:1.64 -- Error1:42.71
Phase:train -- Batch_idx:400/782-- 4585.83 samples/sec-- Loss:1.68 -- Error1:43.69
Phase:train -- Batch_idx:500/782-- 4609.62 samples/sec-- Loss:1.72 -- Error1:44.45
Phase:train -- Batch_idx:600/782-- 4625.69 samples/sec-- Loss:1.75 -- Error1:45.43
Phase:train -- Batch_idx:700/782-- 4636.74 samples/sec-- Loss:1.78 -- Error1:45.95
Train_Loss = 1.7936119441223144, Train_Err = 46.347
Val_Loss = 3.139640029144287, Val_Err = 69.0
Epoch: [8 | 100]
Phase:train -- Batch_idx:100/782-- 4259.95 samples/sec-- Loss:1.23 -- Error1:32.84
Phase:train -- Batch_idx:200/782-- 4468.67 samples/sec-- Loss:1.27 -- Error1:34.20
Phase:train -- Batch_idx:300/782-- 4542.19 samples/sec-- Loss:1.33 -- Error1:35.78
Phase:train -- Batch_idx:400/782-- 4579.94 samples/sec-- Loss:1.38 -- Error1:37.07
Phase:train -- Batch_idx:500/782-- 4632.84 samples/sec-- Loss:1.42 -- Error1:38.13
Phase:train -- Batch_idx:600/782-- 4709.99 samples/sec-- Loss:1.45 -- Error1:38.94
Phase:train -- Batch_idx:700/782-- 4768.23 samples/sec-- Loss:1.49 -- Error1:39.74
Train_Loss = 1.5107010656356812, Train_Err = 40.232
Val_Loss = 3.2734338050842284, Val_Err = 68.84
Epoch: [9 | 100]
Phase:train -- Batch_idx:100/782-- 4760.48 samples/sec-- Loss:0.93 -- Error1:24.93
Phase:train -- Batch_idx:200/782-- 4974.79 samples/sec-- Loss:0.96 -- Error1:26.39
Phase:train -- Batch_idx:300/782-- 5030.35 samples/sec-- Loss:1.03 -- Error1:28.08
Phase:train -- Batch_idx:400/782-- 5056.65 samples/sec-- Loss:1.08 -- Error1:29.58
Phase:train -- Batch_idx:500/782-- 5076.51 samples/sec-- Loss:1.13 -- Error1:31.00
Phase:train -- Batch_idx:600/782-- 5091.55 samples/sec-- Loss:1.17 -- Error1:31.99
Phase:train -- Batch_idx:700/782-- 5101.43 samples/sec-- Loss:1.21 -- Error1:32.99
Train_Loss = 1.233026520690918, Train_Err = 33.689
Val_Loss = 3.451337277984619, Val_Err = 68.66
Epoch: [10 | 100]
Phase:train -- Batch_idx:100/782-- 4804.47 samples/sec-- Loss:0.74 -- Error1:20.05
Phase:train -- Batch_idx:200/782-- 5053.08 samples/sec-- Loss:0.75 -- Error1:20.90
Phase:train -- Batch_idx:300/782-- 5134.13 samples/sec-- Loss:0.79 -- Error1:22.07
Phase:train -- Batch_idx:400/782-- 5169.67 samples/sec-- Loss:0.84 -- Error1:23.63
Phase:train -- Batch_idx:500/782-- 5189.87 samples/sec-- Loss:0.89 -- Error1:25.04
Phase:train -- Batch_idx:600/782-- 5201.92 samples/sec-- Loss:0.93 -- Error1:26.26
Phase:train -- Batch_idx:700/782-- 5206.32 samples/sec-- Loss:0.97 -- Error1:27.25
Train_Loss = 1.0005538700866698, Train_Err = 28.09
Val_Loss = 3.576638151550293, Val_Err = 69.47
Epoch: [11 | 100]
Phase:train -- Batch_idx:100/782-- 4775.35 samples/sec-- Loss:0.57 -- Error1:15.59
Phase:train -- Batch_idx:200/782-- 5007.54 samples/sec-- Loss:0.55 -- Error1:15.27
Phase:train -- Batch_idx:300/782-- 5076.28 samples/sec-- Loss:0.58 -- Error1:16.32
Phase:train -- Batch_idx:400/782-- 5120.02 samples/sec-- Loss:0.62 -- Error1:17.94
Phase:train -- Batch_idx:500/782-- 5151.44 samples/sec-- Loss:0.68 -- Error1:19.57
Phase:train -- Batch_idx:600/782-- 5172.50 samples/sec-- Loss:0.72 -- Error1:20.91
Phase:train -- Batch_idx:700/782-- 5183.66 samples/sec-- Loss:0.76 -- Error1:22.06
Train_Loss = 0.7892488017845154, Train_Err = 22.805
Val_Loss = 3.7264776481628417, Val_Err = 69.35
Epoch: [12 | 100]
Phase:train -- Batch_idx:100/782-- 4778.63 samples/sec-- Loss:0.47 -- Error1:13.32
Phase:train -- Batch_idx:200/782-- 5019.58 samples/sec-- Loss:0.45 -- Error1:12.90
Phase:train -- Batch_idx:300/782-- 5064.41 samples/sec-- Loss:0.47 -- Error1:13.66
Phase:train -- Batch_idx:400/782-- 5087.77 samples/sec-- Loss:0.50 -- Error1:14.67
Phase:train -- Batch_idx:500/782-- 5097.17 samples/sec-- Loss:0.54 -- Error1:15.85
Phase:train -- Batch_idx:600/782-- 5104.31 samples/sec-- Loss:0.58 -- Error1:17.00
Phase:train -- Batch_idx:700/782-- 5113.04 samples/sec-- Loss:0.62 -- Error1:18.25
Train_Loss = 0.6472985627365112, Train_Err = 19.097
Val_Loss = 3.844473383331299, Val_Err = 68.2
Epoch: [13 | 100]
Phase:train -- Batch_idx:100/782-- 4804.55 samples/sec-- Loss:0.41 -- Error1:11.75
Phase:train -- Batch_idx:200/782-- 5046.03 samples/sec-- Loss:0.39 -- Error1:11.08
Phase:train -- Batch_idx:300/782-- 5129.11 samples/sec-- Loss:0.40 -- Error1:11.53
Phase:train -- Batch_idx:400/782-- 5168.03 samples/sec-- Loss:0.41 -- Error1:12.12
Phase:train -- Batch_idx:500/782-- 5192.42 samples/sec-- Loss:0.45 -- Error1:13.09
Phase:train -- Batch_idx:600/782-- 5209.27 samples/sec-- Loss:0.49 -- Error1:14.35
Phase:train -- Batch_idx:700/782-- 5224.10 samples/sec-- Loss:0.51 -- Error1:15.23
Train_Loss = 0.536998087463379, Train_Err = 15.951
Val_Loss = 4.030208923339844, Val_Err = 70.82
Epoch: [14 | 100]
Phase:train -- Batch_idx:100/782-- 4781.81 samples/sec-- Loss:0.36 -- Error1:10.41
Phase:train -- Batch_idx:200/782-- 5031.36 samples/sec-- Loss:0.34 -- Error1:9.74
Phase:train -- Batch_idx:300/782-- 5118.17 samples/sec-- Loss:0.34 -- Error1:9.93
Phase:train -- Batch_idx:400/782-- 5144.88 samples/sec-- Loss:0.36 -- Error1:10.76
Phase:train -- Batch_idx:500/782-- 5163.52 samples/sec-- Loss:0.39 -- Error1:11.59
Phase:train -- Batch_idx:600/782-- 5176.34 samples/sec-- Loss:0.42 -- Error1:12.44
Phase:train -- Batch_idx:700/782-- 5181.68 samples/sec-- Loss:0.45 -- Error1:13.29
Train_Loss = 0.47093561855316163, Train_Err = 14.096
Val_Loss = 4.175877047729492, Val_Err = 70.02
Epoch: [15 | 100]
Phase:train -- Batch_idx:100/782-- 4709.73 samples/sec-- Loss:0.33 -- Error1:9.73
Phase:train -- Batch_idx:200/782-- 4698.63 samples/sec-- Loss:0.30 -- Error1:8.75
Phase:train -- Batch_idx:300/782-- 4699.26 samples/sec-- Loss:0.31 -- Error1:9.07
Phase:train -- Batch_idx:400/782-- 4699.31 samples/sec-- Loss:0.32 -- Error1:9.62
Phase:train -- Batch_idx:500/782-- 4698.16 samples/sec-- Loss:0.34 -- Error1:10.25
Phase:train -- Batch_idx:600/782-- 4697.82 samples/sec-- Loss:0.37 -- Error1:11.09
Phase:train -- Batch_idx:700/782-- 4698.40 samples/sec-- Loss:0.40 -- Error1:11.87
Train_Loss = 0.4200606701660156, Train_Err = 12.622
Val_Loss = 4.164259381103515, Val_Err = 70.02
Epoch: [16 | 100]
Phase:train -- Batch_idx:100/782-- 4282.78 samples/sec-- Loss:0.31 -- Error1:9.01
Phase:train -- Batch_idx:200/782-- 4482.09 samples/sec-- Loss:0.28 -- Error1:8.22
Phase:train -- Batch_idx:300/782-- 4551.18 samples/sec-- Loss:0.28 -- Error1:8.20
Phase:train -- Batch_idx:400/782-- 4587.24 samples/sec-- Loss:0.29 -- Error1:8.62
Phase:train -- Batch_idx:500/782-- 4620.17 samples/sec-- Loss:0.31 -- Error1:9.37
Phase:train -- Batch_idx:600/782-- 4699.65 samples/sec-- Loss:0.34 -- Error1:10.18
Phase:train -- Batch_idx:700/782-- 4760.34 samples/sec-- Loss:0.36 -- Error1:10.90
Train_Loss = 0.38250346075057984, Train_Err = 11.57
Val_Loss = 4.204161185455322, Val_Err = 70.62
Epoch: [17 | 100]
Phase:train -- Batch_idx:100/782-- 4803.10 samples/sec-- Loss:0.30 -- Error1:8.84
Phase:train -- Batch_idx:200/782-- 5049.93 samples/sec-- Loss:0.28 -- Error1:8.18
Phase:train -- Batch_idx:300/782-- 5116.26 samples/sec-- Loss:0.27 -- Error1:7.96
Phase:train -- Batch_idx:400/782-- 5145.44 samples/sec-- Loss:0.28 -- Error1:8.30
Phase:train -- Batch_idx:500/782-- 5161.11 samples/sec-- Loss:0.30 -- Error1:9.08
Phase:train -- Batch_idx:600/782-- 5171.97 samples/sec-- Loss:0.32 -- Error1:9.77
Phase:train -- Batch_idx:700/782-- 5178.35 samples/sec-- Loss:0.35 -- Error1:10.61
Train_Loss = 0.3782932101726532, Train_Err = 11.412
Val_Loss = 4.328970450592041, Val_Err = 70.61
Epoch: [18 | 100]
Phase:train -- Batch_idx:100/782-- 4770.92 samples/sec-- Loss:0.29 -- Error1:8.43
Phase:train -- Batch_idx:200/782-- 5005.56 samples/sec-- Loss:0.27 -- Error1:7.75
Phase:train -- Batch_idx:300/782-- 5057.42 samples/sec-- Loss:0.26 -- Error1:7.57
Phase:train -- Batch_idx:400/782-- 5082.63 samples/sec-- Loss:0.27 -- Error1:8.04
Phase:train -- Batch_idx:500/782-- 5098.56 samples/sec-- Loss:0.29 -- Error1:8.64
Phase:train -- Batch_idx:600/782-- 5108.39 samples/sec-- Loss:0.31 -- Error1:9.21
Phase:train -- Batch_idx:700/782-- 5115.25 samples/sec-- Loss:0.33 -- Error1:10.04
Train_Loss = 0.3579365232181549, Train_Err = 10.784
Val_Loss = 4.35025393447876, Val_Err = 70.33
Epoch: [19 | 100]
Phase:train -- Batch_idx:100/782-- 4767.70 samples/sec-- Loss:0.31 -- Error1:9.38
Phase:train -- Batch_idx:200/782-- 5001.47 samples/sec-- Loss:0.29 -- Error1:8.50
Phase:train -- Batch_idx:300/782-- 5062.86 samples/sec-- Loss:0.28 -- Error1:8.33
Phase:train -- Batch_idx:400/782-- 5099.39 samples/sec-- Loss:0.28 -- Error1:8.24
Phase:train -- Batch_idx:500/782-- 5124.58 samples/sec-- Loss:0.28 -- Error1:8.42
Phase:train -- Batch_idx:600/782-- 5137.88 samples/sec-- Loss:0.30 -- Error1:8.96
Phase:train -- Batch_idx:700/782-- 5143.38 samples/sec-- Loss:0.32 -- Error1:9.62
Train_Loss = 0.3424583469963074, Train_Err = 10.234
Val_Loss = 4.373773913574219, Val_Err = 70.81
Epoch: [20 | 100]
Phase:train -- Batch_idx:100/782-- 4767.56 samples/sec-- Loss:0.30 -- Error1:8.84
Phase:train -- Batch_idx:200/782-- 5040.95 samples/sec-- Loss:0.28 -- Error1:8.13
Phase:train -- Batch_idx:300/782-- 5133.31 samples/sec-- Loss:0.27 -- Error1:8.08
Phase:train -- Batch_idx:400/782-- 5174.63 samples/sec-- Loss:0.28 -- Error1:8.28
Phase:train -- Batch_idx:500/782-- 5198.52 samples/sec-- Loss:0.29 -- Error1:8.60
Phase:train -- Batch_idx:600/782-- 5213.70 samples/sec-- Loss:0.31 -- Error1:9.28
Phase:train -- Batch_idx:700/782-- 5224.82 samples/sec-- Loss:0.33 -- Error1:10.00
Train_Loss = 0.3513916926383972, Train_Err = 10.615
Val_Loss = 4.287540467071533, Val_Err = 70.24
Epoch: [21 | 100]
Phase:train -- Batch_idx:100/782-- 4795.66 samples/sec-- Loss:0.26 -- Error1:7.67
Phase:train -- Batch_idx:200/782-- 5043.63 samples/sec-- Loss:0.25 -- Error1:7.16
Phase:train -- Batch_idx:300/782-- 5122.19 samples/sec-- Loss:0.24 -- Error1:7.07
Phase:train -- Batch_idx:400/782-- 5154.96 samples/sec-- Loss:0.26 -- Error1:7.46
Phase:train -- Batch_idx:500/782-- 5169.82 samples/sec-- Loss:0.27 -- Error1:8.02
Phase:train -- Batch_idx:600/782-- 5178.30 samples/sec-- Loss:0.29 -- Error1:8.68
Phase:train -- Batch_idx:700/782-- 5180.43 samples/sec-- Loss:0.32 -- Error1:9.44
Train_Loss = 0.3358501112270355, Train_Err = 10.085
Val_Loss = 4.352735747528076, Val_Err = 71.56
Epoch: [22 | 100]
Phase:train -- Batch_idx:100/782-- 4778.48 samples/sec-- Loss:0.27 -- Error1:8.19
Phase:train -- Batch_idx:200/782-- 5018.96 samples/sec-- Loss:0.25 -- Error1:7.41
Phase:train -- Batch_idx:300/782-- 5098.54 samples/sec-- Loss:0.25 -- Error1:7.33
Phase:train -- Batch_idx:400/782-- 5140.01 samples/sec-- Loss:0.25 -- Error1:7.41
Phase:train -- Batch_idx:500/782-- 5161.65 samples/sec-- Loss:0.27 -- Error1:7.83
Phase:train -- Batch_idx:600/782-- 5172.73 samples/sec-- Loss:0.29 -- Error1:8.52
Phase:train -- Batch_idx:700/782-- 5184.11 samples/sec-- Loss:0.31 -- Error1:9.19
Train_Loss = 0.3256643015384674, Train_Err = 9.687
Val_Loss = 4.478357284545899, Val_Err = 70.42
Epoch: [23 | 100]
Phase:train -- Batch_idx:100/782-- 4767.58 samples/sec-- Loss:0.29 -- Error1:8.66
Phase:train -- Batch_idx:200/782-- 5001.77 samples/sec-- Loss:0.26 -- Error1:7.63
Phase:train -- Batch_idx:300/782-- 5012.01 samples/sec-- Loss:0.26 -- Error1:7.59
Phase:train -- Batch_idx:400/782-- 5055.00 samples/sec-- Loss:0.26 -- Error1:7.76
Phase:train -- Batch_idx:500/782-- 5078.69 samples/sec-- Loss:0.27 -- Error1:8.12
Phase:train -- Batch_idx:600/782-- 5095.20 samples/sec-- Loss:0.29 -- Error1:8.65
Phase:train -- Batch_idx:700/782-- 5107.80 samples/sec-- Loss:0.31 -- Error1:9.30
Train_Loss = 0.3307940616512299, Train_Err = 9.866
Val_Loss = 4.405533984375, Val_Err = 70.87
Epoch: [24 | 100]
Phase:train -- Batch_idx:100/782-- 4805.29 samples/sec-- Loss:0.25 -- Error1:7.62
Phase:train -- Batch_idx:200/782-- 5059.94 samples/sec-- Loss:0.24 -- Error1:6.99
Phase:train -- Batch_idx:300/782-- 5144.81 samples/sec-- Loss:0.24 -- Error1:6.80
Phase:train -- Batch_idx:400/782-- 5183.14 samples/sec-- Loss:0.24 -- Error1:6.99
Phase:train -- Batch_idx:500/782-- 5188.98 samples/sec-- Loss:0.25 -- Error1:7.46
Phase:train -- Batch_idx:600/782-- 5206.38 samples/sec-- Loss:0.27 -- Error1:8.09
Phase:train -- Batch_idx:700/782-- 5223.29 samples/sec-- Loss:0.30 -- Error1:8.75
Train_Loss = 0.3162487583065033, Train_Err = 9.436
Val_Loss = 4.413829315948487, Val_Err = 70.56
Epoch: [25 | 100]
Phase:train -- Batch_idx:100/782-- 4773.67 samples/sec-- Loss:0.27 -- Error1:7.58
Phase:train -- Batch_idx:200/782-- 5017.78 samples/sec-- Loss:0.24 -- Error1:7.04
Phase:train -- Batch_idx:300/782-- 5068.81 samples/sec-- Loss:0.24 -- Error1:6.96
Phase:train -- Batch_idx:400/782-- 5090.92 samples/sec-- Loss:0.25 -- Error1:7.23
Phase:train -- Batch_idx:500/782-- 5108.31 samples/sec-- Loss:0.26 -- Error1:7.72
Phase:train -- Batch_idx:600/782-- 5122.21 samples/sec-- Loss:0.28 -- Error1:8.32
Phase:train -- Batch_idx:700/782-- 5135.29 samples/sec-- Loss:0.30 -- Error1:9.06
Train_Loss = 0.32206119720458987, Train_Err = 9.645
Val_Loss = 4.514404629516601, Val_Err = 72.46
Epoch: [26 | 100]
Phase:train -- Batch_idx:100/782-- 4431.25 samples/sec-- Loss:0.26 -- Error1:7.59
Phase:train -- Batch_idx:200/782-- 4566.86 samples/sec-- Loss:0.25 -- Error1:7.38
Phase:train -- Batch_idx:300/782-- 4613.58 samples/sec-- Loss:0.25 -- Error1:7.40
Phase:train -- Batch_idx:400/782-- 4637.00 samples/sec-- Loss:0.26 -- Error1:7.51
Phase:train -- Batch_idx:500/782-- 4649.93 samples/sec-- Loss:0.27 -- Error1:7.94
Phase:train -- Batch_idx:600/782-- 4658.12 samples/sec-- Loss:0.29 -- Error1:8.64
Phase:train -- Batch_idx:700/782-- 4717.39 samples/sec-- Loss:0.31 -- Error1:9.31
Train_Loss = 0.3311376914024353, Train_Err = 9.917
Val_Loss = 4.370805372619629, Val_Err = 70.06
Epoch: [27 | 100]
Phase:train -- Batch_idx:100/782-- 4795.84 samples/sec-- Loss:0.27 -- Error1:8.12
Phase:train -- Batch_idx:200/782-- 4886.42 samples/sec-- Loss:0.25 -- Error1:7.41
Phase:train -- Batch_idx:300/782-- 5003.01 samples/sec-- Loss:0.24 -- Error1:7.21
Phase:train -- Batch_idx:400/782-- 5050.19 samples/sec-- Loss:0.25 -- Error1:7.37
Phase:train -- Batch_idx:500/782-- 5079.16 samples/sec-- Loss:0.26 -- Error1:7.85
Phase:train -- Batch_idx:600/782-- 5102.63 samples/sec-- Loss:0.28 -- Error1:8.36
Phase:train -- Batch_idx:700/782-- 5117.24 samples/sec-- Loss:0.30 -- Error1:8.97
Train_Loss = 0.3168993614578247, Train_Err = 9.51
Val_Loss = 4.432700980377197, Val_Err = 70.88
Epoch: [28 | 100]
Phase:train -- Batch_idx:100/782-- 4773.64 samples/sec-- Loss:0.24 -- Error1:7.33
Phase:train -- Batch_idx:200/782-- 4989.53 samples/sec-- Loss:0.23 -- Error1:6.67
Phase:train -- Batch_idx:300/782-- 5044.00 samples/sec-- Loss:0.23 -- Error1:6.77
Phase:train -- Batch_idx:400/782-- 5074.58 samples/sec-- Loss:0.24 -- Error1:7.15
Phase:train -- Batch_idx:500/782-- 5094.77 samples/sec-- Loss:0.25 -- Error1:7.63
Phase:train -- Batch_idx:600/782-- 5106.67 samples/sec-- Loss:0.27 -- Error1:8.24
Phase:train -- Batch_idx:700/782-- 5117.50 samples/sec-- Loss:0.29 -- Error1:8.81
Train_Loss = 0.3115762049198151, Train_Err = 9.334
Val_Loss = 4.445547847747803, Val_Err = 71.26
Epoch: [29 | 100]
Phase:train -- Batch_idx:100/782-- 4795.71 samples/sec-- Loss:0.27 -- Error1:7.85
Phase:train -- Batch_idx:200/782-- 5057.65 samples/sec-- Loss:0.25 -- Error1:7.23
Phase:train -- Batch_idx:300/782-- 5147.77 samples/sec-- Loss:0.24 -- Error1:7.14
Phase:train -- Batch_idx:400/782-- 5193.57 samples/sec-- Loss:0.25 -- Error1:7.38
Phase:train -- Batch_idx:500/782-- 5215.01 samples/sec-- Loss:0.26 -- Error1:7.64
Phase:train -- Batch_idx:600/782-- 5233.78 samples/sec-- Loss:0.28 -- Error1:8.20
Phase:train -- Batch_idx:700/782-- 5244.69 samples/sec-- Loss:0.30 -- Error1:8.86
Train_Loss = 0.3166728124809265, Train_Err = 9.456
Val_Loss = 4.535503224182129, Val_Err = 71.47
Epoch: [30 | 100]
Phase:train -- Batch_idx:100/782-- 4770.61 samples/sec-- Loss:0.18 -- Error1:4.80
Phase:train -- Batch_idx:200/782-- 5009.43 samples/sec-- Loss:0.15 -- Error1:3.96
Phase:train -- Batch_idx:300/782-- 5094.59 samples/sec-- Loss:0.13 -- Error1:3.40
Phase:train -- Batch_idx:400/782-- 5138.92 samples/sec-- Loss:0.12 -- Error1:3.01
Phase:train -- Batch_idx:500/782-- 5161.81 samples/sec-- Loss:0.11 -- Error1:2.72
Phase:train -- Batch_idx:600/782-- 5176.93 samples/sec-- Loss:0.10 -- Error1:2.50
Phase:train -- Batch_idx:700/782-- 5106.78 samples/sec-- Loss:0.10 -- Error1:2.35
Train_Loss = 0.09460979524612427, Train_Err = 2.256
Val_Loss = 3.9246390083312988, Val_Err = 65.51
Epoch: [31 | 100]
Phase:train -- Batch_idx:100/782-- 4755.25 samples/sec-- Loss:0.02 -- Error1:0.13
Phase:train -- Batch_idx:200/782-- 5018.48 samples/sec-- Loss:0.02 -- Error1:0.12
Phase:train -- Batch_idx:300/782-- 5112.34 samples/sec-- Loss:0.02 -- Error1:0.12
Phase:train -- Batch_idx:400/782-- 5159.59 samples/sec-- Loss:0.02 -- Error1:0.13
Phase:train -- Batch_idx:500/782-- 5184.94 samples/sec-- Loss:0.02 -- Error1:0.13
Phase:train -- Batch_idx:600/782-- 5201.03 samples/sec-- Loss:0.02 -- Error1:0.12
Phase:train -- Batch_idx:700/782-- 5206.25 samples/sec-- Loss:0.02 -- Error1:0.11
Train_Loss = 0.022635493282079696, Train_Err = 0.12
Val_Loss = 3.9330620239257814, Val_Err = 65.22
Epoch: [32 | 100]
Phase:train -- Batch_idx:100/782-- 4763.34 samples/sec-- Loss:0.01 -- Error1:0.02
Phase:train -- Batch_idx:200/782-- 5019.30 samples/sec-- Loss:0.01 -- Error1:0.03
Phase:train -- Batch_idx:300/782-- 5103.95 samples/sec-- Loss:0.01 -- Error1:0.03
Phase:train -- Batch_idx:400/782-- 5151.58 samples/sec-- Loss:0.01 -- Error1:0.03
Phase:train -- Batch_idx:500/782-- 5180.35 samples/sec-- Loss:0.01 -- Error1:0.04
Phase:train -- Batch_idx:600/782-- 5198.25 samples/sec-- Loss:0.01 -- Error1:0.04
Phase:train -- Batch_idx:700/782-- 5199.84 samples/sec-- Loss:0.01 -- Error1:0.04
Train_Loss = 0.014391832255125046, Train_Err = 0.042
Val_Loss = 3.9344308990478516, Val_Err = 64.93
Epoch: [33 | 100]
Phase:train -- Batch_idx:100/782-- 4735.00 samples/sec-- Loss:0.01 -- Error1:0.02
Phase:train -- Batch_idx:200/782-- 4959.99 samples/sec-- Loss:0.01 -- Error1:0.01
Phase:train -- Batch_idx:300/782-- 5025.91 samples/sec-- Loss:0.01 -- Error1:0.02
Phase:train -- Batch_idx:400/782-- 5056.43 samples/sec-- Loss:0.01 -- Error1:0.02
Phase:train -- Batch_idx:500/782-- 5078.74 samples/sec-- Loss:0.01 -- Error1:0.03
Phase:train -- Batch_idx:600/782-- 5091.37 samples/sec-- Loss:0.01 -- Error1:0.03
Phase:train -- Batch_idx:700/782-- 5098.64 samples/sec-- Loss:0.01 -- Error1:0.03
Train_Loss = 0.011190608124732972, Train_Err = 0.033
Val_Loss = 3.940979071044922, Val_Err = 64.71
Epoch: [34 | 100]
Phase:train -- Batch_idx:100/782-- 4736.34 samples/sec-- Loss:0.01 -- Error1:0.02
Phase:train -- Batch_idx:200/782-- 4980.93 samples/sec-- Loss:0.01 -- Error1:0.03
Phase:train -- Batch_idx:300/782-- 5042.90 samples/sec-- Loss:0.01 -- Error1:0.02
Phase:train -- Batch_idx:400/782-- 5077.62 samples/sec-- Loss:0.01 -- Error1:0.03
Phase:train -- Batch_idx:500/782-- 5096.65 samples/sec-- Loss:0.01 -- Error1:0.03
Phase:train -- Batch_idx:600/782-- 5109.75 samples/sec-- Loss:0.01 -- Error1:0.03
Phase:train -- Batch_idx:700/782-- 5116.66 samples/sec-- Loss:0.01 -- Error1:0.03
Train_Loss = 0.009498777617812157, Train_Err = 0.034
Val_Loss = 3.9241165077209472, Val_Err = 64.43
Epoch: [35 | 100]
Phase:train -- Batch_idx:100/782-- 4753.82 samples/sec-- Loss:0.01 -- Error1:0.00
Phase:train -- Batch_idx:200/782-- 5013.17 samples/sec-- Loss:0.01 -- Error1:0.01
Phase:train -- Batch_idx:300/782-- 5096.44 samples/sec-- Loss:0.01 -- Error1:0.01
Phase:train -- Batch_idx:400/782-- 5138.97 samples/sec-- Loss:0.01 -- Error1:0.01
Phase:train -- Batch_idx:500/782-- 5162.48 samples/sec-- Loss:0.01 -- Error1:0.02
Phase:train -- Batch_idx:600/782-- 5170.35 samples/sec-- Loss:0.01 -- Error1:0.02
Phase:train -- Batch_idx:700/782-- 5180.93 samples/sec-- Loss:0.01 -- Error1:0.03
Train_Loss = 0.008373936330974103, Train_Err = 0.025
Val_Loss = 3.9173366088867185, Val_Err = 64.49
Epoch: [36 | 100]
Phase:train -- Batch_idx:100/782-- 4769.29 samples/sec-- Loss:0.01 -- Error1:0.03
Phase:train -- Batch_idx:200/782-- 4987.85 samples/sec-- Loss:0.01 -- Error1:0.02
Phase:train -- Batch_idx:300/782-- 5050.12 samples/sec-- Loss:0.01 -- Error1:0.02
Phase:train -- Batch_idx:400/782-- 5072.64 samples/sec-- Loss:0.01 -- Error1:0.02
Phase:train -- Batch_idx:500/782-- 5086.91 samples/sec-- Loss:0.01 -- Error1:0.02
Phase:train -- Batch_idx:600/782-- 5096.71 samples/sec-- Loss:0.01 -- Error1:0.02
Phase:train -- Batch_idx:700/782-- 5101.69 samples/sec-- Loss:0.01 -- Error1:0.02
Train_Loss = 0.007575711888968944, Train_Err = 0.026
Val_Loss = 3.9065984550476074, Val_Err = 64.64
Epoch: [37 | 100]
Phase:train -- Batch_idx:100/782-- 4767.28 samples/sec-- Loss:0.01 -- Error1:0.02
Phase:train -- Batch_idx:200/782-- 5008.06 samples/sec-- Loss:0.01 -- Error1:0.05
Phase:train -- Batch_idx:300/782-- 5069.69 samples/sec-- Loss:0.01 -- Error1:0.04
Phase:train -- Batch_idx:400/782-- 5121.65 samples/sec-- Loss:0.01 -- Error1:0.03
Phase:train -- Batch_idx:500/782-- 5141.68 samples/sec-- Loss:0.01 -- Error1:0.03
Phase:train -- Batch_idx:600/782-- 5145.90 samples/sec-- Loss:0.01 -- Error1:0.03
Phase:train -- Batch_idx:700/782-- 5151.45 samples/sec-- Loss:0.01 -- Error1:0.03
Train_Loss = 0.007129620315432549, Train_Err = 0.033
Val_Loss = 3.8822206871032714, Val_Err = 64.43
Epoch: [38 | 100]
Phase:train -- Batch_idx:100/782-- 4775.70 samples/sec-- Loss:0.01 -- Error1:0.02
Phase:train -- Batch_idx:200/782-- 5020.84 samples/sec-- Loss:0.01 -- Error1:0.02
Phase:train -- Batch_idx:300/782-- 5071.81 samples/sec-- Loss:0.01 -- Error1:0.02
Phase:train -- Batch_idx:400/782-- 5095.51 samples/sec-- Loss:0.01 -- Error1:0.02
Phase:train -- Batch_idx:500/782-- 5108.09 samples/sec-- Loss:0.01 -- Error1:0.03
Phase:train -- Batch_idx:600/782-- 5116.65 samples/sec-- Loss:0.01 -- Error1:0.02
Phase:train -- Batch_idx:700/782-- 5118.63 samples/sec-- Loss:0.01 -- Error1:0.02
Train_Loss = 0.006734292076230049, Train_Err = 0.027
Val_Loss = 3.885413389587402, Val_Err = 64.36
Epoch: [39 | 100]
Phase:train -- Batch_idx:100/782-- 4231.33 samples/sec-- Loss:0.01 -- Error1:0.01
Phase:train -- Batch_idx:200/782-- 4454.41 samples/sec-- Loss:0.01 -- Error1:0.01
Phase:train -- Batch_idx:300/782-- 4531.26 samples/sec-- Loss:0.01 -- Error1:0.01
Phase:train -- Batch_idx:400/782-- 4571.87 samples/sec-- Loss:0.01 -- Error1:0.01
Phase:train -- Batch_idx:500/782-- 4596.48 samples/sec-- Loss:0.01 -- Error1:0.02
Phase:train -- Batch_idx:600/782-- 4613.11 samples/sec-- Loss:0.01 -- Error1:0.02
Phase:train -- Batch_idx:700/782-- 4625.06 samples/sec-- Loss:0.01 -- Error1:0.03
Train_Loss = 0.006381386799216271, Train_Err = 0.026
Val_Loss = 3.8713627616882325, Val_Err = 64.42
Epoch: [40 | 100]
Phase:train -- Batch_idx:100/782-- 4796.22 samples/sec-- Loss:0.01 -- Error1:0.02
Phase:train -- Batch_idx:200/782-- 5031.13 samples/sec-- Loss:0.01 -- Error1:0.03
Phase:train -- Batch_idx:300/782-- 5074.74 samples/sec-- Loss:0.01 -- Error1:0.03
Phase:train -- Batch_idx:400/782-- 5096.40 samples/sec-- Loss:0.01 -- Error1:0.03
Phase:train -- Batch_idx:500/782-- 5108.58 samples/sec-- Loss:0.01 -- Error1:0.03
Phase:train -- Batch_idx:600/782-- 5116.50 samples/sec-- Loss:0.01 -- Error1:0.03
Phase:train -- Batch_idx:700/782-- 5122.32 samples/sec-- Loss:0.01 -- Error1:0.03
Train_Loss = 0.006121232250928879, Train_Err = 0.03
Val_Loss = 3.8554936027526856, Val_Err = 64.14
Epoch: [41 | 100]
Phase:train -- Batch_idx:100/782-- 4775.11 samples/sec-- Loss:0.01 -- Error1:0.05
Phase:train -- Batch_idx:200/782-- 5038.40 samples/sec-- Loss:0.01 -- Error1:0.03
Phase:train -- Batch_idx:300/782-- 5128.32 samples/sec-- Loss:0.01 -- Error1:0.02
Phase:train -- Batch_idx:400/782-- 5173.24 samples/sec-- Loss:0.01 -- Error1:0.03
Phase:train -- Batch_idx:500/782-- 5186.80 samples/sec-- Loss:0.01 -- Error1:0.03
Phase:train -- Batch_idx:600/782-- 5192.61 samples/sec-- Loss:0.01 -- Error1:0.03
Phase:train -- Batch_idx:700/782-- 5196.74 samples/sec-- Loss:0.01 -- Error1:0.03
Train_Loss = 0.006050421521663666, Train_Err = 0.035
Val_Loss = 3.8423330490112306, Val_Err = 64.13
Epoch: [42 | 100]
Phase:train -- Batch_idx:100/782-- 4759.59 samples/sec-- Loss:0.01 -- Error1:0.02
Phase:train -- Batch_idx:200/782-- 4994.72 samples/sec-- Loss:0.01 -- Error1:0.02
Phase:train -- Batch_idx:300/782-- 5051.15 samples/sec-- Loss:0.01 -- Error1:0.02
Phase:train -- Batch_idx:400/782-- 5096.18 samples/sec-- Loss:0.01 -- Error1:0.02
Phase:train -- Batch_idx:500/782-- 5132.20 samples/sec-- Loss:0.01 -- Error1:0.03
Phase:train -- Batch_idx:600/782-- 5156.40 samples/sec-- Loss:0.01 -- Error1:0.03
Phase:train -- Batch_idx:700/782-- 5178.94 samples/sec-- Loss:0.01 -- Error1:0.03
Train_Loss = 0.0057283406096696856, Train_Err = 0.029
Val_Loss = 3.8293375, Val_Err = 64.09
Epoch: [43 | 100]
Phase:train -- Batch_idx:100/782-- 4755.76 samples/sec-- Loss:0.01 -- Error1:0.02
Phase:train -- Batch_idx:200/782-- 5011.18 samples/sec-- Loss:0.01 -- Error1:0.02
Phase:train -- Batch_idx:300/782-- 5092.29 samples/sec-- Loss:0.01 -- Error1:0.02
Phase:train -- Batch_idx:400/782-- 5144.68 samples/sec-- Loss:0.01 -- Error1:0.03
Phase:train -- Batch_idx:500/782-- 5176.41 samples/sec-- Loss:0.01 -- Error1:0.03
Phase:train -- Batch_idx:600/782-- 5195.58 samples/sec-- Loss:0.01 -- Error1:0.03
Phase:train -- Batch_idx:700/782-- 5211.19 samples/sec-- Loss:0.01 -- Error1:0.03
Train_Loss = 0.0055387064272165295, Train_Err = 0.03
Val_Loss = 3.8215243141174318, Val_Err = 64.29
Epoch: [44 | 100]
Phase:train -- Batch_idx:100/782-- 4763.29 samples/sec-- Loss:0.01 -- Error1:0.01
Phase:train -- Batch_idx:200/782-- 5024.64 samples/sec-- Loss:0.01 -- Error1:0.01
Phase:train -- Batch_idx:300/782-- 5084.79 samples/sec-- Loss:0.01 -- Error1:0.02
Phase:train -- Batch_idx:400/782-- 5104.32 samples/sec-- Loss:0.01 -- Error1:0.02
Phase:train -- Batch_idx:500/782-- 5108.12 samples/sec-- Loss:0.01 -- Error1:0.02
Phase:train -- Batch_idx:600/782-- 5123.12 samples/sec-- Loss:0.01 -- Error1:0.02
Phase:train -- Batch_idx:700/782-- 5132.39 samples/sec-- Loss:0.01 -- Error1:0.02
Train_Loss = 0.005426257387399673, Train_Err = 0.025
Val_Loss = 3.8051172592163085, Val_Err = 63.97
Epoch: [45 | 100]
Phase:train -- Batch_idx:100/782-- 4719.97 samples/sec-- Loss:0.01 -- Error1:0.02
Phase:train -- Batch_idx:200/782-- 4995.19 samples/sec-- Loss:0.01 -- Error1:0.01
Phase:train -- Batch_idx:300/782-- 5093.52 samples/sec-- Loss:0.01 -- Error1:0.02
Phase:train -- Batch_idx:400/782-- 5143.61 samples/sec-- Loss:0.01 -- Error1:0.02
Phase:train -- Batch_idx:500/782-- 5172.36 samples/sec-- Loss:0.01 -- Error1:0.02
Phase:train -- Batch_idx:600/782-- 5191.18 samples/sec-- Loss:0.01 -- Error1:0.03
Phase:train -- Batch_idx:700/782-- 5206.66 samples/sec-- Loss:0.01 -- Error1:0.02
Train_Loss = 0.005410238650143146, Train_Err = 0.029
Val_Loss = 3.7753360221862793, Val_Err = 64.03
Epoch: [46 | 100]
Phase:train -- Batch_idx:100/782-- 4766.74 samples/sec-- Loss:0.01 -- Error1:0.05
Phase:train -- Batch_idx:200/782-- 5026.51 samples/sec-- Loss:0.01 -- Error1:0.04
Phase:train -- Batch_idx:300/782-- 5086.77 samples/sec-- Loss:0.01 -- Error1:0.04
Phase:train -- Batch_idx:400/782-- 5135.51 samples/sec-- Loss:0.01 -- Error1:0.04
Phase:train -- Batch_idx:500/782-- 5164.97 samples/sec-- Loss:0.01 -- Error1:0.03
Phase:train -- Batch_idx:600/782-- 5188.00 samples/sec-- Loss:0.01 -- Error1:0.03
Phase:train -- Batch_idx:700/782-- 5204.83 samples/sec-- Loss:0.01 -- Error1:0.03
Train_Loss = 0.00533989478200674, Train_Err = 0.032
Val_Loss = 3.7683585556030272, Val_Err = 64.05
Epoch: [47 | 100]
Phase:train -- Batch_idx:100/782-- 4756.19 samples/sec-- Loss:0.00 -- Error1:0.02
Phase:train -- Batch_idx:200/782-- 5020.91 samples/sec-- Loss:0.01 -- Error1:0.03
Phase:train -- Batch_idx:300/782-- 5112.90 samples/sec-- Loss:0.01 -- Error1:0.03
Phase:train -- Batch_idx:400/782-- 5158.73 samples/sec-- Loss:0.01 -- Error1:0.03
Phase:train -- Batch_idx:500/782-- 5187.39 samples/sec-- Loss:0.01 -- Error1:0.03
Phase:train -- Batch_idx:600/782-- 5205.46 samples/sec-- Loss:0.01 -- Error1:0.03
Phase:train -- Batch_idx:700/782-- 5220.08 samples/sec-- Loss:0.01 -- Error1:0.03
Train_Loss = 0.005300168661177158, Train_Err = 0.03
Val_Loss = 3.7469553649902343, Val_Err = 64.26
Epoch: [48 | 100]
Phase:train -- Batch_idx:100/782-- 4767.74 samples/sec-- Loss:0.00 -- Error1:0.03
Phase:train -- Batch_idx:200/782-- 5030.43 samples/sec-- Loss:0.00 -- Error1:0.02
Phase:train -- Batch_idx:300/782-- 5113.88 samples/sec-- Loss:0.00 -- Error1:0.02
Phase:train -- Batch_idx:400/782-- 5145.77 samples/sec-- Loss:0.00 -- Error1:0.02
Phase:train -- Batch_idx:500/782-- 5171.37 samples/sec-- Loss:0.00 -- Error1:0.02
Phase:train -- Batch_idx:600/782-- 5185.27 samples/sec-- Loss:0.01 -- Error1:0.02
Phase:train -- Batch_idx:700/782-- 5203.28 samples/sec-- Loss:0.01 -- Error1:0.03
Train_Loss = 0.005228016626834869, Train_Err = 0.032
Val_Loss = 3.740365048980713, Val_Err = 63.98
Epoch: [49 | 100]
Phase:train -- Batch_idx:100/782-- 4744.08 samples/sec-- Loss:0.01 -- Error1:0.04
Phase:train -- Batch_idx:200/782-- 5019.43 samples/sec-- Loss:0.01 -- Error1:0.03
Phase:train -- Batch_idx:300/782-- 5105.40 samples/sec-- Loss:0.01 -- Error1:0.02
Phase:train -- Batch_idx:400/782-- 5126.27 samples/sec-- Loss:0.01 -- Error1:0.03
Phase:train -- Batch_idx:500/782-- 5135.88 samples/sec-- Loss:0.01 -- Error1:0.03
Phase:train -- Batch_idx:600/782-- 5142.83 samples/sec-- Loss:0.01 -- Error1:0.03
Phase:train -- Batch_idx:700/782-- 5146.38 samples/sec-- Loss:0.01 -- Error1:0.03
Train_Loss = 0.005171891091167927, Train_Err = 0.027
Val_Loss = 3.7260398178100584, Val_Err = 64.02
Epoch: [50 | 100]
Phase:train -- Batch_idx:100/782-- 4734.71 samples/sec-- Loss:0.01 -- Error1:0.03
Phase:train -- Batch_idx:200/782-- 5009.63 samples/sec-- Loss:0.01 -- Error1:0.02
Phase:train -- Batch_idx:300/782-- 5100.48 samples/sec-- Loss:0.01 -- Error1:0.03
Phase:train -- Batch_idx:400/782-- 5146.77 samples/sec-- Loss:0.00 -- Error1:0.02
Phase:train -- Batch_idx:500/782-- 5175.11 samples/sec-- Loss:0.00 -- Error1:0.02
Phase:train -- Batch_idx:600/782-- 5192.93 samples/sec-- Loss:0.01 -- Error1:0.03
Phase:train -- Batch_idx:700/782-- 5207.55 samples/sec-- Loss:0.01 -- Error1:0.03
Train_Loss = 0.005123743261992932, Train_Err = 0.029
Val_Loss = 3.6997064384460447, Val_Err = 63.91
Epoch: [51 | 100]
Phase:train -- Batch_idx:100/782-- 4747.04 samples/sec-- Loss:0.01 -- Error1:0.04
Phase:train -- Batch_idx:200/782-- 4979.18 samples/sec-- Loss:0.00 -- Error1:0.03
Phase:train -- Batch_idx:300/782-- 4923.64 samples/sec-- Loss:0.00 -- Error1:0.03
Phase:train -- Batch_idx:400/782-- 4855.79 samples/sec-- Loss:0.01 -- Error1:0.03
Phase:train -- Batch_idx:500/782-- 4815.22 samples/sec-- Loss:0.01 -- Error1:0.03
Phase:train -- Batch_idx:600/782-- 4790.65 samples/sec-- Loss:0.00 -- Error1:0.03
Phase:train -- Batch_idx:700/782-- 4771.86 samples/sec-- Loss:0.01 -- Error1:0.03
Train_Loss = 0.005090774627625942, Train_Err = 0.03
Val_Loss = 3.6969655670166017, Val_Err = 63.83
Epoch: [52 | 100]
Phase:train -- Batch_idx:100/782-- 4733.46 samples/sec-- Loss:0.00 -- Error1:0.02
Phase:train -- Batch_idx:200/782-- 5009.18 samples/sec-- Loss:0.00 -- Error1:0.02
Phase:train -- Batch_idx:300/782-- 5092.86 samples/sec-- Loss:0.00 -- Error1:0.02
Phase:train -- Batch_idx:400/782-- 5119.31 samples/sec-- Loss:0.00 -- Error1:0.02
Phase:train -- Batch_idx:500/782-- 5130.55 samples/sec-- Loss:0.00 -- Error1:0.02
Phase:train -- Batch_idx:600/782-- 5159.10 samples/sec-- Loss:0.01 -- Error1:0.03
Phase:train -- Batch_idx:700/782-- 5177.50 samples/sec-- Loss:0.01 -- Error1:0.03
Train_Loss = 0.005067622883319855, Train_Err = 0.033
Val_Loss = 3.681676019287109, Val_Err = 64.07
Epoch: [53 | 100]
Phase:train -- Batch_idx:100/782-- 4740.34 samples/sec-- Loss:0.00 -- Error1:0.02
Phase:train -- Batch_idx:200/782-- 4972.79 samples/sec-- Loss:0.00 -- Error1:0.02
Phase:train -- Batch_idx:300/782-- 5043.31 samples/sec-- Loss:0.00 -- Error1:0.02
Phase:train -- Batch_idx:400/782-- 5067.41 samples/sec-- Loss:0.00 -- Error1:0.02
Phase:train -- Batch_idx:500/782-- 5096.63 samples/sec-- Loss:0.00 -- Error1:0.03
Phase:train -- Batch_idx:600/782-- 5120.24 samples/sec-- Loss:0.00 -- Error1:0.03
Phase:train -- Batch_idx:700/782-- 5144.06 samples/sec-- Loss:0.01 -- Error1:0.03
Train_Loss = 0.0050988146659731864, Train_Err = 0.029
Val_Loss = 3.669627229309082, Val_Err = 63.71
Epoch: [54 | 100]
Phase:train -- Batch_idx:100/782-- 4749.37 samples/sec-- Loss:0.00 -- Error1:0.02
Phase:train -- Batch_idx:200/782-- 5021.28 samples/sec-- Loss:0.00 -- Error1:0.03
Phase:train -- Batch_idx:300/782-- 5111.80 samples/sec-- Loss:0.00 -- Error1:0.02
Phase:train -- Batch_idx:400/782-- 5160.54 samples/sec-- Loss:0.00 -- Error1:0.02
Phase:train -- Batch_idx:500/782-- 5188.17 samples/sec-- Loss:0.00 -- Error1:0.03
Phase:train -- Batch_idx:600/782-- 5208.17 samples/sec-- Loss:0.00 -- Error1:0.03
Phase:train -- Batch_idx:700/782-- 5222.25 samples/sec-- Loss:0.00 -- Error1:0.03
Train_Loss = 0.004988412432670593, Train_Err = 0.031
Val_Loss = 3.6696776252746584, Val_Err = 63.81
Epoch: [55 | 100]
Phase:train -- Batch_idx:100/782-- 4738.88 samples/sec-- Loss:0.00 -- Error1:0.02
Phase:train -- Batch_idx:200/782-- 5007.80 samples/sec-- Loss:0.00 -- Error1:0.02
Phase:train -- Batch_idx:300/782-- 5097.71 samples/sec-- Loss:0.00 -- Error1:0.02
Phase:train -- Batch_idx:400/782-- 5142.33 samples/sec-- Loss:0.00 -- Error1:0.02
Phase:train -- Batch_idx:500/782-- 5169.19 samples/sec-- Loss:0.00 -- Error1:0.03
Phase:train -- Batch_idx:600/782-- 5181.57 samples/sec-- Loss:0.01 -- Error1:0.03
Phase:train -- Batch_idx:700/782-- 5180.94 samples/sec-- Loss:0.01 -- Error1:0.03
Train_Loss = 0.005013227683603763, Train_Err = 0.028
Val_Loss = 3.647158226776123, Val_Err = 63.58
Epoch: [56 | 100]
Phase:train -- Batch_idx:100/782-- 4723.60 samples/sec-- Loss:0.00 -- Error1:0.00
Phase:train -- Batch_idx:200/782-- 4998.43 samples/sec-- Loss:0.00 -- Error1:0.01
Phase:train -- Batch_idx:300/782-- 5098.43 samples/sec-- Loss:0.00 -- Error1:0.01
Phase:train -- Batch_idx:400/782-- 5147.39 samples/sec-- Loss:0.00 -- Error1:0.02
Phase:train -- Batch_idx:500/782-- 5164.62 samples/sec-- Loss:0.00 -- Error1:0.02
Phase:train -- Batch_idx:600/782-- 5181.59 samples/sec-- Loss:0.00 -- Error1:0.02
Phase:train -- Batch_idx:700/782-- 5196.20 samples/sec-- Loss:0.00 -- Error1:0.02
Train_Loss = 0.004963429256975651, Train_Err = 0.026
Val_Loss = 3.626871255493164, Val_Err = 63.95
Epoch: [57 | 100]
Phase:train -- Batch_idx:100/782-- 4737.53 samples/sec-- Loss:0.00 -- Error1:0.04
Phase:train -- Batch_idx:200/782-- 5003.85 samples/sec-- Loss:0.00 -- Error1:0.03
Phase:train -- Batch_idx:300/782-- 5091.99 samples/sec-- Loss:0.00 -- Error1:0.03
Phase:train -- Batch_idx:400/782-- 5136.50 samples/sec-- Loss:0.00 -- Error1:0.03
Phase:train -- Batch_idx:500/782-- 5160.19 samples/sec-- Loss:0.01 -- Error1:0.04
Phase:train -- Batch_idx:600/782-- 5170.68 samples/sec-- Loss:0.01 -- Error1:0.04
Phase:train -- Batch_idx:700/782-- 5181.62 samples/sec-- Loss:0.01 -- Error1:0.03
Train_Loss = 0.005015386326909065, Train_Err = 0.033
Val_Loss = 3.615473631286621, Val_Err = 63.92
Epoch: [58 | 100]
Phase:train -- Batch_idx:100/782-- 4756.71 samples/sec-- Loss:0.00 -- Error1:0.03
Phase:train -- Batch_idx:200/782-- 5023.93 samples/sec-- Loss:0.00 -- Error1:0.02
Phase:train -- Batch_idx:300/782-- 5104.05 samples/sec-- Loss:0.00 -- Error1:0.02
Phase:train -- Batch_idx:400/782-- 5150.53 samples/sec-- Loss:0.00 -- Error1:0.03
Phase:train -- Batch_idx:500/782-- 5178.65 samples/sec-- Loss:0.00 -- Error1:0.03
Phase:train -- Batch_idx:600/782-- 5196.06 samples/sec-- Loss:0.01 -- Error1:0.03
Phase:train -- Batch_idx:700/782-- 5204.73 samples/sec-- Loss:0.01 -- Error1:0.03
Train_Loss = 0.00498278564453125, Train_Err = 0.03
Val_Loss = 3.6076625915527343, Val_Err = 63.64
Epoch: [59 | 100]
Phase:train -- Batch_idx:100/782-- 4721.04 samples/sec-- Loss:0.00 -- Error1:0.02
Phase:train -- Batch_idx:200/782-- 4955.59 samples/sec-- Loss:0.00 -- Error1:0.03
Phase:train -- Batch_idx:300/782-- 5024.70 samples/sec-- Loss:0.00 -- Error1:0.02
Phase:train -- Batch_idx:400/782-- 5070.42 samples/sec-- Loss:0.00 -- Error1:0.02
Phase:train -- Batch_idx:500/782-- 5106.19 samples/sec-- Loss:0.00 -- Error1:0.03
Phase:train -- Batch_idx:600/782-- 5128.87 samples/sec-- Loss:0.00 -- Error1:0.03
Phase:train -- Batch_idx:700/782-- 5142.73 samples/sec-- Loss:0.00 -- Error1:0.03
Train_Loss = 0.004955078636109829, Train_Err = 0.029
Val_Loss = 3.594034954071045, Val_Err = 63.8
Epoch: [60 | 100]
Phase:train -- Batch_idx:100/782-- 4727.11 samples/sec-- Loss:0.00 -- Error1:0.01
Phase:train -- Batch_idx:200/782-- 5005.81 samples/sec-- Loss:0.00 -- Error1:0.01
Phase:train -- Batch_idx:300/782-- 5100.10 samples/sec-- Loss:0.00 -- Error1:0.01
Phase:train -- Batch_idx:400/782-- 5152.00 samples/sec-- Loss:0.00 -- Error1:0.01
Phase:train -- Batch_idx:500/782-- 5181.83 samples/sec-- Loss:0.00 -- Error1:0.02
Phase:train -- Batch_idx:600/782-- 5204.10 samples/sec-- Loss:0.00 -- Error1:0.01
Phase:train -- Batch_idx:700/782-- 5217.42 samples/sec-- Loss:0.00 -- Error1:0.02
Train_Loss = 0.004760849878787995, Train_Err = 0.019
Val_Loss = 3.58769116897583, Val_Err = 63.89
Epoch: [61 | 100]
Phase:train -- Batch_idx:100/782-- 4729.97 samples/sec-- Loss:0.00 -- Error1:0.02
Phase:train -- Batch_idx:200/782-- 5003.53 samples/sec-- Loss:0.00 -- Error1:0.02
Phase:train -- Batch_idx:300/782-- 5096.38 samples/sec-- Loss:0.00 -- Error1:0.03
Phase:train -- Batch_idx:400/782-- 5144.98 samples/sec-- Loss:0.00 -- Error1:0.03
Phase:train -- Batch_idx:500/782-- 5174.55 samples/sec-- Loss:0.00 -- Error1:0.03
Phase:train -- Batch_idx:600/782-- 5191.60 samples/sec-- Loss:0.00 -- Error1:0.02
Phase:train -- Batch_idx:700/782-- 5205.41 samples/sec-- Loss:0.00 -- Error1:0.02
Train_Loss = 0.00470081008374691, Train_Err = 0.023
Val_Loss = 3.6073523727416994, Val_Err = 63.85
Epoch: [62 | 100]
Phase:train -- Batch_idx:100/782-- 4726.90 samples/sec-- Loss:0.00 -- Error1:0.02
Phase:train -- Batch_idx:200/782-- 5010.16 samples/sec-- Loss:0.00 -- Error1:0.03
Phase:train -- Batch_idx:300/782-- 5104.18 samples/sec-- Loss:0.00 -- Error1:0.02
Phase:train -- Batch_idx:400/782-- 5154.47 samples/sec-- Loss:0.00 -- Error1:0.02
Phase:train -- Batch_idx:500/782-- 5182.31 samples/sec-- Loss:0.00 -- Error1:0.02
Phase:train -- Batch_idx:600/782-- 5201.42 samples/sec-- Loss:0.00 -- Error1:0.02
Phase:train -- Batch_idx:700/782-- 5216.04 samples/sec-- Loss:0.00 -- Error1:0.02
Train_Loss = 0.0047013449797034266, Train_Err = 0.023
Val_Loss = 3.5996483711242675, Val_Err = 63.8
Epoch: [63 | 100]
Phase:train -- Batch_idx:100/782-- 4258.86 samples/sec-- Loss:0.00 -- Error1:0.02
Phase:train -- Batch_idx:200/782-- 4447.06 samples/sec-- Loss:0.00 -- Error1:0.02
Phase:train -- Batch_idx:300/782-- 4521.56 samples/sec-- Loss:0.00 -- Error1:0.02
Phase:train -- Batch_idx:400/782-- 4553.99 samples/sec-- Loss:0.00 -- Error1:0.02
Phase:train -- Batch_idx:500/782-- 4575.51 samples/sec-- Loss:0.00 -- Error1:0.02
Phase:train -- Batch_idx:600/782-- 4589.74 samples/sec-- Loss:0.00 -- Error1:0.02
Phase:train -- Batch_idx:700/782-- 4599.70 samples/sec-- Loss:0.00 -- Error1:0.02
Train_Loss = 0.004681845560967922, Train_Err = 0.018
Val_Loss = 3.592062347412109, Val_Err = 63.74
Epoch: [64 | 100]
Phase:train -- Batch_idx:100/782-- 4737.96 samples/sec-- Loss:0.00 -- Error1:0.02
Phase:train -- Batch_idx:200/782-- 5004.89 samples/sec-- Loss:0.00 -- Error1:0.02
Phase:train -- Batch_idx:300/782-- 5085.41 samples/sec-- Loss:0.00 -- Error1:0.01
Phase:train -- Batch_idx:400/782-- 5119.50 samples/sec-- Loss:0.00 -- Error1:0.01
Phase:train -- Batch_idx:500/782-- 5132.87 samples/sec-- Loss:0.00 -- Error1:0.02
Phase:train -- Batch_idx:600/782-- 5152.29 samples/sec-- Loss:0.00 -- Error1:0.02
Phase:train -- Batch_idx:700/782-- 5171.52 samples/sec-- Loss:0.00 -- Error1:0.02
Train_Loss = 0.0046379155921936034, Train_Err = 0.016
Val_Loss = 3.5928919570922853, Val_Err = 63.9
Epoch: [65 | 100]
Phase:train -- Batch_idx:100/782-- 4744.80 samples/sec-- Loss:0.00 -- Error1:0.02
Phase:train -- Batch_idx:200/782-- 5020.57 samples/sec-- Loss:0.00 -- Error1:0.02
Phase:train -- Batch_idx:300/782-- 5109.71 samples/sec-- Loss:0.00 -- Error1:0.02
Phase:train -- Batch_idx:400/782-- 5158.75 samples/sec-- Loss:0.00 -- Error1:0.02
Phase:train -- Batch_idx:500/782-- 5186.62 samples/sec-- Loss:0.00 -- Error1:0.02
Phase:train -- Batch_idx:600/782-- 5206.46 samples/sec-- Loss:0.00 -- Error1:0.02
Phase:train -- Batch_idx:700/782-- 5217.37 samples/sec-- Loss:0.00 -- Error1:0.02
Train_Loss = 0.004710874186754227, Train_Err = 0.025
Val_Loss = 3.588800588989258, Val_Err = 63.92
Epoch: [66 | 100]
Phase:train -- Batch_idx:100/782-- 4746.42 samples/sec-- Loss:0.00 -- Error1:0.02
Phase:train -- Batch_idx:200/782-- 5008.02 samples/sec-- Loss:0.00 -- Error1:0.01
Phase:train -- Batch_idx:300/782-- 5107.16 samples/sec-- Loss:0.00 -- Error1:0.02
Phase:train -- Batch_idx:400/782-- 5154.45 samples/sec-- Loss:0.00 -- Error1:0.02
Phase:train -- Batch_idx:500/782-- 5183.34 samples/sec-- Loss:0.00 -- Error1:0.01
Phase:train -- Batch_idx:600/782-- 5203.44 samples/sec-- Loss:0.00 -- Error1:0.02
Phase:train -- Batch_idx:700/782-- 5218.85 samples/sec-- Loss:0.00 -- Error1:0.02
Train_Loss = 0.004693527020812035, Train_Err = 0.02
Val_Loss = 3.596720265197754, Val_Err = 63.8
Epoch: [67 | 100]
Phase:train -- Batch_idx:100/782-- 4724.85 samples/sec-- Loss:0.00 -- Error1:0.02
Phase:train -- Batch_idx:200/782-- 4998.85 samples/sec-- Loss:0.00 -- Error1:0.02
Phase:train -- Batch_idx:300/782-- 5097.02 samples/sec-- Loss:0.00 -- Error1:0.02
Phase:train -- Batch_idx:400/782-- 5144.83 samples/sec-- Loss:0.00 -- Error1:0.02
Phase:train -- Batch_idx:500/782-- 5174.15 samples/sec-- Loss:0.00 -- Error1:0.02
Phase:train -- Batch_idx:600/782-- 5195.91 samples/sec-- Loss:0.00 -- Error1:0.02
Phase:train -- Batch_idx:700/782-- 5212.62 samples/sec-- Loss:0.00 -- Error1:0.02
Train_Loss = 0.004713475317358971, Train_Err = 0.024
Val_Loss = 3.5912554222106934, Val_Err = 63.67
Epoch: [68 | 100]
Phase:train -- Batch_idx:100/782-- 4739.05 samples/sec-- Loss:0.00 -- Error1:0.03
Phase:train -- Batch_idx:200/782-- 5009.55 samples/sec-- Loss:0.00 -- Error1:0.02
Phase:train -- Batch_idx:300/782-- 5104.61 samples/sec-- Loss:0.00 -- Error1:0.02
Phase:train -- Batch_idx:400/782-- 5155.19 samples/sec-- Loss:0.00 -- Error1:0.02
Phase:train -- Batch_idx:500/782-- 5186.95 samples/sec-- Loss:0.00 -- Error1:0.02
Phase:train -- Batch_idx:600/782-- 5206.92 samples/sec-- Loss:0.00 -- Error1:0.02
Phase:train -- Batch_idx:700/782-- 5219.51 samples/sec-- Loss:0.00 -- Error1:0.02
Train_Loss = 0.004657099403738976, Train_Err = 0.02
Val_Loss = 3.5949532585144044, Val_Err = 63.6
Epoch: [69 | 100]
Phase:train -- Batch_idx:100/782-- 4748.11 samples/sec-- Loss:0.00 -- Error1:0.01
Phase:train -- Batch_idx:200/782-- 5011.63 samples/sec-- Loss:0.00 -- Error1:0.01
Phase:train -- Batch_idx:300/782-- 5106.83 samples/sec-- Loss:0.00 -- Error1:0.02
Phase:train -- Batch_idx:400/782-- 5152.22 samples/sec-- Loss:0.00 -- Error1:0.01
Phase:train -- Batch_idx:500/782-- 5176.64 samples/sec-- Loss:0.00 -- Error1:0.02
Phase:train -- Batch_idx:600/782-- 5191.71 samples/sec-- Loss:0.00 -- Error1:0.02
Phase:train -- Batch_idx:700/782-- 5198.89 samples/sec-- Loss:0.00 -- Error1:0.02
Train_Loss = 0.004656300087869167, Train_Err = 0.022
Val_Loss = 3.5987352264404295, Val_Err = 63.72
Epoch: [70 | 100]
Phase:train -- Batch_idx:100/782-- 4743.87 samples/sec-- Loss:0.00 -- Error1:0.01
Phase:train -- Batch_idx:200/782-- 5017.56 samples/sec-- Loss:0.00 -- Error1:0.02
Phase:train -- Batch_idx:300/782-- 5096.33 samples/sec-- Loss:0.00 -- Error1:0.03
Phase:train -- Batch_idx:400/782-- 5141.61 samples/sec-- Loss:0.00 -- Error1:0.03
Phase:train -- Batch_idx:500/782-- 5165.94 samples/sec-- Loss:0.00 -- Error1:0.03
Phase:train -- Batch_idx:600/782-- 5175.12 samples/sec-- Loss:0.00 -- Error1:0.03
Phase:train -- Batch_idx:700/782-- 5191.15 samples/sec-- Loss:0.00 -- Error1:0.03
Train_Loss = 0.004670998934805393, Train_Err = 0.028
Val_Loss = 3.5888719833374023, Val_Err = 63.7
Epoch: [71 | 100]
Phase:train -- Batch_idx:100/782-- 4711.72 samples/sec-- Loss:0.00 -- Error1:0.01
Phase:train -- Batch_idx:200/782-- 4991.69 samples/sec-- Loss:0.00 -- Error1:0.01
Phase:train -- Batch_idx:300/782-- 5086.24 samples/sec-- Loss:0.00 -- Error1:0.02
Phase:train -- Batch_idx:400/782-- 5137.21 samples/sec-- Loss:0.00 -- Error1:0.02
Phase:train -- Batch_idx:500/782-- 5163.22 samples/sec-- Loss:0.00 -- Error1:0.02
Phase:train -- Batch_idx:600/782-- 5176.71 samples/sec-- Loss:0.00 -- Error1:0.02
Phase:train -- Batch_idx:700/782-- 5185.66 samples/sec-- Loss:0.00 -- Error1:0.02
Train_Loss = 0.004665737752914428, Train_Err = 0.021
Val_Loss = 3.586197536468506, Val_Err = 63.93
Epoch: [72 | 100]
Phase:train -- Batch_idx:100/782-- 4697.48 samples/sec-- Loss:0.00 -- Error1:0.04
Phase:train -- Batch_idx:200/782-- 4969.26 samples/sec-- Loss:0.00 -- Error1:0.03
Phase:train -- Batch_idx:300/782-- 5076.33 samples/sec-- Loss:0.00 -- Error1:0.03
Phase:train -- Batch_idx:400/782-- 5132.05 samples/sec-- Loss:0.00 -- Error1:0.03
Phase:train -- Batch_idx:500/782-- 5152.56 samples/sec-- Loss:0.00 -- Error1:0.03
Phase:train -- Batch_idx:600/782-- 5172.46 samples/sec-- Loss:0.00 -- Error1:0.03
Phase:train -- Batch_idx:700/782-- 5190.84 samples/sec-- Loss:0.00 -- Error1:0.03
Train_Loss = 0.004670851248204708, Train_Err = 0.025
Val_Loss = 3.5855697479248048, Val_Err = 63.72
Epoch: [73 | 100]
Phase:train -- Batch_idx:100/782-- 4760.02 samples/sec-- Loss:0.00 -- Error1:0.02
Phase:train -- Batch_idx:200/782-- 5029.34 samples/sec-- Loss:0.00 -- Error1:0.03
Phase:train -- Batch_idx:300/782-- 5118.05 samples/sec-- Loss:0.00 -- Error1:0.03
Phase:train -- Batch_idx:400/782-- 5154.42 samples/sec-- Loss:0.00 -- Error1:0.02
Phase:train -- Batch_idx:500/782-- 5173.42 samples/sec-- Loss:0.00 -- Error1:0.02
Phase:train -- Batch_idx:600/782-- 5187.38 samples/sec-- Loss:0.00 -- Error1:0.02
Phase:train -- Batch_idx:700/782-- 5197.86 samples/sec-- Loss:0.00 -- Error1:0.02
Train_Loss = 0.0046429194968938825, Train_Err = 0.023
Val_Loss = 3.581748893737793, Val_Err = 63.81
Epoch: [74 | 100]
Phase:train -- Batch_idx:100/782-- 4812.51 samples/sec-- Loss:0.00 -- Error1:0.02
Phase:train -- Batch_idx:200/782-- 5049.39 samples/sec-- Loss:0.00 -- Error1:0.02
Phase:train -- Batch_idx:300/782-- 5105.13 samples/sec-- Loss:0.00 -- Error1:0.02
Phase:train -- Batch_idx:400/782-- 5122.34 samples/sec-- Loss:0.00 -- Error1:0.02
Phase:train -- Batch_idx:500/782-- 5133.28 samples/sec-- Loss:0.00 -- Error1:0.02
Phase:train -- Batch_idx:600/782-- 5141.48 samples/sec-- Loss:0.00 -- Error1:0.02
Phase:train -- Batch_idx:700/782-- 5145.89 samples/sec-- Loss:0.00 -- Error1:0.02
Train_Loss = 0.004652648741900921, Train_Err = 0.022
Val_Loss = 3.579603759765625, Val_Err = 63.69
Epoch: [75 | 100]
Phase:train -- Batch_idx:100/782-- 4743.31 samples/sec-- Loss:0.00 -- Error1:0.02
Phase:train -- Batch_idx:200/782-- 4992.05 samples/sec-- Loss:0.00 -- Error1:0.02
Phase:train -- Batch_idx:300/782-- 5085.67 samples/sec-- Loss:0.00 -- Error1:0.02
Phase:train -- Batch_idx:400/782-- 5131.12 samples/sec-- Loss:0.00 -- Error1:0.02
Phase:train -- Batch_idx:500/782-- 5156.97 samples/sec-- Loss:0.00 -- Error1:0.02
Phase:train -- Batch_idx:600/782-- 5176.96 samples/sec-- Loss:0.00 -- Error1:0.02
Phase:train -- Batch_idx:700/782-- 5192.28 samples/sec-- Loss:0.00 -- Error1:0.02
Train_Loss = 0.004649035983085632, Train_Err = 0.018
Val_Loss = 3.577162104797363, Val_Err = 63.8
Epoch: [76 | 100]
Phase:train -- Batch_idx:100/782-- 4817.00 samples/sec-- Loss:0.01 -- Error1:0.06
Phase:train -- Batch_idx:200/782-- 5053.00 samples/sec-- Loss:0.00 -- Error1:0.04
Phase:train -- Batch_idx:300/782-- 5129.64 samples/sec-- Loss:0.00 -- Error1:0.04
Phase:train -- Batch_idx:400/782-- 5149.83 samples/sec-- Loss:0.00 -- Error1:0.04
Phase:train -- Batch_idx:500/782-- 5171.26 samples/sec-- Loss:0.00 -- Error1:0.04
Phase:train -- Batch_idx:600/782-- 5189.10 samples/sec-- Loss:0.00 -- Error1:0.03
Phase:train -- Batch_idx:700/782-- 5196.81 samples/sec-- Loss:0.00 -- Error1:0.03
Train_Loss = 0.004728942629098893, Train_Err = 0.029
Val_Loss = 3.5792923614501952, Val_Err = 63.72
Epoch: [77 | 100]
Phase:train -- Batch_idx:100/782-- 4814.74 samples/sec-- Loss:0.00 -- Error1:0.04
Phase:train -- Batch_idx:200/782-- 5058.61 samples/sec-- Loss:0.00 -- Error1:0.04
Phase:train -- Batch_idx:300/782-- 5134.31 samples/sec-- Loss:0.00 -- Error1:0.03
Phase:train -- Batch_idx:400/782-- 5169.36 samples/sec-- Loss:0.00 -- Error1:0.03
Phase:train -- Batch_idx:500/782-- 5191.94 samples/sec-- Loss:0.00 -- Error1:0.02
Phase:train -- Batch_idx:600/782-- 5150.45 samples/sec-- Loss:0.00 -- Error1:0.02
Phase:train -- Batch_idx:700/782-- 5095.66 samples/sec-- Loss:0.00 -- Error1:0.02
Train_Loss = 0.004628975950181484, Train_Err = 0.024
Val_Loss = 3.579895909881592, Val_Err = 63.57
Epoch: [78 | 100]
Phase:train -- Batch_idx:100/782-- 4395.93 samples/sec-- Loss:0.00 -- Error1:0.01
Phase:train -- Batch_idx:200/782-- 4543.18 samples/sec-- Loss:0.00 -- Error1:0.02
Phase:train -- Batch_idx:300/782-- 4599.07 samples/sec-- Loss:0.00 -- Error1:0.02
Phase:train -- Batch_idx:400/782-- 4626.99 samples/sec-- Loss:0.00 -- Error1:0.02
Phase:train -- Batch_idx:500/782-- 4643.56 samples/sec-- Loss:0.00 -- Error1:0.02
Phase:train -- Batch_idx:600/782-- 4666.19 samples/sec-- Loss:0.00 -- Error1:0.02
Phase:train -- Batch_idx:700/782-- 4735.55 samples/sec-- Loss:0.00 -- Error1:0.02
Train_Loss = 0.004708292340040207, Train_Err = 0.023
Val_Loss = 3.5842914405822754, Val_Err = 63.72
Epoch: [79 | 100]
Phase:train -- Batch_idx:100/782-- 4813.07 samples/sec-- Loss:0.00 -- Error1:0.03
Phase:train -- Batch_idx:200/782-- 5045.77 samples/sec-- Loss:0.00 -- Error1:0.03
Phase:train -- Batch_idx:300/782-- 5089.39 samples/sec-- Loss:0.00 -- Error1:0.04
Phase:train -- Batch_idx:400/782-- 5114.50 samples/sec-- Loss:0.00 -- Error1:0.03
Phase:train -- Batch_idx:500/782-- 5126.15 samples/sec-- Loss:0.00 -- Error1:0.03
Phase:train -- Batch_idx:600/782-- 5134.87 samples/sec-- Loss:0.00 -- Error1:0.03
Phase:train -- Batch_idx:700/782-- 5141.40 samples/sec-- Loss:0.00 -- Error1:0.03
Train_Loss = 0.00470428041279316, Train_Err = 0.026
Val_Loss = 3.5802168045043947, Val_Err = 63.78
Epoch: [80 | 100]
Phase:train -- Batch_idx:100/782-- 4742.79 samples/sec-- Loss:0.00 -- Error1:0.02
Phase:train -- Batch_idx:200/782-- 4998.37 samples/sec-- Loss:0.00 -- Error1:0.02
Phase:train -- Batch_idx:300/782-- 5063.90 samples/sec-- Loss:0.00 -- Error1:0.02
Phase:train -- Batch_idx:400/782-- 5089.87 samples/sec-- Loss:0.00 -- Error1:0.02
Phase:train -- Batch_idx:500/782-- 5106.80 samples/sec-- Loss:0.00 -- Error1:0.01
Phase:train -- Batch_idx:600/782-- 5128.94 samples/sec-- Loss:0.00 -- Error1:0.01
Phase:train -- Batch_idx:700/782-- 5144.72 samples/sec-- Loss:0.00 -- Error1:0.01
Train_Loss = 0.004590215899348259, Train_Err = 0.016
Val_Loss = 3.5792332061767578, Val_Err = 63.67
Epoch: [81 | 100]
Phase:train -- Batch_idx:100/782-- 4801.56 samples/sec-- Loss:0.00 -- Error1:0.02
Phase:train -- Batch_idx:200/782-- 5037.76 samples/sec-- Loss:0.00 -- Error1:0.01
Phase:train -- Batch_idx:300/782-- 5116.48 samples/sec-- Loss:0.00 -- Error1:0.02
Phase:train -- Batch_idx:400/782-- 5159.86 samples/sec-- Loss:0.00 -- Error1:0.01
Phase:train -- Batch_idx:500/782-- 5181.38 samples/sec-- Loss:0.00 -- Error1:0.02
Phase:train -- Batch_idx:600/782-- 5187.67 samples/sec-- Loss:0.00 -- Error1:0.02
Phase:train -- Batch_idx:700/782-- 5194.45 samples/sec-- Loss:0.00 -- Error1:0.02
Train_Loss = 0.004694779179096222, Train_Err = 0.016
Val_Loss = 3.57171083984375, Val_Err = 63.67
Epoch: [82 | 100]
Phase:train -- Batch_idx:100/782-- 4802.44 samples/sec-- Loss:0.00 -- Error1:0.04
Phase:train -- Batch_idx:200/782-- 5044.06 samples/sec-- Loss:0.00 -- Error1:0.02
Phase:train -- Batch_idx:300/782-- 5110.07 samples/sec-- Loss:0.00 -- Error1:0.02
Phase:train -- Batch_idx:400/782-- 5066.21 samples/sec-- Loss:0.00 -- Error1:0.02
Phase:train -- Batch_idx:500/782-- 4989.82 samples/sec-- Loss:0.00 -- Error1:0.02
Phase:train -- Batch_idx:600/782-- 4939.19 samples/sec-- Loss:0.00 -- Error1:0.02
Phase:train -- Batch_idx:700/782-- 4904.89 samples/sec-- Loss:0.00 -- Error1:0.02
Train_Loss = 0.004677453489303589, Train_Err = 0.022
Val_Loss = 3.5707339370727538, Val_Err = 63.69
Epoch: [83 | 100]
Phase:train -- Batch_idx:100/782-- 4796.32 samples/sec-- Loss:0.00 -- Error1:0.02
Phase:train -- Batch_idx:200/782-- 5004.09 samples/sec-- Loss:0.00 -- Error1:0.02
Phase:train -- Batch_idx:300/782-- 5071.95 samples/sec-- Loss:0.00 -- Error1:0.02
Phase:train -- Batch_idx:400/782-- 5120.36 samples/sec-- Loss:0.00 -- Error1:0.02
Phase:train -- Batch_idx:500/782-- 5143.62 samples/sec-- Loss:0.00 -- Error1:0.02
Phase:train -- Batch_idx:600/782-- 5167.72 samples/sec-- Loss:0.00 -- Error1:0.02
Phase:train -- Batch_idx:700/782-- 5177.23 samples/sec-- Loss:0.00 -- Error1:0.02
Train_Loss = 0.00463977551728487, Train_Err = 0.017
Val_Loss = 3.567917320251465, Val_Err = 63.77
Epoch: [84 | 100]
Phase:train -- Batch_idx:100/782-- 4781.55 samples/sec-- Loss:0.01 -- Error1:0.05
Phase:train -- Batch_idx:200/782-- 5006.15 samples/sec-- Loss:0.00 -- Error1:0.04
Phase:train -- Batch_idx:300/782-- 5069.13 samples/sec-- Loss:0.00 -- Error1:0.03
Phase:train -- Batch_idx:400/782-- 5097.80 samples/sec-- Loss:0.00 -- Error1:0.03
Phase:train -- Batch_idx:500/782-- 5114.73 samples/sec-- Loss:0.00 -- Error1:0.02
Phase:train -- Batch_idx:600/782-- 5123.16 samples/sec-- Loss:0.00 -- Error1:0.02
Phase:train -- Batch_idx:700/782-- 5128.58 samples/sec-- Loss:0.00 -- Error1:0.02
Train_Loss = 0.004655872256457806, Train_Err = 0.02
Val_Loss = 3.5778862831115723, Val_Err = 63.65
Epoch: [85 | 100]
Phase:train -- Batch_idx:100/782-- 4795.47 samples/sec-- Loss:0.00 -- Error1:0.02
Phase:train -- Batch_idx:200/782-- 5022.60 samples/sec-- Loss:0.00 -- Error1:0.02
Phase:train -- Batch_idx:300/782-- 5082.55 samples/sec-- Loss:0.00 -- Error1:0.02
Phase:train -- Batch_idx:400/782-- 5109.61 samples/sec-- Loss:0.00 -- Error1:0.02
Phase:train -- Batch_idx:500/782-- 5124.54 samples/sec-- Loss:0.00 -- Error1:0.02
Phase:train -- Batch_idx:600/782-- 5135.32 samples/sec-- Loss:0.00 -- Error1:0.02
Phase:train -- Batch_idx:700/782-- 5142.90 samples/sec-- Loss:0.00 -- Error1:0.02
Train_Loss = 0.0046624560379982, Train_Err = 0.025
Val_Loss = 3.5666898880004885, Val_Err = 63.73
Epoch: [86 | 100]
Phase:train -- Batch_idx:100/782-- 4773.94 samples/sec-- Loss:0.00 -- Error1:0.01
Phase:train -- Batch_idx:200/782-- 5029.47 samples/sec-- Loss:0.00 -- Error1:0.02
Phase:train -- Batch_idx:300/782-- 5094.52 samples/sec-- Loss:0.00 -- Error1:0.03
Phase:train -- Batch_idx:400/782-- 5137.89 samples/sec-- Loss:0.00 -- Error1:0.02
Phase:train -- Batch_idx:500/782-- 5038.41 samples/sec-- Loss:0.00 -- Error1:0.02
Phase:train -- Batch_idx:600/782-- 4972.97 samples/sec-- Loss:0.00 -- Error1:0.02
Phase:train -- Batch_idx:700/782-- 4924.76 samples/sec-- Loss:0.00 -- Error1:0.02
Train_Loss = 0.004699265234917403, Train_Err = 0.02
Val_Loss = 3.5700893043518067, Val_Err = 63.62
Epoch: [87 | 100]
Phase:train -- Batch_idx:100/782-- 4712.42 samples/sec-- Loss:0.00 -- Error1:0.04
Phase:train -- Batch_idx:200/782-- 4983.82 samples/sec-- Loss:0.00 -- Error1:0.03
Phase:train -- Batch_idx:300/782-- 5062.48 samples/sec-- Loss:0.00 -- Error1:0.03
Phase:train -- Batch_idx:400/782-- 5095.07 samples/sec-- Loss:0.00 -- Error1:0.02
Phase:train -- Batch_idx:500/782-- 5108.05 samples/sec-- Loss:0.00 -- Error1:0.02
Phase:train -- Batch_idx:600/782-- 5122.01 samples/sec-- Loss:0.00 -- Error1:0.02
Phase:train -- Batch_idx:700/782-- 5144.37 samples/sec-- Loss:0.00 -- Error1:0.02
Train_Loss = 0.004633818000853062, Train_Err = 0.025
Val_Loss = 3.5685436981201173, Val_Err = 63.83
Epoch: [88 | 100]
Phase:train -- Batch_idx:100/782-- 4741.99 samples/sec-- Loss:0.00 -- Error1:0.02
Phase:train -- Batch_idx:200/782-- 5000.41 samples/sec-- Loss:0.00 -- Error1:0.02
Phase:train -- Batch_idx:300/782-- 5078.64 samples/sec-- Loss:0.00 -- Error1:0.02
Phase:train -- Batch_idx:400/782-- 5127.24 samples/sec-- Loss:0.00 -- Error1:0.02
Phase:train -- Batch_idx:500/782-- 5156.35 samples/sec-- Loss:0.00 -- Error1:0.02
Phase:train -- Batch_idx:600/782-- 5175.99 samples/sec-- Loss:0.00 -- Error1:0.02
Phase:train -- Batch_idx:700/782-- 5188.04 samples/sec-- Loss:0.00 -- Error1:0.02
Train_Loss = 0.0046415925131738185, Train_Err = 0.02
Val_Loss = 3.5698571716308596, Val_Err = 63.77
Epoch: [89 | 100]
Phase:train -- Batch_idx:100/782-- 4792.57 samples/sec-- Loss:0.00 -- Error1:0.02
Phase:train -- Batch_idx:200/782-- 5026.69 samples/sec-- Loss:0.00 -- Error1:0.03
Phase:train -- Batch_idx:300/782-- 5110.99 samples/sec-- Loss:0.00 -- Error1:0.02
Phase:train -- Batch_idx:400/782-- 5156.67 samples/sec-- Loss:0.00 -- Error1:0.02
Phase:train -- Batch_idx:500/782-- 5185.88 samples/sec-- Loss:0.00 -- Error1:0.02
Phase:train -- Batch_idx:600/782-- 5202.00 samples/sec-- Loss:0.00 -- Error1:0.02
Phase:train -- Batch_idx:700/782-- 5217.65 samples/sec-- Loss:0.00 -- Error1:0.02
Train_Loss = 0.004640121840834618, Train_Err = 0.018
Val_Loss = 3.565240086364746, Val_Err = 63.64
Epoch: [90 | 100]
Phase:train -- Batch_idx:100/782-- 4739.73 samples/sec-- Loss:0.00 -- Error1:0.02
Phase:train -- Batch_idx:200/782-- 5010.36 samples/sec-- Loss:0.00 -- Error1:0.04
Phase:train -- Batch_idx:300/782-- 5101.94 samples/sec-- Loss:0.00 -- Error1:0.03
Phase:train -- Batch_idx:400/782-- 5150.39 samples/sec-- Loss:0.00 -- Error1:0.02
Phase:train -- Batch_idx:500/782-- 5177.13 samples/sec-- Loss:0.00 -- Error1:0.02
Phase:train -- Batch_idx:600/782-- 5196.15 samples/sec-- Loss:0.00 -- Error1:0.03
Phase:train -- Batch_idx:700/782-- 5210.81 samples/sec-- Loss:0.00 -- Error1:0.03
Train_Loss = 0.004667558677494526, Train_Err = 0.026
Val_Loss = 3.5728271469116213, Val_Err = 63.6
Epoch: [91 | 100]
Phase:train -- Batch_idx:100/782-- 4313.93 samples/sec-- Loss:0.00 -- Error1:0.02
Phase:train -- Batch_idx:200/782-- 4484.16 samples/sec-- Loss:0.00 -- Error1:0.02
Phase:train -- Batch_idx:300/782-- 4632.76 samples/sec-- Loss:0.00 -- Error1:0.01
Phase:train -- Batch_idx:400/782-- 4756.76 samples/sec-- Loss:0.00 -- Error1:0.01
Phase:train -- Batch_idx:500/782-- 4833.79 samples/sec-- Loss:0.00 -- Error1:0.01
Phase:train -- Batch_idx:600/782-- 4885.57 samples/sec-- Loss:0.00 -- Error1:0.02
Phase:train -- Batch_idx:700/782-- 4927.60 samples/sec-- Loss:0.00 -- Error1:0.02
Train_Loss = 0.004586470223367214, Train_Err = 0.018
Val_Loss = 3.5757627410888673, Val_Err = 63.77
Epoch: [92 | 100]
Phase:train -- Batch_idx:100/782-- 4753.43 samples/sec-- Loss:0.00 -- Error1:0.02
Phase:train -- Batch_idx:200/782-- 5012.06 samples/sec-- Loss:0.00 -- Error1:0.02
Phase:train -- Batch_idx:300/782-- 5099.33 samples/sec-- Loss:0.00 -- Error1:0.02
Phase:train -- Batch_idx:400/782-- 5147.63 samples/sec-- Loss:0.00 -- Error1:0.02
Phase:train -- Batch_idx:500/782-- 5175.53 samples/sec-- Loss:0.00 -- Error1:0.02
Phase:train -- Batch_idx:600/782-- 5195.23 samples/sec-- Loss:0.00 -- Error1:0.02
Phase:train -- Batch_idx:700/782-- 5210.99 samples/sec-- Loss:0.00 -- Error1:0.02
Train_Loss = 0.004660618081986904, Train_Err = 0.017
Val_Loss = 3.5683530654907227, Val_Err = 63.71
Epoch: [93 | 100]
Phase:train -- Batch_idx:100/782-- 4742.86 samples/sec-- Loss:0.00 -- Error1:0.02
Phase:train -- Batch_idx:200/782-- 5018.26 samples/sec-- Loss:0.00 -- Error1:0.02
Phase:train -- Batch_idx:300/782-- 5111.07 samples/sec-- Loss:0.00 -- Error1:0.02
Phase:train -- Batch_idx:400/782-- 5151.58 samples/sec-- Loss:0.00 -- Error1:0.01
Phase:train -- Batch_idx:500/782-- 5181.90 samples/sec-- Loss:0.00 -- Error1:0.01
Phase:train -- Batch_idx:600/782-- 5200.01 samples/sec-- Loss:0.00 -- Error1:0.02
Phase:train -- Batch_idx:700/782-- 5216.38 samples/sec-- Loss:0.00 -- Error1:0.02
Train_Loss = 0.004645219300985336, Train_Err = 0.017
Val_Loss = 3.579187361907959, Val_Err = 63.76
Epoch: [94 | 100]
Phase:train -- Batch_idx:100/782-- 4749.96 samples/sec-- Loss:0.00 -- Error1:0.03
Phase:train -- Batch_idx:200/782-- 5015.44 samples/sec-- Loss:0.00 -- Error1:0.02
Phase:train -- Batch_idx:300/782-- 5092.05 samples/sec-- Loss:0.00 -- Error1:0.02
Phase:train -- Batch_idx:400/782-- 5142.69 samples/sec-- Loss:0.00 -- Error1:0.02
Phase:train -- Batch_idx:500/782-- 5170.23 samples/sec-- Loss:0.00 -- Error1:0.02
Phase:train -- Batch_idx:600/782-- 5186.39 samples/sec-- Loss:0.00 -- Error1:0.02
Phase:train -- Batch_idx:700/782-- 5199.83 samples/sec-- Loss:0.00 -- Error1:0.02
Train_Loss = 0.004611177293658257, Train_Err = 0.02
Val_Loss = 3.565503793334961, Val_Err = 63.74
Epoch: [95 | 100]
Phase:train -- Batch_idx:100/782-- 4730.62 samples/sec-- Loss:0.00 -- Error1:0.02
Phase:train -- Batch_idx:200/782-- 4992.32 samples/sec-- Loss:0.00 -- Error1:0.04
Phase:train -- Batch_idx:300/782-- 5088.27 samples/sec-- Loss:0.00 -- Error1:0.02
Phase:train -- Batch_idx:400/782-- 5140.28 samples/sec-- Loss:0.00 -- Error1:0.02
Phase:train -- Batch_idx:500/782-- 5156.62 samples/sec-- Loss:0.00 -- Error1:0.02
Phase:train -- Batch_idx:600/782-- 5166.72 samples/sec-- Loss:0.00 -- Error1:0.02
Phase:train -- Batch_idx:700/782-- 5175.16 samples/sec-- Loss:0.00 -- Error1:0.02
Train_Loss = 0.0046330399149656296, Train_Err = 0.023
Val_Loss = 3.5694562362670896, Val_Err = 63.71
Epoch: [96 | 100]
Phase:train -- Batch_idx:100/782-- 4754.78 samples/sec-- Loss:0.00 -- Error1:0.01
Phase:train -- Batch_idx:200/782-- 5015.79 samples/sec-- Loss:0.00 -- Error1:0.02
Phase:train -- Batch_idx:300/782-- 5104.81 samples/sec-- Loss:0.00 -- Error1:0.01
Phase:train -- Batch_idx:400/782-- 5150.89 samples/sec-- Loss:0.00 -- Error1:0.02
Phase:train -- Batch_idx:500/782-- 5176.87 samples/sec-- Loss:0.00 -- Error1:0.02
Phase:train -- Batch_idx:600/782-- 5197.12 samples/sec-- Loss:0.00 -- Error1:0.02
Phase:train -- Batch_idx:700/782-- 5202.71 samples/sec-- Loss:0.00 -- Error1:0.02
Train_Loss = 0.004597112153470516, Train_Err = 0.022
Val_Loss = 3.568154891204834, Val_Err = 63.72
Epoch: [97 | 100]
Phase:train -- Batch_idx:100/782-- 4745.58 samples/sec-- Loss:0.00 -- Error1:0.03
Phase:train -- Batch_idx:200/782-- 5010.12 samples/sec-- Loss:0.00 -- Error1:0.04
Phase:train -- Batch_idx:300/782-- 5102.54 samples/sec-- Loss:0.00 -- Error1:0.03
Phase:train -- Batch_idx:400/782-- 5148.32 samples/sec-- Loss:0.00 -- Error1:0.03
Phase:train -- Batch_idx:500/782-- 5177.54 samples/sec-- Loss:0.00 -- Error1:0.03
Phase:train -- Batch_idx:600/782-- 5197.63 samples/sec-- Loss:0.00 -- Error1:0.03
Phase:train -- Batch_idx:700/782-- 5211.27 samples/sec-- Loss:0.00 -- Error1:0.02
Train_Loss = 0.004592477751374244, Train_Err = 0.02
Val_Loss = 3.5622155059814453, Val_Err = 63.63
Epoch: [98 | 100]
Phase:train -- Batch_idx:100/782-- 4730.25 samples/sec-- Loss:0.00 -- Error1:0.02
Phase:train -- Batch_idx:200/782-- 5004.41 samples/sec-- Loss:0.00 -- Error1:0.03
Phase:train -- Batch_idx:300/782-- 5090.31 samples/sec-- Loss:0.00 -- Error1:0.03
Phase:train -- Batch_idx:400/782-- 5129.01 samples/sec-- Loss:0.00 -- Error1:0.02
Phase:train -- Batch_idx:500/782-- 5154.27 samples/sec-- Loss:0.00 -- Error1:0.02
Phase:train -- Batch_idx:600/782-- 5173.97 samples/sec-- Loss:0.00 -- Error1:0.02
Phase:train -- Batch_idx:700/782-- 5190.15 samples/sec-- Loss:0.00 -- Error1:0.02
Train_Loss = 0.004627732101678848, Train_Err = 0.02
Val_Loss = 3.55646284866333, Val_Err = 63.56
Epoch: [99 | 100]
Phase:train -- Batch_idx:100/782-- 4730.26 samples/sec-- Loss:0.00 -- Error1:0.00
Phase:train -- Batch_idx:200/782-- 5009.30 samples/sec-- Loss:0.00 -- Error1:0.01
Phase:train -- Batch_idx:300/782-- 5107.93 samples/sec-- Loss:0.00 -- Error1:0.01
Phase:train -- Batch_idx:400/782-- 5051.09 samples/sec-- Loss:0.00 -- Error1:0.01
Phase:train -- Batch_idx:500/782-- 5072.33 samples/sec-- Loss:0.00 -- Error1:0.01
Phase:train -- Batch_idx:600/782-- 5108.62 samples/sec-- Loss:0.00 -- Error1:0.01
Phase:train -- Batch_idx:700/782-- 5132.96 samples/sec-- Loss:0.00 -- Error1:0.02
Train_Loss = 0.004600143430531025, Train_Err = 0.017
Val_Loss = 3.5732356422424316, Val_Err = 63.55
