root: Namespace(batch_size=128, cp_dir='checkpoints/basic_none/cifar10/smooth_out/run_ms_0/pyramidnet_272_8_0.009', depth=272, dtype='cifar10', epochs=300, img_aug='basic_none', learning_rate=0.1, momentum=0.9, mtype='pyramidnet', num_classes=10, seed=0, smooth_out_a=0.009, threads=8, weight_decay=0.0001, width_factor=8)
root: Epoch: [0 | 300]
root: Train_Loss = 1.537075161933899, Train_Err = 55.852
root: Val_Loss = 1.260797381401062, Val_Err = 42.13
root: Epoch: [1 | 300]
root: Train_Loss = 0.861879825592041, Train_Err = 30.632
root: Val_Loss = 0.7890327572822571, Val_Err = 27.21
root: Epoch: [2 | 300]
root: Train_Loss = 0.6178885102272034, Train_Err = 21.344
root: Val_Loss = 0.6762819886207581, Val_Err = 23.31
root: Epoch: [3 | 300]
root: Train_Loss = 0.5050435662269592, Train_Err = 17.372
root: Val_Loss = 0.6957208514213562, Val_Err = 22.26
root: Epoch: [4 | 300]
root: Train_Loss = 0.4265303313732147, Train_Err = 14.782
root: Val_Loss = 0.5468985438346863, Val_Err = 18.29
root: Epoch: [5 | 300]
root: Train_Loss = 0.37729787826538086, Train_Err = 13.07
root: Val_Loss = 0.513418972492218, Val_Err = 17.24
root: Epoch: [6 | 300]
root: Train_Loss = 0.3373401463031769, Train_Err = 11.752
root: Val_Loss = 0.4500197172164917, Val_Err = 15.1
root: Epoch: [7 | 300]
root: Train_Loss = 0.3042352497577667, Train_Err = 10.51
root: Val_Loss = 0.5514381527900696, Val_Err = 17.8
root: Epoch: [8 | 300]
root: Train_Loss = 0.2801549434661865, Train_Err = 9.798
root: Val_Loss = 0.4574816823005676, Val_Err = 14.43
root: Epoch: [9 | 300]
root: Train_Loss = 0.2540338933467865, Train_Err = 8.982
root: Val_Loss = 0.4672643840312958, Val_Err = 14.2
root: Epoch: [10 | 300]
root: Train_Loss = 0.2414545714855194, Train_Err = 8.434
root: Val_Loss = 0.4254704415798187, Val_Err = 13.58
root: Epoch: [11 | 300]
root: Train_Loss = 0.22419628500938416, Train_Err = 7.736
root: Val_Loss = 0.3542284667491913, Val_Err = 11.28
root: Epoch: [12 | 300]
root: Train_Loss = 0.2106931060552597, Train_Err = 7.326
root: Val_Loss = 0.5225633978843689, Val_Err = 15.45
root: Epoch: [13 | 300]
root: Train_Loss = 0.19313257932662964, Train_Err = 6.71
root: Val_Loss = 0.3660930097103119, Val_Err = 11.74
root: Epoch: [14 | 300]
root: Train_Loss = 0.1923922598361969, Train_Err = 6.718
root: Val_Loss = 0.3282434344291687, Val_Err = 10.6
root: Epoch: [15 | 300]
root: Train_Loss = 0.1829267293214798, Train_Err = 6.344
root: Val_Loss = 0.4384901821613312, Val_Err = 13.14
root: Epoch: [16 | 300]
root: Train_Loss = 0.17335808277130127, Train_Err = 6.066
root: Val_Loss = 0.3436487913131714, Val_Err = 10.56
root: Epoch: [17 | 300]
root: Train_Loss = 0.17150194942951202, Train_Err = 5.996
root: Val_Loss = 0.3670213520526886, Val_Err = 11.61
root: Epoch: [18 | 300]
root: Train_Loss = 0.15736645460128784, Train_Err = 5.456
root: Val_Loss = 0.40254876017570496, Val_Err = 12.2
root: Epoch: [19 | 300]
root: Train_Loss = 0.15544088184833527, Train_Err = 5.428
root: Val_Loss = 0.3801833689212799, Val_Err = 11.41
root: Epoch: [20 | 300]
root: Train_Loss = 0.1477215588092804, Train_Err = 5.108
root: Val_Loss = 0.4289327561855316, Val_Err = 12.5
root: Epoch: [21 | 300]
root: Train_Loss = 0.14842712879180908, Train_Err = 5.148
root: Val_Loss = 0.36380666494369507, Val_Err = 10.59
root: Epoch: [22 | 300]
root: Train_Loss = 0.14222659170627594, Train_Err = 4.924
root: Val_Loss = 0.47324231266975403, Val_Err = 13.12
root: Epoch: [23 | 300]
root: Train_Loss = 0.1425034999847412, Train_Err = 4.988
root: Val_Loss = 0.3003731071949005, Val_Err = 9.19
root: Epoch: [24 | 300]
root: Train_Loss = 0.1348639279603958, Train_Err = 4.64
root: Val_Loss = 0.3356251120567322, Val_Err = 9.97
root: Epoch: [25 | 300]
root: Train_Loss = 0.13207215070724487, Train_Err = 4.638
root: Val_Loss = 0.3988240957260132, Val_Err = 11.44
root: Epoch: [26 | 300]
root: Train_Loss = 0.1305823177099228, Train_Err = 4.516
root: Val_Loss = 0.30930086970329285, Val_Err = 9.83
root: Epoch: [27 | 300]
root: Train_Loss = 0.13063515722751617, Train_Err = 4.614
root: Val_Loss = 0.29659226536750793, Val_Err = 9.08
root: Epoch: [28 | 300]
root: Train_Loss = 0.12478382140398026, Train_Err = 4.348
root: Val_Loss = 0.32421648502349854, Val_Err = 9.52
root: Epoch: [29 | 300]
root: Train_Loss = 0.12456081807613373, Train_Err = 4.426
root: Val_Loss = 0.38876235485076904, Val_Err = 11.35
root: Epoch: [30 | 300]
root: Train_Loss = 0.12382762134075165, Train_Err = 4.3
root: Val_Loss = 0.302105188369751, Val_Err = 9.41
root: Epoch: [31 | 300]
root: Train_Loss = 0.12132048606872559, Train_Err = 4.186
root: Val_Loss = 0.2938065826892853, Val_Err = 8.79
root: Epoch: [32 | 300]
root: Train_Loss = 0.11739668995141983, Train_Err = 4.056
root: Val_Loss = 0.2996734380722046, Val_Err = 8.98
root: Epoch: [33 | 300]
root: Train_Loss = 0.11450830101966858, Train_Err = 3.946
root: Val_Loss = 0.36036717891693115, Val_Err = 10.46
root: Epoch: [34 | 300]
root: Train_Loss = 0.11379316449165344, Train_Err = 3.938
root: Val_Loss = 0.30732855200767517, Val_Err = 9.38
root: Epoch: [35 | 300]
root: Train_Loss = 0.11591123044490814, Train_Err = 4.032
root: Val_Loss = 0.29254069924354553, Val_Err = 8.6
root: Epoch: [36 | 300]
root: Train_Loss = 0.11337351053953171, Train_Err = 3.904
root: Val_Loss = 0.3800426423549652, Val_Err = 10.8
root: Epoch: [37 | 300]
root: Train_Loss = 0.11775626987218857, Train_Err = 4.042
root: Val_Loss = 0.30567336082458496, Val_Err = 8.82
root: Epoch: [38 | 300]
root: Train_Loss = 0.10997498780488968, Train_Err = 3.784
root: Val_Loss = 0.34827208518981934, Val_Err = 10.08
root: Epoch: [39 | 300]
root: Train_Loss = 0.1126704290509224, Train_Err = 3.93
root: Val_Loss = 0.29009076952934265, Val_Err = 8.42
root: Epoch: [40 | 300]
root: Train_Loss = 0.10952728241682053, Train_Err = 3.792
root: Val_Loss = 0.2888619899749756, Val_Err = 8.19
root: Epoch: [41 | 300]
root: Train_Loss = 0.10754144936800003, Train_Err = 3.666
root: Val_Loss = 0.28870493173599243, Val_Err = 8.62
root: Epoch: [42 | 300]
root: Train_Loss = 0.10529617220163345, Train_Err = 3.642
root: Val_Loss = 0.2801071107387543, Val_Err = 8.28
root: Epoch: [43 | 300]
root: Train_Loss = 0.10711158066987991, Train_Err = 3.69
root: Val_Loss = 0.28819766640663147, Val_Err = 8.54
root: Epoch: [44 | 300]
root: Train_Loss = 0.10818859934806824, Train_Err = 3.728
root: Val_Loss = 0.3027588427066803, Val_Err = 8.97
root: Epoch: [45 | 300]
root: Train_Loss = 0.10508183389902115, Train_Err = 3.68
root: Val_Loss = 0.2696237862110138, Val_Err = 7.9
root: Epoch: [46 | 300]
root: Train_Loss = 0.1013106107711792, Train_Err = 3.494
root: Val_Loss = 0.30214861035346985, Val_Err = 9.18
root: Epoch: [47 | 300]
root: Train_Loss = 0.10432129353284836, Train_Err = 3.606
root: Val_Loss = 0.2866475284099579, Val_Err = 8.73
root: Epoch: [48 | 300]
root: Train_Loss = 0.09526795893907547, Train_Err = 3.278
root: Val_Loss = 0.30992260575294495, Val_Err = 9.05
root: Epoch: [49 | 300]
root: Train_Loss = 0.09649146348237991, Train_Err = 3.324
root: Val_Loss = 0.2693551778793335, Val_Err = 7.76
root: Epoch: [50 | 300]
root: Train_Loss = 0.104329414665699, Train_Err = 3.666
root: Val_Loss = 0.28983062505722046, Val_Err = 8.24
root: Epoch: [51 | 300]
root: Train_Loss = 0.10015933215618134, Train_Err = 3.486
root: Val_Loss = 0.29807189106941223, Val_Err = 8.75
root: Epoch: [52 | 300]
root: Train_Loss = 0.09889491647481918, Train_Err = 3.494
root: Val_Loss = 0.3089442551136017, Val_Err = 8.91
root: Epoch: [53 | 300]
root: Train_Loss = 0.09800814092159271, Train_Err = 3.486
root: Val_Loss = 0.2982962131500244, Val_Err = 8.52
root: Epoch: [54 | 300]
root: Train_Loss = 0.09672532975673676, Train_Err = 3.326
root: Val_Loss = 0.32094070315361023, Val_Err = 9.25
root: Epoch: [55 | 300]
root: Train_Loss = 0.09682018309831619, Train_Err = 3.432
root: Val_Loss = 0.3192484676837921, Val_Err = 9.36
root: Epoch: [56 | 300]
root: Train_Loss = 0.09612872451543808, Train_Err = 3.398
root: Val_Loss = 0.29777541756629944, Val_Err = 8.05
root: Epoch: [57 | 300]
root: Train_Loss = 0.0939500629901886, Train_Err = 3.304
root: Val_Loss = 0.3526206314563751, Val_Err = 9.95
root: Epoch: [58 | 300]
root: Train_Loss = 0.09367246925830841, Train_Err = 3.268
root: Val_Loss = 0.34186702966690063, Val_Err = 9.29
root: Epoch: [59 | 300]
root: Train_Loss = 0.09673520177602768, Train_Err = 3.442
root: Val_Loss = 0.31162312626838684, Val_Err = 8.96
root: Epoch: [60 | 300]
root: Train_Loss = 0.0902566984295845, Train_Err = 3.106
root: Val_Loss = 0.3795110881328583, Val_Err = 10.12
root: Epoch: [61 | 300]
root: Train_Loss = 0.0947490930557251, Train_Err = 3.254
root: Val_Loss = 0.3130999803543091, Val_Err = 8.82
root: Epoch: [62 | 300]
root: Train_Loss = 0.09038267284631729, Train_Err = 3.108
root: Val_Loss = 0.29173681139945984, Val_Err = 8.16
root: Epoch: [63 | 300]
root: Train_Loss = 0.09006672352552414, Train_Err = 3.03
root: Val_Loss = 0.30201858282089233, Val_Err = 8.9
root: Epoch: [64 | 300]
root: Train_Loss = 0.08845850080251694, Train_Err = 3.064
root: Val_Loss = 0.3407503068447113, Val_Err = 9.63
root: Epoch: [65 | 300]
root: Train_Loss = 0.09539780020713806, Train_Err = 3.326
root: Val_Loss = 0.32739952206611633, Val_Err = 9.09
root: Epoch: [66 | 300]
root: Train_Loss = 0.09189821779727936, Train_Err = 3.14
root: Val_Loss = 0.31100302934646606, Val_Err = 8.75
root: Epoch: [67 | 300]
root: Train_Loss = 0.08679508417844772, Train_Err = 3.144
root: Val_Loss = 0.29509738087654114, Val_Err = 8.63
root: Epoch: [68 | 300]
root: Train_Loss = 0.09148818999528885, Train_Err = 3.12
root: Val_Loss = 0.31986740231513977, Val_Err = 9.23
root: Epoch: [69 | 300]
root: Train_Loss = 0.0913100466132164, Train_Err = 3.126
root: Val_Loss = 0.2974655330181122, Val_Err = 9.13
root: Epoch: [70 | 300]
root: Train_Loss = 0.08966931700706482, Train_Err = 3.254
root: Val_Loss = 0.3877274692058563, Val_Err = 9.7
root: Epoch: [71 | 300]
root: Train_Loss = 0.08548232167959213, Train_Err = 2.916
root: Val_Loss = 0.3277662396430969, Val_Err = 8.82
root: Epoch: [72 | 300]
root: Train_Loss = 0.08319807052612305, Train_Err = 2.882
root: Val_Loss = 0.3412902355194092, Val_Err = 9.18
root: Epoch: [73 | 300]
root: Train_Loss = 0.08832947909832001, Train_Err = 3.088
root: Val_Loss = 0.32565587759017944, Val_Err = 8.94
root: Epoch: [74 | 300]
root: Train_Loss = 0.08625132590532303, Train_Err = 2.962
root: Val_Loss = 0.2906177043914795, Val_Err = 7.95
root: Epoch: [75 | 300]
root: Train_Loss = 0.08763130009174347, Train_Err = 3.08
root: Val_Loss = 0.25742265582084656, Val_Err = 7.49
root: Epoch: [76 | 300]
root: Train_Loss = 0.08457469195127487, Train_Err = 2.86
root: Val_Loss = 0.4255084991455078, Val_Err = 10.71
root: Epoch: [77 | 300]
root: Train_Loss = 0.08569858223199844, Train_Err = 2.958
root: Val_Loss = 0.30149534344673157, Val_Err = 8.53
root: Epoch: [78 | 300]
root: Train_Loss = 0.08546783030033112, Train_Err = 2.928
root: Val_Loss = 0.37081417441368103, Val_Err = 9.58
root: Epoch: [79 | 300]
root: Train_Loss = 0.0856955423951149, Train_Err = 2.954
root: Val_Loss = 0.3328359127044678, Val_Err = 8.99
root: Epoch: [80 | 300]
root: Train_Loss = 0.08327839523553848, Train_Err = 2.89
root: Val_Loss = 0.29416921734809875, Val_Err = 8.53
root: Epoch: [81 | 300]
root: Train_Loss = 0.08921723067760468, Train_Err = 3.102
root: Val_Loss = 0.35285937786102295, Val_Err = 9.74
root: Epoch: [82 | 300]
root: Train_Loss = 0.08158610016107559, Train_Err = 2.822
root: Val_Loss = 0.3769396245479584, Val_Err = 10.3
root: Epoch: [83 | 300]
root: Train_Loss = 0.08419777452945709, Train_Err = 2.978
root: Val_Loss = 0.2963699996471405, Val_Err = 8.3
root: Epoch: [84 | 300]
root: Train_Loss = 0.08252620697021484, Train_Err = 2.892
root: Val_Loss = 0.38429805636405945, Val_Err = 10.04
root: Epoch: [85 | 300]
root: Train_Loss = 0.08147333562374115, Train_Err = 2.772
root: Val_Loss = 0.3017566502094269, Val_Err = 8.63
root: Epoch: [86 | 300]
root: Train_Loss = 0.08180457353591919, Train_Err = 2.784
root: Val_Loss = 0.3568333685398102, Val_Err = 9.39
root: Epoch: [87 | 300]
root: Train_Loss = 0.07613206654787064, Train_Err = 2.63
root: Val_Loss = 0.2743760049343109, Val_Err = 7.85
root: Epoch: [88 | 300]
root: Train_Loss = 0.07911353558301926, Train_Err = 2.746
root: Val_Loss = 0.3254324495792389, Val_Err = 9.53
root: Epoch: [89 | 300]
root: Train_Loss = 0.0791962593793869, Train_Err = 2.754
root: Val_Loss = 0.28520816564559937, Val_Err = 8.08
root: Epoch: [90 | 300]
root: Train_Loss = 0.07891034334897995, Train_Err = 2.68
root: Val_Loss = 0.31317344307899475, Val_Err = 8.65
root: Epoch: [91 | 300]
root: Train_Loss = 0.08519946038722992, Train_Err = 2.98
root: Val_Loss = 0.3228744864463806, Val_Err = 8.96
root: Epoch: [92 | 300]
root: Train_Loss = 0.07543722540140152, Train_Err = 2.542
root: Val_Loss = 0.2736361622810364, Val_Err = 7.69
root: Epoch: [93 | 300]
root: Train_Loss = 0.08370324969291687, Train_Err = 2.952
root: Val_Loss = 0.38593384623527527, Val_Err = 10.23
root: Epoch: [94 | 300]
root: Train_Loss = 0.07793986797332764, Train_Err = 2.69
root: Val_Loss = 0.32150891423225403, Val_Err = 8.23
root: Epoch: [95 | 300]
root: Train_Loss = 0.07463835179805756, Train_Err = 2.532
root: Val_Loss = 0.28295859694480896, Val_Err = 7.88
root: Epoch: [96 | 300]
root: Train_Loss = 0.076767198741436, Train_Err = 2.618
root: Val_Loss = 0.31129491329193115, Val_Err = 8.35
root: Epoch: [97 | 300]
root: Train_Loss = 0.08142449706792831, Train_Err = 2.852
root: Val_Loss = 0.2942441999912262, Val_Err = 7.93
root: Epoch: [98 | 300]
root: Train_Loss = 0.07477220147848129, Train_Err = 2.566
root: Val_Loss = 0.3924940228462219, Val_Err = 9.46
root: Epoch: [99 | 300]
root: Train_Loss = 0.08073628693819046, Train_Err = 2.796
root: Val_Loss = 0.38971295952796936, Val_Err = 10.37
root: Epoch: [100 | 300]
root: Train_Loss = 0.0730970948934555, Train_Err = 2.524
root: Val_Loss = 0.2954733669757843, Val_Err = 8.47
root: Epoch: [101 | 300]
root: Train_Loss = 0.07897882908582687, Train_Err = 2.75
root: Val_Loss = 0.3714824616909027, Val_Err = 9.64
root: Epoch: [102 | 300]
root: Train_Loss = 0.0692681297659874, Train_Err = 2.394
root: Val_Loss = 0.25838014483451843, Val_Err = 7.06
root: Epoch: [103 | 300]
root: Train_Loss = 0.07613148540258408, Train_Err = 2.658
root: Val_Loss = 0.3169558048248291, Val_Err = 8.26
root: Epoch: [104 | 300]
root: Train_Loss = 0.07517920434474945, Train_Err = 2.636
root: Val_Loss = 0.274466872215271, Val_Err = 8.03
root: Epoch: [105 | 300]
root: Train_Loss = 0.07728461921215057, Train_Err = 2.646
root: Val_Loss = 0.33099034428596497, Val_Err = 9.3
root: Epoch: [106 | 300]
root: Train_Loss = 0.07927129417657852, Train_Err = 2.774
root: Val_Loss = 0.2732139229774475, Val_Err = 7.5
root: Epoch: [107 | 300]
root: Train_Loss = 0.07059785723686218, Train_Err = 2.418
root: Val_Loss = 0.2682862877845764, Val_Err = 7.55
root: Epoch: [108 | 300]
root: Train_Loss = 0.07245776802301407, Train_Err = 2.518
root: Val_Loss = 0.24360474944114685, Val_Err = 6.88
root: Epoch: [109 | 300]
root: Train_Loss = 0.07789517939090729, Train_Err = 2.666
root: Val_Loss = 0.2538139224052429, Val_Err = 7.47
root: Epoch: [110 | 300]
root: Train_Loss = 0.07426177710294724, Train_Err = 2.596
root: Val_Loss = 0.27770039439201355, Val_Err = 7.59
root: Epoch: [111 | 300]
root: Train_Loss = 0.07609138637781143, Train_Err = 2.67
root: Val_Loss = 0.30850082635879517, Val_Err = 8.79
root: Epoch: [112 | 300]
root: Train_Loss = 0.07285147905349731, Train_Err = 2.494
root: Val_Loss = 0.2499670535326004, Val_Err = 6.92
root: Epoch: [113 | 300]
root: Train_Loss = 0.07539837807416916, Train_Err = 2.588
root: Val_Loss = 0.2686275541782379, Val_Err = 7.6
root: Epoch: [114 | 300]
root: Train_Loss = 0.0712624192237854, Train_Err = 2.46
root: Val_Loss = 0.26894643902778625, Val_Err = 7.69
root: Epoch: [115 | 300]
root: Train_Loss = 0.07391399890184402, Train_Err = 2.492
root: Val_Loss = 0.3189111351966858, Val_Err = 8.85
root: Epoch: [116 | 300]
root: Train_Loss = 0.06847098469734192, Train_Err = 2.308
root: Val_Loss = 0.3093191385269165, Val_Err = 8.38
root: Epoch: [117 | 300]
root: Train_Loss = 0.07054129987955093, Train_Err = 2.424
root: Val_Loss = 0.3137036859989166, Val_Err = 8.52
root: Epoch: [118 | 300]
root: Train_Loss = 0.07713424414396286, Train_Err = 2.726
root: Val_Loss = 0.3140678405761719, Val_Err = 8.75
root: Epoch: [119 | 300]
root: Train_Loss = 0.06958133727312088, Train_Err = 2.442
root: Val_Loss = 0.2904609441757202, Val_Err = 7.74
root: Epoch: [120 | 300]
root: Train_Loss = 0.06574040651321411, Train_Err = 2.23
root: Val_Loss = 0.24749313294887543, Val_Err = 6.88
root: Epoch: [121 | 300]
root: Train_Loss = 0.07233700156211853, Train_Err = 2.468
root: Val_Loss = 0.39064255356788635, Val_Err = 10.21
root: Epoch: [122 | 300]
root: Train_Loss = 0.07678840309381485, Train_Err = 2.686
root: Val_Loss = 0.36502140760421753, Val_Err = 9.93
root: Epoch: [123 | 300]
root: Train_Loss = 0.07553941011428833, Train_Err = 2.658
root: Val_Loss = 0.35986679792404175, Val_Err = 9.19
root: Epoch: [124 | 300]
root: Train_Loss = 0.06313783675432205, Train_Err = 2.14
root: Val_Loss = 0.28773069381713867, Val_Err = 7.51
root: Epoch: [125 | 300]
root: Train_Loss = 0.07546237856149673, Train_Err = 2.56
root: Val_Loss = 0.2979494035243988, Val_Err = 8.33
root: Epoch: [126 | 300]
root: Train_Loss = 0.0732547864317894, Train_Err = 2.578
root: Val_Loss = 0.29258280992507935, Val_Err = 8.09
root: Epoch: [127 | 300]
root: Train_Loss = 0.06475770473480225, Train_Err = 2.292
root: Val_Loss = 0.29757198691368103, Val_Err = 7.87
root: Epoch: [128 | 300]
root: Train_Loss = 0.07451006770133972, Train_Err = 2.536
root: Val_Loss = 0.2732945382595062, Val_Err = 7.5
root: Epoch: [129 | 300]
root: Train_Loss = 0.0689706802368164, Train_Err = 2.314
root: Val_Loss = 0.2625756561756134, Val_Err = 7.1
root: Epoch: [130 | 300]
root: Train_Loss = 0.06067408621311188, Train_Err = 2.058
root: Val_Loss = 0.2730269134044647, Val_Err = 7.69
root: Epoch: [131 | 300]
root: Train_Loss = 0.07013065367937088, Train_Err = 2.422
root: Val_Loss = 0.2717079818248749, Val_Err = 7.45
root: Epoch: [132 | 300]
root: Train_Loss = 0.07156603783369064, Train_Err = 2.432
root: Val_Loss = 0.25734061002731323, Val_Err = 6.7
root: Epoch: [133 | 300]
root: Train_Loss = 0.06835675984621048, Train_Err = 2.316
root: Val_Loss = 0.3873146176338196, Val_Err = 9.51
root: Epoch: [134 | 300]
root: Train_Loss = 0.0673503428697586, Train_Err = 2.31
root: Val_Loss = 0.3052923083305359, Val_Err = 7.92
root: Epoch: [135 | 300]
root: Train_Loss = 0.0670580342411995, Train_Err = 2.256
root: Val_Loss = 0.3228287696838379, Val_Err = 8.95
root: Epoch: [136 | 300]
root: Train_Loss = 0.07239160686731339, Train_Err = 2.502
root: Val_Loss = 0.32183361053466797, Val_Err = 8.67
root: Epoch: [137 | 300]
root: Train_Loss = 0.06051658093929291, Train_Err = 2.056
root: Val_Loss = 0.2755281329154968, Val_Err = 7.61
root: Epoch: [138 | 300]
root: Train_Loss = 0.07355892658233643, Train_Err = 2.508
root: Val_Loss = 0.38778558373451233, Val_Err = 9.84
root: Epoch: [139 | 300]
root: Train_Loss = 0.06587245315313339, Train_Err = 2.298
root: Val_Loss = 0.2639850080013275, Val_Err = 7.25
root: Epoch: [140 | 300]
root: Train_Loss = 0.06582613289356232, Train_Err = 2.214
root: Val_Loss = 0.2594670355319977, Val_Err = 7.26
root: Epoch: [141 | 300]
root: Train_Loss = 0.07345868647098541, Train_Err = 2.482
root: Val_Loss = 0.3638928234577179, Val_Err = 9.36
root: Epoch: [142 | 300]
root: Train_Loss = 0.06692899018526077, Train_Err = 2.192
root: Val_Loss = 0.3079448640346527, Val_Err = 8.32
root: Epoch: [143 | 300]
root: Train_Loss = 0.06279703229665756, Train_Err = 2.17
root: Val_Loss = 0.2781623601913452, Val_Err = 7.4
root: Epoch: [144 | 300]
root: Train_Loss = 0.0726829245686531, Train_Err = 2.404
root: Val_Loss = 0.2966275215148926, Val_Err = 8.12
root: Epoch: [145 | 300]
root: Train_Loss = 0.0661698505282402, Train_Err = 2.218
root: Val_Loss = 0.3031308650970459, Val_Err = 8.04
root: Epoch: [146 | 300]
root: Train_Loss = 0.06836556643247604, Train_Err = 2.36
root: Val_Loss = 0.2540530860424042, Val_Err = 6.87
root: Epoch: [147 | 300]
root: Train_Loss = 0.06665170937776566, Train_Err = 2.308
root: Val_Loss = 0.29236510396003723, Val_Err = 8.12
root: Epoch: [148 | 300]
root: Train_Loss = 0.06620077788829803, Train_Err = 2.316
root: Val_Loss = 0.2935270071029663, Val_Err = 8.44
root: Epoch: [149 | 300]
root: Train_Loss = 0.06775122880935669, Train_Err = 2.288
root: Val_Loss = 0.24373365938663483, Val_Err = 7.18
root: Epoch: [150 | 300]
root: Train_Loss = 0.023105351254343987, Train_Err = 0.654
root: Val_Loss = 0.15935085713863373, Val_Err = 4.63
root: Epoch: [151 | 300]
root: Train_Loss = 0.009806841611862183, Train_Err = 0.204
root: Val_Loss = 0.15266132354736328, Val_Err = 4.41
root: Epoch: [152 | 300]
root: Train_Loss = 0.007305499631911516, Train_Err = 0.166
root: Val_Loss = 0.14614370465278625, Val_Err = 4.18
root: Epoch: [153 | 300]
root: Train_Loss = 0.005730646196752787, Train_Err = 0.096
root: Val_Loss = 0.14761212468147278, Val_Err = 4.03
root: Epoch: [154 | 300]
root: Train_Loss = 0.004233114887028933, Train_Err = 0.048
root: Val_Loss = 0.14646735787391663, Val_Err = 3.91
root: Epoch: [155 | 300]
root: Train_Loss = 0.0038508791476488113, Train_Err = 0.046
root: Val_Loss = 0.1449246108531952, Val_Err = 3.83
root: Epoch: [156 | 300]
root: Train_Loss = 0.003420483320951462, Train_Err = 0.038
root: Val_Loss = 0.14418888092041016, Val_Err = 3.91
root: Epoch: [157 | 300]
root: Train_Loss = 0.002780297538265586, Train_Err = 0.034
root: Val_Loss = 0.14682838320732117, Val_Err = 3.86
root: Epoch: [158 | 300]
root: Train_Loss = 0.0028587246779352427, Train_Err = 0.026
root: Val_Loss = 0.14828433096408844, Val_Err = 3.88
root: Epoch: [159 | 300]
root: Train_Loss = 0.002566705225035548, Train_Err = 0.024
root: Val_Loss = 0.14843648672103882, Val_Err = 3.87
root: Epoch: [160 | 300]
root: Train_Loss = 0.0025571128353476524, Train_Err = 0.03
root: Val_Loss = 0.1473516821861267, Val_Err = 3.76
root: Epoch: [161 | 300]
root: Train_Loss = 0.0019827885553240776, Train_Err = 0.01
root: Val_Loss = 0.1468939334154129, Val_Err = 3.74
root: Epoch: [162 | 300]
root: Train_Loss = 0.0021380670368671417, Train_Err = 0.02
root: Val_Loss = 0.1467094123363495, Val_Err = 3.68
root: Epoch: [163 | 300]
root: Train_Loss = 0.0017464919947087765, Train_Err = 0.012
root: Val_Loss = 0.14548921585083008, Val_Err = 3.59
root: Epoch: [164 | 300]
root: Train_Loss = 0.0016923979856073856, Train_Err = 0.014
root: Val_Loss = 0.14648529887199402, Val_Err = 3.79
root: Epoch: [165 | 300]
root: Train_Loss = 0.0015086211496964097, Train_Err = 0.004
root: Val_Loss = 0.14610186219215393, Val_Err = 3.6
root: Epoch: [166 | 300]
root: Train_Loss = 0.0016569141298532486, Train_Err = 0.014
root: Val_Loss = 0.14891591668128967, Val_Err = 3.84
root: Epoch: [167 | 300]
root: Train_Loss = 0.0014645354822278023, Train_Err = 0.008
root: Val_Loss = 0.14655426144599915, Val_Err = 3.79
root: Epoch: [168 | 300]
root: Train_Loss = 0.0013927550753578544, Train_Err = 0.002
root: Val_Loss = 0.14667649567127228, Val_Err = 3.71
root: Epoch: [169 | 300]
root: Train_Loss = 0.001577151590026915, Train_Err = 0.014
root: Val_Loss = 0.14873485267162323, Val_Err = 3.7
root: Epoch: [170 | 300]
root: Train_Loss = 0.001415293663740158, Train_Err = 0.014
root: Val_Loss = 0.1458466798067093, Val_Err = 3.59
root: Epoch: [171 | 300]
root: Train_Loss = 0.0012683994136750698, Train_Err = 0.004
root: Val_Loss = 0.14839144051074982, Val_Err = 3.64
root: Epoch: [172 | 300]
root: Train_Loss = 0.0011538329999893904, Train_Err = 0.0
root: Val_Loss = 0.14778703451156616, Val_Err = 3.67
root: Epoch: [173 | 300]
root: Train_Loss = 0.0012515094131231308, Train_Err = 0.006
root: Val_Loss = 0.1475190818309784, Val_Err = 3.5
root: Epoch: [174 | 300]
root: Train_Loss = 0.0012389679905027151, Train_Err = 0.004
root: Val_Loss = 0.14863397181034088, Val_Err = 3.72
root: Epoch: [175 | 300]
root: Train_Loss = 0.0011095359222963452, Train_Err = 0.004
root: Val_Loss = 0.14719094336032867, Val_Err = 3.61
root: Epoch: [176 | 300]
root: Train_Loss = 0.0012120450846850872, Train_Err = 0.004
root: Val_Loss = 0.1471434235572815, Val_Err = 3.64
root: Epoch: [177 | 300]
root: Train_Loss = 0.0011364762904122472, Train_Err = 0.002
root: Val_Loss = 0.14661772549152374, Val_Err = 3.54
root: Epoch: [178 | 300]
root: Train_Loss = 0.0010344363981857896, Train_Err = 0.004
root: Val_Loss = 0.14959591627120972, Val_Err = 3.78
root: Epoch: [179 | 300]
root: Train_Loss = 0.0010839203605428338, Train_Err = 0.0
root: Val_Loss = 0.1462458223104477, Val_Err = 3.53
root: Epoch: [180 | 300]
root: Train_Loss = 0.0011551149655133486, Train_Err = 0.01
root: Val_Loss = 0.15045490860939026, Val_Err = 3.58
root: Epoch: [181 | 300]
root: Train_Loss = 0.001033787615597248, Train_Err = 0.004
root: Val_Loss = 0.14775218069553375, Val_Err = 3.55
root: Epoch: [182 | 300]
root: Train_Loss = 0.0010058259358629584, Train_Err = 0.0
root: Val_Loss = 0.14898213744163513, Val_Err = 3.64
root: Epoch: [183 | 300]
root: Train_Loss = 0.0011073265923187137, Train_Err = 0.01
root: Val_Loss = 0.14752158522605896, Val_Err = 3.54
root: Epoch: [184 | 300]
root: Train_Loss = 0.0010464490624144673, Train_Err = 0.004
root: Val_Loss = 0.1488850861787796, Val_Err = 3.61
root: Epoch: [185 | 300]
root: Train_Loss = 0.0010135745396837592, Train_Err = 0.0
root: Val_Loss = 0.1474003791809082, Val_Err = 3.46
root: Epoch: [186 | 300]
root: Train_Loss = 0.0009570339461788535, Train_Err = 0.002
root: Val_Loss = 0.14764715731143951, Val_Err = 3.48
root: Epoch: [187 | 300]
root: Train_Loss = 0.0009852246148511767, Train_Err = 0.008
root: Val_Loss = 0.14784957468509674, Val_Err = 3.5
root: Epoch: [188 | 300]
root: Train_Loss = 0.000986761413514614, Train_Err = 0.008
root: Val_Loss = 0.14706401526927948, Val_Err = 3.46
root: Epoch: [189 | 300]
root: Train_Loss = 0.001041274517774582, Train_Err = 0.004
root: Val_Loss = 0.14587652683258057, Val_Err = 3.49
root: Epoch: [190 | 300]
root: Train_Loss = 0.0010558255016803741, Train_Err = 0.004
root: Val_Loss = 0.14734534919261932, Val_Err = 3.48
root: Epoch: [191 | 300]
root: Train_Loss = 0.0009741006069816649, Train_Err = 0.004
root: Val_Loss = 0.14579707384109497, Val_Err = 3.48
root: Epoch: [192 | 300]
root: Train_Loss = 0.000872432894539088, Train_Err = 0.002
root: Val_Loss = 0.14571017026901245, Val_Err = 3.47
root: Epoch: [193 | 300]
root: Train_Loss = 0.0008532412466593087, Train_Err = 0.0
root: Val_Loss = 0.14639292657375336, Val_Err = 3.51
root: Epoch: [194 | 300]
root: Train_Loss = 0.0008363542729057372, Train_Err = 0.002
root: Val_Loss = 0.14583230018615723, Val_Err = 3.57
root: Epoch: [195 | 300]
root: Train_Loss = 0.0008970180060714483, Train_Err = 0.0
root: Val_Loss = 0.14737848937511444, Val_Err = 3.53
root: Epoch: [196 | 300]
root: Train_Loss = 0.0008318768232129514, Train_Err = 0.0
root: Val_Loss = 0.14766909182071686, Val_Err = 3.54
root: Epoch: [197 | 300]
root: Train_Loss = 0.0008374889730475843, Train_Err = 0.004
root: Val_Loss = 0.14626701176166534, Val_Err = 3.46
root: Epoch: [198 | 300]
root: Train_Loss = 0.0008255645516328514, Train_Err = 0.0
root: Val_Loss = 0.14484015107154846, Val_Err = 3.44
root: Epoch: [199 | 300]
root: Train_Loss = 0.0007941706571727991, Train_Err = 0.004
root: Val_Loss = 0.14672143757343292, Val_Err = 3.52
root: Epoch: [200 | 300]
root: Train_Loss = 0.0008406781707890332, Train_Err = 0.002
root: Val_Loss = 0.14634238183498383, Val_Err = 3.39
root: Epoch: [201 | 300]
root: Train_Loss = 0.0007925175013951957, Train_Err = 0.002
root: Val_Loss = 0.14725245535373688, Val_Err = 3.5
root: Epoch: [202 | 300]
root: Train_Loss = 0.0007777136052027345, Train_Err = 0.0
root: Val_Loss = 0.15101344883441925, Val_Err = 3.51
root: Epoch: [203 | 300]
root: Train_Loss = 0.0007676922250539064, Train_Err = 0.0
root: Val_Loss = 0.14800794422626495, Val_Err = 3.43
root: Epoch: [204 | 300]
root: Train_Loss = 0.0008262260816991329, Train_Err = 0.002
root: Val_Loss = 0.15201131999492645, Val_Err = 3.53
root: Epoch: [205 | 300]
root: Train_Loss = 0.0008040383690968156, Train_Err = 0.002
root: Val_Loss = 0.14765767753124237, Val_Err = 3.45
root: Epoch: [206 | 300]
root: Train_Loss = 0.0008373256423510611, Train_Err = 0.002
root: Val_Loss = 0.1490868777036667, Val_Err = 3.41
root: Epoch: [207 | 300]
root: Train_Loss = 0.0008279227185994387, Train_Err = 0.002
root: Val_Loss = 0.1519109159708023, Val_Err = 3.5
root: Epoch: [208 | 300]
root: Train_Loss = 0.0007989254663698375, Train_Err = 0.002
root: Val_Loss = 0.15082091093063354, Val_Err = 3.53
root: Epoch: [209 | 300]
root: Train_Loss = 0.0007469311822205782, Train_Err = 0.0
root: Val_Loss = 0.1505638062953949, Val_Err = 3.44
root: Epoch: [210 | 300]
root: Train_Loss = 0.0008024049457162619, Train_Err = 0.002
root: Val_Loss = 0.15020500123500824, Val_Err = 3.46
root: Epoch: [211 | 300]
root: Train_Loss = 0.0008525036391802132, Train_Err = 0.002
root: Val_Loss = 0.15359829366207123, Val_Err = 3.45
root: Epoch: [212 | 300]
root: Train_Loss = 0.000773302570451051, Train_Err = 0.0
root: Val_Loss = 0.15300174057483673, Val_Err = 3.58
root: Epoch: [213 | 300]
root: Train_Loss = 0.0007372673135250807, Train_Err = 0.0
root: Val_Loss = 0.15300019085407257, Val_Err = 3.5
root: Epoch: [214 | 300]
root: Train_Loss = 0.0007490829448215663, Train_Err = 0.002
root: Val_Loss = 0.15172238647937775, Val_Err = 3.43
root: Epoch: [215 | 300]
root: Train_Loss = 0.0007323975441977382, Train_Err = 0.0
root: Val_Loss = 0.1513196974992752, Val_Err = 3.43
root: Epoch: [216 | 300]
root: Train_Loss = 0.0007202427368611097, Train_Err = 0.0
root: Val_Loss = 0.15117551386356354, Val_Err = 3.36
root: Epoch: [217 | 300]
root: Train_Loss = 0.0007483699591830373, Train_Err = 0.002
root: Val_Loss = 0.15227478742599487, Val_Err = 3.39
root: Epoch: [218 | 300]
root: Train_Loss = 0.0008098880643956363, Train_Err = 0.006
root: Val_Loss = 0.15686635673046112, Val_Err = 3.42
root: Epoch: [219 | 300]
root: Train_Loss = 0.0007381312316283584, Train_Err = 0.002
root: Val_Loss = 0.15717868506908417, Val_Err = 3.6
root: Epoch: [220 | 300]
root: Train_Loss = 0.0007905844831839204, Train_Err = 0.0
root: Val_Loss = 0.15452024340629578, Val_Err = 3.39
root: Epoch: [221 | 300]
root: Train_Loss = 0.000746637349948287, Train_Err = 0.0
root: Val_Loss = 0.15602807700634003, Val_Err = 3.49
root: Epoch: [222 | 300]
root: Train_Loss = 0.0006908531649969518, Train_Err = 0.002
root: Val_Loss = 0.15611740946769714, Val_Err = 3.44
root: Epoch: [223 | 300]
root: Train_Loss = 0.0007333427201956511, Train_Err = 0.002
root: Val_Loss = 0.1553775817155838, Val_Err = 3.42
root: Epoch: [224 | 300]
root: Train_Loss = 0.0007803659536875784, Train_Err = 0.008
root: Val_Loss = 0.15521712601184845, Val_Err = 3.5
root: Epoch: [225 | 300]
root: Train_Loss = 0.0007402347982861102, Train_Err = 0.002
root: Val_Loss = 0.1556631475687027, Val_Err = 3.55
root: Epoch: [226 | 300]
root: Train_Loss = 0.0007063599186949432, Train_Err = 0.002
root: Val_Loss = 0.15548202395439148, Val_Err = 3.49
root: Epoch: [227 | 300]
root: Train_Loss = 0.0007190101314336061, Train_Err = 0.0
root: Val_Loss = 0.1548980325460434, Val_Err = 3.5
root: Epoch: [228 | 300]
root: Train_Loss = 0.0007159769302234054, Train_Err = 0.004
root: Val_Loss = 0.15401630103588104, Val_Err = 3.47
root: Epoch: [229 | 300]
root: Train_Loss = 0.000695642433129251, Train_Err = 0.002
root: Val_Loss = 0.15382686257362366, Val_Err = 3.5
root: Epoch: [230 | 300]
root: Train_Loss = 0.0006747040897607803, Train_Err = 0.0
root: Val_Loss = 0.15625335276126862, Val_Err = 3.54
root: Epoch: [231 | 300]
root: Train_Loss = 0.0006595386075787246, Train_Err = 0.0
root: Val_Loss = 0.15551111102104187, Val_Err = 3.49
root: Epoch: [232 | 300]
root: Train_Loss = 0.000673271541018039, Train_Err = 0.002
root: Val_Loss = 0.155046746134758, Val_Err = 3.42
root: Epoch: [233 | 300]
root: Train_Loss = 0.0007748813950456679, Train_Err = 0.002
root: Val_Loss = 0.1558413952589035, Val_Err = 3.42
root: Epoch: [234 | 300]
root: Train_Loss = 0.0006889280048198998, Train_Err = 0.0
root: Val_Loss = 0.1528453677892685, Val_Err = 3.41
root: Epoch: [235 | 300]
root: Train_Loss = 0.0006861377623863518, Train_Err = 0.0
root: Val_Loss = 0.15620183944702148, Val_Err = 3.55
root: Epoch: [236 | 300]
root: Train_Loss = 0.0007506668916903436, Train_Err = 0.006
root: Val_Loss = 0.15620490908622742, Val_Err = 3.49
root: Epoch: [237 | 300]
root: Train_Loss = 0.0007216238300316036, Train_Err = 0.002
root: Val_Loss = 0.15559953451156616, Val_Err = 3.47
root: Epoch: [238 | 300]
root: Train_Loss = 0.0006755866925232112, Train_Err = 0.002
root: Val_Loss = 0.1561753898859024, Val_Err = 3.39
root: Epoch: [239 | 300]
root: Train_Loss = 0.0007165633141994476, Train_Err = 0.0
root: Val_Loss = 0.153302401304245, Val_Err = 3.45
root: Epoch: [240 | 300]
root: Train_Loss = 0.0006793561624363065, Train_Err = 0.002
root: Val_Loss = 0.15566159784793854, Val_Err = 3.59
root: Epoch: [241 | 300]
root: Train_Loss = 0.0006340550608001649, Train_Err = 0.0
root: Val_Loss = 0.15433718264102936, Val_Err = 3.52
root: Epoch: [242 | 300]
root: Train_Loss = 0.000749430968426168, Train_Err = 0.006
root: Val_Loss = 0.15473924577236176, Val_Err = 3.49
root: Epoch: [243 | 300]
root: Train_Loss = 0.0006728919106535614, Train_Err = 0.0
root: Val_Loss = 0.15534885227680206, Val_Err = 3.47
root: Epoch: [244 | 300]
root: Train_Loss = 0.0006724167615175247, Train_Err = 0.0
root: Val_Loss = 0.1568012535572052, Val_Err = 3.51
root: Epoch: [245 | 300]
root: Train_Loss = 0.0006789561011828482, Train_Err = 0.0
root: Val_Loss = 0.155695840716362, Val_Err = 3.47
root: Epoch: [246 | 300]
root: Train_Loss = 0.0007198123494163156, Train_Err = 0.006
root: Val_Loss = 0.15505146980285645, Val_Err = 3.46
root: Epoch: [247 | 300]
root: Train_Loss = 0.0006256627384573221, Train_Err = 0.002
root: Val_Loss = 0.15762019157409668, Val_Err = 3.61
root: Epoch: [248 | 300]
root: Train_Loss = 0.0006576062878593802, Train_Err = 0.0
root: Val_Loss = 0.15551237761974335, Val_Err = 3.39
root: Epoch: [249 | 300]
root: Train_Loss = 0.0006545844953507185, Train_Err = 0.0
root: Val_Loss = 0.15438416600227356, Val_Err = 3.43
root: Epoch: [250 | 300]
root: Train_Loss = 0.0006740093813277781, Train_Err = 0.0
root: Val_Loss = 0.15723033249378204, Val_Err = 3.45
root: Epoch: [251 | 300]
root: Train_Loss = 0.0006658467464148998, Train_Err = 0.002
root: Val_Loss = 0.1551046222448349, Val_Err = 3.48
root: Epoch: [252 | 300]
root: Train_Loss = 0.0006546512595377862, Train_Err = 0.002
root: Val_Loss = 0.1551901400089264, Val_Err = 3.47
root: Epoch: [253 | 300]
root: Train_Loss = 0.0006578909233212471, Train_Err = 0.002
root: Val_Loss = 0.15314865112304688, Val_Err = 3.48
root: Epoch: [254 | 300]
root: Train_Loss = 0.0007554339244961739, Train_Err = 0.002
root: Val_Loss = 0.15499089658260345, Val_Err = 3.42
root: Epoch: [255 | 300]
root: Train_Loss = 0.0006230996805243194, Train_Err = 0.0
root: Val_Loss = 0.15429013967514038, Val_Err = 3.38
root: Epoch: [256 | 300]
root: Train_Loss = 0.0007118677604012191, Train_Err = 0.004
root: Val_Loss = 0.15632247924804688, Val_Err = 3.51
root: Epoch: [257 | 300]
root: Train_Loss = 0.0006683295941911638, Train_Err = 0.0
root: Val_Loss = 0.1527208834886551, Val_Err = 3.41
root: Epoch: [258 | 300]
root: Train_Loss = 0.0006593904108740389, Train_Err = 0.002
root: Val_Loss = 0.1539521962404251, Val_Err = 3.45
root: Epoch: [259 | 300]
root: Train_Loss = 0.0006718728691339493, Train_Err = 0.0
root: Val_Loss = 0.15472649037837982, Val_Err = 3.5
root: Epoch: [260 | 300]
root: Train_Loss = 0.0006804240983910859, Train_Err = 0.0
root: Val_Loss = 0.15657396614551544, Val_Err = 3.48
root: Epoch: [261 | 300]
root: Train_Loss = 0.0006333852070383728, Train_Err = 0.0
root: Val_Loss = 0.15284153819084167, Val_Err = 3.48
root: Epoch: [262 | 300]
root: Train_Loss = 0.00068709347397089, Train_Err = 0.002
root: Val_Loss = 0.15603405237197876, Val_Err = 3.5
root: Epoch: [263 | 300]
root: Train_Loss = 0.000675547868013382, Train_Err = 0.0
root: Val_Loss = 0.1561698168516159, Val_Err = 3.45
root: Epoch: [264 | 300]
root: Train_Loss = 0.0006501393509097397, Train_Err = 0.0
root: Val_Loss = 0.15534964203834534, Val_Err = 3.49
root: Epoch: [265 | 300]
root: Train_Loss = 0.0006815611850470304, Train_Err = 0.002
root: Val_Loss = 0.15458813309669495, Val_Err = 3.47
root: Epoch: [266 | 300]
root: Train_Loss = 0.0006299982778728008, Train_Err = 0.0
root: Val_Loss = 0.15380029380321503, Val_Err = 3.48
root: Epoch: [267 | 300]
root: Train_Loss = 0.000654565286822617, Train_Err = 0.002
root: Val_Loss = 0.1573069840669632, Val_Err = 3.44
root: Epoch: [268 | 300]
root: Train_Loss = 0.0006819982663728297, Train_Err = 0.002
root: Val_Loss = 0.154767706990242, Val_Err = 3.41
root: Epoch: [269 | 300]
root: Train_Loss = 0.0006554466090165079, Train_Err = 0.0
root: Val_Loss = 0.1548338532447815, Val_Err = 3.46
root: Epoch: [270 | 300]
root: Train_Loss = 0.0006387758767232299, Train_Err = 0.002
root: Val_Loss = 0.15629078447818756, Val_Err = 3.61
root: Epoch: [271 | 300]
root: Train_Loss = 0.000629742513410747, Train_Err = 0.0
root: Val_Loss = 0.15616080164909363, Val_Err = 3.45
root: Epoch: [272 | 300]
root: Train_Loss = 0.0006454125978052616, Train_Err = 0.002
root: Val_Loss = 0.15611717104911804, Val_Err = 3.5
root: Epoch: [273 | 300]
root: Train_Loss = 0.0006358612445183098, Train_Err = 0.002
root: Val_Loss = 0.15752248466014862, Val_Err = 3.51
root: Epoch: [274 | 300]
root: Train_Loss = 0.0006873052916489542, Train_Err = 0.002
root: Val_Loss = 0.15507212281227112, Val_Err = 3.47
root: Epoch: [275 | 300]
root: Train_Loss = 0.0006342881824821234, Train_Err = 0.0
root: Val_Loss = 0.15599101781845093, Val_Err = 3.46
root: Epoch: [276 | 300]
root: Train_Loss = 0.0006308784941211343, Train_Err = 0.0
root: Val_Loss = 0.15721113979816437, Val_Err = 3.53
root: Epoch: [277 | 300]
root: Train_Loss = 0.0006542825722135603, Train_Err = 0.002
root: Val_Loss = 0.15658067166805267, Val_Err = 3.49
root: Epoch: [278 | 300]
root: Train_Loss = 0.000706720631569624, Train_Err = 0.004
root: Val_Loss = 0.15427328646183014, Val_Err = 3.45
root: Epoch: [279 | 300]
root: Train_Loss = 0.0006033707759343088, Train_Err = 0.0
root: Val_Loss = 0.15604111552238464, Val_Err = 3.45
root: Epoch: [280 | 300]
root: Train_Loss = 0.0006507242214865983, Train_Err = 0.0
root: Val_Loss = 0.1565948724746704, Val_Err = 3.47
root: Epoch: [281 | 300]
root: Train_Loss = 0.0006655250326730311, Train_Err = 0.002
root: Val_Loss = 0.15593144297599792, Val_Err = 3.45
root: Epoch: [282 | 300]
root: Train_Loss = 0.0006526574725285172, Train_Err = 0.002
root: Val_Loss = 0.15610352158546448, Val_Err = 3.56
root: Epoch: [283 | 300]
root: Train_Loss = 0.0006090451497584581, Train_Err = 0.0
root: Val_Loss = 0.1561235934495926, Val_Err = 3.47
root: Epoch: [284 | 300]
root: Train_Loss = 0.0006454495014622808, Train_Err = 0.0
root: Val_Loss = 0.15712414681911469, Val_Err = 3.57
root: Epoch: [285 | 300]
root: Train_Loss = 0.0006366095039993525, Train_Err = 0.0
root: Val_Loss = 0.15678001940250397, Val_Err = 3.47
root: Epoch: [286 | 300]
root: Train_Loss = 0.0005998109118081629, Train_Err = 0.0
root: Val_Loss = 0.15441085398197174, Val_Err = 3.46
root: Epoch: [287 | 300]
root: Train_Loss = 0.000627777655608952, Train_Err = 0.0
root: Val_Loss = 0.15498661994934082, Val_Err = 3.52
root: Epoch: [288 | 300]
root: Train_Loss = 0.0007273707306012511, Train_Err = 0.002
root: Val_Loss = 0.15885858237743378, Val_Err = 3.54
root: Epoch: [289 | 300]
root: Train_Loss = 0.0006454205140471458, Train_Err = 0.002
root: Val_Loss = 0.15489019453525543, Val_Err = 3.41
root: Epoch: [290 | 300]
root: Train_Loss = 0.000587654416449368, Train_Err = 0.0
root: Val_Loss = 0.1552402675151825, Val_Err = 3.45
root: Epoch: [291 | 300]
root: Train_Loss = 0.0006718269432894886, Train_Err = 0.0
root: Val_Loss = 0.15644361078739166, Val_Err = 3.53
root: Epoch: [292 | 300]
root: Train_Loss = 0.0006157397874630988, Train_Err = 0.0
root: Val_Loss = 0.1558740884065628, Val_Err = 3.51
root: Epoch: [293 | 300]
root: Train_Loss = 0.0005964729934930801, Train_Err = 0.0
root: Val_Loss = 0.15666264295578003, Val_Err = 3.47
root: Epoch: [294 | 300]
root: Train_Loss = 0.0006286906427703798, Train_Err = 0.0
root: Val_Loss = 0.15793421864509583, Val_Err = 3.46
root: Epoch: [295 | 300]
root: Train_Loss = 0.0005953856743872166, Train_Err = 0.0
root: Val_Loss = 0.15508349239826202, Val_Err = 3.51
root: Epoch: [296 | 300]
root: Train_Loss = 0.0006313424673862755, Train_Err = 0.0
root: Val_Loss = 0.15898729860782623, Val_Err = 3.57
root: Epoch: [297 | 300]
root: Train_Loss = 0.0006148570100776851, Train_Err = 0.0
root: Val_Loss = 0.157707080245018, Val_Err = 3.48
root: Epoch: [298 | 300]
root: Train_Loss = 0.0006204074015840888, Train_Err = 0.002
root: Val_Loss = 0.15450844168663025, Val_Err = 3.46
root: Epoch: [299 | 300]
root: Train_Loss = 0.0006648605922237039, Train_Err = 0.0
root: Val_Loss = 0.15643590688705444, Val_Err = 3.4
