root: Namespace(batch_size=128, cp_dir='checkpoints/autoaugment_cutout/cifar100/sgd/run_ms_1/pyramidnet_110/run0', depth=110, dtype='cifar100', epochs=300, img_aug='autoaugment_cutout', learning_rate=0.5, momentum=0.9, mtype='pyramidnet', num_classes=100, resume=None, seed=1, threads=8, weight_decay=0.0001, width_factor=10)
root: Epoch: [0 | 300]
root: Train_Loss = 4.227163791656494, Train_Err = 94.364
root: Val_Loss = 3.8960814476013184, Val_Err = 89.76
root: Epoch: [1 | 300]
root: Train_Loss = 3.7547435760498047, Train_Err = 87.252
root: Val_Loss = 3.139638662338257, Val_Err = 77.8
root: Epoch: [2 | 300]
root: Train_Loss = 3.1237759590148926, Train_Err = 76.93
root: Val_Loss = 2.8831379413604736, Val_Err = 71.46
root: Epoch: [3 | 300]
root: Train_Loss = 2.6885931491851807, Train_Err = 68.502
root: Val_Loss = 2.25113582611084, Val_Err = 60.24
root: Epoch: [4 | 300]
root: Train_Loss = 2.392773151397705, Train_Err = 62.29
root: Val_Loss = 2.1090087890625, Val_Err = 56.6
root: Epoch: [5 | 300]
root: Train_Loss = 2.1977121829986572, Train_Err = 58.1
root: Val_Loss = 1.9240776300430298, Val_Err = 51.92
root: Epoch: [6 | 300]
root: Train_Loss = 2.0532243251800537, Train_Err = 54.88
root: Val_Loss = 1.7976020574569702, Val_Err = 49.18
root: Epoch: [7 | 300]
root: Train_Loss = 1.9476072788238525, Train_Err = 52.24
root: Val_Loss = 1.7808845043182373, Val_Err = 47.68
root: Epoch: [8 | 300]
root: Train_Loss = 1.8713080883026123, Train_Err = 50.296
root: Val_Loss = 1.6418763399124146, Val_Err = 44.41
root: Epoch: [9 | 300]
root: Train_Loss = 1.7983466386795044, Train_Err = 48.572
root: Val_Loss = 1.7445390224456787, Val_Err = 46.11
root: Epoch: [10 | 300]
root: Train_Loss = 1.745151400566101, Train_Err = 47.432
root: Val_Loss = 1.7115246057510376, Val_Err = 46.34
root: Epoch: [11 | 300]
root: Train_Loss = 1.6975940465927124, Train_Err = 46.296
root: Val_Loss = 1.522231936454773, Val_Err = 42.26
root: Epoch: [12 | 300]
root: Train_Loss = 1.6675076484680176, Train_Err = 45.58
root: Val_Loss = 1.6081907749176025, Val_Err = 43.19
root: Epoch: [13 | 300]
root: Train_Loss = 1.6354296207427979, Train_Err = 44.86
root: Val_Loss = 1.575148344039917, Val_Err = 43.47
root: Epoch: [14 | 300]
root: Train_Loss = 1.5950796604156494, Train_Err = 43.698
root: Val_Loss = 1.6787774562835693, Val_Err = 43.82
root: Epoch: [15 | 300]
root: Train_Loss = 1.5823769569396973, Train_Err = 43.202
root: Val_Loss = 1.341486930847168, Val_Err = 38.59
root: Epoch: [16 | 300]
root: Train_Loss = 1.5467557907104492, Train_Err = 42.642
root: Val_Loss = 1.4618401527404785, Val_Err = 40.32
root: Epoch: [17 | 300]
root: Train_Loss = 1.526807188987732, Train_Err = 42.234
root: Val_Loss = 1.37934410572052, Val_Err = 39.26
root: Epoch: [18 | 300]
root: Train_Loss = 1.5118365287780762, Train_Err = 41.536
root: Val_Loss = 1.4034559726715088, Val_Err = 39.32
root: Epoch: [19 | 300]
root: Train_Loss = 1.4937143325805664, Train_Err = 41.13
root: Val_Loss = 1.3584524393081665, Val_Err = 38.04
root: Epoch: [20 | 300]
root: Train_Loss = 1.482713222503662, Train_Err = 40.824
root: Val_Loss = 1.3648598194122314, Val_Err = 37.89
root: Epoch: [21 | 300]
root: Train_Loss = 1.4727895259857178, Train_Err = 40.81
root: Val_Loss = 1.6220910549163818, Val_Err = 43.87
root: Epoch: [22 | 300]
root: Train_Loss = 1.4513299465179443, Train_Err = 40.086
root: Val_Loss = 1.4785168170928955, Val_Err = 41.62
root: Epoch: [23 | 300]
root: Train_Loss = 1.4403482675552368, Train_Err = 39.792
root: Val_Loss = 1.3360600471496582, Val_Err = 37.45
root: Epoch: [24 | 300]
root: Train_Loss = 1.4345508813858032, Train_Err = 39.702
root: Val_Loss = 1.3717917203903198, Val_Err = 38.7
root: Epoch: [25 | 300]
root: Train_Loss = 1.4294757843017578, Train_Err = 39.802
root: Val_Loss = 1.4012494087219238, Val_Err = 38.75
root: Epoch: [26 | 300]
root: Train_Loss = 1.4179246425628662, Train_Err = 39.248
root: Val_Loss = 1.4352829456329346, Val_Err = 39.12
root: Epoch: [27 | 300]
root: Train_Loss = 1.4037131071090698, Train_Err = 39.092
root: Val_Loss = 1.3859336376190186, Val_Err = 38.48
root: Epoch: [28 | 300]
root: Train_Loss = 1.4000426530838013, Train_Err = 38.718
root: Val_Loss = 1.4652472734451294, Val_Err = 39.16
root: Epoch: [29 | 300]
root: Train_Loss = 1.3922005891799927, Train_Err = 38.53
root: Val_Loss = 1.4265875816345215, Val_Err = 38.09
root: Epoch: [30 | 300]
root: Train_Loss = 1.3842295408248901, Train_Err = 38.47
root: Val_Loss = 1.2606631517410278, Val_Err = 36.05
root: Epoch: [31 | 300]
root: Train_Loss = 1.383131980895996, Train_Err = 38.406
root: Val_Loss = 1.404180884361267, Val_Err = 38.05
root: Epoch: [32 | 300]
root: Train_Loss = 1.367330551147461, Train_Err = 38.196
root: Val_Loss = 1.247799038887024, Val_Err = 35.11
root: Epoch: [33 | 300]
root: Train_Loss = 1.3651963472366333, Train_Err = 37.952
root: Val_Loss = 1.3784652948379517, Val_Err = 37.64
root: Epoch: [34 | 300]
root: Train_Loss = 1.3526698350906372, Train_Err = 37.684
root: Val_Loss = 1.4159762859344482, Val_Err = 38.85
root: Epoch: [35 | 300]
root: Train_Loss = 1.35078763961792, Train_Err = 37.762
root: Val_Loss = 1.3615530729293823, Val_Err = 37.18
root: Epoch: [36 | 300]
root: Train_Loss = 1.3462988138198853, Train_Err = 37.834
root: Val_Loss = 1.3475580215454102, Val_Err = 37.42
root: Epoch: [37 | 300]
root: Train_Loss = 1.3441988229751587, Train_Err = 37.338
root: Val_Loss = 1.5567047595977783, Val_Err = 41.27
root: Epoch: [38 | 300]
root: Train_Loss = 1.3407816886901855, Train_Err = 37.578
root: Val_Loss = 1.2412372827529907, Val_Err = 35.14
root: Epoch: [39 | 300]
root: Train_Loss = 1.3409265279769897, Train_Err = 37.404
root: Val_Loss = 1.4071087837219238, Val_Err = 38.06
root: Epoch: [40 | 300]
root: Train_Loss = 1.3298990726470947, Train_Err = 37.122
root: Val_Loss = 1.4385203123092651, Val_Err = 39.35
root: Epoch: [41 | 300]
root: Train_Loss = 1.3308461904525757, Train_Err = 37.236
root: Val_Loss = 1.4783936738967896, Val_Err = 39.14
root: Epoch: [42 | 300]
root: Train_Loss = 1.3320831060409546, Train_Err = 37.27
root: Val_Loss = 1.2602641582489014, Val_Err = 36.07
root: Epoch: [43 | 300]
root: Train_Loss = 1.3253754377365112, Train_Err = 36.986
root: Val_Loss = 1.358150839805603, Val_Err = 36.86
root: Epoch: [44 | 300]
root: Train_Loss = 1.3201322555541992, Train_Err = 36.828
root: Val_Loss = 1.6372827291488647, Val_Err = 41.36
root: Epoch: [45 | 300]
root: Train_Loss = 1.3214621543884277, Train_Err = 36.624
root: Val_Loss = 1.3964431285858154, Val_Err = 37.57
root: Epoch: [46 | 300]
root: Train_Loss = 1.3160383701324463, Train_Err = 36.888
root: Val_Loss = 1.4116432666778564, Val_Err = 38.35
root: Epoch: [47 | 300]
root: Train_Loss = 1.3157811164855957, Train_Err = 36.826
root: Val_Loss = 1.3784819841384888, Val_Err = 36.89
root: Epoch: [48 | 300]
root: Train_Loss = 1.3033664226531982, Train_Err = 36.636
root: Val_Loss = 1.4504759311676025, Val_Err = 38.69
root: Epoch: [49 | 300]
root: Train_Loss = 1.3146711587905884, Train_Err = 36.776
root: Val_Loss = 1.367335319519043, Val_Err = 36.8
root: Epoch: [50 | 300]
root: Train_Loss = 1.308095097541809, Train_Err = 36.718
root: Val_Loss = 1.285605788230896, Val_Err = 35.45
root: Epoch: [51 | 300]
root: Train_Loss = 1.3033626079559326, Train_Err = 36.486
root: Val_Loss = 1.2808384895324707, Val_Err = 34.8
root: Epoch: [52 | 300]
root: Train_Loss = 1.3087372779846191, Train_Err = 36.544
root: Val_Loss = 1.2743090391159058, Val_Err = 34.55
root: Epoch: [53 | 300]
root: Train_Loss = 1.3037277460098267, Train_Err = 36.386
root: Val_Loss = 1.4647290706634521, Val_Err = 37.91
root: Epoch: [54 | 300]
root: Train_Loss = 1.2942633628845215, Train_Err = 36.072
root: Val_Loss = 1.3344711065292358, Val_Err = 37.01
root: Epoch: [55 | 300]
root: Train_Loss = 1.2989890575408936, Train_Err = 36.716
root: Val_Loss = 1.394629716873169, Val_Err = 36.92
root: Epoch: [56 | 300]
root: Train_Loss = 1.2891294956207275, Train_Err = 36.314
root: Val_Loss = 1.256933569908142, Val_Err = 34.86
root: Epoch: [57 | 300]
root: Train_Loss = 1.2884093523025513, Train_Err = 36.054
root: Val_Loss = 1.3759151697158813, Val_Err = 36.84
root: Epoch: [58 | 300]
root: Train_Loss = 1.2944204807281494, Train_Err = 36.182
root: Val_Loss = 1.4080195426940918, Val_Err = 37.65
root: Epoch: [59 | 300]
root: Train_Loss = 1.2885890007019043, Train_Err = 36.018
root: Val_Loss = 1.2716503143310547, Val_Err = 34.43
root: Epoch: [60 | 300]
root: Train_Loss = 1.2859326601028442, Train_Err = 35.99
root: Val_Loss = 1.301252007484436, Val_Err = 35.42
root: Epoch: [61 | 300]
root: Train_Loss = 1.2852451801300049, Train_Err = 35.916
root: Val_Loss = 1.2710015773773193, Val_Err = 35.18
root: Epoch: [62 | 300]
root: Train_Loss = 1.2893654108047485, Train_Err = 36.07
root: Val_Loss = 1.294223666191101, Val_Err = 35.41
root: Epoch: [63 | 300]
root: Train_Loss = 1.2775607109069824, Train_Err = 36.01
root: Val_Loss = 1.4074275493621826, Val_Err = 37.65
root: Epoch: [64 | 300]
root: Train_Loss = 1.2808992862701416, Train_Err = 35.866
root: Val_Loss = 1.332175612449646, Val_Err = 36.81
root: Epoch: [65 | 300]
root: Train_Loss = 1.2796927690505981, Train_Err = 35.874
root: Val_Loss = 1.2101908922195435, Val_Err = 34.35
root: Epoch: [66 | 300]
root: Train_Loss = 1.2705506086349487, Train_Err = 35.742
root: Val_Loss = 1.589240312576294, Val_Err = 39.03
root: Epoch: [67 | 300]
root: Train_Loss = 1.274371862411499, Train_Err = 35.832
root: Val_Loss = 1.3276350498199463, Val_Err = 35.88
root: Epoch: [68 | 300]
root: Train_Loss = 1.2808023691177368, Train_Err = 35.756
root: Val_Loss = 1.2936700582504272, Val_Err = 35.18
root: Epoch: [69 | 300]
root: Train_Loss = 1.2855056524276733, Train_Err = 35.952
root: Val_Loss = 1.2260841131210327, Val_Err = 33.49
root: Epoch: [70 | 300]
root: Train_Loss = 1.2778204679489136, Train_Err = 35.898
root: Val_Loss = 1.3274006843566895, Val_Err = 35.69
root: Epoch: [71 | 300]
root: Train_Loss = 1.2809401750564575, Train_Err = 35.792
root: Val_Loss = 1.3163068294525146, Val_Err = 35.93
root: Epoch: [72 | 300]
root: Train_Loss = 1.2663065195083618, Train_Err = 35.504
root: Val_Loss = 1.2351491451263428, Val_Err = 34.3
root: Epoch: [73 | 300]
root: Train_Loss = 1.2697491645812988, Train_Err = 35.536
root: Val_Loss = 1.2790369987487793, Val_Err = 35.05
root: Epoch: [74 | 300]
root: Train_Loss = 1.271020531654358, Train_Err = 35.8
root: Val_Loss = 1.3233006000518799, Val_Err = 36.37
root: Epoch: [75 | 300]
root: Train_Loss = 1.2695788145065308, Train_Err = 35.616
root: Val_Loss = 1.4634177684783936, Val_Err = 38.82
root: Epoch: [76 | 300]
root: Train_Loss = 1.2623151540756226, Train_Err = 35.434
root: Val_Loss = 1.2819446325302124, Val_Err = 36.38
root: Epoch: [77 | 300]
root: Train_Loss = 1.2649586200714111, Train_Err = 35.524
root: Val_Loss = 1.4763965606689453, Val_Err = 39.06
root: Epoch: [78 | 300]
root: Train_Loss = 1.264155626296997, Train_Err = 35.44
root: Val_Loss = 1.2676411867141724, Val_Err = 34.57
root: Epoch: [79 | 300]
root: Train_Loss = 1.2705068588256836, Train_Err = 35.384
root: Val_Loss = 1.364920973777771, Val_Err = 36.37
root: Epoch: [80 | 300]
root: Train_Loss = 1.2587999105453491, Train_Err = 35.456
root: Val_Loss = 1.304925560951233, Val_Err = 35.55
root: Epoch: [81 | 300]
root: Train_Loss = 1.2793818712234497, Train_Err = 35.81
root: Val_Loss = 1.3768922090530396, Val_Err = 37.1
root: Epoch: [82 | 300]
root: Train_Loss = 1.26570725440979, Train_Err = 35.544
root: Val_Loss = 1.3327186107635498, Val_Err = 35.46
root: Epoch: [83 | 300]
root: Train_Loss = 1.2660621404647827, Train_Err = 35.544
root: Val_Loss = 1.3005666732788086, Val_Err = 35.99
root: Epoch: [84 | 300]
root: Train_Loss = 1.257171630859375, Train_Err = 35.184
root: Val_Loss = 1.2912062406539917, Val_Err = 35.54
root: Epoch: [85 | 300]
root: Train_Loss = 1.2572755813598633, Train_Err = 35.51
root: Val_Loss = 1.392330288887024, Val_Err = 36.97
root: Epoch: [86 | 300]
root: Train_Loss = 1.2675317525863647, Train_Err = 35.438
root: Val_Loss = 1.3611177206039429, Val_Err = 36.72
root: Epoch: [87 | 300]
root: Train_Loss = 1.256943702697754, Train_Err = 35.272
root: Val_Loss = 1.2966217994689941, Val_Err = 36.24
root: Epoch: [88 | 300]
root: Train_Loss = 1.2713674306869507, Train_Err = 35.506
root: Val_Loss = 1.2853431701660156, Val_Err = 35.4
root: Epoch: [89 | 300]
root: Train_Loss = 1.2599400281906128, Train_Err = 35.474
root: Val_Loss = 1.3747748136520386, Val_Err = 37.05
root: Epoch: [90 | 300]
root: Train_Loss = 1.251715898513794, Train_Err = 34.992
root: Val_Loss = 1.243363857269287, Val_Err = 34.78
root: Epoch: [91 | 300]
root: Train_Loss = 1.2670551538467407, Train_Err = 35.622
root: Val_Loss = 1.2887413501739502, Val_Err = 35.72
root: Epoch: [92 | 300]
root: Train_Loss = 1.263400673866272, Train_Err = 35.4
root: Val_Loss = 1.5757149457931519, Val_Err = 40.4
root: Epoch: [93 | 300]
root: Train_Loss = 1.2542849779129028, Train_Err = 35.212
root: Val_Loss = 1.242241621017456, Val_Err = 34.58
root: Epoch: [94 | 300]
root: Train_Loss = 1.2535054683685303, Train_Err = 35.18
root: Val_Loss = 1.2021777629852295, Val_Err = 34.27
root: Epoch: [95 | 300]
root: Train_Loss = 1.2529287338256836, Train_Err = 34.85
root: Val_Loss = 1.290010929107666, Val_Err = 35.7
root: Epoch: [96 | 300]
root: Train_Loss = 1.2609423398971558, Train_Err = 35.408
root: Val_Loss = 1.224894642829895, Val_Err = 33.9
root: Epoch: [97 | 300]
root: Train_Loss = 1.2625850439071655, Train_Err = 35.436
root: Val_Loss = 1.4148149490356445, Val_Err = 37.33
root: Epoch: [98 | 300]
root: Train_Loss = 1.261798620223999, Train_Err = 35.46
root: Val_Loss = 1.3335528373718262, Val_Err = 36.3
root: Epoch: [99 | 300]
root: Train_Loss = 1.255332112312317, Train_Err = 35.182
root: Val_Loss = 1.328765630722046, Val_Err = 35.92
root: Epoch: [100 | 300]
root: Train_Loss = 1.257816195487976, Train_Err = 35.12
root: Val_Loss = 1.4001377820968628, Val_Err = 37.36
root: Epoch: [101 | 300]
root: Train_Loss = 1.2542688846588135, Train_Err = 35.306
root: Val_Loss = 1.2646129131317139, Val_Err = 34.31
root: Epoch: [102 | 300]
root: Train_Loss = 1.2628614902496338, Train_Err = 35.492
root: Val_Loss = 1.390202522277832, Val_Err = 37.95
root: Epoch: [103 | 300]
root: Train_Loss = 1.2538866996765137, Train_Err = 35.192
root: Val_Loss = 1.443103313446045, Val_Err = 38.62
root: Epoch: [104 | 300]
root: Train_Loss = 1.2554250955581665, Train_Err = 35.33
root: Val_Loss = 1.3110888004302979, Val_Err = 35.7
root: Epoch: [105 | 300]
root: Train_Loss = 1.2477666139602661, Train_Err = 35.032
root: Val_Loss = 1.2976182699203491, Val_Err = 35.5
root: Epoch: [106 | 300]
root: Train_Loss = 1.2538646459579468, Train_Err = 35.382
root: Val_Loss = 1.3757147789001465, Val_Err = 37.86
root: Epoch: [107 | 300]
root: Train_Loss = 1.2504627704620361, Train_Err = 35.26
root: Val_Loss = 1.4485398530960083, Val_Err = 38.64
root: Epoch: [108 | 300]
root: Train_Loss = 1.2584450244903564, Train_Err = 35.172
root: Val_Loss = 1.6301851272583008, Val_Err = 41.86
root: Epoch: [109 | 300]
root: Train_Loss = 1.256418228149414, Train_Err = 35.148
root: Val_Loss = 1.1986571550369263, Val_Err = 33.54
root: Epoch: [110 | 300]
root: Train_Loss = 1.2454910278320312, Train_Err = 34.772
root: Val_Loss = 1.3839106559753418, Val_Err = 36.58
root: Epoch: [111 | 300]
root: Train_Loss = 1.2575215101242065, Train_Err = 35.262
root: Val_Loss = 1.2339363098144531, Val_Err = 33.87
root: Epoch: [112 | 300]
root: Train_Loss = 1.248980164527893, Train_Err = 35.084
root: Val_Loss = 1.308579683303833, Val_Err = 35.64
root: Epoch: [113 | 300]
root: Train_Loss = 1.2457002401351929, Train_Err = 34.838
root: Val_Loss = 1.2711305618286133, Val_Err = 35.63
root: Epoch: [114 | 300]
root: Train_Loss = 1.24733304977417, Train_Err = 34.938
root: Val_Loss = 1.349195122718811, Val_Err = 35.72
root: Epoch: [115 | 300]
root: Train_Loss = 1.2579841613769531, Train_Err = 35.208
root: Val_Loss = 1.4084396362304688, Val_Err = 37.97
root: Epoch: [116 | 300]
root: Train_Loss = 1.2538422346115112, Train_Err = 35.212
root: Val_Loss = 1.294091820716858, Val_Err = 34.77
root: Epoch: [117 | 300]
root: Train_Loss = 1.2523348331451416, Train_Err = 35.304
root: Val_Loss = 1.3777996301651, Val_Err = 36.1
root: Epoch: [118 | 300]
root: Train_Loss = 1.2464773654937744, Train_Err = 34.822
root: Val_Loss = 1.4466283321380615, Val_Err = 37.34
root: Epoch: [119 | 300]
root: Train_Loss = 1.2571572065353394, Train_Err = 35.296
root: Val_Loss = 1.341566801071167, Val_Err = 36.33
root: Epoch: [120 | 300]
root: Train_Loss = 1.2489081621170044, Train_Err = 34.968
root: Val_Loss = 1.2685691118240356, Val_Err = 34.27
root: Epoch: [121 | 300]
root: Train_Loss = 1.2496336698532104, Train_Err = 35.136
root: Val_Loss = 1.412615180015564, Val_Err = 37.18
root: Epoch: [122 | 300]
root: Train_Loss = 1.247323989868164, Train_Err = 35.074
root: Val_Loss = 1.3739509582519531, Val_Err = 37.0
root: Epoch: [123 | 300]
root: Train_Loss = 1.2455044984817505, Train_Err = 34.67
root: Val_Loss = 1.3767929077148438, Val_Err = 36.32
root: Epoch: [124 | 300]
root: Train_Loss = 1.2454701662063599, Train_Err = 34.818
root: Val_Loss = 1.3748303651809692, Val_Err = 36.9
root: Epoch: [125 | 300]
root: Train_Loss = 1.2545101642608643, Train_Err = 35.272
root: Val_Loss = 1.4685028791427612, Val_Err = 37.89
root: Epoch: [126 | 300]
root: Train_Loss = 1.2528440952301025, Train_Err = 35.202
root: Val_Loss = 1.2615669965744019, Val_Err = 35.24
root: Epoch: [127 | 300]
root: Train_Loss = 1.2458542585372925, Train_Err = 34.964
root: Val_Loss = 1.3048646450042725, Val_Err = 34.9
root: Epoch: [128 | 300]
root: Train_Loss = 1.2472032308578491, Train_Err = 35.08
root: Val_Loss = 1.3003681898117065, Val_Err = 35.68
root: Epoch: [129 | 300]
root: Train_Loss = 1.244568109512329, Train_Err = 34.966
root: Val_Loss = 1.1970241069793701, Val_Err = 33.15
root: Epoch: [130 | 300]
root: Train_Loss = 1.2524826526641846, Train_Err = 35.176
root: Val_Loss = 1.2919718027114868, Val_Err = 35.87
root: Epoch: [131 | 300]
root: Train_Loss = 1.2456730604171753, Train_Err = 35.086
root: Val_Loss = 1.339208722114563, Val_Err = 36.07
root: Epoch: [132 | 300]
root: Train_Loss = 1.237796425819397, Train_Err = 34.942
root: Val_Loss = 1.288826584815979, Val_Err = 35.64
root: Epoch: [133 | 300]
root: Train_Loss = 1.2498692274093628, Train_Err = 35.136
root: Val_Loss = 1.2974233627319336, Val_Err = 35.12
root: Epoch: [134 | 300]
root: Train_Loss = 1.2428745031356812, Train_Err = 34.872
root: Val_Loss = 1.4272040128707886, Val_Err = 37.61
root: Epoch: [135 | 300]
root: Train_Loss = 1.2552610635757446, Train_Err = 35.176
root: Val_Loss = 1.3311097621917725, Val_Err = 36.89
root: Epoch: [136 | 300]
root: Train_Loss = 1.2440696954727173, Train_Err = 34.818
root: Val_Loss = 1.3375036716461182, Val_Err = 36.08
root: Epoch: [137 | 300]
root: Train_Loss = 1.252467155456543, Train_Err = 34.99
root: Val_Loss = 1.3580284118652344, Val_Err = 37.27
root: Epoch: [138 | 300]
root: Train_Loss = 1.2413723468780518, Train_Err = 34.794
root: Val_Loss = 1.504769206047058, Val_Err = 39.61
root: Epoch: [139 | 300]
root: Train_Loss = 1.242900013923645, Train_Err = 34.97
root: Val_Loss = 1.429473876953125, Val_Err = 38.05
root: Epoch: [140 | 300]
root: Train_Loss = 1.253192663192749, Train_Err = 35.454
root: Val_Loss = 1.2893999814987183, Val_Err = 36.11
root: Epoch: [141 | 300]
root: Train_Loss = 1.2505757808685303, Train_Err = 35.066
root: Val_Loss = 1.3517615795135498, Val_Err = 36.21
root: Epoch: [142 | 300]
root: Train_Loss = 1.246387004852295, Train_Err = 34.656
root: Val_Loss = 1.5780096054077148, Val_Err = 41.04
root: Epoch: [143 | 300]
root: Train_Loss = 1.24443519115448, Train_Err = 34.878
root: Val_Loss = 1.2406892776489258, Val_Err = 34.36
root: Epoch: [144 | 300]
root: Train_Loss = 1.2406940460205078, Train_Err = 34.868
root: Val_Loss = 1.3193236589431763, Val_Err = 36.1
root: Epoch: [145 | 300]
root: Train_Loss = 1.2481112480163574, Train_Err = 34.928
root: Val_Loss = 1.3555684089660645, Val_Err = 36.54
root: Epoch: [146 | 300]
root: Train_Loss = 1.2478268146514893, Train_Err = 34.908
root: Val_Loss = 1.249750018119812, Val_Err = 34.68
root: Epoch: [147 | 300]
root: Train_Loss = 1.245478868484497, Train_Err = 34.972
root: Val_Loss = 1.4270583391189575, Val_Err = 38.8
root: Epoch: [148 | 300]
root: Train_Loss = 1.2478737831115723, Train_Err = 35.068
root: Val_Loss = 1.2648265361785889, Val_Err = 34.04
root: Epoch: [149 | 300]
root: Train_Loss = 1.2508039474487305, Train_Err = 35.012
root: Val_Loss = 1.397854208946228, Val_Err = 37.54
root: Epoch: [150 | 300]
root: Train_Loss = 0.8164101243019104, Train_Err = 23.442
root: Val_Loss = 0.7086392641067505, Val_Err = 20.68
root: Epoch: [151 | 300]
root: Train_Loss = 0.6554850339889526, Train_Err = 18.76
root: Val_Loss = 0.6829718351364136, Val_Err = 19.67
root: Epoch: [152 | 300]
root: Train_Loss = 0.6021221280097961, Train_Err = 17.538
root: Val_Loss = 0.6818342208862305, Val_Err = 19.64
root: Epoch: [153 | 300]
root: Train_Loss = 0.563852846622467, Train_Err = 16.4
root: Val_Loss = 0.6786075234413147, Val_Err = 19.58
root: Epoch: [154 | 300]
root: Train_Loss = 0.5290495753288269, Train_Err = 15.666
root: Val_Loss = 0.6668515205383301, Val_Err = 18.77
root: Epoch: [155 | 300]
root: Train_Loss = 0.5024667382240295, Train_Err = 14.692
root: Val_Loss = 0.6809520125389099, Val_Err = 19.33
root: Epoch: [156 | 300]
root: Train_Loss = 0.4768270254135132, Train_Err = 13.768
root: Val_Loss = 0.6740792393684387, Val_Err = 19.11
root: Epoch: [157 | 300]
root: Train_Loss = 0.4605143666267395, Train_Err = 13.38
root: Val_Loss = 0.6908206343650818, Val_Err = 19.15
root: Epoch: [158 | 300]
root: Train_Loss = 0.4298243224620819, Train_Err = 12.446
root: Val_Loss = 0.7024893164634705, Val_Err = 19.04
root: Epoch: [159 | 300]
root: Train_Loss = 0.4220815598964691, Train_Err = 12.202
root: Val_Loss = 0.7150301337242126, Val_Err = 19.19
root: Epoch: [160 | 300]
root: Train_Loss = 0.4074048697948456, Train_Err = 11.782
root: Val_Loss = 0.7145112752914429, Val_Err = 18.89
root: Epoch: [161 | 300]
root: Train_Loss = 0.41306155920028687, Train_Err = 11.984
root: Val_Loss = 0.7216991782188416, Val_Err = 19.18
root: Epoch: [162 | 300]
root: Train_Loss = 0.3922242820262909, Train_Err = 11.356
root: Val_Loss = 0.7349954843521118, Val_Err = 19.65
root: Epoch: [163 | 300]
root: Train_Loss = 0.39182931184768677, Train_Err = 11.326
root: Val_Loss = 0.764600396156311, Val_Err = 19.76
root: Epoch: [164 | 300]
root: Train_Loss = 0.3838191628456116, Train_Err = 11.258
root: Val_Loss = 0.7287760376930237, Val_Err = 19.2
root: Epoch: [165 | 300]
root: Train_Loss = 0.3758920729160309, Train_Err = 10.88
root: Val_Loss = 0.750044047832489, Val_Err = 19.75
root: Epoch: [166 | 300]
root: Train_Loss = 0.3773913085460663, Train_Err = 10.692
root: Val_Loss = 0.762285590171814, Val_Err = 20.07
root: Epoch: [167 | 300]
root: Train_Loss = 0.3691040575504303, Train_Err = 10.46
root: Val_Loss = 0.7410618662834167, Val_Err = 19.43
root: Epoch: [168 | 300]
root: Train_Loss = 0.36023929715156555, Train_Err = 10.384
root: Val_Loss = 0.7938636541366577, Val_Err = 20.48
root: Epoch: [169 | 300]
root: Train_Loss = 0.3620036244392395, Train_Err = 10.362
root: Val_Loss = 0.7849088907241821, Val_Err = 20.57
root: Epoch: [170 | 300]
root: Train_Loss = 0.3555678427219391, Train_Err = 10.134
root: Val_Loss = 0.7697167992591858, Val_Err = 19.96
root: Epoch: [171 | 300]
root: Train_Loss = 0.35614925622940063, Train_Err = 10.412
root: Val_Loss = 0.7841817736625671, Val_Err = 20.26
root: Epoch: [172 | 300]
root: Train_Loss = 0.3500002920627594, Train_Err = 10.044
root: Val_Loss = 0.8074964880943298, Val_Err = 20.72
root: Epoch: [173 | 300]
root: Train_Loss = 0.3455285429954529, Train_Err = 9.868
root: Val_Loss = 0.7899047136306763, Val_Err = 20.62
root: Epoch: [174 | 300]
root: Train_Loss = 0.3438607454299927, Train_Err = 9.864
root: Val_Loss = 0.8038065433502197, Val_Err = 20.32
root: Epoch: [175 | 300]
root: Train_Loss = 0.3510655462741852, Train_Err = 10.02
root: Val_Loss = 0.8025327324867249, Val_Err = 20.6
root: Epoch: [176 | 300]
root: Train_Loss = 0.3567467927932739, Train_Err = 10.208
root: Val_Loss = 0.8461677432060242, Val_Err = 21.32
root: Epoch: [177 | 300]
root: Train_Loss = 0.344621866941452, Train_Err = 9.796
root: Val_Loss = 0.8471313118934631, Val_Err = 21.2
root: Epoch: [178 | 300]
root: Train_Loss = 0.3438674211502075, Train_Err = 9.9
root: Val_Loss = 0.8092716932296753, Val_Err = 20.45
root: Epoch: [179 | 300]
root: Train_Loss = 0.3509298861026764, Train_Err = 10.074
root: Val_Loss = 0.7936312556266785, Val_Err = 20.81
root: Epoch: [180 | 300]
root: Train_Loss = 0.35233911871910095, Train_Err = 10.056
root: Val_Loss = 0.8229519128799438, Val_Err = 20.36
root: Epoch: [181 | 300]
root: Train_Loss = 0.3514113128185272, Train_Err = 10.186
root: Val_Loss = 0.843037486076355, Val_Err = 21.06
root: Epoch: [182 | 300]
root: Train_Loss = 0.3528077304363251, Train_Err = 9.98
root: Val_Loss = 0.8261586427688599, Val_Err = 20.75
root: Epoch: [183 | 300]
root: Train_Loss = 0.3455270230770111, Train_Err = 9.896
root: Val_Loss = 0.8473383784294128, Val_Err = 21.54
root: Epoch: [184 | 300]
root: Train_Loss = 0.35589370131492615, Train_Err = 10.184
root: Val_Loss = 0.88044673204422, Val_Err = 21.7
root: Epoch: [185 | 300]
root: Train_Loss = 0.3605436384677887, Train_Err = 10.214
root: Val_Loss = 0.8626543879508972, Val_Err = 21.79
root: Epoch: [186 | 300]
root: Train_Loss = 0.35369113087654114, Train_Err = 10.14
root: Val_Loss = 0.8787941336631775, Val_Err = 22.16
root: Epoch: [187 | 300]
root: Train_Loss = 0.34592753648757935, Train_Err = 9.788
root: Val_Loss = 0.8853127956390381, Val_Err = 21.62
root: Epoch: [188 | 300]
root: Train_Loss = 0.3481605350971222, Train_Err = 9.95
root: Val_Loss = 0.8509111404418945, Val_Err = 21.55
root: Epoch: [189 | 300]
root: Train_Loss = 0.34524255990982056, Train_Err = 9.81
root: Val_Loss = 0.8599428534507751, Val_Err = 21.19
root: Epoch: [190 | 300]
root: Train_Loss = 0.3519742786884308, Train_Err = 10.008
root: Val_Loss = 0.9058151841163635, Val_Err = 22.03
root: Epoch: [191 | 300]
root: Train_Loss = 0.3420726954936981, Train_Err = 9.842
root: Val_Loss = 0.9087458848953247, Val_Err = 22.26
root: Epoch: [192 | 300]
root: Train_Loss = 0.34380432963371277, Train_Err = 9.888
root: Val_Loss = 0.8768823146820068, Val_Err = 21.48
root: Epoch: [193 | 300]
root: Train_Loss = 0.34915703535079956, Train_Err = 10.052
root: Val_Loss = 0.864343523979187, Val_Err = 21.87
root: Epoch: [194 | 300]
root: Train_Loss = 0.34890440106391907, Train_Err = 10.012
root: Val_Loss = 0.9166868925094604, Val_Err = 22.51
root: Epoch: [195 | 300]
root: Train_Loss = 0.345805823802948, Train_Err = 9.89
root: Val_Loss = 0.8484842777252197, Val_Err = 21.15
root: Epoch: [196 | 300]
root: Train_Loss = 0.3464575409889221, Train_Err = 9.93
root: Val_Loss = 0.9436840415000916, Val_Err = 22.46
root: Epoch: [197 | 300]
root: Train_Loss = 0.3502439260482788, Train_Err = 10.078
root: Val_Loss = 0.9055418968200684, Val_Err = 22.94
root: Epoch: [198 | 300]
root: Train_Loss = 0.3411165177822113, Train_Err = 9.81
root: Val_Loss = 0.9144083857536316, Val_Err = 22.5
root: Epoch: [199 | 300]
root: Train_Loss = 0.3563525676727295, Train_Err = 10.274
root: Val_Loss = 0.8618922829627991, Val_Err = 22.1
root: Epoch: [200 | 300]
root: Train_Loss = 0.3379967212677002, Train_Err = 9.726
root: Val_Loss = 0.9161291718482971, Val_Err = 22.42
root: Epoch: [201 | 300]
root: Train_Loss = 0.3474385142326355, Train_Err = 10.082
root: Val_Loss = 0.8969394564628601, Val_Err = 22.05
root: Epoch: [202 | 300]
root: Train_Loss = 0.3366280496120453, Train_Err = 9.65
root: Val_Loss = 0.9228772521018982, Val_Err = 22.61
root: Epoch: [203 | 300]
root: Train_Loss = 0.342794805765152, Train_Err = 9.928
root: Val_Loss = 0.8771227598190308, Val_Err = 22.36
root: Epoch: [204 | 300]
root: Train_Loss = 0.34774330258369446, Train_Err = 9.982
root: Val_Loss = 0.9434766173362732, Val_Err = 23.47
root: Epoch: [205 | 300]
root: Train_Loss = 0.3434429466724396, Train_Err = 9.752
root: Val_Loss = 0.8638336658477783, Val_Err = 21.74
root: Epoch: [206 | 300]
root: Train_Loss = 0.336895227432251, Train_Err = 9.602
root: Val_Loss = 0.8733106255531311, Val_Err = 21.4
root: Epoch: [207 | 300]
root: Train_Loss = 0.3341576159000397, Train_Err = 9.516
root: Val_Loss = 0.933181643486023, Val_Err = 22.6
root: Epoch: [208 | 300]
root: Train_Loss = 0.33783459663391113, Train_Err = 9.764
root: Val_Loss = 0.9042189121246338, Val_Err = 22.16
root: Epoch: [209 | 300]
root: Train_Loss = 0.3425169587135315, Train_Err = 9.75
root: Val_Loss = 0.8940591812133789, Val_Err = 22.2
root: Epoch: [210 | 300]
root: Train_Loss = 0.3365551233291626, Train_Err = 9.642
root: Val_Loss = 0.9154183268547058, Val_Err = 22.06
root: Epoch: [211 | 300]
root: Train_Loss = 0.3366023600101471, Train_Err = 9.712
root: Val_Loss = 0.8938583731651306, Val_Err = 22.1
root: Epoch: [212 | 300]
root: Train_Loss = 0.34427183866500854, Train_Err = 9.932
root: Val_Loss = 0.8799791932106018, Val_Err = 21.54
root: Epoch: [213 | 300]
root: Train_Loss = 0.3288351893424988, Train_Err = 9.392
root: Val_Loss = 0.9368830919265747, Val_Err = 22.87
root: Epoch: [214 | 300]
root: Train_Loss = 0.3312017619609833, Train_Err = 9.48
root: Val_Loss = 0.9473786950111389, Val_Err = 23.11
root: Epoch: [215 | 300]
root: Train_Loss = 0.32583853602409363, Train_Err = 9.318
root: Val_Loss = 0.9728955626487732, Val_Err = 22.96
root: Epoch: [216 | 300]
root: Train_Loss = 0.33155182003974915, Train_Err = 9.404
root: Val_Loss = 0.9125959873199463, Val_Err = 22.81
root: Epoch: [217 | 300]
root: Train_Loss = 0.3362273871898651, Train_Err = 9.56
root: Val_Loss = 0.8940331935882568, Val_Err = 22.25
root: Epoch: [218 | 300]
root: Train_Loss = 0.3301423490047455, Train_Err = 9.572
root: Val_Loss = 0.9135158061981201, Val_Err = 21.99
root: Epoch: [219 | 300]
root: Train_Loss = 0.3260156810283661, Train_Err = 9.314
root: Val_Loss = 0.9120647311210632, Val_Err = 22.63
root: Epoch: [220 | 300]
root: Train_Loss = 0.33392372727394104, Train_Err = 9.512
root: Val_Loss = 0.9225722551345825, Val_Err = 22.48
root: Epoch: [221 | 300]
root: Train_Loss = 0.3233394920825958, Train_Err = 9.248
root: Val_Loss = 0.8560447096824646, Val_Err = 22.42
root: Epoch: [222 | 300]
root: Train_Loss = 0.33024701476097107, Train_Err = 9.346
root: Val_Loss = 0.9178377985954285, Val_Err = 22.28
root: Epoch: [223 | 300]
root: Train_Loss = 0.3217039406299591, Train_Err = 9.158
root: Val_Loss = 0.8635953664779663, Val_Err = 21.48
root: Epoch: [224 | 300]
root: Train_Loss = 0.3202861547470093, Train_Err = 9.046
root: Val_Loss = 0.9286687970161438, Val_Err = 22.63
root: Epoch: [225 | 300]
root: Train_Loss = 0.23383714258670807, Train_Err = 6.38
root: Val_Loss = 0.7341240644454956, Val_Err = 18.47
root: Epoch: [226 | 300]
root: Train_Loss = 0.18790261447429657, Train_Err = 4.998
root: Val_Loss = 0.7243834137916565, Val_Err = 18.16
root: Epoch: [227 | 300]
root: Train_Loss = 0.1758241504430771, Train_Err = 4.546
root: Val_Loss = 0.7242007255554199, Val_Err = 18.2
root: Epoch: [228 | 300]
root: Train_Loss = 0.16884845495224, Train_Err = 4.434
root: Val_Loss = 0.7157395482063293, Val_Err = 18.1
root: Epoch: [229 | 300]
root: Train_Loss = 0.15813633799552917, Train_Err = 4.132
root: Val_Loss = 0.7118067741394043, Val_Err = 17.76
root: Epoch: [230 | 300]
root: Train_Loss = 0.16338981688022614, Train_Err = 4.244
root: Val_Loss = 0.712189257144928, Val_Err = 17.59
root: Epoch: [231 | 300]
root: Train_Loss = 0.15461917221546173, Train_Err = 3.904
root: Val_Loss = 0.7062355279922485, Val_Err = 17.76
root: Epoch: [232 | 300]
root: Train_Loss = 0.1545645147562027, Train_Err = 3.946
root: Val_Loss = 0.7000144720077515, Val_Err = 17.46
root: Epoch: [233 | 300]
root: Train_Loss = 0.15339311957359314, Train_Err = 3.974
root: Val_Loss = 0.6954421997070312, Val_Err = 17.47
root: Epoch: [234 | 300]
root: Train_Loss = 0.14530780911445618, Train_Err = 3.782
root: Val_Loss = 0.6984080076217651, Val_Err = 17.24
root: Epoch: [235 | 300]
root: Train_Loss = 0.14819885790348053, Train_Err = 3.85
root: Val_Loss = 0.6942256093025208, Val_Err = 17.47
root: Epoch: [236 | 300]
root: Train_Loss = 0.14104902744293213, Train_Err = 3.548
root: Val_Loss = 0.6947718858718872, Val_Err = 17.27
root: Epoch: [237 | 300]
root: Train_Loss = 0.14541210234165192, Train_Err = 3.746
root: Val_Loss = 0.7015280723571777, Val_Err = 17.69
root: Epoch: [238 | 300]
root: Train_Loss = 0.1401785910129547, Train_Err = 3.568
root: Val_Loss = 0.6878235936164856, Val_Err = 17.45
root: Epoch: [239 | 300]
root: Train_Loss = 0.13724616169929504, Train_Err = 3.514
root: Val_Loss = 0.6913593411445618, Val_Err = 17.46
root: Epoch: [240 | 300]
root: Train_Loss = 0.1349557340145111, Train_Err = 3.48
root: Val_Loss = 0.6849460601806641, Val_Err = 17.27
root: Epoch: [241 | 300]
root: Train_Loss = 0.1399146318435669, Train_Err = 3.54
root: Val_Loss = 0.6851935386657715, Val_Err = 17.44
root: Epoch: [242 | 300]
root: Train_Loss = 0.13326315581798553, Train_Err = 3.39
root: Val_Loss = 0.6828423142433167, Val_Err = 17.1
root: Epoch: [243 | 300]
root: Train_Loss = 0.13442309200763702, Train_Err = 3.44
root: Val_Loss = 0.6829980611801147, Val_Err = 17.31
root: Epoch: [244 | 300]
root: Train_Loss = 0.1324830800294876, Train_Err = 3.412
root: Val_Loss = 0.6945152878761292, Val_Err = 17.26
root: Epoch: [245 | 300]
root: Train_Loss = 0.12748530507087708, Train_Err = 3.298
root: Val_Loss = 0.6953012943267822, Val_Err = 17.48
root: Epoch: [246 | 300]
root: Train_Loss = 0.13311094045639038, Train_Err = 3.444
root: Val_Loss = 0.6920166015625, Val_Err = 17.64
root: Epoch: [247 | 300]
root: Train_Loss = 0.13241620361804962, Train_Err = 3.384
root: Val_Loss = 0.688291609287262, Val_Err = 17.48
root: Epoch: [248 | 300]
root: Train_Loss = 0.1255156546831131, Train_Err = 3.216
root: Val_Loss = 0.6845773458480835, Val_Err = 17.31
root: Epoch: [249 | 300]
root: Train_Loss = 0.12518171966075897, Train_Err = 3.178
root: Val_Loss = 0.6841028928756714, Val_Err = 17.32
root: Epoch: [250 | 300]
root: Train_Loss = 0.12988944351673126, Train_Err = 3.294
root: Val_Loss = 0.6846421360969543, Val_Err = 17.45
root: Epoch: [251 | 300]
root: Train_Loss = 0.12944526970386505, Train_Err = 3.33
root: Val_Loss = 0.6840788722038269, Val_Err = 17.41
root: Epoch: [252 | 300]
root: Train_Loss = 0.12363669276237488, Train_Err = 3.148
root: Val_Loss = 0.6825754642486572, Val_Err = 17.38
root: Epoch: [253 | 300]
root: Train_Loss = 0.12125223129987717, Train_Err = 3.132
root: Val_Loss = 0.6880878210067749, Val_Err = 17.72
root: Epoch: [254 | 300]
root: Train_Loss = 0.12283537536859512, Train_Err = 3.116
root: Val_Loss = 0.6766635775566101, Val_Err = 17.32
root: Epoch: [255 | 300]
root: Train_Loss = 0.12141767889261246, Train_Err = 3.108
root: Val_Loss = 0.6801304221153259, Val_Err = 17.43
root: Epoch: [256 | 300]
root: Train_Loss = 0.1278601884841919, Train_Err = 3.334
root: Val_Loss = 0.6825501322746277, Val_Err = 17.41
root: Epoch: [257 | 300]
root: Train_Loss = 0.120709128677845, Train_Err = 3.066
root: Val_Loss = 0.6696609854698181, Val_Err = 17.24
root: Epoch: [258 | 300]
root: Train_Loss = 0.1241244226694107, Train_Err = 3.186
root: Val_Loss = 0.6715311408042908, Val_Err = 17.31
root: Epoch: [259 | 300]
root: Train_Loss = 0.12351139634847641, Train_Err = 3.238
root: Val_Loss = 0.6712703704833984, Val_Err = 17.38
root: Epoch: [260 | 300]
root: Train_Loss = 0.12472975254058838, Train_Err = 3.212
root: Val_Loss = 0.6784881353378296, Val_Err = 17.27
root: Epoch: [261 | 300]
root: Train_Loss = 0.12404749542474747, Train_Err = 3.202
root: Val_Loss = 0.6732759475708008, Val_Err = 17.21
root: Epoch: [262 | 300]
root: Train_Loss = 0.12380140274763107, Train_Err = 3.258
root: Val_Loss = 0.6756880879402161, Val_Err = 17.24
root: Epoch: [263 | 300]
root: Train_Loss = 0.11895138025283813, Train_Err = 2.93
root: Val_Loss = 0.6734504103660583, Val_Err = 17.1
root: Epoch: [264 | 300]
root: Train_Loss = 0.11516444385051727, Train_Err = 2.834
root: Val_Loss = 0.6747728586196899, Val_Err = 17.5
root: Epoch: [265 | 300]
root: Train_Loss = 0.115442655980587, Train_Err = 2.93
root: Val_Loss = 0.6707566976547241, Val_Err = 17.12
root: Epoch: [266 | 300]
root: Train_Loss = 0.11964160948991776, Train_Err = 3.058
root: Val_Loss = 0.6661100387573242, Val_Err = 17.06
root: Epoch: [267 | 300]
root: Train_Loss = 0.1261925995349884, Train_Err = 3.23
root: Val_Loss = 0.6717197895050049, Val_Err = 16.95
root: Epoch: [268 | 300]
root: Train_Loss = 0.11801814287900925, Train_Err = 3.006
root: Val_Loss = 0.6758193373680115, Val_Err = 17.39
root: Epoch: [269 | 300]
root: Train_Loss = 0.113332100212574, Train_Err = 2.9
root: Val_Loss = 0.6686604022979736, Val_Err = 17.48
root: Epoch: [270 | 300]
root: Train_Loss = 0.12052199244499207, Train_Err = 3.064
root: Val_Loss = 0.6650861501693726, Val_Err = 17.16
root: Epoch: [271 | 300]
root: Train_Loss = 0.11636011302471161, Train_Err = 2.99
root: Val_Loss = 0.6703587174415588, Val_Err = 17.35
root: Epoch: [272 | 300]
root: Train_Loss = 0.11807805299758911, Train_Err = 3.052
root: Val_Loss = 0.6745291352272034, Val_Err = 17.44
root: Epoch: [273 | 300]
root: Train_Loss = 0.11246909946203232, Train_Err = 2.922
root: Val_Loss = 0.6649192571640015, Val_Err = 17.33
root: Epoch: [274 | 300]
root: Train_Loss = 0.11646046489477158, Train_Err = 2.924
root: Val_Loss = 0.6703044772148132, Val_Err = 17.29
root: Epoch: [275 | 300]
root: Train_Loss = 0.11527011543512344, Train_Err = 2.954
root: Val_Loss = 0.6675107479095459, Val_Err = 17.71
root: Epoch: [276 | 300]
root: Train_Loss = 0.11456026881933212, Train_Err = 2.922
root: Val_Loss = 0.6644326448440552, Val_Err = 17.45
root: Epoch: [277 | 300]
root: Train_Loss = 0.11328166723251343, Train_Err = 2.898
root: Val_Loss = 0.6615998148918152, Val_Err = 17.56
root: Epoch: [278 | 300]
root: Train_Loss = 0.11667191237211227, Train_Err = 3.042
root: Val_Loss = 0.6606229543685913, Val_Err = 17.35
root: Epoch: [279 | 300]
root: Train_Loss = 0.11483785510063171, Train_Err = 2.882
root: Val_Loss = 0.6540290713310242, Val_Err = 17.0
root: Epoch: [280 | 300]
root: Train_Loss = 0.10924031585454941, Train_Err = 2.826
root: Val_Loss = 0.6582305431365967, Val_Err = 17.34
root: Epoch: [281 | 300]
root: Train_Loss = 0.11236399412155151, Train_Err = 2.826
root: Val_Loss = 0.6642014980316162, Val_Err = 17.1
root: Epoch: [282 | 300]
root: Train_Loss = 0.11541421711444855, Train_Err = 2.944
root: Val_Loss = 0.669692873954773, Val_Err = 17.55
root: Epoch: [283 | 300]
root: Train_Loss = 0.11777745187282562, Train_Err = 2.996
root: Val_Loss = 0.6654728055000305, Val_Err = 17.26
root: Epoch: [284 | 300]
root: Train_Loss = 0.1101951152086258, Train_Err = 2.762
root: Val_Loss = 0.657318115234375, Val_Err = 17.08
root: Epoch: [285 | 300]
root: Train_Loss = 0.11468034982681274, Train_Err = 2.866
root: Val_Loss = 0.6573584675788879, Val_Err = 17.38
root: Epoch: [286 | 300]
root: Train_Loss = 0.10986707359552383, Train_Err = 2.792
root: Val_Loss = 0.6531548500061035, Val_Err = 17.49
root: Epoch: [287 | 300]
root: Train_Loss = 0.10810888558626175, Train_Err = 2.66
root: Val_Loss = 0.6524339914321899, Val_Err = 17.15
root: Epoch: [288 | 300]
root: Train_Loss = 0.10835763067007065, Train_Err = 2.704
root: Val_Loss = 0.6568347215652466, Val_Err = 17.25
root: Epoch: [289 | 300]
root: Train_Loss = 0.11081100255250931, Train_Err = 2.828
root: Val_Loss = 0.6575520038604736, Val_Err = 17.49
root: Epoch: [290 | 300]
root: Train_Loss = 0.11225384473800659, Train_Err = 2.832
root: Val_Loss = 0.6532242298126221, Val_Err = 17.07
root: Epoch: [291 | 300]
root: Train_Loss = 0.11163853853940964, Train_Err = 2.838
root: Val_Loss = 0.6564868688583374, Val_Err = 17.48
root: Epoch: [292 | 300]
root: Train_Loss = 0.10251905769109726, Train_Err = 2.628
root: Val_Loss = 0.6529439091682434, Val_Err = 17.44
root: Epoch: [293 | 300]
root: Train_Loss = 0.11108185350894928, Train_Err = 2.85
root: Val_Loss = 0.6577255129814148, Val_Err = 17.31
root: Epoch: [294 | 300]
root: Train_Loss = 0.10936754941940308, Train_Err = 2.798
root: Val_Loss = 0.6466276049613953, Val_Err = 17.18
root: Epoch: [295 | 300]
root: Train_Loss = 0.1042955219745636, Train_Err = 2.652
root: Val_Loss = 0.6513091921806335, Val_Err = 17.3
root: Epoch: [296 | 300]
root: Train_Loss = 0.11115730553865433, Train_Err = 2.82
root: Val_Loss = 0.6512143611907959, Val_Err = 17.35
root: Epoch: [297 | 300]
root: Train_Loss = 0.10557067394256592, Train_Err = 2.668
root: Val_Loss = 0.6499215960502625, Val_Err = 17.32
root: Epoch: [298 | 300]
root: Train_Loss = 0.10646173357963562, Train_Err = 2.686
root: Val_Loss = 0.6530759930610657, Val_Err = 17.0
root: Epoch: [299 | 300]
root: Train_Loss = 0.10672008246183395, Train_Err = 2.68
root: Val_Loss = 0.657325029373169, Val_Err = 17.3
