root: Namespace(batch_size=128, cp_dir='checkpoints/basic_cutout/cifar100/sgd/run_ms_1/pyramidnet_272_bottleneck/run0', depth=272, dtype='cifar100', epochs=300, img_aug='basic_cutout', learning_rate=0.1, momentum=0.9, mtype='pyramidnet', num_classes=100, resume=None, seed=1, threads=8, weight_decay=0.0001, width_factor=10)
root: Epoch: [0 | 300]
root: Train_Loss = 3.9283111095428467, Train_Err = 90.152
root: Val_Loss = 3.6018271446228027, Val_Err = 85.33
root: Epoch: [1 | 300]
root: Train_Loss = 2.9793405532836914, Train_Err = 74.774
root: Val_Loss = 2.817445993423462, Val_Err = 70.24
root: Epoch: [2 | 300]
root: Train_Loss = 2.2798800468444824, Train_Err = 60.972
root: Val_Loss = 2.2783756256103516, Val_Err = 58.87
root: Epoch: [3 | 300]
root: Train_Loss = 1.8545130491256714, Train_Err = 51.278
root: Val_Loss = 1.9491329193115234, Val_Err = 52.2
root: Epoch: [4 | 300]
root: Train_Loss = 1.5940874814987183, Train_Err = 44.718
root: Val_Loss = 1.7958667278289795, Val_Err = 48.87
root: Epoch: [5 | 300]
root: Train_Loss = 1.4137629270553589, Train_Err = 40.648
root: Val_Loss = 1.7638987302780151, Val_Err = 46.88
root: Epoch: [6 | 300]
root: Train_Loss = 1.2865766286849976, Train_Err = 37.084
root: Val_Loss = 1.6676665544509888, Val_Err = 44.74
root: Epoch: [7 | 300]
root: Train_Loss = 1.1737353801727295, Train_Err = 34.208
root: Val_Loss = 1.5589455366134644, Val_Err = 41.71
root: Epoch: [8 | 300]
root: Train_Loss = 1.0766102075576782, Train_Err = 31.744
root: Val_Loss = 1.4594727754592896, Val_Err = 39.55
root: Epoch: [9 | 300]
root: Train_Loss = 1.000468134880066, Train_Err = 29.68
root: Val_Loss = 1.416063666343689, Val_Err = 37.86
root: Epoch: [10 | 300]
root: Train_Loss = 0.9345886707305908, Train_Err = 27.832
root: Val_Loss = 1.3482365608215332, Val_Err = 36.48
root: Epoch: [11 | 300]
root: Train_Loss = 0.8789427280426025, Train_Err = 26.574
root: Val_Loss = 1.462174415588379, Val_Err = 38.17
root: Epoch: [12 | 300]
root: Train_Loss = 0.8190068602561951, Train_Err = 24.954
root: Val_Loss = 1.3160285949707031, Val_Err = 35.71
root: Epoch: [13 | 300]
root: Train_Loss = 0.7700614929199219, Train_Err = 23.316
root: Val_Loss = 1.3745571374893188, Val_Err = 35.64
root: Epoch: [14 | 300]
root: Train_Loss = 0.7286650538444519, Train_Err = 22.4
root: Val_Loss = 1.3379758596420288, Val_Err = 35.76
root: Epoch: [15 | 300]
root: Train_Loss = 0.6898931860923767, Train_Err = 21.522
root: Val_Loss = 1.3966437578201294, Val_Err = 35.95
root: Epoch: [16 | 300]
root: Train_Loss = 0.6557278633117676, Train_Err = 20.288
root: Val_Loss = 1.4087584018707275, Val_Err = 35.94
root: Epoch: [17 | 300]
root: Train_Loss = 0.6247174739837646, Train_Err = 19.446
root: Val_Loss = 1.195002555847168, Val_Err = 31.8
root: Epoch: [18 | 300]
root: Train_Loss = 0.5854206681251526, Train_Err = 18.47
root: Val_Loss = 1.2468023300170898, Val_Err = 33.01
root: Epoch: [19 | 300]
root: Train_Loss = 0.5625893473625183, Train_Err = 17.636
root: Val_Loss = 1.2329216003417969, Val_Err = 32.01
root: Epoch: [20 | 300]
root: Train_Loss = 0.531943142414093, Train_Err = 16.668
root: Val_Loss = 1.2477320432662964, Val_Err = 31.88
root: Epoch: [21 | 300]
root: Train_Loss = 0.5011354088783264, Train_Err = 15.914
root: Val_Loss = 1.2483289241790771, Val_Err = 31.97
root: Epoch: [22 | 300]
root: Train_Loss = 0.4877656102180481, Train_Err = 15.472
root: Val_Loss = 1.300645112991333, Val_Err = 33.66
root: Epoch: [23 | 300]
root: Train_Loss = 0.4662003517150879, Train_Err = 14.712
root: Val_Loss = 1.271177053451538, Val_Err = 31.98
root: Epoch: [24 | 300]
root: Train_Loss = 0.4443001449108124, Train_Err = 14.186
root: Val_Loss = 1.2603209018707275, Val_Err = 31.82
root: Epoch: [25 | 300]
root: Train_Loss = 0.42454662919044495, Train_Err = 13.632
root: Val_Loss = 1.3099076747894287, Val_Err = 31.65
root: Epoch: [26 | 300]
root: Train_Loss = 0.4140951931476593, Train_Err = 13.212
root: Val_Loss = 1.278551697731018, Val_Err = 31.36
root: Epoch: [27 | 300]
root: Train_Loss = 0.4043920338153839, Train_Err = 13.096
root: Val_Loss = 1.3075194358825684, Val_Err = 32.42
root: Epoch: [28 | 300]
root: Train_Loss = 0.3856397867202759, Train_Err = 12.496
root: Val_Loss = 1.2931427955627441, Val_Err = 31.32
root: Epoch: [29 | 300]
root: Train_Loss = 0.3755418658256531, Train_Err = 11.864
root: Val_Loss = 1.2613067626953125, Val_Err = 30.82
root: Epoch: [30 | 300]
root: Train_Loss = 0.3640100359916687, Train_Err = 11.754
root: Val_Loss = 1.2921853065490723, Val_Err = 30.49
root: Epoch: [31 | 300]
root: Train_Loss = 0.35727354884147644, Train_Err = 11.682
root: Val_Loss = 1.191577434539795, Val_Err = 29.85
root: Epoch: [32 | 300]
root: Train_Loss = 0.3476501405239105, Train_Err = 11.098
root: Val_Loss = 1.242661952972412, Val_Err = 30.22
root: Epoch: [33 | 300]
root: Train_Loss = 0.32848280668258667, Train_Err = 10.448
root: Val_Loss = 1.3452872037887573, Val_Err = 31.98
root: Epoch: [34 | 300]
root: Train_Loss = 0.3169091045856476, Train_Err = 10.196
root: Val_Loss = 1.174421787261963, Val_Err = 28.79
root: Epoch: [35 | 300]
root: Train_Loss = 0.3135087192058563, Train_Err = 10.11
root: Val_Loss = 1.3378726243972778, Val_Err = 30.92
root: Epoch: [36 | 300]
root: Train_Loss = 0.3172304928302765, Train_Err = 10.172
root: Val_Loss = 1.3092761039733887, Val_Err = 31.13
root: Epoch: [37 | 300]
root: Train_Loss = 0.29229968786239624, Train_Err = 9.364
root: Val_Loss = 1.279355764389038, Val_Err = 29.63
root: Epoch: [38 | 300]
root: Train_Loss = 0.30445346236228943, Train_Err = 9.742
root: Val_Loss = 1.3449634313583374, Val_Err = 31.07
root: Epoch: [39 | 300]
root: Train_Loss = 0.30022919178009033, Train_Err = 9.598
root: Val_Loss = 1.2619657516479492, Val_Err = 29.33
root: Epoch: [40 | 300]
root: Train_Loss = 0.28732097148895264, Train_Err = 9.136
root: Val_Loss = 1.2982012033462524, Val_Err = 30.66
root: Epoch: [41 | 300]
root: Train_Loss = 0.28993937373161316, Train_Err = 9.382
root: Val_Loss = 1.4316200017929077, Val_Err = 31.42
root: Epoch: [42 | 300]
root: Train_Loss = 0.2800665497779846, Train_Err = 8.786
root: Val_Loss = 1.318505048751831, Val_Err = 29.88
root: Epoch: [43 | 300]
root: Train_Loss = 0.27023547887802124, Train_Err = 8.45
root: Val_Loss = 1.2519721984863281, Val_Err = 30.84
root: Epoch: [44 | 300]
root: Train_Loss = 0.26898807287216187, Train_Err = 8.544
root: Val_Loss = 1.3570152521133423, Val_Err = 30.68
root: Epoch: [45 | 300]
root: Train_Loss = 0.25442519783973694, Train_Err = 8.08
root: Val_Loss = 1.3839361667633057, Val_Err = 30.39
root: Epoch: [46 | 300]
root: Train_Loss = 0.27579766511917114, Train_Err = 8.77
root: Val_Loss = 1.368546485900879, Val_Err = 30.34
root: Epoch: [47 | 300]
root: Train_Loss = 0.2633276581764221, Train_Err = 8.44
root: Val_Loss = 1.3657538890838623, Val_Err = 30.84
root: Epoch: [48 | 300]
root: Train_Loss = 0.26028236746788025, Train_Err = 8.186
root: Val_Loss = 1.494580864906311, Val_Err = 32.08
root: Epoch: [49 | 300]
root: Train_Loss = 0.2527371346950531, Train_Err = 8.054
root: Val_Loss = 1.4005391597747803, Val_Err = 30.65
root: Epoch: [50 | 300]
root: Train_Loss = 0.24657131731510162, Train_Err = 7.82
root: Val_Loss = 1.3257704973220825, Val_Err = 29.92
root: Epoch: [51 | 300]
root: Train_Loss = 0.2414378523826599, Train_Err = 7.472
root: Val_Loss = 1.6242811679840088, Val_Err = 33.28
root: Epoch: [52 | 300]
root: Train_Loss = 0.24714134633541107, Train_Err = 7.916
root: Val_Loss = 1.2954703569412231, Val_Err = 30.15
root: Epoch: [53 | 300]
root: Train_Loss = 0.24196957051753998, Train_Err = 7.662
root: Val_Loss = 1.3093878030776978, Val_Err = 29.04
root: Epoch: [54 | 300]
root: Train_Loss = 0.24778728187084198, Train_Err = 7.87
root: Val_Loss = 1.2745139598846436, Val_Err = 29.87
root: Epoch: [55 | 300]
root: Train_Loss = 0.2326749712228775, Train_Err = 7.52
root: Val_Loss = 1.2617660760879517, Val_Err = 29.0
root: Epoch: [56 | 300]
root: Train_Loss = 0.2592465877532959, Train_Err = 8.082
root: Val_Loss = 1.2839252948760986, Val_Err = 28.51
root: Epoch: [57 | 300]
root: Train_Loss = 0.2299121618270874, Train_Err = 7.404
root: Val_Loss = 1.3489985466003418, Val_Err = 29.76
root: Epoch: [58 | 300]
root: Train_Loss = 0.2181781828403473, Train_Err = 6.788
root: Val_Loss = 1.2825329303741455, Val_Err = 28.88
root: Epoch: [59 | 300]
root: Train_Loss = 0.23558452725410461, Train_Err = 7.532
root: Val_Loss = 1.4101670980453491, Val_Err = 30.94
root: Epoch: [60 | 300]
root: Train_Loss = 0.23745116591453552, Train_Err = 7.684
root: Val_Loss = 1.4426759481430054, Val_Err = 31.61
root: Epoch: [61 | 300]
root: Train_Loss = 0.21941721439361572, Train_Err = 6.908
root: Val_Loss = 1.3983768224716187, Val_Err = 30.42
root: Epoch: [62 | 300]
root: Train_Loss = 0.22002844512462616, Train_Err = 6.964
root: Val_Loss = 1.2981467247009277, Val_Err = 28.92
root: Epoch: [63 | 300]
root: Train_Loss = 0.22549206018447876, Train_Err = 7.256
root: Val_Loss = 1.4174089431762695, Val_Err = 30.77
root: Epoch: [64 | 300]
root: Train_Loss = 0.22594106197357178, Train_Err = 7.114
root: Val_Loss = 1.3239190578460693, Val_Err = 29.33
root: Epoch: [65 | 300]
root: Train_Loss = 0.22986556589603424, Train_Err = 7.232
root: Val_Loss = 1.2887365818023682, Val_Err = 29.15
root: Epoch: [66 | 300]
root: Train_Loss = 0.22091548144817352, Train_Err = 6.888
root: Val_Loss = 1.3772927522659302, Val_Err = 31.0
root: Epoch: [67 | 300]
root: Train_Loss = 0.222921222448349, Train_Err = 7.084
root: Val_Loss = 1.4228435754776, Val_Err = 30.76
root: Epoch: [68 | 300]
root: Train_Loss = 0.2262941598892212, Train_Err = 7.218
root: Val_Loss = 1.3668224811553955, Val_Err = 30.97
root: Epoch: [69 | 300]
root: Train_Loss = 0.2102646380662918, Train_Err = 6.52
root: Val_Loss = 1.331398844718933, Val_Err = 29.7
root: Epoch: [70 | 300]
root: Train_Loss = 0.21607159078121185, Train_Err = 6.792
root: Val_Loss = 1.3215357065200806, Val_Err = 28.55
root: Epoch: [71 | 300]
root: Train_Loss = 0.21393048763275146, Train_Err = 6.822
root: Val_Loss = 1.4225963354110718, Val_Err = 29.53
root: Epoch: [72 | 300]
root: Train_Loss = 0.22379714250564575, Train_Err = 7.084
root: Val_Loss = 1.3144168853759766, Val_Err = 28.97
root: Epoch: [73 | 300]
root: Train_Loss = 0.2124333381652832, Train_Err = 6.676
root: Val_Loss = 1.2789969444274902, Val_Err = 29.17
root: Epoch: [74 | 300]
root: Train_Loss = 0.20534226298332214, Train_Err = 6.504
root: Val_Loss = 1.4701554775238037, Val_Err = 31.33
root: Epoch: [75 | 300]
root: Train_Loss = 0.19991223514080048, Train_Err = 6.358
root: Val_Loss = 1.3748105764389038, Val_Err = 29.49
root: Epoch: [76 | 300]
root: Train_Loss = 0.2162724882364273, Train_Err = 6.912
root: Val_Loss = 1.3236231803894043, Val_Err = 29.48
root: Epoch: [77 | 300]
root: Train_Loss = 0.20433510839939117, Train_Err = 6.46
root: Val_Loss = 1.4644198417663574, Val_Err = 31.77
root: Epoch: [78 | 300]
root: Train_Loss = 0.208097904920578, Train_Err = 6.504
root: Val_Loss = 1.3669122457504272, Val_Err = 29.67
root: Epoch: [79 | 300]
root: Train_Loss = 0.19902800023555756, Train_Err = 6.19
root: Val_Loss = 1.2969555854797363, Val_Err = 28.93
root: Epoch: [80 | 300]
root: Train_Loss = 0.19266298413276672, Train_Err = 6.0
root: Val_Loss = 1.3144643306732178, Val_Err = 29.63
root: Epoch: [81 | 300]
root: Train_Loss = 0.20170804858207703, Train_Err = 6.414
root: Val_Loss = 1.4160428047180176, Val_Err = 29.78
root: Epoch: [82 | 300]
root: Train_Loss = 0.20101341605186462, Train_Err = 6.352
root: Val_Loss = 1.383763313293457, Val_Err = 29.66
root: Epoch: [83 | 300]
root: Train_Loss = 0.19365034997463226, Train_Err = 6.094
root: Val_Loss = 1.413861632347107, Val_Err = 31.22
root: Epoch: [84 | 300]
root: Train_Loss = 0.2006577104330063, Train_Err = 6.376
root: Val_Loss = 1.2499980926513672, Val_Err = 27.86
root: Epoch: [85 | 300]
root: Train_Loss = 0.17990075051784515, Train_Err = 5.614
root: Val_Loss = 1.3401459455490112, Val_Err = 28.7
root: Epoch: [86 | 300]
root: Train_Loss = 0.18437013030052185, Train_Err = 5.85
root: Val_Loss = 1.4031296968460083, Val_Err = 29.68
root: Epoch: [87 | 300]
root: Train_Loss = 0.18509741127490997, Train_Err = 5.756
root: Val_Loss = 1.3826444149017334, Val_Err = 29.63
root: Epoch: [88 | 300]
root: Train_Loss = 0.21191295981407166, Train_Err = 6.76
root: Val_Loss = 1.4193036556243896, Val_Err = 30.14
root: Epoch: [89 | 300]
root: Train_Loss = 0.19620995223522186, Train_Err = 6.168
root: Val_Loss = 1.3192771673202515, Val_Err = 29.27
root: Epoch: [90 | 300]
root: Train_Loss = 0.18019257485866547, Train_Err = 5.628
root: Val_Loss = 1.4593136310577393, Val_Err = 30.27
root: Epoch: [91 | 300]
root: Train_Loss = 0.19333158433437347, Train_Err = 6.066
root: Val_Loss = 1.4007070064544678, Val_Err = 29.23
root: Epoch: [92 | 300]
root: Train_Loss = 0.1965453326702118, Train_Err = 6.112
root: Val_Loss = 1.3326568603515625, Val_Err = 29.34
root: Epoch: [93 | 300]
root: Train_Loss = 0.1818852424621582, Train_Err = 5.608
root: Val_Loss = 1.417258620262146, Val_Err = 29.37
root: Epoch: [94 | 300]
root: Train_Loss = 0.186212956905365, Train_Err = 5.962
root: Val_Loss = 1.2748697996139526, Val_Err = 28.87
root: Epoch: [95 | 300]
root: Train_Loss = 0.18438395857810974, Train_Err = 5.754
root: Val_Loss = 1.1648167371749878, Val_Err = 26.81
root: Epoch: [96 | 300]
root: Train_Loss = 0.18106578290462494, Train_Err = 5.706
root: Val_Loss = 1.377307653427124, Val_Err = 29.45
root: Epoch: [97 | 300]
root: Train_Loss = 0.18034318089485168, Train_Err = 5.624
root: Val_Loss = 1.2914667129516602, Val_Err = 28.38
root: Epoch: [98 | 300]
root: Train_Loss = 0.18204298615455627, Train_Err = 5.688
root: Val_Loss = 1.3984942436218262, Val_Err = 30.51
root: Epoch: [99 | 300]
root: Train_Loss = 0.18733973801136017, Train_Err = 5.79
root: Val_Loss = 1.292862057685852, Val_Err = 29.24
root: Epoch: [100 | 300]
root: Train_Loss = 0.18858160078525543, Train_Err = 5.886
root: Val_Loss = 1.3376166820526123, Val_Err = 29.72
root: Epoch: [101 | 300]
root: Train_Loss = 0.1802402138710022, Train_Err = 5.662
root: Val_Loss = 1.4142590761184692, Val_Err = 30.41
root: Epoch: [102 | 300]
root: Train_Loss = 0.18341164290905, Train_Err = 5.706
root: Val_Loss = 1.2332868576049805, Val_Err = 28.14
root: Epoch: [103 | 300]
root: Train_Loss = 0.16673675179481506, Train_Err = 5.218
root: Val_Loss = 1.249508023262024, Val_Err = 27.77
root: Epoch: [104 | 300]
root: Train_Loss = 0.18788185715675354, Train_Err = 5.774
root: Val_Loss = 1.2913568019866943, Val_Err = 28.55
root: Epoch: [105 | 300]
root: Train_Loss = 0.1755744069814682, Train_Err = 5.478
root: Val_Loss = 1.2716221809387207, Val_Err = 28.59
root: Epoch: [106 | 300]
root: Train_Loss = 0.1714380979537964, Train_Err = 5.358
root: Val_Loss = 1.3612990379333496, Val_Err = 29.31
root: Epoch: [107 | 300]
root: Train_Loss = 0.18084245920181274, Train_Err = 5.622
root: Val_Loss = 1.2797274589538574, Val_Err = 27.07
root: Epoch: [108 | 300]
root: Train_Loss = 0.18269401788711548, Train_Err = 5.69
root: Val_Loss = 1.3163319826126099, Val_Err = 29.28
root: Epoch: [109 | 300]
root: Train_Loss = 0.17045347392559052, Train_Err = 5.36
root: Val_Loss = 1.3087880611419678, Val_Err = 28.05
root: Epoch: [110 | 300]
root: Train_Loss = 0.1779690533876419, Train_Err = 5.616
root: Val_Loss = 1.356137752532959, Val_Err = 28.41
root: Epoch: [111 | 300]
root: Train_Loss = 0.1740284115076065, Train_Err = 5.438
root: Val_Loss = 1.2829862833023071, Val_Err = 28.57
root: Epoch: [112 | 300]
root: Train_Loss = 0.16113978624343872, Train_Err = 4.962
root: Val_Loss = 1.3771871328353882, Val_Err = 29.71
root: Epoch: [113 | 300]
root: Train_Loss = 0.17358927428722382, Train_Err = 5.418
root: Val_Loss = 1.385027527809143, Val_Err = 29.45
root: Epoch: [114 | 300]
root: Train_Loss = 0.184987872838974, Train_Err = 5.834
root: Val_Loss = 1.2485272884368896, Val_Err = 27.19
root: Epoch: [115 | 300]
root: Train_Loss = 0.1681841015815735, Train_Err = 5.254
root: Val_Loss = 1.4255225658416748, Val_Err = 30.36
root: Epoch: [116 | 300]
root: Train_Loss = 0.18532702326774597, Train_Err = 5.79
root: Val_Loss = 1.3465807437896729, Val_Err = 28.92
root: Epoch: [117 | 300]
root: Train_Loss = 0.16186606884002686, Train_Err = 5.07
root: Val_Loss = 1.3380255699157715, Val_Err = 28.6
root: Epoch: [118 | 300]
root: Train_Loss = 0.16987092792987823, Train_Err = 5.216
root: Val_Loss = 1.376737356185913, Val_Err = 29.62
root: Epoch: [119 | 300]
root: Train_Loss = 0.16201409697532654, Train_Err = 5.09
root: Val_Loss = 1.3174397945404053, Val_Err = 27.8
root: Epoch: [120 | 300]
root: Train_Loss = 0.1773754507303238, Train_Err = 5.488
root: Val_Loss = 1.2526122331619263, Val_Err = 27.34
root: Epoch: [121 | 300]
root: Train_Loss = 0.16373717784881592, Train_Err = 5.068
root: Val_Loss = 1.3859766721725464, Val_Err = 30.46
root: Epoch: [122 | 300]
root: Train_Loss = 0.1596328467130661, Train_Err = 4.992
root: Val_Loss = 1.4045350551605225, Val_Err = 30.13
root: Epoch: [123 | 300]
root: Train_Loss = 0.17524601519107819, Train_Err = 5.522
root: Val_Loss = 1.2584294080734253, Val_Err = 28.5
root: Epoch: [124 | 300]
root: Train_Loss = 0.18494118750095367, Train_Err = 5.802
root: Val_Loss = 1.4126853942871094, Val_Err = 29.59
root: Epoch: [125 | 300]
root: Train_Loss = 0.1625816971063614, Train_Err = 5.112
root: Val_Loss = 1.2575855255126953, Val_Err = 27.96
root: Epoch: [126 | 300]
root: Train_Loss = 0.14332257211208344, Train_Err = 4.426
root: Val_Loss = 1.421735167503357, Val_Err = 29.86
root: Epoch: [127 | 300]
root: Train_Loss = 0.1735752820968628, Train_Err = 5.338
root: Val_Loss = 1.3872113227844238, Val_Err = 28.85
root: Epoch: [128 | 300]
root: Train_Loss = 0.17555946111679077, Train_Err = 5.556
root: Val_Loss = 1.3899046182632446, Val_Err = 29.65
root: Epoch: [129 | 300]
root: Train_Loss = 0.15942038595676422, Train_Err = 4.976
root: Val_Loss = 1.3159258365631104, Val_Err = 27.75
root: Epoch: [130 | 300]
root: Train_Loss = 0.1622163951396942, Train_Err = 4.92
root: Val_Loss = 1.3183621168136597, Val_Err = 28.82
root: Epoch: [131 | 300]
root: Train_Loss = 0.16411300003528595, Train_Err = 5.018
root: Val_Loss = 1.3213601112365723, Val_Err = 28.54
root: Epoch: [132 | 300]
root: Train_Loss = 0.16138316690921783, Train_Err = 5.03
root: Val_Loss = 1.3154658079147339, Val_Err = 28.47
root: Epoch: [133 | 300]
root: Train_Loss = 0.15948565304279327, Train_Err = 4.964
root: Val_Loss = 1.2308859825134277, Val_Err = 26.56
root: Epoch: [134 | 300]
root: Train_Loss = 0.15749616920948029, Train_Err = 4.92
root: Val_Loss = 1.3291475772857666, Val_Err = 28.48
root: Epoch: [135 | 300]
root: Train_Loss = 0.16605965793132782, Train_Err = 5.194
root: Val_Loss = 1.405090093612671, Val_Err = 28.88
root: Epoch: [136 | 300]
root: Train_Loss = 0.16661956906318665, Train_Err = 5.146
root: Val_Loss = 1.2235701084136963, Val_Err = 26.24
root: Epoch: [137 | 300]
root: Train_Loss = 0.1517321765422821, Train_Err = 4.684
root: Val_Loss = 1.2690919637680054, Val_Err = 27.33
root: Epoch: [138 | 300]
root: Train_Loss = 0.1499716341495514, Train_Err = 4.636
root: Val_Loss = 1.3760439157485962, Val_Err = 29.36
root: Epoch: [139 | 300]
root: Train_Loss = 0.16519755125045776, Train_Err = 5.14
root: Val_Loss = 1.2568702697753906, Val_Err = 27.44
root: Epoch: [140 | 300]
root: Train_Loss = 0.17328403890132904, Train_Err = 5.35
root: Val_Loss = 1.272683024406433, Val_Err = 28.72
root: Epoch: [141 | 300]
root: Train_Loss = 0.16233082115650177, Train_Err = 5.066
root: Val_Loss = 1.224128246307373, Val_Err = 27.15
root: Epoch: [142 | 300]
root: Train_Loss = 0.15367454290390015, Train_Err = 4.748
root: Val_Loss = 1.2868601083755493, Val_Err = 27.65
root: Epoch: [143 | 300]
root: Train_Loss = 0.1481970250606537, Train_Err = 4.496
root: Val_Loss = 1.3097773790359497, Val_Err = 29.12
root: Epoch: [144 | 300]
root: Train_Loss = 0.15789391100406647, Train_Err = 4.862
root: Val_Loss = 1.2829368114471436, Val_Err = 28.07
root: Epoch: [145 | 300]
root: Train_Loss = 0.14704638719558716, Train_Err = 4.568
root: Val_Loss = 1.448589563369751, Val_Err = 31.0
root: Epoch: [146 | 300]
root: Train_Loss = 0.16266173124313354, Train_Err = 5.034
root: Val_Loss = 1.3449405431747437, Val_Err = 28.06
root: Epoch: [147 | 300]
root: Train_Loss = 0.14986713230609894, Train_Err = 4.522
root: Val_Loss = 1.2769936323165894, Val_Err = 28.35
root: Epoch: [148 | 300]
root: Train_Loss = 0.1541476547718048, Train_Err = 4.732
root: Val_Loss = 1.2047021389007568, Val_Err = 26.57
root: Epoch: [149 | 300]
root: Train_Loss = 0.1564595103263855, Train_Err = 4.854
root: Val_Loss = 1.2113443613052368, Val_Err = 26.67
root: Epoch: [150 | 300]
root: Train_Loss = 0.052011385560035706, Train_Err = 1.348
root: Val_Loss = 0.8441938161849976, Val_Err = 19.47
root: Epoch: [151 | 300]
root: Train_Loss = 0.020081080496311188, Train_Err = 0.334
root: Val_Loss = 0.832269012928009, Val_Err = 19.0
root: Epoch: [152 | 300]
root: Train_Loss = 0.014947786927223206, Train_Err = 0.26
root: Val_Loss = 0.8254374861717224, Val_Err = 18.56
root: Epoch: [153 | 300]
root: Train_Loss = 0.011931568384170532, Train_Err = 0.182
root: Val_Loss = 0.8164426684379578, Val_Err = 18.46
root: Epoch: [154 | 300]
root: Train_Loss = 0.010495473630726337, Train_Err = 0.15
root: Val_Loss = 0.8139496445655823, Val_Err = 18.43
root: Epoch: [155 | 300]
root: Train_Loss = 0.009278402663767338, Train_Err = 0.12
root: Val_Loss = 0.8119061589241028, Val_Err = 18.03
root: Epoch: [156 | 300]
root: Train_Loss = 0.008093670010566711, Train_Err = 0.098
root: Val_Loss = 0.8104309439659119, Val_Err = 18.13
root: Epoch: [157 | 300]
root: Train_Loss = 0.007786436006426811, Train_Err = 0.096
root: Val_Loss = 0.8078394532203674, Val_Err = 18.11
root: Epoch: [158 | 300]
root: Train_Loss = 0.006934629287570715, Train_Err = 0.09
root: Val_Loss = 0.8040093183517456, Val_Err = 18.24
root: Epoch: [159 | 300]
root: Train_Loss = 0.007263201754540205, Train_Err = 0.1
root: Val_Loss = 0.8012863397598267, Val_Err = 18.08
root: Epoch: [160 | 300]
root: Train_Loss = 0.0066813938319683075, Train_Err = 0.092
root: Val_Loss = 0.7946639657020569, Val_Err = 17.95
root: Epoch: [161 | 300]
root: Train_Loss = 0.0068930331617593765, Train_Err = 0.104
root: Val_Loss = 0.7982560992240906, Val_Err = 18.01
root: Epoch: [162 | 300]
root: Train_Loss = 0.006212481763213873, Train_Err = 0.088
root: Val_Loss = 0.7934547066688538, Val_Err = 17.91
root: Epoch: [163 | 300]
root: Train_Loss = 0.0059195756912231445, Train_Err = 0.09
root: Val_Loss = 0.796791136264801, Val_Err = 17.84
root: Epoch: [164 | 300]
root: Train_Loss = 0.0059373825788497925, Train_Err = 0.088
root: Val_Loss = 0.7934805750846863, Val_Err = 17.94
root: Epoch: [165 | 300]
root: Train_Loss = 0.005698827560991049, Train_Err = 0.082
root: Val_Loss = 0.7912757396697998, Val_Err = 17.92
root: Epoch: [166 | 300]
root: Train_Loss = 0.005562218371778727, Train_Err = 0.076
root: Val_Loss = 0.7900031208992004, Val_Err = 17.78
root: Epoch: [167 | 300]
root: Train_Loss = 0.005242427345365286, Train_Err = 0.07
root: Val_Loss = 0.7861195802688599, Val_Err = 17.67
root: Epoch: [168 | 300]
root: Train_Loss = 0.005742481444031, Train_Err = 0.114
root: Val_Loss = 0.7863005995750427, Val_Err = 17.79
root: Epoch: [169 | 300]
root: Train_Loss = 0.004762214608490467, Train_Err = 0.074
root: Val_Loss = 0.7811055183410645, Val_Err = 17.66
root: Epoch: [170 | 300]
root: Train_Loss = 0.004750723950564861, Train_Err = 0.064
root: Val_Loss = 0.7823696732521057, Val_Err = 17.73
root: Epoch: [171 | 300]
root: Train_Loss = 0.004985031206160784, Train_Err = 0.072
root: Val_Loss = 0.7787374258041382, Val_Err = 17.66
root: Epoch: [172 | 300]
root: Train_Loss = 0.00480662239715457, Train_Err = 0.068
root: Val_Loss = 0.7748799920082092, Val_Err = 17.63
root: Epoch: [173 | 300]
root: Train_Loss = 0.004729941487312317, Train_Err = 0.056
root: Val_Loss = 0.7707274556159973, Val_Err = 17.62
root: Epoch: [174 | 300]
root: Train_Loss = 0.005047725513577461, Train_Err = 0.092
root: Val_Loss = 0.7726535201072693, Val_Err = 17.65
root: Epoch: [175 | 300]
root: Train_Loss = 0.004808821715414524, Train_Err = 0.072
root: Val_Loss = 0.7668830156326294, Val_Err = 17.64
root: Epoch: [176 | 300]
root: Train_Loss = 0.004901158157736063, Train_Err = 0.08
root: Val_Loss = 0.7635906338691711, Val_Err = 17.51
root: Epoch: [177 | 300]
root: Train_Loss = 0.0047562918625772, Train_Err = 0.062
root: Val_Loss = 0.7634090185165405, Val_Err = 17.57
root: Epoch: [178 | 300]
root: Train_Loss = 0.0047881752252578735, Train_Err = 0.082
root: Val_Loss = 0.757636547088623, Val_Err = 17.54
root: Epoch: [179 | 300]
root: Train_Loss = 0.004367970861494541, Train_Err = 0.062
root: Val_Loss = 0.7567174434661865, Val_Err = 17.66
root: Epoch: [180 | 300]
root: Train_Loss = 0.004310272168368101, Train_Err = 0.042
root: Val_Loss = 0.7569689750671387, Val_Err = 17.48
root: Epoch: [181 | 300]
root: Train_Loss = 0.004540242720395327, Train_Err = 0.06
root: Val_Loss = 0.7566424012184143, Val_Err = 17.6
root: Epoch: [182 | 300]
root: Train_Loss = 0.00454325694590807, Train_Err = 0.07
root: Val_Loss = 0.7539618611335754, Val_Err = 17.47
root: Epoch: [183 | 300]
root: Train_Loss = 0.004131959285587072, Train_Err = 0.054
root: Val_Loss = 0.757287859916687, Val_Err = 17.5
root: Epoch: [184 | 300]
root: Train_Loss = 0.004161108750849962, Train_Err = 0.054
root: Val_Loss = 0.7514292597770691, Val_Err = 17.47
root: Epoch: [185 | 300]
root: Train_Loss = 0.0040288339368999004, Train_Err = 0.04
root: Val_Loss = 0.7504259347915649, Val_Err = 17.45
root: Epoch: [186 | 300]
root: Train_Loss = 0.004027191549539566, Train_Err = 0.046
root: Val_Loss = 0.751311719417572, Val_Err = 17.43
root: Epoch: [187 | 300]
root: Train_Loss = 0.0040327999740839005, Train_Err = 0.044
root: Val_Loss = 0.7508573532104492, Val_Err = 17.41
root: Epoch: [188 | 300]
root: Train_Loss = 0.0041311318054795265, Train_Err = 0.048
root: Val_Loss = 0.7474981546401978, Val_Err = 17.46
root: Epoch: [189 | 300]
root: Train_Loss = 0.004204611759632826, Train_Err = 0.06
root: Val_Loss = 0.7464290261268616, Val_Err = 17.26
root: Epoch: [190 | 300]
root: Train_Loss = 0.004383522551506758, Train_Err = 0.054
root: Val_Loss = 0.7447172403335571, Val_Err = 17.33
root: Epoch: [191 | 300]
root: Train_Loss = 0.004132214467972517, Train_Err = 0.04
root: Val_Loss = 0.7429895997047424, Val_Err = 17.41
root: Epoch: [192 | 300]
root: Train_Loss = 0.004407783038914204, Train_Err = 0.058
root: Val_Loss = 0.7482770085334778, Val_Err = 17.53
root: Epoch: [193 | 300]
root: Train_Loss = 0.004158071707934141, Train_Err = 0.046
root: Val_Loss = 0.7398192882537842, Val_Err = 17.38
root: Epoch: [194 | 300]
root: Train_Loss = 0.004005162511020899, Train_Err = 0.05
root: Val_Loss = 0.742501974105835, Val_Err = 17.52
root: Epoch: [195 | 300]
root: Train_Loss = 0.0038987474981695414, Train_Err = 0.048
root: Val_Loss = 0.7415191531181335, Val_Err = 17.45
root: Epoch: [196 | 300]
root: Train_Loss = 0.0040697674266994, Train_Err = 0.056
root: Val_Loss = 0.7333012223243713, Val_Err = 17.25
root: Epoch: [197 | 300]
root: Train_Loss = 0.004112905357033014, Train_Err = 0.048
root: Val_Loss = 0.7342548370361328, Val_Err = 17.34
root: Epoch: [198 | 300]
root: Train_Loss = 0.004131638444960117, Train_Err = 0.058
root: Val_Loss = 0.7368385791778564, Val_Err = 17.28
root: Epoch: [199 | 300]
root: Train_Loss = 0.004422649275511503, Train_Err = 0.064
root: Val_Loss = 0.7392568588256836, Val_Err = 17.37
root: Epoch: [200 | 300]
root: Train_Loss = 0.0040536257438361645, Train_Err = 0.05
root: Val_Loss = 0.7395642995834351, Val_Err = 17.51
root: Epoch: [201 | 300]
root: Train_Loss = 0.0039863851852715015, Train_Err = 0.04
root: Val_Loss = 0.73438960313797, Val_Err = 17.3
root: Epoch: [202 | 300]
root: Train_Loss = 0.004074988886713982, Train_Err = 0.046
root: Val_Loss = 0.7371964454650879, Val_Err = 17.57
root: Epoch: [203 | 300]
root: Train_Loss = 0.004173118155449629, Train_Err = 0.056
root: Val_Loss = 0.7353711128234863, Val_Err = 17.32
root: Epoch: [204 | 300]
root: Train_Loss = 0.003823037026450038, Train_Err = 0.04
root: Val_Loss = 0.7325904369354248, Val_Err = 17.43
root: Epoch: [205 | 300]
root: Train_Loss = 0.0038277620915323496, Train_Err = 0.05
root: Val_Loss = 0.7309974431991577, Val_Err = 17.32
root: Epoch: [206 | 300]
root: Train_Loss = 0.004040640313178301, Train_Err = 0.046
root: Val_Loss = 0.7335078716278076, Val_Err = 17.48
root: Epoch: [207 | 300]
root: Train_Loss = 0.0037484155036509037, Train_Err = 0.052
root: Val_Loss = 0.7304663062095642, Val_Err = 17.37
root: Epoch: [208 | 300]
root: Train_Loss = 0.004103536251932383, Train_Err = 0.052
root: Val_Loss = 0.7248839139938354, Val_Err = 17.4
root: Epoch: [209 | 300]
root: Train_Loss = 0.004242918454110622, Train_Err = 0.056
root: Val_Loss = 0.7253111004829407, Val_Err = 17.32
root: Epoch: [210 | 300]
root: Train_Loss = 0.004011137410998344, Train_Err = 0.054
root: Val_Loss = 0.7236042022705078, Val_Err = 17.23
root: Epoch: [211 | 300]
root: Train_Loss = 0.0038391421549022198, Train_Err = 0.042
root: Val_Loss = 0.7193500995635986, Val_Err = 17.29
root: Epoch: [212 | 300]
root: Train_Loss = 0.0040070307441055775, Train_Err = 0.044
root: Val_Loss = 0.7194457054138184, Val_Err = 17.24
root: Epoch: [213 | 300]
root: Train_Loss = 0.0037923171184957027, Train_Err = 0.042
root: Val_Loss = 0.7205864787101746, Val_Err = 17.37
root: Epoch: [214 | 300]
root: Train_Loss = 0.004201240371912718, Train_Err = 0.054
root: Val_Loss = 0.7202680110931396, Val_Err = 17.25
root: Epoch: [215 | 300]
root: Train_Loss = 0.003836434567347169, Train_Err = 0.04
root: Val_Loss = 0.7176377177238464, Val_Err = 17.32
root: Epoch: [216 | 300]
root: Train_Loss = 0.0039147320203483105, Train_Err = 0.04
root: Val_Loss = 0.7190176844596863, Val_Err = 17.49
root: Epoch: [217 | 300]
root: Train_Loss = 0.0039032064378261566, Train_Err = 0.03
root: Val_Loss = 0.719323456287384, Val_Err = 17.21
root: Epoch: [218 | 300]
root: Train_Loss = 0.00399328488856554, Train_Err = 0.046
root: Val_Loss = 0.7148676514625549, Val_Err = 17.2
root: Epoch: [219 | 300]
root: Train_Loss = 0.004019100684672594, Train_Err = 0.052
root: Val_Loss = 0.7167612314224243, Val_Err = 17.26
root: Epoch: [220 | 300]
root: Train_Loss = 0.0038881173823028803, Train_Err = 0.048
root: Val_Loss = 0.7176500558853149, Val_Err = 17.17
root: Epoch: [221 | 300]
root: Train_Loss = 0.0038554363418370485, Train_Err = 0.038
root: Val_Loss = 0.7163352966308594, Val_Err = 17.26
root: Epoch: [222 | 300]
root: Train_Loss = 0.004153802525252104, Train_Err = 0.05
root: Val_Loss = 0.7102974653244019, Val_Err = 17.2
root: Epoch: [223 | 300]
root: Train_Loss = 0.0037567848339676857, Train_Err = 0.04
root: Val_Loss = 0.7151195406913757, Val_Err = 17.24
root: Epoch: [224 | 300]
root: Train_Loss = 0.0037586460821330547, Train_Err = 0.04
root: Val_Loss = 0.7130737900733948, Val_Err = 17.31
root: Epoch: [225 | 300]
root: Train_Loss = 0.003978435415774584, Train_Err = 0.048
root: Val_Loss = 0.7114918828010559, Val_Err = 17.44
root: Epoch: [226 | 300]
root: Train_Loss = 0.0035262603778392076, Train_Err = 0.022
root: Val_Loss = 0.711026668548584, Val_Err = 17.17
root: Epoch: [227 | 300]
root: Train_Loss = 0.0034765794407576323, Train_Err = 0.034
root: Val_Loss = 0.7121720314025879, Val_Err = 17.29
root: Epoch: [228 | 300]
root: Train_Loss = 0.003575204871594906, Train_Err = 0.034
root: Val_Loss = 0.7127413153648376, Val_Err = 17.22
root: Epoch: [229 | 300]
root: Train_Loss = 0.003576992778107524, Train_Err = 0.03
root: Val_Loss = 0.7118856906890869, Val_Err = 17.2
root: Epoch: [230 | 300]
root: Train_Loss = 0.003507752902805805, Train_Err = 0.032
root: Val_Loss = 0.7089526057243347, Val_Err = 17.24
root: Epoch: [231 | 300]
root: Train_Loss = 0.0034086403902620077, Train_Err = 0.036
root: Val_Loss = 0.713605523109436, Val_Err = 17.24
root: Epoch: [232 | 300]
root: Train_Loss = 0.0034926682710647583, Train_Err = 0.034
root: Val_Loss = 0.7119332551956177, Val_Err = 17.31
root: Epoch: [233 | 300]
root: Train_Loss = 0.0035490605514496565, Train_Err = 0.046
root: Val_Loss = 0.7107186913490295, Val_Err = 17.19
root: Epoch: [234 | 300]
root: Train_Loss = 0.0037235268391668797, Train_Err = 0.044
root: Val_Loss = 0.7092999815940857, Val_Err = 17.19
root: Epoch: [235 | 300]
root: Train_Loss = 0.003325548255816102, Train_Err = 0.028
root: Val_Loss = 0.7098291516304016, Val_Err = 17.27
root: Epoch: [236 | 300]
root: Train_Loss = 0.0033823393750935793, Train_Err = 0.03
root: Val_Loss = 0.7103325128555298, Val_Err = 17.27
root: Epoch: [237 | 300]
root: Train_Loss = 0.003411731217056513, Train_Err = 0.032
root: Val_Loss = 0.7102170586585999, Val_Err = 17.19
root: Epoch: [238 | 300]
root: Train_Loss = 0.003575915237888694, Train_Err = 0.048
root: Val_Loss = 0.7104637026786804, Val_Err = 17.2
root: Epoch: [239 | 300]
root: Train_Loss = 0.0035483494866639376, Train_Err = 0.036
root: Val_Loss = 0.7106212377548218, Val_Err = 17.08
root: Epoch: [240 | 300]
root: Train_Loss = 0.0033477023243904114, Train_Err = 0.034
root: Val_Loss = 0.7095666527748108, Val_Err = 17.08
root: Epoch: [241 | 300]
root: Train_Loss = 0.0035105752758681774, Train_Err = 0.036
root: Val_Loss = 0.7092939019203186, Val_Err = 17.07
root: Epoch: [242 | 300]
root: Train_Loss = 0.003319360315799713, Train_Err = 0.028
root: Val_Loss = 0.7075520753860474, Val_Err = 17.09
root: Epoch: [243 | 300]
root: Train_Loss = 0.003491769079118967, Train_Err = 0.038
root: Val_Loss = 0.7085713148117065, Val_Err = 17.15
root: Epoch: [244 | 300]
root: Train_Loss = 0.003427759977057576, Train_Err = 0.032
root: Val_Loss = 0.713646411895752, Val_Err = 17.2
root: Epoch: [245 | 300]
root: Train_Loss = 0.0037283047568053007, Train_Err = 0.05
root: Val_Loss = 0.7107782363891602, Val_Err = 17.08
root: Epoch: [246 | 300]
root: Train_Loss = 0.003367149271070957, Train_Err = 0.024
root: Val_Loss = 0.7118573784828186, Val_Err = 17.14
root: Epoch: [247 | 300]
root: Train_Loss = 0.003312429180368781, Train_Err = 0.032
root: Val_Loss = 0.7107779383659363, Val_Err = 17.07
root: Epoch: [248 | 300]
root: Train_Loss = 0.003298689378425479, Train_Err = 0.022
root: Val_Loss = 0.7081394791603088, Val_Err = 17.16
root: Epoch: [249 | 300]
root: Train_Loss = 0.003548285225406289, Train_Err = 0.036
root: Val_Loss = 0.7079914808273315, Val_Err = 17.04
root: Epoch: [250 | 300]
root: Train_Loss = 0.003300173906609416, Train_Err = 0.026
root: Val_Loss = 0.7065497040748596, Val_Err = 17.16
root: Epoch: [251 | 300]
root: Train_Loss = 0.003521281061694026, Train_Err = 0.032
root: Val_Loss = 0.7075063586235046, Val_Err = 17.1
root: Epoch: [252 | 300]
root: Train_Loss = 0.0034007919020950794, Train_Err = 0.034
root: Val_Loss = 0.709141194820404, Val_Err = 17.1
root: Epoch: [253 | 300]
root: Train_Loss = 0.003483452368527651, Train_Err = 0.042
root: Val_Loss = 0.708311140537262, Val_Err = 17.05
root: Epoch: [254 | 300]
root: Train_Loss = 0.0033444182481616735, Train_Err = 0.036
root: Val_Loss = 0.7071932554244995, Val_Err = 17.23
root: Epoch: [255 | 300]
root: Train_Loss = 0.003402623813599348, Train_Err = 0.032
root: Val_Loss = 0.7087147235870361, Val_Err = 17.18
root: Epoch: [256 | 300]
root: Train_Loss = 0.0033202955964952707, Train_Err = 0.036
root: Val_Loss = 0.7093411684036255, Val_Err = 17.01
root: Epoch: [257 | 300]
root: Train_Loss = 0.0033465148881077766, Train_Err = 0.038
root: Val_Loss = 0.7052375674247742, Val_Err = 17.06
root: Epoch: [258 | 300]
root: Train_Loss = 0.003082717303186655, Train_Err = 0.02
root: Val_Loss = 0.7058748602867126, Val_Err = 17.09
root: Epoch: [259 | 300]
root: Train_Loss = 0.0033976284321397543, Train_Err = 0.038
root: Val_Loss = 0.707410454750061, Val_Err = 17.03
root: Epoch: [260 | 300]
root: Train_Loss = 0.003468667156994343, Train_Err = 0.036
root: Val_Loss = 0.7070825695991516, Val_Err = 17.11
root: Epoch: [261 | 300]
root: Train_Loss = 0.0034217722713947296, Train_Err = 0.026
root: Val_Loss = 0.7043132185935974, Val_Err = 16.98
root: Epoch: [262 | 300]
root: Train_Loss = 0.0032133925706148148, Train_Err = 0.028
root: Val_Loss = 0.7075954675674438, Val_Err = 17.09
root: Epoch: [263 | 300]
root: Train_Loss = 0.003482649801298976, Train_Err = 0.036
root: Val_Loss = 0.7043709754943848, Val_Err = 16.91
root: Epoch: [264 | 300]
root: Train_Loss = 0.0036024493165314198, Train_Err = 0.036
root: Val_Loss = 0.7070651650428772, Val_Err = 16.99
root: Epoch: [265 | 300]
root: Train_Loss = 0.0033910733181983232, Train_Err = 0.04
root: Val_Loss = 0.7074248790740967, Val_Err = 17.12
root: Epoch: [266 | 300]
root: Train_Loss = 0.0036392025649547577, Train_Err = 0.04
root: Val_Loss = 0.7072889804840088, Val_Err = 17.04
root: Epoch: [267 | 300]
root: Train_Loss = 0.003435850143432617, Train_Err = 0.034
root: Val_Loss = 0.7075967788696289, Val_Err = 17.08
root: Epoch: [268 | 300]
root: Train_Loss = 0.0033599177841097116, Train_Err = 0.036
root: Val_Loss = 0.7033682465553284, Val_Err = 16.99
root: Epoch: [269 | 300]
root: Train_Loss = 0.0034439845476299524, Train_Err = 0.034
root: Val_Loss = 0.7039886713027954, Val_Err = 17.0
root: Epoch: [270 | 300]
root: Train_Loss = 0.0035407389514148235, Train_Err = 0.044
root: Val_Loss = 0.7086765170097351, Val_Err = 16.98
root: Epoch: [271 | 300]
root: Train_Loss = 0.0036780638620257378, Train_Err = 0.048
root: Val_Loss = 0.709525465965271, Val_Err = 16.95
root: Epoch: [272 | 300]
root: Train_Loss = 0.0034900871105492115, Train_Err = 0.038
root: Val_Loss = 0.7066247463226318, Val_Err = 17.04
root: Epoch: [273 | 300]
root: Train_Loss = 0.0034764809533953667, Train_Err = 0.036
root: Val_Loss = 0.7059444785118103, Val_Err = 17.14
root: Epoch: [274 | 300]
root: Train_Loss = 0.003375585889443755, Train_Err = 0.038
root: Val_Loss = 0.7088515162467957, Val_Err = 17.01
root: Epoch: [275 | 300]
root: Train_Loss = 0.0034136688336730003, Train_Err = 0.042
root: Val_Loss = 0.7071154117584229, Val_Err = 17.01
root: Epoch: [276 | 300]
root: Train_Loss = 0.003275193041190505, Train_Err = 0.034
root: Val_Loss = 0.7022421360015869, Val_Err = 16.91
root: Epoch: [277 | 300]
root: Train_Loss = 0.003325051162391901, Train_Err = 0.032
root: Val_Loss = 0.7077683210372925, Val_Err = 17.01
root: Epoch: [278 | 300]
root: Train_Loss = 0.003401733236387372, Train_Err = 0.038
root: Val_Loss = 0.7047789692878723, Val_Err = 16.92
root: Epoch: [279 | 300]
root: Train_Loss = 0.0035681715235114098, Train_Err = 0.04
root: Val_Loss = 0.7057150602340698, Val_Err = 17.01
root: Epoch: [280 | 300]
root: Train_Loss = 0.0032741264440119267, Train_Err = 0.022
root: Val_Loss = 0.7047485709190369, Val_Err = 17.19
root: Epoch: [281 | 300]
root: Train_Loss = 0.0034905001521110535, Train_Err = 0.042
root: Val_Loss = 0.706825852394104, Val_Err = 16.97
root: Epoch: [282 | 300]
root: Train_Loss = 0.0033502450678497553, Train_Err = 0.038
root: Val_Loss = 0.706639289855957, Val_Err = 17.16
root: Epoch: [283 | 300]
root: Train_Loss = 0.003542237216606736, Train_Err = 0.04
root: Val_Loss = 0.7049216032028198, Val_Err = 17.04
root: Epoch: [284 | 300]
root: Train_Loss = 0.003497049678117037, Train_Err = 0.038
root: Val_Loss = 0.7070513963699341, Val_Err = 17.02
root: Epoch: [285 | 300]
root: Train_Loss = 0.003238014644011855, Train_Err = 0.036
root: Val_Loss = 0.7050331830978394, Val_Err = 17.0
root: Epoch: [286 | 300]
root: Train_Loss = 0.003372887847945094, Train_Err = 0.038
root: Val_Loss = 0.7049748301506042, Val_Err = 17.07
root: Epoch: [287 | 300]
root: Train_Loss = 0.003363944822922349, Train_Err = 0.032
root: Val_Loss = 0.7067033052444458, Val_Err = 17.09
root: Epoch: [288 | 300]
root: Train_Loss = 0.003255796153098345, Train_Err = 0.026
root: Val_Loss = 0.7051936388015747, Val_Err = 17.09
root: Epoch: [289 | 300]
root: Train_Loss = 0.003462790511548519, Train_Err = 0.032
root: Val_Loss = 0.7057684063911438, Val_Err = 17.16
root: Epoch: [290 | 300]
root: Train_Loss = 0.003208921058103442, Train_Err = 0.03
root: Val_Loss = 0.7047746181488037, Val_Err = 17.09
root: Epoch: [291 | 300]
root: Train_Loss = 0.0035287095233798027, Train_Err = 0.046
root: Val_Loss = 0.7045682668685913, Val_Err = 17.12
root: Epoch: [292 | 300]
root: Train_Loss = 0.003242742270231247, Train_Err = 0.04
root: Val_Loss = 0.7058648467063904, Val_Err = 17.06
root: Epoch: [293 | 300]
root: Train_Loss = 0.003365482669323683, Train_Err = 0.042
root: Val_Loss = 0.7033186554908752, Val_Err = 17.14
root: Epoch: [294 | 300]
root: Train_Loss = 0.003151551354676485, Train_Err = 0.026
root: Val_Loss = 0.7066499590873718, Val_Err = 17.03
root: Epoch: [295 | 300]
root: Train_Loss = 0.0034140299540013075, Train_Err = 0.036
root: Val_Loss = 0.7063849568367004, Val_Err = 17.07
root: Epoch: [296 | 300]
root: Train_Loss = 0.0034095575101673603, Train_Err = 0.042
root: Val_Loss = 0.7069448828697205, Val_Err = 17.04
root: Epoch: [297 | 300]
root: Train_Loss = 0.0034975630696862936, Train_Err = 0.036
root: Val_Loss = 0.7059113383293152, Val_Err = 17.15
root: Epoch: [298 | 300]
root: Train_Loss = 0.0033678216859698296, Train_Err = 0.042
root: Val_Loss = 0.7050942182540894, Val_Err = 17.07
root: Epoch: [299 | 300]
root: Train_Loss = 0.003270453307777643, Train_Err = 0.024
root: Val_Loss = 0.706174373626709, Val_Err = 17.02
