Namespace(bs=128, cp_dir='./checkpoints/cifar100_new/resnet50/sgd/run_ms_3/run0', data_dir='./data/cifar100', dir='.', dtype='cifar100', ep=200, loadckp=False, lr=0.1, milestones=[100, 120], mo=0.9, ms=3, mtype='resnet50', n='cifar100_new/resnet50/sgd', num_classes=100, print_freq=100, use_cuda=True, wd=0.0005)
Epoch: [0 | 200]
Phase:train -- Batch_idx:100/391-- 740.38 samples/sec-- Loss:5.53 -- Error1:98.78
Phase:train -- Batch_idx:200/391-- 774.23 samples/sec-- Loss:5.04 -- Error1:98.43
Phase:train -- Batch_idx:300/391-- 785.63 samples/sec-- Loss:4.84 -- Error1:98.01
Train_Loss = 4.706856834106445, Train_Err = 97.506
Val_Loss = 4.198848674011231, Val_Err = 95.42
Epoch: [1 | 200]
Phase:train -- Batch_idx:100/391-- 794.15 samples/sec-- Loss:4.14 -- Error1:95.19
Phase:train -- Batch_idx:200/391-- 800.90 samples/sec-- Loss:4.09 -- Error1:94.42
Phase:train -- Batch_idx:300/391-- 803.32 samples/sec-- Loss:4.04 -- Error1:93.77
Train_Loss = 4.007989848937989, Train_Err = 93.282
Val_Loss = 3.8387445167541503, Val_Err = 90.82
Epoch: [2 | 200]
Phase:train -- Batch_idx:100/391-- 794.05 samples/sec-- Loss:3.79 -- Error1:89.69
Phase:train -- Batch_idx:200/391-- 800.72 samples/sec-- Loss:3.75 -- Error1:88.90
Phase:train -- Batch_idx:300/391-- 802.96 samples/sec-- Loss:3.71 -- Error1:88.11
Train_Loss = 3.6600248918914793, Train_Err = 87.364
Val_Loss = 3.4928223999023436, Val_Err = 84.39
Epoch: [3 | 200]
Phase:train -- Batch_idx:100/391-- 793.80 samples/sec-- Loss:3.41 -- Error1:83.18
Phase:train -- Batch_idx:200/391-- 800.52 samples/sec-- Loss:3.38 -- Error1:82.64
Phase:train -- Batch_idx:300/391-- 802.75 samples/sec-- Loss:3.34 -- Error1:81.77
Train_Loss = 3.2951541778564453, Train_Err = 80.966
Val_Loss = 3.132024925613403, Val_Err = 77.92
Epoch: [4 | 200]
Phase:train -- Batch_idx:100/391-- 793.90 samples/sec-- Loss:3.05 -- Error1:76.12
Phase:train -- Batch_idx:200/391-- 800.63 samples/sec-- Loss:3.00 -- Error1:75.67
Phase:train -- Batch_idx:300/391-- 803.00 samples/sec-- Loss:2.97 -- Error1:74.83
Train_Loss = 2.931660174560547, Train_Err = 74.054
Val_Loss = 2.7901155963897706, Val_Err = 71.42
Epoch: [5 | 200]
Phase:train -- Batch_idx:100/391-- 794.10 samples/sec-- Loss:2.64 -- Error1:68.30
Phase:train -- Batch_idx:200/391-- 800.90 samples/sec-- Loss:2.65 -- Error1:68.35
Phase:train -- Batch_idx:300/391-- 803.23 samples/sec-- Loss:2.63 -- Error1:68.05
Train_Loss = 2.60461445854187, Train_Err = 67.542
Val_Loss = 2.7281805686950684, Val_Err = 69.24
Epoch: [6 | 200]
Phase:train -- Batch_idx:100/391-- 794.48 samples/sec-- Loss:2.37 -- Error1:63.23
Phase:train -- Batch_idx:200/391-- 801.21 samples/sec-- Loss:2.38 -- Error1:63.05
Phase:train -- Batch_idx:300/391-- 803.50 samples/sec-- Loss:2.36 -- Error1:62.59
Train_Loss = 2.3441279098510743, Train_Err = 62.198
Val_Loss = 2.4253609603881836, Val_Err = 63.58
Epoch: [7 | 200]
Phase:train -- Batch_idx:100/391-- 794.24 samples/sec-- Loss:2.14 -- Error1:57.54
Phase:train -- Batch_idx:200/391-- 801.23 samples/sec-- Loss:2.15 -- Error1:57.78
Phase:train -- Batch_idx:300/391-- 803.56 samples/sec-- Loss:2.15 -- Error1:57.74
Train_Loss = 2.1516809426116943, Train_Err = 57.73
Val_Loss = 2.350657084274292, Val_Err = 61.87
Epoch: [8 | 200]
Phase:train -- Batch_idx:100/391-- 795.62 samples/sec-- Loss:1.96 -- Error1:53.70
Phase:train -- Batch_idx:200/391-- 801.85 samples/sec-- Loss:1.98 -- Error1:54.20
Phase:train -- Batch_idx:300/391-- 803.94 samples/sec-- Loss:1.99 -- Error1:54.43
Train_Loss = 1.9912646199798585, Train_Err = 54.388
Val_Loss = 2.179326829147339, Val_Err = 58.09
Epoch: [9 | 200]
Phase:train -- Batch_idx:100/391-- 793.80 samples/sec-- Loss:1.80 -- Error1:49.68
Phase:train -- Batch_idx:200/391-- 801.09 samples/sec-- Loss:1.84 -- Error1:51.02
Phase:train -- Batch_idx:300/391-- 803.53 samples/sec-- Loss:1.85 -- Error1:51.12
Train_Loss = 1.8568269249725342, Train_Err = 51.372
Val_Loss = 2.2658738594055174, Val_Err = 58.96
Epoch: [10 | 200]
Phase:train -- Batch_idx:100/391-- 797.02 samples/sec-- Loss:1.68 -- Error1:46.56
Phase:train -- Batch_idx:200/391-- 802.68 samples/sec-- Loss:1.71 -- Error1:47.53
Phase:train -- Batch_idx:300/391-- 804.55 samples/sec-- Loss:1.74 -- Error1:48.44
Train_Loss = 1.7487016018295287, Train_Err = 48.62
Val_Loss = 2.176714849090576, Val_Err = 57.46
Epoch: [11 | 200]
Phase:train -- Batch_idx:100/391-- 794.40 samples/sec-- Loss:1.55 -- Error1:43.95
Phase:train -- Batch_idx:200/391-- 801.42 samples/sec-- Loss:1.59 -- Error1:44.90
Phase:train -- Batch_idx:300/391-- 803.73 samples/sec-- Loss:1.63 -- Error1:45.86
Train_Loss = 1.6522872574234009, Train_Err = 46.252
Val_Loss = 2.079500115585327, Val_Err = 56.25
Epoch: [12 | 200]
Phase:train -- Batch_idx:100/391-- 794.97 samples/sec-- Loss:1.48 -- Error1:42.10
Phase:train -- Batch_idx:200/391-- 801.73 samples/sec-- Loss:1.52 -- Error1:43.55
Phase:train -- Batch_idx:300/391-- 803.97 samples/sec-- Loss:1.56 -- Error1:44.28
Train_Loss = 1.5797693230819703, Train_Err = 44.636
Val_Loss = 2.0109027793884278, Val_Err = 53.43
Epoch: [13 | 200]
Phase:train -- Batch_idx:100/391-- 794.89 samples/sec-- Loss:1.39 -- Error1:39.96
Phase:train -- Batch_idx:200/391-- 801.63 samples/sec-- Loss:1.45 -- Error1:41.57
Phase:train -- Batch_idx:300/391-- 803.98 samples/sec-- Loss:1.48 -- Error1:42.28
Train_Loss = 1.4987179650497437, Train_Err = 42.704
Val_Loss = 2.0023863655090333, Val_Err = 53.91
Epoch: [14 | 200]
Phase:train -- Batch_idx:100/391-- 795.99 samples/sec-- Loss:1.31 -- Error1:37.78
Phase:train -- Batch_idx:200/391-- 802.31 samples/sec-- Loss:1.37 -- Error1:39.45
Phase:train -- Batch_idx:300/391-- 804.45 samples/sec-- Loss:1.41 -- Error1:40.42
Train_Loss = 1.4318134247207641, Train_Err = 41.072
Val_Loss = 2.019760236740112, Val_Err = 52.59
Epoch: [15 | 200]
Phase:train -- Batch_idx:100/391-- 793.49 samples/sec-- Loss:1.26 -- Error1:36.98
Phase:train -- Batch_idx:200/391-- 800.58 samples/sec-- Loss:1.30 -- Error1:38.12
Phase:train -- Batch_idx:300/391-- 802.99 samples/sec-- Loss:1.34 -- Error1:38.91
Train_Loss = 1.3662257888412475, Train_Err = 39.588
Val_Loss = 2.100423579788208, Val_Err = 54.1
Epoch: [16 | 200]
Phase:train -- Batch_idx:100/391-- 793.28 samples/sec-- Loss:1.16 -- Error1:33.86
Phase:train -- Batch_idx:200/391-- 800.52 samples/sec-- Loss:1.23 -- Error1:35.86
Phase:train -- Batch_idx:300/391-- 803.03 samples/sec-- Loss:1.28 -- Error1:37.19
Train_Loss = 1.3115310860824585, Train_Err = 37.894
Val_Loss = 2.038359843635559, Val_Err = 53.64
Epoch: [17 | 200]
Phase:train -- Batch_idx:100/391-- 793.26 samples/sec-- Loss:1.10 -- Error1:32.25
Phase:train -- Batch_idx:200/391-- 800.55 samples/sec-- Loss:1.18 -- Error1:34.60
Phase:train -- Batch_idx:300/391-- 802.98 samples/sec-- Loss:1.22 -- Error1:35.66
Train_Loss = 1.2520039766311646, Train_Err = 36.426
Val_Loss = 2.1822472885131834, Val_Err = 55.73
Epoch: [18 | 200]
Phase:train -- Batch_idx:100/391-- 794.91 samples/sec-- Loss:1.06 -- Error1:31.40
Phase:train -- Batch_idx:200/391-- 801.44 samples/sec-- Loss:1.14 -- Error1:33.53
Phase:train -- Batch_idx:300/391-- 803.69 samples/sec-- Loss:1.18 -- Error1:34.80
Train_Loss = 1.2128492387008667, Train_Err = 35.524
Val_Loss = 2.2465006679534913, Val_Err = 56.12
Epoch: [19 | 200]
Phase:train -- Batch_idx:100/391-- 795.11 samples/sec-- Loss:0.98 -- Error1:28.84
Phase:train -- Batch_idx:200/391-- 801.50 samples/sec-- Loss:1.07 -- Error1:31.57
Phase:train -- Batch_idx:300/391-- 803.82 samples/sec-- Loss:1.12 -- Error1:33.09
Train_Loss = 1.1602621690750121, Train_Err = 34.062
Val_Loss = 2.061096459197998, Val_Err = 54.13
Epoch: [20 | 200]
Phase:train -- Batch_idx:100/391-- 794.84 samples/sec-- Loss:0.94 -- Error1:28.17
Phase:train -- Batch_idx:200/391-- 801.58 samples/sec-- Loss:1.04 -- Error1:31.00
Phase:train -- Batch_idx:300/391-- 803.96 samples/sec-- Loss:1.09 -- Error1:32.36
Train_Loss = 1.13109256439209, Train_Err = 33.516
Val_Loss = 1.967934080505371, Val_Err = 50.9
Epoch: [21 | 200]
Phase:train -- Batch_idx:100/391-- 795.30 samples/sec-- Loss:0.91 -- Error1:26.91
Phase:train -- Batch_idx:200/391-- 802.05 samples/sec-- Loss:0.99 -- Error1:29.54
Phase:train -- Batch_idx:300/391-- 804.31 samples/sec-- Loss:1.06 -- Error1:31.41
Train_Loss = 1.0802442135238648, Train_Err = 31.97
Val_Loss = 2.0210968479156493, Val_Err = 52.82
Epoch: [22 | 200]
Phase:train -- Batch_idx:100/391-- 794.64 samples/sec-- Loss:0.88 -- Error1:26.30
Phase:train -- Batch_idx:200/391-- 801.90 samples/sec-- Loss:0.96 -- Error1:28.61
Phase:train -- Batch_idx:300/391-- 804.24 samples/sec-- Loss:1.02 -- Error1:30.28
Train_Loss = 1.0518500496673584, Train_Err = 31.15
Val_Loss = 2.12527035446167, Val_Err = 52.5
Epoch: [23 | 200]
Phase:train -- Batch_idx:100/391-- 795.90 samples/sec-- Loss:0.84 -- Error1:25.16
Phase:train -- Batch_idx:200/391-- 802.44 samples/sec-- Loss:0.94 -- Error1:28.26
Phase:train -- Batch_idx:300/391-- 804.52 samples/sec-- Loss:0.99 -- Error1:29.60
Train_Loss = 1.0280412395477294, Train_Err = 30.63
Val_Loss = 2.161719480895996, Val_Err = 53.78
Epoch: [24 | 200]
Phase:train -- Batch_idx:100/391-- 794.11 samples/sec-- Loss:0.83 -- Error1:25.23
Phase:train -- Batch_idx:200/391-- 801.43 samples/sec-- Loss:0.91 -- Error1:27.72
Phase:train -- Batch_idx:300/391-- 803.99 samples/sec-- Loss:0.97 -- Error1:29.19
Train_Loss = 1.0110064126586915, Train_Err = 30.168
Val_Loss = 2.1523536052703856, Val_Err = 53.75
Epoch: [25 | 200]
Phase:train -- Batch_idx:100/391-- 795.28 samples/sec-- Loss:0.80 -- Error1:24.41
Phase:train -- Batch_idx:200/391-- 801.99 samples/sec-- Loss:0.89 -- Error1:27.05
Phase:train -- Batch_idx:300/391-- 804.32 samples/sec-- Loss:0.95 -- Error1:28.58
Train_Loss = 0.9847756444931031, Train_Err = 29.58
Val_Loss = 2.1897391799926758, Val_Err = 53.79
Epoch: [26 | 200]
Phase:train -- Batch_idx:100/391-- 797.30 samples/sec-- Loss:0.75 -- Error1:22.50
Phase:train -- Batch_idx:200/391-- 803.27 samples/sec-- Loss:0.85 -- Error1:25.38
Phase:train -- Batch_idx:300/391-- 805.18 samples/sec-- Loss:0.92 -- Error1:27.39
Train_Loss = 0.9559591937255859, Train_Err = 28.494
Val_Loss = 2.1442668970108034, Val_Err = 52.97
Epoch: [27 | 200]
Phase:train -- Batch_idx:100/391-- 797.21 samples/sec-- Loss:0.75 -- Error1:22.73
Phase:train -- Batch_idx:200/391-- 803.15 samples/sec-- Loss:0.84 -- Error1:25.50
Phase:train -- Batch_idx:300/391-- 805.09 samples/sec-- Loss:0.91 -- Error1:27.51
Train_Loss = 0.955021330280304, Train_Err = 28.622
Val_Loss = 2.037761912536621, Val_Err = 52.33
Epoch: [28 | 200]
Phase:train -- Batch_idx:100/391-- 794.63 samples/sec-- Loss:0.71 -- Error1:21.26
Phase:train -- Batch_idx:200/391-- 801.91 samples/sec-- Loss:0.80 -- Error1:23.89
Phase:train -- Batch_idx:300/391-- 804.33 samples/sec-- Loss:0.86 -- Error1:25.88
Train_Loss = 0.90997067653656, Train_Err = 27.31
Val_Loss = 2.210593618774414, Val_Err = 52.89
Epoch: [29 | 200]
Phase:train -- Batch_idx:100/391-- 796.43 samples/sec-- Loss:0.69 -- Error1:20.53
Phase:train -- Batch_idx:200/391-- 802.76 samples/sec-- Loss:0.80 -- Error1:24.23
Phase:train -- Batch_idx:300/391-- 804.82 samples/sec-- Loss:0.86 -- Error1:25.99
Train_Loss = 0.9020976249694824, Train_Err = 27.176
Val_Loss = 2.181053260040283, Val_Err = 52.7
Epoch: [30 | 200]
Phase:train -- Batch_idx:100/391-- 796.45 samples/sec-- Loss:0.69 -- Error1:21.23
Phase:train -- Batch_idx:200/391-- 802.79 samples/sec-- Loss:0.80 -- Error1:24.50
Phase:train -- Batch_idx:300/391-- 804.94 samples/sec-- Loss:0.86 -- Error1:26.02
Train_Loss = 0.9047328582000732, Train_Err = 27.22
Val_Loss = 2.235022308731079, Val_Err = 54.77
Epoch: [31 | 200]
Phase:train -- Batch_idx:100/391-- 795.46 samples/sec-- Loss:0.67 -- Error1:20.63
Phase:train -- Batch_idx:200/391-- 802.30 samples/sec-- Loss:0.77 -- Error1:23.42
Phase:train -- Batch_idx:300/391-- 804.62 samples/sec-- Loss:0.83 -- Error1:25.03
Train_Loss = 0.8792428882026673, Train_Err = 26.546
Val_Loss = 2.17359653339386, Val_Err = 52.76
Epoch: [32 | 200]
Phase:train -- Batch_idx:100/391-- 796.46 samples/sec-- Loss:0.68 -- Error1:20.28
Phase:train -- Batch_idx:200/391-- 802.79 samples/sec-- Loss:0.76 -- Error1:22.59
Phase:train -- Batch_idx:300/391-- 804.85 samples/sec-- Loss:0.83 -- Error1:24.74
Train_Loss = 0.870550705280304, Train_Err = 26.042
Val_Loss = 2.1198857913970945, Val_Err = 52.24
Epoch: [33 | 200]
Phase:train -- Batch_idx:100/391-- 794.52 samples/sec-- Loss:0.67 -- Error1:20.13
Phase:train -- Batch_idx:200/391-- 801.82 samples/sec-- Loss:0.76 -- Error1:22.93
Phase:train -- Batch_idx:300/391-- 804.28 samples/sec-- Loss:0.82 -- Error1:24.70
Train_Loss = 0.8593384283447265, Train_Err = 25.808
Val_Loss = 2.268186046218872, Val_Err = 54.4
Epoch: [34 | 200]
Phase:train -- Batch_idx:100/391-- 797.21 samples/sec-- Loss:0.66 -- Error1:20.08
Phase:train -- Batch_idx:200/391-- 803.16 samples/sec-- Loss:0.74 -- Error1:22.47
Phase:train -- Batch_idx:300/391-- 805.12 samples/sec-- Loss:0.83 -- Error1:24.89
Train_Loss = 0.8677296228981018, Train_Err = 26.006
Val_Loss = 2.082691593170166, Val_Err = 51.38
Epoch: [35 | 200]
Phase:train -- Batch_idx:100/391-- 796.49 samples/sec-- Loss:0.61 -- Error1:18.12
Phase:train -- Batch_idx:200/391-- 802.92 samples/sec-- Loss:0.71 -- Error1:21.50
Phase:train -- Batch_idx:300/391-- 804.99 samples/sec-- Loss:0.79 -- Error1:23.81
Train_Loss = 0.8489035821533203, Train_Err = 25.378
Val_Loss = 2.407569453048706, Val_Err = 55.4
Epoch: [36 | 200]
Phase:train -- Batch_idx:100/391-- 794.96 samples/sec-- Loss:0.60 -- Error1:18.14
Phase:train -- Batch_idx:200/391-- 802.13 samples/sec-- Loss:0.71 -- Error1:21.51
Phase:train -- Batch_idx:300/391-- 804.49 samples/sec-- Loss:0.78 -- Error1:23.53
Train_Loss = 0.8336070813751221, Train_Err = 25.104
Val_Loss = 2.226872917175293, Val_Err = 53.58
Epoch: [37 | 200]
Phase:train -- Batch_idx:100/391-- 797.29 samples/sec-- Loss:0.62 -- Error1:18.51
Phase:train -- Batch_idx:200/391-- 803.26 samples/sec-- Loss:0.73 -- Error1:22.07
Phase:train -- Batch_idx:300/391-- 805.18 samples/sec-- Loss:0.79 -- Error1:23.85
Train_Loss = 0.833333035144806, Train_Err = 25.15
Val_Loss = 2.0769515327453614, Val_Err = 50.38
Epoch: [38 | 200]
Phase:train -- Batch_idx:100/391-- 794.42 samples/sec-- Loss:0.61 -- Error1:18.26
Phase:train -- Batch_idx:200/391-- 801.74 samples/sec-- Loss:0.70 -- Error1:21.05
Phase:train -- Batch_idx:300/391-- 804.22 samples/sec-- Loss:0.78 -- Error1:23.35
Train_Loss = 0.8179562992858886, Train_Err = 24.484
Val_Loss = 2.2155321308135987, Val_Err = 51.54
Epoch: [39 | 200]
Phase:train -- Batch_idx:100/391-- 796.82 samples/sec-- Loss:0.61 -- Error1:18.54
Phase:train -- Batch_idx:200/391-- 802.99 samples/sec-- Loss:0.71 -- Error1:21.34
Phase:train -- Batch_idx:300/391-- 805.13 samples/sec-- Loss:0.78 -- Error1:23.53
Train_Loss = 0.8181416360092163, Train_Err = 24.634
Val_Loss = 2.5490667716979982, Val_Err = 56.94
Epoch: [40 | 200]
Phase:train -- Batch_idx:100/391-- 795.29 samples/sec-- Loss:0.61 -- Error1:18.33
Phase:train -- Batch_idx:200/391-- 802.19 samples/sec-- Loss:0.71 -- Error1:21.20
Phase:train -- Batch_idx:300/391-- 804.56 samples/sec-- Loss:0.78 -- Error1:23.27
Train_Loss = 0.8167576832199097, Train_Err = 24.412
Val_Loss = 2.2140362270355225, Val_Err = 52.81
Epoch: [41 | 200]
Phase:train -- Batch_idx:100/391-- 796.72 samples/sec-- Loss:0.61 -- Error1:18.41
Phase:train -- Batch_idx:200/391-- 803.00 samples/sec-- Loss:0.69 -- Error1:20.72
Phase:train -- Batch_idx:300/391-- 805.11 samples/sec-- Loss:0.76 -- Error1:22.92
Train_Loss = 0.8102437162017823, Train_Err = 24.4
Val_Loss = 2.156067469406128, Val_Err = 52.29
Epoch: [42 | 200]
Phase:train -- Batch_idx:100/391-- 798.11 samples/sec-- Loss:0.58 -- Error1:17.54
Phase:train -- Batch_idx:200/391-- 803.65 samples/sec-- Loss:0.70 -- Error1:21.07
Phase:train -- Batch_idx:300/391-- 805.59 samples/sec-- Loss:0.76 -- Error1:22.98
Train_Loss = 0.812687257938385, Train_Err = 24.524
Val_Loss = 2.088029396247864, Val_Err = 51.55
Epoch: [43 | 200]
Phase:train -- Batch_idx:100/391-- 794.76 samples/sec-- Loss:0.55 -- Error1:16.38
Phase:train -- Batch_idx:200/391-- 801.94 samples/sec-- Loss:0.66 -- Error1:19.96
Phase:train -- Batch_idx:300/391-- 804.37 samples/sec-- Loss:0.74 -- Error1:22.45
Train_Loss = 0.790639600353241, Train_Err = 23.778
Val_Loss = 2.2968291309356688, Val_Err = 55.03
Epoch: [44 | 200]
Phase:train -- Batch_idx:100/391-- 797.06 samples/sec-- Loss:0.57 -- Error1:18.02
Phase:train -- Batch_idx:200/391-- 803.17 samples/sec-- Loss:0.67 -- Error1:20.41
Phase:train -- Batch_idx:300/391-- 805.24 samples/sec-- Loss:0.75 -- Error1:22.75
Train_Loss = 0.7999819582366944, Train_Err = 24.048
Val_Loss = 2.345450024032593, Val_Err = 54.3
Epoch: [45 | 200]
Phase:train -- Batch_idx:100/391-- 796.02 samples/sec-- Loss:0.59 -- Error1:18.00
Phase:train -- Batch_idx:200/391-- 802.61 samples/sec-- Loss:0.69 -- Error1:20.76
Phase:train -- Batch_idx:300/391-- 804.72 samples/sec-- Loss:0.75 -- Error1:22.54
Train_Loss = 0.7930514227294921, Train_Err = 23.814
Val_Loss = 2.2781059040069582, Val_Err = 53.34
Epoch: [46 | 200]
Phase:train -- Batch_idx:100/391-- 795.91 samples/sec-- Loss:0.59 -- Error1:17.66
Phase:train -- Batch_idx:200/391-- 802.63 samples/sec-- Loss:0.68 -- Error1:20.12
Phase:train -- Batch_idx:300/391-- 804.88 samples/sec-- Loss:0.75 -- Error1:22.53
Train_Loss = 0.7929915838623047, Train_Err = 23.734
Val_Loss = 2.353419108581543, Val_Err = 54.67
Epoch: [47 | 200]
Phase:train -- Batch_idx:100/391-- 795.73 samples/sec-- Loss:0.57 -- Error1:17.43
Phase:train -- Batch_idx:200/391-- 802.50 samples/sec-- Loss:0.67 -- Error1:20.41
Phase:train -- Batch_idx:300/391-- 804.82 samples/sec-- Loss:0.73 -- Error1:22.29
Train_Loss = 0.7823433522796631, Train_Err = 23.676
Val_Loss = 2.2516353130340576, Val_Err = 52.2
Epoch: [48 | 200]
Phase:train -- Batch_idx:100/391-- 796.23 samples/sec-- Loss:0.59 -- Error1:17.97
Phase:train -- Batch_idx:200/391-- 802.78 samples/sec-- Loss:0.68 -- Error1:20.52
Phase:train -- Batch_idx:300/391-- 805.00 samples/sec-- Loss:0.74 -- Error1:22.34
Train_Loss = 0.7864641475677491, Train_Err = 23.768
Val_Loss = 2.3115352352142335, Val_Err = 53.61
Epoch: [49 | 200]
Phase:train -- Batch_idx:100/391-- 797.83 samples/sec-- Loss:0.55 -- Error1:16.73
Phase:train -- Batch_idx:200/391-- 803.59 samples/sec-- Loss:0.64 -- Error1:19.38
Phase:train -- Batch_idx:300/391-- 805.58 samples/sec-- Loss:0.73 -- Error1:21.90
Train_Loss = 0.7735602123641968, Train_Err = 23.222
Val_Loss = 2.2501660694122316, Val_Err = 53.14
Epoch: [50 | 200]
Phase:train -- Batch_idx:100/391-- 797.41 samples/sec-- Loss:0.57 -- Error1:17.16
Phase:train -- Batch_idx:200/391-- 803.34 samples/sec-- Loss:0.67 -- Error1:20.24
Phase:train -- Batch_idx:300/391-- 805.33 samples/sec-- Loss:0.74 -- Error1:22.44
Train_Loss = 0.7822584312057496, Train_Err = 23.686
Val_Loss = 2.209709627151489, Val_Err = 51.81
Epoch: [51 | 200]
Phase:train -- Batch_idx:100/391-- 795.88 samples/sec-- Loss:0.57 -- Error1:17.27
Phase:train -- Batch_idx:200/391-- 802.59 samples/sec-- Loss:0.66 -- Error1:20.09
Phase:train -- Batch_idx:300/391-- 804.89 samples/sec-- Loss:0.72 -- Error1:21.75
Train_Loss = 0.7648031803512573, Train_Err = 23.012
Val_Loss = 2.219188864135742, Val_Err = 52.27
Epoch: [52 | 200]
Phase:train -- Batch_idx:100/391-- 795.05 samples/sec-- Loss:0.55 -- Error1:16.62
Phase:train -- Batch_idx:200/391-- 802.18 samples/sec-- Loss:0.66 -- Error1:20.16
Phase:train -- Batch_idx:300/391-- 804.64 samples/sec-- Loss:0.73 -- Error1:22.23
Train_Loss = 0.7743201442718506, Train_Err = 23.376
Val_Loss = 2.158888063240051, Val_Err = 51.96
Epoch: [53 | 200]
Phase:train -- Batch_idx:100/391-- 797.69 samples/sec-- Loss:0.55 -- Error1:16.83
Phase:train -- Batch_idx:200/391-- 803.58 samples/sec-- Loss:0.66 -- Error1:19.98
Phase:train -- Batch_idx:300/391-- 805.48 samples/sec-- Loss:0.73 -- Error1:21.92
Train_Loss = 0.7688548348045349, Train_Err = 23.054
Val_Loss = 2.221607085800171, Val_Err = 52.38
Epoch: [54 | 200]
Phase:train -- Batch_idx:100/391-- 794.63 samples/sec-- Loss:0.55 -- Error1:16.62
Phase:train -- Batch_idx:200/391-- 802.09 samples/sec-- Loss:0.67 -- Error1:20.39
Phase:train -- Batch_idx:300/391-- 804.58 samples/sec-- Loss:0.73 -- Error1:21.94
Train_Loss = 0.7739619905281067, Train_Err = 23.3
Val_Loss = 2.0920338081359864, Val_Err = 49.93
Epoch: [55 | 200]
Phase:train -- Batch_idx:100/391-- 796.17 samples/sec-- Loss:0.54 -- Error1:16.17
Phase:train -- Batch_idx:200/391-- 802.88 samples/sec-- Loss:0.63 -- Error1:19.09
Phase:train -- Batch_idx:300/391-- 805.11 samples/sec-- Loss:0.71 -- Error1:21.52
Train_Loss = 0.7589752944946289, Train_Err = 22.712
Val_Loss = 2.2127169677734373, Val_Err = 52.04
Epoch: [56 | 200]
Phase:train -- Batch_idx:100/391-- 796.86 samples/sec-- Loss:0.52 -- Error1:15.71
Phase:train -- Batch_idx:200/391-- 803.24 samples/sec-- Loss:0.62 -- Error1:18.83
Phase:train -- Batch_idx:300/391-- 805.37 samples/sec-- Loss:0.70 -- Error1:21.17
Train_Loss = 0.7449270727539062, Train_Err = 22.394
Val_Loss = 2.3162992164611818, Val_Err = 52.96
Epoch: [57 | 200]
Phase:train -- Batch_idx:100/391-- 795.58 samples/sec-- Loss:0.57 -- Error1:17.34
Phase:train -- Batch_idx:200/391-- 802.54 samples/sec-- Loss:0.63 -- Error1:19.47
Phase:train -- Batch_idx:300/391-- 804.85 samples/sec-- Loss:0.71 -- Error1:21.67
Train_Loss = 0.7600730224990845, Train_Err = 23.034
Val_Loss = 2.1940956884384155, Val_Err = 52.64
Epoch: [58 | 200]
Phase:train -- Batch_idx:100/391-- 795.16 samples/sec-- Loss:0.56 -- Error1:16.90
Phase:train -- Batch_idx:200/391-- 802.32 samples/sec-- Loss:0.63 -- Error1:19.04
Phase:train -- Batch_idx:300/391-- 804.73 samples/sec-- Loss:0.70 -- Error1:21.07
Train_Loss = 0.7508032136917114, Train_Err = 22.498
Val_Loss = 2.1295991374969483, Val_Err = 50.69
Epoch: [59 | 200]
Phase:train -- Batch_idx:100/391-- 796.34 samples/sec-- Loss:0.54 -- Error1:16.40
Phase:train -- Batch_idx:200/391-- 803.01 samples/sec-- Loss:0.63 -- Error1:19.16
Phase:train -- Batch_idx:300/391-- 805.18 samples/sec-- Loss:0.71 -- Error1:21.37
Train_Loss = 0.746588906211853, Train_Err = 22.504
Val_Loss = 2.120539701080322, Val_Err = 51.32
Epoch: [60 | 200]
Phase:train -- Batch_idx:100/391-- 794.63 samples/sec-- Loss:0.54 -- Error1:16.54
Phase:train -- Batch_idx:200/391-- 802.08 samples/sec-- Loss:0.63 -- Error1:18.90
Phase:train -- Batch_idx:300/391-- 804.53 samples/sec-- Loss:0.71 -- Error1:21.27
Train_Loss = 0.7474296490097045, Train_Err = 22.476
Val_Loss = 2.2476698112487794, Val_Err = 53.28
Epoch: [61 | 200]
Phase:train -- Batch_idx:100/391-- 794.22 samples/sec-- Loss:0.56 -- Error1:16.88
Phase:train -- Batch_idx:200/391-- 801.84 samples/sec-- Loss:0.64 -- Error1:19.51
Phase:train -- Batch_idx:300/391-- 804.40 samples/sec-- Loss:0.71 -- Error1:21.56
Train_Loss = 0.7533241417503357, Train_Err = 22.694
Val_Loss = 2.377525471496582, Val_Err = 53.09
Epoch: [62 | 200]
Phase:train -- Batch_idx:100/391-- 797.91 samples/sec-- Loss:0.53 -- Error1:15.84
Phase:train -- Batch_idx:200/391-- 803.79 samples/sec-- Loss:0.62 -- Error1:18.66
Phase:train -- Batch_idx:300/391-- 805.66 samples/sec-- Loss:0.69 -- Error1:20.80
Train_Loss = 0.742373080329895, Train_Err = 22.344
Val_Loss = 2.4649283668518067, Val_Err = 55.63
Epoch: [63 | 200]
Phase:train -- Batch_idx:100/391-- 794.01 samples/sec-- Loss:0.57 -- Error1:16.79
Phase:train -- Batch_idx:200/391-- 801.72 samples/sec-- Loss:0.65 -- Error1:19.46
Phase:train -- Batch_idx:300/391-- 804.29 samples/sec-- Loss:0.73 -- Error1:21.83
Train_Loss = 0.7535235374832153, Train_Err = 22.552
Val_Loss = 2.2329785232543946, Val_Err = 50.44
Epoch: [64 | 200]
Phase:train -- Batch_idx:100/391-- 797.84 samples/sec-- Loss:0.54 -- Error1:16.33
Phase:train -- Batch_idx:200/391-- 803.56 samples/sec-- Loss:0.62 -- Error1:18.84
Phase:train -- Batch_idx:300/391-- 805.51 samples/sec-- Loss:0.70 -- Error1:21.01
Train_Loss = 0.739290253868103, Train_Err = 22.154
Val_Loss = 2.2218070419311524, Val_Err = 53.19
Epoch: [65 | 200]
Phase:train -- Batch_idx:100/391-- 794.89 samples/sec-- Loss:0.54 -- Error1:16.41
Phase:train -- Batch_idx:200/391-- 802.16 samples/sec-- Loss:0.63 -- Error1:19.17
Phase:train -- Batch_idx:300/391-- 804.52 samples/sec-- Loss:0.70 -- Error1:21.22
Train_Loss = 0.7421917763900757, Train_Err = 22.474
Val_Loss = 2.4258447971343995, Val_Err = 55.15
Epoch: [66 | 200]
Phase:train -- Batch_idx:100/391-- 797.14 samples/sec-- Loss:0.53 -- Error1:15.77
Phase:train -- Batch_idx:200/391-- 803.25 samples/sec-- Loss:0.61 -- Error1:18.22
Phase:train -- Batch_idx:300/391-- 805.31 samples/sec-- Loss:0.69 -- Error1:20.74
Train_Loss = 0.7293820754814148, Train_Err = 21.878
Val_Loss = 2.2585928245544435, Val_Err = 52.13
Epoch: [67 | 200]
Phase:train -- Batch_idx:100/391-- 797.26 samples/sec-- Loss:0.54 -- Error1:15.98
Phase:train -- Batch_idx:200/391-- 803.26 samples/sec-- Loss:0.63 -- Error1:18.94
Phase:train -- Batch_idx:300/391-- 805.37 samples/sec-- Loss:0.69 -- Error1:20.76
Train_Loss = 0.7489458969116211, Train_Err = 22.292
Val_Loss = 2.199735472869873, Val_Err = 51.69
Epoch: [68 | 200]
Phase:train -- Batch_idx:100/391-- 796.82 samples/sec-- Loss:0.54 -- Error1:15.54
Phase:train -- Batch_idx:200/391-- 803.08 samples/sec-- Loss:0.62 -- Error1:18.21
Phase:train -- Batch_idx:300/391-- 805.17 samples/sec-- Loss:0.68 -- Error1:20.17
Train_Loss = 0.7254114956855774, Train_Err = 21.656
Val_Loss = 2.2974391708374022, Val_Err = 53.17
Epoch: [69 | 200]
Phase:train -- Batch_idx:100/391-- 796.33 samples/sec-- Loss:0.53 -- Error1:16.11
Phase:train -- Batch_idx:200/391-- 802.96 samples/sec-- Loss:0.62 -- Error1:18.78
Phase:train -- Batch_idx:300/391-- 805.12 samples/sec-- Loss:0.69 -- Error1:20.76
Train_Loss = 0.7308231299209594, Train_Err = 22.018
Val_Loss = 2.216382499694824, Val_Err = 51.29
Epoch: [70 | 200]
Phase:train -- Batch_idx:100/391-- 794.19 samples/sec-- Loss:0.53 -- Error1:16.22
Phase:train -- Batch_idx:200/391-- 801.78 samples/sec-- Loss:0.61 -- Error1:18.54
Phase:train -- Batch_idx:300/391-- 804.29 samples/sec-- Loss:0.69 -- Error1:20.71
Train_Loss = 0.7339856923484802, Train_Err = 21.886
Val_Loss = 2.1039353666305542, Val_Err = 50.69
Epoch: [71 | 200]
Phase:train -- Batch_idx:100/391-- 796.87 samples/sec-- Loss:0.53 -- Error1:16.20
Phase:train -- Batch_idx:200/391-- 803.11 samples/sec-- Loss:0.59 -- Error1:18.13
Phase:train -- Batch_idx:300/391-- 805.17 samples/sec-- Loss:0.68 -- Error1:20.59
Train_Loss = 0.7258443311691284, Train_Err = 21.836
Val_Loss = 2.1180144317626954, Val_Err = 50.52
Epoch: [72 | 200]
Phase:train -- Batch_idx:100/391-- 794.94 samples/sec-- Loss:0.53 -- Error1:16.05
Phase:train -- Batch_idx:200/391-- 802.29 samples/sec-- Loss:0.60 -- Error1:18.17
Phase:train -- Batch_idx:300/391-- 804.71 samples/sec-- Loss:0.67 -- Error1:20.22
Train_Loss = 0.7179556918716431, Train_Err = 21.576
Val_Loss = 2.3065692163467406, Val_Err = 54.19
Epoch: [73 | 200]
Phase:train -- Batch_idx:100/391-- 794.67 samples/sec-- Loss:0.53 -- Error1:15.84
Phase:train -- Batch_idx:200/391-- 802.10 samples/sec-- Loss:0.60 -- Error1:18.04
Phase:train -- Batch_idx:300/391-- 804.57 samples/sec-- Loss:0.68 -- Error1:20.46
Train_Loss = 0.7294446501541137, Train_Err = 21.934
Val_Loss = 2.2497940038681032, Val_Err = 52.55
Epoch: [74 | 200]
Phase:train -- Batch_idx:100/391-- 796.75 samples/sec-- Loss:0.51 -- Error1:15.16
Phase:train -- Batch_idx:200/391-- 803.11 samples/sec-- Loss:0.59 -- Error1:17.61
Phase:train -- Batch_idx:300/391-- 805.34 samples/sec-- Loss:0.67 -- Error1:19.85
Train_Loss = 0.7159958144378662, Train_Err = 21.336
Val_Loss = 2.310415100479126, Val_Err = 53.79
Epoch: [75 | 200]
Phase:train -- Batch_idx:100/391-- 795.38 samples/sec-- Loss:0.53 -- Error1:15.79
Phase:train -- Batch_idx:200/391-- 802.52 samples/sec-- Loss:0.59 -- Error1:17.91
Phase:train -- Batch_idx:300/391-- 804.94 samples/sec-- Loss:0.68 -- Error1:20.41
Train_Loss = 0.7271208290863037, Train_Err = 21.706
Val_Loss = 2.3707194755554197, Val_Err = 53.4
Epoch: [76 | 200]
Phase:train -- Batch_idx:100/391-- 796.41 samples/sec-- Loss:0.51 -- Error1:15.17
Phase:train -- Batch_idx:200/391-- 802.93 samples/sec-- Loss:0.59 -- Error1:18.04
Phase:train -- Batch_idx:300/391-- 805.19 samples/sec-- Loss:0.67 -- Error1:20.24
Train_Loss = 0.7167186283493042, Train_Err = 21.592
Val_Loss = 2.1903872133255007, Val_Err = 51.22
Epoch: [77 | 200]
Phase:train -- Batch_idx:100/391-- 798.38 samples/sec-- Loss:0.51 -- Error1:15.55
Phase:train -- Batch_idx:200/391-- 804.05 samples/sec-- Loss:0.60 -- Error1:18.13
Phase:train -- Batch_idx:300/391-- 805.94 samples/sec-- Loss:0.67 -- Error1:20.22
Train_Loss = 0.7175583176612854, Train_Err = 21.608
Val_Loss = 2.209532494354248, Val_Err = 51.23
Epoch: [78 | 200]
Phase:train -- Batch_idx:100/391-- 795.20 samples/sec-- Loss:0.52 -- Error1:15.55
Phase:train -- Batch_idx:200/391-- 802.39 samples/sec-- Loss:0.58 -- Error1:17.57
Phase:train -- Batch_idx:300/391-- 804.84 samples/sec-- Loss:0.65 -- Error1:19.66
Train_Loss = 0.7067156274795532, Train_Err = 21.316
Val_Loss = 2.197140352630615, Val_Err = 51.94
Epoch: [79 | 200]
Phase:train -- Batch_idx:100/391-- 797.52 samples/sec-- Loss:0.49 -- Error1:14.64
Phase:train -- Batch_idx:200/391-- 803.50 samples/sec-- Loss:0.58 -- Error1:17.32
Phase:train -- Batch_idx:300/391-- 805.60 samples/sec-- Loss:0.65 -- Error1:19.48
Train_Loss = 0.6980022359848023, Train_Err = 20.99
Val_Loss = 2.2149523208618165, Val_Err = 52.11
Epoch: [80 | 200]
Phase:train -- Batch_idx:100/391-- 796.15 samples/sec-- Loss:0.53 -- Error1:15.89
Phase:train -- Batch_idx:200/391-- 802.82 samples/sec-- Loss:0.60 -- Error1:17.95
Phase:train -- Batch_idx:300/391-- 805.15 samples/sec-- Loss:0.67 -- Error1:20.04
Train_Loss = 0.7180310266876221, Train_Err = 21.438
Val_Loss = 2.2510728172302246, Val_Err = 52.07
Epoch: [81 | 200]
Phase:train -- Batch_idx:100/391-- 795.79 samples/sec-- Loss:0.51 -- Error1:15.47
Phase:train -- Batch_idx:200/391-- 802.68 samples/sec-- Loss:0.56 -- Error1:17.14
Phase:train -- Batch_idx:300/391-- 805.10 samples/sec-- Loss:0.64 -- Error1:19.51
Train_Loss = 0.7039057423782349, Train_Err = 21.202
Val_Loss = 2.3539774627685546, Val_Err = 53.25
Epoch: [82 | 200]
Phase:train -- Batch_idx:100/391-- 795.32 samples/sec-- Loss:0.51 -- Error1:15.19
Phase:train -- Batch_idx:200/391-- 802.58 samples/sec-- Loss:0.59 -- Error1:17.57
Phase:train -- Batch_idx:300/391-- 804.98 samples/sec-- Loss:0.65 -- Error1:19.45
Train_Loss = 0.7028406167793274, Train_Err = 20.998
Val_Loss = 2.400890623664856, Val_Err = 54.61
Epoch: [83 | 200]
Phase:train -- Batch_idx:100/391-- 796.83 samples/sec-- Loss:0.50 -- Error1:15.33
Phase:train -- Batch_idx:200/391-- 803.38 samples/sec-- Loss:0.58 -- Error1:17.57
Phase:train -- Batch_idx:300/391-- 805.55 samples/sec-- Loss:0.66 -- Error1:19.94
Train_Loss = 0.7029575373077392, Train_Err = 21.158
Val_Loss = 2.0995344591140745, Val_Err = 50.02
Epoch: [84 | 200]
Phase:train -- Batch_idx:100/391-- 797.53 samples/sec-- Loss:0.51 -- Error1:15.60
Phase:train -- Batch_idx:200/391-- 803.65 samples/sec-- Loss:0.56 -- Error1:17.09
Phase:train -- Batch_idx:300/391-- 805.76 samples/sec-- Loss:0.65 -- Error1:19.71
Train_Loss = 0.6957245537948609, Train_Err = 20.91
Val_Loss = 2.259813293838501, Val_Err = 52.38
Epoch: [85 | 200]
Phase:train -- Batch_idx:100/391-- 798.73 samples/sec-- Loss:0.50 -- Error1:14.92
Phase:train -- Batch_idx:200/391-- 804.16 samples/sec-- Loss:0.58 -- Error1:17.41
Phase:train -- Batch_idx:300/391-- 806.01 samples/sec-- Loss:0.64 -- Error1:19.19
Train_Loss = 0.6950332732009887, Train_Err = 20.834
Val_Loss = 2.144633842086792, Val_Err = 51.04
Epoch: [86 | 200]
Phase:train -- Batch_idx:100/391-- 795.59 samples/sec-- Loss:0.49 -- Error1:14.89
Phase:train -- Batch_idx:200/391-- 802.60 samples/sec-- Loss:0.56 -- Error1:17.00
Phase:train -- Batch_idx:300/391-- 804.97 samples/sec-- Loss:0.64 -- Error1:19.24
Train_Loss = 0.694151243095398, Train_Err = 20.688
Val_Loss = 2.465825471878052, Val_Err = 53.47
Epoch: [87 | 200]
Phase:train -- Batch_idx:100/391-- 798.09 samples/sec-- Loss:0.51 -- Error1:15.43
Phase:train -- Batch_idx:200/391-- 803.97 samples/sec-- Loss:0.58 -- Error1:17.57
Phase:train -- Batch_idx:300/391-- 805.98 samples/sec-- Loss:0.66 -- Error1:19.67
Train_Loss = 0.7006682109069824, Train_Err = 20.852
Val_Loss = 2.166485838699341, Val_Err = 51.53
Epoch: [88 | 200]
Phase:train -- Batch_idx:100/391-- 796.10 samples/sec-- Loss:0.52 -- Error1:15.65
Phase:train -- Batch_idx:200/391-- 803.02 samples/sec-- Loss:0.58 -- Error1:17.58
Phase:train -- Batch_idx:300/391-- 805.32 samples/sec-- Loss:0.63 -- Error1:19.29
Train_Loss = 0.6850146666145325, Train_Err = 20.646
Val_Loss = 2.302765608215332, Val_Err = 52.48
Epoch: [89 | 200]
Phase:train -- Batch_idx:100/391-- 795.57 samples/sec-- Loss:0.49 -- Error1:14.66
Phase:train -- Batch_idx:200/391-- 802.71 samples/sec-- Loss:0.57 -- Error1:17.06
Phase:train -- Batch_idx:300/391-- 805.06 samples/sec-- Loss:0.65 -- Error1:19.47
Train_Loss = 0.6982190117263793, Train_Err = 20.874
Val_Loss = 2.2435740087509157, Val_Err = 52.42
Epoch: [90 | 200]
Phase:train -- Batch_idx:100/391-- 795.90 samples/sec-- Loss:0.48 -- Error1:14.61
Phase:train -- Batch_idx:200/391-- 802.92 samples/sec-- Loss:0.55 -- Error1:16.78
Phase:train -- Batch_idx:300/391-- 805.34 samples/sec-- Loss:0.63 -- Error1:19.03
Train_Loss = 0.6793788132095336, Train_Err = 20.494
Val_Loss = 2.289626957702637, Val_Err = 52.63
Epoch: [91 | 200]
Phase:train -- Batch_idx:100/391-- 795.64 samples/sec-- Loss:0.49 -- Error1:14.78
Phase:train -- Batch_idx:200/391-- 802.79 samples/sec-- Loss:0.56 -- Error1:16.68
Phase:train -- Batch_idx:300/391-- 805.16 samples/sec-- Loss:0.63 -- Error1:18.93
Train_Loss = 0.6739604401016235, Train_Err = 20.16
Val_Loss = 2.3802694995880125, Val_Err = 53.68
Epoch: [92 | 200]
Phase:train -- Batch_idx:100/391-- 796.06 samples/sec-- Loss:0.49 -- Error1:14.34
Phase:train -- Batch_idx:200/391-- 803.01 samples/sec-- Loss:0.55 -- Error1:16.40
Phase:train -- Batch_idx:300/391-- 805.29 samples/sec-- Loss:0.62 -- Error1:18.50
Train_Loss = 0.6693082035827637, Train_Err = 20.062
Val_Loss = 2.3504776336669924, Val_Err = 53.23
Epoch: [93 | 200]
Phase:train -- Batch_idx:100/391-- 796.33 samples/sec-- Loss:0.50 -- Error1:14.88
Phase:train -- Batch_idx:200/391-- 803.06 samples/sec-- Loss:0.55 -- Error1:16.18
Phase:train -- Batch_idx:300/391-- 805.36 samples/sec-- Loss:0.62 -- Error1:18.41
Train_Loss = 0.6644039002227783, Train_Err = 19.606
Val_Loss = 2.2776992782592775, Val_Err = 53.41
Epoch: [94 | 200]
Phase:train -- Batch_idx:100/391-- 796.67 samples/sec-- Loss:0.50 -- Error1:15.15
Phase:train -- Batch_idx:200/391-- 803.32 samples/sec-- Loss:0.57 -- Error1:17.40
Phase:train -- Batch_idx:300/391-- 805.55 samples/sec-- Loss:0.64 -- Error1:19.39
Train_Loss = 0.6883598877716064, Train_Err = 20.84
Val_Loss = 2.168263819885254, Val_Err = 50.75
Epoch: [95 | 200]
Phase:train -- Batch_idx:100/391-- 796.29 samples/sec-- Loss:0.49 -- Error1:14.75
Phase:train -- Batch_idx:200/391-- 803.10 samples/sec-- Loss:0.54 -- Error1:16.22
Phase:train -- Batch_idx:300/391-- 805.41 samples/sec-- Loss:0.62 -- Error1:18.45
Train_Loss = 0.6646232290840149, Train_Err = 19.81
Val_Loss = 2.4510651390075684, Val_Err = 52.56
Epoch: [96 | 200]
Phase:train -- Batch_idx:100/391-- 795.63 samples/sec-- Loss:0.50 -- Error1:14.84
Phase:train -- Batch_idx:200/391-- 802.69 samples/sec-- Loss:0.55 -- Error1:16.62
Phase:train -- Batch_idx:300/391-- 805.08 samples/sec-- Loss:0.62 -- Error1:18.67
Train_Loss = 0.6741489720153808, Train_Err = 20.352
Val_Loss = 2.23380889339447, Val_Err = 51.33
Epoch: [97 | 200]
Phase:train -- Batch_idx:100/391-- 795.54 samples/sec-- Loss:0.52 -- Error1:15.48
Phase:train -- Batch_idx:200/391-- 802.70 samples/sec-- Loss:0.57 -- Error1:17.14
Phase:train -- Batch_idx:300/391-- 805.05 samples/sec-- Loss:0.63 -- Error1:18.94
Train_Loss = 0.679054035987854, Train_Err = 20.306
Val_Loss = 2.550175312805176, Val_Err = 55.49
Epoch: [98 | 200]
Phase:train -- Batch_idx:100/391-- 795.61 samples/sec-- Loss:0.50 -- Error1:15.01
Phase:train -- Batch_idx:200/391-- 802.72 samples/sec-- Loss:0.53 -- Error1:16.32
Phase:train -- Batch_idx:300/391-- 805.07 samples/sec-- Loss:0.61 -- Error1:18.54
Train_Loss = 0.6647759654808044, Train_Err = 20.106
Val_Loss = 2.40984309425354, Val_Err = 54.29
Epoch: [99 | 200]
Phase:train -- Batch_idx:100/391-- 795.30 samples/sec-- Loss:0.50 -- Error1:15.04
Phase:train -- Batch_idx:200/391-- 802.61 samples/sec-- Loss:0.55 -- Error1:16.58
Phase:train -- Batch_idx:300/391-- 805.07 samples/sec-- Loss:0.63 -- Error1:18.72
Train_Loss = 0.677710817527771, Train_Err = 20.112
Val_Loss = 2.4708232799530028, Val_Err = 55.09
Epoch: [100 | 200]
Phase:train -- Batch_idx:100/391-- 797.75 samples/sec-- Loss:0.33 -- Error1:9.34
Phase:train -- Batch_idx:200/391-- 803.85 samples/sec-- Loss:0.27 -- Error1:7.30
Phase:train -- Batch_idx:300/391-- 805.89 samples/sec-- Loss:0.23 -- Error1:6.21
Train_Loss = 0.20833476105690002, Train_Err = 5.464
Val_Loss = 1.4801657503128052, Val_Err = 37.46
Epoch: [101 | 200]
Phase:train -- Batch_idx:100/391-- 797.34 samples/sec-- Loss:0.06 -- Error1:0.77
Phase:train -- Batch_idx:200/391-- 803.72 samples/sec-- Loss:0.06 -- Error1:0.71
Phase:train -- Batch_idx:300/391-- 805.83 samples/sec-- Loss:0.06 -- Error1:0.68
Train_Loss = 0.05509699120759964, Train_Err = 0.688
Val_Loss = 1.4947271482467652, Val_Err = 36.85
Epoch: [102 | 200]
Phase:train -- Batch_idx:100/391-- 796.13 samples/sec-- Loss:0.03 -- Error1:0.25
Phase:train -- Batch_idx:200/391-- 803.01 samples/sec-- Loss:0.03 -- Error1:0.24
Phase:train -- Batch_idx:300/391-- 805.28 samples/sec-- Loss:0.03 -- Error1:0.24
Train_Loss = 0.03326869877457619, Train_Err = 0.27
Val_Loss = 1.5103393545150756, Val_Err = 37.06
Epoch: [103 | 200]
Phase:train -- Batch_idx:100/391-- 795.97 samples/sec-- Loss:0.02 -- Error1:0.09
Phase:train -- Batch_idx:200/391-- 802.99 samples/sec-- Loss:0.02 -- Error1:0.15
Phase:train -- Batch_idx:300/391-- 805.33 samples/sec-- Loss:0.02 -- Error1:0.16
Train_Loss = 0.0242736909365654, Train_Err = 0.16
Val_Loss = 1.5066878179550172, Val_Err = 36.75
Epoch: [104 | 200]
Phase:train -- Batch_idx:100/391-- 795.27 samples/sec-- Loss:0.02 -- Error1:0.09
Phase:train -- Batch_idx:200/391-- 802.59 samples/sec-- Loss:0.02 -- Error1:0.08
Phase:train -- Batch_idx:300/391-- 805.04 samples/sec-- Loss:0.02 -- Error1:0.09
Train_Loss = 0.019324787287712097, Train_Err = 0.1
Val_Loss = 1.5101461828231812, Val_Err = 36.75
Epoch: [105 | 200]
Phase:train -- Batch_idx:100/391-- 796.49 samples/sec-- Loss:0.02 -- Error1:0.05
Phase:train -- Batch_idx:200/391-- 803.03 samples/sec-- Loss:0.02 -- Error1:0.06
Phase:train -- Batch_idx:300/391-- 805.19 samples/sec-- Loss:0.02 -- Error1:0.06
Train_Loss = 0.01650400070875883, Train_Err = 0.066
Val_Loss = 1.5115375705718994, Val_Err = 36.88
Epoch: [106 | 200]
Phase:train -- Batch_idx:100/391-- 794.93 samples/sec-- Loss:0.01 -- Error1:0.01
Phase:train -- Batch_idx:200/391-- 802.22 samples/sec-- Loss:0.01 -- Error1:0.03
Phase:train -- Batch_idx:300/391-- 804.59 samples/sec-- Loss:0.01 -- Error1:0.04
Train_Loss = 0.014638766483664512, Train_Err = 0.054
Val_Loss = 1.5053667261123658, Val_Err = 36.62
Epoch: [107 | 200]
Phase:train -- Batch_idx:100/391-- 795.31 samples/sec-- Loss:0.01 -- Error1:0.06
Phase:train -- Batch_idx:200/391-- 802.39 samples/sec-- Loss:0.01 -- Error1:0.04
Phase:train -- Batch_idx:300/391-- 804.85 samples/sec-- Loss:0.01 -- Error1:0.04
Train_Loss = 0.013301578105688095, Train_Err = 0.036
Val_Loss = 1.508451339530945, Val_Err = 37.01
Epoch: [108 | 200]
Phase:train -- Batch_idx:100/391-- 794.25 samples/sec-- Loss:0.01 -- Error1:0.02
Phase:train -- Batch_idx:200/391-- 801.85 samples/sec-- Loss:0.01 -- Error1:0.04
Phase:train -- Batch_idx:300/391-- 804.48 samples/sec-- Loss:0.01 -- Error1:0.04
Train_Loss = 0.012309903491735458, Train_Err = 0.034
Val_Loss = 1.50000862159729, Val_Err = 36.78
Epoch: [109 | 200]
Phase:train -- Batch_idx:100/391-- 796.80 samples/sec-- Loss:0.01 -- Error1:0.02
Phase:train -- Batch_idx:200/391-- 803.27 samples/sec-- Loss:0.01 -- Error1:0.03
Phase:train -- Batch_idx:300/391-- 805.39 samples/sec-- Loss:0.01 -- Error1:0.04
Train_Loss = 0.011923025436997414, Train_Err = 0.04
Val_Loss = 1.4963799551010133, Val_Err = 36.94
Epoch: [110 | 200]
Phase:train -- Batch_idx:100/391-- 795.78 samples/sec-- Loss:0.01 -- Error1:0.02
Phase:train -- Batch_idx:200/391-- 802.84 samples/sec-- Loss:0.01 -- Error1:0.03
Phase:train -- Batch_idx:300/391-- 805.18 samples/sec-- Loss:0.01 -- Error1:0.04
Train_Loss = 0.011236415643692016, Train_Err = 0.036
Val_Loss = 1.4985706321716308, Val_Err = 36.7
Epoch: [111 | 200]
Phase:train -- Batch_idx:100/391-- 798.01 samples/sec-- Loss:0.01 -- Error1:0.02
Phase:train -- Batch_idx:200/391-- 803.95 samples/sec-- Loss:0.01 -- Error1:0.03
Phase:train -- Batch_idx:300/391-- 805.83 samples/sec-- Loss:0.01 -- Error1:0.04
Train_Loss = 0.010973074762821198, Train_Err = 0.044
Val_Loss = 1.490858685684204, Val_Err = 36.81
Epoch: [112 | 200]
Phase:train -- Batch_idx:100/391-- 797.24 samples/sec-- Loss:0.01 -- Error1:0.05
Phase:train -- Batch_idx:200/391-- 803.57 samples/sec-- Loss:0.01 -- Error1:0.04
Phase:train -- Batch_idx:300/391-- 805.63 samples/sec-- Loss:0.01 -- Error1:0.05
Train_Loss = 0.01088967198640108, Train_Err = 0.044
Val_Loss = 1.4956544826507567, Val_Err = 37.02
Epoch: [113 | 200]
Phase:train -- Batch_idx:100/391-- 795.38 samples/sec-- Loss:0.01 -- Error1:0.02
Phase:train -- Batch_idx:200/391-- 802.50 samples/sec-- Loss:0.01 -- Error1:0.03
Phase:train -- Batch_idx:300/391-- 804.95 samples/sec-- Loss:0.01 -- Error1:0.04
Train_Loss = 0.010498174027502537, Train_Err = 0.036
Val_Loss = 1.4915538330078124, Val_Err = 36.91
Epoch: [114 | 200]
Phase:train -- Batch_idx:100/391-- 795.22 samples/sec-- Loss:0.01 -- Error1:0.03
Phase:train -- Batch_idx:200/391-- 802.49 samples/sec-- Loss:0.01 -- Error1:0.02
Phase:train -- Batch_idx:300/391-- 804.93 samples/sec-- Loss:0.01 -- Error1:0.03
Train_Loss = 0.01034098379433155, Train_Err = 0.034
Val_Loss = 1.4879159090042113, Val_Err = 36.81
Epoch: [115 | 200]
Phase:train -- Batch_idx:100/391-- 797.22 samples/sec-- Loss:0.01 -- Error1:0.05
Phase:train -- Batch_idx:200/391-- 803.54 samples/sec-- Loss:0.01 -- Error1:0.03
Phase:train -- Batch_idx:300/391-- 805.64 samples/sec-- Loss:0.01 -- Error1:0.03
Train_Loss = 0.01029114683508873, Train_Err = 0.034
Val_Loss = 1.4835337852478028, Val_Err = 36.9
Epoch: [116 | 200]
Phase:train -- Batch_idx:100/391-- 796.81 samples/sec-- Loss:0.01 -- Error1:0.02
Phase:train -- Batch_idx:200/391-- 803.34 samples/sec-- Loss:0.01 -- Error1:0.02
Phase:train -- Batch_idx:300/391-- 805.55 samples/sec-- Loss:0.01 -- Error1:0.03
Train_Loss = 0.01003233310699463, Train_Err = 0.028
Val_Loss = 1.4836264059066773, Val_Err = 36.9
Epoch: [117 | 200]
Phase:train -- Batch_idx:100/391-- 797.81 samples/sec-- Loss:0.01 -- Error1:0.04
Phase:train -- Batch_idx:200/391-- 803.79 samples/sec-- Loss:0.01 -- Error1:0.05
Phase:train -- Batch_idx:300/391-- 805.79 samples/sec-- Loss:0.01 -- Error1:0.03
Train_Loss = 0.009789897263646126, Train_Err = 0.036
Val_Loss = 1.4811648122787475, Val_Err = 36.98
Epoch: [118 | 200]
Phase:train -- Batch_idx:100/391-- 795.62 samples/sec-- Loss:0.01 -- Error1:0.01
Phase:train -- Batch_idx:200/391-- 802.63 samples/sec-- Loss:0.01 -- Error1:0.03
Phase:train -- Batch_idx:300/391-- 804.99 samples/sec-- Loss:0.01 -- Error1:0.02
Train_Loss = 0.009980137503743172, Train_Err = 0.036
Val_Loss = 1.48277818775177, Val_Err = 36.89
Epoch: [119 | 200]
Phase:train -- Batch_idx:100/391-- 797.54 samples/sec-- Loss:0.01 -- Error1:0.02
Phase:train -- Batch_idx:200/391-- 803.72 samples/sec-- Loss:0.01 -- Error1:0.02
Phase:train -- Batch_idx:300/391-- 805.77 samples/sec-- Loss:0.01 -- Error1:0.03
Train_Loss = 0.009807442637085915, Train_Err = 0.028
Val_Loss = 1.4780930503845215, Val_Err = 36.99
Epoch: [120 | 200]
Phase:train -- Batch_idx:100/391-- 796.63 samples/sec-- Loss:0.01 -- Error1:0.05
Phase:train -- Batch_idx:200/391-- 803.04 samples/sec-- Loss:0.01 -- Error1:0.03
Phase:train -- Batch_idx:300/391-- 805.29 samples/sec-- Loss:0.01 -- Error1:0.03
Train_Loss = 0.009328079267442226, Train_Err = 0.022
Val_Loss = 1.4805097183227538, Val_Err = 36.89
Epoch: [121 | 200]
Phase:train -- Batch_idx:100/391-- 795.59 samples/sec-- Loss:0.01 -- Error1:0.01
Phase:train -- Batch_idx:200/391-- 802.69 samples/sec-- Loss:0.01 -- Error1:0.02
Phase:train -- Batch_idx:300/391-- 805.08 samples/sec-- Loss:0.01 -- Error1:0.02
Train_Loss = 0.008966437523961068, Train_Err = 0.02
Val_Loss = 1.479442338371277, Val_Err = 37.05
Epoch: [122 | 200]
Phase:train -- Batch_idx:100/391-- 797.63 samples/sec-- Loss:0.01 -- Error1:0.01
Phase:train -- Batch_idx:200/391-- 803.70 samples/sec-- Loss:0.01 -- Error1:0.02
Phase:train -- Batch_idx:300/391-- 805.71 samples/sec-- Loss:0.01 -- Error1:0.02
Train_Loss = 0.00897288160264492, Train_Err = 0.016
Val_Loss = 1.479364877128601, Val_Err = 37.05
Epoch: [123 | 200]
Phase:train -- Batch_idx:100/391-- 797.39 samples/sec-- Loss:0.01 -- Error1:0.04
Phase:train -- Batch_idx:200/391-- 803.50 samples/sec-- Loss:0.01 -- Error1:0.02
Phase:train -- Batch_idx:300/391-- 805.67 samples/sec-- Loss:0.01 -- Error1:0.02
Train_Loss = 0.009115038311481477, Train_Err = 0.02
Val_Loss = 1.4733405508041382, Val_Err = 36.64
Epoch: [124 | 200]
Phase:train -- Batch_idx:100/391-- 795.77 samples/sec-- Loss:0.01 -- Error1:0.01
Phase:train -- Batch_idx:200/391-- 802.80 samples/sec-- Loss:0.01 -- Error1:0.02
Phase:train -- Batch_idx:300/391-- 805.20 samples/sec-- Loss:0.01 -- Error1:0.02
Train_Loss = 0.00888414064526558, Train_Err = 0.018
Val_Loss = 1.480102793121338, Val_Err = 36.82
Epoch: [125 | 200]
Phase:train -- Batch_idx:100/391-- 795.62 samples/sec-- Loss:0.01 -- Error1:0.05
Phase:train -- Batch_idx:200/391-- 802.72 samples/sec-- Loss:0.01 -- Error1:0.03
Phase:train -- Batch_idx:300/391-- 805.13 samples/sec-- Loss:0.01 -- Error1:0.02
Train_Loss = 0.009021810591518879, Train_Err = 0.024
Val_Loss = 1.4794772024154663, Val_Err = 36.9
Epoch: [126 | 200]
Phase:train -- Batch_idx:100/391-- 794.87 samples/sec-- Loss:0.01 -- Error1:0.02
Phase:train -- Batch_idx:200/391-- 802.25 samples/sec-- Loss:0.01 -- Error1:0.02
Phase:train -- Batch_idx:300/391-- 804.76 samples/sec-- Loss:0.01 -- Error1:0.02
Train_Loss = 0.009015200281143188, Train_Err = 0.026
Val_Loss = 1.4805095247268676, Val_Err = 37.03
Epoch: [127 | 200]
Phase:train -- Batch_idx:100/391-- 798.90 samples/sec-- Loss:0.01 -- Error1:0.02
Phase:train -- Batch_idx:200/391-- 804.39 samples/sec-- Loss:0.01 -- Error1:0.03
Phase:train -- Batch_idx:300/391-- 806.18 samples/sec-- Loss:0.01 -- Error1:0.03
Train_Loss = 0.008930038393735885, Train_Err = 0.024
Val_Loss = 1.4823075002670287, Val_Err = 37.06
Epoch: [128 | 200]
Phase:train -- Batch_idx:100/391-- 795.35 samples/sec-- Loss:0.01 -- Error1:0.01
Phase:train -- Batch_idx:200/391-- 802.50 samples/sec-- Loss:0.01 -- Error1:0.01
Phase:train -- Batch_idx:300/391-- 804.90 samples/sec-- Loss:0.01 -- Error1:0.02
Train_Loss = 0.008797713372111321, Train_Err = 0.018
Val_Loss = 1.4785800273895264, Val_Err = 36.88
Epoch: [129 | 200]
Phase:train -- Batch_idx:100/391-- 795.47 samples/sec-- Loss:0.01 -- Error1:0.02
Phase:train -- Batch_idx:200/391-- 802.56 samples/sec-- Loss:0.01 -- Error1:0.03
Phase:train -- Batch_idx:300/391-- 804.96 samples/sec-- Loss:0.01 -- Error1:0.02
Train_Loss = 0.00889268466413021, Train_Err = 0.018
Val_Loss = 1.4759298801422118, Val_Err = 36.78
Epoch: [130 | 200]
Phase:train -- Batch_idx:100/391-- 797.57 samples/sec-- Loss:0.01 -- Error1:0.04
Phase:train -- Batch_idx:200/391-- 803.74 samples/sec-- Loss:0.01 -- Error1:0.03
Phase:train -- Batch_idx:300/391-- 805.78 samples/sec-- Loss:0.01 -- Error1:0.02
Train_Loss = 0.008926464873552323, Train_Err = 0.022
Val_Loss = 1.480104578781128, Val_Err = 37.03
Epoch: [131 | 200]
Phase:train -- Batch_idx:100/391-- 796.43 samples/sec-- Loss:0.01 -- Error1:0.02
Phase:train -- Batch_idx:200/391-- 803.17 samples/sec-- Loss:0.01 -- Error1:0.02
Phase:train -- Batch_idx:300/391-- 805.35 samples/sec-- Loss:0.01 -- Error1:0.02
Train_Loss = 0.008889447636306285, Train_Err = 0.018
Val_Loss = 1.4804043745040893, Val_Err = 36.78
Epoch: [132 | 200]
Phase:train -- Batch_idx:100/391-- 795.51 samples/sec-- Loss:0.01 -- Error1:0.02
Phase:train -- Batch_idx:200/391-- 802.60 samples/sec-- Loss:0.01 -- Error1:0.02
Phase:train -- Batch_idx:300/391-- 804.97 samples/sec-- Loss:0.01 -- Error1:0.02
Train_Loss = 0.00884327102124691, Train_Err = 0.022
Val_Loss = 1.4800336198806763, Val_Err = 36.97
Epoch: [133 | 200]
Phase:train -- Batch_idx:100/391-- 795.42 samples/sec-- Loss:0.01 -- Error1:0.02
Phase:train -- Batch_idx:200/391-- 802.56 samples/sec-- Loss:0.01 -- Error1:0.02
Phase:train -- Batch_idx:300/391-- 805.01 samples/sec-- Loss:0.01 -- Error1:0.02
Train_Loss = 0.008969859117269515, Train_Err = 0.024
Val_Loss = 1.4784565671920777, Val_Err = 36.85
Epoch: [134 | 200]
Phase:train -- Batch_idx:100/391-- 795.59 samples/sec-- Loss:0.01 -- Error1:0.02
Phase:train -- Batch_idx:200/391-- 802.54 samples/sec-- Loss:0.01 -- Error1:0.02
Phase:train -- Batch_idx:300/391-- 804.96 samples/sec-- Loss:0.01 -- Error1:0.02
Train_Loss = 0.00885414660513401, Train_Err = 0.018
Val_Loss = 1.4765959606170653, Val_Err = 36.89
Epoch: [135 | 200]
Phase:train -- Batch_idx:100/391-- 795.74 samples/sec-- Loss:0.01 -- Error1:0.02
Phase:train -- Batch_idx:200/391-- 802.84 samples/sec-- Loss:0.01 -- Error1:0.02
Phase:train -- Batch_idx:300/391-- 805.20 samples/sec-- Loss:0.01 -- Error1:0.02
Train_Loss = 0.008702227720618247, Train_Err = 0.016
Val_Loss = 1.475805047416687, Val_Err = 36.68
Epoch: [136 | 200]
Phase:train -- Batch_idx:100/391-- 797.41 samples/sec-- Loss:0.01 -- Error1:0.02
Phase:train -- Batch_idx:200/391-- 803.67 samples/sec-- Loss:0.01 -- Error1:0.02
Phase:train -- Batch_idx:300/391-- 805.67 samples/sec-- Loss:0.01 -- Error1:0.02
Train_Loss = 0.008837821889072657, Train_Err = 0.022
Val_Loss = 1.4751949998855591, Val_Err = 36.93
Epoch: [137 | 200]
Phase:train -- Batch_idx:100/391-- 798.14 samples/sec-- Loss:0.01 -- Error1:0.02
Phase:train -- Batch_idx:200/391-- 803.96 samples/sec-- Loss:0.01 -- Error1:0.03
Phase:train -- Batch_idx:300/391-- 805.88 samples/sec-- Loss:0.01 -- Error1:0.03
Train_Loss = 0.008860933628082275, Train_Err = 0.028
Val_Loss = 1.4750499425888062, Val_Err = 36.79
Epoch: [138 | 200]
Phase:train -- Batch_idx:100/391-- 798.52 samples/sec-- Loss:0.01 -- Error1:0.02
Phase:train -- Batch_idx:200/391-- 804.05 samples/sec-- Loss:0.01 -- Error1:0.02
Phase:train -- Batch_idx:300/391-- 805.93 samples/sec-- Loss:0.01 -- Error1:0.01
Train_Loss = 0.008780499777197838, Train_Err = 0.014
Val_Loss = 1.4816829818725585, Val_Err = 37.11
Epoch: [139 | 200]
Phase:train -- Batch_idx:100/391-- 797.39 samples/sec-- Loss:0.01 -- Error1:0.02
Phase:train -- Batch_idx:200/391-- 803.73 samples/sec-- Loss:0.01 -- Error1:0.01
Phase:train -- Batch_idx:300/391-- 805.85 samples/sec-- Loss:0.01 -- Error1:0.01
Train_Loss = 0.008818517411649227, Train_Err = 0.016
Val_Loss = 1.4841201906204224, Val_Err = 36.95
Epoch: [140 | 200]
Phase:train -- Batch_idx:100/391-- 795.99 samples/sec-- Loss:0.01 -- Error1:0.02
Phase:train -- Batch_idx:200/391-- 802.99 samples/sec-- Loss:0.01 -- Error1:0.02
Phase:train -- Batch_idx:300/391-- 805.35 samples/sec-- Loss:0.01 -- Error1:0.02
Train_Loss = 0.008857844462394715, Train_Err = 0.024
Val_Loss = 1.4795147397994994, Val_Err = 36.85
Epoch: [141 | 200]
Phase:train -- Batch_idx:100/391-- 796.07 samples/sec-- Loss:0.01 -- Error1:0.00
Phase:train -- Batch_idx:200/391-- 803.03 samples/sec-- Loss:0.01 -- Error1:0.01
Phase:train -- Batch_idx:300/391-- 805.39 samples/sec-- Loss:0.01 -- Error1:0.01
Train_Loss = 0.00871447597205639, Train_Err = 0.02
Val_Loss = 1.4785413024902343, Val_Err = 36.76
Epoch: [142 | 200]
Phase:train -- Batch_idx:100/391-- 795.81 samples/sec-- Loss:0.01 -- Error1:0.02
Phase:train -- Batch_idx:200/391-- 802.84 samples/sec-- Loss:0.01 -- Error1:0.02
Phase:train -- Batch_idx:300/391-- 805.25 samples/sec-- Loss:0.01 -- Error1:0.02
Train_Loss = 0.008745901542007923, Train_Err = 0.022
Val_Loss = 1.4812978078842163, Val_Err = 36.96
Epoch: [143 | 200]
Phase:train -- Batch_idx:100/391-- 795.05 samples/sec-- Loss:0.01 -- Error1:0.02
Phase:train -- Batch_idx:200/391-- 802.47 samples/sec-- Loss:0.01 -- Error1:0.02
Phase:train -- Batch_idx:300/391-- 804.98 samples/sec-- Loss:0.01 -- Error1:0.02
Train_Loss = 0.008713001830279827, Train_Err = 0.016
Val_Loss = 1.4814575059890747, Val_Err = 36.98
Epoch: [144 | 200]
Phase:train -- Batch_idx:100/391-- 795.38 samples/sec-- Loss:0.01 -- Error1:0.02
Phase:train -- Batch_idx:200/391-- 802.55 samples/sec-- Loss:0.01 -- Error1:0.01
Phase:train -- Batch_idx:300/391-- 804.97 samples/sec-- Loss:0.01 -- Error1:0.01
Train_Loss = 0.008634160972833633, Train_Err = 0.016
Val_Loss = 1.4783132635116578, Val_Err = 36.81
Epoch: [145 | 200]
Phase:train -- Batch_idx:100/391-- 796.13 samples/sec-- Loss:0.01 -- Error1:0.01
Phase:train -- Batch_idx:200/391-- 802.92 samples/sec-- Loss:0.01 -- Error1:0.02
Phase:train -- Batch_idx:300/391-- 805.19 samples/sec-- Loss:0.01 -- Error1:0.02
Train_Loss = 0.00896888084501028, Train_Err = 0.024
Val_Loss = 1.4771911308288574, Val_Err = 37.14
Epoch: [146 | 200]
Phase:train -- Batch_idx:100/391-- 796.58 samples/sec-- Loss:0.01 -- Error1:0.02
Phase:train -- Batch_idx:200/391-- 803.17 samples/sec-- Loss:0.01 -- Error1:0.02
Phase:train -- Batch_idx:300/391-- 805.42 samples/sec-- Loss:0.01 -- Error1:0.01
Train_Loss = 0.008695502503216266, Train_Err = 0.008
Val_Loss = 1.4799551948547363, Val_Err = 37.08
Epoch: [147 | 200]
Phase:train -- Batch_idx:100/391-- 797.92 samples/sec-- Loss:0.01 -- Error1:0.04
Phase:train -- Batch_idx:200/391-- 803.73 samples/sec-- Loss:0.01 -- Error1:0.03
Phase:train -- Batch_idx:300/391-- 805.73 samples/sec-- Loss:0.01 -- Error1:0.02
Train_Loss = 0.008694913219213486, Train_Err = 0.02
Val_Loss = 1.4847928894042968, Val_Err = 37.14
Epoch: [148 | 200]
Phase:train -- Batch_idx:100/391-- 795.57 samples/sec-- Loss:0.01 -- Error1:0.02
Phase:train -- Batch_idx:200/391-- 802.76 samples/sec-- Loss:0.01 -- Error1:0.03
Phase:train -- Batch_idx:300/391-- 805.13 samples/sec-- Loss:0.01 -- Error1:0.02
Train_Loss = 0.008808589249849319, Train_Err = 0.022
Val_Loss = 1.477480008506775, Val_Err = 37.04
Epoch: [149 | 200]
Phase:train -- Batch_idx:100/391-- 795.24 samples/sec-- Loss:0.01 -- Error1:0.02
Phase:train -- Batch_idx:200/391-- 802.58 samples/sec-- Loss:0.01 -- Error1:0.03
Phase:train -- Batch_idx:300/391-- 804.97 samples/sec-- Loss:0.01 -- Error1:0.02
Train_Loss = 0.00867427789479494, Train_Err = 0.02
Val_Loss = 1.4798553356170654, Val_Err = 36.87
Epoch: [150 | 200]
Phase:train -- Batch_idx:100/391-- 795.21 samples/sec-- Loss:0.01 -- Error1:0.03
Phase:train -- Batch_idx:200/391-- 802.50 samples/sec-- Loss:0.01 -- Error1:0.02
Phase:train -- Batch_idx:300/391-- 804.90 samples/sec-- Loss:0.01 -- Error1:0.02
Train_Loss = 0.008715047622323037, Train_Err = 0.024
Val_Loss = 1.4823391117095948, Val_Err = 36.99
Epoch: [151 | 200]
Phase:train -- Batch_idx:100/391-- 795.76 samples/sec-- Loss:0.01 -- Error1:0.02
Phase:train -- Batch_idx:200/391-- 802.81 samples/sec-- Loss:0.01 -- Error1:0.02
Phase:train -- Batch_idx:300/391-- 805.12 samples/sec-- Loss:0.01 -- Error1:0.02
Train_Loss = 0.008581960650086403, Train_Err = 0.02
Val_Loss = 1.4814265451431274, Val_Err = 36.93
Epoch: [152 | 200]
Phase:train -- Batch_idx:100/391-- 795.06 samples/sec-- Loss:0.01 -- Error1:0.02
Phase:train -- Batch_idx:200/391-- 802.38 samples/sec-- Loss:0.01 -- Error1:0.02
Phase:train -- Batch_idx:300/391-- 804.83 samples/sec-- Loss:0.01 -- Error1:0.02
Train_Loss = 0.008791976017057895, Train_Err = 0.018
Val_Loss = 1.4788219417572022, Val_Err = 36.99
Epoch: [153 | 200]
Phase:train -- Batch_idx:100/391-- 796.95 samples/sec-- Loss:0.01 -- Error1:0.01
Phase:train -- Batch_idx:200/391-- 803.40 samples/sec-- Loss:0.01 -- Error1:0.02
Phase:train -- Batch_idx:300/391-- 805.53 samples/sec-- Loss:0.01 -- Error1:0.03
Train_Loss = 0.008698515368103982, Train_Err = 0.024
Val_Loss = 1.481358564376831, Val_Err = 36.99
Epoch: [154 | 200]
Phase:train -- Batch_idx:100/391-- 797.54 samples/sec-- Loss:0.01 -- Error1:0.02
Phase:train -- Batch_idx:200/391-- 803.66 samples/sec-- Loss:0.01 -- Error1:0.02
Phase:train -- Batch_idx:300/391-- 805.75 samples/sec-- Loss:0.01 -- Error1:0.02
Train_Loss = 0.008790495512485504, Train_Err = 0.022
Val_Loss = 1.47981509475708, Val_Err = 36.96
Epoch: [155 | 200]
Phase:train -- Batch_idx:100/391-- 795.50 samples/sec-- Loss:0.01 -- Error1:0.02
Phase:train -- Batch_idx:200/391-- 802.65 samples/sec-- Loss:0.01 -- Error1:0.02
Phase:train -- Batch_idx:300/391-- 805.05 samples/sec-- Loss:0.01 -- Error1:0.02
Train_Loss = 0.008737306170463562, Train_Err = 0.02
Val_Loss = 1.4753048137664795, Val_Err = 36.82
Epoch: [156 | 200]
Phase:train -- Batch_idx:100/391-- 795.45 samples/sec-- Loss:0.01 -- Error1:0.01
Phase:train -- Batch_idx:200/391-- 802.52 samples/sec-- Loss:0.01 -- Error1:0.02
Phase:train -- Batch_idx:300/391-- 804.92 samples/sec-- Loss:0.01 -- Error1:0.02
Train_Loss = 0.0087592443972826, Train_Err = 0.018
Val_Loss = 1.4786852180480956, Val_Err = 36.87
Epoch: [157 | 200]
Phase:train -- Batch_idx:100/391-- 797.62 samples/sec-- Loss:0.01 -- Error1:0.02
Phase:train -- Batch_idx:200/391-- 803.66 samples/sec-- Loss:0.01 -- Error1:0.02
Phase:train -- Batch_idx:300/391-- 805.70 samples/sec-- Loss:0.01 -- Error1:0.02
Train_Loss = 0.00855650450348854, Train_Err = 0.022
Val_Loss = 1.4833818767547609, Val_Err = 37.1
Epoch: [158 | 200]
Phase:train -- Batch_idx:100/391-- 796.99 samples/sec-- Loss:0.01 -- Error1:0.02
Phase:train -- Batch_idx:200/391-- 803.41 samples/sec-- Loss:0.01 -- Error1:0.01
Phase:train -- Batch_idx:300/391-- 805.53 samples/sec-- Loss:0.01 -- Error1:0.02
Train_Loss = 0.008738174445033074, Train_Err = 0.016
Val_Loss = 1.47742091217041, Val_Err = 36.82
Epoch: [159 | 200]
Phase:train -- Batch_idx:100/391-- 795.28 samples/sec-- Loss:0.01 -- Error1:0.01
Phase:train -- Batch_idx:200/391-- 802.36 samples/sec-- Loss:0.01 -- Error1:0.02
Phase:train -- Batch_idx:300/391-- 804.76 samples/sec-- Loss:0.01 -- Error1:0.03
Train_Loss = 0.008750580862760544, Train_Err = 0.024
Val_Loss = 1.4838720325469972, Val_Err = 37.0
Epoch: [160 | 200]
Phase:train -- Batch_idx:100/391-- 796.16 samples/sec-- Loss:0.01 -- Error1:0.00
Phase:train -- Batch_idx:200/391-- 802.93 samples/sec-- Loss:0.01 -- Error1:0.02
Phase:train -- Batch_idx:300/391-- 805.28 samples/sec-- Loss:0.01 -- Error1:0.02
Train_Loss = 0.008706823632419109, Train_Err = 0.022
Val_Loss = 1.4820353145599365, Val_Err = 36.95
Epoch: [161 | 200]
Phase:train -- Batch_idx:100/391-- 795.00 samples/sec-- Loss:0.01 -- Error1:0.04
Phase:train -- Batch_idx:200/391-- 802.32 samples/sec-- Loss:0.01 -- Error1:0.02
Phase:train -- Batch_idx:300/391-- 804.85 samples/sec-- Loss:0.01 -- Error1:0.03
Train_Loss = 0.00863378127247095, Train_Err = 0.026
Val_Loss = 1.47926334400177, Val_Err = 36.86
Epoch: [162 | 200]
Phase:train -- Batch_idx:100/391-- 796.38 samples/sec-- Loss:0.01 -- Error1:0.02
Phase:train -- Batch_idx:200/391-- 802.98 samples/sec-- Loss:0.01 -- Error1:0.02
Phase:train -- Batch_idx:300/391-- 805.21 samples/sec-- Loss:0.01 -- Error1:0.02
Train_Loss = 0.008729128585457801, Train_Err = 0.016
Val_Loss = 1.4769729131698608, Val_Err = 36.94
Epoch: [163 | 200]
Phase:train -- Batch_idx:100/391-- 798.43 samples/sec-- Loss:0.01 -- Error1:0.01
Phase:train -- Batch_idx:200/391-- 804.16 samples/sec-- Loss:0.01 -- Error1:0.01
Phase:train -- Batch_idx:300/391-- 806.06 samples/sec-- Loss:0.01 -- Error1:0.02
Train_Loss = 0.008738132534325123, Train_Err = 0.018
Val_Loss = 1.4819899885177612, Val_Err = 36.89
Epoch: [164 | 200]
Phase:train -- Batch_idx:100/391-- 795.11 samples/sec-- Loss:0.01 -- Error1:0.01
Phase:train -- Batch_idx:200/391-- 802.32 samples/sec-- Loss:0.01 -- Error1:0.03
Phase:train -- Batch_idx:300/391-- 804.79 samples/sec-- Loss:0.01 -- Error1:0.02
Train_Loss = 0.00853554158359766, Train_Err = 0.02
Val_Loss = 1.4799558498382568, Val_Err = 36.93
Epoch: [165 | 200]
Phase:train -- Batch_idx:100/391-- 795.71 samples/sec-- Loss:0.01 -- Error1:0.01
Phase:train -- Batch_idx:200/391-- 802.64 samples/sec-- Loss:0.01 -- Error1:0.02
Phase:train -- Batch_idx:300/391-- 805.07 samples/sec-- Loss:0.01 -- Error1:0.02
Train_Loss = 0.008703677663803101, Train_Err = 0.02
Val_Loss = 1.4818362655639647, Val_Err = 36.83
Epoch: [166 | 200]
Phase:train -- Batch_idx:100/391-- 795.62 samples/sec-- Loss:0.01 -- Error1:0.02
Phase:train -- Batch_idx:200/391-- 802.71 samples/sec-- Loss:0.01 -- Error1:0.02
Phase:train -- Batch_idx:300/391-- 805.08 samples/sec-- Loss:0.01 -- Error1:0.02
Train_Loss = 0.008739416289925575, Train_Err = 0.018
Val_Loss = 1.4867825710296632, Val_Err = 36.89
Epoch: [167 | 200]
Phase:train -- Batch_idx:100/391-- 796.74 samples/sec-- Loss:0.01 -- Error1:0.01
Phase:train -- Batch_idx:200/391-- 803.22 samples/sec-- Loss:0.01 -- Error1:0.02
Phase:train -- Batch_idx:300/391-- 805.41 samples/sec-- Loss:0.01 -- Error1:0.01
Train_Loss = 0.008613630875647068, Train_Err = 0.016
Val_Loss = 1.4816130224227906, Val_Err = 36.89
Epoch: [168 | 200]
Phase:train -- Batch_idx:100/391-- 796.10 samples/sec-- Loss:0.01 -- Error1:0.03
Phase:train -- Batch_idx:200/391-- 802.76 samples/sec-- Loss:0.01 -- Error1:0.02
Phase:train -- Batch_idx:300/391-- 805.07 samples/sec-- Loss:0.01 -- Error1:0.02
Train_Loss = 0.00866114067465067, Train_Err = 0.02
Val_Loss = 1.4849609840393065, Val_Err = 37.1
Epoch: [169 | 200]
Phase:train -- Batch_idx:100/391-- 797.71 samples/sec-- Loss:0.01 -- Error1:0.00
Phase:train -- Batch_idx:200/391-- 803.83 samples/sec-- Loss:0.01 -- Error1:0.01
Phase:train -- Batch_idx:300/391-- 805.83 samples/sec-- Loss:0.01 -- Error1:0.01
Train_Loss = 0.008732028412222863, Train_Err = 0.018
Val_Loss = 1.4791770895004273, Val_Err = 36.85
Epoch: [170 | 200]
Phase:train -- Batch_idx:100/391-- 795.70 samples/sec-- Loss:0.01 -- Error1:0.02
Phase:train -- Batch_idx:200/391-- 802.81 samples/sec-- Loss:0.01 -- Error1:0.02
Phase:train -- Batch_idx:300/391-- 805.18 samples/sec-- Loss:0.01 -- Error1:0.02
Train_Loss = 0.008613830959796906, Train_Err = 0.022
Val_Loss = 1.4845698610305786, Val_Err = 36.87
Epoch: [171 | 200]
Phase:train -- Batch_idx:100/391-- 795.69 samples/sec-- Loss:0.01 -- Error1:0.04
Phase:train -- Batch_idx:200/391-- 802.80 samples/sec-- Loss:0.01 -- Error1:0.04
Phase:train -- Batch_idx:300/391-- 805.15 samples/sec-- Loss:0.01 -- Error1:0.03
Train_Loss = 0.008598249025046826, Train_Err = 0.028
Val_Loss = 1.4804930463790893, Val_Err = 37.02
Epoch: [172 | 200]
Phase:train -- Batch_idx:100/391-- 797.90 samples/sec-- Loss:0.01 -- Error1:0.02
Phase:train -- Batch_idx:200/391-- 803.75 samples/sec-- Loss:0.01 -- Error1:0.02
Phase:train -- Batch_idx:300/391-- 805.71 samples/sec-- Loss:0.01 -- Error1:0.02
Train_Loss = 0.008749958095252515, Train_Err = 0.024
Val_Loss = 1.48167698097229, Val_Err = 36.89
Epoch: [173 | 200]
Phase:train -- Batch_idx:100/391-- 797.84 samples/sec-- Loss:0.01 -- Error1:0.02
Phase:train -- Batch_idx:200/391-- 803.81 samples/sec-- Loss:0.01 -- Error1:0.02
Phase:train -- Batch_idx:300/391-- 805.87 samples/sec-- Loss:0.01 -- Error1:0.02
Train_Loss = 0.008642797883749009, Train_Err = 0.024
Val_Loss = 1.483968165588379, Val_Err = 36.97
Epoch: [174 | 200]
Phase:train -- Batch_idx:100/391-- 795.64 samples/sec-- Loss:0.01 -- Error1:0.02
Phase:train -- Batch_idx:200/391-- 802.72 samples/sec-- Loss:0.01 -- Error1:0.01
Phase:train -- Batch_idx:300/391-- 805.15 samples/sec-- Loss:0.01 -- Error1:0.02
Train_Loss = 0.008607199373841285, Train_Err = 0.024
Val_Loss = 1.4802198518753051, Val_Err = 36.97
Epoch: [175 | 200]
Phase:train -- Batch_idx:100/391-- 798.09 samples/sec-- Loss:0.01 -- Error1:0.01
Phase:train -- Batch_idx:200/391-- 804.02 samples/sec-- Loss:0.01 -- Error1:0.01
Phase:train -- Batch_idx:300/391-- 806.00 samples/sec-- Loss:0.01 -- Error1:0.02
Train_Loss = 0.008543731625080108, Train_Err = 0.02
Val_Loss = 1.480809215927124, Val_Err = 36.94
Epoch: [176 | 200]
Phase:train -- Batch_idx:100/391-- 795.44 samples/sec-- Loss:0.01 -- Error1:0.04
Phase:train -- Batch_idx:200/391-- 802.59 samples/sec-- Loss:0.01 -- Error1:0.03
Phase:train -- Batch_idx:300/391-- 804.93 samples/sec-- Loss:0.01 -- Error1:0.03
Train_Loss = 0.008635181933045388, Train_Err = 0.022
Val_Loss = 1.486966043663025, Val_Err = 36.74
Epoch: [177 | 200]
Phase:train -- Batch_idx:100/391-- 797.30 samples/sec-- Loss:0.01 -- Error1:0.01
Phase:train -- Batch_idx:200/391-- 803.43 samples/sec-- Loss:0.01 -- Error1:0.02
Phase:train -- Batch_idx:300/391-- 805.56 samples/sec-- Loss:0.01 -- Error1:0.02
Train_Loss = 0.008585661236643791, Train_Err = 0.018
Val_Loss = 1.4832680870056152, Val_Err = 36.9
Epoch: [178 | 200]
Phase:train -- Batch_idx:100/391-- 796.08 samples/sec-- Loss:0.01 -- Error1:0.03
Phase:train -- Batch_idx:200/391-- 802.90 samples/sec-- Loss:0.01 -- Error1:0.03
Phase:train -- Batch_idx:300/391-- 805.22 samples/sec-- Loss:0.01 -- Error1:0.02
Train_Loss = 0.008597004106640816, Train_Err = 0.022
Val_Loss = 1.4870247051239014, Val_Err = 36.94
Epoch: [179 | 200]
Phase:train -- Batch_idx:100/391-- 796.31 samples/sec-- Loss:0.01 -- Error1:0.01
Phase:train -- Batch_idx:200/391-- 803.05 samples/sec-- Loss:0.01 -- Error1:0.02
Phase:train -- Batch_idx:300/391-- 805.33 samples/sec-- Loss:0.01 -- Error1:0.02
Train_Loss = 0.008529570785462856, Train_Err = 0.022
Val_Loss = 1.4887474271774293, Val_Err = 37.04
Epoch: [180 | 200]
Phase:train -- Batch_idx:100/391-- 796.05 samples/sec-- Loss:0.01 -- Error1:0.02
Phase:train -- Batch_idx:200/391-- 802.90 samples/sec-- Loss:0.01 -- Error1:0.03
Phase:train -- Batch_idx:300/391-- 805.15 samples/sec-- Loss:0.01 -- Error1:0.03
Train_Loss = 0.008618182745575905, Train_Err = 0.026
Val_Loss = 1.4849510206222534, Val_Err = 36.87
Epoch: [181 | 200]
Phase:train -- Batch_idx:100/391-- 795.37 samples/sec-- Loss:0.01 -- Error1:0.04
Phase:train -- Batch_idx:200/391-- 802.62 samples/sec-- Loss:0.01 -- Error1:0.03
Phase:train -- Batch_idx:300/391-- 804.98 samples/sec-- Loss:0.01 -- Error1:0.02
Train_Loss = 0.008591360274255276, Train_Err = 0.022
Val_Loss = 1.4827784070968628, Val_Err = 36.97
Epoch: [182 | 200]
Phase:train -- Batch_idx:100/391-- 795.90 samples/sec-- Loss:0.01 -- Error1:0.02
Phase:train -- Batch_idx:200/391-- 802.85 samples/sec-- Loss:0.01 -- Error1:0.03
Phase:train -- Batch_idx:300/391-- 805.13 samples/sec-- Loss:0.01 -- Error1:0.03
Train_Loss = 0.008583581981062889, Train_Err = 0.03
Val_Loss = 1.483431876373291, Val_Err = 36.87
Epoch: [183 | 200]
Phase:train -- Batch_idx:100/391-- 797.88 samples/sec-- Loss:0.01 -- Error1:0.03
Phase:train -- Batch_idx:200/391-- 803.97 samples/sec-- Loss:0.01 -- Error1:0.02
Phase:train -- Batch_idx:300/391-- 805.94 samples/sec-- Loss:0.01 -- Error1:0.02
Train_Loss = 0.008745713567733765, Train_Err = 0.024
Val_Loss = 1.484386729812622, Val_Err = 36.85
Epoch: [184 | 200]
Phase:train -- Batch_idx:100/391-- 797.80 samples/sec-- Loss:0.01 -- Error1:0.04
Phase:train -- Batch_idx:200/391-- 803.76 samples/sec-- Loss:0.01 -- Error1:0.02
Phase:train -- Batch_idx:300/391-- 805.76 samples/sec-- Loss:0.01 -- Error1:0.03
Train_Loss = 0.008595058095157147, Train_Err = 0.026
Val_Loss = 1.484030596923828, Val_Err = 36.92
Epoch: [185 | 200]
Phase:train -- Batch_idx:100/391-- 795.99 samples/sec-- Loss:0.01 -- Error1:0.05
Phase:train -- Batch_idx:200/391-- 802.69 samples/sec-- Loss:0.01 -- Error1:0.03
Phase:train -- Batch_idx:300/391-- 804.88 samples/sec-- Loss:0.01 -- Error1:0.03
Train_Loss = 0.008636261602044105, Train_Err = 0.024
Val_Loss = 1.4819294628143311, Val_Err = 36.85
Epoch: [186 | 200]
Phase:train -- Batch_idx:100/391-- 794.88 samples/sec-- Loss:0.01 -- Error1:0.02
Phase:train -- Batch_idx:200/391-- 802.22 samples/sec-- Loss:0.01 -- Error1:0.01
Phase:train -- Batch_idx:300/391-- 804.65 samples/sec-- Loss:0.01 -- Error1:0.02
Train_Loss = 0.008411542458236217, Train_Err = 0.02
Val_Loss = 1.4850616863250732, Val_Err = 36.81
Epoch: [187 | 200]
Phase:train -- Batch_idx:100/391-- 797.34 samples/sec-- Loss:0.01 -- Error1:0.03
Phase:train -- Batch_idx:200/391-- 803.50 samples/sec-- Loss:0.01 -- Error1:0.02
Phase:train -- Batch_idx:300/391-- 805.56 samples/sec-- Loss:0.01 -- Error1:0.02
Train_Loss = 0.008619800933599472, Train_Err = 0.02
Val_Loss = 1.4851127347946167, Val_Err = 36.83
Epoch: [188 | 200]
Phase:train -- Batch_idx:100/391-- 796.92 samples/sec-- Loss:0.01 -- Error1:0.01
Phase:train -- Batch_idx:200/391-- 803.31 samples/sec-- Loss:0.01 -- Error1:0.01
Phase:train -- Batch_idx:300/391-- 805.51 samples/sec-- Loss:0.01 -- Error1:0.02
Train_Loss = 0.008562980939149856, Train_Err = 0.018
Val_Loss = 1.4849026090621948, Val_Err = 37.0
Epoch: [189 | 200]
Phase:train -- Batch_idx:100/391-- 795.96 samples/sec-- Loss:0.01 -- Error1:0.02
Phase:train -- Batch_idx:200/391-- 802.85 samples/sec-- Loss:0.01 -- Error1:0.03
Phase:train -- Batch_idx:300/391-- 805.12 samples/sec-- Loss:0.01 -- Error1:0.02
Train_Loss = 0.008611684634685516, Train_Err = 0.022
Val_Loss = 1.4876457630157471, Val_Err = 36.75
Epoch: [190 | 200]
Phase:train -- Batch_idx:100/391-- 795.31 samples/sec-- Loss:0.01 -- Error1:0.02
Phase:train -- Batch_idx:200/391-- 802.42 samples/sec-- Loss:0.01 -- Error1:0.03
Phase:train -- Batch_idx:300/391-- 804.85 samples/sec-- Loss:0.01 -- Error1:0.02
Train_Loss = 0.008590022207796574, Train_Err = 0.022
Val_Loss = 1.4861044315338134, Val_Err = 37.11
Epoch: [191 | 200]
Phase:train -- Batch_idx:100/391-- 795.31 samples/sec-- Loss:0.01 -- Error1:0.02
Phase:train -- Batch_idx:200/391-- 802.47 samples/sec-- Loss:0.01 -- Error1:0.01
Phase:train -- Batch_idx:300/391-- 804.79 samples/sec-- Loss:0.01 -- Error1:0.02
Train_Loss = 0.00843625880599022, Train_Err = 0.02
Val_Loss = 1.4832370582580567, Val_Err = 36.97
Epoch: [192 | 200]
Phase:train -- Batch_idx:100/391-- 795.74 samples/sec-- Loss:0.01 -- Error1:0.02
Phase:train -- Batch_idx:200/391-- 802.70 samples/sec-- Loss:0.01 -- Error1:0.02
Phase:train -- Batch_idx:300/391-- 805.02 samples/sec-- Loss:0.01 -- Error1:0.01
Train_Loss = 0.00861288929283619, Train_Err = 0.014
Val_Loss = 1.4899818744659423, Val_Err = 36.78
Epoch: [193 | 200]
Phase:train -- Batch_idx:100/391-- 797.95 samples/sec-- Loss:0.01 -- Error1:0.01
Phase:train -- Batch_idx:200/391-- 803.95 samples/sec-- Loss:0.01 -- Error1:0.03
Phase:train -- Batch_idx:300/391-- 805.97 samples/sec-- Loss:0.01 -- Error1:0.02
Train_Loss = 0.008456027175188065, Train_Err = 0.018
Val_Loss = 1.4861346984863282, Val_Err = 36.86
Epoch: [194 | 200]
Phase:train -- Batch_idx:100/391-- 797.37 samples/sec-- Loss:0.01 -- Error1:0.04
Phase:train -- Batch_idx:200/391-- 803.59 samples/sec-- Loss:0.01 -- Error1:0.03
Phase:train -- Batch_idx:300/391-- 805.66 samples/sec-- Loss:0.01 -- Error1:0.03
Train_Loss = 0.008510847921669484, Train_Err = 0.024
Val_Loss = 1.485352868080139, Val_Err = 37.0
Epoch: [195 | 200]
Phase:train -- Batch_idx:100/391-- 797.40 samples/sec-- Loss:0.01 -- Error1:0.04
Phase:train -- Batch_idx:200/391-- 803.55 samples/sec-- Loss:0.01 -- Error1:0.03
Phase:train -- Batch_idx:300/391-- 805.67 samples/sec-- Loss:0.01 -- Error1:0.03
Train_Loss = 0.008547231649458408, Train_Err = 0.022
Val_Loss = 1.4886399282455445, Val_Err = 36.95
Epoch: [196 | 200]
Phase:train -- Batch_idx:100/391-- 795.38 samples/sec-- Loss:0.01 -- Error1:0.02
Phase:train -- Batch_idx:200/391-- 802.56 samples/sec-- Loss:0.01 -- Error1:0.02
Phase:train -- Batch_idx:300/391-- 805.03 samples/sec-- Loss:0.01 -- Error1:0.02
Train_Loss = 0.008445704576671124, Train_Err = 0.018
Val_Loss = 1.4927202425003052, Val_Err = 36.96
Epoch: [197 | 200]
Phase:train -- Batch_idx:100/391-- 798.97 samples/sec-- Loss:0.01 -- Error1:0.00
Phase:train -- Batch_idx:200/391-- 804.43 samples/sec-- Loss:0.01 -- Error1:0.01
Phase:train -- Batch_idx:300/391-- 806.29 samples/sec-- Loss:0.01 -- Error1:0.02
Train_Loss = 0.008621700738966466, Train_Err = 0.024
Val_Loss = 1.4845994655609132, Val_Err = 36.88
Epoch: [198 | 200]
Phase:train -- Batch_idx:100/391-- 796.63 samples/sec-- Loss:0.01 -- Error1:0.00
Phase:train -- Batch_idx:200/391-- 803.17 samples/sec-- Loss:0.01 -- Error1:0.01
Phase:train -- Batch_idx:300/391-- 805.32 samples/sec-- Loss:0.01 -- Error1:0.02
Train_Loss = 0.00851094478547573, Train_Err = 0.016
Val_Loss = 1.4863516616821288, Val_Err = 36.83
Epoch: [199 | 200]
Phase:train -- Batch_idx:100/391-- 795.61 samples/sec-- Loss:0.01 -- Error1:0.01
Phase:train -- Batch_idx:200/391-- 802.79 samples/sec-- Loss:0.01 -- Error1:0.02
Phase:train -- Batch_idx:300/391-- 805.15 samples/sec-- Loss:0.01 -- Error1:0.03
Train_Loss = 0.008502533298134803, Train_Err = 0.024
Val_Loss = 1.4942778577804565, Val_Err = 36.89
