root: Namespace(batch_size=128, cp_dir='checkpoints/autoaugment_cutout/cifar100/sam/run_ms_1/pyramidnet_272_bottleneck/run0', depth=272, dtype='cifar100', epochs=300, img_aug='autoaugment_cutout', learning_rate=0.1, momentum=0.9, mtype='pyramidnet', num_classes=100, resume=None, rho=0.05, seed=1, threads=8, weight_decay=0.0001, width_factor=8)
root: Epoch: [0 | 300]
root: Train_Loss = 4.180500030517578, Train_Err = 93.516
root: Val_Loss = 3.620493173599243, Val_Err = 86.54
root: Epoch: [1 | 300]
root: Train_Loss = 3.5098273754119873, Train_Err = 83.694
root: Val_Loss = 3.009892225265503, Val_Err = 75.72
root: Epoch: [2 | 300]
root: Train_Loss = 2.9389688968658447, Train_Err = 73.764
root: Val_Loss = 2.844543695449829, Val_Err = 69.36
root: Epoch: [3 | 300]
root: Train_Loss = 2.511756181716919, Train_Err = 65.216
root: Val_Loss = 2.3263514041900635, Val_Err = 61.15
root: Epoch: [4 | 300]
root: Train_Loss = 2.2167465686798096, Train_Err = 58.612
root: Val_Loss = 1.8553087711334229, Val_Err = 51.12
root: Epoch: [5 | 300]
root: Train_Loss = 2.0106217861175537, Train_Err = 53.932
root: Val_Loss = 1.6884962320327759, Val_Err = 47.13
root: Epoch: [6 | 300]
root: Train_Loss = 1.8566899299621582, Train_Err = 50.252
root: Val_Loss = 1.566457748413086, Val_Err = 43.71
root: Epoch: [7 | 300]
root: Train_Loss = 1.7216360569000244, Train_Err = 46.988
root: Val_Loss = 1.6506538391113281, Val_Err = 45.1
root: Epoch: [8 | 300]
root: Train_Loss = 1.6261603832244873, Train_Err = 44.552
root: Val_Loss = 1.4384599924087524, Val_Err = 40.37
root: Epoch: [9 | 300]
root: Train_Loss = 1.5478426218032837, Train_Err = 42.378
root: Val_Loss = 1.368605613708496, Val_Err = 39.1
root: Epoch: [10 | 300]
root: Train_Loss = 1.4661725759506226, Train_Err = 40.674
root: Val_Loss = 1.3173997402191162, Val_Err = 37.41
root: Epoch: [11 | 300]
root: Train_Loss = 1.4141520261764526, Train_Err = 39.378
root: Val_Loss = 1.3210078477859497, Val_Err = 37.16
root: Epoch: [12 | 300]
root: Train_Loss = 1.3503727912902832, Train_Err = 37.606
root: Val_Loss = 1.20994234085083, Val_Err = 34.27
root: Epoch: [13 | 300]
root: Train_Loss = 1.3079514503479004, Train_Err = 36.734
root: Val_Loss = 1.19232976436615, Val_Err = 34.15
root: Epoch: [14 | 300]
root: Train_Loss = 1.2536580562591553, Train_Err = 35.364
root: Val_Loss = 1.1783883571624756, Val_Err = 34.39
root: Epoch: [15 | 300]
root: Train_Loss = 1.2226154804229736, Train_Err = 34.55
root: Val_Loss = 1.1008014678955078, Val_Err = 32.06
root: Epoch: [16 | 300]
root: Train_Loss = 1.1773744821548462, Train_Err = 33.204
root: Val_Loss = 1.2050644159317017, Val_Err = 33.85
root: Epoch: [17 | 300]
root: Train_Loss = 1.1364212036132812, Train_Err = 32.254
root: Val_Loss = 1.1083861589431763, Val_Err = 31.72
root: Epoch: [18 | 300]
root: Train_Loss = 1.1064846515655518, Train_Err = 31.48
root: Val_Loss = 1.1174713373184204, Val_Err = 31.92
root: Epoch: [19 | 300]
root: Train_Loss = 1.0821826457977295, Train_Err = 30.948
root: Val_Loss = 1.0715523958206177, Val_Err = 31.08
root: Epoch: [20 | 300]
root: Train_Loss = 1.0490286350250244, Train_Err = 30.04
root: Val_Loss = 1.065906286239624, Val_Err = 30.52
root: Epoch: [21 | 300]
root: Train_Loss = 1.0093241930007935, Train_Err = 29.048
root: Val_Loss = 1.0287697315216064, Val_Err = 30.0
root: Epoch: [22 | 300]
root: Train_Loss = 1.0037763118743896, Train_Err = 28.66
root: Val_Loss = 0.9950439929962158, Val_Err = 29.17
root: Epoch: [23 | 300]
root: Train_Loss = 0.9663100242614746, Train_Err = 27.84
root: Val_Loss = 1.1045560836791992, Val_Err = 30.71
root: Epoch: [24 | 300]
root: Train_Loss = 0.9415008425712585, Train_Err = 27.222
root: Val_Loss = 0.9911349415779114, Val_Err = 28.63
root: Epoch: [25 | 300]
root: Train_Loss = 0.9295040965080261, Train_Err = 26.632
root: Val_Loss = 0.9646629691123962, Val_Err = 27.89
root: Epoch: [26 | 300]
root: Train_Loss = 0.9043424725532532, Train_Err = 26.064
root: Val_Loss = 0.9458191990852356, Val_Err = 27.11
root: Epoch: [27 | 300]
root: Train_Loss = 0.8843073844909668, Train_Err = 25.588
root: Val_Loss = 0.9615518450737, Val_Err = 27.5
root: Epoch: [28 | 300]
root: Train_Loss = 0.8584805130958557, Train_Err = 24.754
root: Val_Loss = 0.9421191215515137, Val_Err = 26.67
root: Epoch: [29 | 300]
root: Train_Loss = 0.8496519923210144, Train_Err = 24.606
root: Val_Loss = 0.9778980016708374, Val_Err = 27.7
root: Epoch: [30 | 300]
root: Train_Loss = 0.8228378891944885, Train_Err = 23.814
root: Val_Loss = 0.9419201016426086, Val_Err = 26.89
root: Epoch: [31 | 300]
root: Train_Loss = 0.8169599175453186, Train_Err = 23.748
root: Val_Loss = 0.9780995845794678, Val_Err = 27.23
root: Epoch: [32 | 300]
root: Train_Loss = 0.790646493434906, Train_Err = 23.086
root: Val_Loss = 0.9464162588119507, Val_Err = 26.7
root: Epoch: [33 | 300]
root: Train_Loss = 0.775641679763794, Train_Err = 22.328
root: Val_Loss = 0.9222568273544312, Val_Err = 26.77
root: Epoch: [34 | 300]
root: Train_Loss = 0.7728500366210938, Train_Err = 22.498
root: Val_Loss = 0.9874546527862549, Val_Err = 27.57
root: Epoch: [35 | 300]
root: Train_Loss = 0.7535996437072754, Train_Err = 21.938
root: Val_Loss = 0.9391449689865112, Val_Err = 25.62
root: Epoch: [36 | 300]
root: Train_Loss = 0.7498621940612793, Train_Err = 21.892
root: Val_Loss = 0.9612127542495728, Val_Err = 26.79
root: Epoch: [37 | 300]
root: Train_Loss = 0.7217710018157959, Train_Err = 21.156
root: Val_Loss = 0.927259624004364, Val_Err = 25.79
root: Epoch: [38 | 300]
root: Train_Loss = 0.7178459763526917, Train_Err = 20.95
root: Val_Loss = 0.9530113935470581, Val_Err = 26.41
root: Epoch: [39 | 300]
root: Train_Loss = 0.7216033935546875, Train_Err = 20.95
root: Val_Loss = 0.9323848485946655, Val_Err = 25.75
root: Epoch: [40 | 300]
root: Train_Loss = 0.7026612162590027, Train_Err = 20.354
root: Val_Loss = 0.9431374669075012, Val_Err = 26.15
root: Epoch: [41 | 300]
root: Train_Loss = 0.6817334890365601, Train_Err = 19.902
root: Val_Loss = 0.9175580739974976, Val_Err = 25.22
root: Epoch: [42 | 300]
root: Train_Loss = 0.67451012134552, Train_Err = 19.428
root: Val_Loss = 0.9201794862747192, Val_Err = 25.75
root: Epoch: [43 | 300]
root: Train_Loss = 0.6681188344955444, Train_Err = 19.452
root: Val_Loss = 0.9006158709526062, Val_Err = 25.16
root: Epoch: [44 | 300]
root: Train_Loss = 0.6574230194091797, Train_Err = 19.1
root: Val_Loss = 0.9321480989456177, Val_Err = 25.5
root: Epoch: [45 | 300]
root: Train_Loss = 0.649479329586029, Train_Err = 19.026
root: Val_Loss = 0.9335113167762756, Val_Err = 25.71
root: Epoch: [46 | 300]
root: Train_Loss = 0.6490033268928528, Train_Err = 18.856
root: Val_Loss = 0.9002575874328613, Val_Err = 24.79
root: Epoch: [47 | 300]
root: Train_Loss = 0.6378148198127747, Train_Err = 18.524
root: Val_Loss = 0.910490095615387, Val_Err = 24.61
root: Epoch: [48 | 300]
root: Train_Loss = 0.6270635724067688, Train_Err = 18.244
root: Val_Loss = 0.9137963652610779, Val_Err = 25.05
root: Epoch: [49 | 300]
root: Train_Loss = 0.6261230707168579, Train_Err = 18.162
root: Val_Loss = 0.9415082931518555, Val_Err = 25.13
root: Epoch: [50 | 300]
root: Train_Loss = 0.6130312085151672, Train_Err = 17.76
root: Val_Loss = 0.9583747982978821, Val_Err = 25.83
root: Epoch: [51 | 300]
root: Train_Loss = 0.5976048707962036, Train_Err = 17.332
root: Val_Loss = 0.9564089775085449, Val_Err = 25.79
root: Epoch: [52 | 300]
root: Train_Loss = 0.5936110615730286, Train_Err = 17.014
root: Val_Loss = 0.8892037868499756, Val_Err = 24.18
root: Epoch: [53 | 300]
root: Train_Loss = 0.5920326709747314, Train_Err = 17.258
root: Val_Loss = 0.9256002902984619, Val_Err = 25.06
root: Epoch: [54 | 300]
root: Train_Loss = 0.5889279246330261, Train_Err = 17.17
root: Val_Loss = 0.9699468612670898, Val_Err = 26.05
root: Epoch: [55 | 300]
root: Train_Loss = 0.5839260220527649, Train_Err = 17.064
root: Val_Loss = 0.918296754360199, Val_Err = 24.51
root: Epoch: [56 | 300]
root: Train_Loss = 0.5734062790870667, Train_Err = 16.426
root: Val_Loss = 0.9249643087387085, Val_Err = 25.26
root: Epoch: [57 | 300]
root: Train_Loss = 0.577724814414978, Train_Err = 16.636
root: Val_Loss = 0.8979541659355164, Val_Err = 24.45
root: Epoch: [58 | 300]
root: Train_Loss = 0.561772882938385, Train_Err = 16.344
root: Val_Loss = 0.9458815455436707, Val_Err = 25.62
root: Epoch: [59 | 300]
root: Train_Loss = 0.5638020634651184, Train_Err = 16.264
root: Val_Loss = 0.903365433216095, Val_Err = 24.76
root: Epoch: [60 | 300]
root: Train_Loss = 0.5566162467002869, Train_Err = 16.092
root: Val_Loss = 0.9595271944999695, Val_Err = 25.06
root: Epoch: [61 | 300]
root: Train_Loss = 0.5486308336257935, Train_Err = 15.94
root: Val_Loss = 0.8988919854164124, Val_Err = 23.98
root: Epoch: [62 | 300]
root: Train_Loss = 0.5517296195030212, Train_Err = 15.826
root: Val_Loss = 0.909626841545105, Val_Err = 24.41
root: Epoch: [63 | 300]
root: Train_Loss = 0.5328364968299866, Train_Err = 15.472
root: Val_Loss = 0.9198166728019714, Val_Err = 24.09
root: Epoch: [64 | 300]
root: Train_Loss = 0.5352972149848938, Train_Err = 15.64
root: Val_Loss = 0.9261253476142883, Val_Err = 24.26
root: Epoch: [65 | 300]
root: Train_Loss = 0.5515586137771606, Train_Err = 16.178
root: Val_Loss = 0.9213778972625732, Val_Err = 24.58
root: Epoch: [66 | 300]
root: Train_Loss = 0.540644645690918, Train_Err = 15.74
root: Val_Loss = 0.8957144021987915, Val_Err = 24.2
root: Epoch: [67 | 300]
root: Train_Loss = 0.5261354446411133, Train_Err = 15.174
root: Val_Loss = 0.921453595161438, Val_Err = 24.18
root: Epoch: [68 | 300]
root: Train_Loss = 0.5259581804275513, Train_Err = 15.198
root: Val_Loss = 0.9674964547157288, Val_Err = 25.29
root: Epoch: [69 | 300]
root: Train_Loss = 0.5113874077796936, Train_Err = 14.742
root: Val_Loss = 0.9158463478088379, Val_Err = 24.54
root: Epoch: [70 | 300]
root: Train_Loss = 0.5118945837020874, Train_Err = 14.974
root: Val_Loss = 0.9222391247749329, Val_Err = 24.42
root: Epoch: [71 | 300]
root: Train_Loss = 0.5165545344352722, Train_Err = 14.902
root: Val_Loss = 0.946658194065094, Val_Err = 25.21
root: Epoch: [72 | 300]
root: Train_Loss = 0.5091480016708374, Train_Err = 14.698
root: Val_Loss = 0.9021070003509521, Val_Err = 23.89
root: Epoch: [73 | 300]
root: Train_Loss = 0.5016617178916931, Train_Err = 14.39
root: Val_Loss = 0.9198391437530518, Val_Err = 24.14
root: Epoch: [74 | 300]
root: Train_Loss = 0.4969453513622284, Train_Err = 14.302
root: Val_Loss = 0.9052306413650513, Val_Err = 23.37
root: Epoch: [75 | 300]
root: Train_Loss = 0.49096718430519104, Train_Err = 14.186
root: Val_Loss = 0.9077933430671692, Val_Err = 24.1
root: Epoch: [76 | 300]
root: Train_Loss = 0.48575565218925476, Train_Err = 14.134
root: Val_Loss = 0.9842628836631775, Val_Err = 25.24
root: Epoch: [77 | 300]
root: Train_Loss = 0.48028627038002014, Train_Err = 13.89
root: Val_Loss = 0.9048246741294861, Val_Err = 23.96
root: Epoch: [78 | 300]
root: Train_Loss = 0.48549118638038635, Train_Err = 14.106
root: Val_Loss = 0.9024015665054321, Val_Err = 23.88
root: Epoch: [79 | 300]
root: Train_Loss = 0.4801955819129944, Train_Err = 13.838
root: Val_Loss = 0.9287952184677124, Val_Err = 24.09
root: Epoch: [80 | 300]
root: Train_Loss = 0.4835909903049469, Train_Err = 14.198
root: Val_Loss = 0.9403592348098755, Val_Err = 24.96
root: Epoch: [81 | 300]
root: Train_Loss = 0.4867745041847229, Train_Err = 14.088
root: Val_Loss = 0.8733363151550293, Val_Err = 22.92
root: Epoch: [82 | 300]
root: Train_Loss = 0.4706306457519531, Train_Err = 13.594
root: Val_Loss = 0.9146668910980225, Val_Err = 23.65
root: Epoch: [83 | 300]
root: Train_Loss = 0.4731638431549072, Train_Err = 13.758
root: Val_Loss = 0.8512235283851624, Val_Err = 23.22
root: Epoch: [84 | 300]
root: Train_Loss = 0.4631452262401581, Train_Err = 13.318
root: Val_Loss = 0.8973397016525269, Val_Err = 23.81
root: Epoch: [85 | 300]
root: Train_Loss = 0.45944350957870483, Train_Err = 13.28
root: Val_Loss = 0.9556285738945007, Val_Err = 24.52
root: Epoch: [86 | 300]
root: Train_Loss = 0.46427929401397705, Train_Err = 13.36
root: Val_Loss = 0.9436308145523071, Val_Err = 24.44
root: Epoch: [87 | 300]
root: Train_Loss = 0.4590071737766266, Train_Err = 13.056
root: Val_Loss = 0.9490338563919067, Val_Err = 24.32
root: Epoch: [88 | 300]
root: Train_Loss = 0.45990172028541565, Train_Err = 13.164
root: Val_Loss = 0.9454275965690613, Val_Err = 24.22
root: Epoch: [89 | 300]
root: Train_Loss = 0.4553743898868561, Train_Err = 12.938
root: Val_Loss = 0.8796759247779846, Val_Err = 23.66
root: Epoch: [90 | 300]
root: Train_Loss = 0.44513392448425293, Train_Err = 12.606
root: Val_Loss = 0.9133124947547913, Val_Err = 23.83
root: Epoch: [91 | 300]
root: Train_Loss = 0.45043331384658813, Train_Err = 12.83
root: Val_Loss = 0.9725437164306641, Val_Err = 24.69
root: Epoch: [92 | 300]
root: Train_Loss = 0.44809845089912415, Train_Err = 12.834
root: Val_Loss = 0.8982279896736145, Val_Err = 23.25
root: Epoch: [93 | 300]
root: Train_Loss = 0.45075494050979614, Train_Err = 12.958
root: Val_Loss = 0.9125455021858215, Val_Err = 23.9
root: Epoch: [94 | 300]
root: Train_Loss = 0.4408203065395355, Train_Err = 12.54
root: Val_Loss = 0.8832208514213562, Val_Err = 23.47
root: Epoch: [95 | 300]
root: Train_Loss = 0.43131497502326965, Train_Err = 12.282
root: Val_Loss = 0.8841983079910278, Val_Err = 22.72
root: Epoch: [96 | 300]
root: Train_Loss = 0.43738898634910583, Train_Err = 12.714
root: Val_Loss = 0.946067750453949, Val_Err = 24.14
root: Epoch: [97 | 300]
root: Train_Loss = 0.44873109459877014, Train_Err = 12.752
root: Val_Loss = 0.8891955614089966, Val_Err = 23.17
root: Epoch: [98 | 300]
root: Train_Loss = 0.4324135482311249, Train_Err = 12.494
root: Val_Loss = 0.9148861169815063, Val_Err = 24.1
root: Epoch: [99 | 300]
root: Train_Loss = 0.4261738657951355, Train_Err = 12.164
root: Val_Loss = 0.8757460713386536, Val_Err = 22.67
root: Epoch: [100 | 300]
root: Train_Loss = 0.4374757409095764, Train_Err = 12.616
root: Val_Loss = 0.9375674724578857, Val_Err = 24.16
root: Epoch: [101 | 300]
root: Train_Loss = 0.4242080748081207, Train_Err = 12.13
root: Val_Loss = 0.8761058449745178, Val_Err = 22.8
root: Epoch: [102 | 300]
root: Train_Loss = 0.4275512397289276, Train_Err = 12.258
root: Val_Loss = 0.8250848650932312, Val_Err = 21.6
root: Epoch: [103 | 300]
root: Train_Loss = 0.4284009337425232, Train_Err = 12.196
root: Val_Loss = 0.8504679203033447, Val_Err = 22.94
root: Epoch: [104 | 300]
root: Train_Loss = 0.4237900972366333, Train_Err = 12.122
root: Val_Loss = 0.9086949825286865, Val_Err = 23.55
root: Epoch: [105 | 300]
root: Train_Loss = 0.4273695945739746, Train_Err = 12.266
root: Val_Loss = 0.9182231426239014, Val_Err = 23.72
root: Epoch: [106 | 300]
root: Train_Loss = 0.4170776605606079, Train_Err = 11.91
root: Val_Loss = 0.8872544765472412, Val_Err = 22.43
root: Epoch: [107 | 300]
root: Train_Loss = 0.41496771574020386, Train_Err = 11.994
root: Val_Loss = 0.9554769992828369, Val_Err = 24.34
root: Epoch: [108 | 300]
root: Train_Loss = 0.4210037887096405, Train_Err = 11.952
root: Val_Loss = 0.9299235939979553, Val_Err = 23.95
root: Epoch: [109 | 300]
root: Train_Loss = 0.4200136363506317, Train_Err = 11.892
root: Val_Loss = 0.8945118188858032, Val_Err = 23.1
root: Epoch: [110 | 300]
root: Train_Loss = 0.4152785539627075, Train_Err = 11.778
root: Val_Loss = 0.9370628595352173, Val_Err = 23.68
root: Epoch: [111 | 300]
root: Train_Loss = 0.4121130108833313, Train_Err = 11.664
root: Val_Loss = 0.9386026263237, Val_Err = 23.81
root: Epoch: [112 | 300]
root: Train_Loss = 0.41213107109069824, Train_Err = 11.81
root: Val_Loss = 0.9002016186714172, Val_Err = 22.9
root: Epoch: [113 | 300]
root: Train_Loss = 0.41322487592697144, Train_Err = 11.818
root: Val_Loss = 0.8833877444267273, Val_Err = 23.27
root: Epoch: [114 | 300]
root: Train_Loss = 0.4100973308086395, Train_Err = 11.804
root: Val_Loss = 0.9042130708694458, Val_Err = 23.62
root: Epoch: [115 | 300]
root: Train_Loss = 0.40116846561431885, Train_Err = 11.348
root: Val_Loss = 0.8667210936546326, Val_Err = 22.62
root: Epoch: [116 | 300]
root: Train_Loss = 0.4074992537498474, Train_Err = 11.646
root: Val_Loss = 0.8850263357162476, Val_Err = 22.84
root: Epoch: [117 | 300]
root: Train_Loss = 0.4065568149089813, Train_Err = 11.524
root: Val_Loss = 0.8911312222480774, Val_Err = 23.19
root: Epoch: [118 | 300]
root: Train_Loss = 0.40029704570770264, Train_Err = 11.296
root: Val_Loss = 0.8831074237823486, Val_Err = 22.79
root: Epoch: [119 | 300]
root: Train_Loss = 0.4107268750667572, Train_Err = 11.814
root: Val_Loss = 0.9217968583106995, Val_Err = 23.19
root: Epoch: [120 | 300]
root: Train_Loss = 0.4087215065956116, Train_Err = 11.552
root: Val_Loss = 0.8711190223693848, Val_Err = 22.73
root: Epoch: [121 | 300]
root: Train_Loss = 0.3983047902584076, Train_Err = 11.258
root: Val_Loss = 0.904593825340271, Val_Err = 23.28
root: Epoch: [122 | 300]
root: Train_Loss = 0.4058041274547577, Train_Err = 11.55
root: Val_Loss = 0.8997727036476135, Val_Err = 22.78
root: Epoch: [123 | 300]
root: Train_Loss = 0.39516401290893555, Train_Err = 11.164
root: Val_Loss = 0.8759840726852417, Val_Err = 22.63
root: Epoch: [124 | 300]
root: Train_Loss = 0.3985157608985901, Train_Err = 11.22
root: Val_Loss = 0.857714831829071, Val_Err = 22.51
root: Epoch: [125 | 300]
root: Train_Loss = 0.39333343505859375, Train_Err = 11.222
root: Val_Loss = 0.8816210627555847, Val_Err = 22.75
root: Epoch: [126 | 300]
root: Train_Loss = 0.38975584506988525, Train_Err = 11.0
root: Val_Loss = 0.8980209827423096, Val_Err = 23.96
root: Epoch: [127 | 300]
root: Train_Loss = 0.3873874843120575, Train_Err = 10.944
root: Val_Loss = 0.8911533951759338, Val_Err = 22.13
root: Epoch: [128 | 300]
root: Train_Loss = 0.3925059735774994, Train_Err = 11.15
root: Val_Loss = 0.9190475344657898, Val_Err = 23.18
root: Epoch: [129 | 300]
root: Train_Loss = 0.3893239498138428, Train_Err = 10.988
root: Val_Loss = 0.9162999987602234, Val_Err = 23.42
root: Epoch: [130 | 300]
root: Train_Loss = 0.4014478027820587, Train_Err = 11.388
root: Val_Loss = 0.8749368190765381, Val_Err = 22.56
root: Epoch: [131 | 300]
root: Train_Loss = 0.39529991149902344, Train_Err = 11.22
root: Val_Loss = 0.9559838771820068, Val_Err = 24.04
root: Epoch: [132 | 300]
root: Train_Loss = 0.38720425963401794, Train_Err = 11.052
root: Val_Loss = 0.9660015106201172, Val_Err = 24.02
root: Epoch: [133 | 300]
root: Train_Loss = 0.3930792510509491, Train_Err = 11.066
root: Val_Loss = 0.8814195990562439, Val_Err = 22.74
root: Epoch: [134 | 300]
root: Train_Loss = 0.38845470547676086, Train_Err = 11.058
root: Val_Loss = 0.9072302579879761, Val_Err = 22.79
root: Epoch: [135 | 300]
root: Train_Loss = 0.37903425097465515, Train_Err = 10.736
root: Val_Loss = 0.882276177406311, Val_Err = 22.88
root: Epoch: [136 | 300]
root: Train_Loss = 0.39014706015586853, Train_Err = 11.01
root: Val_Loss = 0.9078187346458435, Val_Err = 23.55
root: Epoch: [137 | 300]
root: Train_Loss = 0.3741089105606079, Train_Err = 10.648
root: Val_Loss = 0.8897727131843567, Val_Err = 22.31
root: Epoch: [138 | 300]
root: Train_Loss = 0.3785150647163391, Train_Err = 10.662
root: Val_Loss = 0.8792620897293091, Val_Err = 22.28
root: Epoch: [139 | 300]
root: Train_Loss = 0.38680386543273926, Train_Err = 11.022
root: Val_Loss = 0.9256804585456848, Val_Err = 22.85
root: Epoch: [140 | 300]
root: Train_Loss = 0.3801291584968567, Train_Err = 10.77
root: Val_Loss = 0.8462355136871338, Val_Err = 22.33
root: Epoch: [141 | 300]
root: Train_Loss = 0.38377806544303894, Train_Err = 10.676
root: Val_Loss = 0.8719655871391296, Val_Err = 22.37
root: Epoch: [142 | 300]
root: Train_Loss = 0.36732515692710876, Train_Err = 10.238
root: Val_Loss = 0.8691855072975159, Val_Err = 22.26
root: Epoch: [143 | 300]
root: Train_Loss = 0.3806040585041046, Train_Err = 10.754
root: Val_Loss = 0.8622133731842041, Val_Err = 21.96
root: Epoch: [144 | 300]
root: Train_Loss = 0.36964842677116394, Train_Err = 10.458
root: Val_Loss = 0.9074745774269104, Val_Err = 22.33
root: Epoch: [145 | 300]
root: Train_Loss = 0.37368378043174744, Train_Err = 10.534
root: Val_Loss = 0.8737316131591797, Val_Err = 22.01
root: Epoch: [146 | 300]
root: Train_Loss = 0.37741732597351074, Train_Err = 10.666
root: Val_Loss = 0.8637902140617371, Val_Err = 22.0
root: Epoch: [147 | 300]
root: Train_Loss = 0.3699631094932556, Train_Err = 10.416
root: Val_Loss = 0.8608928322792053, Val_Err = 22.13
root: Epoch: [148 | 300]
root: Train_Loss = 0.3787376582622528, Train_Err = 10.746
root: Val_Loss = 0.8494895100593567, Val_Err = 22.12
root: Epoch: [149 | 300]
root: Train_Loss = 0.3732651174068451, Train_Err = 10.596
root: Val_Loss = 0.9000756740570068, Val_Err = 23.13
root: Epoch: [150 | 300]
root: Train_Loss = 0.2254009246826172, Train_Err = 5.762
root: Val_Loss = 0.6255531311035156, Val_Err = 16.9
root: Epoch: [151 | 300]
root: Train_Loss = 0.173207089304924, Train_Err = 4.14
root: Val_Loss = 0.601352870464325, Val_Err = 16.07
root: Epoch: [152 | 300]
root: Train_Loss = 0.15758977830410004, Train_Err = 3.764
root: Val_Loss = 0.5973606109619141, Val_Err = 16.06
root: Epoch: [153 | 300]
root: Train_Loss = 0.14571934938430786, Train_Err = 3.49
root: Val_Loss = 0.5926711559295654, Val_Err = 15.98
root: Epoch: [154 | 300]
root: Train_Loss = 0.14226970076560974, Train_Err = 3.352
root: Val_Loss = 0.5911720991134644, Val_Err = 15.99
root: Epoch: [155 | 300]
root: Train_Loss = 0.14040084183216095, Train_Err = 3.324
root: Val_Loss = 0.5912714004516602, Val_Err = 15.85
root: Epoch: [156 | 300]
root: Train_Loss = 0.13013797998428345, Train_Err = 3.134
root: Val_Loss = 0.5888521075248718, Val_Err = 15.62
root: Epoch: [157 | 300]
root: Train_Loss = 0.13218417763710022, Train_Err = 3.084
root: Val_Loss = 0.5859490036964417, Val_Err = 15.8
root: Epoch: [158 | 300]
root: Train_Loss = 0.12470651417970657, Train_Err = 2.908
root: Val_Loss = 0.586392343044281, Val_Err = 15.88
root: Epoch: [159 | 300]
root: Train_Loss = 0.12813620269298553, Train_Err = 2.982
root: Val_Loss = 0.5819913148880005, Val_Err = 15.9
root: Epoch: [160 | 300]
root: Train_Loss = 0.12568508088588715, Train_Err = 2.954
root: Val_Loss = 0.5793027877807617, Val_Err = 15.77
root: Epoch: [161 | 300]
root: Train_Loss = 0.11962202191352844, Train_Err = 2.76
root: Val_Loss = 0.570660412311554, Val_Err = 15.64
root: Epoch: [162 | 300]
root: Train_Loss = 0.12066707015037537, Train_Err = 2.894
root: Val_Loss = 0.5754087567329407, Val_Err = 15.77
root: Epoch: [163 | 300]
root: Train_Loss = 0.11563138663768768, Train_Err = 2.688
root: Val_Loss = 0.5791723728179932, Val_Err = 15.68
root: Epoch: [164 | 300]
root: Train_Loss = 0.11894560605287552, Train_Err = 2.748
root: Val_Loss = 0.577777624130249, Val_Err = 15.63
root: Epoch: [165 | 300]
root: Train_Loss = 0.11414143443107605, Train_Err = 2.596
root: Val_Loss = 0.5797227621078491, Val_Err = 15.78
root: Epoch: [166 | 300]
root: Train_Loss = 0.11359584331512451, Train_Err = 2.698
root: Val_Loss = 0.5781711935997009, Val_Err = 15.44
root: Epoch: [167 | 300]
root: Train_Loss = 0.11508303135633469, Train_Err = 2.674
root: Val_Loss = 0.5750786662101746, Val_Err = 15.32
root: Epoch: [168 | 300]
root: Train_Loss = 0.11365903913974762, Train_Err = 2.664
root: Val_Loss = 0.5670469999313354, Val_Err = 15.44
root: Epoch: [169 | 300]
root: Train_Loss = 0.11086910963058472, Train_Err = 2.554
root: Val_Loss = 0.5643936395645142, Val_Err = 15.36
root: Epoch: [170 | 300]
root: Train_Loss = 0.11108963936567307, Train_Err = 2.64
root: Val_Loss = 0.5707517266273499, Val_Err = 15.67
root: Epoch: [171 | 300]
root: Train_Loss = 0.10851913690567017, Train_Err = 2.568
root: Val_Loss = 0.5729517936706543, Val_Err = 15.67
root: Epoch: [172 | 300]
root: Train_Loss = 0.11343734711408615, Train_Err = 2.638
root: Val_Loss = 0.569896399974823, Val_Err = 15.52
root: Epoch: [173 | 300]
root: Train_Loss = 0.10694897174835205, Train_Err = 2.48
root: Val_Loss = 0.5707777142524719, Val_Err = 15.63
root: Epoch: [174 | 300]
root: Train_Loss = 0.11120718717575073, Train_Err = 2.64
root: Val_Loss = 0.5703133344650269, Val_Err = 15.64
root: Epoch: [175 | 300]
root: Train_Loss = 0.1074584573507309, Train_Err = 2.512
root: Val_Loss = 0.567752480506897, Val_Err = 15.55
root: Epoch: [176 | 300]
root: Train_Loss = 0.11010965704917908, Train_Err = 2.522
root: Val_Loss = 0.5666477680206299, Val_Err = 15.51
root: Epoch: [177 | 300]
root: Train_Loss = 0.10765467584133148, Train_Err = 2.468
root: Val_Loss = 0.5698534846305847, Val_Err = 15.6
root: Epoch: [178 | 300]
root: Train_Loss = 0.10840936005115509, Train_Err = 2.544
root: Val_Loss = 0.5691156983375549, Val_Err = 15.59
root: Epoch: [179 | 300]
root: Train_Loss = 0.10897336900234222, Train_Err = 2.554
root: Val_Loss = 0.5606986284255981, Val_Err = 15.51
root: Epoch: [180 | 300]
root: Train_Loss = 0.10345462709665298, Train_Err = 2.428
root: Val_Loss = 0.5639429092407227, Val_Err = 15.45
root: Epoch: [181 | 300]
root: Train_Loss = 0.10428041964769363, Train_Err = 2.384
root: Val_Loss = 0.5666291117668152, Val_Err = 15.56
root: Epoch: [182 | 300]
root: Train_Loss = 0.10602756589651108, Train_Err = 2.478
root: Val_Loss = 0.5608007907867432, Val_Err = 15.48
root: Epoch: [183 | 300]
root: Train_Loss = 0.10273130238056183, Train_Err = 2.36
root: Val_Loss = 0.5652787685394287, Val_Err = 15.38
root: Epoch: [184 | 300]
root: Train_Loss = 0.10261797904968262, Train_Err = 2.35
root: Val_Loss = 0.5589161515235901, Val_Err = 15.26
root: Epoch: [185 | 300]
root: Train_Loss = 0.1068527027964592, Train_Err = 2.476
root: Val_Loss = 0.5561710596084595, Val_Err = 15.39
root: Epoch: [186 | 300]
root: Train_Loss = 0.10290093719959259, Train_Err = 2.408
root: Val_Loss = 0.559487521648407, Val_Err = 15.41
root: Epoch: [187 | 300]
root: Train_Loss = 0.10791698843240738, Train_Err = 2.476
root: Val_Loss = 0.5593791604042053, Val_Err = 15.23
root: Epoch: [188 | 300]
root: Train_Loss = 0.10217706114053726, Train_Err = 2.364
root: Val_Loss = 0.5554929971694946, Val_Err = 15.24
root: Epoch: [189 | 300]
root: Train_Loss = 0.10443814843893051, Train_Err = 2.428
root: Val_Loss = 0.5573058724403381, Val_Err = 15.36
root: Epoch: [190 | 300]
root: Train_Loss = 0.10284021496772766, Train_Err = 2.396
root: Val_Loss = 0.5602331161499023, Val_Err = 15.66
root: Epoch: [191 | 300]
root: Train_Loss = 0.09902069717645645, Train_Err = 2.266
root: Val_Loss = 0.5594124794006348, Val_Err = 15.45
root: Epoch: [192 | 300]
root: Train_Loss = 0.10180166363716125, Train_Err = 2.35
root: Val_Loss = 0.5583197474479675, Val_Err = 15.13
root: Epoch: [193 | 300]
root: Train_Loss = 0.10001436620950699, Train_Err = 2.348
root: Val_Loss = 0.554755687713623, Val_Err = 15.5
root: Epoch: [194 | 300]
root: Train_Loss = 0.10072574764490128, Train_Err = 2.286
root: Val_Loss = 0.5567663311958313, Val_Err = 15.71
root: Epoch: [195 | 300]
root: Train_Loss = 0.102569580078125, Train_Err = 2.32
root: Val_Loss = 0.5529230237007141, Val_Err = 15.62
root: Epoch: [196 | 300]
root: Train_Loss = 0.10295436531305313, Train_Err = 2.364
root: Val_Loss = 0.5561843514442444, Val_Err = 15.34
root: Epoch: [197 | 300]
root: Train_Loss = 0.10084860771894455, Train_Err = 2.316
root: Val_Loss = 0.5493507981300354, Val_Err = 15.41
root: Epoch: [198 | 300]
root: Train_Loss = 0.0980595126748085, Train_Err = 2.25
root: Val_Loss = 0.5559606552124023, Val_Err = 15.49
root: Epoch: [199 | 300]
root: Train_Loss = 0.09625323116779327, Train_Err = 2.19
root: Val_Loss = 0.5486138463020325, Val_Err = 15.47
root: Epoch: [200 | 300]
root: Train_Loss = 0.10207278281450272, Train_Err = 2.368
root: Val_Loss = 0.5540818572044373, Val_Err = 15.26
root: Epoch: [201 | 300]
root: Train_Loss = 0.09840401262044907, Train_Err = 2.204
root: Val_Loss = 0.553123414516449, Val_Err = 15.26
root: Epoch: [202 | 300]
root: Train_Loss = 0.09839712828397751, Train_Err = 2.254
root: Val_Loss = 0.5511831045150757, Val_Err = 15.52
root: Epoch: [203 | 300]
root: Train_Loss = 0.09661373496055603, Train_Err = 2.24
root: Val_Loss = 0.5494836568832397, Val_Err = 15.36
root: Epoch: [204 | 300]
root: Train_Loss = 0.09546339511871338, Train_Err = 2.11
root: Val_Loss = 0.5487756729125977, Val_Err = 15.22
root: Epoch: [205 | 300]
root: Train_Loss = 0.0989137664437294, Train_Err = 2.248
root: Val_Loss = 0.545678973197937, Val_Err = 15.31
root: Epoch: [206 | 300]
root: Train_Loss = 0.09836938977241516, Train_Err = 2.264
root: Val_Loss = 0.5491848587989807, Val_Err = 15.0
root: Epoch: [207 | 300]
root: Train_Loss = 0.09980896860361099, Train_Err = 2.304
root: Val_Loss = 0.5492198467254639, Val_Err = 15.31
root: Epoch: [208 | 300]
root: Train_Loss = 0.10063838958740234, Train_Err = 2.274
root: Val_Loss = 0.547057569026947, Val_Err = 15.43
root: Epoch: [209 | 300]
root: Train_Loss = 0.09574632346630096, Train_Err = 2.126
root: Val_Loss = 0.5544847846031189, Val_Err = 15.12
root: Epoch: [210 | 300]
root: Train_Loss = 0.09471073746681213, Train_Err = 2.178
root: Val_Loss = 0.550504207611084, Val_Err = 15.27
root: Epoch: [211 | 300]
root: Train_Loss = 0.09742966294288635, Train_Err = 2.156
root: Val_Loss = 0.546059787273407, Val_Err = 15.12
root: Epoch: [212 | 300]
root: Train_Loss = 0.09626784175634384, Train_Err = 2.128
root: Val_Loss = 0.547064483165741, Val_Err = 15.34
root: Epoch: [213 | 300]
root: Train_Loss = 0.09427909553050995, Train_Err = 2.142
root: Val_Loss = 0.5491192936897278, Val_Err = 15.38
root: Epoch: [214 | 300]
root: Train_Loss = 0.10063415765762329, Train_Err = 2.364
root: Val_Loss = 0.5429428815841675, Val_Err = 15.17
root: Epoch: [215 | 300]
root: Train_Loss = 0.10046810656785965, Train_Err = 2.282
root: Val_Loss = 0.539752185344696, Val_Err = 15.01
root: Epoch: [216 | 300]
root: Train_Loss = 0.09463730454444885, Train_Err = 2.134
root: Val_Loss = 0.5384769439697266, Val_Err = 15.01
root: Epoch: [217 | 300]
root: Train_Loss = 0.09729278087615967, Train_Err = 2.234
root: Val_Loss = 0.5447280406951904, Val_Err = 15.34
root: Epoch: [218 | 300]
root: Train_Loss = 0.09615576267242432, Train_Err = 2.138
root: Val_Loss = 0.5407149791717529, Val_Err = 15.17
root: Epoch: [219 | 300]
root: Train_Loss = 0.0948309525847435, Train_Err = 2.146
root: Val_Loss = 0.5438554883003235, Val_Err = 15.35
root: Epoch: [220 | 300]
root: Train_Loss = 0.09370426833629608, Train_Err = 2.078
root: Val_Loss = 0.5478475689888, Val_Err = 15.6
root: Epoch: [221 | 300]
root: Train_Loss = 0.09705580770969391, Train_Err = 2.158
root: Val_Loss = 0.5431531667709351, Val_Err = 15.21
root: Epoch: [222 | 300]
root: Train_Loss = 0.09582019597291946, Train_Err = 2.172
root: Val_Loss = 0.5449020862579346, Val_Err = 15.24
root: Epoch: [223 | 300]
root: Train_Loss = 0.09359881281852722, Train_Err = 2.066
root: Val_Loss = 0.5511256456375122, Val_Err = 15.43
root: Epoch: [224 | 300]
root: Train_Loss = 0.09222198277711868, Train_Err = 2.058
root: Val_Loss = 0.5457295775413513, Val_Err = 15.42
root: Epoch: [225 | 300]
root: Train_Loss = 0.09208124130964279, Train_Err = 2.05
root: Val_Loss = 0.5430533289909363, Val_Err = 15.35
root: Epoch: [226 | 300]
root: Train_Loss = 0.09000315517187119, Train_Err = 2.066
root: Val_Loss = 0.5398951172828674, Val_Err = 15.27
root: Epoch: [227 | 300]
root: Train_Loss = 0.09036619961261749, Train_Err = 2.048
root: Val_Loss = 0.5373266935348511, Val_Err = 15.11
root: Epoch: [228 | 300]
root: Train_Loss = 0.08798736333847046, Train_Err = 1.984
root: Val_Loss = 0.5409775972366333, Val_Err = 15.18
root: Epoch: [229 | 300]
root: Train_Loss = 0.08898332715034485, Train_Err = 2.024
root: Val_Loss = 0.5371148586273193, Val_Err = 15.05
root: Epoch: [230 | 300]
root: Train_Loss = 0.08659009635448456, Train_Err = 1.944
root: Val_Loss = 0.5372715592384338, Val_Err = 15.14
root: Epoch: [231 | 300]
root: Train_Loss = 0.08876675367355347, Train_Err = 2.04
root: Val_Loss = 0.5376127362251282, Val_Err = 15.12
root: Epoch: [232 | 300]
root: Train_Loss = 0.08812849223613739, Train_Err = 2.014
root: Val_Loss = 0.5340418815612793, Val_Err = 15.03
root: Epoch: [233 | 300]
root: Train_Loss = 0.08961068093776703, Train_Err = 2.044
root: Val_Loss = 0.5331035256385803, Val_Err = 14.85
root: Epoch: [234 | 300]
root: Train_Loss = 0.08808103203773499, Train_Err = 1.918
root: Val_Loss = 0.5303215980529785, Val_Err = 14.97
root: Epoch: [235 | 300]
root: Train_Loss = 0.08684758841991425, Train_Err = 2.0
root: Val_Loss = 0.5345451235771179, Val_Err = 15.01
root: Epoch: [236 | 300]
root: Train_Loss = 0.08673062920570374, Train_Err = 1.982
root: Val_Loss = 0.533517599105835, Val_Err = 14.98
root: Epoch: [237 | 300]
root: Train_Loss = 0.08461083471775055, Train_Err = 1.882
root: Val_Loss = 0.5312193632125854, Val_Err = 15.07
root: Epoch: [238 | 300]
root: Train_Loss = 0.08380162715911865, Train_Err = 1.894
root: Val_Loss = 0.5283926129341125, Val_Err = 14.88
root: Epoch: [239 | 300]
root: Train_Loss = 0.0871131494641304, Train_Err = 1.966
root: Val_Loss = 0.5307437181472778, Val_Err = 15.06
root: Epoch: [240 | 300]
root: Train_Loss = 0.09043803811073303, Train_Err = 2.026
root: Val_Loss = 0.5321283340454102, Val_Err = 14.99
root: Epoch: [241 | 300]
root: Train_Loss = 0.0871208980679512, Train_Err = 1.956
root: Val_Loss = 0.5320598483085632, Val_Err = 15.07
root: Epoch: [242 | 300]
root: Train_Loss = 0.08451905101537704, Train_Err = 1.886
root: Val_Loss = 0.5295684933662415, Val_Err = 14.97
root: Epoch: [243 | 300]
root: Train_Loss = 0.08174826949834824, Train_Err = 1.826
root: Val_Loss = 0.5291558504104614, Val_Err = 14.9
root: Epoch: [244 | 300]
root: Train_Loss = 0.08479974418878555, Train_Err = 1.874
root: Val_Loss = 0.5322144627571106, Val_Err = 14.91
root: Epoch: [245 | 300]
root: Train_Loss = 0.08691731095314026, Train_Err = 1.992
root: Val_Loss = 0.5296642780303955, Val_Err = 14.84
root: Epoch: [246 | 300]
root: Train_Loss = 0.08509018272161484, Train_Err = 1.904
root: Val_Loss = 0.5294418334960938, Val_Err = 14.83
root: Epoch: [247 | 300]
root: Train_Loss = 0.08575493097305298, Train_Err = 1.914
root: Val_Loss = 0.5295515060424805, Val_Err = 14.94
root: Epoch: [248 | 300]
root: Train_Loss = 0.09028597176074982, Train_Err = 2.024
root: Val_Loss = 0.5328599214553833, Val_Err = 15.08
root: Epoch: [249 | 300]
root: Train_Loss = 0.08708041906356812, Train_Err = 1.98
root: Val_Loss = 0.5309964418411255, Val_Err = 14.95
root: Epoch: [250 | 300]
root: Train_Loss = 0.08675720542669296, Train_Err = 1.954
root: Val_Loss = 0.5307614207267761, Val_Err = 15.0
root: Epoch: [251 | 300]
root: Train_Loss = 0.08375414460897446, Train_Err = 1.89
root: Val_Loss = 0.5317069292068481, Val_Err = 15.05
root: Epoch: [252 | 300]
root: Train_Loss = 0.08656089752912521, Train_Err = 1.9
root: Val_Loss = 0.5331115126609802, Val_Err = 14.95
root: Epoch: [253 | 300]
root: Train_Loss = 0.08231251686811447, Train_Err = 1.79
root: Val_Loss = 0.5301740765571594, Val_Err = 15.14
root: Epoch: [254 | 300]
root: Train_Loss = 0.08609964698553085, Train_Err = 1.978
root: Val_Loss = 0.5305531620979309, Val_Err = 14.98
root: Epoch: [255 | 300]
root: Train_Loss = 0.08364297449588776, Train_Err = 1.848
root: Val_Loss = 0.529991090297699, Val_Err = 15.03
root: Epoch: [256 | 300]
root: Train_Loss = 0.08812481164932251, Train_Err = 1.976
root: Val_Loss = 0.5330796837806702, Val_Err = 15.16
root: Epoch: [257 | 300]
root: Train_Loss = 0.0884893536567688, Train_Err = 2.006
root: Val_Loss = 0.52472323179245, Val_Err = 14.94
root: Epoch: [258 | 300]
root: Train_Loss = 0.08331692218780518, Train_Err = 1.83
root: Val_Loss = 0.5286137461662292, Val_Err = 14.84
root: Epoch: [259 | 300]
root: Train_Loss = 0.084809310734272, Train_Err = 1.904
root: Val_Loss = 0.5263977646827698, Val_Err = 14.9
root: Epoch: [260 | 300]
root: Train_Loss = 0.07993809133768082, Train_Err = 1.774
root: Val_Loss = 0.5276737213134766, Val_Err = 15.0
root: Epoch: [261 | 300]
root: Train_Loss = 0.08557761460542679, Train_Err = 1.968
root: Val_Loss = 0.5276855230331421, Val_Err = 14.84
root: Epoch: [262 | 300]
root: Train_Loss = 0.08473901450634003, Train_Err = 1.914
root: Val_Loss = 0.5252391695976257, Val_Err = 14.96
root: Epoch: [263 | 300]
root: Train_Loss = 0.08857996761798859, Train_Err = 2.04
root: Val_Loss = 0.5271730422973633, Val_Err = 15.07
root: Epoch: [264 | 300]
root: Train_Loss = 0.08565391600131989, Train_Err = 1.894
root: Val_Loss = 0.5265002250671387, Val_Err = 14.99
root: Epoch: [265 | 300]
root: Train_Loss = 0.08919006586074829, Train_Err = 2.002
root: Val_Loss = 0.5269416570663452, Val_Err = 14.98
root: Epoch: [266 | 300]
root: Train_Loss = 0.0830884575843811, Train_Err = 1.828
root: Val_Loss = 0.5263371467590332, Val_Err = 15.05
root: Epoch: [267 | 300]
root: Train_Loss = 0.08220435678958893, Train_Err = 1.828
root: Val_Loss = 0.5278568863868713, Val_Err = 14.94
root: Epoch: [268 | 300]
root: Train_Loss = 0.08642930537462234, Train_Err = 1.95
root: Val_Loss = 0.5266065001487732, Val_Err = 15.02
root: Epoch: [269 | 300]
root: Train_Loss = 0.08917960524559021, Train_Err = 1.974
root: Val_Loss = 0.5281057357788086, Val_Err = 14.98
root: Epoch: [270 | 300]
root: Train_Loss = 0.08536160737276077, Train_Err = 1.938
root: Val_Loss = 0.5282057523727417, Val_Err = 14.96
root: Epoch: [271 | 300]
root: Train_Loss = 0.08730445802211761, Train_Err = 1.94
root: Val_Loss = 0.5289596915245056, Val_Err = 14.93
root: Epoch: [272 | 300]
root: Train_Loss = 0.08429192006587982, Train_Err = 1.856
root: Val_Loss = 0.5270728468894958, Val_Err = 14.85
root: Epoch: [273 | 300]
root: Train_Loss = 0.08028999716043472, Train_Err = 1.78
root: Val_Loss = 0.5278653502464294, Val_Err = 14.98
root: Epoch: [274 | 300]
root: Train_Loss = 0.08113271743059158, Train_Err = 1.816
root: Val_Loss = 0.5277078747749329, Val_Err = 14.9
root: Epoch: [275 | 300]
root: Train_Loss = 0.08372048288583755, Train_Err = 1.892
root: Val_Loss = 0.5280548930168152, Val_Err = 14.91
root: Epoch: [276 | 300]
root: Train_Loss = 0.08334583789110184, Train_Err = 1.85
root: Val_Loss = 0.5257589221000671, Val_Err = 14.88
root: Epoch: [277 | 300]
root: Train_Loss = 0.08129748702049255, Train_Err = 1.808
root: Val_Loss = 0.5260635018348694, Val_Err = 14.99
root: Epoch: [278 | 300]
root: Train_Loss = 0.08605159819126129, Train_Err = 1.896
root: Val_Loss = 0.5272156596183777, Val_Err = 14.94
root: Epoch: [279 | 300]
root: Train_Loss = 0.08515485376119614, Train_Err = 1.866
root: Val_Loss = 0.5241119265556335, Val_Err = 14.88
root: Epoch: [280 | 300]
root: Train_Loss = 0.08518334478139877, Train_Err = 1.908
root: Val_Loss = 0.5265114903450012, Val_Err = 15.06
root: Epoch: [281 | 300]
root: Train_Loss = 0.08220591396093369, Train_Err = 1.868
root: Val_Loss = 0.5243418216705322, Val_Err = 14.84
root: Epoch: [282 | 300]
root: Train_Loss = 0.0830327719449997, Train_Err = 1.846
root: Val_Loss = 0.5266193151473999, Val_Err = 15.03
root: Epoch: [283 | 300]
root: Train_Loss = 0.08069968223571777, Train_Err = 1.824
root: Val_Loss = 0.5267806053161621, Val_Err = 14.91
root: Epoch: [284 | 300]
root: Train_Loss = 0.08541166037321091, Train_Err = 1.912
root: Val_Loss = 0.5263842940330505, Val_Err = 14.92
root: Epoch: [285 | 300]
root: Train_Loss = 0.0852181613445282, Train_Err = 1.906
root: Val_Loss = 0.5289410352706909, Val_Err = 15.08
root: Epoch: [286 | 300]
root: Train_Loss = 0.08402331918478012, Train_Err = 1.844
root: Val_Loss = 0.5251370072364807, Val_Err = 14.93
root: Epoch: [287 | 300]
root: Train_Loss = 0.08646956831216812, Train_Err = 1.956
root: Val_Loss = 0.5290707945823669, Val_Err = 15.0
root: Epoch: [288 | 300]
root: Train_Loss = 0.08433004468679428, Train_Err = 1.948
root: Val_Loss = 0.5233867168426514, Val_Err = 14.94
root: Epoch: [289 | 300]
root: Train_Loss = 0.08343908935785294, Train_Err = 1.866
root: Val_Loss = 0.5273488759994507, Val_Err = 15.11
root: Epoch: [290 | 300]
root: Train_Loss = 0.083075150847435, Train_Err = 1.856
root: Val_Loss = 0.5243944525718689, Val_Err = 14.89
root: Epoch: [291 | 300]
root: Train_Loss = 0.08584383875131607, Train_Err = 1.884
root: Val_Loss = 0.5231149792671204, Val_Err = 14.91
root: Epoch: [292 | 300]
root: Train_Loss = 0.08354566246271133, Train_Err = 1.906
root: Val_Loss = 0.5246104598045349, Val_Err = 14.85
root: Epoch: [293 | 300]
root: Train_Loss = 0.08766870945692062, Train_Err = 1.992
root: Val_Loss = 0.5247227549552917, Val_Err = 15.01
root: Epoch: [294 | 300]
root: Train_Loss = 0.08219289034605026, Train_Err = 1.824
root: Val_Loss = 0.5258039832115173, Val_Err = 14.87
root: Epoch: [295 | 300]
root: Train_Loss = 0.0850137248635292, Train_Err = 1.892
root: Val_Loss = 0.5245568752288818, Val_Err = 14.9
root: Epoch: [296 | 300]
root: Train_Loss = 0.08373378962278366, Train_Err = 1.918
root: Val_Loss = 0.5267400741577148, Val_Err = 15.09
root: Epoch: [297 | 300]
root: Train_Loss = 0.0834609642624855, Train_Err = 1.832
root: Val_Loss = 0.523684561252594, Val_Err = 14.96
root: Epoch: [298 | 300]
root: Train_Loss = 0.08550388365983963, Train_Err = 1.89
root: Val_Loss = 0.5262218117713928, Val_Err = 14.99
root: Epoch: [299 | 300]
root: Train_Loss = 0.083741694688797, Train_Err = 1.884
root: Val_Loss = 0.5243979096412659, Val_Err = 15.04
