Namespace(bs=128, cp_dir='./checkpoints/cifar100_new/resnet101/sgd/run_ms_3/run0', data_dir='./data/cifar100', dir='.', dtype='cifar100', ep=200, loadckp=False, lr=0.1, milestones=[100, 120], mo=0.9, ms=3, mtype='resnet101', n='cifar100_new/resnet101/sgd', num_classes=100, print_freq=100, use_cuda=True, wd=0.0005)
Epoch: [0 | 200]
Phase:train -- Batch_idx:100/391-- 581.68 samples/sec-- Loss:5.51 -- Error1:98.89
Phase:train -- Batch_idx:200/391-- 599.64 samples/sec-- Loss:5.06 -- Error1:98.87
Phase:train -- Batch_idx:300/391-- 605.94 samples/sec-- Loss:4.90 -- Error1:98.73
Train_Loss = 4.812118406066895, Train_Err = 98.528
Val_Loss = 4.479301795196533, Val_Err = 97.33
Epoch: [1 | 200]
Phase:train -- Batch_idx:100/391-- 610.57 samples/sec-- Loss:4.35 -- Error1:96.45
Phase:train -- Batch_idx:200/391-- 614.63 samples/sec-- Loss:4.24 -- Error1:95.63
Phase:train -- Batch_idx:300/391-- 616.00 samples/sec-- Loss:4.17 -- Error1:95.06
Train_Loss = 4.1206335161590575, Train_Err = 94.63
Val_Loss = 3.986049775314331, Val_Err = 93.4
Epoch: [2 | 200]
Phase:train -- Batch_idx:100/391-- 609.47 samples/sec-- Loss:3.89 -- Error1:91.59
Phase:train -- Batch_idx:200/391-- 613.92 samples/sec-- Loss:3.84 -- Error1:90.58
Phase:train -- Batch_idx:300/391-- 615.40 samples/sec-- Loss:3.80 -- Error1:90.04
Train_Loss = 3.7573732135772704, Train_Err = 89.416
Val_Loss = 3.60587459564209, Val_Err = 86.45
Epoch: [3 | 200]
Phase:train -- Batch_idx:100/391-- 609.59 samples/sec-- Loss:3.51 -- Error1:85.05
Phase:train -- Batch_idx:200/391-- 613.84 samples/sec-- Loss:3.48 -- Error1:84.41
Phase:train -- Batch_idx:300/391-- 615.29 samples/sec-- Loss:3.43 -- Error1:83.62
Train_Loss = 3.3937044691467286, Train_Err = 82.704
Val_Loss = 3.207617757034302, Val_Err = 79.34
Epoch: [4 | 200]
Phase:train -- Batch_idx:100/391-- 609.68 samples/sec-- Loss:3.15 -- Error1:78.67
Phase:train -- Batch_idx:200/391-- 613.87 samples/sec-- Loss:3.11 -- Error1:77.61
Phase:train -- Batch_idx:300/391-- 615.29 samples/sec-- Loss:3.08 -- Error1:77.12
Train_Loss = 3.0485229430389404, Train_Err = 76.318
Val_Loss = 2.9923233474731443, Val_Err = 74.51
Epoch: [5 | 200]
Phase:train -- Batch_idx:100/391-- 609.12 samples/sec-- Loss:2.81 -- Error1:72.16
Phase:train -- Batch_idx:200/391-- 613.52 samples/sec-- Loss:2.79 -- Error1:71.67
Phase:train -- Batch_idx:300/391-- 615.03 samples/sec-- Loss:2.76 -- Error1:70.94
Train_Loss = 2.733769123687744, Train_Err = 70.278
Val_Loss = 2.7209241832733153, Val_Err = 69.31
Epoch: [6 | 200]
Phase:train -- Batch_idx:100/391-- 609.37 samples/sec-- Loss:2.49 -- Error1:65.80
Phase:train -- Batch_idx:200/391-- 613.63 samples/sec-- Loss:2.47 -- Error1:65.23
Phase:train -- Batch_idx:300/391-- 615.09 samples/sec-- Loss:2.46 -- Error1:64.90
Train_Loss = 2.443380969467163, Train_Err = 64.506
Val_Loss = 2.453872384643555, Val_Err = 64.14
Epoch: [7 | 200]
Phase:train -- Batch_idx:100/391-- 609.83 samples/sec-- Loss:2.17 -- Error1:58.45
Phase:train -- Batch_idx:200/391-- 613.83 samples/sec-- Loss:2.18 -- Error1:58.65
Phase:train -- Batch_idx:300/391-- 615.21 samples/sec-- Loss:2.18 -- Error1:58.67
Train_Loss = 2.1790308571624757, Train_Err = 58.504
Val_Loss = 2.2724578132629394, Val_Err = 61.17
Epoch: [8 | 200]
Phase:train -- Batch_idx:100/391-- 609.42 samples/sec-- Loss:1.92 -- Error1:53.12
Phase:train -- Batch_idx:200/391-- 613.67 samples/sec-- Loss:1.96 -- Error1:54.03
Phase:train -- Batch_idx:300/391-- 615.13 samples/sec-- Loss:1.98 -- Error1:54.22
Train_Loss = 1.9824951798248291, Train_Err = 54.196
Val_Loss = 2.295632762145996, Val_Err = 60.35
Epoch: [9 | 200]
Phase:train -- Batch_idx:100/391-- 609.23 samples/sec-- Loss:1.76 -- Error1:49.78
Phase:train -- Batch_idx:200/391-- 613.49 samples/sec-- Loss:1.79 -- Error1:50.61
Phase:train -- Batch_idx:300/391-- 614.98 samples/sec-- Loss:1.80 -- Error1:50.67
Train_Loss = 1.8097773123168945, Train_Err = 50.636
Val_Loss = 2.147231767654419, Val_Err = 56.27
Epoch: [10 | 200]
Phase:train -- Batch_idx:100/391-- 609.52 samples/sec-- Loss:1.58 -- Error1:44.34
Phase:train -- Batch_idx:200/391-- 613.55 samples/sec-- Loss:1.63 -- Error1:45.82
Phase:train -- Batch_idx:300/391-- 614.99 samples/sec-- Loss:1.65 -- Error1:46.27
Train_Loss = 1.6593273201751708, Train_Err = 46.584
Val_Loss = 1.9646224113464354, Val_Err = 53.3
Epoch: [11 | 200]
Phase:train -- Batch_idx:100/391-- 609.03 samples/sec-- Loss:1.43 -- Error1:40.94
Phase:train -- Batch_idx:200/391-- 613.46 samples/sec-- Loss:1.48 -- Error1:42.35
Phase:train -- Batch_idx:300/391-- 614.93 samples/sec-- Loss:1.52 -- Error1:43.38
Train_Loss = 1.5327168127059936, Train_Err = 43.754
Val_Loss = 1.995786307144165, Val_Err = 53.4
Epoch: [12 | 200]
Phase:train -- Batch_idx:100/391-- 610.00 samples/sec-- Loss:1.30 -- Error1:37.73
Phase:train -- Batch_idx:200/391-- 613.90 samples/sec-- Loss:1.39 -- Error1:39.92
Phase:train -- Batch_idx:300/391-- 615.24 samples/sec-- Loss:1.42 -- Error1:40.78
Train_Loss = 1.4323364611816407, Train_Err = 41.072
Val_Loss = 1.922786353302002, Val_Err = 52.27
Epoch: [13 | 200]
Phase:train -- Batch_idx:100/391-- 609.00 samples/sec-- Loss:1.25 -- Error1:36.37
Phase:train -- Batch_idx:200/391-- 613.37 samples/sec-- Loss:1.29 -- Error1:37.21
Phase:train -- Batch_idx:300/391-- 614.87 samples/sec-- Loss:1.33 -- Error1:38.43
Train_Loss = 1.3512126903915405, Train_Err = 39.07
Val_Loss = 2.1130294801712037, Val_Err = 55.33
Epoch: [14 | 200]
Phase:train -- Batch_idx:100/391-- 610.31 samples/sec-- Loss:1.14 -- Error1:33.65
Phase:train -- Batch_idx:200/391-- 614.04 samples/sec-- Loss:1.22 -- Error1:35.66
Phase:train -- Batch_idx:300/391-- 615.33 samples/sec-- Loss:1.25 -- Error1:36.67
Train_Loss = 1.2651692934417724, Train_Err = 37.138
Val_Loss = 1.8861516746520997, Val_Err = 50.67
Epoch: [15 | 200]
Phase:train -- Batch_idx:100/391-- 608.77 samples/sec-- Loss:1.06 -- Error1:31.48
Phase:train -- Batch_idx:200/391-- 613.30 samples/sec-- Loss:1.15 -- Error1:34.00
Phase:train -- Batch_idx:300/391-- 614.83 samples/sec-- Loss:1.19 -- Error1:35.12
Train_Loss = 1.2083735559082032, Train_Err = 35.528
Val_Loss = 1.8711713174819946, Val_Err = 49.88
Epoch: [16 | 200]
Phase:train -- Batch_idx:100/391-- 609.24 samples/sec-- Loss:1.01 -- Error1:29.73
Phase:train -- Batch_idx:200/391-- 613.53 samples/sec-- Loss:1.09 -- Error1:31.96
Phase:train -- Batch_idx:300/391-- 614.97 samples/sec-- Loss:1.13 -- Error1:33.15
Train_Loss = 1.1461494744110108, Train_Err = 33.786
Val_Loss = 1.8197945320129394, Val_Err = 48.6
Epoch: [17 | 200]
Phase:train -- Batch_idx:100/391-- 609.07 samples/sec-- Loss:0.94 -- Error1:27.86
Phase:train -- Batch_idx:200/391-- 613.42 samples/sec-- Loss:1.03 -- Error1:30.50
Phase:train -- Batch_idx:300/391-- 614.92 samples/sec-- Loss:1.07 -- Error1:31.53
Train_Loss = 1.1018383129119873, Train_Err = 32.504
Val_Loss = 2.1060932624816893, Val_Err = 51.82
Epoch: [18 | 200]
Phase:train -- Batch_idx:100/391-- 610.60 samples/sec-- Loss:0.91 -- Error1:27.52
Phase:train -- Batch_idx:200/391-- 614.19 samples/sec-- Loss:0.97 -- Error1:29.43
Phase:train -- Batch_idx:300/391-- 615.45 samples/sec-- Loss:1.02 -- Error1:30.53
Train_Loss = 1.0511918003463745, Train_Err = 31.3
Val_Loss = 1.784753041267395, Val_Err = 47.41
Epoch: [19 | 200]
Phase:train -- Batch_idx:100/391-- 609.10 samples/sec-- Loss:0.87 -- Error1:25.80
Phase:train -- Batch_idx:200/391-- 613.50 samples/sec-- Loss:0.94 -- Error1:28.03
Phase:train -- Batch_idx:300/391-- 614.99 samples/sec-- Loss:0.99 -- Error1:29.52
Train_Loss = 1.0156101906585693, Train_Err = 30.35
Val_Loss = 1.9214548995971679, Val_Err = 50.58
Epoch: [20 | 200]
Phase:train -- Batch_idx:100/391-- 608.54 samples/sec-- Loss:0.79 -- Error1:24.27
Phase:train -- Batch_idx:200/391-- 613.14 samples/sec-- Loss:0.88 -- Error1:26.75
Phase:train -- Batch_idx:300/391-- 614.78 samples/sec-- Loss:0.94 -- Error1:28.72
Train_Loss = 0.9745232681655884, Train_Err = 29.508
Val_Loss = 1.7837550008773804, Val_Err = 46.99
Epoch: [21 | 200]
Phase:train -- Batch_idx:100/391-- 609.19 samples/sec-- Loss:0.78 -- Error1:23.40
Phase:train -- Batch_idx:200/391-- 613.51 samples/sec-- Loss:0.86 -- Error1:25.79
Phase:train -- Batch_idx:300/391-- 614.97 samples/sec-- Loss:0.92 -- Error1:27.58
Train_Loss = 0.9542449862861633, Train_Err = 28.568
Val_Loss = 1.8299455844879151, Val_Err = 48.34
Epoch: [22 | 200]
Phase:train -- Batch_idx:100/391-- 609.73 samples/sec-- Loss:0.73 -- Error1:22.39
Phase:train -- Batch_idx:200/391-- 613.78 samples/sec-- Loss:0.82 -- Error1:24.80
Phase:train -- Batch_idx:300/391-- 615.17 samples/sec-- Loss:0.87 -- Error1:26.46
Train_Loss = 0.9162802634429932, Train_Err = 27.74
Val_Loss = 1.9073689876556397, Val_Err = 48.33
Epoch: [23 | 200]
Phase:train -- Batch_idx:100/391-- 610.34 samples/sec-- Loss:0.71 -- Error1:22.01
Phase:train -- Batch_idx:200/391-- 614.09 samples/sec-- Loss:0.81 -- Error1:25.00
Phase:train -- Batch_idx:300/391-- 615.39 samples/sec-- Loss:0.87 -- Error1:26.51
Train_Loss = 0.899548754901886, Train_Err = 27.434
Val_Loss = 2.3153667924880983, Val_Err = 54.26
Epoch: [24 | 200]
Phase:train -- Batch_idx:100/391-- 610.23 samples/sec-- Loss:0.71 -- Error1:21.47
Phase:train -- Batch_idx:200/391-- 614.04 samples/sec-- Loss:0.78 -- Error1:23.52
Phase:train -- Batch_idx:300/391-- 615.32 samples/sec-- Loss:0.84 -- Error1:25.34
Train_Loss = 0.8781520700645447, Train_Err = 26.51
Val_Loss = 1.841926908493042, Val_Err = 47.38
Epoch: [25 | 200]
Phase:train -- Batch_idx:100/391-- 610.24 samples/sec-- Loss:0.68 -- Error1:20.77
Phase:train -- Batch_idx:200/391-- 614.06 samples/sec-- Loss:0.76 -- Error1:23.16
Phase:train -- Batch_idx:300/391-- 615.35 samples/sec-- Loss:0.82 -- Error1:24.92
Train_Loss = 0.8552759732055664, Train_Err = 25.854
Val_Loss = 1.9302394052505494, Val_Err = 48.56
Epoch: [26 | 200]
Phase:train -- Batch_idx:100/391-- 610.11 samples/sec-- Loss:0.65 -- Error1:19.58
Phase:train -- Batch_idx:200/391-- 613.92 samples/sec-- Loss:0.72 -- Error1:22.05
Phase:train -- Batch_idx:300/391-- 615.21 samples/sec-- Loss:0.78 -- Error1:23.85
Train_Loss = 0.8232099741554261, Train_Err = 24.946
Val_Loss = 1.9976076690673827, Val_Err = 48.75
Epoch: [27 | 200]
Phase:train -- Batch_idx:100/391-- 609.54 samples/sec-- Loss:0.63 -- Error1:19.59
Phase:train -- Batch_idx:200/391-- 613.70 samples/sec-- Loss:0.74 -- Error1:22.57
Phase:train -- Batch_idx:300/391-- 615.04 samples/sec-- Loss:0.79 -- Error1:24.03
Train_Loss = 0.8269824813079834, Train_Err = 25.106
Val_Loss = 2.0940059925079346, Val_Err = 51.54
Epoch: [28 | 200]
Phase:train -- Batch_idx:100/391-- 609.49 samples/sec-- Loss:0.63 -- Error1:19.82
Phase:train -- Batch_idx:200/391-- 613.65 samples/sec-- Loss:0.70 -- Error1:21.86
Phase:train -- Batch_idx:300/391-- 615.03 samples/sec-- Loss:0.77 -- Error1:23.67
Train_Loss = 0.8102302742767334, Train_Err = 24.756
Val_Loss = 2.0267465410232544, Val_Err = 50.33
Epoch: [29 | 200]
Phase:train -- Batch_idx:100/391-- 610.49 samples/sec-- Loss:0.61 -- Error1:18.66
Phase:train -- Batch_idx:200/391-- 614.14 samples/sec-- Loss:0.68 -- Error1:20.96
Phase:train -- Batch_idx:300/391-- 615.35 samples/sec-- Loss:0.75 -- Error1:22.82
Train_Loss = 0.7945713991928101, Train_Err = 24.158
Val_Loss = 1.928223819923401, Val_Err = 48.91
Epoch: [30 | 200]
Phase:train -- Batch_idx:100/391-- 609.59 samples/sec-- Loss:0.60 -- Error1:18.36
Phase:train -- Batch_idx:200/391-- 613.65 samples/sec-- Loss:0.69 -- Error1:21.07
Phase:train -- Batch_idx:300/391-- 615.06 samples/sec-- Loss:0.75 -- Error1:22.90
Train_Loss = 0.7882104328727723, Train_Err = 24.102
Val_Loss = 1.813692951965332, Val_Err = 47.31
Epoch: [31 | 200]
Phase:train -- Batch_idx:100/391-- 610.19 samples/sec-- Loss:0.60 -- Error1:18.09
Phase:train -- Batch_idx:200/391-- 613.96 samples/sec-- Loss:0.67 -- Error1:20.20
Phase:train -- Batch_idx:300/391-- 615.23 samples/sec-- Loss:0.72 -- Error1:21.87
Train_Loss = 0.7632628314208985, Train_Err = 23.132
Val_Loss = 1.833568726348877, Val_Err = 47.43
Epoch: [32 | 200]
Phase:train -- Batch_idx:100/391-- 610.23 samples/sec-- Loss:0.59 -- Error1:17.80
Phase:train -- Batch_idx:200/391-- 614.04 samples/sec-- Loss:0.66 -- Error1:20.00
Phase:train -- Batch_idx:300/391-- 615.30 samples/sec-- Loss:0.73 -- Error1:22.06
Train_Loss = 0.7640314641571045, Train_Err = 23.15
Val_Loss = 1.917322797203064, Val_Err = 48.3
Epoch: [33 | 200]
Phase:train -- Batch_idx:100/391-- 610.14 samples/sec-- Loss:0.57 -- Error1:17.84
Phase:train -- Batch_idx:200/391-- 613.95 samples/sec-- Loss:0.65 -- Error1:20.27
Phase:train -- Batch_idx:300/391-- 615.19 samples/sec-- Loss:0.71 -- Error1:21.89
Train_Loss = 0.7479576362228394, Train_Err = 22.968
Val_Loss = 1.9448407863616943, Val_Err = 48.58
Epoch: [34 | 200]
Phase:train -- Batch_idx:100/391-- 609.82 samples/sec-- Loss:0.57 -- Error1:17.35
Phase:train -- Batch_idx:200/391-- 613.74 samples/sec-- Loss:0.65 -- Error1:19.87
Phase:train -- Batch_idx:300/391-- 615.09 samples/sec-- Loss:0.71 -- Error1:21.78
Train_Loss = 0.7547743065452576, Train_Err = 22.964
Val_Loss = 1.99495696144104, Val_Err = 49.09
Epoch: [35 | 200]
Phase:train -- Batch_idx:100/391-- 610.43 samples/sec-- Loss:0.55 -- Error1:16.84
Phase:train -- Batch_idx:200/391-- 614.10 samples/sec-- Loss:0.62 -- Error1:18.88
Phase:train -- Batch_idx:300/391-- 615.31 samples/sec-- Loss:0.69 -- Error1:20.98
Train_Loss = 0.7361765783691406, Train_Err = 22.36
Val_Loss = 1.9750333560943603, Val_Err = 49.17
Epoch: [36 | 200]
Phase:train -- Batch_idx:100/391-- 609.74 samples/sec-- Loss:0.54 -- Error1:16.66
Phase:train -- Batch_idx:200/391-- 613.73 samples/sec-- Loss:0.63 -- Error1:19.39
Phase:train -- Batch_idx:300/391-- 615.10 samples/sec-- Loss:0.70 -- Error1:21.32
Train_Loss = 0.7405795504760743, Train_Err = 22.522
Val_Loss = 2.080299676513672, Val_Err = 51.67
Epoch: [37 | 200]
Phase:train -- Batch_idx:100/391-- 609.93 samples/sec-- Loss:0.55 -- Error1:17.03
Phase:train -- Batch_idx:200/391-- 613.82 samples/sec-- Loss:0.61 -- Error1:18.80
Phase:train -- Batch_idx:300/391-- 615.16 samples/sec-- Loss:0.68 -- Error1:20.89
Train_Loss = 0.7209451851272582, Train_Err = 22.05
Val_Loss = 1.99001425075531, Val_Err = 48.81
Epoch: [38 | 200]
Phase:train -- Batch_idx:100/391-- 610.16 samples/sec-- Loss:0.54 -- Error1:16.21
Phase:train -- Batch_idx:200/391-- 613.97 samples/sec-- Loss:0.63 -- Error1:19.16
Phase:train -- Batch_idx:300/391-- 615.23 samples/sec-- Loss:0.69 -- Error1:21.10
Train_Loss = 0.728074557800293, Train_Err = 22.134
Val_Loss = 1.843981618976593, Val_Err = 46.62
Epoch: [39 | 200]
Phase:train -- Batch_idx:100/391-- 609.13 samples/sec-- Loss:0.55 -- Error1:16.95
Phase:train -- Batch_idx:200/391-- 613.50 samples/sec-- Loss:0.60 -- Error1:18.33
Phase:train -- Batch_idx:300/391-- 614.96 samples/sec-- Loss:0.67 -- Error1:20.34
Train_Loss = 0.7136070505523682, Train_Err = 21.636
Val_Loss = 2.094435224914551, Val_Err = 50.45
Epoch: [40 | 200]
Phase:train -- Batch_idx:100/391-- 609.76 samples/sec-- Loss:0.53 -- Error1:16.38
Phase:train -- Batch_idx:200/391-- 613.77 samples/sec-- Loss:0.59 -- Error1:18.34
Phase:train -- Batch_idx:300/391-- 615.12 samples/sec-- Loss:0.67 -- Error1:20.42
Train_Loss = 0.7082246697998047, Train_Err = 21.684
Val_Loss = 1.9241070440292358, Val_Err = 46.83
Epoch: [41 | 200]
Phase:train -- Batch_idx:100/391-- 610.23 samples/sec-- Loss:0.52 -- Error1:15.99
Phase:train -- Batch_idx:200/391-- 613.99 samples/sec-- Loss:0.60 -- Error1:18.41
Phase:train -- Batch_idx:300/391-- 615.25 samples/sec-- Loss:0.66 -- Error1:20.06
Train_Loss = 0.7038375488853454, Train_Err = 21.408
Val_Loss = 2.127393949699402, Val_Err = 49.17
Epoch: [42 | 200]
Phase:train -- Batch_idx:100/391-- 610.04 samples/sec-- Loss:0.54 -- Error1:16.52
Phase:train -- Batch_idx:200/391-- 613.89 samples/sec-- Loss:0.61 -- Error1:18.41
Phase:train -- Batch_idx:300/391-- 615.20 samples/sec-- Loss:0.67 -- Error1:20.42
Train_Loss = 0.7160505643463134, Train_Err = 21.59
Val_Loss = 1.8954186473846435, Val_Err = 46.71
Epoch: [43 | 200]
Phase:train -- Batch_idx:100/391-- 610.80 samples/sec-- Loss:0.53 -- Error1:16.11
Phase:train -- Batch_idx:200/391-- 614.29 samples/sec-- Loss:0.59 -- Error1:17.89
Phase:train -- Batch_idx:300/391-- 615.46 samples/sec-- Loss:0.65 -- Error1:19.94
Train_Loss = 0.7014475820350647, Train_Err = 21.37
Val_Loss = 2.1904473808288576, Val_Err = 51.08
Epoch: [44 | 200]
Phase:train -- Batch_idx:100/391-- 610.88 samples/sec-- Loss:0.51 -- Error1:15.45
Phase:train -- Batch_idx:200/391-- 614.35 samples/sec-- Loss:0.58 -- Error1:17.82
Phase:train -- Batch_idx:300/391-- 615.51 samples/sec-- Loss:0.65 -- Error1:19.82
Train_Loss = 0.6899616609573365, Train_Err = 21.164
Val_Loss = 1.8772697536468506, Val_Err = 46.91
Epoch: [45 | 200]
Phase:train -- Batch_idx:100/391-- 610.27 samples/sec-- Loss:0.52 -- Error1:15.83
Phase:train -- Batch_idx:200/391-- 614.07 samples/sec-- Loss:0.59 -- Error1:18.10
Phase:train -- Batch_idx:300/391-- 615.31 samples/sec-- Loss:0.65 -- Error1:19.92
Train_Loss = 0.6886719464111328, Train_Err = 21.156
Val_Loss = 1.9582456256866454, Val_Err = 48.3
Epoch: [46 | 200]
Phase:train -- Batch_idx:100/391-- 610.07 samples/sec-- Loss:0.53 -- Error1:16.09
Phase:train -- Batch_idx:200/391-- 613.89 samples/sec-- Loss:0.59 -- Error1:17.89
Phase:train -- Batch_idx:300/391-- 615.18 samples/sec-- Loss:0.64 -- Error1:19.38
Train_Loss = 0.6824698778152466, Train_Err = 20.548
Val_Loss = 2.1688597557067872, Val_Err = 48.63
Epoch: [47 | 200]
Phase:train -- Batch_idx:100/391-- 610.24 samples/sec-- Loss:0.50 -- Error1:15.18
Phase:train -- Batch_idx:200/391-- 613.97 samples/sec-- Loss:0.57 -- Error1:17.53
Phase:train -- Batch_idx:300/391-- 615.25 samples/sec-- Loss:0.65 -- Error1:19.69
Train_Loss = 0.6918720888137817, Train_Err = 21.03
Val_Loss = 2.366751861572266, Val_Err = 52.84
Epoch: [48 | 200]
Phase:train -- Batch_idx:100/391-- 610.49 samples/sec-- Loss:0.51 -- Error1:15.36
Phase:train -- Batch_idx:200/391-- 614.10 samples/sec-- Loss:0.57 -- Error1:17.27
Phase:train -- Batch_idx:300/391-- 615.32 samples/sec-- Loss:0.63 -- Error1:19.31
Train_Loss = 0.6753711992835999, Train_Err = 20.528
Val_Loss = 1.933599176979065, Val_Err = 47.12
Epoch: [49 | 200]
Phase:train -- Batch_idx:100/391-- 610.48 samples/sec-- Loss:0.50 -- Error1:15.45
Phase:train -- Batch_idx:200/391-- 614.17 samples/sec-- Loss:0.57 -- Error1:17.32
Phase:train -- Batch_idx:300/391-- 615.35 samples/sec-- Loss:0.64 -- Error1:19.55
Train_Loss = 0.6780174350357056, Train_Err = 20.658
Val_Loss = 1.9596667091369628, Val_Err = 47.9
Epoch: [50 | 200]
Phase:train -- Batch_idx:100/391-- 610.26 samples/sec-- Loss:0.51 -- Error1:15.60
Phase:train -- Batch_idx:200/391-- 614.07 samples/sec-- Loss:0.57 -- Error1:17.41
Phase:train -- Batch_idx:300/391-- 615.32 samples/sec-- Loss:0.64 -- Error1:19.41
Train_Loss = 0.6827668890571594, Train_Err = 20.816
Val_Loss = 2.1915822137832643, Val_Err = 51.42
Epoch: [51 | 200]
Phase:train -- Batch_idx:100/391-- 610.33 samples/sec-- Loss:0.49 -- Error1:15.11
Phase:train -- Batch_idx:200/391-- 614.09 samples/sec-- Loss:0.55 -- Error1:17.03
Phase:train -- Batch_idx:300/391-- 615.34 samples/sec-- Loss:0.63 -- Error1:19.31
Train_Loss = 0.6715378238487244, Train_Err = 20.574
Val_Loss = 2.282570142173767, Val_Err = 53.08
Epoch: [52 | 200]
Phase:train -- Batch_idx:100/391-- 610.04 samples/sec-- Loss:0.49 -- Error1:14.97
Phase:train -- Batch_idx:200/391-- 613.87 samples/sec-- Loss:0.55 -- Error1:16.94
Phase:train -- Batch_idx:300/391-- 615.12 samples/sec-- Loss:0.63 -- Error1:19.13
Train_Loss = 0.6752698341560364, Train_Err = 20.454
Val_Loss = 1.961738509941101, Val_Err = 48.16
Epoch: [53 | 200]
Phase:train -- Batch_idx:100/391-- 610.12 samples/sec-- Loss:0.49 -- Error1:14.84
Phase:train -- Batch_idx:200/391-- 614.00 samples/sec-- Loss:0.54 -- Error1:16.53
Phase:train -- Batch_idx:300/391-- 615.26 samples/sec-- Loss:0.62 -- Error1:18.78
Train_Loss = 0.6628228452301025, Train_Err = 20.21
Val_Loss = 1.9734892612457275, Val_Err = 46.75
Epoch: [54 | 200]
Phase:train -- Batch_idx:100/391-- 610.02 samples/sec-- Loss:0.51 -- Error1:15.61
Phase:train -- Batch_idx:200/391-- 613.92 samples/sec-- Loss:0.59 -- Error1:17.97
Phase:train -- Batch_idx:300/391-- 615.22 samples/sec-- Loss:0.64 -- Error1:19.26
Train_Loss = 0.6855988821792602, Train_Err = 20.848
Val_Loss = 2.0829265802383423, Val_Err = 49.79
Epoch: [55 | 200]
Phase:train -- Batch_idx:100/391-- 610.07 samples/sec-- Loss:0.48 -- Error1:14.43
Phase:train -- Batch_idx:200/391-- 613.95 samples/sec-- Loss:0.54 -- Error1:16.09
Phase:train -- Batch_idx:300/391-- 615.26 samples/sec-- Loss:0.62 -- Error1:18.77
Train_Loss = 0.6633783783340454, Train_Err = 20.046
Val_Loss = 2.0258907651901246, Val_Err = 48.65
Epoch: [56 | 200]
Phase:train -- Batch_idx:100/391-- 610.20 samples/sec-- Loss:0.48 -- Error1:14.92
Phase:train -- Batch_idx:200/391-- 614.04 samples/sec-- Loss:0.55 -- Error1:16.94
Phase:train -- Batch_idx:300/391-- 615.31 samples/sec-- Loss:0.62 -- Error1:19.08
Train_Loss = 0.6612979252243042, Train_Err = 20.328
Val_Loss = 2.0117876026153563, Val_Err = 48.45
Epoch: [57 | 200]
Phase:train -- Batch_idx:100/391-- 610.27 samples/sec-- Loss:0.47 -- Error1:14.21
Phase:train -- Batch_idx:200/391-- 614.10 samples/sec-- Loss:0.53 -- Error1:16.30
Phase:train -- Batch_idx:300/391-- 615.33 samples/sec-- Loss:0.60 -- Error1:18.17
Train_Loss = 0.649810304069519, Train_Err = 19.724
Val_Loss = 1.9873701833724975, Val_Err = 47.66
Epoch: [58 | 200]
Phase:train -- Batch_idx:100/391-- 610.16 samples/sec-- Loss:0.47 -- Error1:14.83
Phase:train -- Batch_idx:200/391-- 614.01 samples/sec-- Loss:0.55 -- Error1:17.24
Phase:train -- Batch_idx:300/391-- 615.29 samples/sec-- Loss:0.62 -- Error1:19.27
Train_Loss = 0.6649930675125122, Train_Err = 20.446
Val_Loss = 2.0175911989212034, Val_Err = 48.37
Epoch: [59 | 200]
Phase:train -- Batch_idx:100/391-- 609.38 samples/sec-- Loss:0.51 -- Error1:15.46
Phase:train -- Batch_idx:200/391-- 613.65 samples/sec-- Loss:0.54 -- Error1:16.58
Phase:train -- Batch_idx:300/391-- 615.06 samples/sec-- Loss:0.60 -- Error1:18.30
Train_Loss = 0.6481550004386902, Train_Err = 19.74
Val_Loss = 2.021142706108093, Val_Err = 49.08
Epoch: [60 | 200]
Phase:train -- Batch_idx:100/391-- 610.17 samples/sec-- Loss:0.50 -- Error1:15.15
Phase:train -- Batch_idx:200/391-- 614.02 samples/sec-- Loss:0.55 -- Error1:16.93
Phase:train -- Batch_idx:300/391-- 615.26 samples/sec-- Loss:0.62 -- Error1:19.05
Train_Loss = 0.6586882647132873, Train_Err = 20.024
Val_Loss = 1.9807863286972045, Val_Err = 47.17
Epoch: [61 | 200]
Phase:train -- Batch_idx:100/391-- 610.14 samples/sec-- Loss:0.46 -- Error1:13.80
Phase:train -- Batch_idx:200/391-- 613.95 samples/sec-- Loss:0.54 -- Error1:16.47
Phase:train -- Batch_idx:300/391-- 615.21 samples/sec-- Loss:0.62 -- Error1:18.70
Train_Loss = 0.6539883090782166, Train_Err = 19.8
Val_Loss = 1.9716327651977539, Val_Err = 47.79
Epoch: [62 | 200]
Phase:train -- Batch_idx:100/391-- 609.87 samples/sec-- Loss:0.46 -- Error1:13.70
Phase:train -- Batch_idx:200/391-- 613.89 samples/sec-- Loss:0.52 -- Error1:15.87
Phase:train -- Batch_idx:300/391-- 615.16 samples/sec-- Loss:0.60 -- Error1:18.31
Train_Loss = 0.6445796466827393, Train_Err = 19.448
Val_Loss = 2.1948617095947265, Val_Err = 50.8
Epoch: [63 | 200]
Phase:train -- Batch_idx:100/391-- 610.02 samples/sec-- Loss:0.48 -- Error1:14.86
Phase:train -- Batch_idx:200/391-- 613.83 samples/sec-- Loss:0.55 -- Error1:16.98
Phase:train -- Batch_idx:300/391-- 615.10 samples/sec-- Loss:0.61 -- Error1:18.75
Train_Loss = 0.6537064209747314, Train_Err = 19.964
Val_Loss = 2.028646551322937, Val_Err = 47.81
Epoch: [64 | 200]
Phase:train -- Batch_idx:100/391-- 609.98 samples/sec-- Loss:0.50 -- Error1:15.04
Phase:train -- Batch_idx:200/391-- 613.85 samples/sec-- Loss:0.56 -- Error1:17.09
Phase:train -- Batch_idx:300/391-- 615.13 samples/sec-- Loss:0.61 -- Error1:18.56
Train_Loss = 0.6482779224777222, Train_Err = 19.584
Val_Loss = 2.0935025884628296, Val_Err = 49.3
Epoch: [65 | 200]
Phase:train -- Batch_idx:100/391-- 610.63 samples/sec-- Loss:0.48 -- Error1:14.42
Phase:train -- Batch_idx:200/391-- 614.16 samples/sec-- Loss:0.53 -- Error1:16.21
Phase:train -- Batch_idx:300/391-- 615.34 samples/sec-- Loss:0.61 -- Error1:18.74
Train_Loss = 0.6521572926330567, Train_Err = 20.012
Val_Loss = 1.9772387649536132, Val_Err = 48.46
Epoch: [66 | 200]
Phase:train -- Batch_idx:100/391-- 610.10 samples/sec-- Loss:0.46 -- Error1:13.97
Phase:train -- Batch_idx:200/391-- 613.97 samples/sec-- Loss:0.53 -- Error1:16.23
Phase:train -- Batch_idx:300/391-- 615.23 samples/sec-- Loss:0.60 -- Error1:18.57
Train_Loss = 0.638681687335968, Train_Err = 19.542
Val_Loss = 2.1530946071624757, Val_Err = 49.72
Epoch: [67 | 200]
Phase:train -- Batch_idx:100/391-- 610.10 samples/sec-- Loss:0.48 -- Error1:14.60
Phase:train -- Batch_idx:200/391-- 613.95 samples/sec-- Loss:0.54 -- Error1:16.46
Phase:train -- Batch_idx:300/391-- 615.19 samples/sec-- Loss:0.61 -- Error1:18.62
Train_Loss = 0.6581198809432983, Train_Err = 19.932
Val_Loss = 2.1267612686157227, Val_Err = 48.75
Epoch: [68 | 200]
Phase:train -- Batch_idx:100/391-- 609.96 samples/sec-- Loss:0.49 -- Error1:14.77
Phase:train -- Batch_idx:200/391-- 613.86 samples/sec-- Loss:0.55 -- Error1:16.62
Phase:train -- Batch_idx:300/391-- 615.13 samples/sec-- Loss:0.61 -- Error1:18.54
Train_Loss = 0.6554174386787415, Train_Err = 19.854
Val_Loss = 2.0259024948120117, Val_Err = 49.38
Epoch: [69 | 200]
Phase:train -- Batch_idx:100/391-- 609.47 samples/sec-- Loss:0.48 -- Error1:14.44
Phase:train -- Batch_idx:200/391-- 613.56 samples/sec-- Loss:0.53 -- Error1:16.16
Phase:train -- Batch_idx:300/391-- 614.93 samples/sec-- Loss:0.60 -- Error1:18.38
Train_Loss = 0.649286002292633, Train_Err = 19.636
Val_Loss = 1.9551950521469117, Val_Err = 47.59
Epoch: [70 | 200]
Phase:train -- Batch_idx:100/391-- 609.92 samples/sec-- Loss:0.47 -- Error1:14.47
Phase:train -- Batch_idx:200/391-- 613.81 samples/sec-- Loss:0.54 -- Error1:16.65
Phase:train -- Batch_idx:300/391-- 615.10 samples/sec-- Loss:0.60 -- Error1:18.51
Train_Loss = 0.643312430267334, Train_Err = 19.698
Val_Loss = 2.1690511489868163, Val_Err = 49.51
Epoch: [71 | 200]
Phase:train -- Batch_idx:100/391-- 610.56 samples/sec-- Loss:0.47 -- Error1:14.03
Phase:train -- Batch_idx:200/391-- 614.20 samples/sec-- Loss:0.53 -- Error1:15.86
Phase:train -- Batch_idx:300/391-- 615.35 samples/sec-- Loss:0.59 -- Error1:17.99
Train_Loss = 0.6339449794387817, Train_Err = 19.292
Val_Loss = 1.9881270286560058, Val_Err = 48.09
Epoch: [72 | 200]
Phase:train -- Batch_idx:100/391-- 609.97 samples/sec-- Loss:0.48 -- Error1:14.71
Phase:train -- Batch_idx:200/391-- 613.86 samples/sec-- Loss:0.53 -- Error1:16.16
Phase:train -- Batch_idx:300/391-- 615.17 samples/sec-- Loss:0.60 -- Error1:18.39
Train_Loss = 0.6454856812667846, Train_Err = 19.672
Val_Loss = 2.2085142707824708, Val_Err = 51.4
Epoch: [73 | 200]
Phase:train -- Batch_idx:100/391-- 609.60 samples/sec-- Loss:0.48 -- Error1:14.56
Phase:train -- Batch_idx:200/391-- 613.70 samples/sec-- Loss:0.53 -- Error1:16.30
Phase:train -- Batch_idx:300/391-- 615.06 samples/sec-- Loss:0.60 -- Error1:18.27
Train_Loss = 0.63549337972641, Train_Err = 19.392
Val_Loss = 2.0510554595947266, Val_Err = 49.02
Epoch: [74 | 200]
Phase:train -- Batch_idx:100/391-- 610.22 samples/sec-- Loss:0.47 -- Error1:13.99
Phase:train -- Batch_idx:200/391-- 613.99 samples/sec-- Loss:0.52 -- Error1:15.64
Phase:train -- Batch_idx:300/391-- 615.27 samples/sec-- Loss:0.58 -- Error1:17.40
Train_Loss = 0.6322969289970398, Train_Err = 19.068
Val_Loss = 2.032753632736206, Val_Err = 47.36
Epoch: [75 | 200]
Phase:train -- Batch_idx:100/391-- 610.50 samples/sec-- Loss:0.46 -- Error1:14.24
Phase:train -- Batch_idx:200/391-- 614.15 samples/sec-- Loss:0.53 -- Error1:16.26
Phase:train -- Batch_idx:300/391-- 615.36 samples/sec-- Loss:0.59 -- Error1:18.23
Train_Loss = 0.6380791569519043, Train_Err = 19.498
Val_Loss = 2.111443738937378, Val_Err = 48.4
Epoch: [76 | 200]
Phase:train -- Batch_idx:100/391-- 610.32 samples/sec-- Loss:0.47 -- Error1:14.09
Phase:train -- Batch_idx:200/391-- 614.10 samples/sec-- Loss:0.52 -- Error1:15.87
Phase:train -- Batch_idx:300/391-- 615.33 samples/sec-- Loss:0.58 -- Error1:17.85
Train_Loss = 0.6384552980422974, Train_Err = 19.532
Val_Loss = 2.1092563159942626, Val_Err = 49.15
Epoch: [77 | 200]
Phase:train -- Batch_idx:100/391-- 609.96 samples/sec-- Loss:0.48 -- Error1:14.70
Phase:train -- Batch_idx:200/391-- 613.91 samples/sec-- Loss:0.52 -- Error1:15.71
Phase:train -- Batch_idx:300/391-- 615.23 samples/sec-- Loss:0.58 -- Error1:17.54
Train_Loss = 0.6269700450515747, Train_Err = 19.064
Val_Loss = 2.106709376525879, Val_Err = 47.53
Epoch: [78 | 200]
Phase:train -- Batch_idx:100/391-- 610.19 samples/sec-- Loss:0.48 -- Error1:14.55
Phase:train -- Batch_idx:200/391-- 614.03 samples/sec-- Loss:0.53 -- Error1:16.21
Phase:train -- Batch_idx:300/391-- 615.28 samples/sec-- Loss:0.60 -- Error1:18.24
Train_Loss = 0.6273696689224243, Train_Err = 19.092
Val_Loss = 1.892328687477112, Val_Err = 46.56
Epoch: [79 | 200]
Phase:train -- Batch_idx:100/391-- 609.17 samples/sec-- Loss:0.46 -- Error1:13.80
Phase:train -- Batch_idx:200/391-- 613.46 samples/sec-- Loss:0.54 -- Error1:16.37
Phase:train -- Batch_idx:300/391-- 614.88 samples/sec-- Loss:0.59 -- Error1:18.02
Train_Loss = 0.6330442139053345, Train_Err = 19.268
Val_Loss = 2.156374104499817, Val_Err = 50.88
Epoch: [80 | 200]
Phase:train -- Batch_idx:100/391-- 609.77 samples/sec-- Loss:0.46 -- Error1:13.99
Phase:train -- Batch_idx:200/391-- 613.78 samples/sec-- Loss:0.51 -- Error1:15.66
Phase:train -- Batch_idx:300/391-- 615.11 samples/sec-- Loss:0.59 -- Error1:17.91
Train_Loss = 0.6320815257644653, Train_Err = 19.196
Val_Loss = 2.1783903049468996, Val_Err = 49.87
Epoch: [81 | 200]
Phase:train -- Batch_idx:100/391-- 610.20 samples/sec-- Loss:0.47 -- Error1:14.04
Phase:train -- Batch_idx:200/391-- 614.00 samples/sec-- Loss:0.51 -- Error1:15.45
Phase:train -- Batch_idx:300/391-- 615.29 samples/sec-- Loss:0.58 -- Error1:17.57
Train_Loss = 0.6204808108711243, Train_Err = 18.732
Val_Loss = 2.0155315376281737, Val_Err = 48.31
Epoch: [82 | 200]
Phase:train -- Batch_idx:100/391-- 609.39 samples/sec-- Loss:0.46 -- Error1:13.86
Phase:train -- Batch_idx:200/391-- 613.57 samples/sec-- Loss:0.52 -- Error1:16.01
Phase:train -- Batch_idx:300/391-- 614.95 samples/sec-- Loss:0.59 -- Error1:17.99
Train_Loss = 0.6359918482398986, Train_Err = 19.418
Val_Loss = 2.0418950675964354, Val_Err = 49.19
Epoch: [83 | 200]
Phase:train -- Batch_idx:100/391-- 609.86 samples/sec-- Loss:0.49 -- Error1:14.73
Phase:train -- Batch_idx:200/391-- 613.85 samples/sec-- Loss:0.52 -- Error1:15.86
Phase:train -- Batch_idx:300/391-- 615.18 samples/sec-- Loss:0.58 -- Error1:17.78
Train_Loss = 0.6248136917877197, Train_Err = 19.036
Val_Loss = 2.1641022323608397, Val_Err = 50.2
Epoch: [84 | 200]
Phase:train -- Batch_idx:100/391-- 610.13 samples/sec-- Loss:0.44 -- Error1:13.15
Phase:train -- Batch_idx:200/391-- 613.99 samples/sec-- Loss:0.51 -- Error1:15.58
Phase:train -- Batch_idx:300/391-- 615.25 samples/sec-- Loss:0.58 -- Error1:17.59
Train_Loss = 0.6308771401596069, Train_Err = 19.016
Val_Loss = 2.0463624256134034, Val_Err = 47.79
Epoch: [85 | 200]
Phase:train -- Batch_idx:100/391-- 609.88 samples/sec-- Loss:0.45 -- Error1:13.70
Phase:train -- Batch_idx:200/391-- 613.81 samples/sec-- Loss:0.51 -- Error1:15.39
Phase:train -- Batch_idx:300/391-- 615.13 samples/sec-- Loss:0.58 -- Error1:17.39
Train_Loss = 0.6227508002471924, Train_Err = 18.724
Val_Loss = 2.1002895317077637, Val_Err = 48.87
Epoch: [86 | 200]
Phase:train -- Batch_idx:100/391-- 610.02 samples/sec-- Loss:0.48 -- Error1:14.52
Phase:train -- Batch_idx:200/391-- 613.92 samples/sec-- Loss:0.52 -- Error1:15.79
Phase:train -- Batch_idx:300/391-- 615.17 samples/sec-- Loss:0.58 -- Error1:17.60
Train_Loss = 0.623667635936737, Train_Err = 19.048
Val_Loss = 2.0381020635604856, Val_Err = 48.63
Epoch: [87 | 200]
Phase:train -- Batch_idx:100/391-- 609.90 samples/sec-- Loss:0.47 -- Error1:13.98
Phase:train -- Batch_idx:200/391-- 613.79 samples/sec-- Loss:0.53 -- Error1:16.14
Phase:train -- Batch_idx:300/391-- 615.09 samples/sec-- Loss:0.59 -- Error1:17.99
Train_Loss = 0.629895821018219, Train_Err = 18.99
Val_Loss = 1.9969393493652343, Val_Err = 48.61
Epoch: [88 | 200]
Phase:train -- Batch_idx:100/391-- 610.57 samples/sec-- Loss:0.45 -- Error1:13.24
Phase:train -- Batch_idx:200/391-- 614.16 samples/sec-- Loss:0.50 -- Error1:15.16
Phase:train -- Batch_idx:300/391-- 615.35 samples/sec-- Loss:0.58 -- Error1:17.42
Train_Loss = 0.6242294077682495, Train_Err = 18.82
Val_Loss = 2.0640970951080324, Val_Err = 48.9
Epoch: [89 | 200]
Phase:train -- Batch_idx:100/391-- 609.86 samples/sec-- Loss:0.47 -- Error1:13.95
Phase:train -- Batch_idx:200/391-- 613.79 samples/sec-- Loss:0.51 -- Error1:15.14
Phase:train -- Batch_idx:300/391-- 615.11 samples/sec-- Loss:0.56 -- Error1:16.92
Train_Loss = 0.6231919390487671, Train_Err = 18.718
Val_Loss = 2.0470751708984376, Val_Err = 47.74
Epoch: [90 | 200]
Phase:train -- Batch_idx:100/391-- 610.23 samples/sec-- Loss:0.45 -- Error1:13.51
Phase:train -- Batch_idx:200/391-- 613.99 samples/sec-- Loss:0.52 -- Error1:15.68
Phase:train -- Batch_idx:300/391-- 615.22 samples/sec-- Loss:0.59 -- Error1:17.98
Train_Loss = 0.6287782040786744, Train_Err = 19.154
Val_Loss = 2.1247252166748045, Val_Err = 49.41
Epoch: [91 | 200]
Phase:train -- Batch_idx:100/391-- 610.22 samples/sec-- Loss:0.45 -- Error1:13.35
Phase:train -- Batch_idx:200/391-- 614.00 samples/sec-- Loss:0.51 -- Error1:15.15
Phase:train -- Batch_idx:300/391-- 615.25 samples/sec-- Loss:0.57 -- Error1:17.21
Train_Loss = 0.622273094329834, Train_Err = 18.64
Val_Loss = 2.14882983379364, Val_Err = 49.24
Epoch: [92 | 200]
Phase:train -- Batch_idx:100/391-- 610.60 samples/sec-- Loss:0.48 -- Error1:14.62
Phase:train -- Batch_idx:200/391-- 614.18 samples/sec-- Loss:0.52 -- Error1:15.75
Phase:train -- Batch_idx:300/391-- 615.31 samples/sec-- Loss:0.59 -- Error1:17.84
Train_Loss = 0.6345770527267456, Train_Err = 19.272
Val_Loss = 1.978806599998474, Val_Err = 47.2
Epoch: [93 | 200]
Phase:train -- Batch_idx:100/391-- 610.76 samples/sec-- Loss:0.47 -- Error1:14.21
Phase:train -- Batch_idx:200/391-- 614.25 samples/sec-- Loss:0.52 -- Error1:15.91
Phase:train -- Batch_idx:300/391-- 615.40 samples/sec-- Loss:0.58 -- Error1:17.66
Train_Loss = 0.6305469116973877, Train_Err = 19.238
Val_Loss = 1.9832413663864137, Val_Err = 48.02
Epoch: [94 | 200]
Phase:train -- Batch_idx:100/391-- 609.98 samples/sec-- Loss:0.45 -- Error1:13.69
Phase:train -- Batch_idx:200/391-- 613.83 samples/sec-- Loss:0.51 -- Error1:15.56
Phase:train -- Batch_idx:300/391-- 615.12 samples/sec-- Loss:0.57 -- Error1:17.40
Train_Loss = 0.6174608931350708, Train_Err = 18.726
Val_Loss = 2.153198818778992, Val_Err = 49.71
Epoch: [95 | 200]
Phase:train -- Batch_idx:100/391-- 609.51 samples/sec-- Loss:0.47 -- Error1:14.55
Phase:train -- Batch_idx:200/391-- 613.65 samples/sec-- Loss:0.52 -- Error1:16.01
Phase:train -- Batch_idx:300/391-- 614.99 samples/sec-- Loss:0.58 -- Error1:17.72
Train_Loss = 0.6258869403648376, Train_Err = 19.032
Val_Loss = 2.123654989433289, Val_Err = 48.96
Epoch: [96 | 200]
Phase:train -- Batch_idx:100/391-- 610.72 samples/sec-- Loss:0.45 -- Error1:13.70
Phase:train -- Batch_idx:200/391-- 614.21 samples/sec-- Loss:0.50 -- Error1:15.22
Phase:train -- Batch_idx:300/391-- 615.38 samples/sec-- Loss:0.56 -- Error1:17.24
Train_Loss = 0.6125165437507629, Train_Err = 18.592
Val_Loss = 2.08896570854187, Val_Err = 49.17
Epoch: [97 | 200]
Phase:train -- Batch_idx:100/391-- 610.23 samples/sec-- Loss:0.47 -- Error1:14.18
Phase:train -- Batch_idx:200/391-- 613.98 samples/sec-- Loss:0.50 -- Error1:14.91
Phase:train -- Batch_idx:300/391-- 615.23 samples/sec-- Loss:0.58 -- Error1:17.27
Train_Loss = 0.6203893080520629, Train_Err = 18.702
Val_Loss = 2.107835683441162, Val_Err = 48.45
Epoch: [98 | 200]
Phase:train -- Batch_idx:100/391-- 610.24 samples/sec-- Loss:0.48 -- Error1:14.59
Phase:train -- Batch_idx:200/391-- 613.98 samples/sec-- Loss:0.50 -- Error1:15.27
Phase:train -- Batch_idx:300/391-- 615.23 samples/sec-- Loss:0.58 -- Error1:17.53
Train_Loss = 0.6289614432144165, Train_Err = 18.956
Val_Loss = 2.0286509084701536, Val_Err = 47.76
Epoch: [99 | 200]
Phase:train -- Batch_idx:100/391-- 610.10 samples/sec-- Loss:0.46 -- Error1:13.88
Phase:train -- Batch_idx:200/391-- 613.92 samples/sec-- Loss:0.51 -- Error1:15.57
Phase:train -- Batch_idx:300/391-- 615.16 samples/sec-- Loss:0.57 -- Error1:17.47
Train_Loss = 0.6246349207687378, Train_Err = 18.934
Val_Loss = 2.1729213390350344, Val_Err = 50.29
Epoch: [100 | 200]
Phase:train -- Batch_idx:100/391-- 609.94 samples/sec-- Loss:0.30 -- Error1:8.21
Phase:train -- Batch_idx:200/391-- 613.87 samples/sec-- Loss:0.24 -- Error1:6.34
Phase:train -- Batch_idx:300/391-- 615.17 samples/sec-- Loss:0.21 -- Error1:5.39
Train_Loss = 0.18888874246120452, Train_Err = 4.814
Val_Loss = 1.2831626552581787, Val_Err = 33.52
Epoch: [101 | 200]
Phase:train -- Batch_idx:100/391-- 608.99 samples/sec-- Loss:0.06 -- Error1:0.75
Phase:train -- Batch_idx:200/391-- 613.38 samples/sec-- Loss:0.06 -- Error1:0.72
Phase:train -- Batch_idx:300/391-- 614.86 samples/sec-- Loss:0.06 -- Error1:0.68
Train_Loss = 0.05519760352015495, Train_Err = 0.686
Val_Loss = 1.2895215446472168, Val_Err = 33.17
Epoch: [102 | 200]
Phase:train -- Batch_idx:100/391-- 609.12 samples/sec-- Loss:0.03 -- Error1:0.20
Phase:train -- Batch_idx:200/391-- 613.48 samples/sec-- Loss:0.03 -- Error1:0.25
Phase:train -- Batch_idx:300/391-- 614.88 samples/sec-- Loss:0.03 -- Error1:0.25
Train_Loss = 0.033219596679210664, Train_Err = 0.258
Val_Loss = 1.2967091888427735, Val_Err = 32.96
Epoch: [103 | 200]
Phase:train -- Batch_idx:100/391-- 608.70 samples/sec-- Loss:0.02 -- Error1:0.08
Phase:train -- Batch_idx:200/391-- 613.20 samples/sec-- Loss:0.02 -- Error1:0.09
Phase:train -- Batch_idx:300/391-- 614.70 samples/sec-- Loss:0.02 -- Error1:0.11
Train_Loss = 0.02360957822918892, Train_Err = 0.122
Val_Loss = 1.300743253135681, Val_Err = 32.74
Epoch: [104 | 200]
Phase:train -- Batch_idx:100/391-- 609.38 samples/sec-- Loss:0.02 -- Error1:0.09
Phase:train -- Batch_idx:200/391-- 613.60 samples/sec-- Loss:0.02 -- Error1:0.09
Phase:train -- Batch_idx:300/391-- 615.00 samples/sec-- Loss:0.02 -- Error1:0.07
Train_Loss = 0.019047293696403504, Train_Err = 0.08
Val_Loss = 1.3022857689857483, Val_Err = 32.8
Epoch: [105 | 200]
Phase:train -- Batch_idx:100/391-- 609.83 samples/sec-- Loss:0.02 -- Error1:0.04
Phase:train -- Batch_idx:200/391-- 613.87 samples/sec-- Loss:0.02 -- Error1:0.06
Phase:train -- Batch_idx:300/391-- 615.19 samples/sec-- Loss:0.02 -- Error1:0.06
Train_Loss = 0.01602249977171421, Train_Err = 0.064
Val_Loss = 1.3035055088996887, Val_Err = 32.8
Epoch: [106 | 200]
Phase:train -- Batch_idx:100/391-- 610.86 samples/sec-- Loss:0.01 -- Error1:0.07
Phase:train -- Batch_idx:200/391-- 614.39 samples/sec-- Loss:0.01 -- Error1:0.06
Phase:train -- Batch_idx:300/391-- 615.52 samples/sec-- Loss:0.01 -- Error1:0.06
Train_Loss = 0.014317524340748787, Train_Err = 0.06
Val_Loss = 1.301815860080719, Val_Err = 32.78
Epoch: [107 | 200]
Phase:train -- Batch_idx:100/391-- 610.88 samples/sec-- Loss:0.01 -- Error1:0.02
Phase:train -- Batch_idx:200/391-- 614.38 samples/sec-- Loss:0.01 -- Error1:0.03
Phase:train -- Batch_idx:300/391-- 615.51 samples/sec-- Loss:0.01 -- Error1:0.03
Train_Loss = 0.013008648382425308, Train_Err = 0.046
Val_Loss = 1.3035895768165588, Val_Err = 32.57
Epoch: [108 | 200]
Phase:train -- Batch_idx:100/391-- 609.19 samples/sec-- Loss:0.01 -- Error1:0.05
Phase:train -- Batch_idx:200/391-- 613.56 samples/sec-- Loss:0.01 -- Error1:0.04
Phase:train -- Batch_idx:300/391-- 614.99 samples/sec-- Loss:0.01 -- Error1:0.04
Train_Loss = 0.01216117158949375, Train_Err = 0.034
Val_Loss = 1.2991124842643738, Val_Err = 32.6
Epoch: [109 | 200]
Phase:train -- Batch_idx:100/391-- 610.16 samples/sec-- Loss:0.01 -- Error1:0.05
Phase:train -- Batch_idx:200/391-- 614.02 samples/sec-- Loss:0.01 -- Error1:0.04
Phase:train -- Batch_idx:300/391-- 615.29 samples/sec-- Loss:0.01 -- Error1:0.03
Train_Loss = 0.011505685775279998, Train_Err = 0.036
Val_Loss = 1.2951146198272705, Val_Err = 32.52
Epoch: [110 | 200]
Phase:train -- Batch_idx:100/391-- 609.25 samples/sec-- Loss:0.01 -- Error1:0.02
Phase:train -- Batch_idx:200/391-- 613.51 samples/sec-- Loss:0.01 -- Error1:0.04
Phase:train -- Batch_idx:300/391-- 614.96 samples/sec-- Loss:0.01 -- Error1:0.03
Train_Loss = 0.01106484985858202, Train_Err = 0.036
Val_Loss = 1.2947085356712342, Val_Err = 32.67
Epoch: [111 | 200]
Phase:train -- Batch_idx:100/391-- 610.82 samples/sec-- Loss:0.01 -- Error1:0.02
Phase:train -- Batch_idx:200/391-- 614.31 samples/sec-- Loss:0.01 -- Error1:0.03
Phase:train -- Batch_idx:300/391-- 615.47 samples/sec-- Loss:0.01 -- Error1:0.03
Train_Loss = 0.010610456003248692, Train_Err = 0.034
Val_Loss = 1.293179612159729, Val_Err = 32.67
Epoch: [112 | 200]
Phase:train -- Batch_idx:100/391-- 610.00 samples/sec-- Loss:0.01 -- Error1:0.03
Phase:train -- Batch_idx:200/391-- 613.89 samples/sec-- Loss:0.01 -- Error1:0.02
Phase:train -- Batch_idx:300/391-- 615.19 samples/sec-- Loss:0.01 -- Error1:0.03
Train_Loss = 0.010253440877199173, Train_Err = 0.028
Val_Loss = 1.298065700531006, Val_Err = 32.63
Epoch: [113 | 200]
Phase:train -- Batch_idx:100/391-- 610.82 samples/sec-- Loss:0.01 -- Error1:0.04
Phase:train -- Batch_idx:200/391-- 614.40 samples/sec-- Loss:0.01 -- Error1:0.03
Phase:train -- Batch_idx:300/391-- 615.57 samples/sec-- Loss:0.01 -- Error1:0.03
Train_Loss = 0.010119376882314682, Train_Err = 0.034
Val_Loss = 1.2935255202293396, Val_Err = 32.79
Epoch: [114 | 200]
Phase:train -- Batch_idx:100/391-- 610.06 samples/sec-- Loss:0.01 -- Error1:0.01
Phase:train -- Batch_idx:200/391-- 613.94 samples/sec-- Loss:0.01 -- Error1:0.02
Phase:train -- Batch_idx:300/391-- 615.23 samples/sec-- Loss:0.01 -- Error1:0.03
Train_Loss = 0.009750429652035236, Train_Err = 0.026
Val_Loss = 1.290585032939911, Val_Err = 32.65
Epoch: [115 | 200]
Phase:train -- Batch_idx:100/391-- 610.11 samples/sec-- Loss:0.01 -- Error1:0.02
Phase:train -- Batch_idx:200/391-- 613.95 samples/sec-- Loss:0.01 -- Error1:0.02
Phase:train -- Batch_idx:300/391-- 615.25 samples/sec-- Loss:0.01 -- Error1:0.03
Train_Loss = 0.00990493398964405, Train_Err = 0.034
Val_Loss = 1.2925456254005432, Val_Err = 32.75
Epoch: [116 | 200]
Phase:train -- Batch_idx:100/391-- 610.10 samples/sec-- Loss:0.01 -- Error1:0.02
Phase:train -- Batch_idx:200/391-- 613.93 samples/sec-- Loss:0.01 -- Error1:0.04
Phase:train -- Batch_idx:300/391-- 615.21 samples/sec-- Loss:0.01 -- Error1:0.03
Train_Loss = 0.00971887424260378, Train_Err = 0.032
Val_Loss = 1.2891599123954773, Val_Err = 32.74
Epoch: [117 | 200]
Phase:train -- Batch_idx:100/391-- 610.04 samples/sec-- Loss:0.01 -- Error1:0.05
Phase:train -- Batch_idx:200/391-- 613.93 samples/sec-- Loss:0.01 -- Error1:0.04
Phase:train -- Batch_idx:300/391-- 615.22 samples/sec-- Loss:0.01 -- Error1:0.04
Train_Loss = 0.00954048836439848, Train_Err = 0.034
Val_Loss = 1.2888785437583923, Val_Err = 32.72
Epoch: [118 | 200]
Phase:train -- Batch_idx:100/391-- 609.93 samples/sec-- Loss:0.01 -- Error1:0.02
Phase:train -- Batch_idx:200/391-- 613.91 samples/sec-- Loss:0.01 -- Error1:0.03
Phase:train -- Batch_idx:300/391-- 615.18 samples/sec-- Loss:0.01 -- Error1:0.03
Train_Loss = 0.009370455663204193, Train_Err = 0.03
Val_Loss = 1.2892385526657104, Val_Err = 32.78
Epoch: [119 | 200]
Phase:train -- Batch_idx:100/391-- 610.10 samples/sec-- Loss:0.01 -- Error1:0.03
Phase:train -- Batch_idx:200/391-- 613.96 samples/sec-- Loss:0.01 -- Error1:0.02
Phase:train -- Batch_idx:300/391-- 615.24 samples/sec-- Loss:0.01 -- Error1:0.03
Train_Loss = 0.009204220220446587, Train_Err = 0.03
Val_Loss = 1.2844800388336182, Val_Err = 32.41
Epoch: [120 | 200]
Phase:train -- Batch_idx:100/391-- 608.85 samples/sec-- Loss:0.01 -- Error1:0.03
Phase:train -- Batch_idx:200/391-- 613.34 samples/sec-- Loss:0.01 -- Error1:0.02
Phase:train -- Batch_idx:300/391-- 614.86 samples/sec-- Loss:0.01 -- Error1:0.02
Train_Loss = 0.008595010221600533, Train_Err = 0.018
Val_Loss = 1.2855808161735536, Val_Err = 32.57
Epoch: [121 | 200]
Phase:train -- Batch_idx:100/391-- 610.53 samples/sec-- Loss:0.01 -- Error1:0.02
Phase:train -- Batch_idx:200/391-- 614.15 samples/sec-- Loss:0.01 -- Error1:0.02
Phase:train -- Batch_idx:300/391-- 615.39 samples/sec-- Loss:0.01 -- Error1:0.02
Train_Loss = 0.008483724302053451, Train_Err = 0.022
Val_Loss = 1.286956145954132, Val_Err = 32.64
Epoch: [122 | 200]
Phase:train -- Batch_idx:100/391-- 609.48 samples/sec-- Loss:0.01 -- Error1:0.02
Phase:train -- Batch_idx:200/391-- 613.71 samples/sec-- Loss:0.01 -- Error1:0.02
Phase:train -- Batch_idx:300/391-- 615.08 samples/sec-- Loss:0.01 -- Error1:0.01
Train_Loss = 0.008458845784068107, Train_Err = 0.018
Val_Loss = 1.287717993736267, Val_Err = 32.42
Epoch: [123 | 200]
Phase:train -- Batch_idx:100/391-- 609.80 samples/sec-- Loss:0.01 -- Error1:0.02
Phase:train -- Batch_idx:200/391-- 613.86 samples/sec-- Loss:0.01 -- Error1:0.01
Phase:train -- Batch_idx:300/391-- 615.18 samples/sec-- Loss:0.01 -- Error1:0.02
Train_Loss = 0.008327597216665745, Train_Err = 0.018
Val_Loss = 1.2874044741630555, Val_Err = 32.4
Epoch: [124 | 200]
Phase:train -- Batch_idx:100/391-- 609.17 samples/sec-- Loss:0.01 -- Error1:0.02
Phase:train -- Batch_idx:200/391-- 613.52 samples/sec-- Loss:0.01 -- Error1:0.02
Phase:train -- Batch_idx:300/391-- 614.98 samples/sec-- Loss:0.01 -- Error1:0.02
Train_Loss = 0.008373472680449487, Train_Err = 0.022
Val_Loss = 1.287041662311554, Val_Err = 32.6
Epoch: [125 | 200]
Phase:train -- Batch_idx:100/391-- 609.89 samples/sec-- Loss:0.01 -- Error1:0.01
Phase:train -- Batch_idx:200/391-- 613.89 samples/sec-- Loss:0.01 -- Error1:0.01
Phase:train -- Batch_idx:300/391-- 615.22 samples/sec-- Loss:0.01 -- Error1:0.01
Train_Loss = 0.008277613944411278, Train_Err = 0.016
Val_Loss = 1.2876041501045228, Val_Err = 32.44
Epoch: [126 | 200]
Phase:train -- Batch_idx:100/391-- 610.07 samples/sec-- Loss:0.01 -- Error1:0.02
Phase:train -- Batch_idx:200/391-- 613.98 samples/sec-- Loss:0.01 -- Error1:0.02
Phase:train -- Batch_idx:300/391-- 615.27 samples/sec-- Loss:0.01 -- Error1:0.02
Train_Loss = 0.00838001309722662, Train_Err = 0.018
Val_Loss = 1.287124287033081, Val_Err = 32.58
Epoch: [127 | 200]
Phase:train -- Batch_idx:100/391-- 610.21 samples/sec-- Loss:0.01 -- Error1:0.02
Phase:train -- Batch_idx:200/391-- 614.03 samples/sec-- Loss:0.01 -- Error1:0.01
Phase:train -- Batch_idx:300/391-- 615.29 samples/sec-- Loss:0.01 -- Error1:0.01
Train_Loss = 0.008276570508480073, Train_Err = 0.014
Val_Loss = 1.2874647044181824, Val_Err = 32.43
Epoch: [128 | 200]
Phase:train -- Batch_idx:100/391-- 610.22 samples/sec-- Loss:0.01 -- Error1:0.01
Phase:train -- Batch_idx:200/391-- 614.00 samples/sec-- Loss:0.01 -- Error1:0.01
Phase:train -- Batch_idx:300/391-- 615.25 samples/sec-- Loss:0.01 -- Error1:0.02
Train_Loss = 0.008300916199088097, Train_Err = 0.018
Val_Loss = 1.288423463535309, Val_Err = 32.44
Epoch: [129 | 200]
Phase:train -- Batch_idx:100/391-- 610.36 samples/sec-- Loss:0.01 -- Error1:0.01
Phase:train -- Batch_idx:200/391-- 614.09 samples/sec-- Loss:0.01 -- Error1:0.02
Phase:train -- Batch_idx:300/391-- 615.34 samples/sec-- Loss:0.01 -- Error1:0.02
Train_Loss = 0.008484129929244518, Train_Err = 0.02
Val_Loss = 1.288174983882904, Val_Err = 32.66
Epoch: [130 | 200]
Phase:train -- Batch_idx:100/391-- 610.31 samples/sec-- Loss:0.01 -- Error1:0.02
Phase:train -- Batch_idx:200/391-- 614.08 samples/sec-- Loss:0.01 -- Error1:0.03
Phase:train -- Batch_idx:300/391-- 615.32 samples/sec-- Loss:0.01 -- Error1:0.02
Train_Loss = 0.008306331376433372, Train_Err = 0.014
Val_Loss = 1.2882236267089844, Val_Err = 32.63
Epoch: [131 | 200]
Phase:train -- Batch_idx:100/391-- 610.24 samples/sec-- Loss:0.01 -- Error1:0.02
Phase:train -- Batch_idx:200/391-- 614.02 samples/sec-- Loss:0.01 -- Error1:0.01
Phase:train -- Batch_idx:300/391-- 615.30 samples/sec-- Loss:0.01 -- Error1:0.01
Train_Loss = 0.008179953694939613, Train_Err = 0.016
Val_Loss = 1.2885213012695313, Val_Err = 32.63
Epoch: [132 | 200]
Phase:train -- Batch_idx:100/391-- 610.02 samples/sec-- Loss:0.01 -- Error1:0.03
Phase:train -- Batch_idx:200/391-- 613.90 samples/sec-- Loss:0.01 -- Error1:0.02
Phase:train -- Batch_idx:300/391-- 615.21 samples/sec-- Loss:0.01 -- Error1:0.02
Train_Loss = 0.00831978422909975, Train_Err = 0.014
Val_Loss = 1.2873783654212951, Val_Err = 32.51
Epoch: [133 | 200]
Phase:train -- Batch_idx:100/391-- 610.35 samples/sec-- Loss:0.01 -- Error1:0.03
Phase:train -- Batch_idx:200/391-- 614.09 samples/sec-- Loss:0.01 -- Error1:0.02
Phase:train -- Batch_idx:300/391-- 615.37 samples/sec-- Loss:0.01 -- Error1:0.02
Train_Loss = 0.008150194642543792, Train_Err = 0.018
Val_Loss = 1.2902137350082397, Val_Err = 32.63
Epoch: [134 | 200]
Phase:train -- Batch_idx:100/391-- 610.06 samples/sec-- Loss:0.01 -- Error1:0.02
Phase:train -- Batch_idx:200/391-- 613.99 samples/sec-- Loss:0.01 -- Error1:0.02
Phase:train -- Batch_idx:300/391-- 615.29 samples/sec-- Loss:0.01 -- Error1:0.02
Train_Loss = 0.008309581759572028, Train_Err = 0.024
Val_Loss = 1.289454507255554, Val_Err = 32.63
Epoch: [135 | 200]
Phase:train -- Batch_idx:100/391-- 610.27 samples/sec-- Loss:0.01 -- Error1:0.01
Phase:train -- Batch_idx:200/391-- 614.09 samples/sec-- Loss:0.01 -- Error1:0.02
Phase:train -- Batch_idx:300/391-- 615.35 samples/sec-- Loss:0.01 -- Error1:0.02
Train_Loss = 0.008214010058045387, Train_Err = 0.024
Val_Loss = 1.2900347305297852, Val_Err = 32.8
Epoch: [136 | 200]
Phase:train -- Batch_idx:100/391-- 610.19 samples/sec-- Loss:0.01 -- Error1:0.04
Phase:train -- Batch_idx:200/391-- 614.03 samples/sec-- Loss:0.01 -- Error1:0.02
Phase:train -- Batch_idx:300/391-- 615.31 samples/sec-- Loss:0.01 -- Error1:0.02
Train_Loss = 0.008279312232732773, Train_Err = 0.018
Val_Loss = 1.2892442662239074, Val_Err = 32.48
Epoch: [137 | 200]
Phase:train -- Batch_idx:100/391-- 610.16 samples/sec-- Loss:0.01 -- Error1:0.02
Phase:train -- Batch_idx:200/391-- 614.01 samples/sec-- Loss:0.01 -- Error1:0.02
Phase:train -- Batch_idx:300/391-- 615.30 samples/sec-- Loss:0.01 -- Error1:0.02
Train_Loss = 0.008287367442250252, Train_Err = 0.024
Val_Loss = 1.288711238861084, Val_Err = 32.71
Epoch: [138 | 200]
Phase:train -- Batch_idx:100/391-- 610.11 samples/sec-- Loss:0.01 -- Error1:0.02
Phase:train -- Batch_idx:200/391-- 613.98 samples/sec-- Loss:0.01 -- Error1:0.02
Phase:train -- Batch_idx:300/391-- 615.28 samples/sec-- Loss:0.01 -- Error1:0.01
Train_Loss = 0.008071031935811043, Train_Err = 0.02
Val_Loss = 1.2899709878921508, Val_Err = 32.51
Epoch: [139 | 200]
Phase:train -- Batch_idx:100/391-- 610.26 samples/sec-- Loss:0.01 -- Error1:0.02
Phase:train -- Batch_idx:200/391-- 614.08 samples/sec-- Loss:0.01 -- Error1:0.02
Phase:train -- Batch_idx:300/391-- 615.37 samples/sec-- Loss:0.01 -- Error1:0.02
Train_Loss = 0.008318031885325908, Train_Err = 0.016
Val_Loss = 1.2896150343894959, Val_Err = 32.67
Epoch: [140 | 200]
Phase:train -- Batch_idx:100/391-- 610.17 samples/sec-- Loss:0.01 -- Error1:0.04
Phase:train -- Batch_idx:200/391-- 614.04 samples/sec-- Loss:0.01 -- Error1:0.04
Phase:train -- Batch_idx:300/391-- 615.33 samples/sec-- Loss:0.01 -- Error1:0.03
Train_Loss = 0.008269086709022521, Train_Err = 0.032
Val_Loss = 1.287783013343811, Val_Err = 32.63
Epoch: [141 | 200]
Phase:train -- Batch_idx:100/391-- 610.13 samples/sec-- Loss:0.01 -- Error1:0.02
Phase:train -- Batch_idx:200/391-- 614.00 samples/sec-- Loss:0.01 -- Error1:0.03
Phase:train -- Batch_idx:300/391-- 615.31 samples/sec-- Loss:0.01 -- Error1:0.03
Train_Loss = 0.008173874264061451, Train_Err = 0.022
Val_Loss = 1.2900880187034607, Val_Err = 32.43
Epoch: [142 | 200]
Phase:train -- Batch_idx:100/391-- 610.40 samples/sec-- Loss:0.01 -- Error1:0.02
Phase:train -- Batch_idx:200/391-- 614.24 samples/sec-- Loss:0.01 -- Error1:0.03
Phase:train -- Batch_idx:300/391-- 615.49 samples/sec-- Loss:0.01 -- Error1:0.03
Train_Loss = 0.00827929755270481, Train_Err = 0.026
Val_Loss = 1.291613234615326, Val_Err = 32.81
Epoch: [143 | 200]
Phase:train -- Batch_idx:100/391-- 610.85 samples/sec-- Loss:0.01 -- Error1:0.04
Phase:train -- Batch_idx:200/391-- 614.44 samples/sec-- Loss:0.01 -- Error1:0.03
Phase:train -- Batch_idx:300/391-- 615.64 samples/sec-- Loss:0.01 -- Error1:0.03
Train_Loss = 0.008149075155854226, Train_Err = 0.026
Val_Loss = 1.286420808315277, Val_Err = 32.47
Epoch: [144 | 200]
Phase:train -- Batch_idx:100/391-- 610.63 samples/sec-- Loss:0.01 -- Error1:0.02
Phase:train -- Batch_idx:200/391-- 614.31 samples/sec-- Loss:0.01 -- Error1:0.01
Phase:train -- Batch_idx:300/391-- 615.58 samples/sec-- Loss:0.01 -- Error1:0.02
Train_Loss = 0.008144963401556016, Train_Err = 0.022
Val_Loss = 1.288819734764099, Val_Err = 32.46
Epoch: [145 | 200]
Phase:train -- Batch_idx:100/391-- 610.90 samples/sec-- Loss:0.01 -- Error1:0.02
Phase:train -- Batch_idx:200/391-- 614.45 samples/sec-- Loss:0.01 -- Error1:0.01
Phase:train -- Batch_idx:300/391-- 615.66 samples/sec-- Loss:0.01 -- Error1:0.02
Train_Loss = 0.008093925895690917, Train_Err = 0.016
Val_Loss = 1.2914663640975952, Val_Err = 32.79
Epoch: [146 | 200]
Phase:train -- Batch_idx:100/391-- 610.44 samples/sec-- Loss:0.01 -- Error1:0.01
Phase:train -- Batch_idx:200/391-- 614.21 samples/sec-- Loss:0.01 -- Error1:0.01
Phase:train -- Batch_idx:300/391-- 615.49 samples/sec-- Loss:0.01 -- Error1:0.01
Train_Loss = 0.008106217256188392, Train_Err = 0.014
Val_Loss = 1.292098862838745, Val_Err = 32.56
Epoch: [147 | 200]
Phase:train -- Batch_idx:100/391-- 609.75 samples/sec-- Loss:0.01 -- Error1:0.02
Phase:train -- Batch_idx:200/391-- 613.86 samples/sec-- Loss:0.01 -- Error1:0.02
Phase:train -- Batch_idx:300/391-- 615.27 samples/sec-- Loss:0.01 -- Error1:0.02
Train_Loss = 0.008080913607180119, Train_Err = 0.014
Val_Loss = 1.2954172791481018, Val_Err = 32.54
Epoch: [148 | 200]
Phase:train -- Batch_idx:100/391-- 609.67 samples/sec-- Loss:0.01 -- Error1:0.03
Phase:train -- Batch_idx:200/391-- 613.81 samples/sec-- Loss:0.01 -- Error1:0.02
Phase:train -- Batch_idx:300/391-- 615.22 samples/sec-- Loss:0.01 -- Error1:0.02
Train_Loss = 0.008082242285907268, Train_Err = 0.018
Val_Loss = 1.2930312304496765, Val_Err = 32.62
Epoch: [149 | 200]
Phase:train -- Batch_idx:100/391-- 610.25 samples/sec-- Loss:0.01 -- Error1:0.01
Phase:train -- Batch_idx:200/391-- 614.05 samples/sec-- Loss:0.01 -- Error1:0.02
Phase:train -- Batch_idx:300/391-- 615.35 samples/sec-- Loss:0.01 -- Error1:0.02
Train_Loss = 0.008139004019200802, Train_Err = 0.018
Val_Loss = 1.2888004432678222, Val_Err = 32.58
Epoch: [150 | 200]
Phase:train -- Batch_idx:100/391-- 610.14 samples/sec-- Loss:0.01 -- Error1:0.04
Phase:train -- Batch_idx:200/391-- 614.00 samples/sec-- Loss:0.01 -- Error1:0.02
Phase:train -- Batch_idx:300/391-- 615.31 samples/sec-- Loss:0.01 -- Error1:0.02
Train_Loss = 0.008165128055214882, Train_Err = 0.018
Val_Loss = 1.2912258823394775, Val_Err = 32.7
Epoch: [151 | 200]
Phase:train -- Batch_idx:100/391-- 610.38 samples/sec-- Loss:0.01 -- Error1:0.03
Phase:train -- Batch_idx:200/391-- 614.18 samples/sec-- Loss:0.01 -- Error1:0.03
Phase:train -- Batch_idx:300/391-- 615.42 samples/sec-- Loss:0.01 -- Error1:0.03
Train_Loss = 0.0081039706158638, Train_Err = 0.028
Val_Loss = 1.2906479727745057, Val_Err = 32.56
Epoch: [152 | 200]
Phase:train -- Batch_idx:100/391-- 609.60 samples/sec-- Loss:0.01 -- Error1:0.02
Phase:train -- Batch_idx:200/391-- 613.76 samples/sec-- Loss:0.01 -- Error1:0.02
Phase:train -- Batch_idx:300/391-- 615.14 samples/sec-- Loss:0.01 -- Error1:0.01
Train_Loss = 0.008063286164402961, Train_Err = 0.016
Val_Loss = 1.2913538028717042, Val_Err = 32.68
Epoch: [153 | 200]
Phase:train -- Batch_idx:100/391-- 610.22 samples/sec-- Loss:0.01 -- Error1:0.01
Phase:train -- Batch_idx:200/391-- 614.04 samples/sec-- Loss:0.01 -- Error1:0.02
Phase:train -- Batch_idx:300/391-- 615.37 samples/sec-- Loss:0.01 -- Error1:0.02
Train_Loss = 0.007977363968491554, Train_Err = 0.018
Val_Loss = 1.2906494374275208, Val_Err = 32.38
Epoch: [154 | 200]
Phase:train -- Batch_idx:100/391-- 609.06 samples/sec-- Loss:0.01 -- Error1:0.02
Phase:train -- Batch_idx:200/391-- 613.42 samples/sec-- Loss:0.01 -- Error1:0.02
Phase:train -- Batch_idx:300/391-- 614.90 samples/sec-- Loss:0.01 -- Error1:0.01
Train_Loss = 0.008080516446232795, Train_Err = 0.02
Val_Loss = 1.2888137596130371, Val_Err = 32.59
Epoch: [155 | 200]
Phase:train -- Batch_idx:100/391-- 610.07 samples/sec-- Loss:0.01 -- Error1:0.02
Phase:train -- Batch_idx:200/391-- 613.96 samples/sec-- Loss:0.01 -- Error1:0.02
Phase:train -- Batch_idx:300/391-- 615.29 samples/sec-- Loss:0.01 -- Error1:0.03
Train_Loss = 0.008113834176659585, Train_Err = 0.022
Val_Loss = 1.2884955889701843, Val_Err = 32.66
Epoch: [156 | 200]
Phase:train -- Batch_idx:100/391-- 610.21 samples/sec-- Loss:0.01 -- Error1:0.02
Phase:train -- Batch_idx:200/391-- 614.01 samples/sec-- Loss:0.01 -- Error1:0.02
Phase:train -- Batch_idx:300/391-- 615.29 samples/sec-- Loss:0.01 -- Error1:0.02
Train_Loss = 0.008076036493778228, Train_Err = 0.02
Val_Loss = 1.2919529211044312, Val_Err = 32.73
Epoch: [157 | 200]
Phase:train -- Batch_idx:100/391-- 610.47 samples/sec-- Loss:0.01 -- Error1:0.02
Phase:train -- Batch_idx:200/391-- 614.20 samples/sec-- Loss:0.01 -- Error1:0.02
Phase:train -- Batch_idx:300/391-- 615.42 samples/sec-- Loss:0.01 -- Error1:0.02
Train_Loss = 0.008081022908389569, Train_Err = 0.024
Val_Loss = 1.2908757590293884, Val_Err = 32.64
Epoch: [158 | 200]
Phase:train -- Batch_idx:100/391-- 610.28 samples/sec-- Loss:0.01 -- Error1:0.02
Phase:train -- Batch_idx:200/391-- 614.02 samples/sec-- Loss:0.01 -- Error1:0.01
Phase:train -- Batch_idx:300/391-- 615.28 samples/sec-- Loss:0.01 -- Error1:0.02
Train_Loss = 0.008122928301393986, Train_Err = 0.022
Val_Loss = 1.2935647815704345, Val_Err = 32.65
Epoch: [159 | 200]
Phase:train -- Batch_idx:100/391-- 610.03 samples/sec-- Loss:0.01 -- Error1:0.01
Phase:train -- Batch_idx:200/391-- 613.94 samples/sec-- Loss:0.01 -- Error1:0.02
Phase:train -- Batch_idx:300/391-- 615.26 samples/sec-- Loss:0.01 -- Error1:0.02
Train_Loss = 0.007939539768695832, Train_Err = 0.026
Val_Loss = 1.2900526124954224, Val_Err = 32.62
Epoch: [160 | 200]
Phase:train -- Batch_idx:100/391-- 610.16 samples/sec-- Loss:0.01 -- Error1:0.02
Phase:train -- Batch_idx:200/391-- 614.05 samples/sec-- Loss:0.01 -- Error1:0.02
Phase:train -- Batch_idx:300/391-- 615.33 samples/sec-- Loss:0.01 -- Error1:0.02
Train_Loss = 0.007997165042161941, Train_Err = 0.018
Val_Loss = 1.2908994054794312, Val_Err = 32.72
Epoch: [161 | 200]
Phase:train -- Batch_idx:100/391-- 609.65 samples/sec-- Loss:0.01 -- Error1:0.02
Phase:train -- Batch_idx:200/391-- 613.73 samples/sec-- Loss:0.01 -- Error1:0.02
Phase:train -- Batch_idx:300/391-- 615.08 samples/sec-- Loss:0.01 -- Error1:0.02
Train_Loss = 0.007887842645049095, Train_Err = 0.022
Val_Loss = 1.2960211855888366, Val_Err = 32.57
Epoch: [162 | 200]
Phase:train -- Batch_idx:100/391-- 610.30 samples/sec-- Loss:0.01 -- Error1:0.02
Phase:train -- Batch_idx:200/391-- 614.06 samples/sec-- Loss:0.01 -- Error1:0.02
Phase:train -- Batch_idx:300/391-- 615.30 samples/sec-- Loss:0.01 -- Error1:0.02
Train_Loss = 0.007969645691812039, Train_Err = 0.018
Val_Loss = 1.293878507423401, Val_Err = 32.54
Epoch: [163 | 200]
Phase:train -- Batch_idx:100/391-- 610.03 samples/sec-- Loss:0.01 -- Error1:0.02
Phase:train -- Batch_idx:200/391-- 613.92 samples/sec-- Loss:0.01 -- Error1:0.02
Phase:train -- Batch_idx:300/391-- 615.21 samples/sec-- Loss:0.01 -- Error1:0.02
Train_Loss = 0.007940020536184311, Train_Err = 0.018
Val_Loss = 1.2896963493347169, Val_Err = 32.58
Epoch: [164 | 200]
Phase:train -- Batch_idx:100/391-- 610.46 samples/sec-- Loss:0.01 -- Error1:0.00
Phase:train -- Batch_idx:200/391-- 614.12 samples/sec-- Loss:0.01 -- Error1:0.02
Phase:train -- Batch_idx:300/391-- 615.36 samples/sec-- Loss:0.01 -- Error1:0.02
Train_Loss = 0.00788806694328785, Train_Err = 0.018
Val_Loss = 1.2922727624893189, Val_Err = 32.71
Epoch: [165 | 200]
Phase:train -- Batch_idx:100/391-- 609.99 samples/sec-- Loss:0.01 -- Error1:0.02
Phase:train -- Batch_idx:200/391-- 613.87 samples/sec-- Loss:0.01 -- Error1:0.02
Phase:train -- Batch_idx:300/391-- 615.20 samples/sec-- Loss:0.01 -- Error1:0.03
Train_Loss = 0.00803097039461136, Train_Err = 0.024
Val_Loss = 1.2908320651054381, Val_Err = 32.77
Epoch: [166 | 200]
Phase:train -- Batch_idx:100/391-- 610.22 samples/sec-- Loss:0.01 -- Error1:0.02
Phase:train -- Batch_idx:200/391-- 613.96 samples/sec-- Loss:0.01 -- Error1:0.02
Phase:train -- Batch_idx:300/391-- 615.25 samples/sec-- Loss:0.01 -- Error1:0.03
Train_Loss = 0.007991289460062981, Train_Err = 0.026
Val_Loss = 1.2988446162223817, Val_Err = 32.57
Epoch: [167 | 200]
Phase:train -- Batch_idx:100/391-- 609.82 samples/sec-- Loss:0.01 -- Error1:0.01
Phase:train -- Batch_idx:200/391-- 613.77 samples/sec-- Loss:0.01 -- Error1:0.03
Phase:train -- Batch_idx:300/391-- 615.09 samples/sec-- Loss:0.01 -- Error1:0.03
Train_Loss = 0.008133482422828674, Train_Err = 0.028
Val_Loss = 1.2955005671501159, Val_Err = 32.55
Epoch: [168 | 200]
Phase:train -- Batch_idx:100/391-- 610.08 samples/sec-- Loss:0.01 -- Error1:0.02
Phase:train -- Batch_idx:200/391-- 613.94 samples/sec-- Loss:0.01 -- Error1:0.02
Phase:train -- Batch_idx:300/391-- 615.25 samples/sec-- Loss:0.01 -- Error1:0.02
Train_Loss = 0.007964168822169304, Train_Err = 0.02
Val_Loss = 1.29524622631073, Val_Err = 32.64
Epoch: [169 | 200]
Phase:train -- Batch_idx:100/391-- 610.20 samples/sec-- Loss:0.01 -- Error1:0.00
Phase:train -- Batch_idx:200/391-- 614.02 samples/sec-- Loss:0.01 -- Error1:0.01
Phase:train -- Batch_idx:300/391-- 615.31 samples/sec-- Loss:0.01 -- Error1:0.01
Train_Loss = 0.007888740513026715, Train_Err = 0.014
Val_Loss = 1.2946706247329711, Val_Err = 32.67
Epoch: [170 | 200]
Phase:train -- Batch_idx:100/391-- 610.70 samples/sec-- Loss:0.01 -- Error1:0.00
Phase:train -- Batch_idx:200/391-- 614.27 samples/sec-- Loss:0.01 -- Error1:0.02
Phase:train -- Batch_idx:300/391-- 615.49 samples/sec-- Loss:0.01 -- Error1:0.02
Train_Loss = 0.007976980725824832, Train_Err = 0.022
Val_Loss = 1.2932428441047668, Val_Err = 32.53
Epoch: [171 | 200]
Phase:train -- Batch_idx:100/391-- 610.08 samples/sec-- Loss:0.01 -- Error1:0.02
Phase:train -- Batch_idx:200/391-- 613.93 samples/sec-- Loss:0.01 -- Error1:0.02
Phase:train -- Batch_idx:300/391-- 615.24 samples/sec-- Loss:0.01 -- Error1:0.03
Train_Loss = 0.007925844075530767, Train_Err = 0.022
Val_Loss = 1.2957600660324096, Val_Err = 32.68
Epoch: [172 | 200]
Phase:train -- Batch_idx:100/391-- 610.02 samples/sec-- Loss:0.01 -- Error1:0.01
Phase:train -- Batch_idx:200/391-- 613.91 samples/sec-- Loss:0.01 -- Error1:0.01
Phase:train -- Batch_idx:300/391-- 615.23 samples/sec-- Loss:0.01 -- Error1:0.01
Train_Loss = 0.007978953241407872, Train_Err = 0.024
Val_Loss = 1.2967798748970032, Val_Err = 32.71
Epoch: [173 | 200]
Phase:train -- Batch_idx:100/391-- 610.67 samples/sec-- Loss:0.01 -- Error1:0.01
Phase:train -- Batch_idx:200/391-- 614.24 samples/sec-- Loss:0.01 -- Error1:0.02
Phase:train -- Batch_idx:300/391-- 615.42 samples/sec-- Loss:0.01 -- Error1:0.02
Train_Loss = 0.007919350319802761, Train_Err = 0.02
Val_Loss = 1.293242855167389, Val_Err = 32.61
Epoch: [174 | 200]
Phase:train -- Batch_idx:100/391-- 610.05 samples/sec-- Loss:0.01 -- Error1:0.01
Phase:train -- Batch_idx:200/391-- 613.93 samples/sec-- Loss:0.01 -- Error1:0.02
Phase:train -- Batch_idx:300/391-- 615.23 samples/sec-- Loss:0.01 -- Error1:0.01
Train_Loss = 0.007879064061641693, Train_Err = 0.018
Val_Loss = 1.289998945236206, Val_Err = 32.69
Epoch: [175 | 200]
Phase:train -- Batch_idx:100/391-- 610.24 samples/sec-- Loss:0.01 -- Error1:0.02
Phase:train -- Batch_idx:200/391-- 614.05 samples/sec-- Loss:0.01 -- Error1:0.01
Phase:train -- Batch_idx:300/391-- 615.31 samples/sec-- Loss:0.01 -- Error1:0.01
Train_Loss = 0.00784388666421175, Train_Err = 0.014
Val_Loss = 1.2921265350341797, Val_Err = 32.65
Epoch: [176 | 200]
Phase:train -- Batch_idx:100/391-- 609.99 samples/sec-- Loss:0.01 -- Error1:0.02
Phase:train -- Batch_idx:200/391-- 613.89 samples/sec-- Loss:0.01 -- Error1:0.01
Phase:train -- Batch_idx:300/391-- 615.23 samples/sec-- Loss:0.01 -- Error1:0.02
Train_Loss = 0.007930784702003002, Train_Err = 0.018
Val_Loss = 1.2947485379219055, Val_Err = 32.51
Epoch: [177 | 200]
Phase:train -- Batch_idx:100/391-- 609.73 samples/sec-- Loss:0.01 -- Error1:0.03
Phase:train -- Batch_idx:200/391-- 613.73 samples/sec-- Loss:0.01 -- Error1:0.03
Phase:train -- Batch_idx:300/391-- 615.11 samples/sec-- Loss:0.01 -- Error1:0.03
Train_Loss = 0.007747251209318638, Train_Err = 0.026
Val_Loss = 1.293379298877716, Val_Err = 32.64
Epoch: [178 | 200]
Phase:train -- Batch_idx:100/391-- 610.92 samples/sec-- Loss:0.01 -- Error1:0.02
Phase:train -- Batch_idx:200/391-- 614.33 samples/sec-- Loss:0.01 -- Error1:0.03
Phase:train -- Batch_idx:300/391-- 615.50 samples/sec-- Loss:0.01 -- Error1:0.02
Train_Loss = 0.007754756119251251, Train_Err = 0.018
Val_Loss = 1.2960761066436768, Val_Err = 32.62
Epoch: [179 | 200]
Phase:train -- Batch_idx:100/391-- 610.41 samples/sec-- Loss:0.01 -- Error1:0.02
Phase:train -- Batch_idx:200/391-- 614.17 samples/sec-- Loss:0.01 -- Error1:0.02
Phase:train -- Batch_idx:300/391-- 615.40 samples/sec-- Loss:0.01 -- Error1:0.02
Train_Loss = 0.00785006244122982, Train_Err = 0.024
Val_Loss = 1.2979185383796692, Val_Err = 32.76
Epoch: [180 | 200]
Phase:train -- Batch_idx:100/391-- 610.15 samples/sec-- Loss:0.01 -- Error1:0.02
Phase:train -- Batch_idx:200/391-- 613.99 samples/sec-- Loss:0.01 -- Error1:0.02
Phase:train -- Batch_idx:300/391-- 615.28 samples/sec-- Loss:0.01 -- Error1:0.02
Train_Loss = 0.007935514104664325, Train_Err = 0.022
Val_Loss = 1.2944499099731446, Val_Err = 32.71
Epoch: [181 | 200]
Phase:train -- Batch_idx:100/391-- 610.39 samples/sec-- Loss:0.01 -- Error1:0.00
Phase:train -- Batch_idx:200/391-- 614.10 samples/sec-- Loss:0.01 -- Error1:0.01
Phase:train -- Batch_idx:300/391-- 615.35 samples/sec-- Loss:0.01 -- Error1:0.02
Train_Loss = 0.007903357860744, Train_Err = 0.02
Val_Loss = 1.2941321043014526, Val_Err = 32.63
Epoch: [182 | 200]
Phase:train -- Batch_idx:100/391-- 610.02 samples/sec-- Loss:0.01 -- Error1:0.02
Phase:train -- Batch_idx:200/391-- 613.85 samples/sec-- Loss:0.01 -- Error1:0.03
Phase:train -- Batch_idx:300/391-- 615.17 samples/sec-- Loss:0.01 -- Error1:0.03
Train_Loss = 0.007824351202845574, Train_Err = 0.026
Val_Loss = 1.296129799079895, Val_Err = 32.54
Epoch: [183 | 200]
Phase:train -- Batch_idx:100/391-- 610.08 samples/sec-- Loss:0.01 -- Error1:0.01
Phase:train -- Batch_idx:200/391-- 613.95 samples/sec-- Loss:0.01 -- Error1:0.02
Phase:train -- Batch_idx:300/391-- 615.23 samples/sec-- Loss:0.01 -- Error1:0.02
Train_Loss = 0.007655624046623706, Train_Err = 0.02
Val_Loss = 1.2945853664398193, Val_Err = 32.69
Epoch: [184 | 200]
Phase:train -- Batch_idx:100/391-- 609.01 samples/sec-- Loss:0.01 -- Error1:0.01
Phase:train -- Batch_idx:200/391-- 613.40 samples/sec-- Loss:0.01 -- Error1:0.01
Phase:train -- Batch_idx:300/391-- 614.85 samples/sec-- Loss:0.01 -- Error1:0.01
Train_Loss = 0.007756543317437172, Train_Err = 0.016
Val_Loss = 1.2943367144584657, Val_Err = 32.59
Epoch: [185 | 200]
Phase:train -- Batch_idx:100/391-- 610.15 samples/sec-- Loss:0.01 -- Error1:0.02
Phase:train -- Batch_idx:200/391-- 613.99 samples/sec-- Loss:0.01 -- Error1:0.02
Phase:train -- Batch_idx:300/391-- 615.26 samples/sec-- Loss:0.01 -- Error1:0.02
Train_Loss = 0.007793674134612083, Train_Err = 0.022
Val_Loss = 1.295231432723999, Val_Err = 32.73
Epoch: [186 | 200]
Phase:train -- Batch_idx:100/391-- 610.12 samples/sec-- Loss:0.01 -- Error1:0.02
Phase:train -- Batch_idx:200/391-- 613.95 samples/sec-- Loss:0.01 -- Error1:0.02
Phase:train -- Batch_idx:300/391-- 615.21 samples/sec-- Loss:0.01 -- Error1:0.02
Train_Loss = 0.0077088000380992885, Train_Err = 0.022
Val_Loss = 1.295877960395813, Val_Err = 32.68
Epoch: [187 | 200]
Phase:train -- Batch_idx:100/391-- 609.99 samples/sec-- Loss:0.01 -- Error1:0.02
Phase:train -- Batch_idx:200/391-- 613.90 samples/sec-- Loss:0.01 -- Error1:0.02
Phase:train -- Batch_idx:300/391-- 615.20 samples/sec-- Loss:0.01 -- Error1:0.01
Train_Loss = 0.007845780646502971, Train_Err = 0.018
Val_Loss = 1.3000683225631713, Val_Err = 32.79
Epoch: [188 | 200]
Phase:train -- Batch_idx:100/391-- 610.35 samples/sec-- Loss:0.01 -- Error1:0.02
Phase:train -- Batch_idx:200/391-- 614.06 samples/sec-- Loss:0.01 -- Error1:0.02
Phase:train -- Batch_idx:300/391-- 615.34 samples/sec-- Loss:0.01 -- Error1:0.02
Train_Loss = 0.007803129586875439, Train_Err = 0.02
Val_Loss = 1.2950374613761901, Val_Err = 32.78
Epoch: [189 | 200]
Phase:train -- Batch_idx:100/391-- 610.08 samples/sec-- Loss:0.01 -- Error1:0.02
Phase:train -- Batch_idx:200/391-- 613.97 samples/sec-- Loss:0.01 -- Error1:0.02
Phase:train -- Batch_idx:300/391-- 615.28 samples/sec-- Loss:0.01 -- Error1:0.02
Train_Loss = 0.007574317278563976, Train_Err = 0.022
Val_Loss = 1.2982338253974914, Val_Err = 32.94
Epoch: [190 | 200]
Phase:train -- Batch_idx:100/391-- 610.32 samples/sec-- Loss:0.01 -- Error1:0.02
Phase:train -- Batch_idx:200/391-- 614.07 samples/sec-- Loss:0.01 -- Error1:0.02
Phase:train -- Batch_idx:300/391-- 615.33 samples/sec-- Loss:0.01 -- Error1:0.02
Train_Loss = 0.0077445364907383915, Train_Err = 0.02
Val_Loss = 1.2939936786651611, Val_Err = 32.6
Epoch: [191 | 200]
Phase:train -- Batch_idx:100/391-- 609.95 samples/sec-- Loss:0.01 -- Error1:0.01
Phase:train -- Batch_idx:200/391-- 613.88 samples/sec-- Loss:0.01 -- Error1:0.02
Phase:train -- Batch_idx:300/391-- 615.19 samples/sec-- Loss:0.01 -- Error1:0.01
Train_Loss = 0.0077179017120599745, Train_Err = 0.012
Val_Loss = 1.2997853860855102, Val_Err = 32.75
Epoch: [192 | 200]
Phase:train -- Batch_idx:100/391-- 610.52 samples/sec-- Loss:0.01 -- Error1:0.00
Phase:train -- Batch_idx:200/391-- 614.18 samples/sec-- Loss:0.01 -- Error1:0.02
Phase:train -- Batch_idx:300/391-- 615.37 samples/sec-- Loss:0.01 -- Error1:0.03
Train_Loss = 0.007825442852377892, Train_Err = 0.026
Val_Loss = 1.2947133024215698, Val_Err = 32.44
Epoch: [193 | 200]
Phase:train -- Batch_idx:100/391-- 609.91 samples/sec-- Loss:0.01 -- Error1:0.02
Phase:train -- Batch_idx:200/391-- 613.86 samples/sec-- Loss:0.01 -- Error1:0.01
Phase:train -- Batch_idx:300/391-- 615.17 samples/sec-- Loss:0.01 -- Error1:0.02
Train_Loss = 0.007813921211957932, Train_Err = 0.018
Val_Loss = 1.3001126300811767, Val_Err = 32.83
Epoch: [194 | 200]
Phase:train -- Batch_idx:100/391-- 609.83 samples/sec-- Loss:0.01 -- Error1:0.02
Phase:train -- Batch_idx:200/391-- 613.86 samples/sec-- Loss:0.01 -- Error1:0.02
Phase:train -- Batch_idx:300/391-- 615.18 samples/sec-- Loss:0.01 -- Error1:0.02
Train_Loss = 0.007662411498427391, Train_Err = 0.026
Val_Loss = 1.2945092893600463, Val_Err = 32.54
Epoch: [195 | 200]
Phase:train -- Batch_idx:100/391-- 610.20 samples/sec-- Loss:0.01 -- Error1:0.01
Phase:train -- Batch_idx:200/391-- 613.99 samples/sec-- Loss:0.01 -- Error1:0.01
Phase:train -- Batch_idx:300/391-- 615.26 samples/sec-- Loss:0.01 -- Error1:0.01
Train_Loss = 0.007607977016270161, Train_Err = 0.018
Val_Loss = 1.2986745542526246, Val_Err = 32.64
Epoch: [196 | 200]
Phase:train -- Batch_idx:100/391-- 610.54 samples/sec-- Loss:0.01 -- Error1:0.02
Phase:train -- Batch_idx:200/391-- 614.16 samples/sec-- Loss:0.01 -- Error1:0.02
Phase:train -- Batch_idx:300/391-- 615.15 samples/sec-- Loss:0.01 -- Error1:0.02
Train_Loss = 0.007631456114351749, Train_Err = 0.018
Val_Loss = 1.2970650651931763, Val_Err = 32.64
Epoch: [197 | 200]
Phase:train -- Batch_idx:100/391-- 609.59 samples/sec-- Loss:0.01 -- Error1:0.02
Phase:train -- Batch_idx:200/391-- 613.24 samples/sec-- Loss:0.01 -- Error1:0.03
Phase:train -- Batch_idx:300/391-- 614.48 samples/sec-- Loss:0.01 -- Error1:0.02
Train_Loss = 0.007666615171730519, Train_Err = 0.022
Val_Loss = 1.2992022488594055, Val_Err = 32.66
Epoch: [198 | 200]
Phase:train -- Batch_idx:100/391-- 608.60 samples/sec-- Loss:0.01 -- Error1:0.02
Phase:train -- Batch_idx:200/391-- 612.77 samples/sec-- Loss:0.01 -- Error1:0.02
Phase:train -- Batch_idx:300/391-- 614.13 samples/sec-- Loss:0.01 -- Error1:0.02
Train_Loss = 0.007826722850203515, Train_Err = 0.018
Val_Loss = 1.2972332242965698, Val_Err = 32.83
Epoch: [199 | 200]
Phase:train -- Batch_idx:100/391-- 608.24 samples/sec-- Loss:0.01 -- Error1:0.00
Phase:train -- Batch_idx:200/391-- 612.64 samples/sec-- Loss:0.01 -- Error1:0.01
Phase:train -- Batch_idx:300/391-- 614.12 samples/sec-- Loss:0.01 -- Error1:0.02
Train_Loss = 0.007700662151575089, Train_Err = 0.018
Val_Loss = 1.3034948344230652, Val_Err = 32.73
