root: Namespace(batch_size=128, cp_dir='checkpoints/autoaugment_cutout/cifar10/sgd/run_ms_0/pyramidnet_272_bottleneck/run0', depth=272, dtype='cifar10', epochs=300, img_aug='autoaugment_cutout', learning_rate=0.1, momentum=0.9, mtype='pyramidnet', num_classes=10, resume=None, seed=0, threads=8, weight_decay=0.0001, width_factor=10)
root: Epoch: [0 | 300]
root: Train_Loss = 1.8561018705368042, Train_Err = 68.446
root: Val_Loss = 1.8307349681854248, Val_Err = 56.14
root: Epoch: [1 | 300]
root: Train_Loss = 1.2630501985549927, Train_Err = 45.11
root: Val_Loss = 1.0211093425750732, Val_Err = 34.78
root: Epoch: [2 | 300]
root: Train_Loss = 0.983540415763855, Train_Err = 34.482
root: Val_Loss = 0.7787969708442688, Val_Err = 27.31
root: Epoch: [3 | 300]
root: Train_Loss = 0.8463996648788452, Train_Err = 29.326
root: Val_Loss = 0.809109628200531, Val_Err = 28.36
root: Epoch: [4 | 300]
root: Train_Loss = 0.7693271040916443, Train_Err = 26.92
root: Val_Loss = 0.5958749651908875, Val_Err = 19.14
root: Epoch: [5 | 300]
root: Train_Loss = 0.7083990573883057, Train_Err = 24.572
root: Val_Loss = 0.6335872411727905, Val_Err = 21.5
root: Epoch: [6 | 300]
root: Train_Loss = 0.6585363149642944, Train_Err = 23.038
root: Val_Loss = 0.6073712110519409, Val_Err = 20.29
root: Epoch: [7 | 300]
root: Train_Loss = 0.6201806664466858, Train_Err = 21.706
root: Val_Loss = 0.5890170335769653, Val_Err = 19.61
root: Epoch: [8 | 300]
root: Train_Loss = 0.5953049659729004, Train_Err = 20.792
root: Val_Loss = 0.7989624738693237, Val_Err = 21.71
root: Epoch: [9 | 300]
root: Train_Loss = 0.5645294189453125, Train_Err = 19.604
root: Val_Loss = 0.4422706365585327, Val_Err = 15.36
root: Epoch: [10 | 300]
root: Train_Loss = 0.551785409450531, Train_Err = 19.176
root: Val_Loss = 0.4631468653678894, Val_Err = 15.54
root: Epoch: [11 | 300]
root: Train_Loss = 0.5212892889976501, Train_Err = 18.17
root: Val_Loss = 0.4016677439212799, Val_Err = 13.55
root: Epoch: [12 | 300]
root: Train_Loss = 0.5163275599479675, Train_Err = 18.078
root: Val_Loss = 0.34674209356307983, Val_Err = 12.1
root: Epoch: [13 | 300]
root: Train_Loss = 0.4913952946662903, Train_Err = 17.148
root: Val_Loss = 0.43337568640708923, Val_Err = 14.47
root: Epoch: [14 | 300]
root: Train_Loss = 0.48461443185806274, Train_Err = 16.842
root: Val_Loss = 0.39644312858581543, Val_Err = 13.12
root: Epoch: [15 | 300]
root: Train_Loss = 0.47512146830558777, Train_Err = 16.632
root: Val_Loss = 0.3329104483127594, Val_Err = 11.59
root: Epoch: [16 | 300]
root: Train_Loss = 0.4621264636516571, Train_Err = 16.25
root: Val_Loss = 0.30987799167633057, Val_Err = 10.51
root: Epoch: [17 | 300]
root: Train_Loss = 0.45107436180114746, Train_Err = 15.762
root: Val_Loss = 0.32840850949287415, Val_Err = 11.28
root: Epoch: [18 | 300]
root: Train_Loss = 0.4420802593231201, Train_Err = 15.404
root: Val_Loss = 0.3613421618938446, Val_Err = 11.67
root: Epoch: [19 | 300]
root: Train_Loss = 0.43317943811416626, Train_Err = 15.156
root: Val_Loss = 0.29699185490608215, Val_Err = 10.33
root: Epoch: [20 | 300]
root: Train_Loss = 0.4227762520313263, Train_Err = 14.81
root: Val_Loss = 0.328558087348938, Val_Err = 11.07
root: Epoch: [21 | 300]
root: Train_Loss = 0.4157297611236572, Train_Err = 14.44
root: Val_Loss = 0.3166528046131134, Val_Err = 10.6
root: Epoch: [22 | 300]
root: Train_Loss = 0.4147000312805176, Train_Err = 14.372
root: Val_Loss = 0.34349560737609863, Val_Err = 11.41
root: Epoch: [23 | 300]
root: Train_Loss = 0.4058972895145416, Train_Err = 14.132
root: Val_Loss = 0.32834309339523315, Val_Err = 10.87
root: Epoch: [24 | 300]
root: Train_Loss = 0.39919784665107727, Train_Err = 13.822
root: Val_Loss = 0.3194205164909363, Val_Err = 10.49
root: Epoch: [25 | 300]
root: Train_Loss = 0.39099058508872986, Train_Err = 13.698
root: Val_Loss = 0.3149316608905792, Val_Err = 10.86
root: Epoch: [26 | 300]
root: Train_Loss = 0.3798140585422516, Train_Err = 13.234
root: Val_Loss = 0.26295092701911926, Val_Err = 8.9
root: Epoch: [27 | 300]
root: Train_Loss = 0.3803997039794922, Train_Err = 13.198
root: Val_Loss = 0.28810179233551025, Val_Err = 10.03
root: Epoch: [28 | 300]
root: Train_Loss = 0.3744325637817383, Train_Err = 12.898
root: Val_Loss = 0.24628157913684845, Val_Err = 8.14
root: Epoch: [29 | 300]
root: Train_Loss = 0.37651780247688293, Train_Err = 13.094
root: Val_Loss = 0.26638486981391907, Val_Err = 8.93
root: Epoch: [30 | 300]
root: Train_Loss = 0.3648809790611267, Train_Err = 12.708
root: Val_Loss = 0.2632426917552948, Val_Err = 9.05
root: Epoch: [31 | 300]
root: Train_Loss = 0.3614158630371094, Train_Err = 12.624
root: Val_Loss = 0.27252739667892456, Val_Err = 8.74
root: Epoch: [32 | 300]
root: Train_Loss = 0.35745054483413696, Train_Err = 12.434
root: Val_Loss = 0.2504650056362152, Val_Err = 8.24
root: Epoch: [33 | 300]
root: Train_Loss = 0.3586330711841583, Train_Err = 12.63
root: Val_Loss = 0.2378356158733368, Val_Err = 7.9
root: Epoch: [34 | 300]
root: Train_Loss = 0.35122182965278625, Train_Err = 12.248
root: Val_Loss = 0.2703793942928314, Val_Err = 8.79
root: Epoch: [35 | 300]
root: Train_Loss = 0.3518451452255249, Train_Err = 12.3
root: Val_Loss = 0.23699313402175903, Val_Err = 8.03
root: Epoch: [36 | 300]
root: Train_Loss = 0.3526162803173065, Train_Err = 12.17
root: Val_Loss = 0.25381770730018616, Val_Err = 8.54
root: Epoch: [37 | 300]
root: Train_Loss = 0.34708598256111145, Train_Err = 12.14
root: Val_Loss = 0.2657600939273834, Val_Err = 8.26
root: Epoch: [38 | 300]
root: Train_Loss = 0.3374308943748474, Train_Err = 11.788
root: Val_Loss = 0.2971265912055969, Val_Err = 9.31
root: Epoch: [39 | 300]
root: Train_Loss = 0.340260773897171, Train_Err = 11.74
root: Val_Loss = 0.234324648976326, Val_Err = 8.01
root: Epoch: [40 | 300]
root: Train_Loss = 0.3393298089504242, Train_Err = 12.014
root: Val_Loss = 0.27022409439086914, Val_Err = 8.94
root: Epoch: [41 | 300]
root: Train_Loss = 0.3347744941711426, Train_Err = 11.782
root: Val_Loss = 0.3811553716659546, Val_Err = 11.53
root: Epoch: [42 | 300]
root: Train_Loss = 0.33545631170272827, Train_Err = 11.626
root: Val_Loss = 0.2716294229030609, Val_Err = 8.58
root: Epoch: [43 | 300]
root: Train_Loss = 0.32865455746650696, Train_Err = 11.282
root: Val_Loss = 0.2596462666988373, Val_Err = 8.63
root: Epoch: [44 | 300]
root: Train_Loss = 0.32377469539642334, Train_Err = 11.268
root: Val_Loss = 0.23570936918258667, Val_Err = 7.76
root: Epoch: [45 | 300]
root: Train_Loss = 0.32525259256362915, Train_Err = 11.502
root: Val_Loss = 0.28885602951049805, Val_Err = 9.07
root: Epoch: [46 | 300]
root: Train_Loss = 0.32221296429634094, Train_Err = 11.174
root: Val_Loss = 0.3057911694049835, Val_Err = 9.75
root: Epoch: [47 | 300]
root: Train_Loss = 0.32335707545280457, Train_Err = 11.182
root: Val_Loss = 0.23730702698230743, Val_Err = 7.9
root: Epoch: [48 | 300]
root: Train_Loss = 0.3220478594303131, Train_Err = 11.268
root: Val_Loss = 0.21058624982833862, Val_Err = 7.27
root: Epoch: [49 | 300]
root: Train_Loss = 0.3206656277179718, Train_Err = 11.31
root: Val_Loss = 0.2819439470767975, Val_Err = 8.59
root: Epoch: [50 | 300]
root: Train_Loss = 0.31927937269210815, Train_Err = 11.058
root: Val_Loss = 0.2671114206314087, Val_Err = 8.19
root: Epoch: [51 | 300]
root: Train_Loss = 0.3187311291694641, Train_Err = 11.024
root: Val_Loss = 0.19775085151195526, Val_Err = 6.63
root: Epoch: [52 | 300]
root: Train_Loss = 0.31120362877845764, Train_Err = 11.014
root: Val_Loss = 0.26828956604003906, Val_Err = 8.53
root: Epoch: [53 | 300]
root: Train_Loss = 0.3150143027305603, Train_Err = 11.064
root: Val_Loss = 0.22040942311286926, Val_Err = 7.3
root: Epoch: [54 | 300]
root: Train_Loss = 0.3052928149700165, Train_Err = 10.742
root: Val_Loss = 0.2285866141319275, Val_Err = 7.15
root: Epoch: [55 | 300]
root: Train_Loss = 0.31098777055740356, Train_Err = 10.854
root: Val_Loss = 0.22206567227840424, Val_Err = 7.19
root: Epoch: [56 | 300]
root: Train_Loss = 0.3077385127544403, Train_Err = 10.688
root: Val_Loss = 0.21704669296741486, Val_Err = 7.36
root: Epoch: [57 | 300]
root: Train_Loss = 0.3037604093551636, Train_Err = 10.574
root: Val_Loss = 0.23923303186893463, Val_Err = 7.49
root: Epoch: [58 | 300]
root: Train_Loss = 0.3034980595111847, Train_Err = 10.59
root: Val_Loss = 0.2161385416984558, Val_Err = 7.03
root: Epoch: [59 | 300]
root: Train_Loss = 0.3080678880214691, Train_Err = 10.716
root: Val_Loss = 0.2936670482158661, Val_Err = 9.6
root: Epoch: [60 | 300]
root: Train_Loss = 0.3016742467880249, Train_Err = 10.51
root: Val_Loss = 0.272574245929718, Val_Err = 8.61
root: Epoch: [61 | 300]
root: Train_Loss = 0.29620397090911865, Train_Err = 10.29
root: Val_Loss = 0.26461687684059143, Val_Err = 8.51
root: Epoch: [62 | 300]
root: Train_Loss = 0.3046669661998749, Train_Err = 10.638
root: Val_Loss = 0.2515098452568054, Val_Err = 8.03
root: Epoch: [63 | 300]
root: Train_Loss = 0.2921724319458008, Train_Err = 10.074
root: Val_Loss = 0.22770549356937408, Val_Err = 7.47
root: Epoch: [64 | 300]
root: Train_Loss = 0.2930014133453369, Train_Err = 10.292
root: Val_Loss = 0.27290016412734985, Val_Err = 8.5
root: Epoch: [65 | 300]
root: Train_Loss = 0.2971343398094177, Train_Err = 10.282
root: Val_Loss = 0.192463681101799, Val_Err = 6.36
root: Epoch: [66 | 300]
root: Train_Loss = 0.295726478099823, Train_Err = 10.272
root: Val_Loss = 0.21898207068443298, Val_Err = 7.21
root: Epoch: [67 | 300]
root: Train_Loss = 0.294986367225647, Train_Err = 10.306
root: Val_Loss = 0.24892914295196533, Val_Err = 7.69
root: Epoch: [68 | 300]
root: Train_Loss = 0.292248398065567, Train_Err = 10.076
root: Val_Loss = 0.31869104504585266, Val_Err = 9.8
root: Epoch: [69 | 300]
root: Train_Loss = 0.29279688000679016, Train_Err = 10.074
root: Val_Loss = 0.23063522577285767, Val_Err = 7.45
root: Epoch: [70 | 300]
root: Train_Loss = 0.28815317153930664, Train_Err = 10.22
root: Val_Loss = 0.26856353878974915, Val_Err = 8.65
root: Epoch: [71 | 300]
root: Train_Loss = 0.29400238394737244, Train_Err = 10.234
root: Val_Loss = 0.2455267310142517, Val_Err = 8.12
root: Epoch: [72 | 300]
root: Train_Loss = 0.29053664207458496, Train_Err = 10.198
root: Val_Loss = 0.22279109060764313, Val_Err = 7.12
root: Epoch: [73 | 300]
root: Train_Loss = 0.2887369394302368, Train_Err = 9.968
root: Val_Loss = 0.22951024770736694, Val_Err = 7.19
root: Epoch: [74 | 300]
root: Train_Loss = 0.28912773728370667, Train_Err = 10.154
root: Val_Loss = 0.20465043187141418, Val_Err = 6.71
root: Epoch: [75 | 300]
root: Train_Loss = 0.2869122326374054, Train_Err = 10.006
root: Val_Loss = 0.33805128931999207, Val_Err = 9.63
root: Epoch: [76 | 300]
root: Train_Loss = 0.28692102432250977, Train_Err = 10.01
root: Val_Loss = 0.20409049093723297, Val_Err = 6.67
root: Epoch: [77 | 300]
root: Train_Loss = 0.28594693541526794, Train_Err = 9.886
root: Val_Loss = 0.22505080699920654, Val_Err = 7.48
root: Epoch: [78 | 300]
root: Train_Loss = 0.2837229073047638, Train_Err = 9.806
root: Val_Loss = 0.19737045466899872, Val_Err = 6.51
root: Epoch: [79 | 300]
root: Train_Loss = 0.2842163145542145, Train_Err = 9.864
root: Val_Loss = 0.22172926366329193, Val_Err = 6.96
root: Epoch: [80 | 300]
root: Train_Loss = 0.28387218713760376, Train_Err = 9.902
root: Val_Loss = 0.23532487452030182, Val_Err = 7.34
root: Epoch: [81 | 300]
root: Train_Loss = 0.2846657633781433, Train_Err = 9.852
root: Val_Loss = 0.346220463514328, Val_Err = 10.08
root: Epoch: [82 | 300]
root: Train_Loss = 0.2798070013523102, Train_Err = 9.878
root: Val_Loss = 0.2670276165008545, Val_Err = 8.3
root: Epoch: [83 | 300]
root: Train_Loss = 0.2827306091785431, Train_Err = 9.794
root: Val_Loss = 0.25450992584228516, Val_Err = 8.06
root: Epoch: [84 | 300]
root: Train_Loss = 0.2838938236236572, Train_Err = 9.828
root: Val_Loss = 0.24250634014606476, Val_Err = 7.39
root: Epoch: [85 | 300]
root: Train_Loss = 0.26849275827407837, Train_Err = 9.38
root: Val_Loss = 0.20540766417980194, Val_Err = 6.56
root: Epoch: [86 | 300]
root: Train_Loss = 0.27715256810188293, Train_Err = 9.6
root: Val_Loss = 0.21192088723182678, Val_Err = 6.6
root: Epoch: [87 | 300]
root: Train_Loss = 0.27649691700935364, Train_Err = 9.646
root: Val_Loss = 0.2079581469297409, Val_Err = 6.93
root: Epoch: [88 | 300]
root: Train_Loss = 0.26929447054862976, Train_Err = 9.418
root: Val_Loss = 0.21251077950000763, Val_Err = 6.83
root: Epoch: [89 | 300]
root: Train_Loss = 0.27086007595062256, Train_Err = 9.422
root: Val_Loss = 0.20875565707683563, Val_Err = 6.52
root: Epoch: [90 | 300]
root: Train_Loss = 0.2706024646759033, Train_Err = 9.344
root: Val_Loss = 0.22687239944934845, Val_Err = 7.36
root: Epoch: [91 | 300]
root: Train_Loss = 0.2743011713027954, Train_Err = 9.556
root: Val_Loss = 0.19443324208259583, Val_Err = 6.24
root: Epoch: [92 | 300]
root: Train_Loss = 0.27000850439071655, Train_Err = 9.356
root: Val_Loss = 0.21690060198307037, Val_Err = 6.77
root: Epoch: [93 | 300]
root: Train_Loss = 0.27321556210517883, Train_Err = 9.542
root: Val_Loss = 0.19712918996810913, Val_Err = 6.64
root: Epoch: [94 | 300]
root: Train_Loss = 0.26965317130088806, Train_Err = 9.402
root: Val_Loss = 0.20694135129451752, Val_Err = 6.46
root: Epoch: [95 | 300]
root: Train_Loss = 0.27327847480773926, Train_Err = 9.582
root: Val_Loss = 0.28139740228652954, Val_Err = 8.41
root: Epoch: [96 | 300]
root: Train_Loss = 0.26845499873161316, Train_Err = 9.504
root: Val_Loss = 0.22877907752990723, Val_Err = 7.17
root: Epoch: [97 | 300]
root: Train_Loss = 0.2643357217311859, Train_Err = 9.246
root: Val_Loss = 0.2043217420578003, Val_Err = 6.54
root: Epoch: [98 | 300]
root: Train_Loss = 0.2675308585166931, Train_Err = 9.308
root: Val_Loss = 0.20901872217655182, Val_Err = 6.42
root: Epoch: [99 | 300]
root: Train_Loss = 0.26923292875289917, Train_Err = 9.53
root: Val_Loss = 0.22549030184745789, Val_Err = 6.68
root: Epoch: [100 | 300]
root: Train_Loss = 0.26159149408340454, Train_Err = 9.152
root: Val_Loss = 0.22740936279296875, Val_Err = 7.45
root: Epoch: [101 | 300]
root: Train_Loss = 0.2616684138774872, Train_Err = 9.018
root: Val_Loss = 0.21700698137283325, Val_Err = 6.59
root: Epoch: [102 | 300]
root: Train_Loss = 0.26832252740859985, Train_Err = 9.438
root: Val_Loss = 0.19154557585716248, Val_Err = 6.27
root: Epoch: [103 | 300]
root: Train_Loss = 0.25916558504104614, Train_Err = 9.126
root: Val_Loss = 0.21872323751449585, Val_Err = 6.7
root: Epoch: [104 | 300]
root: Train_Loss = 0.26230016350746155, Train_Err = 9.248
root: Val_Loss = 0.21538971364498138, Val_Err = 6.06
root: Epoch: [105 | 300]
root: Train_Loss = 0.2640930712223053, Train_Err = 9.182
root: Val_Loss = 0.18943914771080017, Val_Err = 5.85
root: Epoch: [106 | 300]
root: Train_Loss = 0.26174527406692505, Train_Err = 9.27
root: Val_Loss = 0.21244047582149506, Val_Err = 6.52
root: Epoch: [107 | 300]
root: Train_Loss = 0.2618597447872162, Train_Err = 9.108
root: Val_Loss = 0.23135679960250854, Val_Err = 7.34
root: Epoch: [108 | 300]
root: Train_Loss = 0.2610744535923004, Train_Err = 9.098
root: Val_Loss = 0.22772018611431122, Val_Err = 7.32
root: Epoch: [109 | 300]
root: Train_Loss = 0.2616260051727295, Train_Err = 9.0
root: Val_Loss = 0.2559135854244232, Val_Err = 7.74
root: Epoch: [110 | 300]
root: Train_Loss = 0.2621966600418091, Train_Err = 9.17
root: Val_Loss = 0.1931052803993225, Val_Err = 6.25
root: Epoch: [111 | 300]
root: Train_Loss = 0.2574079930782318, Train_Err = 8.894
root: Val_Loss = 0.2013898491859436, Val_Err = 6.27
root: Epoch: [112 | 300]
root: Train_Loss = 0.2579571008682251, Train_Err = 9.11
root: Val_Loss = 0.229388028383255, Val_Err = 7.49
root: Epoch: [113 | 300]
root: Train_Loss = 0.26008141040802, Train_Err = 9.032
root: Val_Loss = 0.19427406787872314, Val_Err = 6.37
root: Epoch: [114 | 300]
root: Train_Loss = 0.25596508383750916, Train_Err = 9.02
root: Val_Loss = 0.21293850243091583, Val_Err = 6.73
root: Epoch: [115 | 300]
root: Train_Loss = 0.25425150990486145, Train_Err = 8.824
root: Val_Loss = 0.2649833559989929, Val_Err = 7.66
root: Epoch: [116 | 300]
root: Train_Loss = 0.2611090838909149, Train_Err = 9.224
root: Val_Loss = 0.24924135208129883, Val_Err = 8.1
root: Epoch: [117 | 300]
root: Train_Loss = 0.25408512353897095, Train_Err = 8.91
root: Val_Loss = 0.22513392567634583, Val_Err = 6.92
root: Epoch: [118 | 300]
root: Train_Loss = 0.24706976115703583, Train_Err = 8.622
root: Val_Loss = 0.2241758555173874, Val_Err = 6.99
root: Epoch: [119 | 300]
root: Train_Loss = 0.2586964964866638, Train_Err = 9.1
root: Val_Loss = 0.18742570281028748, Val_Err = 6.03
root: Epoch: [120 | 300]
root: Train_Loss = 0.25341853499412537, Train_Err = 8.87
root: Val_Loss = 0.24078786373138428, Val_Err = 7.51
root: Epoch: [121 | 300]
root: Train_Loss = 0.2527178227901459, Train_Err = 8.956
root: Val_Loss = 0.18967494368553162, Val_Err = 6.2
root: Epoch: [122 | 300]
root: Train_Loss = 0.24883952736854553, Train_Err = 8.68
root: Val_Loss = 0.18648184835910797, Val_Err = 5.94
root: Epoch: [123 | 300]
root: Train_Loss = 0.2533453404903412, Train_Err = 8.946
root: Val_Loss = 0.2308550924062729, Val_Err = 7.03
root: Epoch: [124 | 300]
root: Train_Loss = 0.2520849406719208, Train_Err = 8.878
root: Val_Loss = 0.20699527859687805, Val_Err = 6.38
root: Epoch: [125 | 300]
root: Train_Loss = 0.24862658977508545, Train_Err = 8.612
root: Val_Loss = 0.2921457886695862, Val_Err = 8.57
root: Epoch: [126 | 300]
root: Train_Loss = 0.25631552934646606, Train_Err = 8.926
root: Val_Loss = 0.17808136343955994, Val_Err = 5.76
root: Epoch: [127 | 300]
root: Train_Loss = 0.24545533955097198, Train_Err = 8.594
root: Val_Loss = 0.2156248539686203, Val_Err = 6.84
root: Epoch: [128 | 300]
root: Train_Loss = 0.25429317355155945, Train_Err = 8.892
root: Val_Loss = 0.18933311104774475, Val_Err = 5.89
root: Epoch: [129 | 300]
root: Train_Loss = 0.2482968121767044, Train_Err = 8.576
root: Val_Loss = 0.19674359261989594, Val_Err = 6.26
root: Epoch: [130 | 300]
root: Train_Loss = 0.25189676880836487, Train_Err = 8.766
root: Val_Loss = 0.24508243799209595, Val_Err = 7.39
root: Epoch: [131 | 300]
root: Train_Loss = 0.25026991963386536, Train_Err = 8.674
root: Val_Loss = 0.2063779979944229, Val_Err = 6.21
root: Epoch: [132 | 300]
root: Train_Loss = 0.24767057597637177, Train_Err = 8.65
root: Val_Loss = 0.1955569088459015, Val_Err = 6.1
root: Epoch: [133 | 300]
root: Train_Loss = 0.25516822934150696, Train_Err = 8.96
root: Val_Loss = 0.19887778162956238, Val_Err = 6.3
root: Epoch: [134 | 300]
root: Train_Loss = 0.2474297434091568, Train_Err = 8.754
root: Val_Loss = 0.17749285697937012, Val_Err = 5.67
root: Epoch: [135 | 300]
root: Train_Loss = 0.24818331003189087, Train_Err = 8.732
root: Val_Loss = 0.2506265938282013, Val_Err = 7.46
root: Epoch: [136 | 300]
root: Train_Loss = 0.24726231396198273, Train_Err = 8.738
root: Val_Loss = 0.1990274041891098, Val_Err = 6.44
root: Epoch: [137 | 300]
root: Train_Loss = 0.24676690995693207, Train_Err = 8.634
root: Val_Loss = 0.23013275861740112, Val_Err = 7.18
root: Epoch: [138 | 300]
root: Train_Loss = 0.24733400344848633, Train_Err = 8.618
root: Val_Loss = 0.18227994441986084, Val_Err = 6.02
root: Epoch: [139 | 300]
root: Train_Loss = 0.24485991895198822, Train_Err = 8.606
root: Val_Loss = 0.20428283512592316, Val_Err = 6.44
root: Epoch: [140 | 300]
root: Train_Loss = 0.24184219539165497, Train_Err = 8.508
root: Val_Loss = 0.23872582614421844, Val_Err = 7.57
root: Epoch: [141 | 300]
root: Train_Loss = 0.24133220314979553, Train_Err = 8.436
root: Val_Loss = 0.2441815584897995, Val_Err = 7.18
root: Epoch: [142 | 300]
root: Train_Loss = 0.24523185193538666, Train_Err = 8.684
root: Val_Loss = 0.1966201663017273, Val_Err = 6.17
root: Epoch: [143 | 300]
root: Train_Loss = 0.24445681273937225, Train_Err = 8.512
root: Val_Loss = 0.23663648962974548, Val_Err = 7.06
root: Epoch: [144 | 300]
root: Train_Loss = 0.24861951172351837, Train_Err = 8.622
root: Val_Loss = 0.20177648961544037, Val_Err = 6.36
root: Epoch: [145 | 300]
root: Train_Loss = 0.24347852170467377, Train_Err = 8.528
root: Val_Loss = 0.18120449781417847, Val_Err = 5.74
root: Epoch: [146 | 300]
root: Train_Loss = 0.24576066434383392, Train_Err = 8.71
root: Val_Loss = 0.23823310434818268, Val_Err = 7.44
root: Epoch: [147 | 300]
root: Train_Loss = 0.2422647774219513, Train_Err = 8.452
root: Val_Loss = 0.18228214979171753, Val_Err = 5.86
root: Epoch: [148 | 300]
root: Train_Loss = 0.24289189279079437, Train_Err = 8.552
root: Val_Loss = 0.18674711883068085, Val_Err = 6.23
root: Epoch: [149 | 300]
root: Train_Loss = 0.24100260436534882, Train_Err = 8.488
root: Val_Loss = 0.2114306539297104, Val_Err = 6.59
root: Epoch: [150 | 300]
root: Train_Loss = 0.16226467490196228, Train_Err = 5.562
root: Val_Loss = 0.10331342369318008, Val_Err = 3.5
root: Epoch: [151 | 300]
root: Train_Loss = 0.1297752410173416, Train_Err = 4.466
root: Val_Loss = 0.09940842539072037, Val_Err = 3.19
root: Epoch: [152 | 300]
root: Train_Loss = 0.12236066162586212, Train_Err = 4.166
root: Val_Loss = 0.09632554650306702, Val_Err = 2.92
root: Epoch: [153 | 300]
root: Train_Loss = 0.11451403051614761, Train_Err = 4.064
root: Val_Loss = 0.09717640280723572, Val_Err = 3.03
root: Epoch: [154 | 300]
root: Train_Loss = 0.11286099255084991, Train_Err = 3.962
root: Val_Loss = 0.0938880443572998, Val_Err = 2.92
root: Epoch: [155 | 300]
root: Train_Loss = 0.10723811388015747, Train_Err = 3.7
root: Val_Loss = 0.0979945957660675, Val_Err = 3.05
root: Epoch: [156 | 300]
root: Train_Loss = 0.1075802817940712, Train_Err = 3.802
root: Val_Loss = 0.09226776659488678, Val_Err = 2.96
root: Epoch: [157 | 300]
root: Train_Loss = 0.10549204051494598, Train_Err = 3.588
root: Val_Loss = 0.08981059491634369, Val_Err = 2.8
root: Epoch: [158 | 300]
root: Train_Loss = 0.10184060037136078, Train_Err = 3.49
root: Val_Loss = 0.08875473588705063, Val_Err = 2.73
root: Epoch: [159 | 300]
root: Train_Loss = 0.10113335400819778, Train_Err = 3.496
root: Val_Loss = 0.08702972531318665, Val_Err = 2.64
root: Epoch: [160 | 300]
root: Train_Loss = 0.09837647527456284, Train_Err = 3.448
root: Val_Loss = 0.0896308571100235, Val_Err = 2.7
root: Epoch: [161 | 300]
root: Train_Loss = 0.09653279930353165, Train_Err = 3.21
root: Val_Loss = 0.08830036222934723, Val_Err = 2.71
root: Epoch: [162 | 300]
root: Train_Loss = 0.09917760640382767, Train_Err = 3.508
root: Val_Loss = 0.08803803473711014, Val_Err = 2.66
root: Epoch: [163 | 300]
root: Train_Loss = 0.0900057777762413, Train_Err = 3.08
root: Val_Loss = 0.0866052582859993, Val_Err = 2.65
root: Epoch: [164 | 300]
root: Train_Loss = 0.0929979681968689, Train_Err = 3.25
root: Val_Loss = 0.0872267410159111, Val_Err = 2.71
root: Epoch: [165 | 300]
root: Train_Loss = 0.0897773802280426, Train_Err = 3.088
root: Val_Loss = 0.08904650062322617, Val_Err = 2.65
root: Epoch: [166 | 300]
root: Train_Loss = 0.08927184343338013, Train_Err = 3.18
root: Val_Loss = 0.0903838574886322, Val_Err = 2.74
root: Epoch: [167 | 300]
root: Train_Loss = 0.08840777724981308, Train_Err = 3.064
root: Val_Loss = 0.09237407892942429, Val_Err = 2.71
root: Epoch: [168 | 300]
root: Train_Loss = 0.09088349342346191, Train_Err = 3.168
root: Val_Loss = 0.08809199929237366, Val_Err = 2.64
root: Epoch: [169 | 300]
root: Train_Loss = 0.09053352475166321, Train_Err = 3.202
root: Val_Loss = 0.09062245488166809, Val_Err = 2.67
root: Epoch: [170 | 300]
root: Train_Loss = 0.08630403876304626, Train_Err = 3.022
root: Val_Loss = 0.0872340276837349, Val_Err = 2.52
root: Epoch: [171 | 300]
root: Train_Loss = 0.08685912936925888, Train_Err = 2.916
root: Val_Loss = 0.09395643323659897, Val_Err = 2.69
root: Epoch: [172 | 300]
root: Train_Loss = 0.08675406128168106, Train_Err = 3.008
root: Val_Loss = 0.09008949995040894, Val_Err = 2.67
root: Epoch: [173 | 300]
root: Train_Loss = 0.08530693501234055, Train_Err = 2.964
root: Val_Loss = 0.08703511208295822, Val_Err = 2.45
root: Epoch: [174 | 300]
root: Train_Loss = 0.08524496108293533, Train_Err = 2.976
root: Val_Loss = 0.08817646652460098, Val_Err = 2.6
root: Epoch: [175 | 300]
root: Train_Loss = 0.08294492214918137, Train_Err = 2.902
root: Val_Loss = 0.0894407257437706, Val_Err = 2.68
root: Epoch: [176 | 300]
root: Train_Loss = 0.08619001507759094, Train_Err = 2.954
root: Val_Loss = 0.0926007330417633, Val_Err = 2.63
root: Epoch: [177 | 300]
root: Train_Loss = 0.08243882656097412, Train_Err = 2.854
root: Val_Loss = 0.08929600566625595, Val_Err = 2.65
root: Epoch: [178 | 300]
root: Train_Loss = 0.08296961337327957, Train_Err = 2.846
root: Val_Loss = 0.09048837423324585, Val_Err = 2.73
root: Epoch: [179 | 300]
root: Train_Loss = 0.08441509306430817, Train_Err = 3.026
root: Val_Loss = 0.09148505330085754, Val_Err = 2.6
root: Epoch: [180 | 300]
root: Train_Loss = 0.08438701182603836, Train_Err = 2.89
root: Val_Loss = 0.08929991722106934, Val_Err = 2.7
root: Epoch: [181 | 300]
root: Train_Loss = 0.08306071162223816, Train_Err = 2.896
root: Val_Loss = 0.08954152464866638, Val_Err = 2.61
root: Epoch: [182 | 300]
root: Train_Loss = 0.08416026085615158, Train_Err = 2.932
root: Val_Loss = 0.0856509655714035, Val_Err = 2.51
root: Epoch: [183 | 300]
root: Train_Loss = 0.08336270600557327, Train_Err = 2.938
root: Val_Loss = 0.09536033123731613, Val_Err = 2.87
root: Epoch: [184 | 300]
root: Train_Loss = 0.08311203122138977, Train_Err = 2.934
root: Val_Loss = 0.09007760882377625, Val_Err = 2.57
root: Epoch: [185 | 300]
root: Train_Loss = 0.08121008425951004, Train_Err = 2.792
root: Val_Loss = 0.08815667778253555, Val_Err = 2.5
root: Epoch: [186 | 300]
root: Train_Loss = 0.07813575118780136, Train_Err = 2.702
root: Val_Loss = 0.09116093069314957, Val_Err = 2.54
root: Epoch: [187 | 300]
root: Train_Loss = 0.08186408132314682, Train_Err = 2.82
root: Val_Loss = 0.09040535986423492, Val_Err = 2.62
root: Epoch: [188 | 300]
root: Train_Loss = 0.07974743098020554, Train_Err = 2.768
root: Val_Loss = 0.08964073657989502, Val_Err = 2.55
root: Epoch: [189 | 300]
root: Train_Loss = 0.07690190523862839, Train_Err = 2.676
root: Val_Loss = 0.09546245634555817, Val_Err = 2.68
root: Epoch: [190 | 300]
root: Train_Loss = 0.08018471300601959, Train_Err = 2.722
root: Val_Loss = 0.08586563169956207, Val_Err = 2.38
root: Epoch: [191 | 300]
root: Train_Loss = 0.07720934599637985, Train_Err = 2.694
root: Val_Loss = 0.08787655085325241, Val_Err = 2.57
root: Epoch: [192 | 300]
root: Train_Loss = 0.07930443435907364, Train_Err = 2.742
root: Val_Loss = 0.08813867717981339, Val_Err = 2.47
root: Epoch: [193 | 300]
root: Train_Loss = 0.08112631738185883, Train_Err = 2.752
root: Val_Loss = 0.08785515278577805, Val_Err = 2.56
root: Epoch: [194 | 300]
root: Train_Loss = 0.07519659399986267, Train_Err = 2.628
root: Val_Loss = 0.08834873884916306, Val_Err = 2.59
root: Epoch: [195 | 300]
root: Train_Loss = 0.0762108713388443, Train_Err = 2.638
root: Val_Loss = 0.08961676806211472, Val_Err = 2.61
root: Epoch: [196 | 300]
root: Train_Loss = 0.07526835799217224, Train_Err = 2.622
root: Val_Loss = 0.08983991295099258, Val_Err = 2.66
root: Epoch: [197 | 300]
root: Train_Loss = 0.07574611902236938, Train_Err = 2.586
root: Val_Loss = 0.09040587395429611, Val_Err = 2.6
root: Epoch: [198 | 300]
root: Train_Loss = 0.07501544803380966, Train_Err = 2.538
root: Val_Loss = 0.08812106400728226, Val_Err = 2.54
root: Epoch: [199 | 300]
root: Train_Loss = 0.07670699805021286, Train_Err = 2.638
root: Val_Loss = 0.09100838750600815, Val_Err = 2.65
root: Epoch: [200 | 300]
root: Train_Loss = 0.07727149873971939, Train_Err = 2.746
root: Val_Loss = 0.09321942925453186, Val_Err = 2.66
root: Epoch: [201 | 300]
root: Train_Loss = 0.0760650709271431, Train_Err = 2.592
root: Val_Loss = 0.09105724096298218, Val_Err = 2.63
root: Epoch: [202 | 300]
root: Train_Loss = 0.07480795681476593, Train_Err = 2.582
root: Val_Loss = 0.09356662631034851, Val_Err = 2.75
root: Epoch: [203 | 300]
root: Train_Loss = 0.0781574621796608, Train_Err = 2.664
root: Val_Loss = 0.08751976490020752, Val_Err = 2.5
root: Epoch: [204 | 300]
root: Train_Loss = 0.07907186448574066, Train_Err = 2.764
root: Val_Loss = 0.08756232261657715, Val_Err = 2.61
root: Epoch: [205 | 300]
root: Train_Loss = 0.07393788546323776, Train_Err = 2.506
root: Val_Loss = 0.08599436283111572, Val_Err = 2.46
root: Epoch: [206 | 300]
root: Train_Loss = 0.07496597617864609, Train_Err = 2.606
root: Val_Loss = 0.08817968517541885, Val_Err = 2.56
root: Epoch: [207 | 300]
root: Train_Loss = 0.07464996725320816, Train_Err = 2.586
root: Val_Loss = 0.08836767077445984, Val_Err = 2.6
root: Epoch: [208 | 300]
root: Train_Loss = 0.07313454151153564, Train_Err = 2.576
root: Val_Loss = 0.08646667003631592, Val_Err = 2.53
root: Epoch: [209 | 300]
root: Train_Loss = 0.07470032572746277, Train_Err = 2.606
root: Val_Loss = 0.08826316148042679, Val_Err = 2.55
root: Epoch: [210 | 300]
root: Train_Loss = 0.07481927424669266, Train_Err = 2.572
root: Val_Loss = 0.09614026546478271, Val_Err = 2.81
root: Epoch: [211 | 300]
root: Train_Loss = 0.0733124315738678, Train_Err = 2.542
root: Val_Loss = 0.09438911825418472, Val_Err = 2.52
root: Epoch: [212 | 300]
root: Train_Loss = 0.07442563027143478, Train_Err = 2.602
root: Val_Loss = 0.09019050747156143, Val_Err = 2.61
root: Epoch: [213 | 300]
root: Train_Loss = 0.07654642313718796, Train_Err = 2.656
root: Val_Loss = 0.08618714660406113, Val_Err = 2.68
root: Epoch: [214 | 300]
root: Train_Loss = 0.07340357452630997, Train_Err = 2.578
root: Val_Loss = 0.09703722596168518, Val_Err = 2.86
root: Epoch: [215 | 300]
root: Train_Loss = 0.07269993424415588, Train_Err = 2.488
root: Val_Loss = 0.09425470978021622, Val_Err = 2.69
root: Epoch: [216 | 300]
root: Train_Loss = 0.07399824261665344, Train_Err = 2.562
root: Val_Loss = 0.09083537757396698, Val_Err = 2.71
root: Epoch: [217 | 300]
root: Train_Loss = 0.07456465065479279, Train_Err = 2.576
root: Val_Loss = 0.09395039081573486, Val_Err = 2.66
root: Epoch: [218 | 300]
root: Train_Loss = 0.0743255615234375, Train_Err = 2.536
root: Val_Loss = 0.09089943766593933, Val_Err = 2.62
root: Epoch: [219 | 300]
root: Train_Loss = 0.07424435019493103, Train_Err = 2.536
root: Val_Loss = 0.08977006375789642, Val_Err = 2.48
root: Epoch: [220 | 300]
root: Train_Loss = 0.07243402302265167, Train_Err = 2.516
root: Val_Loss = 0.09125713258981705, Val_Err = 2.72
root: Epoch: [221 | 300]
root: Train_Loss = 0.07581581920385361, Train_Err = 2.616
root: Val_Loss = 0.09772583097219467, Val_Err = 2.64
root: Epoch: [222 | 300]
root: Train_Loss = 0.07509054243564606, Train_Err = 2.604
root: Val_Loss = 0.09502189606428146, Val_Err = 2.72
root: Epoch: [223 | 300]
root: Train_Loss = 0.0756361335515976, Train_Err = 2.666
root: Val_Loss = 0.09153658151626587, Val_Err = 2.56
root: Epoch: [224 | 300]
root: Train_Loss = 0.0740843340754509, Train_Err = 2.564
root: Val_Loss = 0.089484803378582, Val_Err = 2.57
root: Epoch: [225 | 300]
root: Train_Loss = 0.07087787240743637, Train_Err = 2.46
root: Val_Loss = 0.0862254649400711, Val_Err = 2.47
root: Epoch: [226 | 300]
root: Train_Loss = 0.06672205775976181, Train_Err = 2.332
root: Val_Loss = 0.0857759639620781, Val_Err = 2.4
root: Epoch: [227 | 300]
root: Train_Loss = 0.06440389156341553, Train_Err = 2.252
root: Val_Loss = 0.08468599617481232, Val_Err = 2.33
root: Epoch: [228 | 300]
root: Train_Loss = 0.06541863828897476, Train_Err = 2.264
root: Val_Loss = 0.08400819450616837, Val_Err = 2.44
root: Epoch: [229 | 300]
root: Train_Loss = 0.0644909143447876, Train_Err = 2.182
root: Val_Loss = 0.08373437076807022, Val_Err = 2.32
root: Epoch: [230 | 300]
root: Train_Loss = 0.06252723187208176, Train_Err = 2.218
root: Val_Loss = 0.08404051512479782, Val_Err = 2.4
root: Epoch: [231 | 300]
root: Train_Loss = 0.059738896787166595, Train_Err = 2.1
root: Val_Loss = 0.0838233083486557, Val_Err = 2.35
root: Epoch: [232 | 300]
root: Train_Loss = 0.06316473335027695, Train_Err = 2.196
root: Val_Loss = 0.08285214751958847, Val_Err = 2.3
root: Epoch: [233 | 300]
root: Train_Loss = 0.06344939023256302, Train_Err = 2.16
root: Val_Loss = 0.08285854011774063, Val_Err = 2.31
root: Epoch: [234 | 300]
root: Train_Loss = 0.0631590485572815, Train_Err = 2.172
root: Val_Loss = 0.08330806344747543, Val_Err = 2.4
root: Epoch: [235 | 300]
root: Train_Loss = 0.06106241047382355, Train_Err = 2.1
root: Val_Loss = 0.08317665755748749, Val_Err = 2.34
root: Epoch: [236 | 300]
root: Train_Loss = 0.06011078506708145, Train_Err = 2.084
root: Val_Loss = 0.08281788975000381, Val_Err = 2.35
root: Epoch: [237 | 300]
root: Train_Loss = 0.060442887246608734, Train_Err = 2.072
root: Val_Loss = 0.08191530406475067, Val_Err = 2.31
root: Epoch: [238 | 300]
root: Train_Loss = 0.05631518363952637, Train_Err = 1.936
root: Val_Loss = 0.08264820277690887, Val_Err = 2.32
root: Epoch: [239 | 300]
root: Train_Loss = 0.06182217597961426, Train_Err = 2.096
root: Val_Loss = 0.08140812814235687, Val_Err = 2.31
root: Epoch: [240 | 300]
root: Train_Loss = 0.059284377843141556, Train_Err = 2.088
root: Val_Loss = 0.08242285251617432, Val_Err = 2.3
root: Epoch: [241 | 300]
root: Train_Loss = 0.05944361537694931, Train_Err = 2.072
root: Val_Loss = 0.08225509524345398, Val_Err = 2.33
root: Epoch: [242 | 300]
root: Train_Loss = 0.05859650298953056, Train_Err = 2.026
root: Val_Loss = 0.08243777602910995, Val_Err = 2.33
root: Epoch: [243 | 300]
root: Train_Loss = 0.055766183882951736, Train_Err = 1.874
root: Val_Loss = 0.08302253484725952, Val_Err = 2.37
root: Epoch: [244 | 300]
root: Train_Loss = 0.05900580435991287, Train_Err = 2.052
root: Val_Loss = 0.08308397233486176, Val_Err = 2.36
root: Epoch: [245 | 300]
root: Train_Loss = 0.059053681790828705, Train_Err = 2.054
root: Val_Loss = 0.08545513451099396, Val_Err = 2.42
root: Epoch: [246 | 300]
root: Train_Loss = 0.05443364009261131, Train_Err = 1.846
root: Val_Loss = 0.0835418775677681, Val_Err = 2.32
root: Epoch: [247 | 300]
root: Train_Loss = 0.05717465654015541, Train_Err = 1.982
root: Val_Loss = 0.08295472711324692, Val_Err = 2.37
root: Epoch: [248 | 300]
root: Train_Loss = 0.05648169293999672, Train_Err = 1.91
root: Val_Loss = 0.0816408172249794, Val_Err = 2.32
root: Epoch: [249 | 300]
root: Train_Loss = 0.05589107796549797, Train_Err = 1.874
root: Val_Loss = 0.08330654352903366, Val_Err = 2.45
root: Epoch: [250 | 300]
root: Train_Loss = 0.05740385130047798, Train_Err = 1.96
root: Val_Loss = 0.08202864974737167, Val_Err = 2.38
root: Epoch: [251 | 300]
root: Train_Loss = 0.057082485407590866, Train_Err = 2.01
root: Val_Loss = 0.08452104032039642, Val_Err = 2.35
root: Epoch: [252 | 300]
root: Train_Loss = 0.05750887095928192, Train_Err = 2.008
root: Val_Loss = 0.08305469900369644, Val_Err = 2.36
root: Epoch: [253 | 300]
root: Train_Loss = 0.055891141295433044, Train_Err = 1.976
root: Val_Loss = 0.08248905837535858, Val_Err = 2.35
root: Epoch: [254 | 300]
root: Train_Loss = 0.05583509802818298, Train_Err = 1.886
root: Val_Loss = 0.08546347171068192, Val_Err = 2.42
root: Epoch: [255 | 300]
root: Train_Loss = 0.05809132009744644, Train_Err = 1.984
root: Val_Loss = 0.08466044813394547, Val_Err = 2.41
root: Epoch: [256 | 300]
root: Train_Loss = 0.059005193412303925, Train_Err = 2.036
root: Val_Loss = 0.08509951829910278, Val_Err = 2.38
root: Epoch: [257 | 300]
root: Train_Loss = 0.0544726699590683, Train_Err = 1.864
root: Val_Loss = 0.08451680839061737, Val_Err = 2.4
root: Epoch: [258 | 300]
root: Train_Loss = 0.057607464492321014, Train_Err = 1.95
root: Val_Loss = 0.08363250643014908, Val_Err = 2.32
root: Epoch: [259 | 300]
root: Train_Loss = 0.0558137446641922, Train_Err = 1.898
root: Val_Loss = 0.08536509424448013, Val_Err = 2.35
root: Epoch: [260 | 300]
root: Train_Loss = 0.056093938648700714, Train_Err = 1.9
root: Val_Loss = 0.08312319219112396, Val_Err = 2.36
root: Epoch: [261 | 300]
root: Train_Loss = 0.05530507490038872, Train_Err = 1.962
root: Val_Loss = 0.0835186243057251, Val_Err = 2.43
root: Epoch: [262 | 300]
root: Train_Loss = 0.05623999983072281, Train_Err = 1.962
root: Val_Loss = 0.08397873491048813, Val_Err = 2.38
root: Epoch: [263 | 300]
root: Train_Loss = 0.054931703954935074, Train_Err = 1.852
root: Val_Loss = 0.08359261602163315, Val_Err = 2.33
root: Epoch: [264 | 300]
root: Train_Loss = 0.05536983907222748, Train_Err = 1.898
root: Val_Loss = 0.08367042988538742, Val_Err = 2.46
root: Epoch: [265 | 300]
root: Train_Loss = 0.051711343228816986, Train_Err = 1.798
root: Val_Loss = 0.08392079919576645, Val_Err = 2.41
root: Epoch: [266 | 300]
root: Train_Loss = 0.053508367389440536, Train_Err = 1.828
root: Val_Loss = 0.08479280769824982, Val_Err = 2.38
root: Epoch: [267 | 300]
root: Train_Loss = 0.05466776713728905, Train_Err = 1.902
root: Val_Loss = 0.08563093841075897, Val_Err = 2.44
root: Epoch: [268 | 300]
root: Train_Loss = 0.05351429432630539, Train_Err = 1.888
root: Val_Loss = 0.08506779372692108, Val_Err = 2.4
root: Epoch: [269 | 300]
root: Train_Loss = 0.05410488694906235, Train_Err = 1.868
root: Val_Loss = 0.08381913602352142, Val_Err = 2.36
root: Epoch: [270 | 300]
root: Train_Loss = 0.054723579436540604, Train_Err = 1.954
root: Val_Loss = 0.08359452337026596, Val_Err = 2.32
root: Epoch: [271 | 300]
root: Train_Loss = 0.05400266498327255, Train_Err = 1.852
root: Val_Loss = 0.08326113969087601, Val_Err = 2.36
root: Epoch: [272 | 300]
root: Train_Loss = 0.05346309766173363, Train_Err = 1.86
root: Val_Loss = 0.08444446325302124, Val_Err = 2.37
root: Epoch: [273 | 300]
root: Train_Loss = 0.05720421299338341, Train_Err = 2.0
root: Val_Loss = 0.08478960394859314, Val_Err = 2.42
root: Epoch: [274 | 300]
root: Train_Loss = 0.05635031685233116, Train_Err = 1.96
root: Val_Loss = 0.08234844356775284, Val_Err = 2.4
root: Epoch: [275 | 300]
root: Train_Loss = 0.05325322598218918, Train_Err = 1.822
root: Val_Loss = 0.08429081737995148, Val_Err = 2.39
root: Epoch: [276 | 300]
root: Train_Loss = 0.05329512059688568, Train_Err = 1.828
root: Val_Loss = 0.08343379199504852, Val_Err = 2.38
root: Epoch: [277 | 300]
root: Train_Loss = 0.05339573696255684, Train_Err = 1.862
root: Val_Loss = 0.08313260972499847, Val_Err = 2.31
root: Epoch: [278 | 300]
root: Train_Loss = 0.05485349893569946, Train_Err = 1.884
root: Val_Loss = 0.08428753167390823, Val_Err = 2.33
root: Epoch: [279 | 300]
root: Train_Loss = 0.05474407598376274, Train_Err = 1.86
root: Val_Loss = 0.08438288420438766, Val_Err = 2.35
root: Epoch: [280 | 300]
root: Train_Loss = 0.05381185933947563, Train_Err = 1.844
root: Val_Loss = 0.08470260351896286, Val_Err = 2.31
root: Epoch: [281 | 300]
root: Train_Loss = 0.052628207951784134, Train_Err = 1.862
root: Val_Loss = 0.08512912690639496, Val_Err = 2.39
root: Epoch: [282 | 300]
root: Train_Loss = 0.05572449415922165, Train_Err = 1.938
root: Val_Loss = 0.08523397892713547, Val_Err = 2.38
root: Epoch: [283 | 300]
root: Train_Loss = 0.0531298853456974, Train_Err = 1.844
root: Val_Loss = 0.0844997763633728, Val_Err = 2.36
root: Epoch: [284 | 300]
root: Train_Loss = 0.05425732955336571, Train_Err = 1.84
root: Val_Loss = 0.08520922809839249, Val_Err = 2.41
root: Epoch: [285 | 300]
root: Train_Loss = 0.05386785417795181, Train_Err = 1.844
root: Val_Loss = 0.08438717573881149, Val_Err = 2.42
root: Epoch: [286 | 300]
root: Train_Loss = 0.052763745188713074, Train_Err = 1.838
root: Val_Loss = 0.0846988707780838, Val_Err = 2.39
root: Epoch: [287 | 300]
root: Train_Loss = 0.05180703476071358, Train_Err = 1.786
root: Val_Loss = 0.08596125990152359, Val_Err = 2.5
root: Epoch: [288 | 300]
root: Train_Loss = 0.053050071001052856, Train_Err = 1.844
root: Val_Loss = 0.08475690335035324, Val_Err = 2.38
root: Epoch: [289 | 300]
root: Train_Loss = 0.05572791025042534, Train_Err = 1.984
root: Val_Loss = 0.08439543843269348, Val_Err = 2.31
root: Epoch: [290 | 300]
root: Train_Loss = 0.05169061943888664, Train_Err = 1.8
root: Val_Loss = 0.08286967873573303, Val_Err = 2.26
root: Epoch: [291 | 300]
root: Train_Loss = 0.05394868925213814, Train_Err = 1.824
root: Val_Loss = 0.08464529365301132, Val_Err = 2.34
root: Epoch: [292 | 300]
root: Train_Loss = 0.051704272627830505, Train_Err = 1.78
root: Val_Loss = 0.08480778336524963, Val_Err = 2.33
root: Epoch: [293 | 300]
root: Train_Loss = 0.053911127150058746, Train_Err = 1.858
root: Val_Loss = 0.08485624939203262, Val_Err = 2.3
root: Epoch: [294 | 300]
root: Train_Loss = 0.05365213751792908, Train_Err = 1.804
root: Val_Loss = 0.08459793031215668, Val_Err = 2.44
root: Epoch: [295 | 300]
root: Train_Loss = 0.05511428043246269, Train_Err = 1.932
root: Val_Loss = 0.08522383123636246, Val_Err = 2.33
root: Epoch: [296 | 300]
root: Train_Loss = 0.053091537207365036, Train_Err = 1.822
root: Val_Loss = 0.08398739248514175, Val_Err = 2.4
root: Epoch: [297 | 300]
root: Train_Loss = 0.05106732249259949, Train_Err = 1.722
root: Val_Loss = 0.08353374898433685, Val_Err = 2.37
root: Epoch: [298 | 300]
root: Train_Loss = 0.05608610063791275, Train_Err = 1.928
root: Val_Loss = 0.08445996791124344, Val_Err = 2.32
root: Epoch: [299 | 300]
root: Train_Loss = 0.04911612346768379, Train_Err = 1.672
root: Val_Loss = 0.08401738107204437, Val_Err = 2.34
