root: Namespace(batch_size=128, cp_dir='checkpoints/basic_cutout/cifar100/sam/run_ms_1/pyramidnet_272_bottleneck/run0', depth=272, dtype='cifar100', epochs=300, img_aug='basic_cutout', learning_rate=0.1, momentum=0.9, mtype='pyramidnet', num_classes=100, resume=None, rho=0.05, seed=1, threads=8, weight_decay=0.0001, width_factor=8)
root: Epoch: [0 | 300]
root: Train_Loss = 3.879319667816162, Train_Err = 89.668
root: Val_Loss = 3.4776363372802734, Val_Err = 83.26
root: Epoch: [1 | 300]
root: Train_Loss = 3.0041489601135254, Train_Err = 75.568
root: Val_Loss = 2.7320806980133057, Val_Err = 69.49
root: Epoch: [2 | 300]
root: Train_Loss = 2.334916114807129, Train_Err = 62.142
root: Val_Loss = 2.2362382411956787, Val_Err = 59.32
root: Epoch: [3 | 300]
root: Train_Loss = 1.8957997560501099, Train_Err = 52.016
root: Val_Loss = 1.8047775030136108, Val_Err = 49.48
root: Epoch: [4 | 300]
root: Train_Loss = 1.613884687423706, Train_Err = 45.388
root: Val_Loss = 1.584029197692871, Val_Err = 44.49
root: Epoch: [5 | 300]
root: Train_Loss = 1.4233193397521973, Train_Err = 40.522
root: Val_Loss = 1.6332385540008545, Val_Err = 44.46
root: Epoch: [6 | 300]
root: Train_Loss = 1.285630226135254, Train_Err = 36.912
root: Val_Loss = 1.492461919784546, Val_Err = 41.82
root: Epoch: [7 | 300]
root: Train_Loss = 1.1664034128189087, Train_Err = 34.014
root: Val_Loss = 1.455461859703064, Val_Err = 39.76
root: Epoch: [8 | 300]
root: Train_Loss = 1.0700017213821411, Train_Err = 31.442
root: Val_Loss = 1.2908051013946533, Val_Err = 37.24
root: Epoch: [9 | 300]
root: Train_Loss = 0.988719642162323, Train_Err = 29.486
root: Val_Loss = 1.2685742378234863, Val_Err = 35.31
root: Epoch: [10 | 300]
root: Train_Loss = 0.9191898703575134, Train_Err = 27.348
root: Val_Loss = 1.1521961688995361, Val_Err = 32.97
root: Epoch: [11 | 300]
root: Train_Loss = 0.8560336232185364, Train_Err = 25.668
root: Val_Loss = 1.2966785430908203, Val_Err = 35.02
root: Epoch: [12 | 300]
root: Train_Loss = 0.8056958913803101, Train_Err = 24.318
root: Val_Loss = 1.1893936395645142, Val_Err = 33.81
root: Epoch: [13 | 300]
root: Train_Loss = 0.7585651874542236, Train_Err = 22.966
root: Val_Loss = 1.1407170295715332, Val_Err = 32.23
root: Epoch: [14 | 300]
root: Train_Loss = 0.7095895409584045, Train_Err = 21.422
root: Val_Loss = 1.1506803035736084, Val_Err = 32.11
root: Epoch: [15 | 300]
root: Train_Loss = 0.6655765175819397, Train_Err = 20.346
root: Val_Loss = 1.2001062631607056, Val_Err = 32.23
root: Epoch: [16 | 300]
root: Train_Loss = 0.626345157623291, Train_Err = 19.02
root: Val_Loss = 1.1721068620681763, Val_Err = 32.4
root: Epoch: [17 | 300]
root: Train_Loss = 0.5933752059936523, Train_Err = 18.062
root: Val_Loss = 1.1298878192901611, Val_Err = 30.92
root: Epoch: [18 | 300]
root: Train_Loss = 0.5636749863624573, Train_Err = 17.348
root: Val_Loss = 1.269531011581421, Val_Err = 33.81
root: Epoch: [19 | 300]
root: Train_Loss = 0.5400550365447998, Train_Err = 16.758
root: Val_Loss = 1.0576926469802856, Val_Err = 29.37
root: Epoch: [20 | 300]
root: Train_Loss = 0.5063897371292114, Train_Err = 15.72
root: Val_Loss = 1.1536673307418823, Val_Err = 30.54
root: Epoch: [21 | 300]
root: Train_Loss = 0.4768807590007782, Train_Err = 14.784
root: Val_Loss = 1.1341201066970825, Val_Err = 29.6
root: Epoch: [22 | 300]
root: Train_Loss = 0.4560367166996002, Train_Err = 14.302
root: Val_Loss = 1.1601011753082275, Val_Err = 30.22
root: Epoch: [23 | 300]
root: Train_Loss = 0.42358553409576416, Train_Err = 13.158
root: Val_Loss = 1.1421278715133667, Val_Err = 30.32
root: Epoch: [24 | 300]
root: Train_Loss = 0.4153956472873688, Train_Err = 13.068
root: Val_Loss = 1.063232421875, Val_Err = 28.51
root: Epoch: [25 | 300]
root: Train_Loss = 0.388739675283432, Train_Err = 12.22
root: Val_Loss = 1.1476768255233765, Val_Err = 29.53
root: Epoch: [26 | 300]
root: Train_Loss = 0.371002733707428, Train_Err = 11.424
root: Val_Loss = 1.0886002779006958, Val_Err = 28.9
root: Epoch: [27 | 300]
root: Train_Loss = 0.3565274178981781, Train_Err = 11.164
root: Val_Loss = 1.1040058135986328, Val_Err = 28.6
root: Epoch: [28 | 300]
root: Train_Loss = 0.34485384821891785, Train_Err = 10.7
root: Val_Loss = 1.0656658411026, Val_Err = 28.01
root: Epoch: [29 | 300]
root: Train_Loss = 0.32756495475769043, Train_Err = 10.132
root: Val_Loss = 1.0992567539215088, Val_Err = 28.01
root: Epoch: [30 | 300]
root: Train_Loss = 0.31441113352775574, Train_Err = 9.696
root: Val_Loss = 1.0932612419128418, Val_Err = 28.4
root: Epoch: [31 | 300]
root: Train_Loss = 0.3025776743888855, Train_Err = 9.242
root: Val_Loss = 1.0763237476348877, Val_Err = 27.37
root: Epoch: [32 | 300]
root: Train_Loss = 0.3031903803348541, Train_Err = 9.324
root: Val_Loss = 1.1343491077423096, Val_Err = 29.29
root: Epoch: [33 | 300]
root: Train_Loss = 0.28249916434288025, Train_Err = 8.628
root: Val_Loss = 1.1217588186264038, Val_Err = 28.51
root: Epoch: [34 | 300]
root: Train_Loss = 0.2757567763328552, Train_Err = 8.616
root: Val_Loss = 1.0856815576553345, Val_Err = 27.12
root: Epoch: [35 | 300]
root: Train_Loss = 0.266801118850708, Train_Err = 8.192
root: Val_Loss = 1.1165897846221924, Val_Err = 27.51
root: Epoch: [36 | 300]
root: Train_Loss = 0.2662455141544342, Train_Err = 8.076
root: Val_Loss = 1.1065797805786133, Val_Err = 27.83
root: Epoch: [37 | 300]
root: Train_Loss = 0.2494969666004181, Train_Err = 7.572
root: Val_Loss = 1.1406046152114868, Val_Err = 28.28
root: Epoch: [38 | 300]
root: Train_Loss = 0.24440906941890717, Train_Err = 7.292
root: Val_Loss = 1.119271993637085, Val_Err = 27.18
root: Epoch: [39 | 300]
root: Train_Loss = 0.2393825352191925, Train_Err = 7.236
root: Val_Loss = 1.1396994590759277, Val_Err = 28.19
root: Epoch: [40 | 300]
root: Train_Loss = 0.24589455127716064, Train_Err = 7.502
root: Val_Loss = 1.074915885925293, Val_Err = 27.37
root: Epoch: [41 | 300]
root: Train_Loss = 0.2332591861486435, Train_Err = 7.058
root: Val_Loss = 1.1344797611236572, Val_Err = 27.75
root: Epoch: [42 | 300]
root: Train_Loss = 0.2307637631893158, Train_Err = 6.958
root: Val_Loss = 1.1335004568099976, Val_Err = 27.72
root: Epoch: [43 | 300]
root: Train_Loss = 0.22409440577030182, Train_Err = 6.75
root: Val_Loss = 1.122340440750122, Val_Err = 27.88
root: Epoch: [44 | 300]
root: Train_Loss = 0.22179149091243744, Train_Err = 6.668
root: Val_Loss = 1.1285548210144043, Val_Err = 27.31
root: Epoch: [45 | 300]
root: Train_Loss = 0.21876327693462372, Train_Err = 6.63
root: Val_Loss = 1.1099622249603271, Val_Err = 27.5
root: Epoch: [46 | 300]
root: Train_Loss = 0.213713139295578, Train_Err = 6.332
root: Val_Loss = 1.0955450534820557, Val_Err = 27.82
root: Epoch: [47 | 300]
root: Train_Loss = 0.2073289453983307, Train_Err = 6.132
root: Val_Loss = 1.095469355583191, Val_Err = 27.76
root: Epoch: [48 | 300]
root: Train_Loss = 0.20813575387001038, Train_Err = 6.25
root: Val_Loss = 1.093916893005371, Val_Err = 26.88
root: Epoch: [49 | 300]
root: Train_Loss = 0.19856926798820496, Train_Err = 5.85
root: Val_Loss = 1.0983089208602905, Val_Err = 27.3
root: Epoch: [50 | 300]
root: Train_Loss = 0.19678111374378204, Train_Err = 5.772
root: Val_Loss = 1.140405297279358, Val_Err = 27.73
root: Epoch: [51 | 300]
root: Train_Loss = 0.19188398122787476, Train_Err = 5.586
root: Val_Loss = 1.1807643175125122, Val_Err = 28.52
root: Epoch: [52 | 300]
root: Train_Loss = 0.19308632612228394, Train_Err = 5.696
root: Val_Loss = 1.132652759552002, Val_Err = 28.18
root: Epoch: [53 | 300]
root: Train_Loss = 0.18724706768989563, Train_Err = 5.442
root: Val_Loss = 1.1161738634109497, Val_Err = 26.86
root: Epoch: [54 | 300]
root: Train_Loss = 0.19329828023910522, Train_Err = 5.72
root: Val_Loss = 1.1262372732162476, Val_Err = 27.67
root: Epoch: [55 | 300]
root: Train_Loss = 0.18128958344459534, Train_Err = 5.226
root: Val_Loss = 1.0709710121154785, Val_Err = 26.37
root: Epoch: [56 | 300]
root: Train_Loss = 0.19460169970989227, Train_Err = 5.68
root: Val_Loss = 1.1403685808181763, Val_Err = 27.36
root: Epoch: [57 | 300]
root: Train_Loss = 0.1822354793548584, Train_Err = 5.346
root: Val_Loss = 1.0639203786849976, Val_Err = 26.08
root: Epoch: [58 | 300]
root: Train_Loss = 0.18533895909786224, Train_Err = 5.474
root: Val_Loss = 1.086030125617981, Val_Err = 26.82
root: Epoch: [59 | 300]
root: Train_Loss = 0.17515644431114197, Train_Err = 5.026
root: Val_Loss = 1.1500706672668457, Val_Err = 27.59
root: Epoch: [60 | 300]
root: Train_Loss = 0.1827552318572998, Train_Err = 5.25
root: Val_Loss = 1.0689088106155396, Val_Err = 25.89
root: Epoch: [61 | 300]
root: Train_Loss = 0.17669811844825745, Train_Err = 5.224
root: Val_Loss = 1.089137315750122, Val_Err = 26.59
root: Epoch: [62 | 300]
root: Train_Loss = 0.1672959327697754, Train_Err = 4.71
root: Val_Loss = 1.1196430921554565, Val_Err = 27.09
root: Epoch: [63 | 300]
root: Train_Loss = 0.17277079820632935, Train_Err = 4.968
root: Val_Loss = 1.212009072303772, Val_Err = 28.58
root: Epoch: [64 | 300]
root: Train_Loss = 0.17585064470767975, Train_Err = 5.136
root: Val_Loss = 1.0501797199249268, Val_Err = 25.66
root: Epoch: [65 | 300]
root: Train_Loss = 0.17341379821300507, Train_Err = 4.998
root: Val_Loss = 1.1301631927490234, Val_Err = 27.46
root: Epoch: [66 | 300]
root: Train_Loss = 0.1687338501214981, Train_Err = 4.958
root: Val_Loss = 1.1256873607635498, Val_Err = 27.42
root: Epoch: [67 | 300]
root: Train_Loss = 0.16992288827896118, Train_Err = 4.814
root: Val_Loss = 1.0899741649627686, Val_Err = 26.41
root: Epoch: [68 | 300]
root: Train_Loss = 0.17165175080299377, Train_Err = 4.862
root: Val_Loss = 1.1682825088500977, Val_Err = 27.29
root: Epoch: [69 | 300]
root: Train_Loss = 0.16798198223114014, Train_Err = 4.872
root: Val_Loss = 1.0663453340530396, Val_Err = 26.64
root: Epoch: [70 | 300]
root: Train_Loss = 0.1683647781610489, Train_Err = 4.876
root: Val_Loss = 1.1614902019500732, Val_Err = 27.83
root: Epoch: [71 | 300]
root: Train_Loss = 0.16397571563720703, Train_Err = 4.718
root: Val_Loss = 1.2198210954666138, Val_Err = 28.23
root: Epoch: [72 | 300]
root: Train_Loss = 0.16530635952949524, Train_Err = 4.782
root: Val_Loss = 1.0395007133483887, Val_Err = 25.71
root: Epoch: [73 | 300]
root: Train_Loss = 0.15307535231113434, Train_Err = 4.264
root: Val_Loss = 1.1237833499908447, Val_Err = 26.69
root: Epoch: [74 | 300]
root: Train_Loss = 0.16041836142539978, Train_Err = 4.598
root: Val_Loss = 1.0362164974212646, Val_Err = 24.97
root: Epoch: [75 | 300]
root: Train_Loss = 0.14758476614952087, Train_Err = 4.048
root: Val_Loss = 1.179915428161621, Val_Err = 28.21
root: Epoch: [76 | 300]
root: Train_Loss = 0.15773344039916992, Train_Err = 4.5
root: Val_Loss = 1.0981972217559814, Val_Err = 25.88
root: Epoch: [77 | 300]
root: Train_Loss = 0.15662097930908203, Train_Err = 4.436
root: Val_Loss = 1.1317301988601685, Val_Err = 27.33
root: Epoch: [78 | 300]
root: Train_Loss = 0.15311257541179657, Train_Err = 4.352
root: Val_Loss = 1.0385628938674927, Val_Err = 25.15
root: Epoch: [79 | 300]
root: Train_Loss = 0.15428461134433746, Train_Err = 4.366
root: Val_Loss = 1.0884281396865845, Val_Err = 25.98
root: Epoch: [80 | 300]
root: Train_Loss = 0.1516777127981186, Train_Err = 4.338
root: Val_Loss = 1.0469962358474731, Val_Err = 26.02
root: Epoch: [81 | 300]
root: Train_Loss = 0.15123127400875092, Train_Err = 4.34
root: Val_Loss = 1.0819969177246094, Val_Err = 25.21
root: Epoch: [82 | 300]
root: Train_Loss = 0.15071558952331543, Train_Err = 4.216
root: Val_Loss = 1.095312476158142, Val_Err = 25.98
root: Epoch: [83 | 300]
root: Train_Loss = 0.1471569836139679, Train_Err = 4.098
root: Val_Loss = 1.0924512147903442, Val_Err = 26.07
root: Epoch: [84 | 300]
root: Train_Loss = 0.15062075853347778, Train_Err = 4.216
root: Val_Loss = 1.0639784336090088, Val_Err = 26.07
root: Epoch: [85 | 300]
root: Train_Loss = 0.147651806473732, Train_Err = 4.16
root: Val_Loss = 1.0619425773620605, Val_Err = 25.42
root: Epoch: [86 | 300]
root: Train_Loss = 0.14786894619464874, Train_Err = 4.134
root: Val_Loss = 1.0744359493255615, Val_Err = 26.33
root: Epoch: [87 | 300]
root: Train_Loss = 0.13605308532714844, Train_Err = 3.78
root: Val_Loss = 1.0138214826583862, Val_Err = 25.05
root: Epoch: [88 | 300]
root: Train_Loss = 0.14837542176246643, Train_Err = 4.23
root: Val_Loss = 1.1063529253005981, Val_Err = 26.65
root: Epoch: [89 | 300]
root: Train_Loss = 0.1391454041004181, Train_Err = 3.87
root: Val_Loss = 1.1409372091293335, Val_Err = 26.66
root: Epoch: [90 | 300]
root: Train_Loss = 0.1451134830713272, Train_Err = 4.062
root: Val_Loss = 1.0472872257232666, Val_Err = 25.09
root: Epoch: [91 | 300]
root: Train_Loss = 0.14019104838371277, Train_Err = 3.892
root: Val_Loss = 1.0882138013839722, Val_Err = 25.51
root: Epoch: [92 | 300]
root: Train_Loss = 0.13476979732513428, Train_Err = 3.758
root: Val_Loss = 1.0402593612670898, Val_Err = 25.71
root: Epoch: [93 | 300]
root: Train_Loss = 0.1377919614315033, Train_Err = 3.82
root: Val_Loss = 1.095706820487976, Val_Err = 26.35
root: Epoch: [94 | 300]
root: Train_Loss = 0.14283449947834015, Train_Err = 3.988
root: Val_Loss = 1.0634915828704834, Val_Err = 25.98
root: Epoch: [95 | 300]
root: Train_Loss = 0.1370856910943985, Train_Err = 3.774
root: Val_Loss = 1.0364989042282104, Val_Err = 25.19
root: Epoch: [96 | 300]
root: Train_Loss = 0.13547392189502716, Train_Err = 3.814
root: Val_Loss = 1.0999964475631714, Val_Err = 26.32
root: Epoch: [97 | 300]
root: Train_Loss = 0.14287534356117249, Train_Err = 3.97
root: Val_Loss = 1.0627646446228027, Val_Err = 25.74
root: Epoch: [98 | 300]
root: Train_Loss = 0.1406136453151703, Train_Err = 3.89
root: Val_Loss = 1.038747787475586, Val_Err = 25.67
root: Epoch: [99 | 300]
root: Train_Loss = 0.13320942223072052, Train_Err = 3.702
root: Val_Loss = 1.029151201248169, Val_Err = 24.65
root: Epoch: [100 | 300]
root: Train_Loss = 0.13895659148693085, Train_Err = 3.878
root: Val_Loss = 1.0848076343536377, Val_Err = 26.07
root: Epoch: [101 | 300]
root: Train_Loss = 0.1302732527256012, Train_Err = 3.508
root: Val_Loss = 1.0263935327529907, Val_Err = 24.74
root: Epoch: [102 | 300]
root: Train_Loss = 0.129906564950943, Train_Err = 3.632
root: Val_Loss = 1.038684606552124, Val_Err = 25.47
root: Epoch: [103 | 300]
root: Train_Loss = 0.13290303945541382, Train_Err = 3.61
root: Val_Loss = 1.0374319553375244, Val_Err = 24.37
root: Epoch: [104 | 300]
root: Train_Loss = 0.12586942315101624, Train_Err = 3.428
root: Val_Loss = 1.0850985050201416, Val_Err = 26.05
root: Epoch: [105 | 300]
root: Train_Loss = 0.13107918202877045, Train_Err = 3.498
root: Val_Loss = 1.0923380851745605, Val_Err = 26.49
root: Epoch: [106 | 300]
root: Train_Loss = 0.12875746190547943, Train_Err = 3.486
root: Val_Loss = 1.0156186819076538, Val_Err = 24.81
root: Epoch: [107 | 300]
root: Train_Loss = 0.13146403431892395, Train_Err = 3.61
root: Val_Loss = 1.067992925643921, Val_Err = 25.86
root: Epoch: [108 | 300]
root: Train_Loss = 0.12998801469802856, Train_Err = 3.552
root: Val_Loss = 0.998245120048523, Val_Err = 24.25
root: Epoch: [109 | 300]
root: Train_Loss = 0.1298404484987259, Train_Err = 3.656
root: Val_Loss = 1.03001868724823, Val_Err = 24.77
root: Epoch: [110 | 300]
root: Train_Loss = 0.12737570703029633, Train_Err = 3.602
root: Val_Loss = 1.0464327335357666, Val_Err = 25.35
root: Epoch: [111 | 300]
root: Train_Loss = 0.1269719898700714, Train_Err = 3.474
root: Val_Loss = 1.0551609992980957, Val_Err = 25.18
root: Epoch: [112 | 300]
root: Train_Loss = 0.12418412417173386, Train_Err = 3.318
root: Val_Loss = 1.0477800369262695, Val_Err = 25.55
root: Epoch: [113 | 300]
root: Train_Loss = 0.11526387184858322, Train_Err = 3.072
root: Val_Loss = 1.0336793661117554, Val_Err = 25.77
root: Epoch: [114 | 300]
root: Train_Loss = 0.12570682168006897, Train_Err = 3.368
root: Val_Loss = 1.031855821609497, Val_Err = 25.03
root: Epoch: [115 | 300]
root: Train_Loss = 0.13305187225341797, Train_Err = 3.696
root: Val_Loss = 0.9924910068511963, Val_Err = 24.45
root: Epoch: [116 | 300]
root: Train_Loss = 0.12578026950359344, Train_Err = 3.396
root: Val_Loss = 1.0289766788482666, Val_Err = 24.94
root: Epoch: [117 | 300]
root: Train_Loss = 0.12801294028759003, Train_Err = 3.502
root: Val_Loss = 1.1090561151504517, Val_Err = 26.14
root: Epoch: [118 | 300]
root: Train_Loss = 0.12645778059959412, Train_Err = 3.4
root: Val_Loss = 1.054148554801941, Val_Err = 25.26
root: Epoch: [119 | 300]
root: Train_Loss = 0.11982258409261703, Train_Err = 3.222
root: Val_Loss = 1.1092772483825684, Val_Err = 26.48
root: Epoch: [120 | 300]
root: Train_Loss = 0.11685656011104584, Train_Err = 3.104
root: Val_Loss = 1.1079041957855225, Val_Err = 25.75
root: Epoch: [121 | 300]
root: Train_Loss = 0.1221669465303421, Train_Err = 3.35
root: Val_Loss = 1.015720009803772, Val_Err = 24.49
root: Epoch: [122 | 300]
root: Train_Loss = 0.12295708805322647, Train_Err = 3.35
root: Val_Loss = 1.0672554969787598, Val_Err = 26.0
root: Epoch: [123 | 300]
root: Train_Loss = 0.1245739683508873, Train_Err = 3.416
root: Val_Loss = 1.1056503057479858, Val_Err = 26.29
root: Epoch: [124 | 300]
root: Train_Loss = 0.12950780987739563, Train_Err = 3.55
root: Val_Loss = 1.1358249187469482, Val_Err = 26.75
root: Epoch: [125 | 300]
root: Train_Loss = 0.11942864954471588, Train_Err = 3.226
root: Val_Loss = 1.0154670476913452, Val_Err = 24.69
root: Epoch: [126 | 300]
root: Train_Loss = 0.11791833490133286, Train_Err = 3.194
root: Val_Loss = 1.11795973777771, Val_Err = 27.06
root: Epoch: [127 | 300]
root: Train_Loss = 0.11471359431743622, Train_Err = 3.066
root: Val_Loss = 1.041676640510559, Val_Err = 24.47
root: Epoch: [128 | 300]
root: Train_Loss = 0.11958303302526474, Train_Err = 3.192
root: Val_Loss = 1.0857198238372803, Val_Err = 24.97
root: Epoch: [129 | 300]
root: Train_Loss = 0.12226151674985886, Train_Err = 3.276
root: Val_Loss = 1.0549336671829224, Val_Err = 24.58
root: Epoch: [130 | 300]
root: Train_Loss = 0.11984833329916, Train_Err = 3.24
root: Val_Loss = 1.1560101509094238, Val_Err = 27.22
root: Epoch: [131 | 300]
root: Train_Loss = 0.12206500768661499, Train_Err = 3.322
root: Val_Loss = 1.0173476934432983, Val_Err = 24.53
root: Epoch: [132 | 300]
root: Train_Loss = 0.11301006376743317, Train_Err = 2.928
root: Val_Loss = 1.0046007633209229, Val_Err = 24.3
root: Epoch: [133 | 300]
root: Train_Loss = 0.11785143613815308, Train_Err = 3.156
root: Val_Loss = 1.0636801719665527, Val_Err = 25.14
root: Epoch: [134 | 300]
root: Train_Loss = 0.1171070784330368, Train_Err = 3.112
root: Val_Loss = 1.0393918752670288, Val_Err = 25.22
root: Epoch: [135 | 300]
root: Train_Loss = 0.11144646257162094, Train_Err = 3.002
root: Val_Loss = 1.041082739830017, Val_Err = 24.72
root: Epoch: [136 | 300]
root: Train_Loss = 0.11755742132663727, Train_Err = 3.2
root: Val_Loss = 1.0664170980453491, Val_Err = 25.17
root: Epoch: [137 | 300]
root: Train_Loss = 0.11565417051315308, Train_Err = 3.098
root: Val_Loss = 1.0817583799362183, Val_Err = 25.19
root: Epoch: [138 | 300]
root: Train_Loss = 0.11342350393533707, Train_Err = 3.01
root: Val_Loss = 1.0575997829437256, Val_Err = 25.38
root: Epoch: [139 | 300]
root: Train_Loss = 0.1199643462896347, Train_Err = 3.234
root: Val_Loss = 0.9821669459342957, Val_Err = 23.82
root: Epoch: [140 | 300]
root: Train_Loss = 0.11329211294651031, Train_Err = 3.078
root: Val_Loss = 0.9860907196998596, Val_Err = 23.98
root: Epoch: [141 | 300]
root: Train_Loss = 0.11443397402763367, Train_Err = 3.03
root: Val_Loss = 1.0707740783691406, Val_Err = 25.36
root: Epoch: [142 | 300]
root: Train_Loss = 0.1179342269897461, Train_Err = 3.156
root: Val_Loss = 0.9985154867172241, Val_Err = 24.08
root: Epoch: [143 | 300]
root: Train_Loss = 0.11337683349847794, Train_Err = 3.048
root: Val_Loss = 0.9956436157226562, Val_Err = 24.38
root: Epoch: [144 | 300]
root: Train_Loss = 0.11500721424818039, Train_Err = 3.196
root: Val_Loss = 1.0940207242965698, Val_Err = 25.43
root: Epoch: [145 | 300]
root: Train_Loss = 0.11337563395500183, Train_Err = 2.99
root: Val_Loss = 1.0425560474395752, Val_Err = 25.33
root: Epoch: [146 | 300]
root: Train_Loss = 0.11278995871543884, Train_Err = 3.014
root: Val_Loss = 1.0448696613311768, Val_Err = 24.3
root: Epoch: [147 | 300]
root: Train_Loss = 0.1041731983423233, Train_Err = 2.704
root: Val_Loss = 1.0366239547729492, Val_Err = 24.99
root: Epoch: [148 | 300]
root: Train_Loss = 0.10442506521940231, Train_Err = 2.794
root: Val_Loss = 1.0168143510818481, Val_Err = 24.19
root: Epoch: [149 | 300]
root: Train_Loss = 0.10826203972101212, Train_Err = 2.878
root: Val_Loss = 1.0596210956573486, Val_Err = 25.11
root: Epoch: [150 | 300]
root: Train_Loss = 0.03714993968605995, Train_Err = 0.634
root: Val_Loss = 0.7643541097640991, Val_Err = 18.97
root: Epoch: [151 | 300]
root: Train_Loss = 0.016224749386310577, Train_Err = 0.172
root: Val_Loss = 0.7474980354309082, Val_Err = 18.49
root: Epoch: [152 | 300]
root: Train_Loss = 0.011638271622359753, Train_Err = 0.112
root: Val_Loss = 0.7405589818954468, Val_Err = 18.4
root: Epoch: [153 | 300]
root: Train_Loss = 0.010248061269521713, Train_Err = 0.108
root: Val_Loss = 0.7338425517082214, Val_Err = 18.28
root: Epoch: [154 | 300]
root: Train_Loss = 0.008885235525667667, Train_Err = 0.092
root: Val_Loss = 0.7265384793281555, Val_Err = 17.88
root: Epoch: [155 | 300]
root: Train_Loss = 0.007585960440337658, Train_Err = 0.06
root: Val_Loss = 0.7339920401573181, Val_Err = 17.97
root: Epoch: [156 | 300]
root: Train_Loss = 0.007235518656671047, Train_Err = 0.058
root: Val_Loss = 0.7204942107200623, Val_Err = 17.68
root: Epoch: [157 | 300]
root: Train_Loss = 0.006827039644122124, Train_Err = 0.066
root: Val_Loss = 0.7279030680656433, Val_Err = 18.01
root: Epoch: [158 | 300]
root: Train_Loss = 0.006306744646281004, Train_Err = 0.07
root: Val_Loss = 0.7193354368209839, Val_Err = 17.69
root: Epoch: [159 | 300]
root: Train_Loss = 0.006299454253166914, Train_Err = 0.068
root: Val_Loss = 0.7151511311531067, Val_Err = 17.87
root: Epoch: [160 | 300]
root: Train_Loss = 0.005757659673690796, Train_Err = 0.05
root: Val_Loss = 0.7086971402168274, Val_Err = 17.57
root: Epoch: [161 | 300]
root: Train_Loss = 0.006344182416796684, Train_Err = 0.07
root: Val_Loss = 0.7100075483322144, Val_Err = 17.45
root: Epoch: [162 | 300]
root: Train_Loss = 0.005772941745817661, Train_Err = 0.068
root: Val_Loss = 0.7060369253158569, Val_Err = 17.54
root: Epoch: [163 | 300]
root: Train_Loss = 0.005262546706944704, Train_Err = 0.054
root: Val_Loss = 0.7102833986282349, Val_Err = 17.62
root: Epoch: [164 | 300]
root: Train_Loss = 0.005266338586807251, Train_Err = 0.058
root: Val_Loss = 0.7077346444129944, Val_Err = 17.65
root: Epoch: [165 | 300]
root: Train_Loss = 0.005304628051817417, Train_Err = 0.06
root: Val_Loss = 0.7022619247436523, Val_Err = 17.42
root: Epoch: [166 | 300]
root: Train_Loss = 0.004811768885701895, Train_Err = 0.04
root: Val_Loss = 0.7024698257446289, Val_Err = 17.46
root: Epoch: [167 | 300]
root: Train_Loss = 0.0049292524345219135, Train_Err = 0.052
root: Val_Loss = 0.7006941437721252, Val_Err = 17.42
root: Epoch: [168 | 300]
root: Train_Loss = 0.004843457601964474, Train_Err = 0.054
root: Val_Loss = 0.70145583152771, Val_Err = 17.38
root: Epoch: [169 | 300]
root: Train_Loss = 0.004516784101724625, Train_Err = 0.048
root: Val_Loss = 0.7010927796363831, Val_Err = 17.44
root: Epoch: [170 | 300]
root: Train_Loss = 0.004465517122298479, Train_Err = 0.034
root: Val_Loss = 0.6977062821388245, Val_Err = 17.48
root: Epoch: [171 | 300]
root: Train_Loss = 0.004445675760507584, Train_Err = 0.038
root: Val_Loss = 0.6940608024597168, Val_Err = 17.53
root: Epoch: [172 | 300]
root: Train_Loss = 0.004771578591316938, Train_Err = 0.06
root: Val_Loss = 0.6927269697189331, Val_Err = 17.51
root: Epoch: [173 | 300]
root: Train_Loss = 0.00436909357085824, Train_Err = 0.038
root: Val_Loss = 0.6864953637123108, Val_Err = 17.0
root: Epoch: [174 | 300]
root: Train_Loss = 0.004661778919398785, Train_Err = 0.052
root: Val_Loss = 0.6901874542236328, Val_Err = 17.39
root: Epoch: [175 | 300]
root: Train_Loss = 0.004392792470753193, Train_Err = 0.046
root: Val_Loss = 0.6870494484901428, Val_Err = 17.23
root: Epoch: [176 | 300]
root: Train_Loss = 0.004336771555244923, Train_Err = 0.044
root: Val_Loss = 0.6858057379722595, Val_Err = 17.23
root: Epoch: [177 | 300]
root: Train_Loss = 0.004347094334661961, Train_Err = 0.05
root: Val_Loss = 0.6860905885696411, Val_Err = 17.17
root: Epoch: [178 | 300]
root: Train_Loss = 0.0043014041148126125, Train_Err = 0.044
root: Val_Loss = 0.6785370707511902, Val_Err = 17.29
root: Epoch: [179 | 300]
root: Train_Loss = 0.004063999745994806, Train_Err = 0.036
root: Val_Loss = 0.6827884316444397, Val_Err = 17.27
root: Epoch: [180 | 300]
root: Train_Loss = 0.004010855685919523, Train_Err = 0.026
root: Val_Loss = 0.6847557425498962, Val_Err = 17.14
root: Epoch: [181 | 300]
root: Train_Loss = 0.004356795456260443, Train_Err = 0.042
root: Val_Loss = 0.6764972805976868, Val_Err = 17.18
root: Epoch: [182 | 300]
root: Train_Loss = 0.00423648115247488, Train_Err = 0.046
root: Val_Loss = 0.6820219159126282, Val_Err = 17.2
root: Epoch: [183 | 300]
root: Train_Loss = 0.0041498118080198765, Train_Err = 0.038
root: Val_Loss = 0.6812565922737122, Val_Err = 17.2
root: Epoch: [184 | 300]
root: Train_Loss = 0.004031888209283352, Train_Err = 0.028
root: Val_Loss = 0.6790188550949097, Val_Err = 17.25
root: Epoch: [185 | 300]
root: Train_Loss = 0.004030610900372267, Train_Err = 0.03
root: Val_Loss = 0.6768199801445007, Val_Err = 17.28
root: Epoch: [186 | 300]
root: Train_Loss = 0.004040640313178301, Train_Err = 0.052
root: Val_Loss = 0.6812814474105835, Val_Err = 17.24
root: Epoch: [187 | 300]
root: Train_Loss = 0.004108440596610308, Train_Err = 0.034
root: Val_Loss = 0.6725063920021057, Val_Err = 17.2
root: Epoch: [188 | 300]
root: Train_Loss = 0.003867677878588438, Train_Err = 0.038
root: Val_Loss = 0.6703261733055115, Val_Err = 17.23
root: Epoch: [189 | 300]
root: Train_Loss = 0.0039315600879490376, Train_Err = 0.032
root: Val_Loss = 0.6716758608818054, Val_Err = 16.95
root: Epoch: [190 | 300]
root: Train_Loss = 0.004056470934301615, Train_Err = 0.038
root: Val_Loss = 0.6741815209388733, Val_Err = 17.26
root: Epoch: [191 | 300]
root: Train_Loss = 0.004061414860188961, Train_Err = 0.04
root: Val_Loss = 0.6711171269416809, Val_Err = 17.03
root: Epoch: [192 | 300]
root: Train_Loss = 0.003936045803129673, Train_Err = 0.036
root: Val_Loss = 0.6742677092552185, Val_Err = 17.06
root: Epoch: [193 | 300]
root: Train_Loss = 0.0037743679713457823, Train_Err = 0.03
root: Val_Loss = 0.6619927287101746, Val_Err = 16.75
root: Epoch: [194 | 300]
root: Train_Loss = 0.0038248016498982906, Train_Err = 0.042
root: Val_Loss = 0.6660054922103882, Val_Err = 17.04
root: Epoch: [195 | 300]
root: Train_Loss = 0.003844429273158312, Train_Err = 0.032
root: Val_Loss = 0.6653830409049988, Val_Err = 17.07
root: Epoch: [196 | 300]
root: Train_Loss = 0.004140242002904415, Train_Err = 0.05
root: Val_Loss = 0.6691572666168213, Val_Err = 17.22
root: Epoch: [197 | 300]
root: Train_Loss = 0.004000934772193432, Train_Err = 0.038
root: Val_Loss = 0.6654471755027771, Val_Err = 17.24
root: Epoch: [198 | 300]
root: Train_Loss = 0.00389173929579556, Train_Err = 0.042
root: Val_Loss = 0.6631622910499573, Val_Err = 16.98
root: Epoch: [199 | 300]
root: Train_Loss = 0.003869422245770693, Train_Err = 0.03
root: Val_Loss = 0.6591944098472595, Val_Err = 17.03
root: Epoch: [200 | 300]
root: Train_Loss = 0.003936830908060074, Train_Err = 0.034
root: Val_Loss = 0.6617437601089478, Val_Err = 16.91
root: Epoch: [201 | 300]
root: Train_Loss = 0.003633074462413788, Train_Err = 0.024
root: Val_Loss = 0.6583089232444763, Val_Err = 16.97
root: Epoch: [202 | 300]
root: Train_Loss = 0.003853986971080303, Train_Err = 0.044
root: Val_Loss = 0.6605952382087708, Val_Err = 16.64
root: Epoch: [203 | 300]
root: Train_Loss = 0.003932798281311989, Train_Err = 0.034
root: Val_Loss = 0.658734917640686, Val_Err = 16.84
root: Epoch: [204 | 300]
root: Train_Loss = 0.0037302717100828886, Train_Err = 0.03
root: Val_Loss = 0.656762957572937, Val_Err = 16.74
root: Epoch: [205 | 300]
root: Train_Loss = 0.003791575552895665, Train_Err = 0.038
root: Val_Loss = 0.6603373289108276, Val_Err = 16.76
root: Epoch: [206 | 300]
root: Train_Loss = 0.0037024214398115873, Train_Err = 0.03
root: Val_Loss = 0.6576875448226929, Val_Err = 17.0
root: Epoch: [207 | 300]
root: Train_Loss = 0.0037262055557221174, Train_Err = 0.038
root: Val_Loss = 0.6607614159584045, Val_Err = 17.04
root: Epoch: [208 | 300]
root: Train_Loss = 0.003842199221253395, Train_Err = 0.036
root: Val_Loss = 0.6552185416221619, Val_Err = 16.98
root: Epoch: [209 | 300]
root: Train_Loss = 0.0038856682367622852, Train_Err = 0.032
root: Val_Loss = 0.6531825661659241, Val_Err = 16.97
root: Epoch: [210 | 300]
root: Train_Loss = 0.003928699996322393, Train_Err = 0.042
root: Val_Loss = 0.6508374214172363, Val_Err = 16.79
root: Epoch: [211 | 300]
root: Train_Loss = 0.0037873098626732826, Train_Err = 0.034
root: Val_Loss = 0.6511584520339966, Val_Err = 16.76
root: Epoch: [212 | 300]
root: Train_Loss = 0.0039126514457166195, Train_Err = 0.036
root: Val_Loss = 0.6522755026817322, Val_Err = 17.15
root: Epoch: [213 | 300]
root: Train_Loss = 0.003627261845394969, Train_Err = 0.036
root: Val_Loss = 0.6562519669532776, Val_Err = 16.95
root: Epoch: [214 | 300]
root: Train_Loss = 0.0036723969969898462, Train_Err = 0.026
root: Val_Loss = 0.6527494192123413, Val_Err = 16.91
root: Epoch: [215 | 300]
root: Train_Loss = 0.003742071334272623, Train_Err = 0.022
root: Val_Loss = 0.6476230621337891, Val_Err = 16.74
root: Epoch: [216 | 300]
root: Train_Loss = 0.0037962847854942083, Train_Err = 0.03
root: Val_Loss = 0.6518601179122925, Val_Err = 16.73
root: Epoch: [217 | 300]
root: Train_Loss = 0.0038449726998806, Train_Err = 0.03
root: Val_Loss = 0.6505537033081055, Val_Err = 16.6
root: Epoch: [218 | 300]
root: Train_Loss = 0.0037106487434357405, Train_Err = 0.036
root: Val_Loss = 0.6465817093849182, Val_Err = 16.73
root: Epoch: [219 | 300]
root: Train_Loss = 0.0037981627974659204, Train_Err = 0.024
root: Val_Loss = 0.651858925819397, Val_Err = 16.86
root: Epoch: [220 | 300]
root: Train_Loss = 0.00386578356847167, Train_Err = 0.036
root: Val_Loss = 0.6514200568199158, Val_Err = 16.78
root: Epoch: [221 | 300]
root: Train_Loss = 0.0038932349998503923, Train_Err = 0.044
root: Val_Loss = 0.6486715078353882, Val_Err = 16.7
root: Epoch: [222 | 300]
root: Train_Loss = 0.00378153077326715, Train_Err = 0.04
root: Val_Loss = 0.6477224826812744, Val_Err = 16.76
root: Epoch: [223 | 300]
root: Train_Loss = 0.0034985244274139404, Train_Err = 0.024
root: Val_Loss = 0.6422989368438721, Val_Err = 16.7
root: Epoch: [224 | 300]
root: Train_Loss = 0.0035801578778773546, Train_Err = 0.026
root: Val_Loss = 0.6416727304458618, Val_Err = 16.74
root: Epoch: [225 | 300]
root: Train_Loss = 0.0036162682808935642, Train_Err = 0.032
root: Val_Loss = 0.6380872130393982, Val_Err = 16.7
root: Epoch: [226 | 300]
root: Train_Loss = 0.0035448058042675257, Train_Err = 0.032
root: Val_Loss = 0.6390224695205688, Val_Err = 16.48
root: Epoch: [227 | 300]
root: Train_Loss = 0.003395212348550558, Train_Err = 0.022
root: Val_Loss = 0.6367688775062561, Val_Err = 16.57
root: Epoch: [228 | 300]
root: Train_Loss = 0.003349846927449107, Train_Err = 0.024
root: Val_Loss = 0.6422986388206482, Val_Err = 16.45
root: Epoch: [229 | 300]
root: Train_Loss = 0.003382493741810322, Train_Err = 0.024
root: Val_Loss = 0.638008177280426, Val_Err = 16.44
root: Epoch: [230 | 300]
root: Train_Loss = 0.003266816260293126, Train_Err = 0.016
root: Val_Loss = 0.6369665265083313, Val_Err = 16.45
root: Epoch: [231 | 300]
root: Train_Loss = 0.003158873412758112, Train_Err = 0.032
root: Val_Loss = 0.642038106918335, Val_Err = 16.49
root: Epoch: [232 | 300]
root: Train_Loss = 0.0031991167925298214, Train_Err = 0.018
root: Val_Loss = 0.6392262578010559, Val_Err = 16.4
root: Epoch: [233 | 300]
root: Train_Loss = 0.003047844162210822, Train_Err = 0.02
root: Val_Loss = 0.6383031606674194, Val_Err = 16.43
root: Epoch: [234 | 300]
root: Train_Loss = 0.0031474074348807335, Train_Err = 0.028
root: Val_Loss = 0.6383169889450073, Val_Err = 16.4
root: Epoch: [235 | 300]
root: Train_Loss = 0.003124245908111334, Train_Err = 0.024
root: Val_Loss = 0.6363762021064758, Val_Err = 16.53
root: Epoch: [236 | 300]
root: Train_Loss = 0.0031812447123229504, Train_Err = 0.024
root: Val_Loss = 0.6394767761230469, Val_Err = 16.46
root: Epoch: [237 | 300]
root: Train_Loss = 0.0031233488116413355, Train_Err = 0.02
root: Val_Loss = 0.638056218624115, Val_Err = 16.42
root: Epoch: [238 | 300]
root: Train_Loss = 0.003176694270223379, Train_Err = 0.03
root: Val_Loss = 0.638709545135498, Val_Err = 16.44
root: Epoch: [239 | 300]
root: Train_Loss = 0.0030768229626119137, Train_Err = 0.018
root: Val_Loss = 0.6386213898658752, Val_Err = 16.53
root: Epoch: [240 | 300]
root: Train_Loss = 0.0029846234247088432, Train_Err = 0.016
root: Val_Loss = 0.6371842622756958, Val_Err = 16.54
root: Epoch: [241 | 300]
root: Train_Loss = 0.003203049534931779, Train_Err = 0.022
root: Val_Loss = 0.6366601586341858, Val_Err = 16.47
root: Epoch: [242 | 300]
root: Train_Loss = 0.003156424267217517, Train_Err = 0.018
root: Val_Loss = 0.6339800357818604, Val_Err = 16.45
root: Epoch: [243 | 300]
root: Train_Loss = 0.0030383411794900894, Train_Err = 0.016
root: Val_Loss = 0.6355186104774475, Val_Err = 16.52
root: Epoch: [244 | 300]
root: Train_Loss = 0.0030224532820284367, Train_Err = 0.024
root: Val_Loss = 0.6395183205604553, Val_Err = 16.6
root: Epoch: [245 | 300]
root: Train_Loss = 0.003323780372738838, Train_Err = 0.032
root: Val_Loss = 0.6356266736984253, Val_Err = 16.44
root: Epoch: [246 | 300]
root: Train_Loss = 0.0030112643726170063, Train_Err = 0.022
root: Val_Loss = 0.6394583582878113, Val_Err = 16.52
root: Epoch: [247 | 300]
root: Train_Loss = 0.0029575086664408445, Train_Err = 0.026
root: Val_Loss = 0.6382668614387512, Val_Err = 16.53
root: Epoch: [248 | 300]
root: Train_Loss = 0.002935442142188549, Train_Err = 0.02
root: Val_Loss = 0.6351770758628845, Val_Err = 16.51
root: Epoch: [249 | 300]
root: Train_Loss = 0.0029997851233929396, Train_Err = 0.018
root: Val_Loss = 0.6332807540893555, Val_Err = 16.29
root: Epoch: [250 | 300]
root: Train_Loss = 0.0029327375814318657, Train_Err = 0.02
root: Val_Loss = 0.6341258883476257, Val_Err = 16.33
root: Epoch: [251 | 300]
root: Train_Loss = 0.0031143329106271267, Train_Err = 0.03
root: Val_Loss = 0.6335754990577698, Val_Err = 16.54
root: Epoch: [252 | 300]
root: Train_Loss = 0.0030614526476711035, Train_Err = 0.024
root: Val_Loss = 0.6368923783302307, Val_Err = 16.44
root: Epoch: [253 | 300]
root: Train_Loss = 0.0031008070800453424, Train_Err = 0.032
root: Val_Loss = 0.6358705759048462, Val_Err = 16.32
root: Epoch: [254 | 300]
root: Train_Loss = 0.003006954211741686, Train_Err = 0.034
root: Val_Loss = 0.6353233456611633, Val_Err = 16.5
root: Epoch: [255 | 300]
root: Train_Loss = 0.0031261721160262823, Train_Err = 0.028
root: Val_Loss = 0.6369951367378235, Val_Err = 16.44
root: Epoch: [256 | 300]
root: Train_Loss = 0.0028452249243855476, Train_Err = 0.016
root: Val_Loss = 0.638091504573822, Val_Err = 16.46
root: Epoch: [257 | 300]
root: Train_Loss = 0.003049466758966446, Train_Err = 0.026
root: Val_Loss = 0.6341816186904907, Val_Err = 16.3
root: Epoch: [258 | 300]
root: Train_Loss = 0.0028534685261547565, Train_Err = 0.016
root: Val_Loss = 0.6350460648536682, Val_Err = 16.6
root: Epoch: [259 | 300]
root: Train_Loss = 0.002966399770230055, Train_Err = 0.026
root: Val_Loss = 0.6341294050216675, Val_Err = 16.48
root: Epoch: [260 | 300]
root: Train_Loss = 0.0030139628797769547, Train_Err = 0.028
root: Val_Loss = 0.636297881603241, Val_Err = 16.3
root: Epoch: [261 | 300]
root: Train_Loss = 0.0031652108300477266, Train_Err = 0.032
root: Val_Loss = 0.6324364542961121, Val_Err = 16.35
root: Epoch: [262 | 300]
root: Train_Loss = 0.002921155421063304, Train_Err = 0.028
root: Val_Loss = 0.6335815191268921, Val_Err = 16.37
root: Epoch: [263 | 300]
root: Train_Loss = 0.0030514386016875505, Train_Err = 0.024
root: Val_Loss = 0.632581353187561, Val_Err = 16.4
root: Epoch: [264 | 300]
root: Train_Loss = 0.0029569650068879128, Train_Err = 0.024
root: Val_Loss = 0.6340749859809875, Val_Err = 16.4
root: Epoch: [265 | 300]
root: Train_Loss = 0.00298951449804008, Train_Err = 0.024
root: Val_Loss = 0.6352255940437317, Val_Err = 16.42
root: Epoch: [266 | 300]
root: Train_Loss = 0.0029069017618894577, Train_Err = 0.026
root: Val_Loss = 0.6338292360305786, Val_Err = 16.43
root: Epoch: [267 | 300]
root: Train_Loss = 0.002919879974797368, Train_Err = 0.014
root: Val_Loss = 0.6355883479118347, Val_Err = 16.59
root: Epoch: [268 | 300]
root: Train_Loss = 0.002995712449774146, Train_Err = 0.032
root: Val_Loss = 0.6339085102081299, Val_Err = 16.38
root: Epoch: [269 | 300]
root: Train_Loss = 0.002890330972149968, Train_Err = 0.018
root: Val_Loss = 0.6335265636444092, Val_Err = 16.44
root: Epoch: [270 | 300]
root: Train_Loss = 0.0030813461635261774, Train_Err = 0.03
root: Val_Loss = 0.6355677247047424, Val_Err = 16.42
root: Epoch: [271 | 300]
root: Train_Loss = 0.0029564830474555492, Train_Err = 0.03
root: Val_Loss = 0.6358497142791748, Val_Err = 16.39
root: Epoch: [272 | 300]
root: Train_Loss = 0.003061687806621194, Train_Err = 0.02
root: Val_Loss = 0.6365211009979248, Val_Err = 16.47
root: Epoch: [273 | 300]
root: Train_Loss = 0.0031028895173221827, Train_Err = 0.022
root: Val_Loss = 0.6347203254699707, Val_Err = 16.26
root: Epoch: [274 | 300]
root: Train_Loss = 0.0028858031146228313, Train_Err = 0.028
root: Val_Loss = 0.6383553743362427, Val_Err = 16.48
root: Epoch: [275 | 300]
root: Train_Loss = 0.0030886828899383545, Train_Err = 0.03
root: Val_Loss = 0.636336088180542, Val_Err = 16.45
root: Epoch: [276 | 300]
root: Train_Loss = 0.0029343324713408947, Train_Err = 0.022
root: Val_Loss = 0.6329729557037354, Val_Err = 16.29
root: Epoch: [277 | 300]
root: Train_Loss = 0.00281969434581697, Train_Err = 0.026
root: Val_Loss = 0.6351730823516846, Val_Err = 16.4
root: Epoch: [278 | 300]
root: Train_Loss = 0.003094207961112261, Train_Err = 0.022
root: Val_Loss = 0.6339080929756165, Val_Err = 16.39
root: Epoch: [279 | 300]
root: Train_Loss = 0.002976636867970228, Train_Err = 0.026
root: Val_Loss = 0.6344154477119446, Val_Err = 16.32
root: Epoch: [280 | 300]
root: Train_Loss = 0.0027988192159682512, Train_Err = 0.024
root: Val_Loss = 0.6344943642616272, Val_Err = 16.38
root: Epoch: [281 | 300]
root: Train_Loss = 0.0029520306270569563, Train_Err = 0.024
root: Val_Loss = 0.6350682973861694, Val_Err = 16.38
root: Epoch: [282 | 300]
root: Train_Loss = 0.0029469416476786137, Train_Err = 0.02
root: Val_Loss = 0.6333006024360657, Val_Err = 16.5
root: Epoch: [283 | 300]
root: Train_Loss = 0.0029567950405180454, Train_Err = 0.03
root: Val_Loss = 0.6355907320976257, Val_Err = 16.58
root: Epoch: [284 | 300]
root: Train_Loss = 0.002973726950585842, Train_Err = 0.026
root: Val_Loss = 0.633192777633667, Val_Err = 16.23
root: Epoch: [285 | 300]
root: Train_Loss = 0.002801150782033801, Train_Err = 0.016
root: Val_Loss = 0.6337341070175171, Val_Err = 16.29
root: Epoch: [286 | 300]
root: Train_Loss = 0.0028826140332967043, Train_Err = 0.022
root: Val_Loss = 0.6357260942459106, Val_Err = 16.45
root: Epoch: [287 | 300]
root: Train_Loss = 0.00295305741019547, Train_Err = 0.028
root: Val_Loss = 0.6353515982627869, Val_Err = 16.22
root: Epoch: [288 | 300]
root: Train_Loss = 0.002914402401074767, Train_Err = 0.024
root: Val_Loss = 0.6325557231903076, Val_Err = 16.21
root: Epoch: [289 | 300]
root: Train_Loss = 0.002902442356571555, Train_Err = 0.018
root: Val_Loss = 0.6354833841323853, Val_Err = 16.32
root: Epoch: [290 | 300]
root: Train_Loss = 0.002881511813029647, Train_Err = 0.02
root: Val_Loss = 0.6326901912689209, Val_Err = 16.53
root: Epoch: [291 | 300]
root: Train_Loss = 0.003067073877900839, Train_Err = 0.026
root: Val_Loss = 0.6331230998039246, Val_Err = 16.32
root: Epoch: [292 | 300]
root: Train_Loss = 0.002777449321001768, Train_Err = 0.014
root: Val_Loss = 0.6358518600463867, Val_Err = 16.28
root: Epoch: [293 | 300]
root: Train_Loss = 0.002812031889334321, Train_Err = 0.016
root: Val_Loss = 0.6315364837646484, Val_Err = 16.28
root: Epoch: [294 | 300]
root: Train_Loss = 0.0029127218294888735, Train_Err = 0.026
root: Val_Loss = 0.635477602481842, Val_Err = 16.45
root: Epoch: [295 | 300]
root: Train_Loss = 0.0030025343876332045, Train_Err = 0.022
root: Val_Loss = 0.6353868246078491, Val_Err = 16.35
root: Epoch: [296 | 300]
root: Train_Loss = 0.0029560765251517296, Train_Err = 0.026
root: Val_Loss = 0.6355682015419006, Val_Err = 16.49
root: Epoch: [297 | 300]
root: Train_Loss = 0.002837173407897353, Train_Err = 0.024
root: Val_Loss = 0.6325786709785461, Val_Err = 16.34
root: Epoch: [298 | 300]
root: Train_Loss = 0.002989901462569833, Train_Err = 0.028
root: Val_Loss = 0.6350225806236267, Val_Err = 16.43
root: Epoch: [299 | 300]
root: Train_Loss = 0.0028526894748210907, Train_Err = 0.022
root: Val_Loss = 0.6332862973213196, Val_Err = 16.37
