Namespace(bs=128, cp_dir='./checkpoints/cifar100_new/resnet50/sgd/run_ms_2/run0', data_dir='./data/cifar100', dir='.', dtype='cifar100', ep=200, loadckp=False, lr=0.1, milestones=[100, 120], mo=0.9, ms=2, mtype='resnet50', n='cifar100_new/resnet50/sgd', num_classes=100, print_freq=100, use_cuda=True, wd=0.0005)
Epoch: [0 | 200]
Phase:train -- Batch_idx:100/391-- 739.19 samples/sec-- Loss:5.56 -- Error1:98.81
Phase:train -- Batch_idx:200/391-- 773.47 samples/sec-- Loss:5.07 -- Error1:98.45
Phase:train -- Batch_idx:300/391-- 785.38 samples/sec-- Loss:4.88 -- Error1:98.19
Train_Loss = 4.756762203674317, Train_Err = 97.798
Val_Loss = 4.2460051422119145, Val_Err = 95.72
Epoch: [1 | 200]
Phase:train -- Batch_idx:100/391-- 795.02 samples/sec-- Loss:4.17 -- Error1:95.03
Phase:train -- Batch_idx:200/391-- 801.41 samples/sec-- Loss:4.10 -- Error1:94.30
Phase:train -- Batch_idx:300/391-- 803.32 samples/sec-- Loss:4.05 -- Error1:93.60
Train_Loss = 4.009918577270508, Train_Err = 93.032
Val_Loss = 3.8254901050567627, Val_Err = 90.14
Epoch: [2 | 200]
Phase:train -- Batch_idx:100/391-- 793.14 samples/sec-- Loss:3.80 -- Error1:90.16
Phase:train -- Batch_idx:200/391-- 800.01 samples/sec-- Loss:3.77 -- Error1:89.64
Phase:train -- Batch_idx:300/391-- 802.32 samples/sec-- Loss:3.73 -- Error1:89.07
Train_Loss = 3.708923763885498, Train_Err = 88.56
Val_Loss = 3.5737227977752686, Val_Err = 86.0
Epoch: [3 | 200]
Phase:train -- Batch_idx:100/391-- 793.10 samples/sec-- Loss:3.52 -- Error1:85.35
Phase:train -- Batch_idx:200/391-- 799.82 samples/sec-- Loss:3.50 -- Error1:84.93
Phase:train -- Batch_idx:300/391-- 802.08 samples/sec-- Loss:3.47 -- Error1:84.12
Train_Loss = 3.4387658644104, Train_Err = 83.658
Val_Loss = 3.3418030178070066, Val_Err = 82.34
Epoch: [4 | 200]
Phase:train -- Batch_idx:100/391-- 792.91 samples/sec-- Loss:3.24 -- Error1:79.90
Phase:train -- Batch_idx:200/391-- 799.63 samples/sec-- Loss:3.21 -- Error1:79.38
Phase:train -- Batch_idx:300/391-- 801.94 samples/sec-- Loss:3.19 -- Error1:79.04
Train_Loss = 3.1581587397766113, Train_Err = 78.506
Val_Loss = 3.101762076187134, Val_Err = 77.07
Epoch: [5 | 200]
Phase:train -- Batch_idx:100/391-- 792.89 samples/sec-- Loss:2.94 -- Error1:74.57
Phase:train -- Batch_idx:200/391-- 799.61 samples/sec-- Loss:2.93 -- Error1:74.12
Phase:train -- Batch_idx:300/391-- 801.88 samples/sec-- Loss:2.91 -- Error1:73.62
Train_Loss = 2.878698114395142, Train_Err = 72.88
Val_Loss = 2.7985242156982424, Val_Err = 70.23
Epoch: [6 | 200]
Phase:train -- Batch_idx:100/391-- 792.86 samples/sec-- Loss:2.64 -- Error1:67.95
Phase:train -- Batch_idx:200/391-- 799.66 samples/sec-- Loss:2.63 -- Error1:67.87
Phase:train -- Batch_idx:300/391-- 801.97 samples/sec-- Loss:2.61 -- Error1:67.35
Train_Loss = 2.5870615797424317, Train_Err = 66.996
Val_Loss = 2.5481472370147706, Val_Err = 66.66
Epoch: [7 | 200]
Phase:train -- Batch_idx:100/391-- 793.32 samples/sec-- Loss:2.37 -- Error1:62.05
Phase:train -- Batch_idx:200/391-- 799.96 samples/sec-- Loss:2.37 -- Error1:62.30
Phase:train -- Batch_idx:300/391-- 802.25 samples/sec-- Loss:2.36 -- Error1:62.33
Train_Loss = 2.3558172869110106, Train_Err = 62.374
Val_Loss = 2.4115455173492433, Val_Err = 63.7
Epoch: [8 | 200]
Phase:train -- Batch_idx:100/391-- 792.98 samples/sec-- Loss:2.14 -- Error1:57.11
Phase:train -- Batch_idx:200/391-- 800.00 samples/sec-- Loss:2.17 -- Error1:57.85
Phase:train -- Batch_idx:300/391-- 802.27 samples/sec-- Loss:2.16 -- Error1:57.90
Train_Loss = 2.161181251678467, Train_Err = 57.746
Val_Loss = 2.378513829040527, Val_Err = 62.16
Epoch: [9 | 200]
Phase:train -- Batch_idx:100/391-- 793.16 samples/sec-- Loss:1.97 -- Error1:54.05
Phase:train -- Batch_idx:200/391-- 799.72 samples/sec-- Loss:2.01 -- Error1:54.75
Phase:train -- Batch_idx:300/391-- 801.98 samples/sec-- Loss:2.02 -- Error1:54.92
Train_Loss = 2.0178699447250366, Train_Err = 54.964
Val_Loss = 2.280557703781128, Val_Err = 60.27
Epoch: [10 | 200]
Phase:train -- Batch_idx:100/391-- 792.57 samples/sec-- Loss:1.85 -- Error1:51.52
Phase:train -- Batch_idx:200/391-- 799.46 samples/sec-- Loss:1.88 -- Error1:51.96
Phase:train -- Batch_idx:300/391-- 801.76 samples/sec-- Loss:1.88 -- Error1:51.97
Train_Loss = 1.8952735116577148, Train_Err = 52.244
Val_Loss = 2.3499724090576173, Val_Err = 60.77
Epoch: [11 | 200]
Phase:train -- Batch_idx:100/391-- 793.69 samples/sec-- Loss:1.72 -- Error1:48.14
Phase:train -- Batch_idx:200/391-- 800.05 samples/sec-- Loss:1.75 -- Error1:48.73
Phase:train -- Batch_idx:300/391-- 802.13 samples/sec-- Loss:1.77 -- Error1:49.18
Train_Loss = 1.7714455478668212, Train_Err = 49.324
Val_Loss = 2.3460448246002197, Val_Err = 60.39
Epoch: [12 | 200]
Phase:train -- Batch_idx:100/391-- 794.17 samples/sec-- Loss:1.57 -- Error1:44.12
Phase:train -- Batch_idx:200/391-- 800.40 samples/sec-- Loss:1.61 -- Error1:45.20
Phase:train -- Batch_idx:300/391-- 802.47 samples/sec-- Loss:1.64 -- Error1:46.01
Train_Loss = 1.6599173471832276, Train_Err = 46.364
Val_Loss = 2.033899091911316, Val_Err = 53.93
Epoch: [13 | 200]
Phase:train -- Batch_idx:100/391-- 792.89 samples/sec-- Loss:1.45 -- Error1:41.74
Phase:train -- Batch_idx:200/391-- 799.75 samples/sec-- Loss:1.52 -- Error1:43.30
Phase:train -- Batch_idx:300/391-- 802.08 samples/sec-- Loss:1.56 -- Error1:44.03
Train_Loss = 1.5719887527465821, Train_Err = 44.428
Val_Loss = 1.9508122930526732, Val_Err = 52.75
Epoch: [14 | 200]
Phase:train -- Batch_idx:100/391-- 793.67 samples/sec-- Loss:1.37 -- Error1:39.33
Phase:train -- Batch_idx:200/391-- 800.28 samples/sec-- Loss:1.43 -- Error1:40.88
Phase:train -- Batch_idx:300/391-- 802.52 samples/sec-- Loss:1.46 -- Error1:41.69
Train_Loss = 1.4786341025543213, Train_Err = 42.27
Val_Loss = 1.9976947231292725, Val_Err = 53.5
Epoch: [15 | 200]
Phase:train -- Batch_idx:100/391-- 795.14 samples/sec-- Loss:1.28 -- Error1:37.49
Phase:train -- Batch_idx:200/391-- 801.03 samples/sec-- Loss:1.34 -- Error1:38.80
Phase:train -- Batch_idx:300/391-- 802.95 samples/sec-- Loss:1.38 -- Error1:39.76
Train_Loss = 1.400996760597229, Train_Err = 40.362
Val_Loss = 2.059205281448364, Val_Err = 54.07
Epoch: [16 | 200]
Phase:train -- Batch_idx:100/391-- 794.84 samples/sec-- Loss:1.22 -- Error1:35.89
Phase:train -- Batch_idx:200/391-- 800.91 samples/sec-- Loss:1.27 -- Error1:37.05
Phase:train -- Batch_idx:300/391-- 802.88 samples/sec-- Loss:1.32 -- Error1:38.26
Train_Loss = 1.3407423681640624, Train_Err = 38.902
Val_Loss = 1.9948396366119385, Val_Err = 53.04
Epoch: [17 | 200]
Phase:train -- Batch_idx:100/391-- 795.65 samples/sec-- Loss:1.11 -- Error1:33.02
Phase:train -- Batch_idx:200/391-- 801.35 samples/sec-- Loss:1.20 -- Error1:34.92
Phase:train -- Batch_idx:300/391-- 803.23 samples/sec-- Loss:1.24 -- Error1:36.04
Train_Loss = 1.2660712795639038, Train_Err = 36.734
Val_Loss = 2.0987305320739744, Val_Err = 53.92
Epoch: [18 | 200]
Phase:train -- Batch_idx:100/391-- 794.21 samples/sec-- Loss:1.06 -- Error1:31.66
Phase:train -- Batch_idx:200/391-- 800.57 samples/sec-- Loss:1.14 -- Error1:33.49
Phase:train -- Batch_idx:300/391-- 802.74 samples/sec-- Loss:1.18 -- Error1:34.61
Train_Loss = 1.2119425636291503, Train_Err = 35.412
Val_Loss = 1.9803748733520508, Val_Err = 51.83
Epoch: [19 | 200]
Phase:train -- Batch_idx:100/391-- 792.91 samples/sec-- Loss:0.98 -- Error1:29.02
Phase:train -- Batch_idx:200/391-- 799.75 samples/sec-- Loss:1.06 -- Error1:31.52
Phase:train -- Batch_idx:300/391-- 802.08 samples/sec-- Loss:1.11 -- Error1:32.77
Train_Loss = 1.1510322710800172, Train_Err = 33.836
Val_Loss = 1.9466619804382324, Val_Err = 51.43
Epoch: [20 | 200]
Phase:train -- Batch_idx:100/391-- 793.40 samples/sec-- Loss:0.94 -- Error1:28.01
Phase:train -- Batch_idx:200/391-- 800.18 samples/sec-- Loss:1.04 -- Error1:30.83
Phase:train -- Batch_idx:300/391-- 802.45 samples/sec-- Loss:1.09 -- Error1:32.25
Train_Loss = 1.1163632828521728, Train_Err = 33.022
Val_Loss = 1.9563363458633423, Val_Err = 51.04
Epoch: [21 | 200]
Phase:train -- Batch_idx:100/391-- 793.16 samples/sec-- Loss:0.90 -- Error1:26.90
Phase:train -- Batch_idx:200/391-- 800.05 samples/sec-- Loss:0.99 -- Error1:29.44
Phase:train -- Batch_idx:300/391-- 802.38 samples/sec-- Loss:1.04 -- Error1:30.83
Train_Loss = 1.067574305305481, Train_Err = 31.688
Val_Loss = 2.060781759262085, Val_Err = 52.53
Epoch: [22 | 200]
Phase:train -- Batch_idx:100/391-- 794.76 samples/sec-- Loss:0.84 -- Error1:25.09
Phase:train -- Batch_idx:200/391-- 800.95 samples/sec-- Loss:0.93 -- Error1:27.68
Phase:train -- Batch_idx:300/391-- 803.00 samples/sec-- Loss:1.01 -- Error1:29.78
Train_Loss = 1.0421553274917603, Train_Err = 30.73
Val_Loss = 1.9931294399261474, Val_Err = 51.41
Epoch: [23 | 200]
Phase:train -- Batch_idx:100/391-- 794.85 samples/sec-- Loss:0.82 -- Error1:24.65
Phase:train -- Batch_idx:200/391-- 801.02 samples/sec-- Loss:0.92 -- Error1:27.55
Phase:train -- Batch_idx:300/391-- 803.07 samples/sec-- Loss:0.98 -- Error1:29.18
Train_Loss = 1.0140831867599487, Train_Err = 30.144
Val_Loss = 2.0107221185684203, Val_Err = 51.52
Epoch: [24 | 200]
Phase:train -- Batch_idx:100/391-- 795.09 samples/sec-- Loss:0.81 -- Error1:24.47
Phase:train -- Batch_idx:200/391-- 801.19 samples/sec-- Loss:0.90 -- Error1:27.52
Phase:train -- Batch_idx:300/391-- 803.23 samples/sec-- Loss:0.97 -- Error1:29.07
Train_Loss = 0.9911981825256347, Train_Err = 29.742
Val_Loss = 1.9757974193572998, Val_Err = 50.3
Epoch: [25 | 200]
Phase:train -- Batch_idx:100/391-- 793.81 samples/sec-- Loss:0.78 -- Error1:23.54
Phase:train -- Batch_idx:200/391-- 800.57 samples/sec-- Loss:0.86 -- Error1:26.01
Phase:train -- Batch_idx:300/391-- 802.76 samples/sec-- Loss:0.92 -- Error1:27.62
Train_Loss = 0.956195111579895, Train_Err = 28.694
Val_Loss = 1.9379409925460815, Val_Err = 49.62
Epoch: [26 | 200]
Phase:train -- Batch_idx:100/391-- 793.61 samples/sec-- Loss:0.74 -- Error1:22.53
Phase:train -- Batch_idx:200/391-- 800.51 samples/sec-- Loss:0.84 -- Error1:25.29
Phase:train -- Batch_idx:300/391-- 802.80 samples/sec-- Loss:0.89 -- Error1:26.92
Train_Loss = 0.9258794808959961, Train_Err = 27.958
Val_Loss = 2.074623498344421, Val_Err = 51.92
Epoch: [27 | 200]
Phase:train -- Batch_idx:100/391-- 795.47 samples/sec-- Loss:0.70 -- Error1:20.84
Phase:train -- Batch_idx:200/391-- 801.49 samples/sec-- Loss:0.80 -- Error1:24.16
Phase:train -- Batch_idx:300/391-- 803.53 samples/sec-- Loss:0.86 -- Error1:25.92
Train_Loss = 0.9022352569580078, Train_Err = 27.058
Val_Loss = 2.1686818895339965, Val_Err = 52.97
Epoch: [28 | 200]
Phase:train -- Batch_idx:100/391-- 795.27 samples/sec-- Loss:0.73 -- Error1:22.44
Phase:train -- Batch_idx:200/391-- 801.32 samples/sec-- Loss:0.79 -- Error1:24.06
Phase:train -- Batch_idx:300/391-- 803.33 samples/sec-- Loss:0.86 -- Error1:25.95
Train_Loss = 0.8959757310295104, Train_Err = 26.944
Val_Loss = 1.9284562078475953, Val_Err = 49.18
Epoch: [29 | 200]
Phase:train -- Batch_idx:100/391-- 792.39 samples/sec-- Loss:0.69 -- Error1:21.26
Phase:train -- Batch_idx:200/391-- 799.85 samples/sec-- Loss:0.77 -- Error1:23.52
Phase:train -- Batch_idx:300/391-- 802.27 samples/sec-- Loss:0.83 -- Error1:25.14
Train_Loss = 0.8755668132019043, Train_Err = 26.396
Val_Loss = 2.127212594795227, Val_Err = 52.13
Epoch: [30 | 200]
Phase:train -- Batch_idx:100/391-- 795.24 samples/sec-- Loss:0.65 -- Error1:19.65
Phase:train -- Batch_idx:200/391-- 801.36 samples/sec-- Loss:0.76 -- Error1:23.01
Phase:train -- Batch_idx:300/391-- 803.37 samples/sec-- Loss:0.82 -- Error1:24.65
Train_Loss = 0.8652664894485473, Train_Err = 25.982
Val_Loss = 1.953159125137329, Val_Err = 49.13
Epoch: [31 | 200]
Phase:train -- Batch_idx:100/391-- 793.62 samples/sec-- Loss:0.63 -- Error1:19.27
Phase:train -- Batch_idx:200/391-- 800.47 samples/sec-- Loss:0.73 -- Error1:22.15
Phase:train -- Batch_idx:300/391-- 802.63 samples/sec-- Loss:0.80 -- Error1:24.29
Train_Loss = 0.8438623038482665, Train_Err = 25.574
Val_Loss = 2.100330602836609, Val_Err = 51.19
Epoch: [32 | 200]
Phase:train -- Batch_idx:100/391-- 794.90 samples/sec-- Loss:0.65 -- Error1:19.73
Phase:train -- Batch_idx:200/391-- 801.06 samples/sec-- Loss:0.74 -- Error1:22.48
Phase:train -- Batch_idx:300/391-- 803.08 samples/sec-- Loss:0.79 -- Error1:23.98
Train_Loss = 0.8411119519805909, Train_Err = 25.252
Val_Loss = 2.2761116371154784, Val_Err = 54.78
Epoch: [33 | 200]
Phase:train -- Batch_idx:100/391-- 794.80 samples/sec-- Loss:0.63 -- Error1:19.30
Phase:train -- Batch_idx:200/391-- 801.01 samples/sec-- Loss:0.73 -- Error1:22.25
Phase:train -- Batch_idx:300/391-- 803.02 samples/sec-- Loss:0.78 -- Error1:23.86
Train_Loss = 0.8266805839157104, Train_Err = 25.178
Val_Loss = 2.1189313129425047, Val_Err = 51.68
Epoch: [34 | 200]
Phase:train -- Batch_idx:100/391-- 795.23 samples/sec-- Loss:0.64 -- Error1:19.87
Phase:train -- Batch_idx:200/391-- 801.28 samples/sec-- Loss:0.70 -- Error1:21.32
Phase:train -- Batch_idx:300/391-- 803.23 samples/sec-- Loss:0.78 -- Error1:23.61
Train_Loss = 0.8128782841873169, Train_Err = 24.598
Val_Loss = 2.1000034936904908, Val_Err = 51.33
Epoch: [35 | 200]
Phase:train -- Batch_idx:100/391-- 795.40 samples/sec-- Loss:0.63 -- Error1:19.47
Phase:train -- Batch_idx:200/391-- 801.40 samples/sec-- Loss:0.70 -- Error1:21.62
Phase:train -- Batch_idx:300/391-- 803.46 samples/sec-- Loss:0.76 -- Error1:23.41
Train_Loss = 0.8159210446548462, Train_Err = 24.746
Val_Loss = 2.0213870101928713, Val_Err = 50.52
Epoch: [36 | 200]
Phase:train -- Batch_idx:100/391-- 794.60 samples/sec-- Loss:0.59 -- Error1:17.80
Phase:train -- Batch_idx:200/391-- 801.12 samples/sec-- Loss:0.68 -- Error1:20.73
Phase:train -- Batch_idx:300/391-- 803.25 samples/sec-- Loss:0.76 -- Error1:23.12
Train_Loss = 0.7994385980415344, Train_Err = 24.296
Val_Loss = 2.036945948791504, Val_Err = 49.64
Epoch: [37 | 200]
Phase:train -- Batch_idx:100/391-- 794.73 samples/sec-- Loss:0.57 -- Error1:17.05
Phase:train -- Batch_idx:200/391-- 801.15 samples/sec-- Loss:0.67 -- Error1:20.19
Phase:train -- Batch_idx:300/391-- 803.28 samples/sec-- Loss:0.74 -- Error1:22.07
Train_Loss = 0.7835351598739624, Train_Err = 23.566
Val_Loss = 2.047566658401489, Val_Err = 50.04
Epoch: [38 | 200]
Phase:train -- Batch_idx:100/391-- 796.31 samples/sec-- Loss:0.60 -- Error1:18.40
Phase:train -- Batch_idx:200/391-- 801.97 samples/sec-- Loss:0.67 -- Error1:20.47
Phase:train -- Batch_idx:300/391-- 803.89 samples/sec-- Loss:0.74 -- Error1:22.70
Train_Loss = 0.789469769744873, Train_Err = 24.008
Val_Loss = 2.098977063560486, Val_Err = 51.81
Epoch: [39 | 200]
Phase:train -- Batch_idx:100/391-- 794.79 samples/sec-- Loss:0.59 -- Error1:17.98
Phase:train -- Batch_idx:200/391-- 800.95 samples/sec-- Loss:0.67 -- Error1:20.01
Phase:train -- Batch_idx:300/391-- 803.02 samples/sec-- Loss:0.74 -- Error1:22.49
Train_Loss = 0.7908373932266235, Train_Err = 23.894
Val_Loss = 2.1163324020385743, Val_Err = 50.47
Epoch: [40 | 200]
Phase:train -- Batch_idx:100/391-- 795.32 samples/sec-- Loss:0.54 -- Error1:16.48
Phase:train -- Batch_idx:200/391-- 801.21 samples/sec-- Loss:0.65 -- Error1:19.75
Phase:train -- Batch_idx:300/391-- 803.25 samples/sec-- Loss:0.73 -- Error1:22.12
Train_Loss = 0.7817617876434326, Train_Err = 23.658
Val_Loss = 2.3837922708511354, Val_Err = 53.59
Epoch: [41 | 200]
Phase:train -- Batch_idx:100/391-- 795.35 samples/sec-- Loss:0.55 -- Error1:16.44
Phase:train -- Batch_idx:200/391-- 801.45 samples/sec-- Loss:0.63 -- Error1:19.09
Phase:train -- Batch_idx:300/391-- 803.37 samples/sec-- Loss:0.72 -- Error1:21.78
Train_Loss = 0.7633452102470398, Train_Err = 23.066
Val_Loss = 2.0284780117034913, Val_Err = 50.19
Epoch: [42 | 200]
Phase:train -- Batch_idx:100/391-- 795.56 samples/sec-- Loss:0.54 -- Error1:16.26
Phase:train -- Batch_idx:200/391-- 801.48 samples/sec-- Loss:0.64 -- Error1:19.54
Phase:train -- Batch_idx:300/391-- 803.47 samples/sec-- Loss:0.72 -- Error1:21.92
Train_Loss = 0.7683636217880249, Train_Err = 23.358
Val_Loss = 2.080564343261719, Val_Err = 50.24
Epoch: [43 | 200]
Phase:train -- Batch_idx:100/391-- 794.90 samples/sec-- Loss:0.56 -- Error1:17.04
Phase:train -- Batch_idx:200/391-- 801.26 samples/sec-- Loss:0.64 -- Error1:19.76
Phase:train -- Batch_idx:300/391-- 803.29 samples/sec-- Loss:0.71 -- Error1:21.70
Train_Loss = 0.7645811490631104, Train_Err = 23.224
Val_Loss = 2.136896923828125, Val_Err = 50.99
Epoch: [44 | 200]
Phase:train -- Batch_idx:100/391-- 794.36 samples/sec-- Loss:0.56 -- Error1:16.94
Phase:train -- Batch_idx:200/391-- 800.86 samples/sec-- Loss:0.63 -- Error1:18.84
Phase:train -- Batch_idx:300/391-- 803.07 samples/sec-- Loss:0.70 -- Error1:21.12
Train_Loss = 0.7530032680511475, Train_Err = 22.778
Val_Loss = 2.125559790611267, Val_Err = 51.06
Epoch: [45 | 200]
Phase:train -- Batch_idx:100/391-- 796.15 samples/sec-- Loss:0.54 -- Error1:16.06
Phase:train -- Batch_idx:200/391-- 801.82 samples/sec-- Loss:0.64 -- Error1:19.14
Phase:train -- Batch_idx:300/391-- 803.67 samples/sec-- Loss:0.71 -- Error1:21.48
Train_Loss = 0.7566086967468262, Train_Err = 22.744
Val_Loss = 2.1819514881134032, Val_Err = 52.15
Epoch: [46 | 200]
Phase:train -- Batch_idx:100/391-- 794.35 samples/sec-- Loss:0.54 -- Error1:16.43
Phase:train -- Batch_idx:200/391-- 801.00 samples/sec-- Loss:0.63 -- Error1:19.14
Phase:train -- Batch_idx:300/391-- 803.14 samples/sec-- Loss:0.72 -- Error1:21.78
Train_Loss = 0.7605303609657288, Train_Err = 23.11
Val_Loss = 2.2035584976196287, Val_Err = 51.82
Epoch: [47 | 200]
Phase:train -- Batch_idx:100/391-- 795.23 samples/sec-- Loss:0.55 -- Error1:16.99
Phase:train -- Batch_idx:200/391-- 801.31 samples/sec-- Loss:0.63 -- Error1:19.25
Phase:train -- Batch_idx:300/391-- 803.32 samples/sec-- Loss:0.71 -- Error1:21.47
Train_Loss = 0.7475126336669922, Train_Err = 22.568
Val_Loss = 2.088523246002197, Val_Err = 50.76
Epoch: [48 | 200]
Phase:train -- Batch_idx:100/391-- 795.33 samples/sec-- Loss:0.56 -- Error1:16.84
Phase:train -- Batch_idx:200/391-- 801.38 samples/sec-- Loss:0.62 -- Error1:18.89
Phase:train -- Batch_idx:300/391-- 803.52 samples/sec-- Loss:0.69 -- Error1:21.01
Train_Loss = 0.740314835319519, Train_Err = 22.428
Val_Loss = 2.1702000720977783, Val_Err = 51.26
Epoch: [49 | 200]
Phase:train -- Batch_idx:100/391-- 795.28 samples/sec-- Loss:0.53 -- Error1:16.48
Phase:train -- Batch_idx:200/391-- 801.52 samples/sec-- Loss:0.64 -- Error1:19.44
Phase:train -- Batch_idx:300/391-- 803.58 samples/sec-- Loss:0.71 -- Error1:21.46
Train_Loss = 0.7468751796150207, Train_Err = 22.658
Val_Loss = 2.1917519062042237, Val_Err = 52.01
Epoch: [50 | 200]
Phase:train -- Batch_idx:100/391-- 795.66 samples/sec-- Loss:0.55 -- Error1:16.34
Phase:train -- Batch_idx:200/391-- 801.76 samples/sec-- Loss:0.62 -- Error1:18.79
Phase:train -- Batch_idx:300/391-- 803.81 samples/sec-- Loss:0.70 -- Error1:21.31
Train_Loss = 0.7447510118103028, Train_Err = 22.472
Val_Loss = 2.2928972688674927, Val_Err = 53.55
Epoch: [51 | 200]
Phase:train -- Batch_idx:100/391-- 795.25 samples/sec-- Loss:0.53 -- Error1:15.92
Phase:train -- Batch_idx:200/391-- 801.50 samples/sec-- Loss:0.62 -- Error1:18.78
Phase:train -- Batch_idx:300/391-- 803.65 samples/sec-- Loss:0.69 -- Error1:20.89
Train_Loss = 0.7294410964012146, Train_Err = 22.05
Val_Loss = 2.1736325519561768, Val_Err = 50.65
Epoch: [52 | 200]
Phase:train -- Batch_idx:100/391-- 795.36 samples/sec-- Loss:0.54 -- Error1:16.60
Phase:train -- Batch_idx:200/391-- 801.53 samples/sec-- Loss:0.60 -- Error1:18.37
Phase:train -- Batch_idx:300/391-- 803.63 samples/sec-- Loss:0.68 -- Error1:20.62
Train_Loss = 0.7236079598236084, Train_Err = 22.048
Val_Loss = 2.0202640031814574, Val_Err = 49.07
Epoch: [53 | 200]
Phase:train -- Batch_idx:100/391-- 793.76 samples/sec-- Loss:0.55 -- Error1:16.51
Phase:train -- Batch_idx:200/391-- 800.82 samples/sec-- Loss:0.62 -- Error1:18.86
Phase:train -- Batch_idx:300/391-- 803.20 samples/sec-- Loss:0.69 -- Error1:20.98
Train_Loss = 0.741222771282196, Train_Err = 22.286
Val_Loss = 2.2156182580947874, Val_Err = 51.2
Epoch: [54 | 200]
Phase:train -- Batch_idx:100/391-- 795.21 samples/sec-- Loss:0.51 -- Error1:15.27
Phase:train -- Batch_idx:200/391-- 801.45 samples/sec-- Loss:0.59 -- Error1:17.95
Phase:train -- Batch_idx:300/391-- 803.62 samples/sec-- Loss:0.68 -- Error1:20.36
Train_Loss = 0.7281343762588501, Train_Err = 21.902
Val_Loss = 2.191049080467224, Val_Err = 51.5
Epoch: [55 | 200]
Phase:train -- Batch_idx:100/391-- 795.89 samples/sec-- Loss:0.54 -- Error1:16.38
Phase:train -- Batch_idx:200/391-- 801.86 samples/sec-- Loss:0.60 -- Error1:18.30
Phase:train -- Batch_idx:300/391-- 803.81 samples/sec-- Loss:0.68 -- Error1:20.62
Train_Loss = 0.7259401131439209, Train_Err = 21.864
Val_Loss = 2.227811521911621, Val_Err = 52.48
Epoch: [56 | 200]
Phase:train -- Batch_idx:100/391-- 796.42 samples/sec-- Loss:0.53 -- Error1:15.71
Phase:train -- Batch_idx:200/391-- 802.12 samples/sec-- Loss:0.62 -- Error1:18.38
Phase:train -- Batch_idx:300/391-- 803.96 samples/sec-- Loss:0.68 -- Error1:20.39
Train_Loss = 0.727895304260254, Train_Err = 21.826
Val_Loss = 2.0334253023147584, Val_Err = 49.56
Epoch: [57 | 200]
Phase:train -- Batch_idx:100/391-- 796.14 samples/sec-- Loss:0.52 -- Error1:15.93
Phase:train -- Batch_idx:200/391-- 801.84 samples/sec-- Loss:0.60 -- Error1:18.38
Phase:train -- Batch_idx:300/391-- 803.78 samples/sec-- Loss:0.68 -- Error1:20.67
Train_Loss = 0.7287538138961792, Train_Err = 22.028
Val_Loss = 2.195668744468689, Val_Err = 52.37
Epoch: [58 | 200]
Phase:train -- Batch_idx:100/391-- 797.14 samples/sec-- Loss:0.53 -- Error1:16.06
Phase:train -- Batch_idx:200/391-- 802.39 samples/sec-- Loss:0.62 -- Error1:18.69
Phase:train -- Batch_idx:300/391-- 804.24 samples/sec-- Loss:0.68 -- Error1:20.44
Train_Loss = 0.7266964593696594, Train_Err = 22.034
Val_Loss = 2.1102048393249513, Val_Err = 50.4
Epoch: [59 | 200]
Phase:train -- Batch_idx:100/391-- 796.28 samples/sec-- Loss:0.54 -- Error1:16.17
Phase:train -- Batch_idx:200/391-- 802.03 samples/sec-- Loss:0.60 -- Error1:18.09
Phase:train -- Batch_idx:300/391-- 804.02 samples/sec-- Loss:0.67 -- Error1:20.23
Train_Loss = 0.7155879648971558, Train_Err = 21.65
Val_Loss = 2.1079929523468017, Val_Err = 50.31
Epoch: [60 | 200]
Phase:train -- Batch_idx:100/391-- 795.86 samples/sec-- Loss:0.54 -- Error1:16.06
Phase:train -- Batch_idx:200/391-- 801.87 samples/sec-- Loss:0.63 -- Error1:18.86
Phase:train -- Batch_idx:300/391-- 803.87 samples/sec-- Loss:0.69 -- Error1:20.62
Train_Loss = 0.7185653855705261, Train_Err = 21.654
Val_Loss = 2.2439517446517945, Val_Err = 52.81
Epoch: [61 | 200]
Phase:train -- Batch_idx:100/391-- 795.44 samples/sec-- Loss:0.54 -- Error1:16.12
Phase:train -- Batch_idx:200/391-- 801.65 samples/sec-- Loss:0.59 -- Error1:18.04
Phase:train -- Batch_idx:300/391-- 803.73 samples/sec-- Loss:0.67 -- Error1:20.06
Train_Loss = 0.7135547304344177, Train_Err = 21.42
Val_Loss = 2.3149513050079347, Val_Err = 53.2
Epoch: [62 | 200]
Phase:train -- Batch_idx:100/391-- 796.10 samples/sec-- Loss:0.54 -- Error1:16.43
Phase:train -- Batch_idx:200/391-- 801.95 samples/sec-- Loss:0.62 -- Error1:18.73
Phase:train -- Batch_idx:300/391-- 803.96 samples/sec-- Loss:0.68 -- Error1:20.51
Train_Loss = 0.7148356056213379, Train_Err = 21.612
Val_Loss = 2.395180207443237, Val_Err = 54.68
Epoch: [63 | 200]
Phase:train -- Batch_idx:100/391-- 795.50 samples/sec-- Loss:0.50 -- Error1:15.05
Phase:train -- Batch_idx:200/391-- 801.68 samples/sec-- Loss:0.59 -- Error1:17.99
Phase:train -- Batch_idx:300/391-- 803.75 samples/sec-- Loss:0.66 -- Error1:20.05
Train_Loss = 0.7070937278175354, Train_Err = 21.506
Val_Loss = 2.3028382095336912, Val_Err = 53.15
Epoch: [64 | 200]
Phase:train -- Batch_idx:100/391-- 796.19 samples/sec-- Loss:0.52 -- Error1:15.65
Phase:train -- Batch_idx:200/391-- 801.92 samples/sec-- Loss:0.58 -- Error1:17.62
Phase:train -- Batch_idx:300/391-- 803.81 samples/sec-- Loss:0.65 -- Error1:19.56
Train_Loss = 0.6916851104736328, Train_Err = 20.77
Val_Loss = 2.4168151664733886, Val_Err = 55.13
Epoch: [65 | 200]
Phase:train -- Batch_idx:100/391-- 795.29 samples/sec-- Loss:0.55 -- Error1:16.53
Phase:train -- Batch_idx:200/391-- 801.65 samples/sec-- Loss:0.60 -- Error1:18.30
Phase:train -- Batch_idx:300/391-- 803.82 samples/sec-- Loss:0.66 -- Error1:20.02
Train_Loss = 0.708436750946045, Train_Err = 21.36
Val_Loss = 3.0252661952972413, Val_Err = 58.33
Epoch: [66 | 200]
Phase:train -- Batch_idx:100/391-- 795.41 samples/sec-- Loss:0.50 -- Error1:14.98
Phase:train -- Batch_idx:200/391-- 801.60 samples/sec-- Loss:0.59 -- Error1:17.89
Phase:train -- Batch_idx:300/391-- 803.70 samples/sec-- Loss:0.65 -- Error1:19.74
Train_Loss = 0.6912325059127807, Train_Err = 20.966
Val_Loss = 2.1375014949798583, Val_Err = 50.22
Epoch: [67 | 200]
Phase:train -- Batch_idx:100/391-- 795.73 samples/sec-- Loss:0.50 -- Error1:14.83
Phase:train -- Batch_idx:200/391-- 801.76 samples/sec-- Loss:0.59 -- Error1:17.72
Phase:train -- Batch_idx:300/391-- 803.79 samples/sec-- Loss:0.67 -- Error1:20.14
Train_Loss = 0.7082297268676758, Train_Err = 21.404
Val_Loss = 2.158316795921326, Val_Err = 50.82
Epoch: [68 | 200]
Phase:train -- Batch_idx:100/391-- 795.52 samples/sec-- Loss:0.51 -- Error1:15.23
Phase:train -- Batch_idx:200/391-- 801.70 samples/sec-- Loss:0.57 -- Error1:17.47
Phase:train -- Batch_idx:300/391-- 803.83 samples/sec-- Loss:0.64 -- Error1:19.49
Train_Loss = 0.6925279600906372, Train_Err = 20.874
Val_Loss = 2.0100795677185057, Val_Err = 48.67
Epoch: [69 | 200]
Phase:train -- Batch_idx:100/391-- 793.79 samples/sec-- Loss:0.49 -- Error1:14.70
Phase:train -- Batch_idx:200/391-- 800.66 samples/sec-- Loss:0.56 -- Error1:16.93
Phase:train -- Batch_idx:300/391-- 803.03 samples/sec-- Loss:0.63 -- Error1:19.08
Train_Loss = 0.6784250878143311, Train_Err = 20.422
Val_Loss = 2.425260145568848, Val_Err = 55.15
Epoch: [70 | 200]
Phase:train -- Batch_idx:100/391-- 795.37 samples/sec-- Loss:0.49 -- Error1:14.88
Phase:train -- Batch_idx:200/391-- 801.65 samples/sec-- Loss:0.57 -- Error1:17.39
Phase:train -- Batch_idx:300/391-- 803.79 samples/sec-- Loss:0.65 -- Error1:19.67
Train_Loss = 0.6947059029388428, Train_Err = 21.012
Val_Loss = 2.5954352319717406, Val_Err = 56.38
Epoch: [71 | 200]
Phase:train -- Batch_idx:100/391-- 795.63 samples/sec-- Loss:0.53 -- Error1:16.10
Phase:train -- Batch_idx:200/391-- 801.60 samples/sec-- Loss:0.58 -- Error1:17.59
Phase:train -- Batch_idx:300/391-- 803.64 samples/sec-- Loss:0.64 -- Error1:19.28
Train_Loss = 0.6879922639083862, Train_Err = 20.77
Val_Loss = 2.198656170272827, Val_Err = 51.47
Epoch: [72 | 200]
Phase:train -- Batch_idx:100/391-- 795.97 samples/sec-- Loss:0.49 -- Error1:14.60
Phase:train -- Batch_idx:200/391-- 801.96 samples/sec-- Loss:0.56 -- Error1:16.84
Phase:train -- Batch_idx:300/391-- 803.95 samples/sec-- Loss:0.63 -- Error1:19.10
Train_Loss = 0.6824422223854065, Train_Err = 20.54
Val_Loss = 2.207066808319092, Val_Err = 50.76
Epoch: [73 | 200]
Phase:train -- Batch_idx:100/391-- 797.15 samples/sec-- Loss:0.49 -- Error1:14.57
Phase:train -- Batch_idx:200/391-- 802.60 samples/sec-- Loss:0.56 -- Error1:16.96
Phase:train -- Batch_idx:300/391-- 804.38 samples/sec-- Loss:0.62 -- Error1:18.75
Train_Loss = 0.6671483095932007, Train_Err = 20.05
Val_Loss = 2.139794466972351, Val_Err = 51.23
Epoch: [74 | 200]
Phase:train -- Batch_idx:100/391-- 796.12 samples/sec-- Loss:0.49 -- Error1:14.81
Phase:train -- Batch_idx:200/391-- 801.94 samples/sec-- Loss:0.57 -- Error1:17.32
Phase:train -- Batch_idx:300/391-- 803.87 samples/sec-- Loss:0.63 -- Error1:19.11
Train_Loss = 0.6765170099639892, Train_Err = 20.348
Val_Loss = 2.1820477210998535, Val_Err = 50.94
Epoch: [75 | 200]
Phase:train -- Batch_idx:100/391-- 796.90 samples/sec-- Loss:0.48 -- Error1:14.49
Phase:train -- Batch_idx:200/391-- 802.44 samples/sec-- Loss:0.53 -- Error1:16.02
Phase:train -- Batch_idx:300/391-- 804.28 samples/sec-- Loss:0.63 -- Error1:18.68
Train_Loss = 0.668212651386261, Train_Err = 19.94
Val_Loss = 2.028971695137024, Val_Err = 49.47
Epoch: [76 | 200]
Phase:train -- Batch_idx:100/391-- 796.89 samples/sec-- Loss:0.47 -- Error1:13.90
Phase:train -- Batch_idx:200/391-- 802.36 samples/sec-- Loss:0.54 -- Error1:15.96
Phase:train -- Batch_idx:300/391-- 804.25 samples/sec-- Loss:0.62 -- Error1:18.42
Train_Loss = 0.6727956341934204, Train_Err = 19.954
Val_Loss = 2.2034211698532102, Val_Err = 52.24
Epoch: [77 | 200]
Phase:train -- Batch_idx:100/391-- 796.25 samples/sec-- Loss:0.48 -- Error1:14.20
Phase:train -- Batch_idx:200/391-- 802.25 samples/sec-- Loss:0.54 -- Error1:16.12
Phase:train -- Batch_idx:300/391-- 804.18 samples/sec-- Loss:0.62 -- Error1:18.50
Train_Loss = 0.6638658951568603, Train_Err = 19.944
Val_Loss = 2.4334475378036498, Val_Err = 53.53
Epoch: [78 | 200]
Phase:train -- Batch_idx:100/391-- 796.22 samples/sec-- Loss:0.49 -- Error1:14.35
Phase:train -- Batch_idx:200/391-- 802.04 samples/sec-- Loss:0.56 -- Error1:16.66
Phase:train -- Batch_idx:300/391-- 803.95 samples/sec-- Loss:0.63 -- Error1:18.95
Train_Loss = 0.6731089167022705, Train_Err = 20.22
Val_Loss = 2.2858650926589967, Val_Err = 51.81
Epoch: [79 | 200]
Phase:train -- Batch_idx:100/391-- 795.68 samples/sec-- Loss:0.50 -- Error1:14.86
Phase:train -- Batch_idx:200/391-- 801.83 samples/sec-- Loss:0.55 -- Error1:16.57
Phase:train -- Batch_idx:300/391-- 803.89 samples/sec-- Loss:0.63 -- Error1:18.76
Train_Loss = 0.6741405183792114, Train_Err = 20.192
Val_Loss = 2.2516892595291136, Val_Err = 52.22
Epoch: [80 | 200]
Phase:train -- Batch_idx:100/391-- 796.77 samples/sec-- Loss:0.46 -- Error1:13.62
Phase:train -- Batch_idx:200/391-- 802.38 samples/sec-- Loss:0.52 -- Error1:15.88
Phase:train -- Batch_idx:300/391-- 804.22 samples/sec-- Loss:0.61 -- Error1:18.30
Train_Loss = 0.662202353553772, Train_Err = 19.968
Val_Loss = 2.235323767089844, Val_Err = 50.71
Epoch: [81 | 200]
Phase:train -- Batch_idx:100/391-- 795.29 samples/sec-- Loss:0.48 -- Error1:14.68
Phase:train -- Batch_idx:200/391-- 801.62 samples/sec-- Loss:0.54 -- Error1:16.61
Phase:train -- Batch_idx:300/391-- 803.71 samples/sec-- Loss:0.60 -- Error1:18.51
Train_Loss = 0.6492216610908508, Train_Err = 19.714
Val_Loss = 2.16536113986969, Val_Err = 50.2
Epoch: [82 | 200]
Phase:train -- Batch_idx:100/391-- 795.26 samples/sec-- Loss:0.46 -- Error1:13.90
Phase:train -- Batch_idx:200/391-- 801.66 samples/sec-- Loss:0.51 -- Error1:15.43
Phase:train -- Batch_idx:300/391-- 803.78 samples/sec-- Loss:0.59 -- Error1:17.69
Train_Loss = 0.6443365226745605, Train_Err = 19.256
Val_Loss = 2.206576883125305, Val_Err = 51.26
Epoch: [83 | 200]
Phase:train -- Batch_idx:100/391-- 796.77 samples/sec-- Loss:0.50 -- Error1:14.90
Phase:train -- Batch_idx:200/391-- 802.32 samples/sec-- Loss:0.55 -- Error1:16.48
Phase:train -- Batch_idx:300/391-- 804.21 samples/sec-- Loss:0.61 -- Error1:18.53
Train_Loss = 0.6608485078430176, Train_Err = 19.848
Val_Loss = 2.406426127433777, Val_Err = 54.26
Epoch: [84 | 200]
Phase:train -- Batch_idx:100/391-- 796.31 samples/sec-- Loss:0.47 -- Error1:14.04
Phase:train -- Batch_idx:200/391-- 802.18 samples/sec-- Loss:0.51 -- Error1:15.59
Phase:train -- Batch_idx:300/391-- 804.15 samples/sec-- Loss:0.58 -- Error1:17.68
Train_Loss = 0.6369354544639587, Train_Err = 19.25
Val_Loss = 2.166507489013672, Val_Err = 50.68
Epoch: [85 | 200]
Phase:train -- Batch_idx:100/391-- 796.06 samples/sec-- Loss:0.49 -- Error1:14.56
Phase:train -- Batch_idx:200/391-- 802.03 samples/sec-- Loss:0.53 -- Error1:15.95
Phase:train -- Batch_idx:300/391-- 804.06 samples/sec-- Loss:0.60 -- Error1:18.02
Train_Loss = 0.6505660997772217, Train_Err = 19.5
Val_Loss = 2.230037790298462, Val_Err = 50.79
Epoch: [86 | 200]
Phase:train -- Batch_idx:100/391-- 796.32 samples/sec-- Loss:0.45 -- Error1:13.47
Phase:train -- Batch_idx:200/391-- 802.20 samples/sec-- Loss:0.52 -- Error1:15.51
Phase:train -- Batch_idx:300/391-- 804.13 samples/sec-- Loss:0.58 -- Error1:17.45
Train_Loss = 0.6327711347770691, Train_Err = 19.056
Val_Loss = 2.1543240957260132, Val_Err = 49.74
Epoch: [87 | 200]
Phase:train -- Batch_idx:100/391-- 796.77 samples/sec-- Loss:0.48 -- Error1:14.60
Phase:train -- Batch_idx:200/391-- 802.37 samples/sec-- Loss:0.54 -- Error1:16.12
Phase:train -- Batch_idx:300/391-- 804.24 samples/sec-- Loss:0.61 -- Error1:18.18
Train_Loss = 0.6537080923843384, Train_Err = 19.552
Val_Loss = 2.224456584739685, Val_Err = 50.87
Epoch: [88 | 200]
Phase:train -- Batch_idx:100/391-- 796.08 samples/sec-- Loss:0.48 -- Error1:14.63
Phase:train -- Batch_idx:200/391-- 802.06 samples/sec-- Loss:0.51 -- Error1:15.68
Phase:train -- Batch_idx:300/391-- 804.05 samples/sec-- Loss:0.60 -- Error1:18.08
Train_Loss = 0.6469380308914184, Train_Err = 19.492
Val_Loss = 2.2702567375183107, Val_Err = 52.99
Epoch: [89 | 200]
Phase:train -- Batch_idx:100/391-- 796.08 samples/sec-- Loss:0.48 -- Error1:14.23
Phase:train -- Batch_idx:200/391-- 802.00 samples/sec-- Loss:0.54 -- Error1:16.12
Phase:train -- Batch_idx:300/391-- 804.07 samples/sec-- Loss:0.60 -- Error1:17.87
Train_Loss = 0.6453534749221802, Train_Err = 19.274
Val_Loss = 2.146809097480774, Val_Err = 49.87
Epoch: [90 | 200]
Phase:train -- Batch_idx:100/391-- 797.22 samples/sec-- Loss:0.45 -- Error1:13.31
Phase:train -- Batch_idx:200/391-- 802.63 samples/sec-- Loss:0.50 -- Error1:14.93
Phase:train -- Batch_idx:300/391-- 804.41 samples/sec-- Loss:0.57 -- Error1:16.95
Train_Loss = 0.6300489977645874, Train_Err = 18.782
Val_Loss = 2.326211103057861, Val_Err = 52.94
Epoch: [91 | 200]
Phase:train -- Batch_idx:100/391-- 796.71 samples/sec-- Loss:0.48 -- Error1:14.75
Phase:train -- Batch_idx:200/391-- 802.37 samples/sec-- Loss:0.51 -- Error1:15.69
Phase:train -- Batch_idx:300/391-- 804.26 samples/sec-- Loss:0.59 -- Error1:17.87
Train_Loss = 0.6369091077423096, Train_Err = 19.24
Val_Loss = 2.260954875946045, Val_Err = 51.97
Epoch: [92 | 200]
Phase:train -- Batch_idx:100/391-- 795.60 samples/sec-- Loss:0.47 -- Error1:13.84
Phase:train -- Batch_idx:200/391-- 801.78 samples/sec-- Loss:0.50 -- Error1:15.09
Phase:train -- Batch_idx:300/391-- 803.86 samples/sec-- Loss:0.58 -- Error1:17.27
Train_Loss = 0.6242460494995117, Train_Err = 18.764
Val_Loss = 2.1497416179656983, Val_Err = 50.6
Epoch: [93 | 200]
Phase:train -- Batch_idx:100/391-- 795.85 samples/sec-- Loss:0.49 -- Error1:14.50
Phase:train -- Batch_idx:200/391-- 801.89 samples/sec-- Loss:0.52 -- Error1:15.66
Phase:train -- Batch_idx:300/391-- 803.98 samples/sec-- Loss:0.58 -- Error1:17.55
Train_Loss = 0.6353572198677063, Train_Err = 19.118
Val_Loss = 2.250993227005005, Val_Err = 51.36
Epoch: [94 | 200]
Phase:train -- Batch_idx:100/391-- 796.94 samples/sec-- Loss:0.46 -- Error1:13.95
Phase:train -- Batch_idx:200/391-- 802.52 samples/sec-- Loss:0.52 -- Error1:15.68
Phase:train -- Batch_idx:300/391-- 804.44 samples/sec-- Loss:0.57 -- Error1:17.37
Train_Loss = 0.6341715182113647, Train_Err = 18.966
Val_Loss = 2.3114098529815674, Val_Err = 52.18
Epoch: [95 | 200]
Phase:train -- Batch_idx:100/391-- 795.64 samples/sec-- Loss:0.46 -- Error1:13.35
Phase:train -- Batch_idx:200/391-- 801.89 samples/sec-- Loss:0.49 -- Error1:14.67
Phase:train -- Batch_idx:300/391-- 803.94 samples/sec-- Loss:0.57 -- Error1:17.12
Train_Loss = 0.6228660577774048, Train_Err = 18.73
Val_Loss = 2.2700650909423827, Val_Err = 52.02
Epoch: [96 | 200]
Phase:train -- Batch_idx:100/391-- 795.23 samples/sec-- Loss:0.45 -- Error1:13.72
Phase:train -- Batch_idx:200/391-- 801.66 samples/sec-- Loss:0.52 -- Error1:15.78
Phase:train -- Batch_idx:300/391-- 803.82 samples/sec-- Loss:0.58 -- Error1:17.72
Train_Loss = 0.6342474040603637, Train_Err = 19.132
Val_Loss = 2.183687014579773, Val_Err = 51.29
Epoch: [97 | 200]
Phase:train -- Batch_idx:100/391-- 797.02 samples/sec-- Loss:0.46 -- Error1:13.51
Phase:train -- Batch_idx:200/391-- 802.52 samples/sec-- Loss:0.51 -- Error1:15.23
Phase:train -- Batch_idx:300/391-- 804.38 samples/sec-- Loss:0.57 -- Error1:17.41
Train_Loss = 0.6252320987319946, Train_Err = 19.014
Val_Loss = 2.3543235038757326, Val_Err = 52.54
Epoch: [98 | 200]
Phase:train -- Batch_idx:100/391-- 795.84 samples/sec-- Loss:0.46 -- Error1:13.92
Phase:train -- Batch_idx:200/391-- 801.93 samples/sec-- Loss:0.50 -- Error1:15.12
Phase:train -- Batch_idx:300/391-- 803.95 samples/sec-- Loss:0.57 -- Error1:17.18
Train_Loss = 0.6264914805221558, Train_Err = 18.686
Val_Loss = 2.1761075998306274, Val_Err = 50.88
Epoch: [99 | 200]
Phase:train -- Batch_idx:100/391-- 795.93 samples/sec-- Loss:0.42 -- Error1:12.60
Phase:train -- Batch_idx:200/391-- 801.96 samples/sec-- Loss:0.48 -- Error1:14.37
Phase:train -- Batch_idx:300/391-- 804.00 samples/sec-- Loss:0.56 -- Error1:16.91
Train_Loss = 0.6095691623306274, Train_Err = 18.276
Val_Loss = 2.203576078414917, Val_Err = 51.55
Epoch: [100 | 200]
Phase:train -- Batch_idx:100/391-- 795.81 samples/sec-- Loss:0.30 -- Error1:8.50
Phase:train -- Batch_idx:200/391-- 801.94 samples/sec-- Loss:0.23 -- Error1:6.39
Phase:train -- Batch_idx:300/391-- 804.04 samples/sec-- Loss:0.20 -- Error1:5.42
Train_Loss = 0.18298279081106186, Train_Err = 4.802
Val_Loss = 1.4308902333259583, Val_Err = 36.72
Epoch: [101 | 200]
Phase:train -- Batch_idx:100/391-- 794.47 samples/sec-- Loss:0.05 -- Error1:0.56
Phase:train -- Batch_idx:200/391-- 801.31 samples/sec-- Loss:0.05 -- Error1:0.54
Phase:train -- Batch_idx:300/391-- 803.64 samples/sec-- Loss:0.05 -- Error1:0.54
Train_Loss = 0.047589938299655916, Train_Err = 0.546
Val_Loss = 1.437151655960083, Val_Err = 36.27
Epoch: [102 | 200]
Phase:train -- Batch_idx:100/391-- 796.08 samples/sec-- Loss:0.03 -- Error1:0.17
Phase:train -- Batch_idx:200/391-- 802.21 samples/sec-- Loss:0.03 -- Error1:0.17
Phase:train -- Batch_idx:300/391-- 804.19 samples/sec-- Loss:0.03 -- Error1:0.17
Train_Loss = 0.029209574517011644, Train_Err = 0.182
Val_Loss = 1.4499940579414368, Val_Err = 36.25
Epoch: [103 | 200]
Phase:train -- Batch_idx:100/391-- 794.37 samples/sec-- Loss:0.02 -- Error1:0.06
Phase:train -- Batch_idx:200/391-- 801.23 samples/sec-- Loss:0.02 -- Error1:0.12
Phase:train -- Batch_idx:300/391-- 803.60 samples/sec-- Loss:0.02 -- Error1:0.13
Train_Loss = 0.022059616384506226, Train_Err = 0.14
Val_Loss = 1.4515108229637146, Val_Err = 36.29
Epoch: [104 | 200]
Phase:train -- Batch_idx:100/391-- 796.17 samples/sec-- Loss:0.02 -- Error1:0.05
Phase:train -- Batch_idx:200/391-- 802.25 samples/sec-- Loss:0.02 -- Error1:0.08
Phase:train -- Batch_idx:300/391-- 804.29 samples/sec-- Loss:0.02 -- Error1:0.09
Train_Loss = 0.017899317073822023, Train_Err = 0.082
Val_Loss = 1.4523830207824706, Val_Err = 36.23
Epoch: [105 | 200]
Phase:train -- Batch_idx:100/391-- 794.63 samples/sec-- Loss:0.02 -- Error1:0.08
Phase:train -- Batch_idx:200/391-- 801.51 samples/sec-- Loss:0.02 -- Error1:0.08
Phase:train -- Batch_idx:300/391-- 803.82 samples/sec-- Loss:0.02 -- Error1:0.08
Train_Loss = 0.015593479461669921, Train_Err = 0.082
Val_Loss = 1.448566856765747, Val_Err = 36.1
Epoch: [106 | 200]
Phase:train -- Batch_idx:100/391-- 795.34 samples/sec-- Loss:0.01 -- Error1:0.04
Phase:train -- Batch_idx:200/391-- 801.75 samples/sec-- Loss:0.01 -- Error1:0.06
Phase:train -- Batch_idx:300/391-- 803.96 samples/sec-- Loss:0.01 -- Error1:0.06
Train_Loss = 0.014111473507881165, Train_Err = 0.062
Val_Loss = 1.4495130756378174, Val_Err = 36.23
Epoch: [107 | 200]
Phase:train -- Batch_idx:100/391-- 795.97 samples/sec-- Loss:0.01 -- Error1:0.05
Phase:train -- Batch_idx:200/391-- 802.01 samples/sec-- Loss:0.01 -- Error1:0.05
Phase:train -- Batch_idx:300/391-- 804.04 samples/sec-- Loss:0.01 -- Error1:0.04
Train_Loss = 0.012805629354715348, Train_Err = 0.042
Val_Loss = 1.4444598692893982, Val_Err = 36.12
Epoch: [108 | 200]
Phase:train -- Batch_idx:100/391-- 794.00 samples/sec-- Loss:0.01 -- Error1:0.05
Phase:train -- Batch_idx:200/391-- 800.90 samples/sec-- Loss:0.01 -- Error1:0.04
Phase:train -- Batch_idx:300/391-- 803.27 samples/sec-- Loss:0.01 -- Error1:0.05
Train_Loss = 0.012448729822635651, Train_Err = 0.04
Val_Loss = 1.4428149621009827, Val_Err = 36.24
Epoch: [109 | 200]
Phase:train -- Batch_idx:100/391-- 794.18 samples/sec-- Loss:0.01 -- Error1:0.03
Phase:train -- Batch_idx:200/391-- 801.02 samples/sec-- Loss:0.01 -- Error1:0.03
Phase:train -- Batch_idx:300/391-- 803.37 samples/sec-- Loss:0.01 -- Error1:0.04
Train_Loss = 0.011561651707291603, Train_Err = 0.034
Val_Loss = 1.4412521074295044, Val_Err = 35.78
Epoch: [110 | 200]
Phase:train -- Batch_idx:100/391-- 794.65 samples/sec-- Loss:0.01 -- Error1:0.02
Phase:train -- Batch_idx:200/391-- 801.31 samples/sec-- Loss:0.01 -- Error1:0.02
Phase:train -- Batch_idx:300/391-- 803.54 samples/sec-- Loss:0.01 -- Error1:0.03
Train_Loss = 0.01144923599243164, Train_Err = 0.034
Val_Loss = 1.4377380152702333, Val_Err = 36.07
Epoch: [111 | 200]
Phase:train -- Batch_idx:100/391-- 794.09 samples/sec-- Loss:0.01 -- Error1:0.02
Phase:train -- Batch_idx:200/391-- 800.92 samples/sec-- Loss:0.01 -- Error1:0.02
Phase:train -- Batch_idx:300/391-- 803.24 samples/sec-- Loss:0.01 -- Error1:0.03
Train_Loss = 0.011132818487882614, Train_Err = 0.026
Val_Loss = 1.434555170249939, Val_Err = 35.98
Epoch: [112 | 200]
Phase:train -- Batch_idx:100/391-- 793.53 samples/sec-- Loss:0.01 -- Error1:0.05
Phase:train -- Batch_idx:200/391-- 800.62 samples/sec-- Loss:0.01 -- Error1:0.04
Phase:train -- Batch_idx:300/391-- 802.98 samples/sec-- Loss:0.01 -- Error1:0.04
Train_Loss = 0.011052029964327812, Train_Err = 0.038
Val_Loss = 1.4336893726348876, Val_Err = 35.85
Epoch: [113 | 200]
Phase:train -- Batch_idx:100/391-- 794.70 samples/sec-- Loss:0.01 -- Error1:0.01
Phase:train -- Batch_idx:200/391-- 801.23 samples/sec-- Loss:0.01 -- Error1:0.01
Phase:train -- Batch_idx:300/391-- 803.49 samples/sec-- Loss:0.01 -- Error1:0.03
Train_Loss = 0.010896700039505958, Train_Err = 0.036
Val_Loss = 1.4305909663200378, Val_Err = 36.19
Epoch: [114 | 200]
Phase:train -- Batch_idx:100/391-- 792.81 samples/sec-- Loss:0.01 -- Error1:0.06
Phase:train -- Batch_idx:200/391-- 800.07 samples/sec-- Loss:0.01 -- Error1:0.05
Phase:train -- Batch_idx:300/391-- 802.48 samples/sec-- Loss:0.01 -- Error1:0.04
Train_Loss = 0.010842952077388763, Train_Err = 0.036
Val_Loss = 1.431698902130127, Val_Err = 36.02
Epoch: [115 | 200]
Phase:train -- Batch_idx:100/391-- 794.07 samples/sec-- Loss:0.01 -- Error1:0.05
Phase:train -- Batch_idx:200/391-- 800.90 samples/sec-- Loss:0.01 -- Error1:0.04
Phase:train -- Batch_idx:300/391-- 803.20 samples/sec-- Loss:0.01 -- Error1:0.04
Train_Loss = 0.010651383870840072, Train_Err = 0.032
Val_Loss = 1.431448848247528, Val_Err = 36.28
Epoch: [116 | 200]
Phase:train -- Batch_idx:100/391-- 794.85 samples/sec-- Loss:0.01 -- Error1:0.02
Phase:train -- Batch_idx:200/391-- 801.31 samples/sec-- Loss:0.01 -- Error1:0.03
Phase:train -- Batch_idx:300/391-- 803.41 samples/sec-- Loss:0.01 -- Error1:0.03
Train_Loss = 0.010783613749146461, Train_Err = 0.03
Val_Loss = 1.431176653289795, Val_Err = 36.01
Epoch: [117 | 200]
Phase:train -- Batch_idx:100/391-- 795.18 samples/sec-- Loss:0.01 -- Error1:0.01
Phase:train -- Batch_idx:200/391-- 801.42 samples/sec-- Loss:0.01 -- Error1:0.02
Phase:train -- Batch_idx:300/391-- 803.49 samples/sec-- Loss:0.01 -- Error1:0.03
Train_Loss = 0.010510347352027893, Train_Err = 0.03
Val_Loss = 1.4319112062454225, Val_Err = 35.91
Epoch: [118 | 200]
Phase:train -- Batch_idx:100/391-- 793.26 samples/sec-- Loss:0.01 -- Error1:0.03
Phase:train -- Batch_idx:200/391-- 800.22 samples/sec-- Loss:0.01 -- Error1:0.04
Phase:train -- Batch_idx:300/391-- 802.60 samples/sec-- Loss:0.01 -- Error1:0.04
Train_Loss = 0.010371246702969074, Train_Err = 0.036
Val_Loss = 1.4315829092025756, Val_Err = 35.96
Epoch: [119 | 200]
Phase:train -- Batch_idx:100/391-- 794.26 samples/sec-- Loss:0.01 -- Error1:0.04
Phase:train -- Batch_idx:200/391-- 800.90 samples/sec-- Loss:0.01 -- Error1:0.04
Phase:train -- Batch_idx:300/391-- 803.18 samples/sec-- Loss:0.01 -- Error1:0.02
Train_Loss = 0.010090905714035035, Train_Err = 0.028
Val_Loss = 1.43008922662735, Val_Err = 36.17
Epoch: [120 | 200]
Phase:train -- Batch_idx:100/391-- 793.43 samples/sec-- Loss:0.01 -- Error1:0.04
Phase:train -- Batch_idx:200/391-- 800.32 samples/sec-- Loss:0.01 -- Error1:0.03
Phase:train -- Batch_idx:300/391-- 802.62 samples/sec-- Loss:0.01 -- Error1:0.03
Train_Loss = 0.009569518885612487, Train_Err = 0.022
Val_Loss = 1.4275491307258605, Val_Err = 35.98
Epoch: [121 | 200]
Phase:train -- Batch_idx:100/391-- 794.24 samples/sec-- Loss:0.01 -- Error1:0.02
Phase:train -- Batch_idx:200/391-- 800.98 samples/sec-- Loss:0.01 -- Error1:0.02
Phase:train -- Batch_idx:300/391-- 803.27 samples/sec-- Loss:0.01 -- Error1:0.02
Train_Loss = 0.009483879499435424, Train_Err = 0.016
Val_Loss = 1.4278687062263489, Val_Err = 36.02
Epoch: [122 | 200]
Phase:train -- Batch_idx:100/391-- 794.90 samples/sec-- Loss:0.01 -- Error1:0.03
Phase:train -- Batch_idx:200/391-- 801.40 samples/sec-- Loss:0.01 -- Error1:0.02
Phase:train -- Batch_idx:300/391-- 803.50 samples/sec-- Loss:0.01 -- Error1:0.02
Train_Loss = 0.009499193086922169, Train_Err = 0.022
Val_Loss = 1.4294846071243286, Val_Err = 35.98
Epoch: [123 | 200]
Phase:train -- Batch_idx:100/391-- 793.82 samples/sec-- Loss:0.01 -- Error1:0.01
Phase:train -- Batch_idx:200/391-- 800.70 samples/sec-- Loss:0.01 -- Error1:0.02
Phase:train -- Batch_idx:300/391-- 803.04 samples/sec-- Loss:0.01 -- Error1:0.02
Train_Loss = 0.009469619780182839, Train_Err = 0.02
Val_Loss = 1.4284236553192138, Val_Err = 36.01
Epoch: [124 | 200]
Phase:train -- Batch_idx:100/391-- 794.86 samples/sec-- Loss:0.01 -- Error1:0.04
Phase:train -- Batch_idx:200/391-- 801.24 samples/sec-- Loss:0.01 -- Error1:0.03
Phase:train -- Batch_idx:300/391-- 803.34 samples/sec-- Loss:0.01 -- Error1:0.03
Train_Loss = 0.009415660630464553, Train_Err = 0.022
Val_Loss = 1.4325521408081054, Val_Err = 36.14
Epoch: [125 | 200]
Phase:train -- Batch_idx:100/391-- 793.61 samples/sec-- Loss:0.01 -- Error1:0.01
Phase:train -- Batch_idx:200/391-- 800.58 samples/sec-- Loss:0.01 -- Error1:0.02
Phase:train -- Batch_idx:300/391-- 802.94 samples/sec-- Loss:0.01 -- Error1:0.02
Train_Loss = 0.009433417659401894, Train_Err = 0.022
Val_Loss = 1.4326336929321288, Val_Err = 35.98
Epoch: [126 | 200]
Phase:train -- Batch_idx:100/391-- 794.24 samples/sec-- Loss:0.01 -- Error1:0.02
Phase:train -- Batch_idx:200/391-- 800.91 samples/sec-- Loss:0.01 -- Error1:0.03
Phase:train -- Batch_idx:300/391-- 803.20 samples/sec-- Loss:0.01 -- Error1:0.02
Train_Loss = 0.009566212024092675, Train_Err = 0.024
Val_Loss = 1.4324520977020263, Val_Err = 36.04
Epoch: [127 | 200]
Phase:train -- Batch_idx:100/391-- 793.81 samples/sec-- Loss:0.01 -- Error1:0.03
Phase:train -- Batch_idx:200/391-- 800.64 samples/sec-- Loss:0.01 -- Error1:0.03
Phase:train -- Batch_idx:300/391-- 802.95 samples/sec-- Loss:0.01 -- Error1:0.02
Train_Loss = 0.009345223076343537, Train_Err = 0.022
Val_Loss = 1.438135810470581, Val_Err = 36.2
Epoch: [128 | 200]
Phase:train -- Batch_idx:100/391-- 793.32 samples/sec-- Loss:0.01 -- Error1:0.02
Phase:train -- Batch_idx:200/391-- 800.53 samples/sec-- Loss:0.01 -- Error1:0.02
Phase:train -- Batch_idx:300/391-- 802.90 samples/sec-- Loss:0.01 -- Error1:0.01
Train_Loss = 0.009334480140805245, Train_Err = 0.01
Val_Loss = 1.4298378516197205, Val_Err = 36.09
Epoch: [129 | 200]
Phase:train -- Batch_idx:100/391-- 794.21 samples/sec-- Loss:0.01 -- Error1:0.01
Phase:train -- Batch_idx:200/391-- 801.03 samples/sec-- Loss:0.01 -- Error1:0.01
Phase:train -- Batch_idx:300/391-- 803.27 samples/sec-- Loss:0.01 -- Error1:0.02
Train_Loss = 0.009346945853829385, Train_Err = 0.018
Val_Loss = 1.4300433570861817, Val_Err = 36.21
Epoch: [130 | 200]
Phase:train -- Batch_idx:100/391-- 794.22 samples/sec-- Loss:0.01 -- Error1:0.02
Phase:train -- Batch_idx:200/391-- 800.91 samples/sec-- Loss:0.01 -- Error1:0.02
Phase:train -- Batch_idx:300/391-- 803.08 samples/sec-- Loss:0.01 -- Error1:0.02
Train_Loss = 0.009371691751778126, Train_Err = 0.016
Val_Loss = 1.4311087822914124, Val_Err = 36.28
Epoch: [131 | 200]
Phase:train -- Batch_idx:100/391-- 793.53 samples/sec-- Loss:0.01 -- Error1:0.01
Phase:train -- Batch_idx:200/391-- 800.55 samples/sec-- Loss:0.01 -- Error1:0.02
Phase:train -- Batch_idx:300/391-- 802.88 samples/sec-- Loss:0.01 -- Error1:0.02
Train_Loss = 0.009451064032316207, Train_Err = 0.02
Val_Loss = 1.4316914858818055, Val_Err = 36.1
Epoch: [132 | 200]
Phase:train -- Batch_idx:100/391-- 793.88 samples/sec-- Loss:0.01 -- Error1:0.02
Phase:train -- Batch_idx:200/391-- 800.86 samples/sec-- Loss:0.01 -- Error1:0.01
Phase:train -- Batch_idx:300/391-- 803.14 samples/sec-- Loss:0.01 -- Error1:0.01
Train_Loss = 0.009270461344718933, Train_Err = 0.012
Val_Loss = 1.4358569849967957, Val_Err = 36.13
Epoch: [133 | 200]
Phase:train -- Batch_idx:100/391-- 794.14 samples/sec-- Loss:0.01 -- Error1:0.02
Phase:train -- Batch_idx:200/391-- 800.88 samples/sec-- Loss:0.01 -- Error1:0.02
Phase:train -- Batch_idx:300/391-- 803.10 samples/sec-- Loss:0.01 -- Error1:0.02
Train_Loss = 0.009269790908694267, Train_Err = 0.02
Val_Loss = 1.4343806156158447, Val_Err = 36.1
Epoch: [134 | 200]
Phase:train -- Batch_idx:100/391-- 793.83 samples/sec-- Loss:0.01 -- Error1:0.03
Phase:train -- Batch_idx:200/391-- 800.75 samples/sec-- Loss:0.01 -- Error1:0.02
Phase:train -- Batch_idx:300/391-- 803.04 samples/sec-- Loss:0.01 -- Error1:0.01
Train_Loss = 0.009286323562264442, Train_Err = 0.012
Val_Loss = 1.432890184020996, Val_Err = 36.12
Epoch: [135 | 200]
Phase:train -- Batch_idx:100/391-- 793.70 samples/sec-- Loss:0.01 -- Error1:0.04
Phase:train -- Batch_idx:200/391-- 800.63 samples/sec-- Loss:0.01 -- Error1:0.03
Phase:train -- Batch_idx:300/391-- 802.90 samples/sec-- Loss:0.01 -- Error1:0.02
Train_Loss = 0.009317496425509452, Train_Err = 0.024
Val_Loss = 1.4311191785812378, Val_Err = 36.05
Epoch: [136 | 200]
Phase:train -- Batch_idx:100/391-- 793.28 samples/sec-- Loss:0.01 -- Error1:0.02
Phase:train -- Batch_idx:200/391-- 800.14 samples/sec-- Loss:0.01 -- Error1:0.02
Phase:train -- Batch_idx:300/391-- 802.46 samples/sec-- Loss:0.01 -- Error1:0.02
Train_Loss = 0.009275183621942996, Train_Err = 0.022
Val_Loss = 1.4343182466506958, Val_Err = 36.13
Epoch: [137 | 200]
Phase:train -- Batch_idx:100/391-- 793.63 samples/sec-- Loss:0.01 -- Error1:0.01
Phase:train -- Batch_idx:200/391-- 800.78 samples/sec-- Loss:0.01 -- Error1:0.02
Phase:train -- Batch_idx:300/391-- 803.07 samples/sec-- Loss:0.01 -- Error1:0.02
Train_Loss = 0.009325413534939288, Train_Err = 0.018
Val_Loss = 1.4353172304153443, Val_Err = 36.23
Epoch: [138 | 200]
Phase:train -- Batch_idx:100/391-- 793.39 samples/sec-- Loss:0.01 -- Error1:0.02
Phase:train -- Batch_idx:200/391-- 800.54 samples/sec-- Loss:0.01 -- Error1:0.02
Phase:train -- Batch_idx:300/391-- 802.87 samples/sec-- Loss:0.01 -- Error1:0.03
Train_Loss = 0.009370283471941947, Train_Err = 0.022
Val_Loss = 1.4327761706352233, Val_Err = 36.04
Epoch: [139 | 200]
Phase:train -- Batch_idx:100/391-- 794.21 samples/sec-- Loss:0.01 -- Error1:0.05
Phase:train -- Batch_idx:200/391-- 800.99 samples/sec-- Loss:0.01 -- Error1:0.03
Phase:train -- Batch_idx:300/391-- 803.24 samples/sec-- Loss:0.01 -- Error1:0.03
Train_Loss = 0.0095149685972929, Train_Err = 0.028
Val_Loss = 1.4328945608139039, Val_Err = 36.01
Epoch: [140 | 200]
Phase:train -- Batch_idx:100/391-- 793.78 samples/sec-- Loss:0.01 -- Error1:0.02
Phase:train -- Batch_idx:200/391-- 800.72 samples/sec-- Loss:0.01 -- Error1:0.01
Phase:train -- Batch_idx:300/391-- 803.08 samples/sec-- Loss:0.01 -- Error1:0.01
Train_Loss = 0.009424332877099513, Train_Err = 0.012
Val_Loss = 1.432660901260376, Val_Err = 36.12
Epoch: [141 | 200]
Phase:train -- Batch_idx:100/391-- 794.36 samples/sec-- Loss:0.01 -- Error1:0.01
Phase:train -- Batch_idx:200/391-- 801.00 samples/sec-- Loss:0.01 -- Error1:0.02
Phase:train -- Batch_idx:300/391-- 803.30 samples/sec-- Loss:0.01 -- Error1:0.02
Train_Loss = 0.009340262183248996, Train_Err = 0.024
Val_Loss = 1.4345497297286987, Val_Err = 36.14
Epoch: [142 | 200]
Phase:train -- Batch_idx:100/391-- 794.05 samples/sec-- Loss:0.01 -- Error1:0.02
Phase:train -- Batch_idx:200/391-- 800.85 samples/sec-- Loss:0.01 -- Error1:0.02
Phase:train -- Batch_idx:300/391-- 803.14 samples/sec-- Loss:0.01 -- Error1:0.01
Train_Loss = 0.009417672830224037, Train_Err = 0.016
Val_Loss = 1.4364822549819947, Val_Err = 36.31
Epoch: [143 | 200]
Phase:train -- Batch_idx:100/391-- 793.52 samples/sec-- Loss:0.01 -- Error1:0.02
Phase:train -- Batch_idx:200/391-- 800.50 samples/sec-- Loss:0.01 -- Error1:0.02
Phase:train -- Batch_idx:300/391-- 802.88 samples/sec-- Loss:0.01 -- Error1:0.02
Train_Loss = 0.009365964533686637, Train_Err = 0.022
Val_Loss = 1.4325118443489075, Val_Err = 36.06
Epoch: [144 | 200]
Phase:train -- Batch_idx:100/391-- 793.57 samples/sec-- Loss:0.01 -- Error1:0.02
Phase:train -- Batch_idx:200/391-- 800.64 samples/sec-- Loss:0.01 -- Error1:0.02
Phase:train -- Batch_idx:300/391-- 803.04 samples/sec-- Loss:0.01 -- Error1:0.03
Train_Loss = 0.00925301447570324, Train_Err = 0.022
Val_Loss = 1.4350870719909667, Val_Err = 36.04
Epoch: [145 | 200]
Phase:train -- Batch_idx:100/391-- 794.10 samples/sec-- Loss:0.01 -- Error1:0.03
Phase:train -- Batch_idx:200/391-- 800.91 samples/sec-- Loss:0.01 -- Error1:0.02
Phase:train -- Batch_idx:300/391-- 803.28 samples/sec-- Loss:0.01 -- Error1:0.03
Train_Loss = 0.009409158698320388, Train_Err = 0.026
Val_Loss = 1.4376344287872314, Val_Err = 36.03
Epoch: [146 | 200]
Phase:train -- Batch_idx:100/391-- 794.20 samples/sec-- Loss:0.01 -- Error1:0.03
Phase:train -- Batch_idx:200/391-- 800.96 samples/sec-- Loss:0.01 -- Error1:0.03
Phase:train -- Batch_idx:300/391-- 803.20 samples/sec-- Loss:0.01 -- Error1:0.02
Train_Loss = 0.009201210425198078, Train_Err = 0.018
Val_Loss = 1.4366078638076782, Val_Err = 36.17
Epoch: [147 | 200]
Phase:train -- Batch_idx:100/391-- 793.96 samples/sec-- Loss:0.01 -- Error1:0.02
Phase:train -- Batch_idx:200/391-- 800.78 samples/sec-- Loss:0.01 -- Error1:0.01
Phase:train -- Batch_idx:300/391-- 803.12 samples/sec-- Loss:0.01 -- Error1:0.02
Train_Loss = 0.009290158382356167, Train_Err = 0.022
Val_Loss = 1.433406333065033, Val_Err = 36.16
Epoch: [148 | 200]
Phase:train -- Batch_idx:100/391-- 794.39 samples/sec-- Loss:0.01 -- Error1:0.01
Phase:train -- Batch_idx:200/391-- 801.06 samples/sec-- Loss:0.01 -- Error1:0.02
Phase:train -- Batch_idx:300/391-- 803.32 samples/sec-- Loss:0.01 -- Error1:0.02
Train_Loss = 0.009272919162511826, Train_Err = 0.022
Val_Loss = 1.4358729098320007, Val_Err = 36.23
Epoch: [149 | 200]
Phase:train -- Batch_idx:100/391-- 794.52 samples/sec-- Loss:0.01 -- Error1:0.01
Phase:train -- Batch_idx:200/391-- 801.06 samples/sec-- Loss:0.01 -- Error1:0.01
Phase:train -- Batch_idx:300/391-- 803.29 samples/sec-- Loss:0.01 -- Error1:0.01
Train_Loss = 0.009100320813059807, Train_Err = 0.012
Val_Loss = 1.4312730978012085, Val_Err = 36.39
Epoch: [150 | 200]
Phase:train -- Batch_idx:100/391-- 793.81 samples/sec-- Loss:0.01 -- Error1:0.02
Phase:train -- Batch_idx:200/391-- 800.74 samples/sec-- Loss:0.01 -- Error1:0.02
Phase:train -- Batch_idx:300/391-- 803.06 samples/sec-- Loss:0.01 -- Error1:0.01
Train_Loss = 0.00918290280520916, Train_Err = 0.022
Val_Loss = 1.4380777500152588, Val_Err = 36.17
Epoch: [151 | 200]
Phase:train -- Batch_idx:100/391-- 794.19 samples/sec-- Loss:0.01 -- Error1:0.02
Phase:train -- Batch_idx:200/391-- 800.92 samples/sec-- Loss:0.01 -- Error1:0.02
Phase:train -- Batch_idx:300/391-- 803.15 samples/sec-- Loss:0.01 -- Error1:0.02
Train_Loss = 0.009184018668532372, Train_Err = 0.022
Val_Loss = 1.4346989364624023, Val_Err = 36.16
Epoch: [152 | 200]
Phase:train -- Batch_idx:100/391-- 793.49 samples/sec-- Loss:0.01 -- Error1:0.02
Phase:train -- Batch_idx:200/391-- 800.56 samples/sec-- Loss:0.01 -- Error1:0.02
Phase:train -- Batch_idx:300/391-- 802.93 samples/sec-- Loss:0.01 -- Error1:0.02
Train_Loss = 0.009347506924569607, Train_Err = 0.02
Val_Loss = 1.4360256586074829, Val_Err = 36.33
Epoch: [153 | 200]
Phase:train -- Batch_idx:100/391-- 793.53 samples/sec-- Loss:0.01 -- Error1:0.02
Phase:train -- Batch_idx:200/391-- 800.59 samples/sec-- Loss:0.01 -- Error1:0.03
Phase:train -- Batch_idx:300/391-- 802.98 samples/sec-- Loss:0.01 -- Error1:0.02
Train_Loss = 0.009408440627455711, Train_Err = 0.022
Val_Loss = 1.4361364442825317, Val_Err = 36.1
Epoch: [154 | 200]
Phase:train -- Batch_idx:100/391-- 793.74 samples/sec-- Loss:0.01 -- Error1:0.02
Phase:train -- Batch_idx:200/391-- 800.67 samples/sec-- Loss:0.01 -- Error1:0.02
Phase:train -- Batch_idx:300/391-- 802.94 samples/sec-- Loss:0.01 -- Error1:0.02
Train_Loss = 0.00938120584100485, Train_Err = 0.02
Val_Loss = 1.4346608736038209, Val_Err = 36.25
Epoch: [155 | 200]
Phase:train -- Batch_idx:100/391-- 794.30 samples/sec-- Loss:0.01 -- Error1:0.02
Phase:train -- Batch_idx:200/391-- 800.95 samples/sec-- Loss:0.01 -- Error1:0.01
Phase:train -- Batch_idx:300/391-- 803.20 samples/sec-- Loss:0.01 -- Error1:0.01
Train_Loss = 0.009251343419253827, Train_Err = 0.02
Val_Loss = 1.4367387956619262, Val_Err = 36.29
Epoch: [156 | 200]
Phase:train -- Batch_idx:100/391-- 793.75 samples/sec-- Loss:0.01 -- Error1:0.01
Phase:train -- Batch_idx:200/391-- 800.62 samples/sec-- Loss:0.01 -- Error1:0.02
Phase:train -- Batch_idx:300/391-- 802.98 samples/sec-- Loss:0.01 -- Error1:0.02
Train_Loss = 0.009265282434225083, Train_Err = 0.022
Val_Loss = 1.435509059715271, Val_Err = 36.22
Epoch: [157 | 200]
Phase:train -- Batch_idx:100/391-- 794.54 samples/sec-- Loss:0.01 -- Error1:0.02
Phase:train -- Batch_idx:200/391-- 801.17 samples/sec-- Loss:0.01 -- Error1:0.04
Phase:train -- Batch_idx:300/391-- 803.34 samples/sec-- Loss:0.01 -- Error1:0.03
Train_Loss = 0.00910841060191393, Train_Err = 0.022
Val_Loss = 1.4383925158500672, Val_Err = 36.29
Epoch: [158 | 200]
Phase:train -- Batch_idx:100/391-- 793.52 samples/sec-- Loss:0.01 -- Error1:0.02
Phase:train -- Batch_idx:200/391-- 800.54 samples/sec-- Loss:0.01 -- Error1:0.03
Phase:train -- Batch_idx:300/391-- 802.87 samples/sec-- Loss:0.01 -- Error1:0.03
Train_Loss = 0.009391023143827915, Train_Err = 0.026
Val_Loss = 1.4391640811920166, Val_Err = 36.29
Epoch: [159 | 200]
Phase:train -- Batch_idx:100/391-- 794.01 samples/sec-- Loss:0.01 -- Error1:0.02
Phase:train -- Batch_idx:200/391-- 800.84 samples/sec-- Loss:0.01 -- Error1:0.02
Phase:train -- Batch_idx:300/391-- 803.11 samples/sec-- Loss:0.01 -- Error1:0.02
Train_Loss = 0.00932471139550209, Train_Err = 0.024
Val_Loss = 1.4333619665145874, Val_Err = 36.14
Epoch: [160 | 200]
Phase:train -- Batch_idx:100/391-- 794.70 samples/sec-- Loss:0.01 -- Error1:0.02
Phase:train -- Batch_idx:200/391-- 800.95 samples/sec-- Loss:0.01 -- Error1:0.02
Phase:train -- Batch_idx:300/391-- 803.07 samples/sec-- Loss:0.01 -- Error1:0.02
Train_Loss = 0.009189437462687492, Train_Err = 0.02
Val_Loss = 1.4394272830963135, Val_Err = 36.1
Epoch: [161 | 200]
Phase:train -- Batch_idx:100/391-- 793.04 samples/sec-- Loss:0.01 -- Error1:0.02
Phase:train -- Batch_idx:200/391-- 800.04 samples/sec-- Loss:0.01 -- Error1:0.01
Phase:train -- Batch_idx:300/391-- 802.38 samples/sec-- Loss:0.01 -- Error1:0.01
Train_Loss = 0.00931732084542513, Train_Err = 0.018
Val_Loss = 1.4347379947662353, Val_Err = 36.12
Epoch: [162 | 200]
Phase:train -- Batch_idx:100/391-- 793.62 samples/sec-- Loss:0.01 -- Error1:0.02
Phase:train -- Batch_idx:200/391-- 800.39 samples/sec-- Loss:0.01 -- Error1:0.03
Phase:train -- Batch_idx:300/391-- 802.68 samples/sec-- Loss:0.01 -- Error1:0.03
Train_Loss = 0.00936705852895975, Train_Err = 0.026
Val_Loss = 1.4369904039382935, Val_Err = 36.22
Epoch: [163 | 200]
Phase:train -- Batch_idx:100/391-- 793.52 samples/sec-- Loss:0.01 -- Error1:0.03
Phase:train -- Batch_idx:200/391-- 800.43 samples/sec-- Loss:0.01 -- Error1:0.04
Phase:train -- Batch_idx:300/391-- 802.78 samples/sec-- Loss:0.01 -- Error1:0.03
Train_Loss = 0.009401566674411296, Train_Err = 0.024
Val_Loss = 1.441672534942627, Val_Err = 36.23
Epoch: [164 | 200]
Phase:train -- Batch_idx:100/391-- 793.34 samples/sec-- Loss:0.01 -- Error1:0.03
Phase:train -- Batch_idx:200/391-- 800.32 samples/sec-- Loss:0.01 -- Error1:0.03
Phase:train -- Batch_idx:300/391-- 802.72 samples/sec-- Loss:0.01 -- Error1:0.02
Train_Loss = 0.009167727861404419, Train_Err = 0.018
Val_Loss = 1.4389356426239013, Val_Err = 36.25
Epoch: [165 | 200]
Phase:train -- Batch_idx:100/391-- 793.43 samples/sec-- Loss:0.01 -- Error1:0.02
Phase:train -- Batch_idx:200/391-- 800.53 samples/sec-- Loss:0.01 -- Error1:0.01
Phase:train -- Batch_idx:300/391-- 802.81 samples/sec-- Loss:0.01 -- Error1:0.01
Train_Loss = 0.009214571737647056, Train_Err = 0.02
Val_Loss = 1.437790202331543, Val_Err = 36.21
Epoch: [166 | 200]
Phase:train -- Batch_idx:100/391-- 793.64 samples/sec-- Loss:0.01 -- Error1:0.02
Phase:train -- Batch_idx:200/391-- 800.58 samples/sec-- Loss:0.01 -- Error1:0.02
Phase:train -- Batch_idx:300/391-- 802.86 samples/sec-- Loss:0.01 -- Error1:0.02
Train_Loss = 0.009227486052513122, Train_Err = 0.024
Val_Loss = 1.4411871236801148, Val_Err = 36.28
Epoch: [167 | 200]
Phase:train -- Batch_idx:100/391-- 793.70 samples/sec-- Loss:0.01 -- Error1:0.01
Phase:train -- Batch_idx:200/391-- 800.60 samples/sec-- Loss:0.01 -- Error1:0.02
Phase:train -- Batch_idx:300/391-- 802.93 samples/sec-- Loss:0.01 -- Error1:0.02
Train_Loss = 0.009198486704826356, Train_Err = 0.014
Val_Loss = 1.4373970308303834, Val_Err = 36.06
Epoch: [168 | 200]
Phase:train -- Batch_idx:100/391-- 793.88 samples/sec-- Loss:0.01 -- Error1:0.02
Phase:train -- Batch_idx:200/391-- 800.78 samples/sec-- Loss:0.01 -- Error1:0.02
Phase:train -- Batch_idx:300/391-- 803.02 samples/sec-- Loss:0.01 -- Error1:0.02
Train_Loss = 0.009180706952810288, Train_Err = 0.024
Val_Loss = 1.4378543851852417, Val_Err = 36.4
Epoch: [169 | 200]
Phase:train -- Batch_idx:100/391-- 795.16 samples/sec-- Loss:0.01 -- Error1:0.03
Phase:train -- Batch_idx:200/391-- 801.45 samples/sec-- Loss:0.01 -- Error1:0.02
Phase:train -- Batch_idx:300/391-- 803.52 samples/sec-- Loss:0.01 -- Error1:0.03
Train_Loss = 0.009382358489632606, Train_Err = 0.03
Val_Loss = 1.4376526573181152, Val_Err = 36.4
Epoch: [170 | 200]
Phase:train -- Batch_idx:100/391-- 793.44 samples/sec-- Loss:0.01 -- Error1:0.03
Phase:train -- Batch_idx:200/391-- 800.37 samples/sec-- Loss:0.01 -- Error1:0.03
Phase:train -- Batch_idx:300/391-- 802.84 samples/sec-- Loss:0.01 -- Error1:0.02
Train_Loss = 0.009189862430691718, Train_Err = 0.024
Val_Loss = 1.438079497718811, Val_Err = 36.13
Epoch: [171 | 200]
Phase:train -- Batch_idx:100/391-- 793.81 samples/sec-- Loss:0.01 -- Error1:0.02
Phase:train -- Batch_idx:200/391-- 800.52 samples/sec-- Loss:0.01 -- Error1:0.01
Phase:train -- Batch_idx:300/391-- 802.87 samples/sec-- Loss:0.01 -- Error1:0.01
Train_Loss = 0.009200732565522195, Train_Err = 0.016
Val_Loss = 1.441403325843811, Val_Err = 36.33
Epoch: [172 | 200]
Phase:train -- Batch_idx:100/391-- 794.06 samples/sec-- Loss:0.01 -- Error1:0.03
Phase:train -- Batch_idx:200/391-- 800.82 samples/sec-- Loss:0.01 -- Error1:0.03
Phase:train -- Batch_idx:300/391-- 803.13 samples/sec-- Loss:0.01 -- Error1:0.02
Train_Loss = 0.009177558780312537, Train_Err = 0.02
Val_Loss = 1.4399867948532104, Val_Err = 36.4
Epoch: [173 | 200]
Phase:train -- Batch_idx:100/391-- 793.82 samples/sec-- Loss:0.01 -- Error1:0.01
Phase:train -- Batch_idx:200/391-- 800.63 samples/sec-- Loss:0.01 -- Error1:0.02
Phase:train -- Batch_idx:300/391-- 802.93 samples/sec-- Loss:0.01 -- Error1:0.02
Train_Loss = 0.009137207502424718, Train_Err = 0.018
Val_Loss = 1.443912028694153, Val_Err = 36.38
Epoch: [174 | 200]
Phase:train -- Batch_idx:100/391-- 793.80 samples/sec-- Loss:0.01 -- Error1:0.02
Phase:train -- Batch_idx:200/391-- 800.76 samples/sec-- Loss:0.01 -- Error1:0.02
Phase:train -- Batch_idx:300/391-- 803.03 samples/sec-- Loss:0.01 -- Error1:0.02
Train_Loss = 0.009250143476724624, Train_Err = 0.02
Val_Loss = 1.4404450973510743, Val_Err = 36.27
Epoch: [175 | 200]
Phase:train -- Batch_idx:100/391-- 793.93 samples/sec-- Loss:0.01 -- Error1:0.00
Phase:train -- Batch_idx:200/391-- 800.80 samples/sec-- Loss:0.01 -- Error1:0.01
Phase:train -- Batch_idx:300/391-- 803.13 samples/sec-- Loss:0.01 -- Error1:0.01
Train_Loss = 0.009319022443294526, Train_Err = 0.016
Val_Loss = 1.4450615894317627, Val_Err = 36.44
Epoch: [176 | 200]
Phase:train -- Batch_idx:100/391-- 794.19 samples/sec-- Loss:0.01 -- Error1:0.02
Phase:train -- Batch_idx:200/391-- 800.91 samples/sec-- Loss:0.01 -- Error1:0.02
Phase:train -- Batch_idx:300/391-- 803.15 samples/sec-- Loss:0.01 -- Error1:0.02
Train_Loss = 0.008999745093882084, Train_Err = 0.018
Val_Loss = 1.440333275604248, Val_Err = 36.24
Epoch: [177 | 200]
Phase:train -- Batch_idx:100/391-- 793.81 samples/sec-- Loss:0.01 -- Error1:0.02
Phase:train -- Batch_idx:200/391-- 800.79 samples/sec-- Loss:0.01 -- Error1:0.03
Phase:train -- Batch_idx:300/391-- 803.12 samples/sec-- Loss:0.01 -- Error1:0.02
Train_Loss = 0.009154647526144982, Train_Err = 0.022
Val_Loss = 1.4462897079467774, Val_Err = 36.27
Epoch: [178 | 200]
Phase:train -- Batch_idx:100/391-- 793.53 samples/sec-- Loss:0.01 -- Error1:0.01
Phase:train -- Batch_idx:200/391-- 800.65 samples/sec-- Loss:0.01 -- Error1:0.01
Phase:train -- Batch_idx:300/391-- 803.01 samples/sec-- Loss:0.01 -- Error1:0.02
Train_Loss = 0.008969705152511597, Train_Err = 0.016
Val_Loss = 1.4439176279067993, Val_Err = 36.4
Epoch: [179 | 200]
Phase:train -- Batch_idx:100/391-- 794.11 samples/sec-- Loss:0.01 -- Error1:0.03
Phase:train -- Batch_idx:200/391-- 800.88 samples/sec-- Loss:0.01 -- Error1:0.04
Phase:train -- Batch_idx:300/391-- 803.10 samples/sec-- Loss:0.01 -- Error1:0.03
Train_Loss = 0.009214376447796822, Train_Err = 0.024
Val_Loss = 1.4450392192840575, Val_Err = 36.3
Epoch: [180 | 200]
Phase:train -- Batch_idx:100/391-- 793.99 samples/sec-- Loss:0.01 -- Error1:0.02
Phase:train -- Batch_idx:200/391-- 800.91 samples/sec-- Loss:0.01 -- Error1:0.02
Phase:train -- Batch_idx:300/391-- 803.18 samples/sec-- Loss:0.01 -- Error1:0.02
Train_Loss = 0.009138936300873757, Train_Err = 0.022
Val_Loss = 1.440586329460144, Val_Err = 36.4
Epoch: [181 | 200]
Phase:train -- Batch_idx:100/391-- 794.63 samples/sec-- Loss:0.01 -- Error1:0.02
Phase:train -- Batch_idx:200/391-- 800.99 samples/sec-- Loss:0.01 -- Error1:0.02
Phase:train -- Batch_idx:300/391-- 803.13 samples/sec-- Loss:0.01 -- Error1:0.03
Train_Loss = 0.009182324351072312, Train_Err = 0.032
Val_Loss = 1.4420659399032594, Val_Err = 36.48
Epoch: [182 | 200]
Phase:train -- Batch_idx:100/391-- 793.43 samples/sec-- Loss:0.01 -- Error1:0.04
Phase:train -- Batch_idx:200/391-- 800.58 samples/sec-- Loss:0.01 -- Error1:0.03
Phase:train -- Batch_idx:300/391-- 802.97 samples/sec-- Loss:0.01 -- Error1:0.02
Train_Loss = 0.009188887929916381, Train_Err = 0.028
Val_Loss = 1.4440535585403442, Val_Err = 36.3
Epoch: [183 | 200]
Phase:train -- Batch_idx:100/391-- 793.16 samples/sec-- Loss:0.01 -- Error1:0.02
Phase:train -- Batch_idx:200/391-- 800.21 samples/sec-- Loss:0.01 -- Error1:0.02
Phase:train -- Batch_idx:300/391-- 802.51 samples/sec-- Loss:0.01 -- Error1:0.02
Train_Loss = 0.009059406683146953, Train_Err = 0.02
Val_Loss = 1.4443708181381225, Val_Err = 36.43
Epoch: [184 | 200]
Phase:train -- Batch_idx:100/391-- 793.80 samples/sec-- Loss:0.01 -- Error1:0.02
Phase:train -- Batch_idx:200/391-- 800.84 samples/sec-- Loss:0.01 -- Error1:0.02
Phase:train -- Batch_idx:300/391-- 803.21 samples/sec-- Loss:0.01 -- Error1:0.02
Train_Loss = 0.009188452278971672, Train_Err = 0.024
Val_Loss = 1.4424452089309692, Val_Err = 36.29
Epoch: [185 | 200]
Phase:train -- Batch_idx:100/391-- 794.56 samples/sec-- Loss:0.01 -- Error1:0.03
Phase:train -- Batch_idx:200/391-- 801.22 samples/sec-- Loss:0.01 -- Error1:0.04
Phase:train -- Batch_idx:300/391-- 803.51 samples/sec-- Loss:0.01 -- Error1:0.03
Train_Loss = 0.009203359326124191, Train_Err = 0.03
Val_Loss = 1.445574819946289, Val_Err = 36.45
Epoch: [186 | 200]
Phase:train -- Batch_idx:100/391-- 795.87 samples/sec-- Loss:0.01 -- Error1:0.03
Phase:train -- Batch_idx:200/391-- 802.00 samples/sec-- Loss:0.01 -- Error1:0.02
Phase:train -- Batch_idx:300/391-- 804.10 samples/sec-- Loss:0.01 -- Error1:0.02
Train_Loss = 0.009135189725458622, Train_Err = 0.024
Val_Loss = 1.4452982179641725, Val_Err = 36.49
Epoch: [187 | 200]
Phase:train -- Batch_idx:100/391-- 795.89 samples/sec-- Loss:0.01 -- Error1:0.02
Phase:train -- Batch_idx:200/391-- 801.38 samples/sec-- Loss:0.01 -- Error1:0.02
Phase:train -- Batch_idx:300/391-- 803.39 samples/sec-- Loss:0.01 -- Error1:0.02
Train_Loss = 0.009167750791907311, Train_Err = 0.022
Val_Loss = 1.4468655723571777, Val_Err = 36.4
Epoch: [188 | 200]
Phase:train -- Batch_idx:100/391-- 792.27 samples/sec-- Loss:0.01 -- Error1:0.03
Phase:train -- Batch_idx:200/391-- 799.56 samples/sec-- Loss:0.01 -- Error1:0.03
Phase:train -- Batch_idx:300/391-- 802.04 samples/sec-- Loss:0.01 -- Error1:0.02
Train_Loss = 0.009252595324218273, Train_Err = 0.022
Val_Loss = 1.4470149396896361, Val_Err = 36.32
Epoch: [189 | 200]
Phase:train -- Batch_idx:100/391-- 792.11 samples/sec-- Loss:0.01 -- Error1:0.02
Phase:train -- Batch_idx:200/391-- 799.43 samples/sec-- Loss:0.01 -- Error1:0.02
Phase:train -- Batch_idx:300/391-- 802.11 samples/sec-- Loss:0.01 -- Error1:0.02
Train_Loss = 0.00913394507944584, Train_Err = 0.02
Val_Loss = 1.444884887123108, Val_Err = 36.24
Epoch: [190 | 200]
Phase:train -- Batch_idx:100/391-- 795.57 samples/sec-- Loss:0.01 -- Error1:0.02
Phase:train -- Batch_idx:200/391-- 801.34 samples/sec-- Loss:0.01 -- Error1:0.01
Phase:train -- Batch_idx:300/391-- 803.43 samples/sec-- Loss:0.01 -- Error1:0.01
Train_Loss = 0.009035748897790909, Train_Err = 0.012
Val_Loss = 1.4450278299331665, Val_Err = 36.46
Epoch: [191 | 200]
Phase:train -- Batch_idx:100/391-- 793.69 samples/sec-- Loss:0.01 -- Error1:0.02
Phase:train -- Batch_idx:200/391-- 800.48 samples/sec-- Loss:0.01 -- Error1:0.02
Phase:train -- Batch_idx:300/391-- 802.72 samples/sec-- Loss:0.01 -- Error1:0.03
Train_Loss = 0.009120967545807362, Train_Err = 0.022
Val_Loss = 1.444495604133606, Val_Err = 36.55
Epoch: [192 | 200]
Phase:train -- Batch_idx:100/391-- 794.74 samples/sec-- Loss:0.01 -- Error1:0.03
Phase:train -- Batch_idx:200/391-- 801.03 samples/sec-- Loss:0.01 -- Error1:0.02
Phase:train -- Batch_idx:300/391-- 803.27 samples/sec-- Loss:0.01 -- Error1:0.03
Train_Loss = 0.00915176835000515, Train_Err = 0.024
Val_Loss = 1.447043217277527, Val_Err = 36.37
Epoch: [193 | 200]
Phase:train -- Batch_idx:100/391-- 794.23 samples/sec-- Loss:0.01 -- Error1:0.02
Phase:train -- Batch_idx:200/391-- 800.78 samples/sec-- Loss:0.01 -- Error1:0.02
Phase:train -- Batch_idx:300/391-- 802.77 samples/sec-- Loss:0.01 -- Error1:0.02
Train_Loss = 0.00912586504280567, Train_Err = 0.022
Val_Loss = 1.4441700838088989, Val_Err = 36.32
Epoch: [194 | 200]
Phase:train -- Batch_idx:100/391-- 794.11 samples/sec-- Loss:0.01 -- Error1:0.02
Phase:train -- Batch_idx:200/391-- 800.65 samples/sec-- Loss:0.01 -- Error1:0.02
Phase:train -- Batch_idx:300/391-- 803.03 samples/sec-- Loss:0.01 -- Error1:0.02
Train_Loss = 0.009300609480142594, Train_Err = 0.024
Val_Loss = 1.444039044189453, Val_Err = 36.26
Epoch: [195 | 200]
Phase:train -- Batch_idx:100/391-- 793.95 samples/sec-- Loss:0.01 -- Error1:0.02
Phase:train -- Batch_idx:200/391-- 800.16 samples/sec-- Loss:0.01 -- Error1:0.03
Phase:train -- Batch_idx:300/391-- 802.35 samples/sec-- Loss:0.01 -- Error1:0.02
Train_Loss = 0.009077540701031684, Train_Err = 0.02
Val_Loss = 1.4467844430923462, Val_Err = 36.51
Epoch: [196 | 200]
Phase:train -- Batch_idx:100/391-- 791.78 samples/sec-- Loss:0.01 -- Error1:0.02
Phase:train -- Batch_idx:200/391-- 799.42 samples/sec-- Loss:0.01 -- Error1:0.02
Phase:train -- Batch_idx:300/391-- 802.17 samples/sec-- Loss:0.01 -- Error1:0.02
Train_Loss = 0.00921730137169361, Train_Err = 0.024
Val_Loss = 1.4490114137649537, Val_Err = 36.35
Epoch: [197 | 200]
Phase:train -- Batch_idx:100/391-- 792.45 samples/sec-- Loss:0.01 -- Error1:0.02
Phase:train -- Batch_idx:200/391-- 799.81 samples/sec-- Loss:0.01 -- Error1:0.02
Phase:train -- Batch_idx:300/391-- 802.25 samples/sec-- Loss:0.01 -- Error1:0.02
Train_Loss = 0.008930888261198998, Train_Err = 0.016
Val_Loss = 1.4476226322174073, Val_Err = 36.2
Epoch: [198 | 200]
Phase:train -- Batch_idx:100/391-- 794.24 samples/sec-- Loss:0.01 -- Error1:0.01
Phase:train -- Batch_idx:200/391-- 800.55 samples/sec-- Loss:0.01 -- Error1:0.02
Phase:train -- Batch_idx:300/391-- 802.86 samples/sec-- Loss:0.01 -- Error1:0.02
Train_Loss = 0.008915652642250062, Train_Err = 0.02
Val_Loss = 1.4488397832870483, Val_Err = 36.39
Epoch: [199 | 200]
Phase:train -- Batch_idx:100/391-- 795.28 samples/sec-- Loss:0.01 -- Error1:0.02
Phase:train -- Batch_idx:200/391-- 801.69 samples/sec-- Loss:0.01 -- Error1:0.02
Phase:train -- Batch_idx:300/391-- 803.81 samples/sec-- Loss:0.01 -- Error1:0.02
Train_Loss = 0.009144899141788483, Train_Err = 0.024
Val_Loss = 1.4465842296600342, Val_Err = 36.46
