Namespace(bs=128, cp_dir='./checkpoints/cifar10/resnet50/entropy_sgd_0.5_0.0001_0.1_5_0.5/run_ms_0', data_dir='./data/cifar10', dir='.', dtype='cifar10', ep=40, g0=0.5, g1=0.0001, loadckp=False, lr=0.5, milestones=[20, 24], mo=0.9, ms=0, mtype='resnet50', n='cifar10/resnet50/entropy_sgd_0.5_0.0001_0.1_5_0.5', num_classes=10, print_freq=100, sgld_lr=0.1, use_cuda=True, wd=0.0005)
Epoch: [0 | 40]
Phase:train -- -- 956.60 samples/sec-- Loss:1.79 -- Error1:61.74
Train_Loss = 1.7859440771560668, Train_Err = 61.7364
Phase:val -- -- 2994.77 samples/sec-- Loss:1.18 -- Error1:42.54
Val_Loss = 1.1754248672485352, Val_Err = 42.54
Epoch: [1 | 40]
Phase:train -- -- 962.27 samples/sec-- Loss:0.88 -- Error1:31.35
Train_Loss = 0.8816166513595581, Train_Err = 31.3528
Phase:val -- -- 3107.39 samples/sec-- Loss:0.74 -- Error1:26.36
Val_Loss = 0.7410472055435181, Val_Err = 26.36
Epoch: [2 | 40]
Phase:train -- -- 962.34 samples/sec-- Loss:0.54 -- Error1:19.15
Train_Loss = 0.5432985977840423, Train_Err = 19.1528
Phase:val -- -- 3107.74 samples/sec-- Loss:0.63 -- Error1:21.11
Val_Loss = 0.6334386590003968, Val_Err = 21.11
Epoch: [3 | 40]
Phase:train -- -- 962.29 samples/sec-- Loss:0.38 -- Error1:13.36
Train_Loss = 0.38378178407096863, Train_Err = 13.3596
Phase:val -- -- 3103.15 samples/sec-- Loss:0.74 -- Error1:23.64
Val_Loss = 0.7397554931640625, Val_Err = 23.64
Epoch: [4 | 40]
Phase:train -- -- 962.11 samples/sec-- Loss:0.33 -- Error1:11.32
Train_Loss = 0.3263175405158997, Train_Err = 11.3224
Phase:val -- -- 3102.03 samples/sec-- Loss:0.59 -- Error1:19.79
Val_Loss = 0.5871759646415711, Val_Err = 19.79
Epoch: [5 | 40]
Phase:train -- -- 962.41 samples/sec-- Loss:0.31 -- Error1:10.53
Train_Loss = 0.30650279302310945, Train_Err = 10.53
Phase:val -- -- 3107.40 samples/sec-- Loss:0.65 -- Error1:21.46
Val_Loss = 0.6502774765968323, Val_Err = 21.46
Epoch: [6 | 40]
Phase:train -- -- 962.47 samples/sec-- Loss:0.29 -- Error1:10.10
Train_Loss = 0.2934704196624756, Train_Err = 10.0972
Phase:val -- -- 3104.99 samples/sec-- Loss:0.61 -- Error1:20.22
Val_Loss = 0.6089386570930481, Val_Err = 20.22
Epoch: [7 | 40]
Phase:train -- -- 962.24 samples/sec-- Loss:0.29 -- Error1:9.97
Train_Loss = 0.2871341241855621, Train_Err = 9.968
Phase:val -- -- 3102.81 samples/sec-- Loss:0.69 -- Error1:22.25
Val_Loss = 0.691719215297699, Val_Err = 22.25
Epoch: [8 | 40]
Phase:train -- -- 962.41 samples/sec-- Loss:0.28 -- Error1:9.66
Train_Loss = 0.2803399222202301, Train_Err = 9.6612
Phase:val -- -- 3098.64 samples/sec-- Loss:0.65 -- Error1:20.65
Val_Loss = 0.654101623916626, Val_Err = 20.65
Epoch: [9 | 40]
Phase:train -- -- 962.18 samples/sec-- Loss:0.28 -- Error1:9.76
Train_Loss = 0.2828130024108887, Train_Err = 9.758
Phase:val -- -- 3100.66 samples/sec-- Loss:0.59 -- Error1:19.16
Val_Loss = 0.5933423369407654, Val_Err = 19.16
Epoch: [10 | 40]
Phase:train -- -- 962.11 samples/sec-- Loss:0.29 -- Error1:9.83
Train_Loss = 0.2869211625480652, Train_Err = 9.8292
Phase:val -- -- 3101.59 samples/sec-- Loss:0.57 -- Error1:19.03
Val_Loss = 0.5731906572341919, Val_Err = 19.03
Epoch: [11 | 40]
Phase:train -- -- 961.57 samples/sec-- Loss:0.29 -- Error1:10.02
Train_Loss = 0.29060825691986086, Train_Err = 10.016
Phase:val -- -- 3101.02 samples/sec-- Loss:0.57 -- Error1:19.00
Val_Loss = 0.5722821829795838, Val_Err = 19.0
Epoch: [12 | 40]
Phase:train -- -- 961.77 samples/sec-- Loss:0.29 -- Error1:10.16
Train_Loss = 0.29449975746154783, Train_Err = 10.1604
Phase:val -- -- 3098.69 samples/sec-- Loss:0.64 -- Error1:20.99
Val_Loss = 0.6387419643402099, Val_Err = 20.99
Epoch: [13 | 40]
Phase:train -- -- 961.47 samples/sec-- Loss:0.30 -- Error1:10.37
Train_Loss = 0.30224622877693175, Train_Err = 10.3672
Phase:val -- -- 3105.23 samples/sec-- Loss:0.59 -- Error1:19.43
Val_Loss = 0.5946207593917847, Val_Err = 19.43
Epoch: [14 | 40]
Phase:train -- -- 961.57 samples/sec-- Loss:0.31 -- Error1:10.57
Train_Loss = 0.3109919178600311, Train_Err = 10.574
Phase:val -- -- 3092.94 samples/sec-- Loss:0.64 -- Error1:20.38
Val_Loss = 0.6404925163269043, Val_Err = 20.38
Epoch: [15 | 40]
Phase:train -- -- 961.07 samples/sec-- Loss:0.32 -- Error1:10.90
Train_Loss = 0.31930070516586306, Train_Err = 10.898
Phase:val -- -- 3086.08 samples/sec-- Loss:0.63 -- Error1:20.62
Val_Loss = 0.6314037596702575, Val_Err = 20.62
Epoch: [16 | 40]
Phase:train -- -- 961.26 samples/sec-- Loss:0.33 -- Error1:11.13
Train_Loss = 0.3251471405582428, Train_Err = 11.1332
Phase:val -- -- 3107.23 samples/sec-- Loss:0.70 -- Error1:22.43
Val_Loss = 0.6966758773803711, Val_Err = 22.43
Epoch: [17 | 40]
Phase:train -- -- 961.16 samples/sec-- Loss:0.34 -- Error1:11.57
Train_Loss = 0.3381425663948059, Train_Err = 11.5716
Phase:val -- -- 3088.82 samples/sec-- Loss:0.83 -- Error1:25.62
Val_Loss = 0.8334275364875794, Val_Err = 25.62
Epoch: [18 | 40]
Phase:train -- -- 961.04 samples/sec-- Loss:0.34 -- Error1:11.84
Train_Loss = 0.344878911693573, Train_Err = 11.8396
Phase:val -- -- 3097.73 samples/sec-- Loss:0.62 -- Error1:20.72
Val_Loss = 0.6192405330181122, Val_Err = 20.72
Epoch: [19 | 40]
Phase:train -- -- 960.95 samples/sec-- Loss:0.36 -- Error1:12.11
Train_Loss = 0.3552026668987274, Train_Err = 12.1104
Phase:val -- -- 3106.42 samples/sec-- Loss:0.64 -- Error1:21.33
Val_Loss = 0.6437069703102112, Val_Err = 21.33
Epoch: [20 | 40]
Phase:train -- -- 961.27 samples/sec-- Loss:0.08 -- Error1:2.22
Train_Loss = 0.07770763600760698, Train_Err = 2.2248
Phase:val -- -- 3092.07 samples/sec-- Loss:0.37 -- Error1:10.77
Val_Loss = 0.3718200901031494, Val_Err = 10.77
Epoch: [21 | 40]
Phase:train -- -- 961.56 samples/sec-- Loss:0.01 -- Error1:0.05
Train_Loss = 0.008511164418429137, Train_Err = 0.0504
Phase:val -- -- 3093.26 samples/sec-- Loss:0.39 -- Error1:10.76
Val_Loss = 0.38846236250400545, Val_Err = 10.76
Epoch: [22 | 40]
Phase:train -- -- 961.22 samples/sec-- Loss:0.00 -- Error1:0.01
Train_Loss = 0.004818309879004955, Train_Err = 0.0076
Phase:val -- -- 3101.88 samples/sec-- Loss:0.39 -- Error1:10.59
Val_Loss = 0.3943414969444275, Val_Err = 10.59
Epoch: [23 | 40]
Phase:train -- -- 961.18 samples/sec-- Loss:0.01 -- Error1:0.28
Train_Loss = 0.013325696655094624, Train_Err = 0.278
Phase:val -- -- 3101.09 samples/sec-- Loss:0.44 -- Error1:12.57
Val_Loss = 0.440566966676712, Val_Err = 12.57
Epoch: [24 | 40]
Phase:train -- -- 961.62 samples/sec-- Loss:0.01 -- Error1:0.16
Train_Loss = 0.011350254647657276, Train_Err = 0.1588
Phase:val -- -- 3095.26 samples/sec-- Loss:0.40 -- Error1:10.86
Val_Loss = 0.40047162265777586, Val_Err = 10.86
Epoch: [25 | 40]
Phase:train -- -- 961.59 samples/sec-- Loss:0.01 -- Error1:0.01
Train_Loss = 0.0051125748115479945, Train_Err = 0.0144
Phase:val -- -- 3096.24 samples/sec-- Loss:0.40 -- Error1:10.87
Val_Loss = 0.3981917774438858, Val_Err = 10.87
Epoch: [26 | 40]
Phase:train -- -- 961.37 samples/sec-- Loss:0.00 -- Error1:0.00
Train_Loss = 0.004128512730002403, Train_Err = 0.0036
Phase:val -- -- 3104.95 samples/sec-- Loss:0.40 -- Error1:10.82
Val_Loss = 0.4031281342029572, Val_Err = 10.82
Epoch: [27 | 40]
Phase:train -- -- 961.30 samples/sec-- Loss:0.00 -- Error1:0.00
Train_Loss = 0.0037980359905660155, Train_Err = 0.002
Phase:val -- -- 3098.43 samples/sec-- Loss:0.40 -- Error1:10.57
Val_Loss = 0.4031479559183121, Val_Err = 10.57
Epoch: [28 | 40]
Phase:train -- -- 961.16 samples/sec-- Loss:0.00 -- Error1:0.00
Train_Loss = 0.003630546323850751, Train_Err = 0.0024
Phase:val -- -- 3103.76 samples/sec-- Loss:0.40 -- Error1:10.71
Val_Loss = 0.40451323339939116, Val_Err = 10.71
Epoch: [29 | 40]
Phase:train -- -- 961.35 samples/sec-- Loss:0.00 -- Error1:0.01
Train_Loss = 0.003672449171617627, Train_Err = 0.006
Phase:val -- -- 3090.06 samples/sec-- Loss:0.40 -- Error1:10.70
Val_Loss = 0.40105704522132873, Val_Err = 10.7
Epoch: [30 | 40]
Phase:train -- -- 961.30 samples/sec-- Loss:0.00 -- Error1:0.01
Train_Loss = 0.0038206087003648283, Train_Err = 0.0092
Phase:val -- -- 3081.66 samples/sec-- Loss:0.40 -- Error1:10.57
Val_Loss = 0.40053522911071776, Val_Err = 10.57
Epoch: [31 | 40]
Phase:train -- -- 961.43 samples/sec-- Loss:0.00 -- Error1:0.00
Train_Loss = 0.003481544272571802, Train_Err = 0.0016
Phase:val -- -- 3099.37 samples/sec-- Loss:0.41 -- Error1:10.52
Val_Loss = 0.40585035977363587, Val_Err = 10.52
Epoch: [32 | 40]
Phase:train -- -- 961.33 samples/sec-- Loss:0.00 -- Error1:0.01
Train_Loss = 0.003709687336757779, Train_Err = 0.0084
Phase:val -- -- 3101.94 samples/sec-- Loss:0.41 -- Error1:10.61
Val_Loss = 0.4069005900621414, Val_Err = 10.61
Epoch: [33 | 40]
Phase:train -- -- 961.14 samples/sec-- Loss:0.00 -- Error1:0.00
Train_Loss = 0.00352803703995049, Train_Err = 0.0024
Phase:val -- -- 3104.22 samples/sec-- Loss:0.40 -- Error1:10.61
Val_Loss = 0.40142809596061707, Val_Err = 10.61
Epoch: [34 | 40]
Phase:train -- -- 961.26 samples/sec-- Loss:0.00 -- Error1:0.01
Train_Loss = 0.0038262409567534923, Train_Err = 0.0092
Phase:val -- -- 3083.31 samples/sec-- Loss:0.40 -- Error1:10.52
Val_Loss = 0.40326569834947584, Val_Err = 10.52
Epoch: [35 | 40]
Phase:train -- -- 961.14 samples/sec-- Loss:0.00 -- Error1:0.01
Train_Loss = 0.003784799077615142, Train_Err = 0.0056
Phase:val -- -- 3090.24 samples/sec-- Loss:0.41 -- Error1:10.74
Val_Loss = 0.4054185794830322, Val_Err = 10.74
Epoch: [36 | 40]
Phase:train -- -- 961.56 samples/sec-- Loss:0.00 -- Error1:0.01
Train_Loss = 0.0038844508992135524, Train_Err = 0.0072
Phase:val -- -- 3089.05 samples/sec-- Loss:0.41 -- Error1:10.48
Val_Loss = 0.409024999165535, Val_Err = 10.48
Epoch: [37 | 40]
Phase:train -- -- 961.29 samples/sec-- Loss:0.00 -- Error1:0.02
Train_Loss = 0.004591027301162481, Train_Err = 0.0248
Phase:val -- -- 3093.63 samples/sec-- Loss:0.41 -- Error1:10.86
Val_Loss = 0.4087040870904923, Val_Err = 10.86
Epoch: [38 | 40]
Phase:train -- -- 961.34 samples/sec-- Loss:0.00 -- Error1:0.03
Train_Loss = 0.004846259390115738, Train_Err = 0.0288
Phase:val -- -- 3104.66 samples/sec-- Loss:0.41 -- Error1:10.60
Val_Loss = 0.407170849609375, Val_Err = 10.6
Epoch: [39 | 40]
Phase:train -- -- 961.28 samples/sec-- Loss:0.01 -- Error1:0.09
Train_Loss = 0.007288185525551438, Train_Err = 0.0868
Phase:val -- -- 3107.40 samples/sec-- Loss:0.41 -- Error1:10.68
Val_Loss = 0.4101757027387619, Val_Err = 10.68
