root: Namespace(batch_size=128, cp_dir='checkpoints/autoaugment_cutout/cifar10/sgd/run_ms_1/pyramidnet_110/run0', depth=110, dtype='cifar10', epochs=300, img_aug='autoaugment_cutout', learning_rate=0.1, momentum=0.9, mtype='pyramidnet', num_classes=10, resume=None, seed=1, threads=8, weight_decay=0.0001, width_factor=10)
root: Epoch: [0 | 300]
root: Train_Loss = 1.621032476425171, Train_Err = 59.1
root: Val_Loss = 1.1086689233779907, Val_Err = 39.06
root: Epoch: [1 | 300]
root: Train_Loss = 1.1642817258834839, Train_Err = 41.314
root: Val_Loss = 0.8473584651947021, Val_Err = 29.7
root: Epoch: [2 | 300]
root: Train_Loss = 0.9696372151374817, Train_Err = 33.954
root: Val_Loss = 0.7658053636550903, Val_Err = 26.38
root: Epoch: [3 | 300]
root: Train_Loss = 0.8666103482246399, Train_Err = 30.368
root: Val_Loss = 0.6116975545883179, Val_Err = 21.05
root: Epoch: [4 | 300]
root: Train_Loss = 0.8043223023414612, Train_Err = 28.056
root: Val_Loss = 0.561842679977417, Val_Err = 19.43
root: Epoch: [5 | 300]
root: Train_Loss = 0.7512820363044739, Train_Err = 26.264
root: Val_Loss = 0.5930813550949097, Val_Err = 20.66
root: Epoch: [6 | 300]
root: Train_Loss = 0.7122522592544556, Train_Err = 24.738
root: Val_Loss = 0.49779248237609863, Val_Err = 16.97
root: Epoch: [7 | 300]
root: Train_Loss = 0.672809898853302, Train_Err = 23.364
root: Val_Loss = 0.495010644197464, Val_Err = 17.09
root: Epoch: [8 | 300]
root: Train_Loss = 0.6488126516342163, Train_Err = 22.46
root: Val_Loss = 0.5656349658966064, Val_Err = 18.55
root: Epoch: [9 | 300]
root: Train_Loss = 0.6199718117713928, Train_Err = 21.578
root: Val_Loss = 0.4353458285331726, Val_Err = 14.81
root: Epoch: [10 | 300]
root: Train_Loss = 0.6015318036079407, Train_Err = 21.058
root: Val_Loss = 0.4247366487979889, Val_Err = 14.71
root: Epoch: [11 | 300]
root: Train_Loss = 0.5855247378349304, Train_Err = 20.436
root: Val_Loss = 0.42779994010925293, Val_Err = 14.63
root: Epoch: [12 | 300]
root: Train_Loss = 0.5621523857116699, Train_Err = 19.634
root: Val_Loss = 0.39051055908203125, Val_Err = 12.96
root: Epoch: [13 | 300]
root: Train_Loss = 0.5420527458190918, Train_Err = 18.714
root: Val_Loss = 0.41229569911956787, Val_Err = 14.7
root: Epoch: [14 | 300]
root: Train_Loss = 0.5299105048179626, Train_Err = 18.522
root: Val_Loss = 0.34236836433410645, Val_Err = 11.95
root: Epoch: [15 | 300]
root: Train_Loss = 0.5210193395614624, Train_Err = 18.058
root: Val_Loss = 0.34932300448417664, Val_Err = 11.92
root: Epoch: [16 | 300]
root: Train_Loss = 0.5090833902359009, Train_Err = 17.948
root: Val_Loss = 0.356401652097702, Val_Err = 12.0
root: Epoch: [17 | 300]
root: Train_Loss = 0.4978945255279541, Train_Err = 17.334
root: Val_Loss = 0.31947603821754456, Val_Err = 10.46
root: Epoch: [18 | 300]
root: Train_Loss = 0.4754801392555237, Train_Err = 16.69
root: Val_Loss = 0.3164173662662506, Val_Err = 10.89
root: Epoch: [19 | 300]
root: Train_Loss = 0.46744707226753235, Train_Err = 16.352
root: Val_Loss = 0.3000311553478241, Val_Err = 10.42
root: Epoch: [20 | 300]
root: Train_Loss = 0.4531046450138092, Train_Err = 15.83
root: Val_Loss = 0.291094034910202, Val_Err = 9.8
root: Epoch: [21 | 300]
root: Train_Loss = 0.4469723403453827, Train_Err = 15.682
root: Val_Loss = 0.3029491603374481, Val_Err = 10.62
root: Epoch: [22 | 300]
root: Train_Loss = 0.4378208816051483, Train_Err = 15.354
root: Val_Loss = 0.28227946162223816, Val_Err = 9.89
root: Epoch: [23 | 300]
root: Train_Loss = 0.42698851227760315, Train_Err = 14.912
root: Val_Loss = 0.26635465025901794, Val_Err = 9.12
root: Epoch: [24 | 300]
root: Train_Loss = 0.4234454929828644, Train_Err = 14.85
root: Val_Loss = 0.28410059213638306, Val_Err = 9.81
root: Epoch: [25 | 300]
root: Train_Loss = 0.41126832365989685, Train_Err = 14.364
root: Val_Loss = 0.2673224210739136, Val_Err = 9.48
root: Epoch: [26 | 300]
root: Train_Loss = 0.40887778997421265, Train_Err = 14.268
root: Val_Loss = 0.2638900876045227, Val_Err = 8.69
root: Epoch: [27 | 300]
root: Train_Loss = 0.3997715413570404, Train_Err = 13.904
root: Val_Loss = 0.25851529836654663, Val_Err = 8.87
root: Epoch: [28 | 300]
root: Train_Loss = 0.3939025402069092, Train_Err = 13.8
root: Val_Loss = 0.24750055372714996, Val_Err = 8.41
root: Epoch: [29 | 300]
root: Train_Loss = 0.39201080799102783, Train_Err = 13.514
root: Val_Loss = 0.26652082800865173, Val_Err = 9.25
root: Epoch: [30 | 300]
root: Train_Loss = 0.3794991970062256, Train_Err = 13.196
root: Val_Loss = 0.23418322205543518, Val_Err = 7.92
root: Epoch: [31 | 300]
root: Train_Loss = 0.3746145963668823, Train_Err = 13.102
root: Val_Loss = 0.22138717770576477, Val_Err = 7.49
root: Epoch: [32 | 300]
root: Train_Loss = 0.3750285804271698, Train_Err = 13.034
root: Val_Loss = 0.2616915702819824, Val_Err = 8.57
root: Epoch: [33 | 300]
root: Train_Loss = 0.36483001708984375, Train_Err = 12.74
root: Val_Loss = 0.25515034794807434, Val_Err = 8.63
root: Epoch: [34 | 300]
root: Train_Loss = 0.3703731596469879, Train_Err = 12.986
root: Val_Loss = 0.26612451672554016, Val_Err = 8.95
root: Epoch: [35 | 300]
root: Train_Loss = 0.36204349994659424, Train_Err = 12.596
root: Val_Loss = 0.22582191228866577, Val_Err = 7.87
root: Epoch: [36 | 300]
root: Train_Loss = 0.3579674959182739, Train_Err = 12.454
root: Val_Loss = 0.26359596848487854, Val_Err = 8.6
root: Epoch: [37 | 300]
root: Train_Loss = 0.35449889302253723, Train_Err = 12.344
root: Val_Loss = 0.22796569764614105, Val_Err = 7.68
root: Epoch: [38 | 300]
root: Train_Loss = 0.3469264507293701, Train_Err = 12.084
root: Val_Loss = 0.24019017815589905, Val_Err = 7.92
root: Epoch: [39 | 300]
root: Train_Loss = 0.3443353474140167, Train_Err = 12.038
root: Val_Loss = 0.23699864745140076, Val_Err = 7.85
root: Epoch: [40 | 300]
root: Train_Loss = 0.34263595938682556, Train_Err = 11.894
root: Val_Loss = 0.22392414510250092, Val_Err = 7.71
root: Epoch: [41 | 300]
root: Train_Loss = 0.3413254916667938, Train_Err = 11.868
root: Val_Loss = 0.24122977256774902, Val_Err = 8.14
root: Epoch: [42 | 300]
root: Train_Loss = 0.33634987473487854, Train_Err = 11.696
root: Val_Loss = 0.21602603793144226, Val_Err = 7.27
root: Epoch: [43 | 300]
root: Train_Loss = 0.3316596448421478, Train_Err = 11.576
root: Val_Loss = 0.21742284297943115, Val_Err = 7.36
root: Epoch: [44 | 300]
root: Train_Loss = 0.3340027630329132, Train_Err = 11.62
root: Val_Loss = 0.2473696917295456, Val_Err = 8.4
root: Epoch: [45 | 300]
root: Train_Loss = 0.32936257123947144, Train_Err = 11.492
root: Val_Loss = 0.23327235877513885, Val_Err = 7.54
root: Epoch: [46 | 300]
root: Train_Loss = 0.3270260989665985, Train_Err = 11.442
root: Val_Loss = 0.24490788578987122, Val_Err = 7.79
root: Epoch: [47 | 300]
root: Train_Loss = 0.32915008068084717, Train_Err = 11.394
root: Val_Loss = 0.3283076882362366, Val_Err = 10.24
root: Epoch: [48 | 300]
root: Train_Loss = 0.319382905960083, Train_Err = 11.046
root: Val_Loss = 0.26437634229660034, Val_Err = 8.36
root: Epoch: [49 | 300]
root: Train_Loss = 0.31957629323005676, Train_Err = 11.048
root: Val_Loss = 0.20737788081169128, Val_Err = 6.8
root: Epoch: [50 | 300]
root: Train_Loss = 0.31677180528640747, Train_Err = 11.026
root: Val_Loss = 0.22939272224903107, Val_Err = 7.46
root: Epoch: [51 | 300]
root: Train_Loss = 0.3212723731994629, Train_Err = 11.066
root: Val_Loss = 0.22367145121097565, Val_Err = 7.56
root: Epoch: [52 | 300]
root: Train_Loss = 0.31884175539016724, Train_Err = 10.96
root: Val_Loss = 0.2668200135231018, Val_Err = 8.48
root: Epoch: [53 | 300]
root: Train_Loss = 0.31126224994659424, Train_Err = 10.958
root: Val_Loss = 0.21655265986919403, Val_Err = 7.13
root: Epoch: [54 | 300]
root: Train_Loss = 0.3132181465625763, Train_Err = 10.872
root: Val_Loss = 0.21609137952327728, Val_Err = 7.29
root: Epoch: [55 | 300]
root: Train_Loss = 0.310240238904953, Train_Err = 10.696
root: Val_Loss = 0.215404212474823, Val_Err = 7.16
root: Epoch: [56 | 300]
root: Train_Loss = 0.3097093999385834, Train_Err = 10.834
root: Val_Loss = 0.21401669085025787, Val_Err = 7.01
root: Epoch: [57 | 300]
root: Train_Loss = 0.3055608570575714, Train_Err = 10.656
root: Val_Loss = 0.20712809264659882, Val_Err = 6.78
root: Epoch: [58 | 300]
root: Train_Loss = 0.3034883439540863, Train_Err = 10.586
root: Val_Loss = 0.21670226752758026, Val_Err = 6.93
root: Epoch: [59 | 300]
root: Train_Loss = 0.30788856744766235, Train_Err = 10.708
root: Val_Loss = 0.2108190357685089, Val_Err = 6.96
root: Epoch: [60 | 300]
root: Train_Loss = 0.2957775890827179, Train_Err = 10.248
root: Val_Loss = 0.21600541472434998, Val_Err = 6.95
root: Epoch: [61 | 300]
root: Train_Loss = 0.2981821298599243, Train_Err = 10.32
root: Val_Loss = 0.19669173657894135, Val_Err = 6.5
root: Epoch: [62 | 300]
root: Train_Loss = 0.2970559597015381, Train_Err = 10.308
root: Val_Loss = 0.19403615593910217, Val_Err = 6.32
root: Epoch: [63 | 300]
root: Train_Loss = 0.29774633049964905, Train_Err = 10.376
root: Val_Loss = 0.25884687900543213, Val_Err = 8.01
root: Epoch: [64 | 300]
root: Train_Loss = 0.2946719527244568, Train_Err = 10.198
root: Val_Loss = 0.2125888168811798, Val_Err = 7.03
root: Epoch: [65 | 300]
root: Train_Loss = 0.29235541820526123, Train_Err = 10.288
root: Val_Loss = 0.23771661520004272, Val_Err = 7.75
root: Epoch: [66 | 300]
root: Train_Loss = 0.2926400303840637, Train_Err = 10.174
root: Val_Loss = 0.2083824723958969, Val_Err = 6.91
root: Epoch: [67 | 300]
root: Train_Loss = 0.2945718765258789, Train_Err = 10.37
root: Val_Loss = 0.2192508429288864, Val_Err = 6.79
root: Epoch: [68 | 300]
root: Train_Loss = 0.28385287523269653, Train_Err = 9.95
root: Val_Loss = 0.20254065096378326, Val_Err = 6.25
root: Epoch: [69 | 300]
root: Train_Loss = 0.2885808050632477, Train_Err = 10.094
root: Val_Loss = 0.22259965538978577, Val_Err = 7.32
root: Epoch: [70 | 300]
root: Train_Loss = 0.2900891900062561, Train_Err = 10.076
root: Val_Loss = 0.18565410375595093, Val_Err = 6.18
root: Epoch: [71 | 300]
root: Train_Loss = 0.28764238953590393, Train_Err = 10.01
root: Val_Loss = 0.21005763113498688, Val_Err = 6.64
root: Epoch: [72 | 300]
root: Train_Loss = 0.28930190205574036, Train_Err = 10.034
root: Val_Loss = 0.19830311834812164, Val_Err = 6.46
root: Epoch: [73 | 300]
root: Train_Loss = 0.27954983711242676, Train_Err = 9.748
root: Val_Loss = 0.19391876459121704, Val_Err = 6.31
root: Epoch: [74 | 300]
root: Train_Loss = 0.2800023853778839, Train_Err = 9.666
root: Val_Loss = 0.21465890109539032, Val_Err = 6.78
root: Epoch: [75 | 300]
root: Train_Loss = 0.2861412465572357, Train_Err = 9.966
root: Val_Loss = 0.19148313999176025, Val_Err = 6.24
root: Epoch: [76 | 300]
root: Train_Loss = 0.2875797152519226, Train_Err = 10.018
root: Val_Loss = 0.19769321382045746, Val_Err = 6.44
root: Epoch: [77 | 300]
root: Train_Loss = 0.27920103073120117, Train_Err = 9.67
root: Val_Loss = 0.2255631983280182, Val_Err = 7.55
root: Epoch: [78 | 300]
root: Train_Loss = 0.27546241879463196, Train_Err = 9.616
root: Val_Loss = 0.20103919506072998, Val_Err = 6.34
root: Epoch: [79 | 300]
root: Train_Loss = 0.279413640499115, Train_Err = 9.712
root: Val_Loss = 0.21043194830417633, Val_Err = 6.58
root: Epoch: [80 | 300]
root: Train_Loss = 0.27984535694122314, Train_Err = 9.766
root: Val_Loss = 0.19863919913768768, Val_Err = 6.39
root: Epoch: [81 | 300]
root: Train_Loss = 0.2802746891975403, Train_Err = 9.844
root: Val_Loss = 0.1928212195634842, Val_Err = 6.58
root: Epoch: [82 | 300]
root: Train_Loss = 0.2706203758716583, Train_Err = 9.528
root: Val_Loss = 0.22684545814990997, Val_Err = 7.07
root: Epoch: [83 | 300]
root: Train_Loss = 0.2775306701660156, Train_Err = 9.624
root: Val_Loss = 0.20331324636936188, Val_Err = 6.36
root: Epoch: [84 | 300]
root: Train_Loss = 0.27728718519210815, Train_Err = 9.572
root: Val_Loss = 0.16961218416690826, Val_Err = 5.64
root: Epoch: [85 | 300]
root: Train_Loss = 0.2745933532714844, Train_Err = 9.62
root: Val_Loss = 0.22693859040737152, Val_Err = 7.17
root: Epoch: [86 | 300]
root: Train_Loss = 0.2731263339519501, Train_Err = 9.292
root: Val_Loss = 0.18720027804374695, Val_Err = 6.15
root: Epoch: [87 | 300]
root: Train_Loss = 0.2734629213809967, Train_Err = 9.472
root: Val_Loss = 0.1992776095867157, Val_Err = 6.34
root: Epoch: [88 | 300]
root: Train_Loss = 0.2710188329219818, Train_Err = 9.52
root: Val_Loss = 0.21215824782848358, Val_Err = 6.87
root: Epoch: [89 | 300]
root: Train_Loss = 0.27377432584762573, Train_Err = 9.4
root: Val_Loss = 0.19975921511650085, Val_Err = 6.7
root: Epoch: [90 | 300]
root: Train_Loss = 0.27146539092063904, Train_Err = 9.376
root: Val_Loss = 0.22755283117294312, Val_Err = 7.3
root: Epoch: [91 | 300]
root: Train_Loss = 0.2694999873638153, Train_Err = 9.502
root: Val_Loss = 0.1935529112815857, Val_Err = 6.3
root: Epoch: [92 | 300]
root: Train_Loss = 0.27140533924102783, Train_Err = 9.666
root: Val_Loss = 0.24612799286842346, Val_Err = 7.8
root: Epoch: [93 | 300]
root: Train_Loss = 0.2697207033634186, Train_Err = 9.45
root: Val_Loss = 0.19899366796016693, Val_Err = 6.48
root: Epoch: [94 | 300]
root: Train_Loss = 0.2730088531970978, Train_Err = 9.534
root: Val_Loss = 0.18898271024227142, Val_Err = 6.0
root: Epoch: [95 | 300]
root: Train_Loss = 0.2579365372657776, Train_Err = 8.964
root: Val_Loss = 0.24057841300964355, Val_Err = 7.18
root: Epoch: [96 | 300]
root: Train_Loss = 0.2683003544807434, Train_Err = 9.368
root: Val_Loss = 0.20203480124473572, Val_Err = 6.43
root: Epoch: [97 | 300]
root: Train_Loss = 0.25976479053497314, Train_Err = 8.954
root: Val_Loss = 0.239810511469841, Val_Err = 7.33
root: Epoch: [98 | 300]
root: Train_Loss = 0.2625371515750885, Train_Err = 9.218
root: Val_Loss = 0.21628473699092865, Val_Err = 6.73
root: Epoch: [99 | 300]
root: Train_Loss = 0.26096510887145996, Train_Err = 9.102
root: Val_Loss = 0.20793287456035614, Val_Err = 6.51
root: Epoch: [100 | 300]
root: Train_Loss = 0.27239280939102173, Train_Err = 9.448
root: Val_Loss = 0.17472697794437408, Val_Err = 5.63
root: Epoch: [101 | 300]
root: Train_Loss = 0.25451478362083435, Train_Err = 8.89
root: Val_Loss = 0.2174486219882965, Val_Err = 6.96
root: Epoch: [102 | 300]
root: Train_Loss = 0.2579423189163208, Train_Err = 9.024
root: Val_Loss = 0.21475648880004883, Val_Err = 6.73
root: Epoch: [103 | 300]
root: Train_Loss = 0.2668928802013397, Train_Err = 9.262
root: Val_Loss = 0.24595898389816284, Val_Err = 7.69
root: Epoch: [104 | 300]
root: Train_Loss = 0.2608753442764282, Train_Err = 9.114
root: Val_Loss = 0.18715062737464905, Val_Err = 5.78
root: Epoch: [105 | 300]
root: Train_Loss = 0.2568461298942566, Train_Err = 8.952
root: Val_Loss = 0.18350158631801605, Val_Err = 5.83
root: Epoch: [106 | 300]
root: Train_Loss = 0.2567978799343109, Train_Err = 9.132
root: Val_Loss = 0.2557862401008606, Val_Err = 8.01
root: Epoch: [107 | 300]
root: Train_Loss = 0.26321935653686523, Train_Err = 9.12
root: Val_Loss = 0.17685768008232117, Val_Err = 5.8
root: Epoch: [108 | 300]
root: Train_Loss = 0.2578619420528412, Train_Err = 8.984
root: Val_Loss = 0.22838380932807922, Val_Err = 7.09
root: Epoch: [109 | 300]
root: Train_Loss = 0.24875237047672272, Train_Err = 8.684
root: Val_Loss = 0.17704294621944427, Val_Err = 5.93
root: Epoch: [110 | 300]
root: Train_Loss = 0.26047101616859436, Train_Err = 9.128
root: Val_Loss = 0.187209352850914, Val_Err = 5.96
root: Epoch: [111 | 300]
root: Train_Loss = 0.25506529211997986, Train_Err = 8.996
root: Val_Loss = 0.22058749198913574, Val_Err = 6.6
root: Epoch: [112 | 300]
root: Train_Loss = 0.25996801257133484, Train_Err = 9.048
root: Val_Loss = 0.1880878359079361, Val_Err = 6.13
root: Epoch: [113 | 300]
root: Train_Loss = 0.25799036026000977, Train_Err = 8.98
root: Val_Loss = 0.2229025810956955, Val_Err = 7.04
root: Epoch: [114 | 300]
root: Train_Loss = 0.25724002718925476, Train_Err = 8.826
root: Val_Loss = 0.1895478069782257, Val_Err = 6.2
root: Epoch: [115 | 300]
root: Train_Loss = 0.2510960102081299, Train_Err = 8.678
root: Val_Loss = 0.19075322151184082, Val_Err = 6.08
root: Epoch: [116 | 300]
root: Train_Loss = 0.2542918026447296, Train_Err = 8.908
root: Val_Loss = 0.19060908257961273, Val_Err = 6.11
root: Epoch: [117 | 300]
root: Train_Loss = 0.25834107398986816, Train_Err = 9.042
root: Val_Loss = 0.20544545352458954, Val_Err = 6.42
root: Epoch: [118 | 300]
root: Train_Loss = 0.2532022297382355, Train_Err = 8.802
root: Val_Loss = 0.18944713473320007, Val_Err = 6.13
root: Epoch: [119 | 300]
root: Train_Loss = 0.25014957785606384, Train_Err = 8.716
root: Val_Loss = 0.2121056169271469, Val_Err = 6.63
root: Epoch: [120 | 300]
root: Train_Loss = 0.25222668051719666, Train_Err = 8.838
root: Val_Loss = 0.1874951273202896, Val_Err = 6.05
root: Epoch: [121 | 300]
root: Train_Loss = 0.25500422716140747, Train_Err = 9.006
root: Val_Loss = 0.21350756287574768, Val_Err = 6.79
root: Epoch: [122 | 300]
root: Train_Loss = 0.25278565287590027, Train_Err = 8.838
root: Val_Loss = 0.2072823941707611, Val_Err = 6.7
root: Epoch: [123 | 300]
root: Train_Loss = 0.25384801626205444, Train_Err = 8.816
root: Val_Loss = 0.17851898074150085, Val_Err = 5.89
root: Epoch: [124 | 300]
root: Train_Loss = 0.24880702793598175, Train_Err = 8.722
root: Val_Loss = 0.21453043818473816, Val_Err = 6.41
root: Epoch: [125 | 300]
root: Train_Loss = 0.2547360360622406, Train_Err = 8.886
root: Val_Loss = 0.20433929562568665, Val_Err = 6.35
root: Epoch: [126 | 300]
root: Train_Loss = 0.25221988558769226, Train_Err = 8.764
root: Val_Loss = 0.20823153853416443, Val_Err = 6.49
root: Epoch: [127 | 300]
root: Train_Loss = 0.24684427678585052, Train_Err = 8.588
root: Val_Loss = 0.2052702158689499, Val_Err = 6.58
root: Epoch: [128 | 300]
root: Train_Loss = 0.25220414996147156, Train_Err = 8.858
root: Val_Loss = 0.16400624811649323, Val_Err = 5.21
root: Epoch: [129 | 300]
root: Train_Loss = 0.25047385692596436, Train_Err = 8.736
root: Val_Loss = 0.20407690107822418, Val_Err = 6.35
root: Epoch: [130 | 300]
root: Train_Loss = 0.250874400138855, Train_Err = 8.736
root: Val_Loss = 0.1864572912454605, Val_Err = 5.73
root: Epoch: [131 | 300]
root: Train_Loss = 0.2421012669801712, Train_Err = 8.402
root: Val_Loss = 0.1748369038105011, Val_Err = 5.48
root: Epoch: [132 | 300]
root: Train_Loss = 0.2456829994916916, Train_Err = 8.65
root: Val_Loss = 0.20075418055057526, Val_Err = 6.17
root: Epoch: [133 | 300]
root: Train_Loss = 0.24836193025112152, Train_Err = 8.724
root: Val_Loss = 0.2143731564283371, Val_Err = 6.64
root: Epoch: [134 | 300]
root: Train_Loss = 0.24832741916179657, Train_Err = 8.712
root: Val_Loss = 0.21697694063186646, Val_Err = 6.58
root: Epoch: [135 | 300]
root: Train_Loss = 0.24453571438789368, Train_Err = 8.6
root: Val_Loss = 0.19639311730861664, Val_Err = 5.84
root: Epoch: [136 | 300]
root: Train_Loss = 0.24686019122600555, Train_Err = 8.456
root: Val_Loss = 0.1837049126625061, Val_Err = 5.6
root: Epoch: [137 | 300]
root: Train_Loss = 0.24868065118789673, Train_Err = 8.744
root: Val_Loss = 0.1822422295808792, Val_Err = 5.83
root: Epoch: [138 | 300]
root: Train_Loss = 0.25201547145843506, Train_Err = 8.776
root: Val_Loss = 0.15717755258083344, Val_Err = 5.0
root: Epoch: [139 | 300]
root: Train_Loss = 0.24183772504329681, Train_Err = 8.386
root: Val_Loss = 0.1880539506673813, Val_Err = 5.83
root: Epoch: [140 | 300]
root: Train_Loss = 0.247191920876503, Train_Err = 8.536
root: Val_Loss = 0.21219384670257568, Val_Err = 6.87
root: Epoch: [141 | 300]
root: Train_Loss = 0.24445761740207672, Train_Err = 8.534
root: Val_Loss = 0.20968082547187805, Val_Err = 6.54
root: Epoch: [142 | 300]
root: Train_Loss = 0.24595516920089722, Train_Err = 8.506
root: Val_Loss = 0.1793748289346695, Val_Err = 5.62
root: Epoch: [143 | 300]
root: Train_Loss = 0.24699187278747559, Train_Err = 8.698
root: Val_Loss = 0.18782129883766174, Val_Err = 5.87
root: Epoch: [144 | 300]
root: Train_Loss = 0.24498513340950012, Train_Err = 8.592
root: Val_Loss = 0.17785479128360748, Val_Err = 5.66
root: Epoch: [145 | 300]
root: Train_Loss = 0.24126945436000824, Train_Err = 8.434
root: Val_Loss = 0.18308162689208984, Val_Err = 5.52
root: Epoch: [146 | 300]
root: Train_Loss = 0.239146426320076, Train_Err = 8.288
root: Val_Loss = 0.18222974240779877, Val_Err = 5.76
root: Epoch: [147 | 300]
root: Train_Loss = 0.24087248742580414, Train_Err = 8.39
root: Val_Loss = 0.20243768393993378, Val_Err = 6.36
root: Epoch: [148 | 300]
root: Train_Loss = 0.24213527143001556, Train_Err = 8.322
root: Val_Loss = 0.17282263934612274, Val_Err = 5.26
root: Epoch: [149 | 300]
root: Train_Loss = 0.24598394334316254, Train_Err = 8.63
root: Val_Loss = 0.19632917642593384, Val_Err = 6.15
root: Epoch: [150 | 300]
root: Train_Loss = 0.1647559553384781, Train_Err = 5.646
root: Val_Loss = 0.10129902511835098, Val_Err = 3.17
root: Epoch: [151 | 300]
root: Train_Loss = 0.13270126283168793, Train_Err = 4.602
root: Val_Loss = 0.09574979543685913, Val_Err = 3.08
root: Epoch: [152 | 300]
root: Train_Loss = 0.1252293884754181, Train_Err = 4.324
root: Val_Loss = 0.09988632798194885, Val_Err = 3.07
root: Epoch: [153 | 300]
root: Train_Loss = 0.11389733105897903, Train_Err = 3.986
root: Val_Loss = 0.09778717905282974, Val_Err = 3.04
root: Epoch: [154 | 300]
root: Train_Loss = 0.11429762095212936, Train_Err = 3.962
root: Val_Loss = 0.09267407655715942, Val_Err = 2.88
root: Epoch: [155 | 300]
root: Train_Loss = 0.1104452908039093, Train_Err = 3.752
root: Val_Loss = 0.09268418699502945, Val_Err = 2.7
root: Epoch: [156 | 300]
root: Train_Loss = 0.11065375804901123, Train_Err = 3.82
root: Val_Loss = 0.09302739799022675, Val_Err = 2.83
root: Epoch: [157 | 300]
root: Train_Loss = 0.10461723059415817, Train_Err = 3.65
root: Val_Loss = 0.09069190919399261, Val_Err = 2.66
root: Epoch: [158 | 300]
root: Train_Loss = 0.10367869585752487, Train_Err = 3.556
root: Val_Loss = 0.09182599186897278, Val_Err = 2.68
root: Epoch: [159 | 300]
root: Train_Loss = 0.10442119091749191, Train_Err = 3.618
root: Val_Loss = 0.09187860786914825, Val_Err = 2.76
root: Epoch: [160 | 300]
root: Train_Loss = 0.09952294826507568, Train_Err = 3.406
root: Val_Loss = 0.0934300571680069, Val_Err = 2.72
root: Epoch: [161 | 300]
root: Train_Loss = 0.09987813234329224, Train_Err = 3.436
root: Val_Loss = 0.08954723924398422, Val_Err = 2.69
root: Epoch: [162 | 300]
root: Train_Loss = 0.09323136508464813, Train_Err = 3.21
root: Val_Loss = 0.09376753866672516, Val_Err = 2.63
root: Epoch: [163 | 300]
root: Train_Loss = 0.09262675791978836, Train_Err = 3.286
root: Val_Loss = 0.09401610493659973, Val_Err = 2.76
root: Epoch: [164 | 300]
root: Train_Loss = 0.09715412557125092, Train_Err = 3.372
root: Val_Loss = 0.09143675863742828, Val_Err = 2.53
root: Epoch: [165 | 300]
root: Train_Loss = 0.09660002589225769, Train_Err = 3.276
root: Val_Loss = 0.08896971493959427, Val_Err = 2.57
root: Epoch: [166 | 300]
root: Train_Loss = 0.09375647455453873, Train_Err = 3.306
root: Val_Loss = 0.09108947962522507, Val_Err = 2.72
root: Epoch: [167 | 300]
root: Train_Loss = 0.09524819999933243, Train_Err = 3.3
root: Val_Loss = 0.09129423648118973, Val_Err = 2.63
root: Epoch: [168 | 300]
root: Train_Loss = 0.09050806611776352, Train_Err = 3.178
root: Val_Loss = 0.09298660606145859, Val_Err = 2.71
root: Epoch: [169 | 300]
root: Train_Loss = 0.08638526499271393, Train_Err = 2.918
root: Val_Loss = 0.09298621863126755, Val_Err = 2.58
root: Epoch: [170 | 300]
root: Train_Loss = 0.08799218386411667, Train_Err = 3.08
root: Val_Loss = 0.09622098505496979, Val_Err = 2.84
root: Epoch: [171 | 300]
root: Train_Loss = 0.08956682682037354, Train_Err = 3.072
root: Val_Loss = 0.09202264994382858, Val_Err = 2.62
root: Epoch: [172 | 300]
root: Train_Loss = 0.08851423859596252, Train_Err = 3.026
root: Val_Loss = 0.09192732721567154, Val_Err = 2.65
root: Epoch: [173 | 300]
root: Train_Loss = 0.08863682299852371, Train_Err = 3.082
root: Val_Loss = 0.09068343043327332, Val_Err = 2.66
root: Epoch: [174 | 300]
root: Train_Loss = 0.09139411151409149, Train_Err = 3.14
root: Val_Loss = 0.09164382517337799, Val_Err = 2.51
root: Epoch: [175 | 300]
root: Train_Loss = 0.08520766347646713, Train_Err = 2.944
root: Val_Loss = 0.09112633019685745, Val_Err = 2.42
root: Epoch: [176 | 300]
root: Train_Loss = 0.08624409139156342, Train_Err = 3.018
root: Val_Loss = 0.0917590856552124, Val_Err = 2.65
root: Epoch: [177 | 300]
root: Train_Loss = 0.08669930696487427, Train_Err = 3.07
root: Val_Loss = 0.09622202813625336, Val_Err = 2.62
root: Epoch: [178 | 300]
root: Train_Loss = 0.08344483375549316, Train_Err = 2.904
root: Val_Loss = 0.08968818932771683, Val_Err = 2.42
root: Epoch: [179 | 300]
root: Train_Loss = 0.08619831502437592, Train_Err = 2.954
root: Val_Loss = 0.09089701622724533, Val_Err = 2.54
root: Epoch: [180 | 300]
root: Train_Loss = 0.08534158021211624, Train_Err = 2.97
root: Val_Loss = 0.09268032014369965, Val_Err = 2.57
root: Epoch: [181 | 300]
root: Train_Loss = 0.08935384452342987, Train_Err = 3.106
root: Val_Loss = 0.09259186685085297, Val_Err = 2.7
root: Epoch: [182 | 300]
root: Train_Loss = 0.08540177345275879, Train_Err = 2.948
root: Val_Loss = 0.09182988852262497, Val_Err = 2.51
root: Epoch: [183 | 300]
root: Train_Loss = 0.08558044582605362, Train_Err = 2.96
root: Val_Loss = 0.09093703329563141, Val_Err = 2.52
root: Epoch: [184 | 300]
root: Train_Loss = 0.08469325304031372, Train_Err = 2.94
root: Val_Loss = 0.09196089208126068, Val_Err = 2.5
root: Epoch: [185 | 300]
root: Train_Loss = 0.08119980990886688, Train_Err = 2.786
root: Val_Loss = 0.0908462405204773, Val_Err = 2.58
root: Epoch: [186 | 300]
root: Train_Loss = 0.08316311985254288, Train_Err = 2.892
root: Val_Loss = 0.09157036244869232, Val_Err = 2.62
root: Epoch: [187 | 300]
root: Train_Loss = 0.08482615649700165, Train_Err = 2.982
root: Val_Loss = 0.08807440847158432, Val_Err = 2.52
root: Epoch: [188 | 300]
root: Train_Loss = 0.08351964503526688, Train_Err = 2.88
root: Val_Loss = 0.09030155837535858, Val_Err = 2.55
root: Epoch: [189 | 300]
root: Train_Loss = 0.08354431390762329, Train_Err = 3.018
root: Val_Loss = 0.08814025670289993, Val_Err = 2.56
root: Epoch: [190 | 300]
root: Train_Loss = 0.08244170993566513, Train_Err = 2.848
root: Val_Loss = 0.08974848687648773, Val_Err = 2.47
root: Epoch: [191 | 300]
root: Train_Loss = 0.08009155094623566, Train_Err = 2.73
root: Val_Loss = 0.09051588177680969, Val_Err = 2.48
root: Epoch: [192 | 300]
root: Train_Loss = 0.08420757949352264, Train_Err = 2.946
root: Val_Loss = 0.0959368348121643, Val_Err = 2.65
root: Epoch: [193 | 300]
root: Train_Loss = 0.07831870764493942, Train_Err = 2.752
root: Val_Loss = 0.09713375568389893, Val_Err = 2.46
root: Epoch: [194 | 300]
root: Train_Loss = 0.08074773102998734, Train_Err = 2.834
root: Val_Loss = 0.09369348734617233, Val_Err = 2.5
root: Epoch: [195 | 300]
root: Train_Loss = 0.08082471787929535, Train_Err = 2.814
root: Val_Loss = 0.08985070884227753, Val_Err = 2.44
root: Epoch: [196 | 300]
root: Train_Loss = 0.07950808852910995, Train_Err = 2.71
root: Val_Loss = 0.09204277396202087, Val_Err = 2.33
root: Epoch: [197 | 300]
root: Train_Loss = 0.08166584372520447, Train_Err = 2.834
root: Val_Loss = 0.09323972463607788, Val_Err = 2.44
root: Epoch: [198 | 300]
root: Train_Loss = 0.07938044518232346, Train_Err = 2.77
root: Val_Loss = 0.08908489346504211, Val_Err = 2.48
root: Epoch: [199 | 300]
root: Train_Loss = 0.07923734188079834, Train_Err = 2.71
root: Val_Loss = 0.09177713096141815, Val_Err = 2.52
root: Epoch: [200 | 300]
root: Train_Loss = 0.08196541666984558, Train_Err = 2.788
root: Val_Loss = 0.0970335304737091, Val_Err = 2.58
root: Epoch: [201 | 300]
root: Train_Loss = 0.0794467106461525, Train_Err = 2.752
root: Val_Loss = 0.09254760295152664, Val_Err = 2.55
root: Epoch: [202 | 300]
root: Train_Loss = 0.07705658674240112, Train_Err = 2.676
root: Val_Loss = 0.09295573830604553, Val_Err = 2.59
root: Epoch: [203 | 300]
root: Train_Loss = 0.08038812130689621, Train_Err = 2.772
root: Val_Loss = 0.09134195744991302, Val_Err = 2.61
root: Epoch: [204 | 300]
root: Train_Loss = 0.08042234927415848, Train_Err = 2.762
root: Val_Loss = 0.09020290523767471, Val_Err = 2.47
root: Epoch: [205 | 300]
root: Train_Loss = 0.07836616784334183, Train_Err = 2.74
root: Val_Loss = 0.09697576612234116, Val_Err = 2.62
root: Epoch: [206 | 300]
root: Train_Loss = 0.07777106016874313, Train_Err = 2.686
root: Val_Loss = 0.0932786762714386, Val_Err = 2.61
root: Epoch: [207 | 300]
root: Train_Loss = 0.08221656829118729, Train_Err = 2.93
root: Val_Loss = 0.09181717038154602, Val_Err = 2.62
root: Epoch: [208 | 300]
root: Train_Loss = 0.07889587432146072, Train_Err = 2.718
root: Val_Loss = 0.09289038181304932, Val_Err = 2.57
root: Epoch: [209 | 300]
root: Train_Loss = 0.07838179916143417, Train_Err = 2.69
root: Val_Loss = 0.09924186766147614, Val_Err = 2.75
root: Epoch: [210 | 300]
root: Train_Loss = 0.07891534268856049, Train_Err = 2.696
root: Val_Loss = 0.09593433886766434, Val_Err = 2.62
root: Epoch: [211 | 300]
root: Train_Loss = 0.07720237970352173, Train_Err = 2.676
root: Val_Loss = 0.09528686851263046, Val_Err = 2.66
root: Epoch: [212 | 300]
root: Train_Loss = 0.07511867582798004, Train_Err = 2.576
root: Val_Loss = 0.09496689587831497, Val_Err = 2.66
root: Epoch: [213 | 300]
root: Train_Loss = 0.07760545611381531, Train_Err = 2.686
root: Val_Loss = 0.09408333152532578, Val_Err = 2.6
root: Epoch: [214 | 300]
root: Train_Loss = 0.07996135205030441, Train_Err = 2.744
root: Val_Loss = 0.09805716574192047, Val_Err = 2.73
root: Epoch: [215 | 300]
root: Train_Loss = 0.07569248229265213, Train_Err = 2.632
root: Val_Loss = 0.09684456884860992, Val_Err = 2.6
root: Epoch: [216 | 300]
root: Train_Loss = 0.07480596750974655, Train_Err = 2.596
root: Val_Loss = 0.09243142604827881, Val_Err = 2.71
root: Epoch: [217 | 300]
root: Train_Loss = 0.07701259851455688, Train_Err = 2.618
root: Val_Loss = 0.09617454558610916, Val_Err = 2.7
root: Epoch: [218 | 300]
root: Train_Loss = 0.08042165637016296, Train_Err = 2.734
root: Val_Loss = 0.09262561798095703, Val_Err = 2.59
root: Epoch: [219 | 300]
root: Train_Loss = 0.08111991733312607, Train_Err = 2.784
root: Val_Loss = 0.0898618996143341, Val_Err = 2.57
root: Epoch: [220 | 300]
root: Train_Loss = 0.07757706195116043, Train_Err = 2.644
root: Val_Loss = 0.09266922622919083, Val_Err = 2.56
root: Epoch: [221 | 300]
root: Train_Loss = 0.0759173035621643, Train_Err = 2.586
root: Val_Loss = 0.09862304478883743, Val_Err = 2.61
root: Epoch: [222 | 300]
root: Train_Loss = 0.0785890445113182, Train_Err = 2.806
root: Val_Loss = 0.09296198189258575, Val_Err = 2.6
root: Epoch: [223 | 300]
root: Train_Loss = 0.0791710689663887, Train_Err = 2.722
root: Val_Loss = 0.1023806557059288, Val_Err = 2.98
root: Epoch: [224 | 300]
root: Train_Loss = 0.08092498034238815, Train_Err = 2.78
root: Val_Loss = 0.09645787626504898, Val_Err = 2.6
root: Epoch: [225 | 300]
root: Train_Loss = 0.07279449701309204, Train_Err = 2.528
root: Val_Loss = 0.09160026907920837, Val_Err = 2.5
root: Epoch: [226 | 300]
root: Train_Loss = 0.06932894140481949, Train_Err = 2.356
root: Val_Loss = 0.0885133370757103, Val_Err = 2.36
root: Epoch: [227 | 300]
root: Train_Loss = 0.06777799874544144, Train_Err = 2.376
root: Val_Loss = 0.08838372677564621, Val_Err = 2.41
root: Epoch: [228 | 300]
root: Train_Loss = 0.06643009185791016, Train_Err = 2.262
root: Val_Loss = 0.08668188005685806, Val_Err = 2.35
root: Epoch: [229 | 300]
root: Train_Loss = 0.06533199548721313, Train_Err = 2.262
root: Val_Loss = 0.0875871554017067, Val_Err = 2.39
root: Epoch: [230 | 300]
root: Train_Loss = 0.06702689081430435, Train_Err = 2.324
root: Val_Loss = 0.08855238556861877, Val_Err = 2.33
root: Epoch: [231 | 300]
root: Train_Loss = 0.06574647128582001, Train_Err = 2.314
root: Val_Loss = 0.08832061290740967, Val_Err = 2.35
root: Epoch: [232 | 300]
root: Train_Loss = 0.06444242596626282, Train_Err = 2.202
root: Val_Loss = 0.08865988999605179, Val_Err = 2.34
root: Epoch: [233 | 300]
root: Train_Loss = 0.06324896216392517, Train_Err = 2.222
root: Val_Loss = 0.08892040699720383, Val_Err = 2.44
root: Epoch: [234 | 300]
root: Train_Loss = 0.06394694000482559, Train_Err = 2.172
root: Val_Loss = 0.08867550641298294, Val_Err = 2.38
root: Epoch: [235 | 300]
root: Train_Loss = 0.06584692001342773, Train_Err = 2.318
root: Val_Loss = 0.0877581313252449, Val_Err = 2.37
root: Epoch: [236 | 300]
root: Train_Loss = 0.06285826861858368, Train_Err = 2.184
root: Val_Loss = 0.08871037513017654, Val_Err = 2.41
root: Epoch: [237 | 300]
root: Train_Loss = 0.061125535517930984, Train_Err = 2.154
root: Val_Loss = 0.08793973922729492, Val_Err = 2.34
root: Epoch: [238 | 300]
root: Train_Loss = 0.0625448077917099, Train_Err = 2.14
root: Val_Loss = 0.08792999386787415, Val_Err = 2.32
root: Epoch: [239 | 300]
root: Train_Loss = 0.06043611839413643, Train_Err = 2.078
root: Val_Loss = 0.08687225729227066, Val_Err = 2.29
root: Epoch: [240 | 300]
root: Train_Loss = 0.057441383600234985, Train_Err = 1.97
root: Val_Loss = 0.08716331422328949, Val_Err = 2.34
root: Epoch: [241 | 300]
root: Train_Loss = 0.060812097042798996, Train_Err = 2.114
root: Val_Loss = 0.08600444346666336, Val_Err = 2.29
root: Epoch: [242 | 300]
root: Train_Loss = 0.06340917199850082, Train_Err = 2.154
root: Val_Loss = 0.08719939738512039, Val_Err = 2.26
root: Epoch: [243 | 300]
root: Train_Loss = 0.06110156700015068, Train_Err = 2.164
root: Val_Loss = 0.08770376443862915, Val_Err = 2.31
root: Epoch: [244 | 300]
root: Train_Loss = 0.0648893415927887, Train_Err = 2.208
root: Val_Loss = 0.08694501966238022, Val_Err = 2.34
root: Epoch: [245 | 300]
root: Train_Loss = 0.05992968752980232, Train_Err = 2.058
root: Val_Loss = 0.08748184144496918, Val_Err = 2.36
root: Epoch: [246 | 300]
root: Train_Loss = 0.05897688865661621, Train_Err = 2.056
root: Val_Loss = 0.08609803766012192, Val_Err = 2.36
root: Epoch: [247 | 300]
root: Train_Loss = 0.05957946181297302, Train_Err = 2.044
root: Val_Loss = 0.08599033206701279, Val_Err = 2.4
root: Epoch: [248 | 300]
root: Train_Loss = 0.06090642511844635, Train_Err = 2.114
root: Val_Loss = 0.08715422451496124, Val_Err = 2.36
root: Epoch: [249 | 300]
root: Train_Loss = 0.06016415357589722, Train_Err = 2.092
root: Val_Loss = 0.0857429951429367, Val_Err = 2.35
root: Epoch: [250 | 300]
root: Train_Loss = 0.0625964105129242, Train_Err = 2.138
root: Val_Loss = 0.08740775287151337, Val_Err = 2.36
root: Epoch: [251 | 300]
root: Train_Loss = 0.056502096354961395, Train_Err = 1.962
root: Val_Loss = 0.08679954707622528, Val_Err = 2.34
root: Epoch: [252 | 300]
root: Train_Loss = 0.05931316688656807, Train_Err = 2.084
root: Val_Loss = 0.08608094602823257, Val_Err = 2.33
root: Epoch: [253 | 300]
root: Train_Loss = 0.058313168585300446, Train_Err = 2.014
root: Val_Loss = 0.08455175161361694, Val_Err = 2.33
root: Epoch: [254 | 300]
root: Train_Loss = 0.061528027057647705, Train_Err = 2.14
root: Val_Loss = 0.08758369833230972, Val_Err = 2.39
root: Epoch: [255 | 300]
root: Train_Loss = 0.05713912844657898, Train_Err = 1.974
root: Val_Loss = 0.08670716732740402, Val_Err = 2.37
root: Epoch: [256 | 300]
root: Train_Loss = 0.05945112556219101, Train_Err = 2.086
root: Val_Loss = 0.08724810928106308, Val_Err = 2.35
root: Epoch: [257 | 300]
root: Train_Loss = 0.057939596474170685, Train_Err = 2.022
root: Val_Loss = 0.08553873747587204, Val_Err = 2.3
root: Epoch: [258 | 300]
root: Train_Loss = 0.06143554672598839, Train_Err = 2.098
root: Val_Loss = 0.08922932296991348, Val_Err = 2.34
root: Epoch: [259 | 300]
root: Train_Loss = 0.056078363209962845, Train_Err = 1.93
root: Val_Loss = 0.08624699711799622, Val_Err = 2.25
root: Epoch: [260 | 300]
root: Train_Loss = 0.05892861261963844, Train_Err = 2.04
root: Val_Loss = 0.08696573972702026, Val_Err = 2.35
root: Epoch: [261 | 300]
root: Train_Loss = 0.05670977383852005, Train_Err = 1.96
root: Val_Loss = 0.08748019486665726, Val_Err = 2.36
root: Epoch: [262 | 300]
root: Train_Loss = 0.05843114107847214, Train_Err = 2.04
root: Val_Loss = 0.08904509991407394, Val_Err = 2.32
root: Epoch: [263 | 300]
root: Train_Loss = 0.05617702007293701, Train_Err = 1.964
root: Val_Loss = 0.08830410987138748, Val_Err = 2.37
root: Epoch: [264 | 300]
root: Train_Loss = 0.057293061167001724, Train_Err = 1.954
root: Val_Loss = 0.08893145620822906, Val_Err = 2.37
root: Epoch: [265 | 300]
root: Train_Loss = 0.05976247414946556, Train_Err = 2.064
root: Val_Loss = 0.08807902783155441, Val_Err = 2.33
root: Epoch: [266 | 300]
root: Train_Loss = 0.0601443313062191, Train_Err = 2.118
root: Val_Loss = 0.08931359648704529, Val_Err = 2.44
root: Epoch: [267 | 300]
root: Train_Loss = 0.05943058058619499, Train_Err = 2.036
root: Val_Loss = 0.09005274623632431, Val_Err = 2.33
root: Epoch: [268 | 300]
root: Train_Loss = 0.05836566910147667, Train_Err = 2.002
root: Val_Loss = 0.08999475836753845, Val_Err = 2.43
root: Epoch: [269 | 300]
root: Train_Loss = 0.057543035596609116, Train_Err = 2.044
root: Val_Loss = 0.08882340788841248, Val_Err = 2.35
root: Epoch: [270 | 300]
root: Train_Loss = 0.053213514387607574, Train_Err = 1.852
root: Val_Loss = 0.08966004103422165, Val_Err = 2.36
root: Epoch: [271 | 300]
root: Train_Loss = 0.058653973042964935, Train_Err = 2.044
root: Val_Loss = 0.08729521185159683, Val_Err = 2.37
root: Epoch: [272 | 300]
root: Train_Loss = 0.05541791766881943, Train_Err = 1.876
root: Val_Loss = 0.0894472748041153, Val_Err = 2.39
root: Epoch: [273 | 300]
root: Train_Loss = 0.060442838817834854, Train_Err = 2.116
root: Val_Loss = 0.08867780864238739, Val_Err = 2.38
root: Epoch: [274 | 300]
root: Train_Loss = 0.054052576422691345, Train_Err = 1.876
root: Val_Loss = 0.0885779932141304, Val_Err = 2.35
root: Epoch: [275 | 300]
root: Train_Loss = 0.05849263444542885, Train_Err = 2.052
root: Val_Loss = 0.0895339846611023, Val_Err = 2.42
root: Epoch: [276 | 300]
root: Train_Loss = 0.05525307357311249, Train_Err = 1.938
root: Val_Loss = 0.08856779336929321, Val_Err = 2.37
root: Epoch: [277 | 300]
root: Train_Loss = 0.05582011118531227, Train_Err = 1.916
root: Val_Loss = 0.08662540465593338, Val_Err = 2.3
root: Epoch: [278 | 300]
root: Train_Loss = 0.0536644272506237, Train_Err = 1.88
root: Val_Loss = 0.08900219202041626, Val_Err = 2.36
root: Epoch: [279 | 300]
root: Train_Loss = 0.05623222142457962, Train_Err = 1.98
root: Val_Loss = 0.08954321593046188, Val_Err = 2.4
root: Epoch: [280 | 300]
root: Train_Loss = 0.059434324502944946, Train_Err = 2.066
root: Val_Loss = 0.0886869952082634, Val_Err = 2.36
root: Epoch: [281 | 300]
root: Train_Loss = 0.05834206938743591, Train_Err = 2.044
root: Val_Loss = 0.089752696454525, Val_Err = 2.36
root: Epoch: [282 | 300]
root: Train_Loss = 0.05465487763285637, Train_Err = 1.89
root: Val_Loss = 0.09095337241888046, Val_Err = 2.37
root: Epoch: [283 | 300]
root: Train_Loss = 0.0558432899415493, Train_Err = 1.95
root: Val_Loss = 0.08897658437490463, Val_Err = 2.27
root: Epoch: [284 | 300]
root: Train_Loss = 0.053959500044584274, Train_Err = 1.832
root: Val_Loss = 0.08973378688097, Val_Err = 2.31
root: Epoch: [285 | 300]
root: Train_Loss = 0.05653325095772743, Train_Err = 2.012
root: Val_Loss = 0.0888892337679863, Val_Err = 2.29
root: Epoch: [286 | 300]
root: Train_Loss = 0.053559452295303345, Train_Err = 1.82
root: Val_Loss = 0.08872009068727493, Val_Err = 2.29
root: Epoch: [287 | 300]
root: Train_Loss = 0.054682664573192596, Train_Err = 1.892
root: Val_Loss = 0.08764433115720749, Val_Err = 2.37
root: Epoch: [288 | 300]
root: Train_Loss = 0.05505423620343208, Train_Err = 1.91
root: Val_Loss = 0.08747540414333344, Val_Err = 2.23
root: Epoch: [289 | 300]
root: Train_Loss = 0.05641564726829529, Train_Err = 1.948
root: Val_Loss = 0.08842078596353531, Val_Err = 2.31
root: Epoch: [290 | 300]
root: Train_Loss = 0.05481821298599243, Train_Err = 1.934
root: Val_Loss = 0.08708103746175766, Val_Err = 2.18
root: Epoch: [291 | 300]
root: Train_Loss = 0.05506538599729538, Train_Err = 1.906
root: Val_Loss = 0.08768338710069656, Val_Err = 2.2
root: Epoch: [292 | 300]
root: Train_Loss = 0.05641773343086243, Train_Err = 1.936
root: Val_Loss = 0.08636995404958725, Val_Err = 2.2
root: Epoch: [293 | 300]
root: Train_Loss = 0.0548957958817482, Train_Err = 1.922
root: Val_Loss = 0.08687272667884827, Val_Err = 2.24
root: Epoch: [294 | 300]
root: Train_Loss = 0.05456394702196121, Train_Err = 1.914
root: Val_Loss = 0.08908959478139877, Val_Err = 2.36
root: Epoch: [295 | 300]
root: Train_Loss = 0.05594258010387421, Train_Err = 1.944
root: Val_Loss = 0.08847204595804214, Val_Err = 2.34
root: Epoch: [296 | 300]
root: Train_Loss = 0.05719544738531113, Train_Err = 1.956
root: Val_Loss = 0.08707522600889206, Val_Err = 2.23
root: Epoch: [297 | 300]
root: Train_Loss = 0.054883357137441635, Train_Err = 1.91
root: Val_Loss = 0.08738136291503906, Val_Err = 2.33
root: Epoch: [298 | 300]
root: Train_Loss = 0.05477236211299896, Train_Err = 1.926
root: Val_Loss = 0.0871962383389473, Val_Err = 2.26
root: Epoch: [299 | 300]
root: Train_Loss = 0.05430848151445389, Train_Err = 1.87
root: Val_Loss = 0.08899280428886414, Val_Err = 2.42
