Namespace(bs=128, cp_dir='./checkpoints/cifar100/resnet101/smooth_out//run_ms_2', data_dir='./data/cifar100', dir='.', dtype='cifar100', ep=200, loadckp=None, lr=0.1, milestones=[100, 120], mo=0.9, ms=2, mtype='resnet101', n='cifar100/resnet101/smooth_out/', num_classes=100, print_freq=100, smooth_out_a=0.009, use_cuda=True, wd=0.0005)
Epoch: [0 | 200]
Phase:train -- Batch_idx:100/391-- 522.82 samples/sec-- Loss:5.34 -- Error1:98.96
Phase:train -- Batch_idx:200/391-- 535.38 samples/sec-- Loss:4.97 -- Error1:98.93
Phase:train -- Batch_idx:300/391-- 539.58 samples/sec-- Loss:4.82 -- Error1:98.65
Train_Loss = 4.728921549682617, Train_Err = 98.472
Val_Loss = 4.396122093200684, Val_Err = 97.39
Epoch: [1 | 200]
Phase:train -- Batch_idx:100/391-- 542.15 samples/sec-- Loss:4.35 -- Error1:96.98
Phase:train -- Batch_idx:200/391-- 544.85 samples/sec-- Loss:4.30 -- Error1:96.75
Phase:train -- Batch_idx:300/391-- 545.63 samples/sec-- Loss:4.24 -- Error1:96.11
Train_Loss = 4.187909951248169, Train_Err = 95.578
Val_Loss = 3.988112853240967, Val_Err = 93.71
Epoch: [2 | 200]
Phase:train -- Batch_idx:100/391-- 541.35 samples/sec-- Loss:3.96 -- Error1:92.78
Phase:train -- Batch_idx:200/391-- 544.16 samples/sec-- Loss:3.93 -- Error1:92.41
Phase:train -- Batch_idx:300/391-- 545.16 samples/sec-- Loss:3.90 -- Error1:91.88
Train_Loss = 3.8629276512908937, Train_Err = 91.232
Val_Loss = 3.727350702285767, Val_Err = 88.35
Epoch: [3 | 200]
Phase:train -- Batch_idx:100/391-- 541.36 samples/sec-- Loss:3.68 -- Error1:88.10
Phase:train -- Batch_idx:200/391-- 544.04 samples/sec-- Loss:3.62 -- Error1:86.90
Phase:train -- Batch_idx:300/391-- 544.95 samples/sec-- Loss:3.58 -- Error1:86.21
Train_Loss = 3.5466975390625, Train_Err = 85.714
Val_Loss = 3.4512395370483397, Val_Err = 83.44
Epoch: [4 | 200]
Phase:train -- Batch_idx:100/391-- 541.35 samples/sec-- Loss:3.34 -- Error1:82.65
Phase:train -- Batch_idx:200/391-- 544.21 samples/sec-- Loss:3.32 -- Error1:81.68
Phase:train -- Batch_idx:300/391-- 545.13 samples/sec-- Loss:3.29 -- Error1:81.19
Train_Loss = 3.2579988774108886, Train_Err = 80.468
Val_Loss = 3.163797159957886, Val_Err = 77.77
Epoch: [5 | 200]
Phase:train -- Batch_idx:100/391-- 541.66 samples/sec-- Loss:3.05 -- Error1:76.52
Phase:train -- Batch_idx:200/391-- 544.27 samples/sec-- Loss:3.03 -- Error1:76.27
Phase:train -- Batch_idx:300/391-- 545.14 samples/sec-- Loss:3.00 -- Error1:75.71
Train_Loss = 2.9744830920410155, Train_Err = 75.228
Val_Loss = 2.9326134372711183, Val_Err = 73.39
Epoch: [6 | 200]
Phase:train -- Batch_idx:100/391-- 541.37 samples/sec-- Loss:2.74 -- Error1:70.69
Phase:train -- Batch_idx:200/391-- 544.02 samples/sec-- Loss:2.72 -- Error1:70.11
Phase:train -- Batch_idx:300/391-- 544.88 samples/sec-- Loss:2.69 -- Error1:69.50
Train_Loss = 2.6642321503448487, Train_Err = 68.874
Val_Loss = 2.6414359302520753, Val_Err = 68.57
Epoch: [7 | 200]
Phase:train -- Batch_idx:100/391-- 535.50 samples/sec-- Loss:2.44 -- Error1:64.34
Phase:train -- Batch_idx:200/391-- 525.71 samples/sec-- Loss:2.42 -- Error1:63.73
Phase:train -- Batch_idx:300/391-- 522.54 samples/sec-- Loss:2.40 -- Error1:63.45
Train_Loss = 2.3815004225158694, Train_Err = 63.094
Val_Loss = 2.5067368377685546, Val_Err = 65.5
Epoch: [8 | 200]
Phase:train -- Batch_idx:100/391-- 526.96 samples/sec-- Loss:2.19 -- Error1:59.40
Phase:train -- Batch_idx:200/391-- 537.11 samples/sec-- Loss:2.20 -- Error1:59.39
Phase:train -- Batch_idx:300/391-- 540.53 samples/sec-- Loss:2.19 -- Error1:59.01
Train_Loss = 2.1785824744415283, Train_Err = 58.88
Val_Loss = 2.375141735839844, Val_Err = 61.78
Epoch: [9 | 200]
Phase:train -- Batch_idx:100/391-- 514.55 samples/sec-- Loss:2.01 -- Error1:54.95
Phase:train -- Batch_idx:200/391-- 515.70 samples/sec-- Loss:2.00 -- Error1:54.77
Phase:train -- Batch_idx:300/391-- 516.09 samples/sec-- Loss:2.00 -- Error1:54.82
Train_Loss = 2.004680289916992, Train_Err = 55.016
Val_Loss = 2.2273850616455078, Val_Err = 59.68
Epoch: [10 | 200]
Phase:train -- Batch_idx:100/391-- 541.18 samples/sec-- Loss:1.81 -- Error1:50.72
Phase:train -- Batch_idx:200/391-- 543.85 samples/sec-- Loss:1.82 -- Error1:50.80
Phase:train -- Batch_idx:300/391-- 544.79 samples/sec-- Loss:1.85 -- Error1:51.21
Train_Loss = 1.854644513168335, Train_Err = 51.316
Val_Loss = 2.1817197925567626, Val_Err = 56.59
Epoch: [11 | 200]
Phase:train -- Batch_idx:100/391-- 541.11 samples/sec-- Loss:1.69 -- Error1:47.64
Phase:train -- Batch_idx:200/391-- 544.20 samples/sec-- Loss:1.71 -- Error1:47.86
Phase:train -- Batch_idx:300/391-- 545.26 samples/sec-- Loss:1.72 -- Error1:48.17
Train_Loss = 1.7242239343643189, Train_Err = 48.286
Val_Loss = 1.984150104522705, Val_Err = 53.78
Epoch: [12 | 200]
Phase:train -- Batch_idx:100/391-- 542.23 samples/sec-- Loss:1.58 -- Error1:44.59
Phase:train -- Batch_idx:200/391-- 544.56 samples/sec-- Loss:1.59 -- Error1:45.04
Phase:train -- Batch_idx:300/391-- 545.38 samples/sec-- Loss:1.62 -- Error1:45.72
Train_Loss = 1.6289797933578491, Train_Err = 45.854
Val_Loss = 2.0370134565353393, Val_Err = 54.55
Epoch: [13 | 200]
Phase:train -- Batch_idx:100/391-- 541.31 samples/sec-- Loss:1.45 -- Error1:41.91
Phase:train -- Batch_idx:200/391-- 534.76 samples/sec-- Loss:1.50 -- Error1:43.11
Phase:train -- Batch_idx:300/391-- 528.68 samples/sec-- Loss:1.52 -- Error1:43.71
Train_Loss = 1.531799585800171, Train_Err = 43.798
Val_Loss = 1.8412482133865355, Val_Err = 50.55
Epoch: [14 | 200]
Phase:train -- Batch_idx:100/391-- 396.88 samples/sec-- Loss:1.37 -- Error1:39.27
Phase:train -- Batch_idx:200/391-- 460.09 samples/sec-- Loss:1.42 -- Error1:40.74
Phase:train -- Batch_idx:300/391-- 486.00 samples/sec-- Loss:1.44 -- Error1:41.19
Train_Loss = 1.4625281284713745, Train_Err = 41.744
Val_Loss = 1.976873096847534, Val_Err = 52.37
Epoch: [15 | 200]
Phase:train -- Batch_idx:100/391-- 542.26 samples/sec-- Loss:1.28 -- Error1:37.05
Phase:train -- Batch_idx:200/391-- 544.87 samples/sec-- Loss:1.34 -- Error1:38.77
Phase:train -- Batch_idx:300/391-- 545.79 samples/sec-- Loss:1.37 -- Error1:39.39
Train_Loss = 1.3927301160430907, Train_Err = 40.04
Val_Loss = 1.8690006120681764, Val_Err = 50.38
Epoch: [16 | 200]
Phase:train -- Batch_idx:100/391-- 542.35 samples/sec-- Loss:1.21 -- Error1:35.97
Phase:train -- Batch_idx:200/391-- 545.18 samples/sec-- Loss:1.28 -- Error1:37.50
Phase:train -- Batch_idx:300/391-- 546.13 samples/sec-- Loss:1.31 -- Error1:38.16
Train_Loss = 1.328646135635376, Train_Err = 38.774
Val_Loss = 1.7535695644378662, Val_Err = 48.08
Epoch: [17 | 200]
Phase:train -- Batch_idx:100/391-- 540.93 samples/sec-- Loss:1.17 -- Error1:34.58
Phase:train -- Batch_idx:200/391-- 543.73 samples/sec-- Loss:1.23 -- Error1:36.08
Phase:train -- Batch_idx:300/391-- 544.70 samples/sec-- Loss:1.26 -- Error1:36.79
Train_Loss = 1.2770377843475342, Train_Err = 37.44
Val_Loss = 1.7772315492630004, Val_Err = 48.23
Epoch: [18 | 200]
Phase:train -- Batch_idx:100/391-- 541.37 samples/sec-- Loss:1.10 -- Error1:33.06
Phase:train -- Batch_idx:200/391-- 544.07 samples/sec-- Loss:1.18 -- Error1:34.72
Phase:train -- Batch_idx:300/391-- 544.98 samples/sec-- Loss:1.21 -- Error1:35.54
Train_Loss = 1.2421188510894776, Train_Err = 36.33
Val_Loss = 1.7902309953689575, Val_Err = 48.14
Epoch: [19 | 200]
Phase:train -- Batch_idx:100/391-- 542.17 samples/sec-- Loss:1.05 -- Error1:31.27
Phase:train -- Batch_idx:200/391-- 544.89 samples/sec-- Loss:1.11 -- Error1:32.88
Phase:train -- Batch_idx:300/391-- 545.82 samples/sec-- Loss:1.15 -- Error1:34.06
Train_Loss = 1.1773197570419311, Train_Err = 34.66
Val_Loss = 1.7606611240386962, Val_Err = 46.55
Epoch: [20 | 200]
Phase:train -- Batch_idx:100/391-- 542.01 samples/sec-- Loss:1.01 -- Error1:30.42
Phase:train -- Batch_idx:200/391-- 544.65 samples/sec-- Loss:1.09 -- Error1:32.50
Phase:train -- Batch_idx:300/391-- 545.50 samples/sec-- Loss:1.12 -- Error1:33.53
Train_Loss = 1.1534400392150879, Train_Err = 34.19
Val_Loss = 1.8990720687866212, Val_Err = 49.63
Epoch: [21 | 200]
Phase:train -- Batch_idx:100/391-- 541.48 samples/sec-- Loss:0.97 -- Error1:28.91
Phase:train -- Batch_idx:200/391-- 544.27 samples/sec-- Loss:1.03 -- Error1:30.60
Phase:train -- Batch_idx:300/391-- 545.28 samples/sec-- Loss:1.07 -- Error1:31.78
Train_Loss = 1.1034300433349609, Train_Err = 32.756
Val_Loss = 1.735019246673584, Val_Err = 46.78
Epoch: [22 | 200]
Phase:train -- Batch_idx:100/391-- 542.32 samples/sec-- Loss:0.93 -- Error1:27.96
Phase:train -- Batch_idx:200/391-- 544.96 samples/sec-- Loss:1.01 -- Error1:30.24
Phase:train -- Batch_idx:300/391-- 545.73 samples/sec-- Loss:1.05 -- Error1:31.34
Train_Loss = 1.076596643447876, Train_Err = 31.934
Val_Loss = 1.8668987884521484, Val_Err = 48.82
Epoch: [23 | 200]
Phase:train -- Batch_idx:100/391-- 542.40 samples/sec-- Loss:0.90 -- Error1:27.12
Phase:train -- Batch_idx:200/391-- 544.95 samples/sec-- Loss:0.97 -- Error1:29.13
Phase:train -- Batch_idx:300/391-- 545.93 samples/sec-- Loss:1.02 -- Error1:30.66
Train_Loss = 1.0458784497451783, Train_Err = 31.384
Val_Loss = 1.8768085353851318, Val_Err = 48.83
Epoch: [24 | 200]
Phase:train -- Batch_idx:100/391-- 541.98 samples/sec-- Loss:0.85 -- Error1:25.38
Phase:train -- Batch_idx:200/391-- 544.67 samples/sec-- Loss:0.93 -- Error1:28.09
Phase:train -- Batch_idx:300/391-- 545.62 samples/sec-- Loss:0.98 -- Error1:29.57
Train_Loss = 1.0185968563461303, Train_Err = 30.508
Val_Loss = 1.8842731586456298, Val_Err = 48.08
Epoch: [25 | 200]
Phase:train -- Batch_idx:100/391-- 542.31 samples/sec-- Loss:0.84 -- Error1:25.73
Phase:train -- Batch_idx:200/391-- 544.92 samples/sec-- Loss:0.93 -- Error1:28.16
Phase:train -- Batch_idx:300/391-- 545.78 samples/sec-- Loss:0.96 -- Error1:29.03
Train_Loss = 0.9938605186462403, Train_Err = 29.916
Val_Loss = 1.7731354349136352, Val_Err = 46.63
Epoch: [26 | 200]
Phase:train -- Batch_idx:100/391-- 542.23 samples/sec-- Loss:0.82 -- Error1:24.70
Phase:train -- Batch_idx:200/391-- 544.76 samples/sec-- Loss:0.90 -- Error1:27.04
Phase:train -- Batch_idx:300/391-- 545.66 samples/sec-- Loss:0.94 -- Error1:28.28
Train_Loss = 0.9741550439453125, Train_Err = 29.288
Val_Loss = 1.8779753507614136, Val_Err = 48.74
Epoch: [27 | 200]
Phase:train -- Batch_idx:100/391-- 511.71 samples/sec-- Loss:0.77 -- Error1:23.29
Phase:train -- Batch_idx:200/391-- 514.23 samples/sec-- Loss:0.87 -- Error1:26.15
Phase:train -- Batch_idx:300/391-- 468.76 samples/sec-- Loss:0.93 -- Error1:27.88
Train_Loss = 0.9540645286750793, Train_Err = 28.674
Val_Loss = 1.9381232147216796, Val_Err = 49.06
Epoch: [28 | 200]
Phase:train -- Batch_idx:100/391-- 541.14 samples/sec-- Loss:0.76 -- Error1:22.86
Phase:train -- Batch_idx:200/391-- 543.84 samples/sec-- Loss:0.85 -- Error1:25.51
Phase:train -- Batch_idx:300/391-- 544.80 samples/sec-- Loss:0.91 -- Error1:27.40
Train_Loss = 0.9401555566215515, Train_Err = 28.226
Val_Loss = 1.9857536380767822, Val_Err = 50.01
Epoch: [29 | 200]
Phase:train -- Batch_idx:100/391-- 541.95 samples/sec-- Loss:0.78 -- Error1:23.80
Phase:train -- Batch_idx:200/391-- 544.54 samples/sec-- Loss:0.84 -- Error1:25.61
Phase:train -- Batch_idx:300/391-- 545.53 samples/sec-- Loss:0.88 -- Error1:26.82
Train_Loss = 0.9146781617736817, Train_Err = 27.67
Val_Loss = 1.8834980236053467, Val_Err = 47.77
Epoch: [30 | 200]
Phase:train -- Batch_idx:100/391-- 542.43 samples/sec-- Loss:0.75 -- Error1:23.10
Phase:train -- Batch_idx:200/391-- 452.14 samples/sec-- Loss:0.83 -- Error1:25.03
Phase:train -- Batch_idx:300/391-- 479.52 samples/sec-- Loss:0.87 -- Error1:26.26
Train_Loss = 0.9024428380966186, Train_Err = 27.136
Val_Loss = 1.7546431970596315, Val_Err = 46.58
Epoch: [31 | 200]
Phase:train -- Batch_idx:100/391-- 541.59 samples/sec-- Loss:0.73 -- Error1:22.69
Phase:train -- Batch_idx:200/391-- 544.33 samples/sec-- Loss:0.79 -- Error1:24.31
Phase:train -- Batch_idx:300/391-- 545.28 samples/sec-- Loss:0.85 -- Error1:26.05
Train_Loss = 0.8886455284881591, Train_Err = 27.052
Val_Loss = 1.8124770822525025, Val_Err = 46.83
Epoch: [32 | 200]
Phase:train -- Batch_idx:100/391-- 541.28 samples/sec-- Loss:0.74 -- Error1:22.62
Phase:train -- Batch_idx:200/391-- 543.87 samples/sec-- Loss:0.80 -- Error1:24.38
Phase:train -- Batch_idx:300/391-- 544.76 samples/sec-- Loss:0.85 -- Error1:25.67
Train_Loss = 0.8778682150650025, Train_Err = 26.41
Val_Loss = 2.2119266815185545, Val_Err = 52.7
Epoch: [33 | 200]
Phase:train -- Batch_idx:100/391-- 541.86 samples/sec-- Loss:0.70 -- Error1:21.69
Phase:train -- Batch_idx:200/391-- 544.60 samples/sec-- Loss:0.78 -- Error1:23.97
Phase:train -- Batch_idx:300/391-- 545.56 samples/sec-- Loss:0.83 -- Error1:25.55
Train_Loss = 0.874826854057312, Train_Err = 26.562
Val_Loss = 1.8362449378967285, Val_Err = 46.57
Epoch: [34 | 200]
Phase:train -- Batch_idx:100/391-- 542.07 samples/sec-- Loss:0.68 -- Error1:20.72
Phase:train -- Batch_idx:200/391-- 544.75 samples/sec-- Loss:0.77 -- Error1:23.34
Phase:train -- Batch_idx:300/391-- 545.61 samples/sec-- Loss:0.83 -- Error1:25.07
Train_Loss = 0.8556754469490051, Train_Err = 25.858
Val_Loss = 2.0718765621185304, Val_Err = 49.42
Epoch: [35 | 200]
Phase:train -- Batch_idx:100/391-- 541.76 samples/sec-- Loss:0.69 -- Error1:20.95
Phase:train -- Batch_idx:200/391-- 544.55 samples/sec-- Loss:0.77 -- Error1:23.16
Phase:train -- Batch_idx:300/391-- 478.35 samples/sec-- Loss:0.82 -- Error1:24.93
Train_Loss = 0.849819924583435, Train_Err = 25.718
Val_Loss = 1.9422111612319946, Val_Err = 47.86
Epoch: [36 | 200]
Phase:train -- Batch_idx:100/391-- 542.39 samples/sec-- Loss:0.69 -- Error1:20.79
Phase:train -- Batch_idx:200/391-- 544.88 samples/sec-- Loss:0.74 -- Error1:22.18
Phase:train -- Batch_idx:300/391-- 545.74 samples/sec-- Loss:0.80 -- Error1:24.17
Train_Loss = 0.8399424755096435, Train_Err = 25.364
Val_Loss = 1.9371377552032472, Val_Err = 47.23
Epoch: [37 | 200]
Phase:train -- Batch_idx:100/391-- 542.39 samples/sec-- Loss:0.67 -- Error1:21.15
Phase:train -- Batch_idx:200/391-- 544.85 samples/sec-- Loss:0.76 -- Error1:23.43
Phase:train -- Batch_idx:300/391-- 545.87 samples/sec-- Loss:0.81 -- Error1:24.80
Train_Loss = 0.8383810495185852, Train_Err = 25.582
Val_Loss = 2.2453507553100587, Val_Err = 52.05
Epoch: [38 | 200]
Phase:train -- Batch_idx:100/391-- 542.67 samples/sec-- Loss:0.66 -- Error1:19.97
Phase:train -- Batch_idx:200/391-- 545.28 samples/sec-- Loss:0.75 -- Error1:22.90
Phase:train -- Batch_idx:300/391-- 545.92 samples/sec-- Loss:0.80 -- Error1:24.51
Train_Loss = 0.8359278787612915, Train_Err = 25.392
Val_Loss = 1.899048254776001, Val_Err = 48.47
Epoch: [39 | 200]
Phase:train -- Batch_idx:100/391-- 542.05 samples/sec-- Loss:0.66 -- Error1:20.02
Phase:train -- Batch_idx:200/391-- 544.80 samples/sec-- Loss:0.71 -- Error1:21.67
Phase:train -- Batch_idx:300/391-- 545.77 samples/sec-- Loss:0.78 -- Error1:23.56
Train_Loss = 0.8114587330436707, Train_Err = 24.452
Val_Loss = 1.874135336303711, Val_Err = 47.03
Epoch: [40 | 200]
Phase:train -- Batch_idx:100/391-- 542.48 samples/sec-- Loss:0.65 -- Error1:19.85
Phase:train -- Batch_idx:200/391-- 545.16 samples/sec-- Loss:0.72 -- Error1:22.05
Phase:train -- Batch_idx:300/391-- 546.02 samples/sec-- Loss:0.78 -- Error1:23.96
Train_Loss = 0.8123528755760193, Train_Err = 24.808
Val_Loss = 1.9113112678527833, Val_Err = 47.75
Epoch: [41 | 200]
Phase:train -- Batch_idx:100/391-- 542.04 samples/sec-- Loss:0.66 -- Error1:19.91
Phase:train -- Batch_idx:200/391-- 544.62 samples/sec-- Loss:0.71 -- Error1:21.66
Phase:train -- Batch_idx:300/391-- 485.10 samples/sec-- Loss:0.77 -- Error1:23.51
Train_Loss = 0.8122028933334351, Train_Err = 24.65
Val_Loss = 1.8587823150634766, Val_Err = 46.92
Epoch: [42 | 200]
Phase:train -- Batch_idx:100/391-- 542.41 samples/sec-- Loss:0.60 -- Error1:18.06
Phase:train -- Batch_idx:200/391-- 545.12 samples/sec-- Loss:0.69 -- Error1:20.82
Phase:train -- Batch_idx:300/391-- 546.06 samples/sec-- Loss:0.77 -- Error1:23.00
Train_Loss = 0.8011407073974609, Train_Err = 24.004
Val_Loss = 2.08025957698822, Val_Err = 49.1
Epoch: [43 | 200]
Phase:train -- Batch_idx:100/391-- 542.54 samples/sec-- Loss:0.64 -- Error1:19.44
Phase:train -- Batch_idx:200/391-- 545.19 samples/sec-- Loss:0.70 -- Error1:21.45
Phase:train -- Batch_idx:300/391-- 546.14 samples/sec-- Loss:0.76 -- Error1:23.14
Train_Loss = 0.7896123494338989, Train_Err = 23.988
Val_Loss = 2.2034267578125, Val_Err = 50.94
Epoch: [44 | 200]
Phase:train -- Batch_idx:100/391-- 541.80 samples/sec-- Loss:0.64 -- Error1:19.07
Phase:train -- Batch_idx:200/391-- 544.59 samples/sec-- Loss:0.69 -- Error1:20.81
Phase:train -- Batch_idx:300/391-- 545.56 samples/sec-- Loss:0.76 -- Error1:22.75
Train_Loss = 0.7865917602539062, Train_Err = 23.764
Val_Loss = 2.0750090217590333, Val_Err = 50.29
Epoch: [45 | 200]
Phase:train -- Batch_idx:100/391-- 512.25 samples/sec-- Loss:0.65 -- Error1:19.49
Phase:train -- Batch_idx:200/391-- 514.63 samples/sec-- Loss:0.72 -- Error1:21.76
Phase:train -- Batch_idx:300/391-- 515.45 samples/sec-- Loss:0.77 -- Error1:23.48
Train_Loss = 0.8076642323303223, Train_Err = 24.426
Val_Loss = 1.9478685703277587, Val_Err = 47.97
Epoch: [46 | 200]
Phase:train -- Batch_idx:100/391-- 542.34 samples/sec-- Loss:0.62 -- Error1:19.13
Phase:train -- Batch_idx:200/391-- 544.92 samples/sec-- Loss:0.68 -- Error1:20.85
Phase:train -- Batch_idx:300/391-- 545.79 samples/sec-- Loss:0.75 -- Error1:22.95
Train_Loss = 0.7862773429298401, Train_Err = 24.028
Val_Loss = 1.9658440916061402, Val_Err = 48.15
Epoch: [47 | 200]
Phase:train -- Batch_idx:100/391-- 541.59 samples/sec-- Loss:0.59 -- Error1:18.13
Phase:train -- Batch_idx:200/391-- 544.11 samples/sec-- Loss:0.67 -- Error1:20.62
Phase:train -- Batch_idx:300/391-- 544.96 samples/sec-- Loss:0.74 -- Error1:22.58
Train_Loss = 0.7727851783370971, Train_Err = 23.602
Val_Loss = 1.9857857311248779, Val_Err = 47.69
Epoch: [48 | 200]
Phase:train -- Batch_idx:100/391-- 541.86 samples/sec-- Loss:0.58 -- Error1:17.73
Phase:train -- Batch_idx:200/391-- 544.46 samples/sec-- Loss:0.67 -- Error1:20.55
Phase:train -- Batch_idx:300/391-- 545.33 samples/sec-- Loss:0.74 -- Error1:22.59
Train_Loss = 0.7727865803146362, Train_Err = 23.59
Val_Loss = 2.2774777812957763, Val_Err = 52.19
Epoch: [49 | 200]
Phase:train -- Batch_idx:100/391-- 542.14 samples/sec-- Loss:0.62 -- Error1:19.17
Phase:train -- Batch_idx:200/391-- 544.71 samples/sec-- Loss:0.70 -- Error1:21.35
Phase:train -- Batch_idx:300/391-- 545.77 samples/sec-- Loss:0.75 -- Error1:22.82
Train_Loss = 0.7755038862800598, Train_Err = 23.546
Val_Loss = 1.9662211349487304, Val_Err = 47.65
Epoch: [50 | 200]
Phase:train -- Batch_idx:100/391-- 541.91 samples/sec-- Loss:0.59 -- Error1:18.13
Phase:train -- Batch_idx:200/391-- 544.70 samples/sec-- Loss:0.67 -- Error1:20.44
Phase:train -- Batch_idx:300/391-- 545.61 samples/sec-- Loss:0.74 -- Error1:22.21
Train_Loss = 0.7724655284881592, Train_Err = 23.362
Val_Loss = 1.9493993431091308, Val_Err = 47.78
Epoch: [51 | 200]
Phase:train -- Batch_idx:100/391-- 541.99 samples/sec-- Loss:0.59 -- Error1:17.98
Phase:train -- Batch_idx:200/391-- 544.63 samples/sec-- Loss:0.68 -- Error1:20.66
Phase:train -- Batch_idx:300/391-- 545.54 samples/sec-- Loss:0.73 -- Error1:22.10
Train_Loss = 0.7631006806564331, Train_Err = 23.156
Val_Loss = 1.9225663391113281, Val_Err = 47.05
Epoch: [52 | 200]
Phase:train -- Batch_idx:100/391-- 542.76 samples/sec-- Loss:0.59 -- Error1:18.06
Phase:train -- Batch_idx:200/391-- 545.31 samples/sec-- Loss:0.66 -- Error1:20.32
Phase:train -- Batch_idx:300/391-- 546.17 samples/sec-- Loss:0.73 -- Error1:22.23
Train_Loss = 0.7658842111206055, Train_Err = 23.152
Val_Loss = 1.964465232849121, Val_Err = 47.27
Epoch: [53 | 200]
Phase:train -- Batch_idx:100/391-- 542.07 samples/sec-- Loss:0.60 -- Error1:18.51
Phase:train -- Batch_idx:200/391-- 544.54 samples/sec-- Loss:0.67 -- Error1:20.68
Phase:train -- Batch_idx:300/391-- 545.58 samples/sec-- Loss:0.73 -- Error1:22.33
Train_Loss = 0.7655561711120605, Train_Err = 23.212
Val_Loss = 2.0970390979766846, Val_Err = 50.42
Epoch: [54 | 200]
Phase:train -- Batch_idx:100/391-- 542.41 samples/sec-- Loss:0.61 -- Error1:18.91
Phase:train -- Batch_idx:200/391-- 545.04 samples/sec-- Loss:0.68 -- Error1:20.87
Phase:train -- Batch_idx:300/391-- 545.90 samples/sec-- Loss:0.73 -- Error1:22.29
Train_Loss = 0.7673160727500915, Train_Err = 23.238
Val_Loss = 2.1110213432312013, Val_Err = 49.52
Epoch: [55 | 200]
Phase:train -- Batch_idx:100/391-- 542.16 samples/sec-- Loss:0.57 -- Error1:17.27
Phase:train -- Batch_idx:200/391-- 544.84 samples/sec-- Loss:0.66 -- Error1:20.07
Phase:train -- Batch_idx:300/391-- 545.77 samples/sec-- Loss:0.72 -- Error1:21.90
Train_Loss = 0.7574111115646363, Train_Err = 22.93
Val_Loss = 2.016553812599182, Val_Err = 50.15
Epoch: [56 | 200]
Phase:train -- Batch_idx:100/391-- 541.84 samples/sec-- Loss:0.57 -- Error1:17.39
Phase:train -- Batch_idx:200/391-- 544.55 samples/sec-- Loss:0.63 -- Error1:19.38
Phase:train -- Batch_idx:300/391-- 545.48 samples/sec-- Loss:0.71 -- Error1:21.62
Train_Loss = 0.7596703977966308, Train_Err = 22.898
Val_Loss = 2.0551819484710694, Val_Err = 49.93
Epoch: [57 | 200]
Phase:train -- Batch_idx:100/391-- 542.13 samples/sec-- Loss:0.57 -- Error1:17.12
Phase:train -- Batch_idx:200/391-- 544.78 samples/sec-- Loss:0.66 -- Error1:19.88
Phase:train -- Batch_idx:300/391-- 545.75 samples/sec-- Loss:0.73 -- Error1:21.86
Train_Loss = 0.7609603578948975, Train_Err = 22.886
Val_Loss = 2.085597831726074, Val_Err = 50.19
Epoch: [58 | 200]
Phase:train -- Batch_idx:100/391-- 541.73 samples/sec-- Loss:0.60 -- Error1:18.05
Phase:train -- Batch_idx:200/391-- 544.56 samples/sec-- Loss:0.65 -- Error1:19.62
Phase:train -- Batch_idx:300/391-- 545.52 samples/sec-- Loss:0.71 -- Error1:21.45
Train_Loss = 0.7513511296081543, Train_Err = 22.728
Val_Loss = 2.1508945693969728, Val_Err = 49.34
Epoch: [59 | 200]
Phase:train -- Batch_idx:100/391-- 511.56 samples/sec-- Loss:0.59 -- Error1:17.84
Phase:train -- Batch_idx:200/391-- 514.14 samples/sec-- Loss:0.66 -- Error1:20.32
Phase:train -- Batch_idx:300/391-- 514.95 samples/sec-- Loss:0.73 -- Error1:22.13
Train_Loss = 0.7586328153038024, Train_Err = 23.038
Val_Loss = 1.979458643722534, Val_Err = 47.08
Epoch: [60 | 200]
Phase:train -- Batch_idx:100/391-- 541.65 samples/sec-- Loss:0.55 -- Error1:16.52
Phase:train -- Batch_idx:200/391-- 544.55 samples/sec-- Loss:0.64 -- Error1:19.46
Phase:train -- Batch_idx:300/391-- 545.57 samples/sec-- Loss:0.70 -- Error1:21.12
Train_Loss = 0.7390810557937622, Train_Err = 22.334
Val_Loss = 2.3087704071044923, Val_Err = 52.9
Epoch: [61 | 200]
Phase:train -- Batch_idx:100/391-- 541.66 samples/sec-- Loss:0.58 -- Error1:17.86
Phase:train -- Batch_idx:200/391-- 544.41 samples/sec-- Loss:0.64 -- Error1:19.39
Phase:train -- Batch_idx:300/391-- 545.37 samples/sec-- Loss:0.72 -- Error1:22.03
Train_Loss = 0.7562751259422302, Train_Err = 22.936
Val_Loss = 2.1337524559020995, Val_Err = 50.99
Epoch: [62 | 200]
Phase:train -- Batch_idx:100/391-- 541.14 samples/sec-- Loss:0.57 -- Error1:17.30
Phase:train -- Batch_idx:200/391-- 543.93 samples/sec-- Loss:0.63 -- Error1:19.20
Phase:train -- Batch_idx:300/391-- 545.04 samples/sec-- Loss:0.70 -- Error1:21.15
Train_Loss = 0.7440781369781494, Train_Err = 22.554
Val_Loss = 2.2576148376464844, Val_Err = 52.36
Epoch: [63 | 200]
Phase:train -- Batch_idx:100/391-- 541.97 samples/sec-- Loss:0.56 -- Error1:17.08
Phase:train -- Batch_idx:200/391-- 544.77 samples/sec-- Loss:0.63 -- Error1:19.10
Phase:train -- Batch_idx:300/391-- 545.74 samples/sec-- Loss:0.70 -- Error1:21.31
Train_Loss = 0.7419697860336304, Train_Err = 22.38
Val_Loss = 2.2197624450683593, Val_Err = 51.55
Epoch: [64 | 200]
Phase:train -- Batch_idx:100/391-- 512.00 samples/sec-- Loss:0.55 -- Error1:16.74
Phase:train -- Batch_idx:200/391-- 514.36 samples/sec-- Loss:0.63 -- Error1:19.27
Phase:train -- Batch_idx:300/391-- 515.19 samples/sec-- Loss:0.70 -- Error1:21.15
Train_Loss = 0.7433110593414307, Train_Err = 22.306
Val_Loss = 1.952432139968872, Val_Err = 47.01
Epoch: [65 | 200]
Phase:train -- Batch_idx:100/391-- 511.91 samples/sec-- Loss:0.53 -- Error1:16.05
Phase:train -- Batch_idx:200/391-- 514.31 samples/sec-- Loss:0.62 -- Error1:18.96
Phase:train -- Batch_idx:300/391-- 515.13 samples/sec-- Loss:0.70 -- Error1:21.11
Train_Loss = 0.7332618968391419, Train_Err = 22.1
Val_Loss = 1.982711769104004, Val_Err = 47.64
Epoch: [66 | 200]
Phase:train -- Batch_idx:100/391-- 542.43 samples/sec-- Loss:0.56 -- Error1:17.28
Phase:train -- Batch_idx:200/391-- 545.19 samples/sec-- Loss:0.64 -- Error1:19.73
Phase:train -- Batch_idx:300/391-- 546.11 samples/sec-- Loss:0.71 -- Error1:21.46
Train_Loss = 0.746827742614746, Train_Err = 22.706
Val_Loss = 1.9437849769592286, Val_Err = 47.41
Epoch: [67 | 200]
Phase:train -- Batch_idx:100/391-- 542.18 samples/sec-- Loss:0.58 -- Error1:17.89
Phase:train -- Batch_idx:200/391-- 544.85 samples/sec-- Loss:0.64 -- Error1:19.38
Phase:train -- Batch_idx:300/391-- 545.73 samples/sec-- Loss:0.69 -- Error1:20.69
Train_Loss = 0.7229678155136109, Train_Err = 21.848
Val_Loss = 1.9403171899795533, Val_Err = 48.75
Epoch: [68 | 200]
Phase:train -- Batch_idx:100/391-- 541.25 samples/sec-- Loss:0.59 -- Error1:17.95
Phase:train -- Batch_idx:200/391-- 544.33 samples/sec-- Loss:0.64 -- Error1:19.58
Phase:train -- Batch_idx:300/391-- 545.34 samples/sec-- Loss:0.70 -- Error1:21.36
Train_Loss = 0.7407813954544067, Train_Err = 22.52
Val_Loss = 2.1155529359817504, Val_Err = 50.93
Epoch: [69 | 200]
Phase:train -- Batch_idx:100/391-- 542.14 samples/sec-- Loss:0.53 -- Error1:15.84
Phase:train -- Batch_idx:200/391-- 544.77 samples/sec-- Loss:0.61 -- Error1:18.28
Phase:train -- Batch_idx:300/391-- 545.69 samples/sec-- Loss:0.68 -- Error1:20.55
Train_Loss = 0.7214536088562011, Train_Err = 21.818
Val_Loss = 1.9237835517883302, Val_Err = 47.57
Epoch: [70 | 200]
Phase:train -- Batch_idx:100/391-- 542.30 samples/sec-- Loss:0.55 -- Error1:16.82
Phase:train -- Batch_idx:200/391-- 544.94 samples/sec-- Loss:0.62 -- Error1:18.79
Phase:train -- Batch_idx:300/391-- 545.82 samples/sec-- Loss:0.68 -- Error1:20.65
Train_Loss = 0.7171441868209839, Train_Err = 21.812
Val_Loss = 1.994510564804077, Val_Err = 47.81
Epoch: [71 | 200]
Phase:train -- Batch_idx:100/391-- 542.22 samples/sec-- Loss:0.55 -- Error1:16.62
Phase:train -- Batch_idx:200/391-- 544.81 samples/sec-- Loss:0.61 -- Error1:18.68
Phase:train -- Batch_idx:300/391-- 545.71 samples/sec-- Loss:0.67 -- Error1:20.30
Train_Loss = 0.7213631450843812, Train_Err = 21.74
Val_Loss = 2.154776600074768, Val_Err = 50.98
Epoch: [72 | 200]
Phase:train -- Batch_idx:100/391-- 541.71 samples/sec-- Loss:0.56 -- Error1:17.09
Phase:train -- Batch_idx:200/391-- 544.41 samples/sec-- Loss:0.62 -- Error1:18.76
Phase:train -- Batch_idx:300/391-- 545.28 samples/sec-- Loss:0.67 -- Error1:20.48
Train_Loss = 0.7197558869171142, Train_Err = 21.836
Val_Loss = 2.1371742221832277, Val_Err = 49.15
Epoch: [73 | 200]
Phase:train -- Batch_idx:100/391-- 541.60 samples/sec-- Loss:0.54 -- Error1:16.06
Phase:train -- Batch_idx:200/391-- 544.45 samples/sec-- Loss:0.60 -- Error1:18.34
Phase:train -- Batch_idx:300/391-- 545.42 samples/sec-- Loss:0.67 -- Error1:20.30
Train_Loss = 0.7123210471916199, Train_Err = 21.526
Val_Loss = 2.068445597457886, Val_Err = 49.25
Epoch: [74 | 200]
Phase:train -- Batch_idx:100/391-- 542.10 samples/sec-- Loss:0.57 -- Error1:16.98
Phase:train -- Batch_idx:200/391-- 544.86 samples/sec-- Loss:0.60 -- Error1:18.27
Phase:train -- Batch_idx:300/391-- 545.87 samples/sec-- Loss:0.68 -- Error1:20.50
Train_Loss = 0.7188549817276001, Train_Err = 21.726
Val_Loss = 2.0715208019256592, Val_Err = 48.99
Epoch: [75 | 200]
Phase:train -- Batch_idx:100/391-- 542.40 samples/sec-- Loss:0.56 -- Error1:17.34
Phase:train -- Batch_idx:200/391-- 545.03 samples/sec-- Loss:0.62 -- Error1:19.09
Phase:train -- Batch_idx:300/391-- 545.98 samples/sec-- Loss:0.69 -- Error1:21.01
Train_Loss = 0.7202226308441162, Train_Err = 21.99
Val_Loss = 1.8729981782913208, Val_Err = 46.68
Epoch: [76 | 200]
Phase:train -- Batch_idx:100/391-- 541.88 samples/sec-- Loss:0.55 -- Error1:16.68
Phase:train -- Batch_idx:200/391-- 544.60 samples/sec-- Loss:0.61 -- Error1:18.42
Phase:train -- Batch_idx:300/391-- 545.53 samples/sec-- Loss:0.67 -- Error1:20.08
Train_Loss = 0.709501022567749, Train_Err = 21.23
Val_Loss = 2.039245852279663, Val_Err = 47.76
Epoch: [77 | 200]
Phase:train -- Batch_idx:100/391-- 541.98 samples/sec-- Loss:0.57 -- Error1:17.28
Phase:train -- Batch_idx:200/391-- 544.55 samples/sec-- Loss:0.62 -- Error1:18.78
Phase:train -- Batch_idx:300/391-- 545.44 samples/sec-- Loss:0.67 -- Error1:20.37
Train_Loss = 0.7080748681068421, Train_Err = 21.464
Val_Loss = 1.8422955606460572, Val_Err = 45.92
Epoch: [78 | 200]
Phase:train -- Batch_idx:100/391-- 541.85 samples/sec-- Loss:0.49 -- Error1:14.73
Phase:train -- Batch_idx:200/391-- 544.65 samples/sec-- Loss:0.58 -- Error1:17.55
Phase:train -- Batch_idx:300/391-- 545.60 samples/sec-- Loss:0.65 -- Error1:19.71
Train_Loss = 0.6935967468643188, Train_Err = 20.86
Val_Loss = 2.174848083305359, Val_Err = 51.14
Epoch: [79 | 200]
Phase:train -- Batch_idx:100/391-- 542.60 samples/sec-- Loss:0.55 -- Error1:17.03
Phase:train -- Batch_idx:200/391-- 545.34 samples/sec-- Loss:0.62 -- Error1:19.04
Phase:train -- Batch_idx:300/391-- 546.27 samples/sec-- Loss:0.67 -- Error1:20.44
Train_Loss = 0.7090411459159851, Train_Err = 21.574
Val_Loss = 2.216574499988556, Val_Err = 49.18
Epoch: [80 | 200]
Phase:train -- Batch_idx:100/391-- 539.48 samples/sec-- Loss:0.57 -- Error1:17.05
Phase:train -- Batch_idx:200/391-- 542.56 samples/sec-- Loss:0.61 -- Error1:18.47
Phase:train -- Batch_idx:300/391-- 543.57 samples/sec-- Loss:0.67 -- Error1:20.30
Train_Loss = 0.7112327672958374, Train_Err = 21.562
Val_Loss = 2.1203719825744627, Val_Err = 49.56
Epoch: [81 | 200]
Phase:train -- Batch_idx:100/391-- 539.21 samples/sec-- Loss:0.54 -- Error1:16.57
Phase:train -- Batch_idx:200/391-- 541.69 samples/sec-- Loss:0.62 -- Error1:18.74
Phase:train -- Batch_idx:300/391-- 542.76 samples/sec-- Loss:0.68 -- Error1:20.59
Train_Loss = 0.7117584687614441, Train_Err = 21.562
Val_Loss = 2.0343635219573977, Val_Err = 48.47
Epoch: [82 | 200]
Phase:train -- Batch_idx:100/391-- 540.06 samples/sec-- Loss:0.55 -- Error1:16.72
Phase:train -- Batch_idx:200/391-- 542.82 samples/sec-- Loss:0.59 -- Error1:17.95
Phase:train -- Batch_idx:300/391-- 543.76 samples/sec-- Loss:0.66 -- Error1:19.69
Train_Loss = 0.693702017211914, Train_Err = 20.654
Val_Loss = 1.9836313278198243, Val_Err = 47.87
Epoch: [83 | 200]
Phase:train -- Batch_idx:100/391-- 539.90 samples/sec-- Loss:0.51 -- Error1:15.36
Phase:train -- Batch_idx:200/391-- 542.74 samples/sec-- Loss:0.59 -- Error1:17.71
Phase:train -- Batch_idx:300/391-- 543.73 samples/sec-- Loss:0.66 -- Error1:19.74
Train_Loss = 0.6942742908096313, Train_Err = 20.846
Val_Loss = 1.926787636566162, Val_Err = 46.78
Epoch: [84 | 200]
Phase:train -- Batch_idx:100/391-- 540.01 samples/sec-- Loss:0.50 -- Error1:15.25
Phase:train -- Batch_idx:200/391-- 542.82 samples/sec-- Loss:0.59 -- Error1:17.79
Phase:train -- Batch_idx:300/391-- 543.74 samples/sec-- Loss:0.64 -- Error1:19.30
Train_Loss = 0.6870094090270996, Train_Err = 20.596
Val_Loss = 2.510068840789795, Val_Err = 53.36
Epoch: [85 | 200]
Phase:train -- Batch_idx:100/391-- 540.79 samples/sec-- Loss:0.52 -- Error1:15.73
Phase:train -- Batch_idx:200/391-- 543.42 samples/sec-- Loss:0.58 -- Error1:17.58
Phase:train -- Batch_idx:300/391-- 544.32 samples/sec-- Loss:0.65 -- Error1:19.83
Train_Loss = 0.6936677386665344, Train_Err = 21.028
Val_Loss = 2.016962124443054, Val_Err = 47.89
Epoch: [86 | 200]
Phase:train -- Batch_idx:100/391-- 540.48 samples/sec-- Loss:0.53 -- Error1:16.28
Phase:train -- Batch_idx:200/391-- 543.25 samples/sec-- Loss:0.59 -- Error1:18.23
Phase:train -- Batch_idx:300/391-- 544.13 samples/sec-- Loss:0.64 -- Error1:19.60
Train_Loss = 0.6838871676254272, Train_Err = 20.806
Val_Loss = 2.1236369485855104, Val_Err = 49.66
Epoch: [87 | 200]
Phase:train -- Batch_idx:100/391-- 540.16 samples/sec-- Loss:0.52 -- Error1:15.74
Phase:train -- Batch_idx:200/391-- 543.03 samples/sec-- Loss:0.59 -- Error1:17.82
Phase:train -- Batch_idx:300/391-- 543.98 samples/sec-- Loss:0.65 -- Error1:19.53
Train_Loss = 0.697156674232483, Train_Err = 20.956
Val_Loss = 2.1090974658966064, Val_Err = 49.66
Epoch: [88 | 200]
Phase:train -- Batch_idx:100/391-- 540.01 samples/sec-- Loss:0.51 -- Error1:15.42
Phase:train -- Batch_idx:200/391-- 542.85 samples/sec-- Loss:0.58 -- Error1:17.78
Phase:train -- Batch_idx:300/391-- 543.80 samples/sec-- Loss:0.64 -- Error1:19.58
Train_Loss = 0.6857756523513794, Train_Err = 20.86
Val_Loss = 2.07790639591217, Val_Err = 49.42
Epoch: [89 | 200]
Phase:train -- Batch_idx:100/391-- 540.16 samples/sec-- Loss:0.51 -- Error1:15.34
Phase:train -- Batch_idx:200/391-- 542.86 samples/sec-- Loss:0.57 -- Error1:17.37
Phase:train -- Batch_idx:300/391-- 543.85 samples/sec-- Loss:0.63 -- Error1:19.12
Train_Loss = 0.6724542943382263, Train_Err = 20.404
Val_Loss = 2.411781092453003, Val_Err = 51.22
Epoch: [90 | 200]
Phase:train -- Batch_idx:100/391-- 539.95 samples/sec-- Loss:0.51 -- Error1:15.24
Phase:train -- Batch_idx:200/391-- 542.75 samples/sec-- Loss:0.56 -- Error1:16.86
Phase:train -- Batch_idx:300/391-- 543.73 samples/sec-- Loss:0.63 -- Error1:19.14
Train_Loss = 0.6802282800674438, Train_Err = 20.472
Val_Loss = 2.5385661811828615, Val_Err = 53.87
Epoch: [91 | 200]
Phase:train -- Batch_idx:100/391-- 539.91 samples/sec-- Loss:0.51 -- Error1:15.41
Phase:train -- Batch_idx:200/391-- 542.68 samples/sec-- Loss:0.56 -- Error1:17.00
Phase:train -- Batch_idx:300/391-- 543.64 samples/sec-- Loss:0.62 -- Error1:18.82
Train_Loss = 0.6715813792037963, Train_Err = 20.17
Val_Loss = 1.9037486740112304, Val_Err = 45.77
Epoch: [92 | 200]
Phase:train -- Batch_idx:100/391-- 540.17 samples/sec-- Loss:0.50 -- Error1:15.19
Phase:train -- Batch_idx:200/391-- 542.91 samples/sec-- Loss:0.56 -- Error1:16.85
Phase:train -- Batch_idx:300/391-- 543.95 samples/sec-- Loss:0.63 -- Error1:18.96
Train_Loss = 0.6800408206176758, Train_Err = 20.482
Val_Loss = 2.1220643800735473, Val_Err = 49.34
Epoch: [93 | 200]
Phase:train -- Batch_idx:100/391-- 540.10 samples/sec-- Loss:0.50 -- Error1:15.52
Phase:train -- Batch_idx:200/391-- 542.97 samples/sec-- Loss:0.58 -- Error1:17.68
Phase:train -- Batch_idx:300/391-- 542.90 samples/sec-- Loss:0.64 -- Error1:19.38
Train_Loss = 0.687541484413147, Train_Err = 20.734
Val_Loss = 2.2412950700759886, Val_Err = 51.24
Epoch: [94 | 200]
Phase:train -- Batch_idx:100/391-- 539.50 samples/sec-- Loss:0.50 -- Error1:14.98
Phase:train -- Batch_idx:200/391-- 541.87 samples/sec-- Loss:0.57 -- Error1:16.96
Phase:train -- Batch_idx:300/391-- 542.88 samples/sec-- Loss:0.63 -- Error1:18.98
Train_Loss = 0.6763724412536621, Train_Err = 20.43
Val_Loss = 2.2867890186309814, Val_Err = 51.34
Epoch: [95 | 200]
Phase:train -- Batch_idx:100/391-- 538.72 samples/sec-- Loss:0.51 -- Error1:15.50
Phase:train -- Batch_idx:200/391-- 541.58 samples/sec-- Loss:0.58 -- Error1:17.32
Phase:train -- Batch_idx:300/391-- 542.59 samples/sec-- Loss:0.63 -- Error1:19.02
Train_Loss = 0.6633456982231141, Train_Err = 19.918
Val_Loss = 2.2452942029953005, Val_Err = 52.02
Epoch: [96 | 200]
Phase:train -- Batch_idx:100/391-- 539.59 samples/sec-- Loss:0.50 -- Error1:15.38
Phase:train -- Batch_idx:200/391-- 542.36 samples/sec-- Loss:0.56 -- Error1:17.29
Phase:train -- Batch_idx:300/391-- 543.32 samples/sec-- Loss:0.64 -- Error1:19.34
Train_Loss = 0.6727403191566468, Train_Err = 20.396
Val_Loss = 2.445110783576965, Val_Err = 54.95
Epoch: [97 | 200]
Phase:train -- Batch_idx:100/391-- 539.79 samples/sec-- Loss:0.52 -- Error1:15.91
Phase:train -- Batch_idx:200/391-- 542.61 samples/sec-- Loss:0.57 -- Error1:17.10
Phase:train -- Batch_idx:300/391-- 543.59 samples/sec-- Loss:0.63 -- Error1:19.00
Train_Loss = 0.6706435851860046, Train_Err = 20.164
Val_Loss = 2.1566484493255613, Val_Err = 50.55
Epoch: [98 | 200]
Phase:train -- Batch_idx:100/391-- 539.60 samples/sec-- Loss:0.51 -- Error1:15.23
Phase:train -- Batch_idx:200/391-- 542.50 samples/sec-- Loss:0.56 -- Error1:16.92
Phase:train -- Batch_idx:300/391-- 543.50 samples/sec-- Loss:0.62 -- Error1:18.91
Train_Loss = 0.6691244536972046, Train_Err = 20.264
Val_Loss = 2.1306746852874756, Val_Err = 48.63
Epoch: [99 | 200]
Phase:train -- Batch_idx:100/391-- 541.68 samples/sec-- Loss:0.50 -- Error1:15.47
Phase:train -- Batch_idx:200/391-- 544.48 samples/sec-- Loss:0.56 -- Error1:17.39
Phase:train -- Batch_idx:300/391-- 545.50 samples/sec-- Loss:0.61 -- Error1:18.76
Train_Loss = 0.6562352869224548, Train_Err = 20.094
Val_Loss = 2.0116627464294434, Val_Err = 48.48
Epoch: [100 | 200]
Phase:train -- Batch_idx:100/391-- 542.22 samples/sec-- Loss:0.34 -- Error1:9.52
Phase:train -- Batch_idx:200/391-- 544.90 samples/sec-- Loss:0.27 -- Error1:7.29
Phase:train -- Batch_idx:300/391-- 545.80 samples/sec-- Loss:0.23 -- Error1:6.12
Train_Loss = 0.21022875679016112, Train_Err = 5.494
Val_Loss = 1.2872932664871215, Val_Err = 33.29
Epoch: [101 | 200]
Phase:train -- Batch_idx:100/391-- 541.04 samples/sec-- Loss:0.07 -- Error1:1.08
Phase:train -- Batch_idx:200/391-- 543.86 samples/sec-- Loss:0.07 -- Error1:1.04
Phase:train -- Batch_idx:300/391-- 544.83 samples/sec-- Loss:0.07 -- Error1:1.06
Train_Loss = 0.06662992324113846, Train_Err = 1.032
Val_Loss = 1.2975190139770507, Val_Err = 33.15
Epoch: [102 | 200]
Phase:train -- Batch_idx:100/391-- 541.40 samples/sec-- Loss:0.04 -- Error1:0.39
Phase:train -- Batch_idx:200/391-- 544.21 samples/sec-- Loss:0.04 -- Error1:0.39
Phase:train -- Batch_idx:300/391-- 545.16 samples/sec-- Loss:0.04 -- Error1:0.38
Train_Loss = 0.04056171907365322, Train_Err = 0.376
Val_Loss = 1.308243115234375, Val_Err = 33.03
Epoch: [103 | 200]
Phase:train -- Batch_idx:100/391-- 542.14 samples/sec-- Loss:0.03 -- Error1:0.27
Phase:train -- Batch_idx:200/391-- 544.88 samples/sec-- Loss:0.03 -- Error1:0.25
Phase:train -- Batch_idx:300/391-- 545.92 samples/sec-- Loss:0.03 -- Error1:0.29
Train_Loss = 0.030708066635131835, Train_Err = 0.286
Val_Loss = 1.3142320779800416, Val_Err = 32.8
Epoch: [104 | 200]
Phase:train -- Batch_idx:100/391-- 541.63 samples/sec-- Loss:0.02 -- Error1:0.14
Phase:train -- Batch_idx:200/391-- 544.51 samples/sec-- Loss:0.02 -- Error1:0.11
Phase:train -- Batch_idx:300/391-- 545.49 samples/sec-- Loss:0.02 -- Error1:0.13
Train_Loss = 0.023696782521009443, Train_Err = 0.132
Val_Loss = 1.3259307621002197, Val_Err = 32.98
Epoch: [105 | 200]
Phase:train -- Batch_idx:100/391-- 542.33 samples/sec-- Loss:0.02 -- Error1:0.11
Phase:train -- Batch_idx:200/391-- 545.06 samples/sec-- Loss:0.02 -- Error1:0.11
Phase:train -- Batch_idx:300/391-- 545.88 samples/sec-- Loss:0.02 -- Error1:0.10
Train_Loss = 0.02058580074429512, Train_Err = 0.114
Val_Loss = 1.3236322513580323, Val_Err = 32.89
Epoch: [106 | 200]
Phase:train -- Batch_idx:100/391-- 542.31 samples/sec-- Loss:0.02 -- Error1:0.05
Phase:train -- Batch_idx:200/391-- 545.13 samples/sec-- Loss:0.02 -- Error1:0.06
Phase:train -- Batch_idx:300/391-- 546.12 samples/sec-- Loss:0.02 -- Error1:0.06
Train_Loss = 0.018249944579601288, Train_Err = 0.064
Val_Loss = 1.322733475112915, Val_Err = 32.88
Epoch: [107 | 200]
Phase:train -- Batch_idx:100/391-- 542.72 samples/sec-- Loss:0.02 -- Error1:0.03
Phase:train -- Batch_idx:200/391-- 545.38 samples/sec-- Loss:0.02 -- Error1:0.03
Phase:train -- Batch_idx:300/391-- 546.21 samples/sec-- Loss:0.02 -- Error1:0.04
Train_Loss = 0.01657449343085289, Train_Err = 0.044
Val_Loss = 1.3183423551559448, Val_Err = 32.73
Epoch: [108 | 200]
Phase:train -- Batch_idx:100/391-- 542.57 samples/sec-- Loss:0.01 -- Error1:0.04
Phase:train -- Batch_idx:200/391-- 545.30 samples/sec-- Loss:0.01 -- Error1:0.04
Phase:train -- Batch_idx:300/391-- 546.28 samples/sec-- Loss:0.02 -- Error1:0.05
Train_Loss = 0.015191454842090607, Train_Err = 0.046
Val_Loss = 1.3173293828964234, Val_Err = 32.65
Epoch: [109 | 200]
Phase:train -- Batch_idx:100/391-- 542.36 samples/sec-- Loss:0.01 -- Error1:0.03
Phase:train -- Batch_idx:200/391-- 544.97 samples/sec-- Loss:0.01 -- Error1:0.03
Phase:train -- Batch_idx:300/391-- 545.90 samples/sec-- Loss:0.01 -- Error1:0.04
Train_Loss = 0.01440661362886429, Train_Err = 0.042
Val_Loss = 1.3196320302963256, Val_Err = 32.56
Epoch: [110 | 200]
Phase:train -- Batch_idx:100/391-- 541.91 samples/sec-- Loss:0.01 -- Error1:0.05
Phase:train -- Batch_idx:200/391-- 544.70 samples/sec-- Loss:0.01 -- Error1:0.05
Phase:train -- Batch_idx:300/391-- 545.62 samples/sec-- Loss:0.01 -- Error1:0.04
Train_Loss = 0.014231332415342331, Train_Err = 0.046
Val_Loss = 1.3112040950775146, Val_Err = 32.71
Epoch: [111 | 200]
Phase:train -- Batch_idx:100/391-- 542.10 samples/sec-- Loss:0.01 -- Error1:0.02
Phase:train -- Batch_idx:200/391-- 544.75 samples/sec-- Loss:0.01 -- Error1:0.03
Phase:train -- Batch_idx:300/391-- 545.67 samples/sec-- Loss:0.01 -- Error1:0.04
Train_Loss = 0.013837567524909973, Train_Err = 0.052
Val_Loss = 1.308579697418213, Val_Err = 32.65
Epoch: [112 | 200]
Phase:train -- Batch_idx:100/391-- 543.08 samples/sec-- Loss:0.01 -- Error1:0.05
Phase:train -- Batch_idx:200/391-- 545.60 samples/sec-- Loss:0.01 -- Error1:0.04
Phase:train -- Batch_idx:300/391-- 546.46 samples/sec-- Loss:0.01 -- Error1:0.03
Train_Loss = 0.01327774190068245, Train_Err = 0.036
Val_Loss = 1.306709018135071, Val_Err = 32.48
Epoch: [113 | 200]
Phase:train -- Batch_idx:100/391-- 541.50 samples/sec-- Loss:0.01 -- Error1:0.04
Phase:train -- Batch_idx:200/391-- 544.14 samples/sec-- Loss:0.01 -- Error1:0.04
Phase:train -- Batch_idx:300/391-- 545.05 samples/sec-- Loss:0.01 -- Error1:0.05
Train_Loss = 0.01338588374555111, Train_Err = 0.038
Val_Loss = 1.3093396926879883, Val_Err = 32.68
Epoch: [114 | 200]
Phase:train -- Batch_idx:100/391-- 541.54 samples/sec-- Loss:0.01 -- Error1:0.05
Phase:train -- Batch_idx:200/391-- 544.35 samples/sec-- Loss:0.01 -- Error1:0.04
Phase:train -- Batch_idx:300/391-- 545.26 samples/sec-- Loss:0.01 -- Error1:0.03
Train_Loss = 0.012551550834178924, Train_Err = 0.036
Val_Loss = 1.3131583742141724, Val_Err = 32.49
Epoch: [115 | 200]
Phase:train -- Batch_idx:100/391-- 542.09 samples/sec-- Loss:0.01 -- Error1:0.00
Phase:train -- Batch_idx:200/391-- 544.83 samples/sec-- Loss:0.01 -- Error1:0.02
Phase:train -- Batch_idx:300/391-- 545.78 samples/sec-- Loss:0.01 -- Error1:0.03
Train_Loss = 0.012777953977286816, Train_Err = 0.036
Val_Loss = 1.3043444551467895, Val_Err = 32.54
Epoch: [116 | 200]
Phase:train -- Batch_idx:100/391-- 542.37 samples/sec-- Loss:0.01 -- Error1:0.01
Phase:train -- Batch_idx:200/391-- 545.19 samples/sec-- Loss:0.01 -- Error1:0.05
Phase:train -- Batch_idx:300/391-- 546.12 samples/sec-- Loss:0.01 -- Error1:0.04
Train_Loss = 0.012764806379675865, Train_Err = 0.036
Val_Loss = 1.309266355895996, Val_Err = 32.44
Epoch: [117 | 200]
Phase:train -- Batch_idx:100/391-- 524.46 samples/sec-- Loss:0.01 -- Error1:0.01
Phase:train -- Batch_idx:200/391-- 520.68 samples/sec-- Loss:0.01 -- Error1:0.01
Phase:train -- Batch_idx:300/391-- 519.43 samples/sec-- Loss:0.01 -- Error1:0.02
Train_Loss = 0.012792715792059898, Train_Err = 0.03
Val_Loss = 1.304334206199646, Val_Err = 32.56
Epoch: [118 | 200]
Phase:train -- Batch_idx:100/391-- 541.83 samples/sec-- Loss:0.01 -- Error1:0.00
Phase:train -- Batch_idx:200/391-- 544.58 samples/sec-- Loss:0.01 -- Error1:0.02
Phase:train -- Batch_idx:300/391-- 545.50 samples/sec-- Loss:0.01 -- Error1:0.02
Train_Loss = 0.01233218960762024, Train_Err = 0.028
Val_Loss = 1.3095051273345948, Val_Err = 32.33
Epoch: [119 | 200]
Phase:train -- Batch_idx:100/391-- 541.79 samples/sec-- Loss:0.01 -- Error1:0.05
Phase:train -- Batch_idx:200/391-- 544.72 samples/sec-- Loss:0.01 -- Error1:0.02
Phase:train -- Batch_idx:300/391-- 545.68 samples/sec-- Loss:0.01 -- Error1:0.03
Train_Loss = 0.012755046857297421, Train_Err = 0.034
Val_Loss = 1.309912243080139, Val_Err = 32.37
Epoch: [120 | 200]
Phase:train -- Batch_idx:100/391-- 542.08 samples/sec-- Loss:0.01 -- Error1:0.01
Phase:train -- Batch_idx:200/391-- 544.72 samples/sec-- Loss:0.01 -- Error1:0.01
Phase:train -- Batch_idx:300/391-- 545.63 samples/sec-- Loss:0.01 -- Error1:0.02
Train_Loss = 0.0115026195114851, Train_Err = 0.022
Val_Loss = 1.305683088874817, Val_Err = 32.34
Epoch: [121 | 200]
Phase:train -- Batch_idx:100/391-- 542.22 samples/sec-- Loss:0.01 -- Error1:0.02
Phase:train -- Batch_idx:200/391-- 544.98 samples/sec-- Loss:0.01 -- Error1:0.03
Phase:train -- Batch_idx:300/391-- 545.91 samples/sec-- Loss:0.01 -- Error1:0.03
Train_Loss = 0.01178215043604374, Train_Err = 0.03
Val_Loss = 1.3029775386810303, Val_Err = 32.28
Epoch: [122 | 200]
Phase:train -- Batch_idx:100/391-- 541.72 samples/sec-- Loss:0.01 -- Error1:0.02
Phase:train -- Batch_idx:200/391-- 544.52 samples/sec-- Loss:0.01 -- Error1:0.03
Phase:train -- Batch_idx:300/391-- 545.50 samples/sec-- Loss:0.01 -- Error1:0.03
Train_Loss = 0.011374376617074012, Train_Err = 0.022
Val_Loss = 1.2993712114334106, Val_Err = 32.37
Epoch: [123 | 200]
Phase:train -- Batch_idx:100/391-- 542.21 samples/sec-- Loss:0.01 -- Error1:0.02
Phase:train -- Batch_idx:200/391-- 544.79 samples/sec-- Loss:0.01 -- Error1:0.02
Phase:train -- Batch_idx:300/391-- 545.69 samples/sec-- Loss:0.01 -- Error1:0.02
Train_Loss = 0.011343075474202633, Train_Err = 0.026
Val_Loss = 1.3033491933822632, Val_Err = 32.28
Epoch: [124 | 200]
Phase:train -- Batch_idx:100/391-- 542.44 samples/sec-- Loss:0.01 -- Error1:0.03
Phase:train -- Batch_idx:200/391-- 545.14 samples/sec-- Loss:0.01 -- Error1:0.02
Phase:train -- Batch_idx:300/391-- 546.15 samples/sec-- Loss:0.01 -- Error1:0.02
Train_Loss = 0.011341151404380799, Train_Err = 0.022
Val_Loss = 1.3059357419967652, Val_Err = 32.43
Epoch: [125 | 200]
Phase:train -- Batch_idx:100/391-- 541.70 samples/sec-- Loss:0.01 -- Error1:0.02
Phase:train -- Batch_idx:200/391-- 544.55 samples/sec-- Loss:0.01 -- Error1:0.02
Phase:train -- Batch_idx:300/391-- 545.53 samples/sec-- Loss:0.01 -- Error1:0.02
Train_Loss = 0.011389912180900574, Train_Err = 0.02
Val_Loss = 1.3027940059661864, Val_Err = 32.17
Epoch: [126 | 200]
Phase:train -- Batch_idx:100/391-- 542.63 samples/sec-- Loss:0.01 -- Error1:0.03
Phase:train -- Batch_idx:200/391-- 545.36 samples/sec-- Loss:0.01 -- Error1:0.02
Phase:train -- Batch_idx:300/391-- 546.26 samples/sec-- Loss:0.01 -- Error1:0.02
Train_Loss = 0.011228856121301652, Train_Err = 0.028
Val_Loss = 1.3021924283981323, Val_Err = 32.21
Epoch: [127 | 200]
Phase:train -- Batch_idx:100/391-- 542.00 samples/sec-- Loss:0.01 -- Error1:0.02
Phase:train -- Batch_idx:200/391-- 544.76 samples/sec-- Loss:0.01 -- Error1:0.01
Phase:train -- Batch_idx:300/391-- 545.72 samples/sec-- Loss:0.01 -- Error1:0.01
Train_Loss = 0.011127866880893707, Train_Err = 0.018
Val_Loss = 1.3053640789031982, Val_Err = 32.23
Epoch: [128 | 200]
Phase:train -- Batch_idx:100/391-- 541.96 samples/sec-- Loss:0.01 -- Error1:0.04
Phase:train -- Batch_idx:200/391-- 544.43 samples/sec-- Loss:0.01 -- Error1:0.02
Phase:train -- Batch_idx:300/391-- 545.41 samples/sec-- Loss:0.01 -- Error1:0.03
Train_Loss = 0.0113010445779562, Train_Err = 0.026
Val_Loss = 1.3060227834701539, Val_Err = 32.45
Epoch: [129 | 200]
Phase:train -- Batch_idx:100/391-- 541.77 samples/sec-- Loss:0.01 -- Error1:0.02
Phase:train -- Batch_idx:200/391-- 544.66 samples/sec-- Loss:0.01 -- Error1:0.01
Phase:train -- Batch_idx:300/391-- 545.63 samples/sec-- Loss:0.01 -- Error1:0.01
Train_Loss = 0.011074337340295315, Train_Err = 0.02
Val_Loss = 1.306200269317627, Val_Err = 32.5
Epoch: [130 | 200]
Phase:train -- Batch_idx:100/391-- 542.06 samples/sec-- Loss:0.01 -- Error1:0.02
Phase:train -- Batch_idx:200/391-- 544.85 samples/sec-- Loss:0.01 -- Error1:0.01
Phase:train -- Batch_idx:300/391-- 545.77 samples/sec-- Loss:0.01 -- Error1:0.01
Train_Loss = 0.011469060496687888, Train_Err = 0.02
Val_Loss = 1.3057674839019775, Val_Err = 32.49
Epoch: [131 | 200]
Phase:train -- Batch_idx:100/391-- 542.05 samples/sec-- Loss:0.01 -- Error1:0.04
Phase:train -- Batch_idx:200/391-- 544.90 samples/sec-- Loss:0.01 -- Error1:0.03
Phase:train -- Batch_idx:300/391-- 545.84 samples/sec-- Loss:0.01 -- Error1:0.03
Train_Loss = 0.011372446321249008, Train_Err = 0.026
Val_Loss = 1.3044128213882447, Val_Err = 32.47
Epoch: [132 | 200]
Phase:train -- Batch_idx:100/391-- 542.30 samples/sec-- Loss:0.01 -- Error1:0.02
Phase:train -- Batch_idx:200/391-- 545.02 samples/sec-- Loss:0.01 -- Error1:0.02
Phase:train -- Batch_idx:300/391-- 545.94 samples/sec-- Loss:0.01 -- Error1:0.02
Train_Loss = 0.01111552441418171, Train_Err = 0.016
Val_Loss = 1.3041610870361329, Val_Err = 32.17
Epoch: [133 | 200]
Phase:train -- Batch_idx:100/391-- 542.19 samples/sec-- Loss:0.01 -- Error1:0.05
Phase:train -- Batch_idx:200/391-- 544.80 samples/sec-- Loss:0.01 -- Error1:0.04
Phase:train -- Batch_idx:300/391-- 545.71 samples/sec-- Loss:0.01 -- Error1:0.03
Train_Loss = 0.011301461215019227, Train_Err = 0.026
Val_Loss = 1.3055223524093629, Val_Err = 32.2
Epoch: [134 | 200]
Phase:train -- Batch_idx:100/391-- 542.83 samples/sec-- Loss:0.01 -- Error1:0.01
Phase:train -- Batch_idx:200/391-- 545.41 samples/sec-- Loss:0.01 -- Error1:0.02
Phase:train -- Batch_idx:300/391-- 546.33 samples/sec-- Loss:0.01 -- Error1:0.02
Train_Loss = 0.011104860405921936, Train_Err = 0.022
Val_Loss = 1.304884408187866, Val_Err = 32.08
Epoch: [135 | 200]
Phase:train -- Batch_idx:100/391-- 541.56 samples/sec-- Loss:0.01 -- Error1:0.04
Phase:train -- Batch_idx:200/391-- 544.19 samples/sec-- Loss:0.01 -- Error1:0.02
Phase:train -- Batch_idx:300/391-- 545.17 samples/sec-- Loss:0.01 -- Error1:0.02
Train_Loss = 0.011184672747850418, Train_Err = 0.018
Val_Loss = 1.3060650754928589, Val_Err = 32.29
Epoch: [136 | 200]
Phase:train -- Batch_idx:100/391-- 541.51 samples/sec-- Loss:0.01 -- Error1:0.03
Phase:train -- Batch_idx:200/391-- 544.20 samples/sec-- Loss:0.01 -- Error1:0.03
Phase:train -- Batch_idx:300/391-- 545.00 samples/sec-- Loss:0.01 -- Error1:0.02
Train_Loss = 0.011453366413116456, Train_Err = 0.02
Val_Loss = 1.3079395700454712, Val_Err = 32.23
Epoch: [137 | 200]
Phase:train -- Batch_idx:100/391-- 542.06 samples/sec-- Loss:0.01 -- Error1:0.02
Phase:train -- Batch_idx:200/391-- 544.70 samples/sec-- Loss:0.01 -- Error1:0.03
Phase:train -- Batch_idx:300/391-- 545.65 samples/sec-- Loss:0.01 -- Error1:0.03
Train_Loss = 0.01112550209760666, Train_Err = 0.026
Val_Loss = 1.3078051193237306, Val_Err = 32.29
Epoch: [138 | 200]
Phase:train -- Batch_idx:100/391-- 542.17 samples/sec-- Loss:0.01 -- Error1:0.02
Phase:train -- Batch_idx:200/391-- 544.91 samples/sec-- Loss:0.01 -- Error1:0.03
Phase:train -- Batch_idx:300/391-- 545.88 samples/sec-- Loss:0.01 -- Error1:0.02
Train_Loss = 0.011396200041174889, Train_Err = 0.022
Val_Loss = 1.3039356468200685, Val_Err = 32.12
Epoch: [139 | 200]
Phase:train -- Batch_idx:100/391-- 542.58 samples/sec-- Loss:0.01 -- Error1:0.04
Phase:train -- Batch_idx:200/391-- 545.12 samples/sec-- Loss:0.01 -- Error1:0.03
Phase:train -- Batch_idx:300/391-- 545.95 samples/sec-- Loss:0.01 -- Error1:0.02
Train_Loss = 0.011171217304468154, Train_Err = 0.028
Val_Loss = 1.3067659673690797, Val_Err = 32.35
Epoch: [140 | 200]
Phase:train -- Batch_idx:100/391-- 542.07 samples/sec-- Loss:0.01 -- Error1:0.02
Phase:train -- Batch_idx:200/391-- 544.77 samples/sec-- Loss:0.01 -- Error1:0.03
Phase:train -- Batch_idx:300/391-- 545.72 samples/sec-- Loss:0.01 -- Error1:0.02
Train_Loss = 0.011214421095252038, Train_Err = 0.022
Val_Loss = 1.3065987161636352, Val_Err = 32.21
Epoch: [141 | 200]
Phase:train -- Batch_idx:100/391-- 542.02 samples/sec-- Loss:0.01 -- Error1:0.05
Phase:train -- Batch_idx:200/391-- 544.86 samples/sec-- Loss:0.01 -- Error1:0.03
Phase:train -- Batch_idx:300/391-- 545.74 samples/sec-- Loss:0.01 -- Error1:0.03
Train_Loss = 0.011201392173171043, Train_Err = 0.026
Val_Loss = 1.3033606273651124, Val_Err = 32.23
Epoch: [142 | 200]
Phase:train -- Batch_idx:100/391-- 542.69 samples/sec-- Loss:0.01 -- Error1:0.02
Phase:train -- Batch_idx:200/391-- 545.18 samples/sec-- Loss:0.01 -- Error1:0.02
Phase:train -- Batch_idx:300/391-- 546.09 samples/sec-- Loss:0.01 -- Error1:0.02
Train_Loss = 0.011250135555267333, Train_Err = 0.016
Val_Loss = 1.3026553688049316, Val_Err = 32.2
Epoch: [143 | 200]
Phase:train -- Batch_idx:100/391-- 542.84 samples/sec-- Loss:0.01 -- Error1:0.02
Phase:train -- Batch_idx:200/391-- 545.47 samples/sec-- Loss:0.01 -- Error1:0.02
Phase:train -- Batch_idx:300/391-- 546.40 samples/sec-- Loss:0.01 -- Error1:0.02
Train_Loss = 0.011292743954658508, Train_Err = 0.022
Val_Loss = 1.306113975906372, Val_Err = 32.26
Epoch: [144 | 200]
Phase:train -- Batch_idx:100/391-- 542.11 samples/sec-- Loss:0.01 -- Error1:0.02
Phase:train -- Batch_idx:200/391-- 544.95 samples/sec-- Loss:0.01 -- Error1:0.02
Phase:train -- Batch_idx:300/391-- 545.97 samples/sec-- Loss:0.01 -- Error1:0.02
Train_Loss = 0.011056397143900394, Train_Err = 0.016
Val_Loss = 1.3026988790512084, Val_Err = 32.1
Epoch: [145 | 200]
Phase:train -- Batch_idx:100/391-- 542.67 samples/sec-- Loss:0.01 -- Error1:0.04
Phase:train -- Batch_idx:200/391-- 545.48 samples/sec-- Loss:0.01 -- Error1:0.02
Phase:train -- Batch_idx:300/391-- 546.36 samples/sec-- Loss:0.01 -- Error1:0.02
Train_Loss = 0.011283501705527306, Train_Err = 0.026
Val_Loss = 1.3047252876281739, Val_Err = 32.26
Epoch: [146 | 200]
Phase:train -- Batch_idx:100/391-- 542.31 samples/sec-- Loss:0.01 -- Error1:0.02
Phase:train -- Batch_idx:200/391-- 544.95 samples/sec-- Loss:0.01 -- Error1:0.02
Phase:train -- Batch_idx:300/391-- 545.86 samples/sec-- Loss:0.01 -- Error1:0.02
Train_Loss = 0.01098206277668476, Train_Err = 0.022
Val_Loss = 1.3037891359329223, Val_Err = 32.17
Epoch: [147 | 200]
Phase:train -- Batch_idx:100/391-- 542.54 samples/sec-- Loss:0.01 -- Error1:0.00
Phase:train -- Batch_idx:200/391-- 545.11 samples/sec-- Loss:0.01 -- Error1:0.02
Phase:train -- Batch_idx:300/391-- 545.92 samples/sec-- Loss:0.01 -- Error1:0.03
Train_Loss = 0.011290092490315437, Train_Err = 0.024
Val_Loss = 1.301329718208313, Val_Err = 32.29
Epoch: [148 | 200]
Phase:train -- Batch_idx:100/391-- 542.26 samples/sec-- Loss:0.01 -- Error1:0.02
Phase:train -- Batch_idx:200/391-- 545.04 samples/sec-- Loss:0.01 -- Error1:0.02
Phase:train -- Batch_idx:300/391-- 545.95 samples/sec-- Loss:0.01 -- Error1:0.03
Train_Loss = 0.01136077787488699, Train_Err = 0.024
Val_Loss = 1.302524102783203, Val_Err = 32.2
Epoch: [149 | 200]
Phase:train -- Batch_idx:100/391-- 542.33 samples/sec-- Loss:0.01 -- Error1:0.02
Phase:train -- Batch_idx:200/391-- 545.00 samples/sec-- Loss:0.01 -- Error1:0.02
Phase:train -- Batch_idx:300/391-- 545.90 samples/sec-- Loss:0.01 -- Error1:0.02
Train_Loss = 0.011125662921667098, Train_Err = 0.02
Val_Loss = 1.3085154796600342, Val_Err = 32.28
Epoch: [150 | 200]
Phase:train -- Batch_idx:100/391-- 542.15 samples/sec-- Loss:0.01 -- Error1:0.03
Phase:train -- Batch_idx:200/391-- 544.90 samples/sec-- Loss:0.01 -- Error1:0.03
Phase:train -- Batch_idx:300/391-- 545.88 samples/sec-- Loss:0.01 -- Error1:0.03
Train_Loss = 0.011448472754955292, Train_Err = 0.028
Val_Loss = 1.3031098751068115, Val_Err = 32.15
Epoch: [151 | 200]
Phase:train -- Batch_idx:100/391-- 542.21 samples/sec-- Loss:0.01 -- Error1:0.02
Phase:train -- Batch_idx:200/391-- 544.95 samples/sec-- Loss:0.01 -- Error1:0.03
Phase:train -- Batch_idx:300/391-- 545.94 samples/sec-- Loss:0.01 -- Error1:0.03
Train_Loss = 0.011449908599853516, Train_Err = 0.028
Val_Loss = 1.3066266382217406, Val_Err = 32.28
Epoch: [152 | 200]
Phase:train -- Batch_idx:100/391-- 542.21 samples/sec-- Loss:0.01 -- Error1:0.03
Phase:train -- Batch_idx:200/391-- 544.82 samples/sec-- Loss:0.01 -- Error1:0.02
Phase:train -- Batch_idx:300/391-- 545.68 samples/sec-- Loss:0.01 -- Error1:0.02
Train_Loss = 0.01130780851304531, Train_Err = 0.02
Val_Loss = 1.3058757396697998, Val_Err = 32.2
Epoch: [153 | 200]
Phase:train -- Batch_idx:100/391-- 542.18 samples/sec-- Loss:0.01 -- Error1:0.02
Phase:train -- Batch_idx:200/391-- 545.07 samples/sec-- Loss:0.01 -- Error1:0.01
Phase:train -- Batch_idx:300/391-- 546.04 samples/sec-- Loss:0.01 -- Error1:0.01
Train_Loss = 0.011340643103122711, Train_Err = 0.022
Val_Loss = 1.3091191337585448, Val_Err = 32.37
Epoch: [154 | 200]
Phase:train -- Batch_idx:100/391-- 542.75 samples/sec-- Loss:0.01 -- Error1:0.05
Phase:train -- Batch_idx:200/391-- 545.38 samples/sec-- Loss:0.01 -- Error1:0.04
Phase:train -- Batch_idx:300/391-- 546.17 samples/sec-- Loss:0.01 -- Error1:0.03
Train_Loss = 0.011404914499521256, Train_Err = 0.028
Val_Loss = 1.3041600481033324, Val_Err = 32.2
Epoch: [155 | 200]
Phase:train -- Batch_idx:100/391-- 542.36 samples/sec-- Loss:0.01 -- Error1:0.03
Phase:train -- Batch_idx:200/391-- 544.93 samples/sec-- Loss:0.01 -- Error1:0.02
Phase:train -- Batch_idx:300/391-- 545.86 samples/sec-- Loss:0.01 -- Error1:0.02
Train_Loss = 0.010958200512230397, Train_Err = 0.024
Val_Loss = 1.304816037940979, Val_Err = 32.3
Epoch: [156 | 200]
Phase:train -- Batch_idx:100/391-- 542.66 samples/sec-- Loss:0.01 -- Error1:0.04
Phase:train -- Batch_idx:200/391-- 545.25 samples/sec-- Loss:0.01 -- Error1:0.03
Phase:train -- Batch_idx:300/391-- 545.94 samples/sec-- Loss:0.01 -- Error1:0.03
Train_Loss = 0.011303137968182563, Train_Err = 0.03
Val_Loss = 1.3077149827957153, Val_Err = 32.2
Epoch: [157 | 200]
Phase:train -- Batch_idx:100/391-- 542.00 samples/sec-- Loss:0.01 -- Error1:0.03
Phase:train -- Batch_idx:200/391-- 545.04 samples/sec-- Loss:0.01 -- Error1:0.02
Phase:train -- Batch_idx:300/391-- 546.08 samples/sec-- Loss:0.01 -- Error1:0.02
Train_Loss = 0.011222074203193188, Train_Err = 0.016
Val_Loss = 1.3043476551055908, Val_Err = 32.19
Epoch: [158 | 200]
Phase:train -- Batch_idx:100/391-- 542.24 samples/sec-- Loss:0.01 -- Error1:0.01
Phase:train -- Batch_idx:200/391-- 544.87 samples/sec-- Loss:0.01 -- Error1:0.01
Phase:train -- Batch_idx:300/391-- 545.74 samples/sec-- Loss:0.01 -- Error1:0.01
Train_Loss = 0.011305659942626953, Train_Err = 0.012
Val_Loss = 1.3059103895187378, Val_Err = 32.4
Epoch: [159 | 200]
Phase:train -- Batch_idx:100/391-- 542.25 samples/sec-- Loss:0.01 -- Error1:0.01
Phase:train -- Batch_idx:200/391-- 545.02 samples/sec-- Loss:0.01 -- Error1:0.01
Phase:train -- Batch_idx:300/391-- 545.96 samples/sec-- Loss:0.01 -- Error1:0.01
Train_Loss = 0.011381594435572625, Train_Err = 0.016
Val_Loss = 1.3101060708999634, Val_Err = 32.4
Epoch: [160 | 200]
Phase:train -- Batch_idx:100/391-- 542.61 samples/sec-- Loss:0.01 -- Error1:0.02
Phase:train -- Batch_idx:200/391-- 545.28 samples/sec-- Loss:0.01 -- Error1:0.03
Phase:train -- Batch_idx:300/391-- 546.24 samples/sec-- Loss:0.01 -- Error1:0.02
Train_Loss = 0.011202596006393433, Train_Err = 0.024
Val_Loss = 1.3035428161621094, Val_Err = 32.44
Epoch: [161 | 200]
Phase:train -- Batch_idx:100/391-- 541.64 samples/sec-- Loss:0.01 -- Error1:0.02
Phase:train -- Batch_idx:200/391-- 544.22 samples/sec-- Loss:0.01 -- Error1:0.02
Phase:train -- Batch_idx:300/391-- 545.08 samples/sec-- Loss:0.01 -- Error1:0.02
Train_Loss = 0.011337723506689072, Train_Err = 0.02
Val_Loss = 1.3069651052474975, Val_Err = 32.33
Epoch: [162 | 200]
Phase:train -- Batch_idx:100/391-- 541.50 samples/sec-- Loss:0.01 -- Error1:0.02
Phase:train -- Batch_idx:200/391-- 544.09 samples/sec-- Loss:0.01 -- Error1:0.02
Phase:train -- Batch_idx:300/391-- 544.99 samples/sec-- Loss:0.01 -- Error1:0.02
Train_Loss = 0.010985422479510308, Train_Err = 0.016
Val_Loss = 1.3062972808837892, Val_Err = 32.42
Epoch: [163 | 200]
Phase:train -- Batch_idx:100/391-- 542.24 samples/sec-- Loss:0.01 -- Error1:0.00
Phase:train -- Batch_idx:200/391-- 545.09 samples/sec-- Loss:0.01 -- Error1:0.01
Phase:train -- Batch_idx:300/391-- 546.02 samples/sec-- Loss:0.01 -- Error1:0.03
Train_Loss = 0.011235941946804523, Train_Err = 0.026
Val_Loss = 1.3038578496932984, Val_Err = 32.29
Epoch: [164 | 200]
Phase:train -- Batch_idx:100/391-- 542.22 samples/sec-- Loss:0.01 -- Error1:0.03
Phase:train -- Batch_idx:200/391-- 544.86 samples/sec-- Loss:0.01 -- Error1:0.02
Phase:train -- Batch_idx:300/391-- 545.73 samples/sec-- Loss:0.01 -- Error1:0.02
Train_Loss = 0.011280279874801636, Train_Err = 0.022
Val_Loss = 1.3075873167037964, Val_Err = 32.44
Epoch: [165 | 200]
Phase:train -- Batch_idx:100/391-- 542.34 samples/sec-- Loss:0.01 -- Error1:0.02
Phase:train -- Batch_idx:200/391-- 545.03 samples/sec-- Loss:0.01 -- Error1:0.02
Phase:train -- Batch_idx:300/391-- 545.91 samples/sec-- Loss:0.01 -- Error1:0.03
Train_Loss = 0.011416790400147437, Train_Err = 0.024
Val_Loss = 1.3059719205856324, Val_Err = 32.21
Epoch: [166 | 200]
Phase:train -- Batch_idx:100/391-- 542.19 samples/sec-- Loss:0.01 -- Error1:0.00
Phase:train -- Batch_idx:200/391-- 544.86 samples/sec-- Loss:0.01 -- Error1:0.02
Phase:train -- Batch_idx:300/391-- 545.76 samples/sec-- Loss:0.01 -- Error1:0.02
Train_Loss = 0.011291579557955265, Train_Err = 0.018
Val_Loss = 1.3053559385299682, Val_Err = 32.2
Epoch: [167 | 200]
Phase:train -- Batch_idx:100/391-- 542.33 samples/sec-- Loss:0.01 -- Error1:0.01
Phase:train -- Batch_idx:200/391-- 544.97 samples/sec-- Loss:0.01 -- Error1:0.01
Phase:train -- Batch_idx:300/391-- 545.89 samples/sec-- Loss:0.01 -- Error1:0.01
Train_Loss = 0.01116121637225151, Train_Err = 0.012
Val_Loss = 1.310797428894043, Val_Err = 32.3
Epoch: [168 | 200]
Phase:train -- Batch_idx:100/391-- 542.44 samples/sec-- Loss:0.01 -- Error1:0.02
Phase:train -- Batch_idx:200/391-- 545.05 samples/sec-- Loss:0.01 -- Error1:0.02
Phase:train -- Batch_idx:300/391-- 545.98 samples/sec-- Loss:0.01 -- Error1:0.02
Train_Loss = 0.011531639633476734, Train_Err = 0.026
Val_Loss = 1.3038978958129883, Val_Err = 32.22
Epoch: [169 | 200]
Phase:train -- Batch_idx:100/391-- 541.62 samples/sec-- Loss:0.01 -- Error1:0.03
Phase:train -- Batch_idx:200/391-- 544.47 samples/sec-- Loss:0.01 -- Error1:0.03
Phase:train -- Batch_idx:300/391-- 545.51 samples/sec-- Loss:0.01 -- Error1:0.02
Train_Loss = 0.011267940597534179, Train_Err = 0.018
Val_Loss = 1.3104151231765746, Val_Err = 32.23
Epoch: [170 | 200]
Phase:train -- Batch_idx:100/391-- 542.53 samples/sec-- Loss:0.01 -- Error1:0.00
Phase:train -- Batch_idx:200/391-- 545.09 samples/sec-- Loss:0.01 -- Error1:0.00
Phase:train -- Batch_idx:300/391-- 546.02 samples/sec-- Loss:0.01 -- Error1:0.02
Train_Loss = 0.011273945867419243, Train_Err = 0.026
Val_Loss = 1.3073414321899415, Val_Err = 32.18
Epoch: [171 | 200]
Phase:train -- Batch_idx:100/391-- 542.24 samples/sec-- Loss:0.01 -- Error1:0.03
Phase:train -- Batch_idx:200/391-- 545.14 samples/sec-- Loss:0.01 -- Error1:0.02
Phase:train -- Batch_idx:300/391-- 545.91 samples/sec-- Loss:0.01 -- Error1:0.02
Train_Loss = 0.011293598959445953, Train_Err = 0.024
Val_Loss = 1.3047134386062622, Val_Err = 32.28
Epoch: [172 | 200]
Phase:train -- Batch_idx:100/391-- 542.05 samples/sec-- Loss:0.01 -- Error1:0.02
Phase:train -- Batch_idx:200/391-- 544.72 samples/sec-- Loss:0.01 -- Error1:0.03
Phase:train -- Batch_idx:300/391-- 545.72 samples/sec-- Loss:0.01 -- Error1:0.03
Train_Loss = 0.011557106934785843, Train_Err = 0.03
Val_Loss = 1.3067283004760741, Val_Err = 32.49
Epoch: [173 | 200]
Phase:train -- Batch_idx:100/391-- 542.32 samples/sec-- Loss:0.01 -- Error1:0.01
Phase:train -- Batch_idx:200/391-- 544.99 samples/sec-- Loss:0.01 -- Error1:0.02
Phase:train -- Batch_idx:300/391-- 545.89 samples/sec-- Loss:0.01 -- Error1:0.02
Train_Loss = 0.011074794228076935, Train_Err = 0.018
Val_Loss = 1.3081543226242065, Val_Err = 32.18
Epoch: [174 | 200]
Phase:train -- Batch_idx:100/391-- 542.09 samples/sec-- Loss:0.01 -- Error1:0.02
Phase:train -- Batch_idx:200/391-- 544.85 samples/sec-- Loss:0.01 -- Error1:0.01
Phase:train -- Batch_idx:300/391-- 545.74 samples/sec-- Loss:0.01 -- Error1:0.02
Train_Loss = 0.011303608667254448, Train_Err = 0.018
Val_Loss = 1.3070486789703368, Val_Err = 32.28
Epoch: [175 | 200]
Phase:train -- Batch_idx:100/391-- 542.68 samples/sec-- Loss:0.01 -- Error1:0.02
Phase:train -- Batch_idx:200/391-- 545.25 samples/sec-- Loss:0.01 -- Error1:0.02
Phase:train -- Batch_idx:300/391-- 546.13 samples/sec-- Loss:0.01 -- Error1:0.02
Train_Loss = 0.01123905907869339, Train_Err = 0.024
Val_Loss = 1.3105479974746703, Val_Err = 32.27
Epoch: [176 | 200]
Phase:train -- Batch_idx:100/391-- 542.66 samples/sec-- Loss:0.01 -- Error1:0.02
Phase:train -- Batch_idx:200/391-- 545.39 samples/sec-- Loss:0.01 -- Error1:0.02
Phase:train -- Batch_idx:300/391-- 546.32 samples/sec-- Loss:0.01 -- Error1:0.02
Train_Loss = 0.011243920889794827, Train_Err = 0.02
Val_Loss = 1.3056136251449586, Val_Err = 32.18
Epoch: [177 | 200]
Phase:train -- Batch_idx:100/391-- 542.85 samples/sec-- Loss:0.01 -- Error1:0.05
Phase:train -- Batch_idx:200/391-- 545.40 samples/sec-- Loss:0.01 -- Error1:0.03
Phase:train -- Batch_idx:300/391-- 546.29 samples/sec-- Loss:0.01 -- Error1:0.03
Train_Loss = 0.011262948919832707, Train_Err = 0.026
Val_Loss = 1.3094857206344606, Val_Err = 32.16
Epoch: [178 | 200]
Phase:train -- Batch_idx:100/391-- 542.52 samples/sec-- Loss:0.01 -- Error1:0.02
Phase:train -- Batch_idx:200/391-- 545.16 samples/sec-- Loss:0.01 -- Error1:0.03
Phase:train -- Batch_idx:300/391-- 546.02 samples/sec-- Loss:0.01 -- Error1:0.03
Train_Loss = 0.011274675219655037, Train_Err = 0.026
Val_Loss = 1.3067008069992065, Val_Err = 32.31
Epoch: [179 | 200]
Phase:train -- Batch_idx:100/391-- 542.49 samples/sec-- Loss:0.01 -- Error1:0.01
Phase:train -- Batch_idx:200/391-- 544.97 samples/sec-- Loss:0.01 -- Error1:0.02
Phase:train -- Batch_idx:300/391-- 545.89 samples/sec-- Loss:0.01 -- Error1:0.03
Train_Loss = 0.011317520777583122, Train_Err = 0.024
Val_Loss = 1.3050117965698242, Val_Err = 32.19
Epoch: [180 | 200]
Phase:train -- Batch_idx:100/391-- 542.37 samples/sec-- Loss:0.01 -- Error1:0.02
Phase:train -- Batch_idx:200/391-- 544.88 samples/sec-- Loss:0.01 -- Error1:0.02
Phase:train -- Batch_idx:300/391-- 545.81 samples/sec-- Loss:0.01 -- Error1:0.02
Train_Loss = 0.01137734974503517, Train_Err = 0.022
Val_Loss = 1.3127643850326538, Val_Err = 32.3
Epoch: [181 | 200]
Phase:train -- Batch_idx:100/391-- 542.18 samples/sec-- Loss:0.01 -- Error1:0.02
Phase:train -- Batch_idx:200/391-- 544.84 samples/sec-- Loss:0.01 -- Error1:0.01
Phase:train -- Batch_idx:300/391-- 545.48 samples/sec-- Loss:0.01 -- Error1:0.03
Train_Loss = 0.011335925923585892, Train_Err = 0.028
Val_Loss = 1.3030264219284058, Val_Err = 32.13
Epoch: [182 | 200]
Phase:train -- Batch_idx:100/391-- 540.94 samples/sec-- Loss:0.01 -- Error1:0.01
Phase:train -- Batch_idx:200/391-- 543.78 samples/sec-- Loss:0.01 -- Error1:0.01
Phase:train -- Batch_idx:300/391-- 544.79 samples/sec-- Loss:0.01 -- Error1:0.02
Train_Loss = 0.011268486256599427, Train_Err = 0.022
Val_Loss = 1.3138798360824584, Val_Err = 32.28
Epoch: [183 | 200]
Phase:train -- Batch_idx:100/391-- 541.53 samples/sec-- Loss:0.01 -- Error1:0.02
Phase:train -- Batch_idx:200/391-- 544.23 samples/sec-- Loss:0.01 -- Error1:0.01
Phase:train -- Batch_idx:300/391-- 545.21 samples/sec-- Loss:0.01 -- Error1:0.02
Train_Loss = 0.011375078430771828, Train_Err = 0.026
Val_Loss = 1.3044895303726196, Val_Err = 32.25
Epoch: [184 | 200]
Phase:train -- Batch_idx:100/391-- 511.97 samples/sec-- Loss:0.01 -- Error1:0.02
Phase:train -- Batch_idx:200/391-- 514.47 samples/sec-- Loss:0.01 -- Error1:0.03
Phase:train -- Batch_idx:300/391-- 515.31 samples/sec-- Loss:0.01 -- Error1:0.02
Train_Loss = 0.011473782085776329, Train_Err = 0.028
Val_Loss = 1.3071744789123536, Val_Err = 32.21
Epoch: [185 | 200]
Phase:train -- Batch_idx:100/391-- 541.42 samples/sec-- Loss:0.01 -- Error1:0.02
Phase:train -- Batch_idx:200/391-- 544.36 samples/sec-- Loss:0.01 -- Error1:0.02
Phase:train -- Batch_idx:300/391-- 545.34 samples/sec-- Loss:0.01 -- Error1:0.03
Train_Loss = 0.01118488806784153, Train_Err = 0.02
Val_Loss = 1.306976717185974, Val_Err = 32.22
Epoch: [186 | 200]
Phase:train -- Batch_idx:100/391-- 541.65 samples/sec-- Loss:0.01 -- Error1:0.02
Phase:train -- Batch_idx:200/391-- 543.89 samples/sec-- Loss:0.01 -- Error1:0.01
Phase:train -- Batch_idx:300/391-- 544.83 samples/sec-- Loss:0.01 -- Error1:0.01
Train_Loss = 0.011232280592918396, Train_Err = 0.012
Val_Loss = 1.3072125606536866, Val_Err = 32.21
Epoch: [187 | 200]
Phase:train -- Batch_idx:100/391-- 541.24 samples/sec-- Loss:0.01 -- Error1:0.03
Phase:train -- Batch_idx:200/391-- 543.95 samples/sec-- Loss:0.01 -- Error1:0.03
Phase:train -- Batch_idx:300/391-- 544.91 samples/sec-- Loss:0.01 -- Error1:0.03
Train_Loss = 0.011154610929489136, Train_Err = 0.028
Val_Loss = 1.312331170463562, Val_Err = 32.51
Epoch: [188 | 200]
Phase:train -- Batch_idx:100/391-- 542.34 samples/sec-- Loss:0.01 -- Error1:0.00
Phase:train -- Batch_idx:200/391-- 545.00 samples/sec-- Loss:0.01 -- Error1:0.00
Phase:train -- Batch_idx:300/391-- 545.91 samples/sec-- Loss:0.01 -- Error1:0.01
Train_Loss = 0.011167617665678262, Train_Err = 0.016
Val_Loss = 1.3113227750778198, Val_Err = 32.35
Epoch: [189 | 200]
Phase:train -- Batch_idx:100/391-- 541.44 samples/sec-- Loss:0.01 -- Error1:0.02
Phase:train -- Batch_idx:200/391-- 544.20 samples/sec-- Loss:0.01 -- Error1:0.02
Phase:train -- Batch_idx:300/391-- 545.09 samples/sec-- Loss:0.01 -- Error1:0.01
Train_Loss = 0.011037088127732277, Train_Err = 0.018
Val_Loss = 1.3090278842926026, Val_Err = 32.16
Epoch: [190 | 200]
Phase:train -- Batch_idx:100/391-- 541.11 samples/sec-- Loss:0.01 -- Error1:0.02
Phase:train -- Batch_idx:200/391-- 543.79 samples/sec-- Loss:0.01 -- Error1:0.03
Phase:train -- Batch_idx:300/391-- 544.78 samples/sec-- Loss:0.01 -- Error1:0.02
Train_Loss = 0.011435943582057953, Train_Err = 0.02
Val_Loss = 1.3106157152175903, Val_Err = 32.23
Epoch: [191 | 200]
Phase:train -- Batch_idx:100/391-- 542.39 samples/sec-- Loss:0.01 -- Error1:0.02
Phase:train -- Batch_idx:200/391-- 544.99 samples/sec-- Loss:0.01 -- Error1:0.02
Phase:train -- Batch_idx:300/391-- 545.90 samples/sec-- Loss:0.01 -- Error1:0.02
Train_Loss = 0.011360141828656196, Train_Err = 0.022
Val_Loss = 1.3101811431884767, Val_Err = 32.26
Epoch: [192 | 200]
Phase:train -- Batch_idx:100/391-- 541.85 samples/sec-- Loss:0.01 -- Error1:0.02
Phase:train -- Batch_idx:200/391-- 544.81 samples/sec-- Loss:0.01 -- Error1:0.02
Phase:train -- Batch_idx:300/391-- 545.86 samples/sec-- Loss:0.01 -- Error1:0.02
Train_Loss = 0.011296021083891392, Train_Err = 0.022
Val_Loss = 1.3147420560836791, Val_Err = 32.31
Epoch: [193 | 200]
Phase:train -- Batch_idx:100/391-- 542.39 samples/sec-- Loss:0.01 -- Error1:0.03
Phase:train -- Batch_idx:200/391-- 545.10 samples/sec-- Loss:0.01 -- Error1:0.02
Phase:train -- Batch_idx:300/391-- 546.01 samples/sec-- Loss:0.01 -- Error1:0.01
Train_Loss = 0.011215874554514884, Train_Err = 0.02
Val_Loss = 1.3100338058471679, Val_Err = 32.22
Epoch: [194 | 200]
Phase:train -- Batch_idx:100/391-- 541.89 samples/sec-- Loss:0.01 -- Error1:0.03
Phase:train -- Batch_idx:200/391-- 544.64 samples/sec-- Loss:0.01 -- Error1:0.02
Phase:train -- Batch_idx:300/391-- 545.57 samples/sec-- Loss:0.01 -- Error1:0.02
Train_Loss = 0.011423689924776555, Train_Err = 0.022
Val_Loss = 1.311221813583374, Val_Err = 32.28
Epoch: [195 | 200]
Phase:train -- Batch_idx:100/391-- 542.36 samples/sec-- Loss:0.01 -- Error1:0.03
Phase:train -- Batch_idx:200/391-- 544.83 samples/sec-- Loss:0.01 -- Error1:0.02
Phase:train -- Batch_idx:300/391-- 545.73 samples/sec-- Loss:0.01 -- Error1:0.02
Train_Loss = 0.011478014405369759, Train_Err = 0.02
Val_Loss = 1.3076829917907715, Val_Err = 32.2
Epoch: [196 | 200]
Phase:train -- Batch_idx:100/391-- 542.02 samples/sec-- Loss:0.01 -- Error1:0.01
Phase:train -- Batch_idx:200/391-- 544.66 samples/sec-- Loss:0.01 -- Error1:0.02
Phase:train -- Batch_idx:300/391-- 545.60 samples/sec-- Loss:0.01 -- Error1:0.02
Train_Loss = 0.011257496007680893, Train_Err = 0.018
Val_Loss = 1.3128946420669556, Val_Err = 32.21
Epoch: [197 | 200]
Phase:train -- Batch_idx:100/391-- 542.17 samples/sec-- Loss:0.01 -- Error1:0.02
Phase:train -- Batch_idx:200/391-- 544.84 samples/sec-- Loss:0.01 -- Error1:0.03
Phase:train -- Batch_idx:300/391-- 545.79 samples/sec-- Loss:0.01 -- Error1:0.02
Train_Loss = 0.01166237668812275, Train_Err = 0.024
Val_Loss = 1.3086552810668945, Val_Err = 31.95
Epoch: [198 | 200]
Phase:train -- Batch_idx:100/391-- 541.99 samples/sec-- Loss:0.01 -- Error1:0.02
Phase:train -- Batch_idx:200/391-- 544.76 samples/sec-- Loss:0.01 -- Error1:0.03
Phase:train -- Batch_idx:300/391-- 545.69 samples/sec-- Loss:0.01 -- Error1:0.03
Train_Loss = 0.011008097766041756, Train_Err = 0.022
Val_Loss = 1.309953723526001, Val_Err = 32.39
Epoch: [199 | 200]
Phase:train -- Batch_idx:100/391-- 542.55 samples/sec-- Loss:0.01 -- Error1:0.00
Phase:train -- Batch_idx:200/391-- 543.68 samples/sec-- Loss:0.01 -- Error1:0.00
Phase:train -- Batch_idx:300/391-- 534.33 samples/sec-- Loss:0.01 -- Error1:0.01
Train_Loss = 0.011173031294941902, Train_Err = 0.008
Val_Loss = 1.313769118309021, Val_Err = 32.22
