Namespace(bs=128, cp_dir='./checkpoints/tinyimagenet/resnet18/fsgd/run_ms_1/run1', data_dir='./data/tinyimagenet', dir='.', dtype='tinyimagenet', ep=100, loadckp=None, lr=0.1, milestones=[30, 60, 90], mo=0.9, ms=1, mtype='resnet18', n='tinyimagenet/resnet18/fsgd', num_classes=200, print_freq=100, std=0.001, use_cuda=True, wd=0.0001)
Epoch: [0 | 100]
Phase:train -- Batch_idx:100/782-- 1507.96 samples/sec-- Loss:5.50 -- Error1:99.02
Phase:train -- Batch_idx:200/782-- 1696.28 samples/sec-- Loss:5.30 -- Error1:98.70
Phase:train -- Batch_idx:300/782-- 1763.25 samples/sec-- Loss:5.19 -- Error1:98.24
Phase:train -- Batch_idx:400/782-- 1790.04 samples/sec-- Loss:5.10 -- Error1:97.68
Phase:train -- Batch_idx:500/782-- 1817.51 samples/sec-- Loss:5.02 -- Error1:97.11
Phase:train -- Batch_idx:600/782-- 1845.09 samples/sec-- Loss:4.93 -- Error1:96.49
Phase:train -- Batch_idx:700/782-- 1847.94 samples/sec-- Loss:4.86 -- Error1:95.80
Train_Loss = 4.796418362426758, Train_Err = 95.236
Val_Loss = 4.492894770050049, Val_Err = 91.31
Epoch: [1 | 100]
Phase:train -- Batch_idx:100/782-- 1739.49 samples/sec-- Loss:4.13 -- Error1:88.38
Phase:train -- Batch_idx:200/782-- 1846.45 samples/sec-- Loss:4.06 -- Error1:87.50
Phase:train -- Batch_idx:300/782-- 1873.47 samples/sec-- Loss:4.01 -- Error1:86.83
Phase:train -- Batch_idx:400/782-- 1853.83 samples/sec-- Loss:3.97 -- Error1:86.21
Phase:train -- Batch_idx:500/782-- 1867.59 samples/sec-- Loss:3.93 -- Error1:85.62
Phase:train -- Batch_idx:600/782-- 1867.51 samples/sec-- Loss:3.90 -- Error1:85.06
Phase:train -- Batch_idx:700/782-- 1882.58 samples/sec-- Loss:3.87 -- Error1:84.69
Train_Loss = 3.8412808238220215, Train_Err = 84.282
Val_Loss = 3.712922583770752, Val_Err = 82.15
Epoch: [2 | 100]
Phase:train -- Batch_idx:100/782-- 1652.40 samples/sec-- Loss:3.52 -- Error1:79.12
Phase:train -- Batch_idx:200/782-- 1803.11 samples/sec-- Loss:3.50 -- Error1:78.80
Phase:train -- Batch_idx:300/782-- 1823.09 samples/sec-- Loss:3.49 -- Error1:78.77
Phase:train -- Batch_idx:400/782-- 1828.24 samples/sec-- Loss:3.47 -- Error1:78.53
Phase:train -- Batch_idx:500/782-- 1851.81 samples/sec-- Loss:3.46 -- Error1:78.22
Phase:train -- Batch_idx:600/782-- 1876.08 samples/sec-- Loss:3.44 -- Error1:77.90
Phase:train -- Batch_idx:700/782-- 1873.46 samples/sec-- Loss:3.42 -- Error1:77.59
Train_Loss = 3.410564588851929, Train_Err = 77.418
Val_Loss = 3.582769079589844, Val_Err = 79.23
Epoch: [3 | 100]
Phase:train -- Batch_idx:100/782-- 1720.37 samples/sec-- Loss:3.27 -- Error1:74.94
Phase:train -- Batch_idx:200/782-- 1818.99 samples/sec-- Loss:3.23 -- Error1:74.36
Phase:train -- Batch_idx:300/782-- 1863.31 samples/sec-- Loss:3.22 -- Error1:74.20
Phase:train -- Batch_idx:400/782-- 1850.44 samples/sec-- Loss:3.21 -- Error1:74.07
Phase:train -- Batch_idx:500/782-- 1855.62 samples/sec-- Loss:3.20 -- Error1:73.91
Phase:train -- Batch_idx:600/782-- 1852.52 samples/sec-- Loss:3.19 -- Error1:73.56
Phase:train -- Batch_idx:700/782-- 1868.09 samples/sec-- Loss:3.18 -- Error1:73.34
Train_Loss = 3.169742715301514, Train_Err = 73.299
Val_Loss = 3.221843635559082, Val_Err = 74.24
Epoch: [4 | 100]
Phase:train -- Batch_idx:100/782-- 1701.50 samples/sec-- Loss:2.97 -- Error1:70.16
Phase:train -- Batch_idx:200/782-- 1819.71 samples/sec-- Loss:2.97 -- Error1:69.88
Phase:train -- Batch_idx:300/782-- 1856.17 samples/sec-- Loss:2.97 -- Error1:69.74
Phase:train -- Batch_idx:400/782-- 1864.82 samples/sec-- Loss:2.97 -- Error1:69.61
Phase:train -- Batch_idx:500/782-- 1872.30 samples/sec-- Loss:2.97 -- Error1:69.63
Phase:train -- Batch_idx:600/782-- 1891.00 samples/sec-- Loss:2.97 -- Error1:69.58
Phase:train -- Batch_idx:700/782-- 1890.86 samples/sec-- Loss:2.96 -- Error1:69.50
Train_Loss = 2.959154203491211, Train_Err = 69.386
Val_Loss = 3.137470911407471, Val_Err = 71.67
Epoch: [5 | 100]
Phase:train -- Batch_idx:100/782-- 1719.25 samples/sec-- Loss:2.80 -- Error1:66.30
Phase:train -- Batch_idx:200/782-- 1830.49 samples/sec-- Loss:2.78 -- Error1:66.05
Phase:train -- Batch_idx:300/782-- 1868.43 samples/sec-- Loss:2.79 -- Error1:66.23
Phase:train -- Batch_idx:400/782-- 1886.79 samples/sec-- Loss:2.79 -- Error1:66.37
Phase:train -- Batch_idx:500/782-- 1889.46 samples/sec-- Loss:2.80 -- Error1:66.46
Phase:train -- Batch_idx:600/782-- 1897.98 samples/sec-- Loss:2.80 -- Error1:66.45
Phase:train -- Batch_idx:700/782-- 1906.97 samples/sec-- Loss:2.80 -- Error1:66.42
Train_Loss = 2.7957871514129637, Train_Err = 66.357
Val_Loss = 3.014850172424316, Val_Err = 68.84
Epoch: [6 | 100]
Phase:train -- Batch_idx:100/782-- 1708.59 samples/sec-- Loss:2.61 -- Error1:62.89
Phase:train -- Batch_idx:200/782-- 1814.48 samples/sec-- Loss:2.63 -- Error1:63.51
Phase:train -- Batch_idx:300/782-- 1830.04 samples/sec-- Loss:2.65 -- Error1:63.85
Phase:train -- Batch_idx:400/782-- 1860.52 samples/sec-- Loss:2.66 -- Error1:63.95
Phase:train -- Batch_idx:500/782-- 1863.61 samples/sec-- Loss:2.65 -- Error1:63.80
Phase:train -- Batch_idx:600/782-- 1879.58 samples/sec-- Loss:2.65 -- Error1:63.75
Phase:train -- Batch_idx:700/782-- 1871.88 samples/sec-- Loss:2.65 -- Error1:63.79
Train_Loss = 2.6537131498718263, Train_Err = 63.764
Val_Loss = 2.998685436630249, Val_Err = 68.74
Epoch: [7 | 100]
Phase:train -- Batch_idx:100/782-- 1953.10 samples/sec-- Loss:2.48 -- Error1:60.76
Phase:train -- Batch_idx:200/782-- 2095.06 samples/sec-- Loss:2.50 -- Error1:60.99
Phase:train -- Batch_idx:300/782-- 2105.38 samples/sec-- Loss:2.50 -- Error1:61.07
Phase:train -- Batch_idx:400/782-- 2060.18 samples/sec-- Loss:2.52 -- Error1:61.30
Phase:train -- Batch_idx:500/782-- 2045.23 samples/sec-- Loss:2.52 -- Error1:61.29
Phase:train -- Batch_idx:600/782-- 2052.69 samples/sec-- Loss:2.53 -- Error1:61.38
Phase:train -- Batch_idx:700/782-- 2054.92 samples/sec-- Loss:2.54 -- Error1:61.54
Train_Loss = 2.540348764038086, Train_Err = 61.57
Val_Loss = 2.8710935253143313, Val_Err = 65.58
Epoch: [8 | 100]
Phase:train -- Batch_idx:100/782-- 1855.21 samples/sec-- Loss:2.38 -- Error1:59.16
Phase:train -- Batch_idx:200/782-- 2035.86 samples/sec-- Loss:2.37 -- Error1:58.81
Phase:train -- Batch_idx:300/782-- 2099.81 samples/sec-- Loss:2.39 -- Error1:58.90
Phase:train -- Batch_idx:400/782-- 2115.46 samples/sec-- Loss:2.40 -- Error1:59.11
Phase:train -- Batch_idx:500/782-- 2103.05 samples/sec-- Loss:2.41 -- Error1:59.14
Phase:train -- Batch_idx:600/782-- 2112.35 samples/sec-- Loss:2.42 -- Error1:59.32
Phase:train -- Batch_idx:700/782-- 2120.65 samples/sec-- Loss:2.42 -- Error1:59.42
Train_Loss = 2.428916880950928, Train_Err = 59.413
Val_Loss = 2.843726122665405, Val_Err = 64.83
Epoch: [9 | 100]
Phase:train -- Batch_idx:100/782-- 1950.67 samples/sec-- Loss:2.24 -- Error1:55.51
Phase:train -- Batch_idx:200/782-- 2055.64 samples/sec-- Loss:2.26 -- Error1:55.96
Phase:train -- Batch_idx:300/782-- 2030.20 samples/sec-- Loss:2.29 -- Error1:56.57
Phase:train -- Batch_idx:400/782-- 2023.23 samples/sec-- Loss:2.31 -- Error1:57.08
Phase:train -- Batch_idx:500/782-- 2033.09 samples/sec-- Loss:2.32 -- Error1:57.23
Phase:train -- Batch_idx:600/782-- 2052.64 samples/sec-- Loss:2.33 -- Error1:57.41
Phase:train -- Batch_idx:700/782-- 2067.00 samples/sec-- Loss:2.33 -- Error1:57.42
Train_Loss = 2.3366617189788816, Train_Err = 57.48
Val_Loss = 2.800375050354004, Val_Err = 64.9
Epoch: [10 | 100]
Phase:train -- Batch_idx:100/782-- 1933.68 samples/sec-- Loss:2.15 -- Error1:53.59
Phase:train -- Batch_idx:200/782-- 2046.21 samples/sec-- Loss:2.17 -- Error1:54.20
Phase:train -- Batch_idx:300/782-- 2057.20 samples/sec-- Loss:2.18 -- Error1:54.47
Phase:train -- Batch_idx:400/782-- 2041.00 samples/sec-- Loss:2.20 -- Error1:54.78
Phase:train -- Batch_idx:500/782-- 2045.80 samples/sec-- Loss:2.22 -- Error1:55.23
Phase:train -- Batch_idx:600/782-- 2063.97 samples/sec-- Loss:2.23 -- Error1:55.33
Phase:train -- Batch_idx:700/782-- 2079.51 samples/sec-- Loss:2.24 -- Error1:55.50
Train_Loss = 2.242711221008301, Train_Err = 55.52
Val_Loss = 2.8097946254730224, Val_Err = 64.08
Epoch: [11 | 100]
Phase:train -- Batch_idx:100/782-- 1952.94 samples/sec-- Loss:2.08 -- Error1:52.13
Phase:train -- Batch_idx:200/782-- 2046.64 samples/sec-- Loss:2.09 -- Error1:51.98
Phase:train -- Batch_idx:300/782-- 2041.12 samples/sec-- Loss:2.10 -- Error1:52.31
Phase:train -- Batch_idx:400/782-- 2021.24 samples/sec-- Loss:2.13 -- Error1:52.93
Phase:train -- Batch_idx:500/782-- 2031.52 samples/sec-- Loss:2.13 -- Error1:53.15
Phase:train -- Batch_idx:600/782-- 2053.58 samples/sec-- Loss:2.14 -- Error1:53.46
Phase:train -- Batch_idx:700/782-- 2068.11 samples/sec-- Loss:2.16 -- Error1:53.80
Train_Loss = 2.1693211125946044, Train_Err = 54.036
Val_Loss = 2.804130874633789, Val_Err = 63.07
Epoch: [12 | 100]
Phase:train -- Batch_idx:100/782-- 1939.78 samples/sec-- Loss:2.01 -- Error1:51.02
Phase:train -- Batch_idx:200/782-- 2056.40 samples/sec-- Loss:2.03 -- Error1:51.62
Phase:train -- Batch_idx:300/782-- 2058.88 samples/sec-- Loss:2.05 -- Error1:51.69
Phase:train -- Batch_idx:400/782-- 2059.34 samples/sec-- Loss:2.06 -- Error1:51.96
Phase:train -- Batch_idx:500/782-- 2060.01 samples/sec-- Loss:2.07 -- Error1:52.16
Phase:train -- Batch_idx:600/782-- 2080.71 samples/sec-- Loss:2.08 -- Error1:52.45
Phase:train -- Batch_idx:700/782-- 2096.23 samples/sec-- Loss:2.09 -- Error1:52.57
Train_Loss = 2.0948766677856447, Train_Err = 52.647
Val_Loss = 2.7184080581665038, Val_Err = 62.08
Epoch: [13 | 100]
Phase:train -- Batch_idx:100/782-- 1952.23 samples/sec-- Loss:1.92 -- Error1:49.10
Phase:train -- Batch_idx:200/782-- 2048.76 samples/sec-- Loss:1.95 -- Error1:49.62
Phase:train -- Batch_idx:300/782-- 2081.50 samples/sec-- Loss:1.97 -- Error1:50.09
Phase:train -- Batch_idx:400/782-- 2040.35 samples/sec-- Loss:1.99 -- Error1:50.63
Phase:train -- Batch_idx:500/782-- 2033.87 samples/sec-- Loss:2.01 -- Error1:50.94
Phase:train -- Batch_idx:600/782-- 2055.47 samples/sec-- Loss:2.02 -- Error1:51.16
Phase:train -- Batch_idx:700/782-- 2070.93 samples/sec-- Loss:2.03 -- Error1:51.35
Train_Loss = 2.0323177239227297, Train_Err = 51.405
Val_Loss = 2.7662356689453125, Val_Err = 62.96
Epoch: [14 | 100]
Phase:train -- Batch_idx:100/782-- 1941.04 samples/sec-- Loss:1.86 -- Error1:47.45
Phase:train -- Batch_idx:200/782-- 2048.68 samples/sec-- Loss:1.88 -- Error1:47.92
Phase:train -- Batch_idx:300/782-- 2088.41 samples/sec-- Loss:1.90 -- Error1:48.65
Phase:train -- Batch_idx:400/782-- 2073.85 samples/sec-- Loss:1.92 -- Error1:48.89
Phase:train -- Batch_idx:500/782-- 2037.19 samples/sec-- Loss:1.93 -- Error1:49.13
Phase:train -- Batch_idx:600/782-- 2057.39 samples/sec-- Loss:1.95 -- Error1:49.56
Phase:train -- Batch_idx:700/782-- 2073.39 samples/sec-- Loss:1.96 -- Error1:49.80
Train_Loss = 1.9708423066711427, Train_Err = 50.049
Val_Loss = 2.660060248184204, Val_Err = 60.52
Epoch: [15 | 100]
Phase:train -- Batch_idx:100/782-- 1931.20 samples/sec-- Loss:1.81 -- Error1:46.49
Phase:train -- Batch_idx:200/782-- 2036.48 samples/sec-- Loss:1.82 -- Error1:47.08
Phase:train -- Batch_idx:300/782-- 2079.07 samples/sec-- Loss:1.84 -- Error1:47.36
Phase:train -- Batch_idx:400/782-- 2079.95 samples/sec-- Loss:1.86 -- Error1:47.84
Phase:train -- Batch_idx:500/782-- 2040.40 samples/sec-- Loss:1.88 -- Error1:48.30
Phase:train -- Batch_idx:600/782-- 2060.71 samples/sec-- Loss:1.90 -- Error1:48.59
Phase:train -- Batch_idx:700/782-- 2075.05 samples/sec-- Loss:1.91 -- Error1:48.79
Train_Loss = 1.9160432238769531, Train_Err = 48.909
Val_Loss = 2.696271290206909, Val_Err = 60.94
Epoch: [16 | 100]
Phase:train -- Batch_idx:100/782-- 1949.21 samples/sec-- Loss:1.74 -- Error1:45.38
Phase:train -- Batch_idx:200/782-- 2052.48 samples/sec-- Loss:1.76 -- Error1:46.08
Phase:train -- Batch_idx:300/782-- 2088.63 samples/sec-- Loss:1.78 -- Error1:46.57
Phase:train -- Batch_idx:400/782-- 2066.26 samples/sec-- Loss:1.80 -- Error1:46.94
Phase:train -- Batch_idx:500/782-- 2031.67 samples/sec-- Loss:1.82 -- Error1:47.30
Phase:train -- Batch_idx:600/782-- 2051.17 samples/sec-- Loss:1.84 -- Error1:47.68
Phase:train -- Batch_idx:700/782-- 2069.86 samples/sec-- Loss:1.85 -- Error1:47.89
Train_Loss = 1.8612344260406495, Train_Err = 48.086
Val_Loss = 2.661811221694946, Val_Err = 60.12
Epoch: [17 | 100]
Phase:train -- Batch_idx:100/782-- 1983.15 samples/sec-- Loss:1.68 -- Error1:43.25
Phase:train -- Batch_idx:200/782-- 2075.73 samples/sec-- Loss:1.71 -- Error1:44.48
Phase:train -- Batch_idx:300/782-- 2106.12 samples/sec-- Loss:1.73 -- Error1:45.04
Phase:train -- Batch_idx:400/782-- 2094.09 samples/sec-- Loss:1.76 -- Error1:45.72
Phase:train -- Batch_idx:500/782-- 2060.11 samples/sec-- Loss:1.78 -- Error1:46.13
Phase:train -- Batch_idx:600/782-- 2076.57 samples/sec-- Loss:1.79 -- Error1:46.39
Phase:train -- Batch_idx:700/782-- 2088.55 samples/sec-- Loss:1.80 -- Error1:46.65
Train_Loss = 1.8165213539886476, Train_Err = 46.932
Val_Loss = 2.689088856124878, Val_Err = 61.73
Epoch: [18 | 100]
Phase:train -- Batch_idx:100/782-- 1957.08 samples/sec-- Loss:1.65 -- Error1:43.15
Phase:train -- Batch_idx:200/782-- 2056.56 samples/sec-- Loss:1.67 -- Error1:43.43
Phase:train -- Batch_idx:300/782-- 2098.52 samples/sec-- Loss:1.69 -- Error1:43.96
Phase:train -- Batch_idx:400/782-- 2085.66 samples/sec-- Loss:1.71 -- Error1:44.46
Phase:train -- Batch_idx:500/782-- 2028.88 samples/sec-- Loss:1.72 -- Error1:44.78
Phase:train -- Batch_idx:600/782-- 2049.42 samples/sec-- Loss:1.74 -- Error1:45.39
Phase:train -- Batch_idx:700/782-- 2065.18 samples/sec-- Loss:1.76 -- Error1:45.68
Train_Loss = 1.7688579754257203, Train_Err = 45.928
Val_Loss = 2.6666245048522947, Val_Err = 59.84
Epoch: [19 | 100]
Phase:train -- Batch_idx:100/782-- 1941.13 samples/sec-- Loss:1.63 -- Error1:43.09
Phase:train -- Batch_idx:200/782-- 2045.21 samples/sec-- Loss:1.64 -- Error1:43.17
Phase:train -- Batch_idx:300/782-- 2081.96 samples/sec-- Loss:1.66 -- Error1:43.44
Phase:train -- Batch_idx:400/782-- 2086.21 samples/sec-- Loss:1.68 -- Error1:43.85
Phase:train -- Batch_idx:500/782-- 2042.18 samples/sec-- Loss:1.69 -- Error1:44.18
Phase:train -- Batch_idx:600/782-- 2057.72 samples/sec-- Loss:1.71 -- Error1:44.45
Phase:train -- Batch_idx:700/782-- 2071.89 samples/sec-- Loss:1.72 -- Error1:44.74
Train_Loss = 1.729500381011963, Train_Err = 44.896
Val_Loss = 2.7590145713806153, Val_Err = 60.77
Epoch: [20 | 100]
Phase:train -- Batch_idx:100/782-- 1935.53 samples/sec-- Loss:1.57 -- Error1:40.96
Phase:train -- Batch_idx:200/782-- 2046.42 samples/sec-- Loss:1.59 -- Error1:41.71
Phase:train -- Batch_idx:300/782-- 2085.63 samples/sec-- Loss:1.62 -- Error1:42.42
Phase:train -- Batch_idx:400/782-- 2095.88 samples/sec-- Loss:1.64 -- Error1:43.00
Phase:train -- Batch_idx:500/782-- 2039.39 samples/sec-- Loss:1.66 -- Error1:43.45
Phase:train -- Batch_idx:600/782-- 2058.76 samples/sec-- Loss:1.67 -- Error1:43.89
Phase:train -- Batch_idx:700/782-- 2076.24 samples/sec-- Loss:1.69 -- Error1:44.18
Train_Loss = 1.696640810775757, Train_Err = 44.377
Val_Loss = 2.713404067993164, Val_Err = 59.98
Epoch: [21 | 100]
Phase:train -- Batch_idx:100/782-- 1975.64 samples/sec-- Loss:1.52 -- Error1:39.87
Phase:train -- Batch_idx:200/782-- 2065.50 samples/sec-- Loss:1.56 -- Error1:41.04
Phase:train -- Batch_idx:300/782-- 2097.24 samples/sec-- Loss:1.58 -- Error1:41.35
Phase:train -- Batch_idx:400/782-- 2117.45 samples/sec-- Loss:1.59 -- Error1:41.89
Phase:train -- Batch_idx:500/782-- 2077.06 samples/sec-- Loss:1.61 -- Error1:42.25
Phase:train -- Batch_idx:600/782-- 2072.78 samples/sec-- Loss:1.63 -- Error1:42.67
Phase:train -- Batch_idx:700/782-- 2085.19 samples/sec-- Loss:1.64 -- Error1:42.98
Train_Loss = 1.6558546283340454, Train_Err = 43.242
Val_Loss = 2.7445593452453614, Val_Err = 60.67
Epoch: [22 | 100]
Phase:train -- Batch_idx:100/782-- 1953.67 samples/sec-- Loss:1.48 -- Error1:39.77
Phase:train -- Batch_idx:200/782-- 2052.92 samples/sec-- Loss:1.50 -- Error1:40.20
Phase:train -- Batch_idx:300/782-- 2086.91 samples/sec-- Loss:1.52 -- Error1:40.79
Phase:train -- Batch_idx:400/782-- 2108.68 samples/sec-- Loss:1.54 -- Error1:41.16
Phase:train -- Batch_idx:500/782-- 2078.90 samples/sec-- Loss:1.56 -- Error1:41.63
Phase:train -- Batch_idx:600/782-- 2067.26 samples/sec-- Loss:1.58 -- Error1:42.05
Phase:train -- Batch_idx:700/782-- 2081.09 samples/sec-- Loss:1.60 -- Error1:42.53
Train_Loss = 1.615731043663025, Train_Err = 42.821
Val_Loss = 2.6423132164001464, Val_Err = 59.02
Epoch: [23 | 100]
Phase:train -- Batch_idx:100/782-- 1940.44 samples/sec-- Loss:1.48 -- Error1:39.55
Phase:train -- Batch_idx:200/782-- 2047.48 samples/sec-- Loss:1.49 -- Error1:39.86
Phase:train -- Batch_idx:300/782-- 2084.61 samples/sec-- Loss:1.51 -- Error1:40.53
Phase:train -- Batch_idx:400/782-- 2110.29 samples/sec-- Loss:1.53 -- Error1:40.90
Phase:train -- Batch_idx:500/782-- 2070.25 samples/sec-- Loss:1.55 -- Error1:41.19
Phase:train -- Batch_idx:600/782-- 2057.54 samples/sec-- Loss:1.57 -- Error1:41.53
Phase:train -- Batch_idx:700/782-- 2072.75 samples/sec-- Loss:1.59 -- Error1:42.04
Train_Loss = 1.5976946487808228, Train_Err = 42.265
Val_Loss = 2.6994074321746826, Val_Err = 59.94
Epoch: [24 | 100]
Phase:train -- Batch_idx:100/782-- 1940.38 samples/sec-- Loss:1.44 -- Error1:38.51
Phase:train -- Batch_idx:200/782-- 2047.87 samples/sec-- Loss:1.46 -- Error1:39.33
Phase:train -- Batch_idx:300/782-- 2083.20 samples/sec-- Loss:1.49 -- Error1:39.84
Phase:train -- Batch_idx:400/782-- 2106.32 samples/sec-- Loss:1.51 -- Error1:40.33
Phase:train -- Batch_idx:500/782-- 2069.58 samples/sec-- Loss:1.52 -- Error1:40.66
Phase:train -- Batch_idx:600/782-- 2063.01 samples/sec-- Loss:1.54 -- Error1:41.12
Phase:train -- Batch_idx:700/782-- 2077.11 samples/sec-- Loss:1.55 -- Error1:41.33
Train_Loss = 1.5675791459274293, Train_Err = 41.638
Val_Loss = 2.777347733306885, Val_Err = 60.08
Epoch: [25 | 100]
Phase:train -- Batch_idx:100/782-- 1969.72 samples/sec-- Loss:1.40 -- Error1:37.23
Phase:train -- Batch_idx:200/782-- 2063.13 samples/sec-- Loss:1.42 -- Error1:38.00
Phase:train -- Batch_idx:300/782-- 2092.47 samples/sec-- Loss:1.45 -- Error1:38.54
Phase:train -- Batch_idx:400/782-- 2110.33 samples/sec-- Loss:1.47 -- Error1:39.07
Phase:train -- Batch_idx:500/782-- 2066.41 samples/sec-- Loss:1.49 -- Error1:39.59
Phase:train -- Batch_idx:600/782-- 2057.45 samples/sec-- Loss:1.51 -- Error1:40.08
Phase:train -- Batch_idx:700/782-- 2072.49 samples/sec-- Loss:1.53 -- Error1:40.51
Train_Loss = 1.5372324141311646, Train_Err = 40.806
Val_Loss = 2.715565269470215, Val_Err = 59.76
Epoch: [26 | 100]
Phase:train -- Batch_idx:100/782-- 1951.14 samples/sec-- Loss:1.36 -- Error1:36.78
Phase:train -- Batch_idx:200/782-- 2047.71 samples/sec-- Loss:1.38 -- Error1:37.30
Phase:train -- Batch_idx:300/782-- 2084.68 samples/sec-- Loss:1.42 -- Error1:38.17
Phase:train -- Batch_idx:400/782-- 2103.91 samples/sec-- Loss:1.44 -- Error1:38.69
Phase:train -- Batch_idx:500/782-- 2072.45 samples/sec-- Loss:1.46 -- Error1:39.14
Phase:train -- Batch_idx:600/782-- 2065.99 samples/sec-- Loss:1.48 -- Error1:39.63
Phase:train -- Batch_idx:700/782-- 2079.13 samples/sec-- Loss:1.50 -- Error1:40.09
Train_Loss = 1.510292211303711, Train_Err = 40.34
Val_Loss = 2.852857006072998, Val_Err = 60.2
Epoch: [27 | 100]
Phase:train -- Batch_idx:100/782-- 1935.60 samples/sec-- Loss:1.36 -- Error1:37.10
Phase:train -- Batch_idx:200/782-- 2047.90 samples/sec-- Loss:1.38 -- Error1:37.38
Phase:train -- Batch_idx:300/782-- 2085.73 samples/sec-- Loss:1.39 -- Error1:37.66
Phase:train -- Batch_idx:400/782-- 2108.93 samples/sec-- Loss:1.42 -- Error1:38.17
Phase:train -- Batch_idx:500/782-- 2069.24 samples/sec-- Loss:1.43 -- Error1:38.57
Phase:train -- Batch_idx:600/782-- 2061.32 samples/sec-- Loss:1.45 -- Error1:39.01
Phase:train -- Batch_idx:700/782-- 2069.62 samples/sec-- Loss:1.47 -- Error1:39.36
Train_Loss = 1.4806242422485352, Train_Err = 39.646
Val_Loss = 2.707467658996582, Val_Err = 58.52
Epoch: [28 | 100]
Phase:train -- Batch_idx:100/782-- 1933.59 samples/sec-- Loss:1.32 -- Error1:35.97
Phase:train -- Batch_idx:200/782-- 2038.04 samples/sec-- Loss:1.35 -- Error1:36.82
Phase:train -- Batch_idx:300/782-- 2078.85 samples/sec-- Loss:1.37 -- Error1:37.42
Phase:train -- Batch_idx:400/782-- 2100.52 samples/sec-- Loss:1.40 -- Error1:37.96
Phase:train -- Batch_idx:500/782-- 2063.93 samples/sec-- Loss:1.42 -- Error1:38.42
Phase:train -- Batch_idx:600/782-- 2065.22 samples/sec-- Loss:1.44 -- Error1:38.68
Phase:train -- Batch_idx:700/782-- 2073.38 samples/sec-- Loss:1.46 -- Error1:39.20
Train_Loss = 1.466817684020996, Train_Err = 39.438
Val_Loss = 2.8799673805236816, Val_Err = 61.0
Epoch: [29 | 100]
Phase:train -- Batch_idx:100/782-- 1950.42 samples/sec-- Loss:1.30 -- Error1:35.53
Phase:train -- Batch_idx:200/782-- 2051.94 samples/sec-- Loss:1.33 -- Error1:36.06
Phase:train -- Batch_idx:300/782-- 2088.89 samples/sec-- Loss:1.36 -- Error1:36.85
Phase:train -- Batch_idx:400/782-- 2106.80 samples/sec-- Loss:1.39 -- Error1:37.55
Phase:train -- Batch_idx:500/782-- 2073.63 samples/sec-- Loss:1.40 -- Error1:38.00
Phase:train -- Batch_idx:600/782-- 2090.95 samples/sec-- Loss:1.42 -- Error1:38.38
Phase:train -- Batch_idx:700/782-- 2076.35 samples/sec-- Loss:1.43 -- Error1:38.67
Train_Loss = 1.4455318161773683, Train_Err = 38.997
Val_Loss = 2.717275813293457, Val_Err = 58.71
Epoch: [30 | 100]
Phase:train -- Batch_idx:100/782-- 1947.08 samples/sec-- Loss:1.14 -- Error1:30.98
Phase:train -- Batch_idx:200/782-- 2050.51 samples/sec-- Loss:1.11 -- Error1:30.07
Phase:train -- Batch_idx:300/782-- 2084.94 samples/sec-- Loss:1.08 -- Error1:29.23
Phase:train -- Batch_idx:400/782-- 2104.79 samples/sec-- Loss:1.05 -- Error1:28.63
Phase:train -- Batch_idx:500/782-- 2063.07 samples/sec-- Loss:1.04 -- Error1:28.29
Phase:train -- Batch_idx:600/782-- 2078.85 samples/sec-- Loss:1.03 -- Error1:28.12
Phase:train -- Batch_idx:700/782-- 2066.41 samples/sec-- Loss:1.02 -- Error1:27.80
Train_Loss = 1.0134389399337769, Train_Err = 27.588
Val_Loss = 2.527097164916992, Val_Err = 53.76
Epoch: [31 | 100]
Phase:train -- Batch_idx:100/782-- 1954.91 samples/sec-- Loss:0.88 -- Error1:24.35
Phase:train -- Batch_idx:200/782-- 2053.72 samples/sec-- Loss:0.89 -- Error1:24.59
Phase:train -- Batch_idx:300/782-- 2087.22 samples/sec-- Loss:0.89 -- Error1:24.61
Phase:train -- Batch_idx:400/782-- 2109.65 samples/sec-- Loss:0.89 -- Error1:24.64
Phase:train -- Batch_idx:500/782-- 2056.36 samples/sec-- Loss:0.88 -- Error1:24.44
Phase:train -- Batch_idx:600/782-- 2072.09 samples/sec-- Loss:0.88 -- Error1:24.42
Phase:train -- Batch_idx:700/782-- 2062.16 samples/sec-- Loss:0.88 -- Error1:24.49
Train_Loss = 0.8845203937149048, Train_Err = 24.553
Val_Loss = 2.5795166332244874, Val_Err = 53.72
Epoch: [32 | 100]
Phase:train -- Batch_idx:100/782-- 1953.85 samples/sec-- Loss:0.80 -- Error1:22.16
Phase:train -- Batch_idx:200/782-- 2056.07 samples/sec-- Loss:0.81 -- Error1:22.32
Phase:train -- Batch_idx:300/782-- 2089.56 samples/sec-- Loss:0.81 -- Error1:22.37
Phase:train -- Batch_idx:400/782-- 2112.22 samples/sec-- Loss:0.82 -- Error1:22.70
Phase:train -- Batch_idx:500/782-- 2075.04 samples/sec-- Loss:0.82 -- Error1:22.65
Phase:train -- Batch_idx:600/782-- 2083.58 samples/sec-- Loss:0.82 -- Error1:22.69
Phase:train -- Batch_idx:700/782-- 2079.56 samples/sec-- Loss:0.82 -- Error1:22.74
Train_Loss = 0.8215584859848023, Train_Err = 22.809
Val_Loss = 2.6250615997314455, Val_Err = 53.3
Epoch: [33 | 100]
Phase:train -- Batch_idx:100/782-- 1952.72 samples/sec-- Loss:0.75 -- Error1:21.20
Phase:train -- Batch_idx:200/782-- 2056.04 samples/sec-- Loss:0.76 -- Error1:20.92
Phase:train -- Batch_idx:300/782-- 2089.93 samples/sec-- Loss:0.76 -- Error1:21.15
Phase:train -- Batch_idx:400/782-- 2108.35 samples/sec-- Loss:0.76 -- Error1:21.22
Phase:train -- Batch_idx:500/782-- 2070.31 samples/sec-- Loss:0.77 -- Error1:21.41
Phase:train -- Batch_idx:600/782-- 2082.37 samples/sec-- Loss:0.77 -- Error1:21.56
Phase:train -- Batch_idx:700/782-- 2071.39 samples/sec-- Loss:0.77 -- Error1:21.59
Train_Loss = 0.7737833129882813, Train_Err = 21.627
Val_Loss = 2.6503450553894043, Val_Err = 53.7
Epoch: [34 | 100]
Phase:train -- Batch_idx:100/782-- 1957.25 samples/sec-- Loss:0.72 -- Error1:20.47
Phase:train -- Batch_idx:200/782-- 2049.47 samples/sec-- Loss:0.73 -- Error1:20.61
Phase:train -- Batch_idx:300/782-- 2088.68 samples/sec-- Loss:0.73 -- Error1:20.77
Phase:train -- Batch_idx:400/782-- 2108.47 samples/sec-- Loss:0.74 -- Error1:20.87
Phase:train -- Batch_idx:500/782-- 2095.07 samples/sec-- Loss:0.74 -- Error1:20.99
Phase:train -- Batch_idx:600/782-- 2088.28 samples/sec-- Loss:0.74 -- Error1:20.91
Phase:train -- Batch_idx:700/782-- 2081.66 samples/sec-- Loss:0.74 -- Error1:21.00
Train_Loss = 0.7460119702529907, Train_Err = 21.077
Val_Loss = 2.6808641677856446, Val_Err = 53.79
Epoch: [35 | 100]
Phase:train -- Batch_idx:100/782-- 1934.25 samples/sec-- Loss:0.71 -- Error1:19.73
Phase:train -- Batch_idx:200/782-- 2043.51 samples/sec-- Loss:0.72 -- Error1:19.98
Phase:train -- Batch_idx:300/782-- 2080.45 samples/sec-- Loss:0.71 -- Error1:19.89
Phase:train -- Batch_idx:400/782-- 2100.85 samples/sec-- Loss:0.72 -- Error1:20.00
Phase:train -- Batch_idx:500/782-- 2091.89 samples/sec-- Loss:0.72 -- Error1:20.20
Phase:train -- Batch_idx:600/782-- 2076.81 samples/sec-- Loss:0.72 -- Error1:20.23
Phase:train -- Batch_idx:700/782-- 2073.19 samples/sec-- Loss:0.72 -- Error1:20.31
Train_Loss = 0.7168117184257508, Train_Err = 20.338
Val_Loss = 2.7322398014068603, Val_Err = 53.96
Epoch: [36 | 100]
Phase:train -- Batch_idx:100/782-- 1954.51 samples/sec-- Loss:0.68 -- Error1:19.43
Phase:train -- Batch_idx:200/782-- 2058.19 samples/sec-- Loss:0.68 -- Error1:19.32
Phase:train -- Batch_idx:300/782-- 2091.03 samples/sec-- Loss:0.68 -- Error1:19.42
Phase:train -- Batch_idx:400/782-- 2105.23 samples/sec-- Loss:0.68 -- Error1:19.52
Phase:train -- Batch_idx:500/782-- 2094.54 samples/sec-- Loss:0.68 -- Error1:19.58
Phase:train -- Batch_idx:600/782-- 2083.86 samples/sec-- Loss:0.69 -- Error1:19.57
Phase:train -- Batch_idx:700/782-- 2072.51 samples/sec-- Loss:0.69 -- Error1:19.64
Train_Loss = 0.6923623365783691, Train_Err = 19.743
Val_Loss = 2.759789619445801, Val_Err = 53.87
Epoch: [37 | 100]
Phase:train -- Batch_idx:100/782-- 1959.83 samples/sec-- Loss:0.67 -- Error1:18.89
Phase:train -- Batch_idx:200/782-- 2055.57 samples/sec-- Loss:0.67 -- Error1:18.95
Phase:train -- Batch_idx:300/782-- 2085.82 samples/sec-- Loss:0.67 -- Error1:18.87
Phase:train -- Batch_idx:400/782-- 2103.53 samples/sec-- Loss:0.67 -- Error1:19.09
Phase:train -- Batch_idx:500/782-- 2091.30 samples/sec-- Loss:0.67 -- Error1:19.14
Phase:train -- Batch_idx:600/782-- 2079.83 samples/sec-- Loss:0.67 -- Error1:19.21
Phase:train -- Batch_idx:700/782-- 2080.65 samples/sec-- Loss:0.67 -- Error1:19.24
Train_Loss = 0.6731846557235718, Train_Err = 19.278
Val_Loss = 2.7624153423309328, Val_Err = 54.02
Epoch: [38 | 100]
Phase:train -- Batch_idx:100/782-- 1932.43 samples/sec-- Loss:0.65 -- Error1:18.38
Phase:train -- Batch_idx:200/782-- 2039.24 samples/sec-- Loss:0.64 -- Error1:18.35
Phase:train -- Batch_idx:300/782-- 2080.95 samples/sec-- Loss:0.64 -- Error1:18.41
Phase:train -- Batch_idx:400/782-- 2103.43 samples/sec-- Loss:0.64 -- Error1:18.52
Phase:train -- Batch_idx:500/782-- 2094.97 samples/sec-- Loss:0.64 -- Error1:18.56
Phase:train -- Batch_idx:600/782-- 2087.05 samples/sec-- Loss:0.65 -- Error1:18.63
Phase:train -- Batch_idx:700/782-- 2102.81 samples/sec-- Loss:0.65 -- Error1:18.72
Train_Loss = 0.6506784049606323, Train_Err = 18.778
Val_Loss = 2.790176937866211, Val_Err = 53.69
Epoch: [39 | 100]
Phase:train -- Batch_idx:100/782-- 1961.16 samples/sec-- Loss:0.60 -- Error1:17.12
Phase:train -- Batch_idx:200/782-- 2051.24 samples/sec-- Loss:0.62 -- Error1:17.66
Phase:train -- Batch_idx:300/782-- 2092.74 samples/sec-- Loss:0.62 -- Error1:17.85
Phase:train -- Batch_idx:400/782-- 2110.33 samples/sec-- Loss:0.63 -- Error1:17.90
Phase:train -- Batch_idx:500/782-- 2099.19 samples/sec-- Loss:0.63 -- Error1:18.11
Phase:train -- Batch_idx:600/782-- 2085.06 samples/sec-- Loss:0.63 -- Error1:18.22
Phase:train -- Batch_idx:700/782-- 2095.85 samples/sec-- Loss:0.63 -- Error1:18.26
Train_Loss = 0.6351697644329071, Train_Err = 18.299
Val_Loss = 2.8296460655212403, Val_Err = 54.38
Epoch: [40 | 100]
Phase:train -- Batch_idx:100/782-- 1954.51 samples/sec-- Loss:0.60 -- Error1:16.86
Phase:train -- Batch_idx:200/782-- 2050.17 samples/sec-- Loss:0.60 -- Error1:17.11
Phase:train -- Batch_idx:300/782-- 2093.30 samples/sec-- Loss:0.60 -- Error1:17.13
Phase:train -- Batch_idx:400/782-- 2110.24 samples/sec-- Loss:0.61 -- Error1:17.38
Phase:train -- Batch_idx:500/782-- 2100.27 samples/sec-- Loss:0.61 -- Error1:17.45
Phase:train -- Batch_idx:600/782-- 2094.27 samples/sec-- Loss:0.61 -- Error1:17.41
Phase:train -- Batch_idx:700/782-- 2099.88 samples/sec-- Loss:0.61 -- Error1:17.57
Train_Loss = 0.6142336268997193, Train_Err = 17.67
Val_Loss = 2.8499753456115724, Val_Err = 54.16
Epoch: [41 | 100]
Phase:train -- Batch_idx:100/782-- 1973.30 samples/sec-- Loss:0.58 -- Error1:17.12
Phase:train -- Batch_idx:200/782-- 2062.69 samples/sec-- Loss:0.57 -- Error1:16.80
Phase:train -- Batch_idx:300/782-- 2094.22 samples/sec-- Loss:0.59 -- Error1:17.14
Phase:train -- Batch_idx:400/782-- 2113.50 samples/sec-- Loss:0.59 -- Error1:17.17
Phase:train -- Batch_idx:500/782-- 2098.15 samples/sec-- Loss:0.59 -- Error1:17.15
Phase:train -- Batch_idx:600/782-- 2093.93 samples/sec-- Loss:0.59 -- Error1:17.26
Phase:train -- Batch_idx:700/782-- 2100.33 samples/sec-- Loss:0.59 -- Error1:17.31
Train_Loss = 0.5960937489700318, Train_Err = 17.355
Val_Loss = 2.8614090980529787, Val_Err = 54.28
Epoch: [42 | 100]
Phase:train -- Batch_idx:100/782-- 1964.43 samples/sec-- Loss:0.56 -- Error1:16.58
Phase:train -- Batch_idx:200/782-- 2056.27 samples/sec-- Loss:0.57 -- Error1:16.65
Phase:train -- Batch_idx:300/782-- 2087.30 samples/sec-- Loss:0.57 -- Error1:16.77
Phase:train -- Batch_idx:400/782-- 2102.15 samples/sec-- Loss:0.58 -- Error1:16.94
Phase:train -- Batch_idx:500/782-- 2083.34 samples/sec-- Loss:0.58 -- Error1:17.09
Phase:train -- Batch_idx:600/782-- 2091.87 samples/sec-- Loss:0.58 -- Error1:17.11
Phase:train -- Batch_idx:700/782-- 2092.85 samples/sec-- Loss:0.58 -- Error1:17.15
Train_Loss = 0.5843476519203186, Train_Err = 17.163
Val_Loss = 2.8961727241516115, Val_Err = 53.79
Epoch: [43 | 100]
Phase:train -- Batch_idx:100/782-- 1968.28 samples/sec-- Loss:0.56 -- Error1:16.06
Phase:train -- Batch_idx:200/782-- 2057.33 samples/sec-- Loss:0.56 -- Error1:16.20
Phase:train -- Batch_idx:300/782-- 2096.30 samples/sec-- Loss:0.56 -- Error1:16.24
Phase:train -- Batch_idx:400/782-- 2112.76 samples/sec-- Loss:0.56 -- Error1:16.36
Phase:train -- Batch_idx:500/782-- 2092.21 samples/sec-- Loss:0.56 -- Error1:16.32
Phase:train -- Batch_idx:600/782-- 2105.14 samples/sec-- Loss:0.57 -- Error1:16.43
Phase:train -- Batch_idx:700/782-- 2093.81 samples/sec-- Loss:0.57 -- Error1:16.52
Train_Loss = 0.5684355361461639, Train_Err = 16.579
Val_Loss = 2.8775714614868164, Val_Err = 54.35
Epoch: [44 | 100]
Phase:train -- Batch_idx:100/782-- 1936.56 samples/sec-- Loss:0.54 -- Error1:15.75
Phase:train -- Batch_idx:200/782-- 2040.37 samples/sec-- Loss:0.54 -- Error1:15.75
Phase:train -- Batch_idx:300/782-- 2082.59 samples/sec-- Loss:0.54 -- Error1:15.68
Phase:train -- Batch_idx:400/782-- 2101.86 samples/sec-- Loss:0.54 -- Error1:15.81
Phase:train -- Batch_idx:500/782-- 2079.18 samples/sec-- Loss:0.55 -- Error1:16.01
Phase:train -- Batch_idx:600/782-- 2096.09 samples/sec-- Loss:0.55 -- Error1:16.18
Phase:train -- Batch_idx:700/782-- 2085.18 samples/sec-- Loss:0.56 -- Error1:16.25
Train_Loss = 0.5583516888999939, Train_Err = 16.36
Val_Loss = 2.95318830947876, Val_Err = 54.0
Epoch: [45 | 100]
Phase:train -- Batch_idx:100/782-- 1960.96 samples/sec-- Loss:0.52 -- Error1:14.83
Phase:train -- Batch_idx:200/782-- 2061.85 samples/sec-- Loss:0.52 -- Error1:15.13
Phase:train -- Batch_idx:300/782-- 2091.72 samples/sec-- Loss:0.53 -- Error1:15.40
Phase:train -- Batch_idx:400/782-- 2106.52 samples/sec-- Loss:0.53 -- Error1:15.49
Phase:train -- Batch_idx:500/782-- 2085.10 samples/sec-- Loss:0.53 -- Error1:15.59
Phase:train -- Batch_idx:600/782-- 2097.21 samples/sec-- Loss:0.53 -- Error1:15.68
Phase:train -- Batch_idx:700/782-- 2085.09 samples/sec-- Loss:0.54 -- Error1:15.83
Train_Loss = 0.5388008150482178, Train_Err = 15.897
Val_Loss = 2.9551435913085937, Val_Err = 54.03
Epoch: [46 | 100]
Phase:train -- Batch_idx:100/782-- 1887.77 samples/sec-- Loss:0.51 -- Error1:14.96
Phase:train -- Batch_idx:200/782-- 2016.55 samples/sec-- Loss:0.51 -- Error1:14.81
Phase:train -- Batch_idx:300/782-- 2063.84 samples/sec-- Loss:0.52 -- Error1:15.10
Phase:train -- Batch_idx:400/782-- 2087.56 samples/sec-- Loss:0.52 -- Error1:15.14
Phase:train -- Batch_idx:500/782-- 2068.39 samples/sec-- Loss:0.52 -- Error1:15.29
Phase:train -- Batch_idx:600/782-- 2082.90 samples/sec-- Loss:0.52 -- Error1:15.39
Phase:train -- Batch_idx:700/782-- 2075.99 samples/sec-- Loss:0.53 -- Error1:15.46
Train_Loss = 0.5298196065330505, Train_Err = 15.512
Val_Loss = 2.9669158027648925, Val_Err = 54.02
Epoch: [47 | 100]
Phase:train -- Batch_idx:100/782-- 1790.72 samples/sec-- Loss:0.49 -- Error1:14.54
Phase:train -- Batch_idx:200/782-- 1955.26 samples/sec-- Loss:0.50 -- Error1:14.76
Phase:train -- Batch_idx:300/782-- 2021.44 samples/sec-- Loss:0.50 -- Error1:14.80
Phase:train -- Batch_idx:400/782-- 2055.63 samples/sec-- Loss:0.51 -- Error1:14.99
Phase:train -- Batch_idx:500/782-- 2048.24 samples/sec-- Loss:0.51 -- Error1:15.05
Phase:train -- Batch_idx:600/782-- 2068.23 samples/sec-- Loss:0.51 -- Error1:15.20
Phase:train -- Batch_idx:700/782-- 2059.86 samples/sec-- Loss:0.51 -- Error1:15.25
Train_Loss = 0.5168266728591919, Train_Err = 15.303
Val_Loss = 2.99298673248291, Val_Err = 54.49
Epoch: [48 | 100]
Phase:train -- Batch_idx:100/782-- 1850.77 samples/sec-- Loss:0.48 -- Error1:14.09
Phase:train -- Batch_idx:200/782-- 1998.24 samples/sec-- Loss:0.49 -- Error1:14.34
Phase:train -- Batch_idx:300/782-- 2055.52 samples/sec-- Loss:0.49 -- Error1:14.72
Phase:train -- Batch_idx:400/782-- 2079.18 samples/sec-- Loss:0.50 -- Error1:14.83
Phase:train -- Batch_idx:500/782-- 2076.85 samples/sec-- Loss:0.50 -- Error1:15.02
Phase:train -- Batch_idx:600/782-- 2093.01 samples/sec-- Loss:0.50 -- Error1:15.09
Phase:train -- Batch_idx:700/782-- 2080.83 samples/sec-- Loss:0.51 -- Error1:15.15
Train_Loss = 0.5098183965873718, Train_Err = 15.269
Val_Loss = 3.0216187828063963, Val_Err = 53.81
Epoch: [49 | 100]
Phase:train -- Batch_idx:100/782-- 1816.08 samples/sec-- Loss:0.48 -- Error1:14.10
Phase:train -- Batch_idx:200/782-- 1972.62 samples/sec-- Loss:0.48 -- Error1:14.48
Phase:train -- Batch_idx:300/782-- 2030.00 samples/sec-- Loss:0.48 -- Error1:14.46
Phase:train -- Batch_idx:400/782-- 2063.93 samples/sec-- Loss:0.48 -- Error1:14.35
Phase:train -- Batch_idx:500/782-- 2064.55 samples/sec-- Loss:0.49 -- Error1:14.48
Phase:train -- Batch_idx:600/782-- 2076.42 samples/sec-- Loss:0.49 -- Error1:14.55
Phase:train -- Batch_idx:700/782-- 2075.15 samples/sec-- Loss:0.49 -- Error1:14.66
Train_Loss = 0.49795359561920166, Train_Err = 14.815
Val_Loss = 3.05258353805542, Val_Err = 54.22
Epoch: [50 | 100]
Phase:train -- Batch_idx:100/782-- 1868.93 samples/sec-- Loss:0.47 -- Error1:14.34
Phase:train -- Batch_idx:200/782-- 2008.17 samples/sec-- Loss:0.48 -- Error1:14.45
Phase:train -- Batch_idx:300/782-- 2055.82 samples/sec-- Loss:0.48 -- Error1:14.56
Phase:train -- Batch_idx:400/782-- 2083.18 samples/sec-- Loss:0.48 -- Error1:14.66
Phase:train -- Batch_idx:500/782-- 2079.28 samples/sec-- Loss:0.49 -- Error1:14.68
Phase:train -- Batch_idx:600/782-- 2084.30 samples/sec-- Loss:0.49 -- Error1:14.81
Phase:train -- Batch_idx:700/782-- 2076.71 samples/sec-- Loss:0.49 -- Error1:14.84
Train_Loss = 0.4949286422634125, Train_Err = 14.908
Val_Loss = 3.050390911102295, Val_Err = 54.4
Epoch: [51 | 100]
Phase:train -- Batch_idx:100/782-- 1854.20 samples/sec-- Loss:0.46 -- Error1:13.70
Phase:train -- Batch_idx:200/782-- 2000.40 samples/sec-- Loss:0.46 -- Error1:13.71
Phase:train -- Batch_idx:300/782-- 2053.70 samples/sec-- Loss:0.46 -- Error1:13.68
Phase:train -- Batch_idx:400/782-- 2081.58 samples/sec-- Loss:0.47 -- Error1:13.99
Phase:train -- Batch_idx:500/782-- 2073.29 samples/sec-- Loss:0.47 -- Error1:14.18
Phase:train -- Batch_idx:600/782-- 2083.38 samples/sec-- Loss:0.48 -- Error1:14.27
Phase:train -- Batch_idx:700/782-- 2082.21 samples/sec-- Loss:0.48 -- Error1:14.29
Train_Loss = 0.47892050614356996, Train_Err = 14.329
Val_Loss = 3.079695233535767, Val_Err = 54.36
Epoch: [52 | 100]
Phase:train -- Batch_idx:100/782-- 1829.29 samples/sec-- Loss:0.45 -- Error1:13.25
Phase:train -- Batch_idx:200/782-- 1994.60 samples/sec-- Loss:0.45 -- Error1:13.74
Phase:train -- Batch_idx:300/782-- 2042.70 samples/sec-- Loss:0.45 -- Error1:13.73
Phase:train -- Batch_idx:400/782-- 2069.34 samples/sec-- Loss:0.46 -- Error1:13.83
Phase:train -- Batch_idx:500/782-- 2090.32 samples/sec-- Loss:0.46 -- Error1:13.91
Phase:train -- Batch_idx:600/782-- 2080.31 samples/sec-- Loss:0.46 -- Error1:14.04
Phase:train -- Batch_idx:700/782-- 2083.87 samples/sec-- Loss:0.47 -- Error1:14.09
Train_Loss = 0.4671768244934082, Train_Err = 14.108
Val_Loss = 3.0585372169494627, Val_Err = 54.03
Epoch: [53 | 100]
Phase:train -- Batch_idx:100/782-- 1812.04 samples/sec-- Loss:0.45 -- Error1:13.77
Phase:train -- Batch_idx:200/782-- 1959.52 samples/sec-- Loss:0.45 -- Error1:13.52
Phase:train -- Batch_idx:300/782-- 2022.75 samples/sec-- Loss:0.45 -- Error1:13.60
Phase:train -- Batch_idx:400/782-- 2058.66 samples/sec-- Loss:0.45 -- Error1:13.70
Phase:train -- Batch_idx:500/782-- 2081.79 samples/sec-- Loss:0.45 -- Error1:13.65
Phase:train -- Batch_idx:600/782-- 2072.39 samples/sec-- Loss:0.46 -- Error1:13.82
Phase:train -- Batch_idx:700/782-- 2080.12 samples/sec-- Loss:0.46 -- Error1:13.94
Train_Loss = 0.4607406171989441, Train_Err = 13.98
Val_Loss = 3.1171151168823243, Val_Err = 54.32
Epoch: [54 | 100]
Phase:train -- Batch_idx:100/782-- 1907.21 samples/sec-- Loss:0.43 -- Error1:12.81
Phase:train -- Batch_idx:200/782-- 2005.13 samples/sec-- Loss:0.44 -- Error1:13.11
Phase:train -- Batch_idx:300/782-- 2055.40 samples/sec-- Loss:0.44 -- Error1:13.27
Phase:train -- Batch_idx:400/782-- 2075.72 samples/sec-- Loss:0.45 -- Error1:13.39
Phase:train -- Batch_idx:500/782-- 2093.90 samples/sec-- Loss:0.45 -- Error1:13.65
Phase:train -- Batch_idx:600/782-- 2076.77 samples/sec-- Loss:0.45 -- Error1:13.64
Phase:train -- Batch_idx:700/782-- 2093.07 samples/sec-- Loss:0.46 -- Error1:13.79
Train_Loss = 0.46029059064865113, Train_Err = 13.887
Val_Loss = 3.1417348266601564, Val_Err = 54.57
Epoch: [55 | 100]
Phase:train -- Batch_idx:100/782-- 1968.51 samples/sec-- Loss:0.43 -- Error1:13.14
Phase:train -- Batch_idx:200/782-- 1995.93 samples/sec-- Loss:0.43 -- Error1:13.14
Phase:train -- Batch_idx:300/782-- 2052.18 samples/sec-- Loss:0.43 -- Error1:13.11
Phase:train -- Batch_idx:400/782-- 2076.95 samples/sec-- Loss:0.44 -- Error1:13.31
Phase:train -- Batch_idx:500/782-- 2097.62 samples/sec-- Loss:0.44 -- Error1:13.41
Phase:train -- Batch_idx:600/782-- 2084.17 samples/sec-- Loss:0.44 -- Error1:13.49
Phase:train -- Batch_idx:700/782-- 2096.54 samples/sec-- Loss:0.44 -- Error1:13.58
Train_Loss = 0.4479220210838318, Train_Err = 13.7
Val_Loss = 3.170799161529541, Val_Err = 54.18
Epoch: [56 | 100]
Phase:train -- Batch_idx:100/782-- 1954.07 samples/sec-- Loss:0.42 -- Error1:12.92
Phase:train -- Batch_idx:200/782-- 1960.92 samples/sec-- Loss:0.42 -- Error1:12.77
Phase:train -- Batch_idx:300/782-- 2025.40 samples/sec-- Loss:0.43 -- Error1:12.91
Phase:train -- Batch_idx:400/782-- 2061.33 samples/sec-- Loss:0.43 -- Error1:12.87
Phase:train -- Batch_idx:500/782-- 2082.96 samples/sec-- Loss:0.43 -- Error1:13.05
Phase:train -- Batch_idx:600/782-- 2078.16 samples/sec-- Loss:0.44 -- Error1:13.18
Phase:train -- Batch_idx:700/782-- 2091.41 samples/sec-- Loss:0.44 -- Error1:13.27
Train_Loss = 0.43929933469772336, Train_Err = 13.287
Val_Loss = 3.1785941162109377, Val_Err = 54.27
Epoch: [57 | 100]
Phase:train -- Batch_idx:100/782-- 1953.24 samples/sec-- Loss:0.41 -- Error1:12.41
Phase:train -- Batch_idx:200/782-- 1999.08 samples/sec-- Loss:0.41 -- Error1:12.35
Phase:train -- Batch_idx:300/782-- 2051.05 samples/sec-- Loss:0.42 -- Error1:12.62
Phase:train -- Batch_idx:400/782-- 2078.20 samples/sec-- Loss:0.42 -- Error1:12.74
Phase:train -- Batch_idx:500/782-- 2097.57 samples/sec-- Loss:0.43 -- Error1:12.98
Phase:train -- Batch_idx:600/782-- 2083.58 samples/sec-- Loss:0.43 -- Error1:13.10
Phase:train -- Batch_idx:700/782-- 2095.19 samples/sec-- Loss:0.43 -- Error1:13.19
Train_Loss = 0.4356052805519104, Train_Err = 13.318
Val_Loss = 3.160256859970093, Val_Err = 54.41
Epoch: [58 | 100]
Phase:train -- Batch_idx:100/782-- 1976.10 samples/sec-- Loss:0.43 -- Error1:12.59
Phase:train -- Batch_idx:200/782-- 2001.84 samples/sec-- Loss:0.42 -- Error1:12.74
Phase:train -- Batch_idx:300/782-- 2051.56 samples/sec-- Loss:0.42 -- Error1:12.74
Phase:train -- Batch_idx:400/782-- 2078.29 samples/sec-- Loss:0.42 -- Error1:12.68
Phase:train -- Batch_idx:500/782-- 2097.85 samples/sec-- Loss:0.42 -- Error1:12.72
Phase:train -- Batch_idx:600/782-- 2090.11 samples/sec-- Loss:0.42 -- Error1:12.87
Phase:train -- Batch_idx:700/782-- 2101.28 samples/sec-- Loss:0.43 -- Error1:13.01
Train_Loss = 0.4286903469848633, Train_Err = 13.042
Val_Loss = 3.172285438537598, Val_Err = 54.3
Epoch: [59 | 100]
Phase:train -- Batch_idx:100/782-- 1933.08 samples/sec-- Loss:0.40 -- Error1:11.73
Phase:train -- Batch_idx:200/782-- 1970.32 samples/sec-- Loss:0.40 -- Error1:11.87
Phase:train -- Batch_idx:300/782-- 2031.28 samples/sec-- Loss:0.40 -- Error1:12.00
Phase:train -- Batch_idx:400/782-- 2061.43 samples/sec-- Loss:0.41 -- Error1:12.31
Phase:train -- Batch_idx:500/782-- 2079.13 samples/sec-- Loss:0.41 -- Error1:12.51
Phase:train -- Batch_idx:600/782-- 2065.37 samples/sec-- Loss:0.42 -- Error1:12.67
Phase:train -- Batch_idx:700/782-- 2078.11 samples/sec-- Loss:0.42 -- Error1:12.74
Train_Loss = 0.42014194502830504, Train_Err = 12.82
Val_Loss = 3.2011981559753417, Val_Err = 54.65
Epoch: [60 | 100]
Phase:train -- Batch_idx:100/782-- 1970.62 samples/sec-- Loss:0.38 -- Error1:11.52
Phase:train -- Batch_idx:200/782-- 2018.82 samples/sec-- Loss:0.38 -- Error1:11.46
Phase:train -- Batch_idx:300/782-- 2056.19 samples/sec-- Loss:0.37 -- Error1:11.45
Phase:train -- Batch_idx:400/782-- 2080.35 samples/sec-- Loss:0.38 -- Error1:11.52
Phase:train -- Batch_idx:500/782-- 2093.34 samples/sec-- Loss:0.38 -- Error1:11.57
Phase:train -- Batch_idx:600/782-- 2079.20 samples/sec-- Loss:0.38 -- Error1:11.42
Phase:train -- Batch_idx:700/782-- 2089.64 samples/sec-- Loss:0.37 -- Error1:11.35
Train_Loss = 0.37420640125274657, Train_Err = 11.349
Val_Loss = 3.1904953971862793, Val_Err = 54.35
Epoch: [61 | 100]
Phase:train -- Batch_idx:100/782-- 1958.87 samples/sec-- Loss:0.37 -- Error1:11.05
Phase:train -- Batch_idx:200/782-- 2008.45 samples/sec-- Loss:0.37 -- Error1:10.94
Phase:train -- Batch_idx:300/782-- 2058.13 samples/sec-- Loss:0.36 -- Error1:10.82
Phase:train -- Batch_idx:400/782-- 2087.14 samples/sec-- Loss:0.36 -- Error1:10.82
Phase:train -- Batch_idx:500/782-- 2100.44 samples/sec-- Loss:0.36 -- Error1:10.78
Phase:train -- Batch_idx:600/782-- 2083.94 samples/sec-- Loss:0.36 -- Error1:10.74
Phase:train -- Batch_idx:700/782-- 2097.02 samples/sec-- Loss:0.36 -- Error1:10.79
Train_Loss = 0.35999223651885986, Train_Err = 10.804
Val_Loss = 3.182883882904053, Val_Err = 54.15
Epoch: [62 | 100]
Phase:train -- Batch_idx:100/782-- 1965.33 samples/sec-- Loss:0.36 -- Error1:10.15
Phase:train -- Batch_idx:200/782-- 2035.75 samples/sec-- Loss:0.36 -- Error1:10.55
Phase:train -- Batch_idx:300/782-- 2038.16 samples/sec-- Loss:0.36 -- Error1:10.58
Phase:train -- Batch_idx:400/782-- 2066.70 samples/sec-- Loss:0.35 -- Error1:10.60
Phase:train -- Batch_idx:500/782-- 2088.42 samples/sec-- Loss:0.36 -- Error1:10.71
Phase:train -- Batch_idx:600/782-- 2070.30 samples/sec-- Loss:0.36 -- Error1:10.77
Phase:train -- Batch_idx:700/782-- 2085.32 samples/sec-- Loss:0.36 -- Error1:10.78
Train_Loss = 0.35601796787261963, Train_Err = 10.748
Val_Loss = 3.1826528366088866, Val_Err = 54.29
Epoch: [63 | 100]
Phase:train -- Batch_idx:100/782-- 1941.13 samples/sec-- Loss:0.35 -- Error1:10.57
Phase:train -- Batch_idx:200/782-- 2045.80 samples/sec-- Loss:0.35 -- Error1:10.35
Phase:train -- Batch_idx:300/782-- 2031.10 samples/sec-- Loss:0.34 -- Error1:10.25
Phase:train -- Batch_idx:400/782-- 2059.60 samples/sec-- Loss:0.34 -- Error1:10.24
Phase:train -- Batch_idx:500/782-- 2078.69 samples/sec-- Loss:0.35 -- Error1:10.36
Phase:train -- Batch_idx:600/782-- 2072.69 samples/sec-- Loss:0.34 -- Error1:10.31
Phase:train -- Batch_idx:700/782-- 2086.49 samples/sec-- Loss:0.34 -- Error1:10.32
Train_Loss = 0.34431875551223756, Train_Err = 10.349
Val_Loss = 3.19970576171875, Val_Err = 54.01
Epoch: [64 | 100]
Phase:train -- Batch_idx:100/782-- 1945.32 samples/sec-- Loss:0.35 -- Error1:10.45
Phase:train -- Batch_idx:200/782-- 2049.53 samples/sec-- Loss:0.34 -- Error1:10.10
Phase:train -- Batch_idx:300/782-- 2028.62 samples/sec-- Loss:0.34 -- Error1:10.28
Phase:train -- Batch_idx:400/782-- 2063.02 samples/sec-- Loss:0.35 -- Error1:10.35
Phase:train -- Batch_idx:500/782-- 2083.67 samples/sec-- Loss:0.35 -- Error1:10.47
Phase:train -- Batch_idx:600/782-- 2073.14 samples/sec-- Loss:0.35 -- Error1:10.45
Phase:train -- Batch_idx:700/782-- 2084.81 samples/sec-- Loss:0.35 -- Error1:10.47
Train_Loss = 0.34600069055557253, Train_Err = 10.467
Val_Loss = 3.174681967926025, Val_Err = 54.1
Epoch: [65 | 100]
Phase:train -- Batch_idx:100/782-- 1896.76 samples/sec-- Loss:0.34 -- Error1:10.37
Phase:train -- Batch_idx:200/782-- 2026.57 samples/sec-- Loss:0.33 -- Error1:10.20
Phase:train -- Batch_idx:300/782-- 2019.60 samples/sec-- Loss:0.34 -- Error1:10.27
Phase:train -- Batch_idx:400/782-- 2057.20 samples/sec-- Loss:0.34 -- Error1:10.33
Phase:train -- Batch_idx:500/782-- 2079.18 samples/sec-- Loss:0.34 -- Error1:10.33
Phase:train -- Batch_idx:600/782-- 2075.99 samples/sec-- Loss:0.34 -- Error1:10.36
Phase:train -- Batch_idx:700/782-- 2089.54 samples/sec-- Loss:0.34 -- Error1:10.38
Train_Loss = 0.34216470225334167, Train_Err = 10.345
Val_Loss = 3.198683427429199, Val_Err = 53.92
Epoch: [66 | 100]
Phase:train -- Batch_idx:100/782-- 1856.29 samples/sec-- Loss:0.35 -- Error1:10.55
Phase:train -- Batch_idx:200/782-- 2002.98 samples/sec-- Loss:0.34 -- Error1:10.33
Phase:train -- Batch_idx:300/782-- 1996.18 samples/sec-- Loss:0.34 -- Error1:10.31
Phase:train -- Batch_idx:400/782-- 2031.12 samples/sec-- Loss:0.34 -- Error1:10.38
Phase:train -- Batch_idx:500/782-- 2056.90 samples/sec-- Loss:0.34 -- Error1:10.29
Phase:train -- Batch_idx:600/782-- 2054.73 samples/sec-- Loss:0.34 -- Error1:10.34
Phase:train -- Batch_idx:700/782-- 2068.83 samples/sec-- Loss:0.34 -- Error1:10.29
Train_Loss = 0.33869489532470703, Train_Err = 10.275
Val_Loss = 3.20965659866333, Val_Err = 54.05
Epoch: [67 | 100]
Phase:train -- Batch_idx:100/782-- 1828.28 samples/sec-- Loss:0.34 -- Error1:10.20
Phase:train -- Batch_idx:200/782-- 1995.43 samples/sec-- Loss:0.34 -- Error1:10.13
Phase:train -- Batch_idx:300/782-- 2013.09 samples/sec-- Loss:0.34 -- Error1:10.09
Phase:train -- Batch_idx:400/782-- 2047.25 samples/sec-- Loss:0.33 -- Error1:10.00
Phase:train -- Batch_idx:500/782-- 2067.36 samples/sec-- Loss:0.33 -- Error1:10.07
Phase:train -- Batch_idx:600/782-- 2056.83 samples/sec-- Loss:0.33 -- Error1:10.06
Phase:train -- Batch_idx:700/782-- 2070.97 samples/sec-- Loss:0.33 -- Error1:10.05
Train_Loss = 0.33455432042121885, Train_Err = 10.074
Val_Loss = 3.1999498153686523, Val_Err = 53.66
Epoch: [68 | 100]
Phase:train -- Batch_idx:100/782-- 1834.49 samples/sec-- Loss:0.33 -- Error1:9.98
Phase:train -- Batch_idx:200/782-- 1989.99 samples/sec-- Loss:0.33 -- Error1:10.10
Phase:train -- Batch_idx:300/782-- 2008.99 samples/sec-- Loss:0.33 -- Error1:10.04
Phase:train -- Batch_idx:400/782-- 2045.59 samples/sec-- Loss:0.33 -- Error1:9.96
Phase:train -- Batch_idx:500/782-- 2068.46 samples/sec-- Loss:0.33 -- Error1:10.00
Phase:train -- Batch_idx:600/782-- 2058.23 samples/sec-- Loss:0.33 -- Error1:10.03
Phase:train -- Batch_idx:700/782-- 2072.49 samples/sec-- Loss:0.33 -- Error1:10.06
Train_Loss = 0.33209210273742673, Train_Err = 10.062
Val_Loss = 3.201362306976318, Val_Err = 53.97
Epoch: [69 | 100]
Phase:train -- Batch_idx:100/782-- 1889.14 samples/sec-- Loss:0.31 -- Error1:9.41
Phase:train -- Batch_idx:200/782-- 2019.23 samples/sec-- Loss:0.32 -- Error1:9.58
Phase:train -- Batch_idx:300/782-- 1998.80 samples/sec-- Loss:0.32 -- Error1:9.67
Phase:train -- Batch_idx:400/782-- 2035.88 samples/sec-- Loss:0.33 -- Error1:9.88
Phase:train -- Batch_idx:500/782-- 2062.48 samples/sec-- Loss:0.33 -- Error1:9.84
Phase:train -- Batch_idx:600/782-- 2063.52 samples/sec-- Loss:0.33 -- Error1:9.94
Phase:train -- Batch_idx:700/782-- 2073.20 samples/sec-- Loss:0.33 -- Error1:9.92
Train_Loss = 0.3298653245258331, Train_Err = 9.932
Val_Loss = 3.210318547821045, Val_Err = 53.83
Epoch: [70 | 100]
Phase:train -- Batch_idx:100/782-- 1833.71 samples/sec-- Loss:0.32 -- Error1:9.74
Phase:train -- Batch_idx:200/782-- 1988.52 samples/sec-- Loss:0.32 -- Error1:9.79
Phase:train -- Batch_idx:300/782-- 2009.28 samples/sec-- Loss:0.33 -- Error1:9.96
Phase:train -- Batch_idx:400/782-- 2034.03 samples/sec-- Loss:0.33 -- Error1:9.99
Phase:train -- Batch_idx:500/782-- 2058.63 samples/sec-- Loss:0.33 -- Error1:10.00
Phase:train -- Batch_idx:600/782-- 2057.81 samples/sec-- Loss:0.33 -- Error1:9.96
Phase:train -- Batch_idx:700/782-- 2091.56 samples/sec-- Loss:0.33 -- Error1:9.99
Train_Loss = 0.33110332989692687, Train_Err = 9.99
Val_Loss = 3.221191142272949, Val_Err = 53.92
Epoch: [71 | 100]
Phase:train -- Batch_idx:100/782-- 1791.30 samples/sec-- Loss:0.33 -- Error1:9.88
Phase:train -- Batch_idx:200/782-- 1954.44 samples/sec-- Loss:0.33 -- Error1:9.65
Phase:train -- Batch_idx:300/782-- 1993.19 samples/sec-- Loss:0.33 -- Error1:9.72
Phase:train -- Batch_idx:400/782-- 2021.86 samples/sec-- Loss:0.32 -- Error1:9.70
Phase:train -- Batch_idx:500/782-- 2051.83 samples/sec-- Loss:0.32 -- Error1:9.68
Phase:train -- Batch_idx:600/782-- 2071.64 samples/sec-- Loss:0.33 -- Error1:9.76
Phase:train -- Batch_idx:700/782-- 2085.40 samples/sec-- Loss:0.33 -- Error1:9.79
Train_Loss = 0.32596506126403807, Train_Err = 9.802
Val_Loss = 3.2432185508728026, Val_Err = 53.91
Epoch: [72 | 100]
Phase:train -- Batch_idx:100/782-- 1839.32 samples/sec-- Loss:0.32 -- Error1:9.70
Phase:train -- Batch_idx:200/782-- 1995.40 samples/sec-- Loss:0.33 -- Error1:9.89
Phase:train -- Batch_idx:300/782-- 2054.43 samples/sec-- Loss:0.32 -- Error1:9.74
Phase:train -- Batch_idx:400/782-- 2048.98 samples/sec-- Loss:0.32 -- Error1:9.83
Phase:train -- Batch_idx:500/782-- 2072.62 samples/sec-- Loss:0.33 -- Error1:9.88
Phase:train -- Batch_idx:600/782-- 2085.83 samples/sec-- Loss:0.33 -- Error1:9.90
Phase:train -- Batch_idx:700/782-- 2097.17 samples/sec-- Loss:0.32 -- Error1:9.87
Train_Loss = 0.3249034238624573, Train_Err = 9.867
Val_Loss = 3.235865323638916, Val_Err = 53.91
Epoch: [73 | 100]
Phase:train -- Batch_idx:100/782-- 1804.99 samples/sec-- Loss:0.32 -- Error1:9.47
Phase:train -- Batch_idx:200/782-- 1972.25 samples/sec-- Loss:0.32 -- Error1:9.38
Phase:train -- Batch_idx:300/782-- 2036.90 samples/sec-- Loss:0.32 -- Error1:9.62
Phase:train -- Batch_idx:400/782-- 2035.56 samples/sec-- Loss:0.32 -- Error1:9.64
Phase:train -- Batch_idx:500/782-- 2060.37 samples/sec-- Loss:0.32 -- Error1:9.71
Phase:train -- Batch_idx:600/782-- 2076.85 samples/sec-- Loss:0.32 -- Error1:9.69
Phase:train -- Batch_idx:700/782-- 2091.18 samples/sec-- Loss:0.32 -- Error1:9.69
Train_Loss = 0.3222496615886688, Train_Err = 9.759
Val_Loss = 3.2125235069274902, Val_Err = 53.83
Epoch: [74 | 100]
Phase:train -- Batch_idx:100/782-- 1786.21 samples/sec-- Loss:0.33 -- Error1:9.58
Phase:train -- Batch_idx:200/782-- 1953.76 samples/sec-- Loss:0.32 -- Error1:9.60
Phase:train -- Batch_idx:300/782-- 2022.78 samples/sec-- Loss:0.32 -- Error1:9.69
Phase:train -- Batch_idx:400/782-- 2023.53 samples/sec-- Loss:0.32 -- Error1:9.73
Phase:train -- Batch_idx:500/782-- 2047.71 samples/sec-- Loss:0.32 -- Error1:9.67
Phase:train -- Batch_idx:600/782-- 2067.97 samples/sec-- Loss:0.32 -- Error1:9.62
Phase:train -- Batch_idx:700/782-- 2082.67 samples/sec-- Loss:0.32 -- Error1:9.70
Train_Loss = 0.32481760296821593, Train_Err = 9.791
Val_Loss = 3.2431686740875243, Val_Err = 54.02
Epoch: [75 | 100]
Phase:train -- Batch_idx:100/782-- 1803.27 samples/sec-- Loss:0.31 -- Error1:9.26
Phase:train -- Batch_idx:200/782-- 1950.44 samples/sec-- Loss:0.32 -- Error1:9.74
Phase:train -- Batch_idx:300/782-- 2016.66 samples/sec-- Loss:0.32 -- Error1:9.74
Phase:train -- Batch_idx:400/782-- 2018.77 samples/sec-- Loss:0.32 -- Error1:9.61
Phase:train -- Batch_idx:500/782-- 2044.84 samples/sec-- Loss:0.32 -- Error1:9.61
Phase:train -- Batch_idx:600/782-- 2063.21 samples/sec-- Loss:0.32 -- Error1:9.63
Phase:train -- Batch_idx:700/782-- 2076.61 samples/sec-- Loss:0.32 -- Error1:9.70
Train_Loss = 0.3192243142700195, Train_Err = 9.652
Val_Loss = 3.2128936435699464, Val_Err = 53.84
Epoch: [76 | 100]
Phase:train -- Batch_idx:100/782-- 1836.61 samples/sec-- Loss:0.32 -- Error1:9.65
Phase:train -- Batch_idx:200/782-- 1935.65 samples/sec-- Loss:0.32 -- Error1:9.73
Phase:train -- Batch_idx:300/782-- 2003.87 samples/sec-- Loss:0.32 -- Error1:9.73
Phase:train -- Batch_idx:400/782-- 2010.41 samples/sec-- Loss:0.32 -- Error1:9.68
Phase:train -- Batch_idx:500/782-- 2036.97 samples/sec-- Loss:0.32 -- Error1:9.69
Phase:train -- Batch_idx:600/782-- 2055.68 samples/sec-- Loss:0.32 -- Error1:9.63
Phase:train -- Batch_idx:700/782-- 2070.28 samples/sec-- Loss:0.32 -- Error1:9.62
Train_Loss = 0.3194292841053009, Train_Err = 9.657
Val_Loss = 3.238006191253662, Val_Err = 53.91
Epoch: [77 | 100]
Phase:train -- Batch_idx:100/782-- 1875.97 samples/sec-- Loss:0.32 -- Error1:9.97
Phase:train -- Batch_idx:200/782-- 1928.92 samples/sec-- Loss:0.32 -- Error1:9.98
Phase:train -- Batch_idx:300/782-- 2001.64 samples/sec-- Loss:0.32 -- Error1:9.79
Phase:train -- Batch_idx:400/782-- 2017.38 samples/sec-- Loss:0.32 -- Error1:9.74
Phase:train -- Batch_idx:500/782-- 2040.93 samples/sec-- Loss:0.32 -- Error1:9.67
Phase:train -- Batch_idx:600/782-- 2060.43 samples/sec-- Loss:0.32 -- Error1:9.67
Phase:train -- Batch_idx:700/782-- 2072.12 samples/sec-- Loss:0.32 -- Error1:9.67
Train_Loss = 0.318882797870636, Train_Err = 9.66
Val_Loss = 3.2554195426940917, Val_Err = 54.07
Epoch: [78 | 100]
Phase:train -- Batch_idx:100/782-- 1852.60 samples/sec-- Loss:0.31 -- Error1:9.38
Phase:train -- Batch_idx:200/782-- 1927.02 samples/sec-- Loss:0.32 -- Error1:9.52
Phase:train -- Batch_idx:300/782-- 2001.98 samples/sec-- Loss:0.32 -- Error1:9.56
Phase:train -- Batch_idx:400/782-- 2016.64 samples/sec-- Loss:0.32 -- Error1:9.53
Phase:train -- Batch_idx:500/782-- 2029.85 samples/sec-- Loss:0.32 -- Error1:9.58
Phase:train -- Batch_idx:600/782-- 2051.09 samples/sec-- Loss:0.32 -- Error1:9.61
Phase:train -- Batch_idx:700/782-- 2066.84 samples/sec-- Loss:0.32 -- Error1:9.65
Train_Loss = 0.3188016284942627, Train_Err = 9.681
Val_Loss = 3.241708016586304, Val_Err = 54.1
Epoch: [79 | 100]
Phase:train -- Batch_idx:100/782-- 1888.95 samples/sec-- Loss:0.32 -- Error1:10.02
Phase:train -- Batch_idx:200/782-- 1942.28 samples/sec-- Loss:0.32 -- Error1:9.77
Phase:train -- Batch_idx:300/782-- 2016.01 samples/sec-- Loss:0.31 -- Error1:9.51
Phase:train -- Batch_idx:400/782-- 2047.67 samples/sec-- Loss:0.31 -- Error1:9.47
Phase:train -- Batch_idx:500/782-- 2040.43 samples/sec-- Loss:0.31 -- Error1:9.45
Phase:train -- Batch_idx:600/782-- 2060.96 samples/sec-- Loss:0.31 -- Error1:9.49
Phase:train -- Batch_idx:700/782-- 2076.36 samples/sec-- Loss:0.31 -- Error1:9.46
Train_Loss = 0.3151437299156189, Train_Err = 9.533
Val_Loss = 3.260955265426636, Val_Err = 54.29
Epoch: [80 | 100]
Phase:train -- Batch_idx:100/782-- 1894.80 samples/sec-- Loss:0.31 -- Error1:9.67
Phase:train -- Batch_idx:200/782-- 1925.11 samples/sec-- Loss:0.32 -- Error1:9.62
Phase:train -- Batch_idx:300/782-- 2001.29 samples/sec-- Loss:0.32 -- Error1:9.64
Phase:train -- Batch_idx:400/782-- 2042.67 samples/sec-- Loss:0.32 -- Error1:9.58
Phase:train -- Batch_idx:500/782-- 2031.03 samples/sec-- Loss:0.31 -- Error1:9.54
Phase:train -- Batch_idx:600/782-- 2055.57 samples/sec-- Loss:0.31 -- Error1:9.55
Phase:train -- Batch_idx:700/782-- 2068.39 samples/sec-- Loss:0.31 -- Error1:9.55
Train_Loss = 0.3140190720653534, Train_Err = 9.553
Val_Loss = 3.241202069854736, Val_Err = 53.73
Epoch: [81 | 100]
Phase:train -- Batch_idx:100/782-- 1887.50 samples/sec-- Loss:0.30 -- Error1:8.88
Phase:train -- Batch_idx:200/782-- 1926.72 samples/sec-- Loss:0.30 -- Error1:9.25
Phase:train -- Batch_idx:300/782-- 1998.41 samples/sec-- Loss:0.31 -- Error1:9.34
Phase:train -- Batch_idx:400/782-- 2038.17 samples/sec-- Loss:0.31 -- Error1:9.37
Phase:train -- Batch_idx:500/782-- 2045.69 samples/sec-- Loss:0.31 -- Error1:9.52
Phase:train -- Batch_idx:600/782-- 2065.36 samples/sec-- Loss:0.31 -- Error1:9.55
Phase:train -- Batch_idx:700/782-- 2081.79 samples/sec-- Loss:0.31 -- Error1:9.50
Train_Loss = 0.31351675607681273, Train_Err = 9.534
Val_Loss = 3.2397533351898193, Val_Err = 54.06
Epoch: [82 | 100]
Phase:train -- Batch_idx:100/782-- 2000.92 samples/sec-- Loss:0.32 -- Error1:9.52
Phase:train -- Batch_idx:200/782-- 1936.81 samples/sec-- Loss:0.31 -- Error1:9.46
Phase:train -- Batch_idx:300/782-- 2007.11 samples/sec-- Loss:0.31 -- Error1:9.54
Phase:train -- Batch_idx:400/782-- 2044.12 samples/sec-- Loss:0.31 -- Error1:9.48
Phase:train -- Batch_idx:500/782-- 2039.66 samples/sec-- Loss:0.31 -- Error1:9.48
Phase:train -- Batch_idx:600/782-- 2058.99 samples/sec-- Loss:0.31 -- Error1:9.43
Phase:train -- Batch_idx:700/782-- 2071.89 samples/sec-- Loss:0.31 -- Error1:9.45
Train_Loss = 0.31108613082885744, Train_Err = 9.439
Val_Loss = 3.2542504459381103, Val_Err = 53.98
Epoch: [83 | 100]
Phase:train -- Batch_idx:100/782-- 1938.68 samples/sec-- Loss:0.31 -- Error1:9.09
Phase:train -- Batch_idx:200/782-- 1923.15 samples/sec-- Loss:0.31 -- Error1:9.32
Phase:train -- Batch_idx:300/782-- 1994.94 samples/sec-- Loss:0.31 -- Error1:9.40
Phase:train -- Batch_idx:400/782-- 2035.52 samples/sec-- Loss:0.31 -- Error1:9.41
Phase:train -- Batch_idx:500/782-- 2032.50 samples/sec-- Loss:0.31 -- Error1:9.43
Phase:train -- Batch_idx:600/782-- 2052.86 samples/sec-- Loss:0.31 -- Error1:9.45
Phase:train -- Batch_idx:700/782-- 2067.48 samples/sec-- Loss:0.31 -- Error1:9.45
Train_Loss = 0.311436433429718, Train_Err = 9.472
Val_Loss = 3.2747364120483398, Val_Err = 53.97
Epoch: [84 | 100]
Phase:train -- Batch_idx:100/782-- 1948.95 samples/sec-- Loss:0.31 -- Error1:9.49
Phase:train -- Batch_idx:200/782-- 1945.17 samples/sec-- Loss:0.31 -- Error1:9.36
Phase:train -- Batch_idx:300/782-- 2013.27 samples/sec-- Loss:0.31 -- Error1:9.41
Phase:train -- Batch_idx:400/782-- 2052.32 samples/sec-- Loss:0.31 -- Error1:9.31
Phase:train -- Batch_idx:500/782-- 2045.07 samples/sec-- Loss:0.31 -- Error1:9.24
Phase:train -- Batch_idx:600/782-- 2061.28 samples/sec-- Loss:0.31 -- Error1:9.21
Phase:train -- Batch_idx:700/782-- 2072.23 samples/sec-- Loss:0.31 -- Error1:9.26
Train_Loss = 0.30745935536384583, Train_Err = 9.212
Val_Loss = 3.253193588256836, Val_Err = 53.87
Epoch: [85 | 100]
Phase:train -- Batch_idx:100/782-- 1972.49 samples/sec-- Loss:0.30 -- Error1:9.16
Phase:train -- Batch_idx:200/782-- 1963.55 samples/sec-- Loss:0.30 -- Error1:9.06
Phase:train -- Batch_idx:300/782-- 2022.66 samples/sec-- Loss:0.30 -- Error1:9.13
Phase:train -- Batch_idx:400/782-- 2055.56 samples/sec-- Loss:0.31 -- Error1:9.23
Phase:train -- Batch_idx:500/782-- 2056.70 samples/sec-- Loss:0.31 -- Error1:9.31
Phase:train -- Batch_idx:600/782-- 2071.21 samples/sec-- Loss:0.31 -- Error1:9.28
Phase:train -- Batch_idx:700/782-- 2081.11 samples/sec-- Loss:0.31 -- Error1:9.31
Train_Loss = 0.30548796613693235, Train_Err = 9.27
Val_Loss = 3.2793893600463866, Val_Err = 53.93
Epoch: [86 | 100]
Phase:train -- Batch_idx:100/782-- 1932.16 samples/sec-- Loss:0.30 -- Error1:8.99
Phase:train -- Batch_idx:200/782-- 1933.77 samples/sec-- Loss:0.30 -- Error1:9.16
Phase:train -- Batch_idx:300/782-- 1991.33 samples/sec-- Loss:0.30 -- Error1:9.16
Phase:train -- Batch_idx:400/782-- 2031.21 samples/sec-- Loss:0.30 -- Error1:9.18
Phase:train -- Batch_idx:500/782-- 2039.21 samples/sec-- Loss:0.30 -- Error1:9.26
Phase:train -- Batch_idx:600/782-- 2048.51 samples/sec-- Loss:0.31 -- Error1:9.34
Phase:train -- Batch_idx:700/782-- 2064.95 samples/sec-- Loss:0.31 -- Error1:9.37
Train_Loss = 0.3076740928554535, Train_Err = 9.375
Val_Loss = 3.289194948577881, Val_Err = 53.94
Epoch: [87 | 100]
Phase:train -- Batch_idx:100/782-- 1957.78 samples/sec-- Loss:0.31 -- Error1:9.29
Phase:train -- Batch_idx:200/782-- 1969.33 samples/sec-- Loss:0.30 -- Error1:9.20
Phase:train -- Batch_idx:300/782-- 2026.57 samples/sec-- Loss:0.30 -- Error1:9.15
Phase:train -- Batch_idx:400/782-- 2060.94 samples/sec-- Loss:0.31 -- Error1:9.27
Phase:train -- Batch_idx:500/782-- 2083.00 samples/sec-- Loss:0.31 -- Error1:9.29
Phase:train -- Batch_idx:600/782-- 2068.54 samples/sec-- Loss:0.31 -- Error1:9.36
Phase:train -- Batch_idx:700/782-- 2080.12 samples/sec-- Loss:0.31 -- Error1:9.38
Train_Loss = 0.30769583374023435, Train_Err = 9.375
Val_Loss = 3.2815277656555177, Val_Err = 53.99
Epoch: [88 | 100]
Phase:train -- Batch_idx:100/782-- 1970.36 samples/sec-- Loss:0.30 -- Error1:9.12
Phase:train -- Batch_idx:200/782-- 2021.26 samples/sec-- Loss:0.31 -- Error1:9.40
Phase:train -- Batch_idx:300/782-- 2031.12 samples/sec-- Loss:0.31 -- Error1:9.54
Phase:train -- Batch_idx:400/782-- 2061.05 samples/sec-- Loss:0.31 -- Error1:9.56
Phase:train -- Batch_idx:500/782-- 2081.11 samples/sec-- Loss:0.31 -- Error1:9.42
Phase:train -- Batch_idx:600/782-- 2069.10 samples/sec-- Loss:0.31 -- Error1:9.36
Phase:train -- Batch_idx:700/782-- 2080.58 samples/sec-- Loss:0.31 -- Error1:9.46
Train_Loss = 0.30850410515785215, Train_Err = 9.444
Val_Loss = 3.3000147903442385, Val_Err = 54.02
Epoch: [89 | 100]
Phase:train -- Batch_idx:100/782-- 1958.39 samples/sec-- Loss:0.30 -- Error1:9.30
Phase:train -- Batch_idx:200/782-- 2035.54 samples/sec-- Loss:0.31 -- Error1:9.35
Phase:train -- Batch_idx:300/782-- 2036.16 samples/sec-- Loss:0.30 -- Error1:9.09
Phase:train -- Batch_idx:400/782-- 2070.23 samples/sec-- Loss:0.30 -- Error1:9.10
Phase:train -- Batch_idx:500/782-- 2092.87 samples/sec-- Loss:0.30 -- Error1:9.05
Phase:train -- Batch_idx:600/782-- 2080.47 samples/sec-- Loss:0.30 -- Error1:9.04
Phase:train -- Batch_idx:700/782-- 2092.86 samples/sec-- Loss:0.30 -- Error1:9.12
Train_Loss = 0.30180911584854125, Train_Err = 9.17
Val_Loss = 3.28360210647583, Val_Err = 53.93
Epoch: [90 | 100]
Phase:train -- Batch_idx:100/782-- 1959.10 samples/sec-- Loss:0.30 -- Error1:9.40
Phase:train -- Batch_idx:200/782-- 2066.87 samples/sec-- Loss:0.30 -- Error1:9.32
Phase:train -- Batch_idx:300/782-- 2026.03 samples/sec-- Loss:0.30 -- Error1:9.32
Phase:train -- Batch_idx:400/782-- 2059.58 samples/sec-- Loss:0.30 -- Error1:9.30
Phase:train -- Batch_idx:500/782-- 2076.95 samples/sec-- Loss:0.30 -- Error1:9.23
Phase:train -- Batch_idx:600/782-- 2065.45 samples/sec-- Loss:0.30 -- Error1:9.15
Phase:train -- Batch_idx:700/782-- 2079.23 samples/sec-- Loss:0.30 -- Error1:9.10
Train_Loss = 0.300971072807312, Train_Err = 9.111
Val_Loss = 3.2712046440124514, Val_Err = 53.92
Epoch: [91 | 100]
Phase:train -- Batch_idx:100/782-- 1948.84 samples/sec-- Loss:0.30 -- Error1:9.18
Phase:train -- Batch_idx:200/782-- 2059.82 samples/sec-- Loss:0.30 -- Error1:8.94
Phase:train -- Batch_idx:300/782-- 2017.55 samples/sec-- Loss:0.30 -- Error1:8.87
Phase:train -- Batch_idx:400/782-- 2052.84 samples/sec-- Loss:0.29 -- Error1:8.79
Phase:train -- Batch_idx:500/782-- 2073.69 samples/sec-- Loss:0.30 -- Error1:8.85
Phase:train -- Batch_idx:600/782-- 2073.24 samples/sec-- Loss:0.30 -- Error1:8.94
Phase:train -- Batch_idx:700/782-- 2081.70 samples/sec-- Loss:0.30 -- Error1:8.92
Train_Loss = 0.296581789932251, Train_Err = 8.962
Val_Loss = 3.291059253692627, Val_Err = 53.96
Epoch: [92 | 100]
Phase:train -- Batch_idx:100/782-- 1946.80 samples/sec-- Loss:0.30 -- Error1:8.91
Phase:train -- Batch_idx:200/782-- 2052.47 samples/sec-- Loss:0.30 -- Error1:9.20
Phase:train -- Batch_idx:300/782-- 2006.61 samples/sec-- Loss:0.30 -- Error1:9.03
Phase:train -- Batch_idx:400/782-- 2043.70 samples/sec-- Loss:0.30 -- Error1:9.02
Phase:train -- Batch_idx:500/782-- 2065.67 samples/sec-- Loss:0.30 -- Error1:9.09
Phase:train -- Batch_idx:600/782-- 2056.03 samples/sec-- Loss:0.30 -- Error1:9.09
Phase:train -- Batch_idx:700/782-- 2065.68 samples/sec-- Loss:0.30 -- Error1:9.10
Train_Loss = 0.30055619188308713, Train_Err = 9.119
Val_Loss = 3.293541195678711, Val_Err = 53.89
Epoch: [93 | 100]
Phase:train -- Batch_idx:100/782-- 1965.98 samples/sec-- Loss:0.29 -- Error1:9.09
Phase:train -- Batch_idx:200/782-- 2065.18 samples/sec-- Loss:0.29 -- Error1:8.92
Phase:train -- Batch_idx:300/782-- 2021.53 samples/sec-- Loss:0.29 -- Error1:8.98
Phase:train -- Batch_idx:400/782-- 2058.38 samples/sec-- Loss:0.29 -- Error1:9.02
Phase:train -- Batch_idx:500/782-- 2077.86 samples/sec-- Loss:0.30 -- Error1:9.04
Phase:train -- Batch_idx:600/782-- 2092.02 samples/sec-- Loss:0.30 -- Error1:9.11
Phase:train -- Batch_idx:700/782-- 2077.92 samples/sec-- Loss:0.30 -- Error1:9.10
Train_Loss = 0.29862161405563353, Train_Err = 9.079
Val_Loss = 3.2909505027770996, Val_Err = 53.86
Epoch: [94 | 100]
Phase:train -- Batch_idx:100/782-- 1928.10 samples/sec-- Loss:0.30 -- Error1:9.04
Phase:train -- Batch_idx:200/782-- 2037.40 samples/sec-- Loss:0.30 -- Error1:8.99
Phase:train -- Batch_idx:300/782-- 2008.59 samples/sec-- Loss:0.30 -- Error1:9.03
Phase:train -- Batch_idx:400/782-- 2043.83 samples/sec-- Loss:0.30 -- Error1:8.96
Phase:train -- Batch_idx:500/782-- 2068.73 samples/sec-- Loss:0.30 -- Error1:8.90
Phase:train -- Batch_idx:600/782-- 2085.25 samples/sec-- Loss:0.30 -- Error1:8.98
Phase:train -- Batch_idx:700/782-- 2072.81 samples/sec-- Loss:0.30 -- Error1:9.03
Train_Loss = 0.29880680881500243, Train_Err = 9.075
Val_Loss = 3.2880257904052734, Val_Err = 53.82
Epoch: [95 | 100]
Phase:train -- Batch_idx:100/782-- 1940.16 samples/sec-- Loss:0.31 -- Error1:9.44
Phase:train -- Batch_idx:200/782-- 2045.92 samples/sec-- Loss:0.30 -- Error1:9.32
Phase:train -- Batch_idx:300/782-- 1994.04 samples/sec-- Loss:0.30 -- Error1:9.34
Phase:train -- Batch_idx:400/782-- 2036.32 samples/sec-- Loss:0.30 -- Error1:9.25
Phase:train -- Batch_idx:500/782-- 2060.26 samples/sec-- Loss:0.30 -- Error1:9.11
Phase:train -- Batch_idx:600/782-- 2075.46 samples/sec-- Loss:0.30 -- Error1:9.11
Phase:train -- Batch_idx:700/782-- 2069.41 samples/sec-- Loss:0.30 -- Error1:9.08
Train_Loss = 0.3008596995639801, Train_Err = 9.133
Val_Loss = 3.2848471969604494, Val_Err = 53.93
Epoch: [96 | 100]
Phase:train -- Batch_idx:100/782-- 1969.81 samples/sec-- Loss:0.29 -- Error1:8.59
Phase:train -- Batch_idx:200/782-- 2057.03 samples/sec-- Loss:0.29 -- Error1:8.84
Phase:train -- Batch_idx:300/782-- 2004.68 samples/sec-- Loss:0.29 -- Error1:8.91
Phase:train -- Batch_idx:400/782-- 2041.61 samples/sec-- Loss:0.29 -- Error1:8.97
Phase:train -- Batch_idx:500/782-- 2066.08 samples/sec-- Loss:0.29 -- Error1:9.00
Phase:train -- Batch_idx:600/782-- 2082.92 samples/sec-- Loss:0.30 -- Error1:9.04
Phase:train -- Batch_idx:700/782-- 2075.86 samples/sec-- Loss:0.30 -- Error1:9.05
Train_Loss = 0.2937162248706818, Train_Err = 8.949
Val_Loss = 3.2876832542419434, Val_Err = 53.8
Epoch: [97 | 100]
Phase:train -- Batch_idx:100/782-- 1933.85 samples/sec-- Loss:0.31 -- Error1:9.48
Phase:train -- Batch_idx:200/782-- 2047.79 samples/sec-- Loss:0.30 -- Error1:9.12
Phase:train -- Batch_idx:300/782-- 2001.60 samples/sec-- Loss:0.30 -- Error1:9.15
Phase:train -- Batch_idx:400/782-- 2031.07 samples/sec-- Loss:0.30 -- Error1:9.20
Phase:train -- Batch_idx:500/782-- 2055.84 samples/sec-- Loss:0.30 -- Error1:9.11
Phase:train -- Batch_idx:600/782-- 2071.75 samples/sec-- Loss:0.30 -- Error1:9.07
Phase:train -- Batch_idx:700/782-- 2058.70 samples/sec-- Loss:0.30 -- Error1:8.99
Train_Loss = 0.29718872839927674, Train_Err = 9.0
Val_Loss = 3.2926370140075685, Val_Err = 53.61
Epoch: [98 | 100]
Phase:train -- Batch_idx:100/782-- 1944.26 samples/sec-- Loss:0.30 -- Error1:8.98
Phase:train -- Batch_idx:200/782-- 2056.42 samples/sec-- Loss:0.29 -- Error1:8.71
Phase:train -- Batch_idx:300/782-- 2018.13 samples/sec-- Loss:0.29 -- Error1:8.88
Phase:train -- Batch_idx:400/782-- 2041.96 samples/sec-- Loss:0.30 -- Error1:8.93
Phase:train -- Batch_idx:500/782-- 2068.37 samples/sec-- Loss:0.30 -- Error1:8.97
Phase:train -- Batch_idx:600/782-- 2085.62 samples/sec-- Loss:0.30 -- Error1:8.97
Phase:train -- Batch_idx:700/782-- 2079.96 samples/sec-- Loss:0.30 -- Error1:9.02
Train_Loss = 0.30000641471862793, Train_Err = 9.114
Val_Loss = 3.28326658706665, Val_Err = 53.91
Epoch: [99 | 100]
Phase:train -- Batch_idx:100/782-- 1962.06 samples/sec-- Loss:0.30 -- Error1:9.25
Phase:train -- Batch_idx:200/782-- 2051.86 samples/sec-- Loss:0.30 -- Error1:9.19
Phase:train -- Batch_idx:300/782-- 2043.14 samples/sec-- Loss:0.29 -- Error1:9.04
Phase:train -- Batch_idx:400/782-- 2040.73 samples/sec-- Loss:0.30 -- Error1:9.12
Phase:train -- Batch_idx:500/782-- 2066.40 samples/sec-- Loss:0.30 -- Error1:9.03
Phase:train -- Batch_idx:600/782-- 2082.56 samples/sec-- Loss:0.30 -- Error1:8.98
Phase:train -- Batch_idx:700/782-- 2074.48 samples/sec-- Loss:0.30 -- Error1:9.00
Train_Loss = 0.2952370254611969, Train_Err = 8.951
Val_Loss = 3.2851900703430177, Val_Err = 53.84
