Namespace(bs=128, cp_dir='./checkpoints/tinyimagenet/resnet18/sgd/run_ms_0/run1', data_dir='./data/tinyimagenet', dir='.', dtype='tinyimagenet', ep=100, loadckp=False, lr=0.1, milestones=[30, 60, 90], mo=0.9, ms=0, mtype='resnet18', n='tinyimagenet/resnet18/sgd', num_classes=200, print_freq=100, use_cuda=True, wd=0.0001)
Epoch: [0 | 100]
Phase:train -- Batch_idx:100/782-- 2406.36 samples/sec-- Loss:5.31 -- Error1:98.62
Phase:train -- Batch_idx:200/782-- 2858.79 samples/sec-- Loss:5.11 -- Error1:97.71
Phase:train -- Batch_idx:300/782-- 3046.05 samples/sec-- Loss:4.96 -- Error1:96.89
Phase:train -- Batch_idx:400/782-- 3149.18 samples/sec-- Loss:4.84 -- Error1:95.81
Phase:train -- Batch_idx:500/782-- 3216.55 samples/sec-- Loss:4.73 -- Error1:94.84
Phase:train -- Batch_idx:600/782-- 3255.91 samples/sec-- Loss:4.63 -- Error1:93.72
Phase:train -- Batch_idx:700/782-- 3286.00 samples/sec-- Loss:4.53 -- Error1:92.65
Train_Loss = 4.465426467590332, Train_Err = 91.852
Val_Loss = 4.188497878265381, Val_Err = 87.55
Epoch: [1 | 100]
Phase:train -- Batch_idx:100/782-- 2661.26 samples/sec-- Loss:3.75 -- Error1:83.23
Phase:train -- Batch_idx:200/782-- 2850.64 samples/sec-- Loss:3.73 -- Error1:82.64
Phase:train -- Batch_idx:300/782-- 2785.03 samples/sec-- Loss:3.69 -- Error1:82.05
Phase:train -- Batch_idx:400/782-- 2828.63 samples/sec-- Loss:3.67 -- Error1:81.63
Phase:train -- Batch_idx:500/782-- 2871.59 samples/sec-- Loss:3.63 -- Error1:81.20
Phase:train -- Batch_idx:600/782-- 2898.48 samples/sec-- Loss:3.60 -- Error1:80.59
Phase:train -- Batch_idx:700/782-- 2920.02 samples/sec-- Loss:3.58 -- Error1:80.15
Train_Loss = 3.5592603900146482, Train_Err = 79.852
Val_Loss = 3.6063581405639646, Val_Err = 80.13
Epoch: [2 | 100]
Phase:train -- Batch_idx:100/782-- 2629.08 samples/sec-- Loss:3.25 -- Error1:74.54
Phase:train -- Batch_idx:200/782-- 2819.29 samples/sec-- Loss:3.24 -- Error1:74.38
Phase:train -- Batch_idx:300/782-- 2884.11 samples/sec-- Loss:3.23 -- Error1:74.24
Phase:train -- Batch_idx:400/782-- 2928.73 samples/sec-- Loss:3.21 -- Error1:73.90
Phase:train -- Batch_idx:500/782-- 2948.04 samples/sec-- Loss:3.20 -- Error1:73.55
Phase:train -- Batch_idx:600/782-- 2969.56 samples/sec-- Loss:3.18 -- Error1:73.31
Phase:train -- Batch_idx:700/782-- 2925.00 samples/sec-- Loss:3.17 -- Error1:73.14
Train_Loss = 3.1616031929016115, Train_Err = 72.897
Val_Loss = 3.188071489715576, Val_Err = 73.22
Epoch: [3 | 100]
Phase:train -- Batch_idx:100/782-- 2627.72 samples/sec-- Loss:2.92 -- Error1:68.70
Phase:train -- Batch_idx:200/782-- 2805.47 samples/sec-- Loss:2.93 -- Error1:68.75
Phase:train -- Batch_idx:300/782-- 2870.52 samples/sec-- Loss:2.92 -- Error1:68.49
Phase:train -- Batch_idx:400/782-- 2915.57 samples/sec-- Loss:2.92 -- Error1:68.40
Phase:train -- Batch_idx:500/782-- 2940.81 samples/sec-- Loss:2.91 -- Error1:68.34
Phase:train -- Batch_idx:600/782-- 2959.51 samples/sec-- Loss:2.90 -- Error1:68.30
Phase:train -- Batch_idx:700/782-- 2977.32 samples/sec-- Loss:2.90 -- Error1:68.13
Train_Loss = 2.891684518508911, Train_Err = 67.993
Val_Loss = 3.135319090270996, Val_Err = 71.94
Epoch: [4 | 100]
Phase:train -- Batch_idx:100/782-- 2708.51 samples/sec-- Loss:2.63 -- Error1:63.02
Phase:train -- Batch_idx:200/782-- 2863.44 samples/sec-- Loss:2.62 -- Error1:63.21
Phase:train -- Batch_idx:300/782-- 2758.10 samples/sec-- Loss:2.64 -- Error1:63.55
Phase:train -- Batch_idx:400/782-- 2810.63 samples/sec-- Loss:2.66 -- Error1:63.73
Phase:train -- Batch_idx:500/782-- 2861.09 samples/sec-- Loss:2.66 -- Error1:63.76
Phase:train -- Batch_idx:600/782-- 2887.78 samples/sec-- Loss:2.65 -- Error1:63.62
Phase:train -- Batch_idx:700/782-- 2913.20 samples/sec-- Loss:2.65 -- Error1:63.61
Train_Loss = 2.652197119293213, Train_Err = 63.555
Val_Loss = 2.8898015411376954, Val_Err = 66.97
Epoch: [5 | 100]
Phase:train -- Batch_idx:100/782-- 2655.58 samples/sec-- Loss:2.38 -- Error1:58.23
Phase:train -- Batch_idx:200/782-- 2862.87 samples/sec-- Loss:2.38 -- Error1:58.23
Phase:train -- Batch_idx:300/782-- 2912.44 samples/sec-- Loss:2.41 -- Error1:58.86
Phase:train -- Batch_idx:400/782-- 2925.33 samples/sec-- Loss:2.43 -- Error1:59.19
Phase:train -- Batch_idx:500/782-- 2936.56 samples/sec-- Loss:2.44 -- Error1:59.48
Phase:train -- Batch_idx:600/782-- 2953.29 samples/sec-- Loss:2.44 -- Error1:59.49
Phase:train -- Batch_idx:700/782-- 2902.55 samples/sec-- Loss:2.44 -- Error1:59.47
Train_Loss = 2.440305208358765, Train_Err = 59.464
Val_Loss = 2.9227617370605468, Val_Err = 67.18
Epoch: [6 | 100]
Phase:train -- Batch_idx:100/782-- 2623.08 samples/sec-- Loss:2.15 -- Error1:53.41
Phase:train -- Batch_idx:200/782-- 2812.97 samples/sec-- Loss:2.19 -- Error1:54.12
Phase:train -- Batch_idx:300/782-- 2870.38 samples/sec-- Loss:2.21 -- Error1:54.82
Phase:train -- Batch_idx:400/782-- 2908.57 samples/sec-- Loss:2.23 -- Error1:55.20
Phase:train -- Batch_idx:500/782-- 2925.62 samples/sec-- Loss:2.24 -- Error1:55.50
Phase:train -- Batch_idx:600/782-- 2945.31 samples/sec-- Loss:2.25 -- Error1:55.65
Phase:train -- Batch_idx:700/782-- 2950.78 samples/sec-- Loss:2.26 -- Error1:55.74
Train_Loss = 2.258767201461792, Train_Err = 55.771
Val_Loss = 2.780437087249756, Val_Err = 64.49
Epoch: [7 | 100]
Phase:train -- Batch_idx:100/782-- 2679.39 samples/sec-- Loss:1.96 -- Error1:49.61
Phase:train -- Batch_idx:200/782-- 2821.48 samples/sec-- Loss:1.98 -- Error1:49.86
Phase:train -- Batch_idx:300/782-- 2774.60 samples/sec-- Loss:2.01 -- Error1:50.65
Phase:train -- Batch_idx:400/782-- 2846.26 samples/sec-- Loss:2.03 -- Error1:51.21
Phase:train -- Batch_idx:500/782-- 2890.45 samples/sec-- Loss:2.05 -- Error1:51.66
Phase:train -- Batch_idx:600/782-- 2913.11 samples/sec-- Loss:2.07 -- Error1:51.85
Phase:train -- Batch_idx:700/782-- 2936.87 samples/sec-- Loss:2.08 -- Error1:52.15
Train_Loss = 2.0882574130249023, Train_Err = 52.296
Val_Loss = 2.7697798206329347, Val_Err = 64.16
Epoch: [8 | 100]
Phase:train -- Batch_idx:100/782-- 2641.93 samples/sec-- Loss:1.74 -- Error1:44.48
Phase:train -- Batch_idx:200/782-- 2832.79 samples/sec-- Loss:1.79 -- Error1:46.22
Phase:train -- Batch_idx:300/782-- 2909.98 samples/sec-- Loss:1.82 -- Error1:46.72
Phase:train -- Batch_idx:400/782-- 2945.89 samples/sec-- Loss:1.85 -- Error1:47.26
Phase:train -- Batch_idx:500/782-- 2961.76 samples/sec-- Loss:1.87 -- Error1:47.78
Phase:train -- Batch_idx:600/782-- 2973.51 samples/sec-- Loss:1.90 -- Error1:48.30
Phase:train -- Batch_idx:700/782-- 2913.00 samples/sec-- Loss:1.91 -- Error1:48.61
Train_Loss = 1.9193411912536622, Train_Err = 48.797
Val_Loss = 2.8530457401275635, Val_Err = 64.79
Epoch: [9 | 100]
Phase:train -- Batch_idx:100/782-- 2633.82 samples/sec-- Loss:1.57 -- Error1:40.45
Phase:train -- Batch_idx:200/782-- 2831.51 samples/sec-- Loss:1.60 -- Error1:41.74
Phase:train -- Batch_idx:300/782-- 2899.06 samples/sec-- Loss:1.64 -- Error1:42.78
Phase:train -- Batch_idx:400/782-- 2937.78 samples/sec-- Loss:1.68 -- Error1:43.71
Phase:train -- Batch_idx:500/782-- 2961.08 samples/sec-- Loss:1.71 -- Error1:44.34
Phase:train -- Batch_idx:600/782-- 2972.19 samples/sec-- Loss:1.73 -- Error1:44.88
Phase:train -- Batch_idx:700/782-- 2979.84 samples/sec-- Loss:1.76 -- Error1:45.35
Train_Loss = 1.7687736349105836, Train_Err = 45.545
Val_Loss = 2.8004005432128904, Val_Err = 63.56
Epoch: [10 | 100]
Phase:train -- Batch_idx:100/782-- 2716.60 samples/sec-- Loss:1.42 -- Error1:37.53
Phase:train -- Batch_idx:200/782-- 2784.68 samples/sec-- Loss:1.45 -- Error1:38.13
Phase:train -- Batch_idx:300/782-- 2776.45 samples/sec-- Loss:1.49 -- Error1:39.42
Phase:train -- Batch_idx:400/782-- 2846.51 samples/sec-- Loss:1.52 -- Error1:40.27
Phase:train -- Batch_idx:500/782-- 2883.72 samples/sec-- Loss:1.56 -- Error1:40.99
Phase:train -- Batch_idx:600/782-- 2907.52 samples/sec-- Loss:1.58 -- Error1:41.60
Phase:train -- Batch_idx:700/782-- 2939.27 samples/sec-- Loss:1.60 -- Error1:42.20
Train_Loss = 1.6198732907104492, Train_Err = 42.571
Val_Loss = 2.9304436046600344, Val_Err = 64.18
Epoch: [11 | 100]
Phase:train -- Batch_idx:100/782-- 2734.40 samples/sec-- Loss:1.26 -- Error1:33.50
Phase:train -- Batch_idx:200/782-- 2888.80 samples/sec-- Loss:1.29 -- Error1:34.56
Phase:train -- Batch_idx:300/782-- 2949.96 samples/sec-- Loss:1.34 -- Error1:35.75
Phase:train -- Batch_idx:400/782-- 2965.74 samples/sec-- Loss:1.38 -- Error1:36.91
Phase:train -- Batch_idx:500/782-- 2984.25 samples/sec-- Loss:1.42 -- Error1:37.70
Phase:train -- Batch_idx:600/782-- 2999.75 samples/sec-- Loss:1.44 -- Error1:38.38
Phase:train -- Batch_idx:700/782-- 2945.89 samples/sec-- Loss:1.47 -- Error1:38.98
Train_Loss = 1.476689246635437, Train_Err = 39.223
Val_Loss = 3.006052342224121, Val_Err = 63.64
Epoch: [12 | 100]
Phase:train -- Batch_idx:100/782-- 2573.72 samples/sec-- Loss:1.14 -- Error1:30.92
Phase:train -- Batch_idx:200/782-- 2783.04 samples/sec-- Loss:1.16 -- Error1:31.37
Phase:train -- Batch_idx:300/782-- 2874.61 samples/sec-- Loss:1.21 -- Error1:32.71
Phase:train -- Batch_idx:400/782-- 2922.34 samples/sec-- Loss:1.24 -- Error1:33.48
Phase:train -- Batch_idx:500/782-- 2939.08 samples/sec-- Loss:1.27 -- Error1:34.25
Phase:train -- Batch_idx:600/782-- 2961.37 samples/sec-- Loss:1.30 -- Error1:35.11
Phase:train -- Batch_idx:700/782-- 2964.03 samples/sec-- Loss:1.33 -- Error1:35.80
Train_Loss = 1.3480929365539551, Train_Err = 36.21
Val_Loss = 3.0260079544067384, Val_Err = 64.26
Epoch: [13 | 100]
Phase:train -- Batch_idx:100/782-- 2633.47 samples/sec-- Loss:1.03 -- Error1:28.16
Phase:train -- Batch_idx:200/782-- 2751.09 samples/sec-- Loss:1.05 -- Error1:29.07
Phase:train -- Batch_idx:300/782-- 2723.04 samples/sec-- Loss:1.09 -- Error1:29.83
Phase:train -- Batch_idx:400/782-- 2806.83 samples/sec-- Loss:1.12 -- Error1:30.91
Phase:train -- Batch_idx:500/782-- 2857.85 samples/sec-- Loss:1.16 -- Error1:31.82
Phase:train -- Batch_idx:600/782-- 2892.44 samples/sec-- Loss:1.18 -- Error1:32.51
Phase:train -- Batch_idx:700/782-- 2916.73 samples/sec-- Loss:1.21 -- Error1:33.14
Train_Loss = 1.2286278282546996, Train_Err = 33.721
Val_Loss = 3.0994954738616944, Val_Err = 64.45
Epoch: [14 | 100]
Phase:train -- Batch_idx:100/782-- 2654.97 samples/sec-- Loss:0.91 -- Error1:25.12
Phase:train -- Batch_idx:200/782-- 2839.51 samples/sec-- Loss:0.94 -- Error1:26.15
Phase:train -- Batch_idx:300/782-- 2919.64 samples/sec-- Loss:0.98 -- Error1:27.38
Phase:train -- Batch_idx:400/782-- 2945.82 samples/sec-- Loss:1.01 -- Error1:28.09
Phase:train -- Batch_idx:500/782-- 2969.59 samples/sec-- Loss:1.04 -- Error1:29.07
Phase:train -- Batch_idx:600/782-- 2987.37 samples/sec-- Loss:1.07 -- Error1:29.79
Phase:train -- Batch_idx:700/782-- 2920.19 samples/sec-- Loss:1.10 -- Error1:30.59
Train_Loss = 1.1177189678955077, Train_Err = 31.026
Val_Loss = 3.2669343811035154, Val_Err = 65.44
Epoch: [15 | 100]
Phase:train -- Batch_idx:100/782-- 2611.99 samples/sec-- Loss:0.82 -- Error1:22.88
Phase:train -- Batch_idx:200/782-- 2807.50 samples/sec-- Loss:0.82 -- Error1:22.96
Phase:train -- Batch_idx:300/782-- 2896.98 samples/sec-- Loss:0.86 -- Error1:24.22
Phase:train -- Batch_idx:400/782-- 2918.23 samples/sec-- Loss:0.89 -- Error1:25.21
Phase:train -- Batch_idx:500/782-- 2941.37 samples/sec-- Loss:0.93 -- Error1:26.32
Phase:train -- Batch_idx:600/782-- 2957.13 samples/sec-- Loss:0.97 -- Error1:27.21
Phase:train -- Batch_idx:700/782-- 2975.80 samples/sec-- Loss:1.00 -- Error1:28.01
Train_Loss = 1.0170153929519654, Train_Err = 28.621
Val_Loss = 3.1927795288085936, Val_Err = 64.29
Epoch: [16 | 100]
Phase:train -- Batch_idx:100/782-- 2605.56 samples/sec-- Loss:0.73 -- Error1:20.46
Phase:train -- Batch_idx:200/782-- 2835.11 samples/sec-- Loss:0.73 -- Error1:20.59
Phase:train -- Batch_idx:300/782-- 2729.51 samples/sec-- Loss:0.76 -- Error1:21.51
Phase:train -- Batch_idx:400/782-- 2807.46 samples/sec-- Loss:0.80 -- Error1:22.63
Phase:train -- Batch_idx:500/782-- 2858.81 samples/sec-- Loss:0.84 -- Error1:23.70
Phase:train -- Batch_idx:600/782-- 2890.67 samples/sec-- Loss:0.87 -- Error1:24.71
Phase:train -- Batch_idx:700/782-- 2909.25 samples/sec-- Loss:0.90 -- Error1:25.57
Train_Loss = 0.9232688655853272, Train_Err = 26.231
Val_Loss = 3.3150814865112306, Val_Err = 64.28
Epoch: [17 | 100]
Phase:train -- Batch_idx:100/782-- 2534.14 samples/sec-- Loss:0.66 -- Error1:18.52
Phase:train -- Batch_idx:200/782-- 2774.34 samples/sec-- Loss:0.67 -- Error1:18.84
Phase:train -- Batch_idx:300/782-- 2867.04 samples/sec-- Loss:0.70 -- Error1:19.72
Phase:train -- Batch_idx:400/782-- 2894.50 samples/sec-- Loss:0.74 -- Error1:20.96
Phase:train -- Batch_idx:500/782-- 2918.17 samples/sec-- Loss:0.77 -- Error1:22.06
Phase:train -- Batch_idx:600/782-- 2932.47 samples/sec-- Loss:0.80 -- Error1:22.84
Phase:train -- Batch_idx:700/782-- 2882.21 samples/sec-- Loss:0.83 -- Error1:23.67
Train_Loss = 0.8506944150924682, Train_Err = 24.311
Val_Loss = 3.379349217605591, Val_Err = 64.8
Epoch: [18 | 100]
Phase:train -- Batch_idx:100/782-- 2471.62 samples/sec-- Loss:0.63 -- Error1:17.95
Phase:train -- Batch_idx:200/782-- 2730.68 samples/sec-- Loss:0.62 -- Error1:18.04
Phase:train -- Batch_idx:300/782-- 2837.72 samples/sec-- Loss:0.65 -- Error1:18.79
Phase:train -- Batch_idx:400/782-- 2880.07 samples/sec-- Loss:0.68 -- Error1:19.85
Phase:train -- Batch_idx:500/782-- 2917.10 samples/sec-- Loss:0.71 -- Error1:20.53
Phase:train -- Batch_idx:600/782-- 2946.70 samples/sec-- Loss:0.74 -- Error1:21.42
Phase:train -- Batch_idx:700/782-- 2962.67 samples/sec-- Loss:0.77 -- Error1:22.28
Train_Loss = 0.7881572820854187, Train_Err = 22.884
Val_Loss = 3.328864698791504, Val_Err = 64.12
Epoch: [19 | 100]
Phase:train -- Batch_idx:100/782-- 2503.23 samples/sec-- Loss:0.55 -- Error1:15.49
Phase:train -- Batch_idx:200/782-- 2773.85 samples/sec-- Loss:0.56 -- Error1:15.99
Phase:train -- Batch_idx:300/782-- 2685.04 samples/sec-- Loss:0.58 -- Error1:16.75
Phase:train -- Batch_idx:400/782-- 2748.24 samples/sec-- Loss:0.61 -- Error1:17.89
Phase:train -- Batch_idx:500/782-- 2811.33 samples/sec-- Loss:0.65 -- Error1:18.84
Phase:train -- Batch_idx:600/782-- 2847.39 samples/sec-- Loss:0.68 -- Error1:19.94
Phase:train -- Batch_idx:700/782-- 2878.33 samples/sec-- Loss:0.71 -- Error1:20.79
Train_Loss = 0.7330177296066284, Train_Err = 21.454
Val_Loss = 3.5519104484558106, Val_Err = 65.5
Epoch: [20 | 100]
Phase:train -- Batch_idx:100/782-- 2453.23 samples/sec-- Loss:0.54 -- Error1:15.47
Phase:train -- Batch_idx:200/782-- 2721.55 samples/sec-- Loss:0.53 -- Error1:15.46
Phase:train -- Batch_idx:300/782-- 2809.41 samples/sec-- Loss:0.55 -- Error1:16.14
Phase:train -- Batch_idx:400/782-- 2859.22 samples/sec-- Loss:0.58 -- Error1:17.05
Phase:train -- Batch_idx:500/782-- 2890.72 samples/sec-- Loss:0.61 -- Error1:18.00
Phase:train -- Batch_idx:600/782-- 2915.56 samples/sec-- Loss:0.64 -- Error1:18.91
Phase:train -- Batch_idx:700/782-- 2865.84 samples/sec-- Loss:0.67 -- Error1:19.79
Train_Loss = 0.6900971436309814, Train_Err = 20.339
Val_Loss = 3.4951834201812746, Val_Err = 65.05
Epoch: [21 | 100]
Phase:train -- Batch_idx:100/782-- 2548.95 samples/sec-- Loss:0.51 -- Error1:14.86
Phase:train -- Batch_idx:200/782-- 2769.36 samples/sec-- Loss:0.50 -- Error1:14.60
Phase:train -- Batch_idx:300/782-- 2863.67 samples/sec-- Loss:0.52 -- Error1:15.23
Phase:train -- Batch_idx:400/782-- 2903.86 samples/sec-- Loss:0.55 -- Error1:16.04
Phase:train -- Batch_idx:500/782-- 2935.52 samples/sec-- Loss:0.58 -- Error1:16.94
Phase:train -- Batch_idx:600/782-- 2963.51 samples/sec-- Loss:0.61 -- Error1:17.85
Phase:train -- Batch_idx:700/782-- 2973.52 samples/sec-- Loss:0.63 -- Error1:18.52
Train_Loss = 0.6480384194564819, Train_Err = 19.017
Val_Loss = 3.6195250183105467, Val_Err = 65.34
Epoch: [22 | 100]
Phase:train -- Batch_idx:100/782-- 2505.82 samples/sec-- Loss:0.49 -- Error1:14.29
Phase:train -- Batch_idx:200/782-- 2721.84 samples/sec-- Loss:0.48 -- Error1:14.05
Phase:train -- Batch_idx:300/782-- 2670.43 samples/sec-- Loss:0.49 -- Error1:14.55
Phase:train -- Batch_idx:400/782-- 2753.99 samples/sec-- Loss:0.52 -- Error1:15.30
Phase:train -- Batch_idx:500/782-- 2806.57 samples/sec-- Loss:0.55 -- Error1:16.16
Phase:train -- Batch_idx:600/782-- 2852.06 samples/sec-- Loss:0.57 -- Error1:16.97
Phase:train -- Batch_idx:700/782-- 2864.94 samples/sec-- Loss:0.59 -- Error1:17.63
Train_Loss = 0.6126484237098694, Train_Err = 18.127
Val_Loss = 3.6228158561706545, Val_Err = 65.14
Epoch: [23 | 100]
Phase:train -- Batch_idx:100/782-- 2457.12 samples/sec-- Loss:0.47 -- Error1:13.58
Phase:train -- Batch_idx:200/782-- 2731.88 samples/sec-- Loss:0.45 -- Error1:13.29
Phase:train -- Batch_idx:300/782-- 2824.61 samples/sec-- Loss:0.47 -- Error1:13.85
Phase:train -- Batch_idx:400/782-- 2877.31 samples/sec-- Loss:0.49 -- Error1:14.48
Phase:train -- Batch_idx:500/782-- 2904.50 samples/sec-- Loss:0.51 -- Error1:15.25
Phase:train -- Batch_idx:600/782-- 2920.69 samples/sec-- Loss:0.54 -- Error1:16.22
Phase:train -- Batch_idx:700/782-- 2896.47 samples/sec-- Loss:0.57 -- Error1:16.96
Train_Loss = 0.5879546743392944, Train_Err = 17.552
Val_Loss = 3.6780851863861086, Val_Err = 65.17
Epoch: [24 | 100]
Phase:train -- Batch_idx:100/782-- 2570.26 samples/sec-- Loss:0.47 -- Error1:13.91
Phase:train -- Batch_idx:200/782-- 2765.03 samples/sec-- Loss:0.45 -- Error1:13.45
Phase:train -- Batch_idx:300/782-- 2839.81 samples/sec-- Loss:0.46 -- Error1:13.68
Phase:train -- Batch_idx:400/782-- 2891.56 samples/sec-- Loss:0.48 -- Error1:14.37
Phase:train -- Batch_idx:500/782-- 2921.11 samples/sec-- Loss:0.50 -- Error1:14.95
Phase:train -- Batch_idx:600/782-- 2932.60 samples/sec-- Loss:0.53 -- Error1:15.85
Phase:train -- Batch_idx:700/782-- 2953.41 samples/sec-- Loss:0.55 -- Error1:16.54
Train_Loss = 0.5716534696960449, Train_Err = 17.102
Val_Loss = 3.687383659362793, Val_Err = 64.74
Epoch: [25 | 100]
Phase:train -- Batch_idx:100/782-- 2469.04 samples/sec-- Loss:0.44 -- Error1:13.22
Phase:train -- Batch_idx:200/782-- 2629.62 samples/sec-- Loss:0.42 -- Error1:12.70
Phase:train -- Batch_idx:300/782-- 2661.11 samples/sec-- Loss:0.43 -- Error1:13.04
Phase:train -- Batch_idx:400/782-- 2737.09 samples/sec-- Loss:0.45 -- Error1:13.63
Phase:train -- Batch_idx:500/782-- 2779.56 samples/sec-- Loss:0.48 -- Error1:14.41
Phase:train -- Batch_idx:600/782-- 2818.57 samples/sec-- Loss:0.50 -- Error1:15.10
Phase:train -- Batch_idx:700/782-- 2845.35 samples/sec-- Loss:0.53 -- Error1:15.76
Train_Loss = 0.5491902462005616, Train_Err = 16.361
Val_Loss = 3.672382679748535, Val_Err = 65.87
Epoch: [26 | 100]
Phase:train -- Batch_idx:100/782-- 2611.75 samples/sec-- Loss:0.43 -- Error1:12.87
Phase:train -- Batch_idx:200/782-- 2834.28 samples/sec-- Loss:0.42 -- Error1:12.58
Phase:train -- Batch_idx:300/782-- 2881.72 samples/sec-- Loss:0.43 -- Error1:12.91
Phase:train -- Batch_idx:400/782-- 2912.29 samples/sec-- Loss:0.45 -- Error1:13.48
Phase:train -- Batch_idx:500/782-- 2943.71 samples/sec-- Loss:0.47 -- Error1:14.08
Phase:train -- Batch_idx:600/782-- 2935.29 samples/sec-- Loss:0.49 -- Error1:14.53
Phase:train -- Batch_idx:700/782-- 2903.76 samples/sec-- Loss:0.51 -- Error1:15.35
Train_Loss = 0.5336783549976349, Train_Err = 15.927
Val_Loss = 3.678887922668457, Val_Err = 64.8
Epoch: [27 | 100]
Phase:train -- Batch_idx:100/782-- 2670.15 samples/sec-- Loss:0.40 -- Error1:11.76
Phase:train -- Batch_idx:200/782-- 2854.28 samples/sec-- Loss:0.40 -- Error1:11.84
Phase:train -- Batch_idx:300/782-- 2907.61 samples/sec-- Loss:0.41 -- Error1:12.27
Phase:train -- Batch_idx:400/782-- 2950.42 samples/sec-- Loss:0.44 -- Error1:13.03
Phase:train -- Batch_idx:500/782-- 2956.08 samples/sec-- Loss:0.46 -- Error1:13.72
Phase:train -- Batch_idx:600/782-- 2974.90 samples/sec-- Loss:0.49 -- Error1:14.59
Phase:train -- Batch_idx:700/782-- 2982.82 samples/sec-- Loss:0.51 -- Error1:15.32
Train_Loss = 0.531085897731781, Train_Err = 15.887
Val_Loss = 3.6912236850738527, Val_Err = 66.17
Epoch: [28 | 100]
Phase:train -- Batch_idx:100/782-- 2572.61 samples/sec-- Loss:0.41 -- Error1:11.95
Phase:train -- Batch_idx:200/782-- 2684.72 samples/sec-- Loss:0.41 -- Error1:12.06
Phase:train -- Batch_idx:300/782-- 2729.60 samples/sec-- Loss:0.42 -- Error1:12.52
Phase:train -- Batch_idx:400/782-- 2777.55 samples/sec-- Loss:0.43 -- Error1:12.87
Phase:train -- Batch_idx:500/782-- 2833.63 samples/sec-- Loss:0.45 -- Error1:13.67
Phase:train -- Batch_idx:600/782-- 2868.00 samples/sec-- Loss:0.47 -- Error1:14.23
Phase:train -- Batch_idx:700/782-- 2885.01 samples/sec-- Loss:0.49 -- Error1:14.84
Train_Loss = 0.5079913959503174, Train_Err = 15.328
Val_Loss = 3.874708030700684, Val_Err = 65.8
Epoch: [29 | 100]
Phase:train -- Batch_idx:100/782-- 2536.33 samples/sec-- Loss:0.41 -- Error1:12.19
Phase:train -- Batch_idx:200/782-- 2765.79 samples/sec-- Loss:0.40 -- Error1:11.98
Phase:train -- Batch_idx:300/782-- 2857.02 samples/sec-- Loss:0.40 -- Error1:12.12
Phase:train -- Batch_idx:400/782-- 2889.81 samples/sec-- Loss:0.42 -- Error1:12.53
Phase:train -- Batch_idx:500/782-- 2924.86 samples/sec-- Loss:0.44 -- Error1:13.24
Phase:train -- Batch_idx:600/782-- 2887.67 samples/sec-- Loss:0.47 -- Error1:13.93
Phase:train -- Batch_idx:700/782-- 2874.32 samples/sec-- Loss:0.49 -- Error1:14.58
Train_Loss = 0.505059550189972, Train_Err = 15.071
Val_Loss = 3.8148614883422853, Val_Err = 64.66
Epoch: [30 | 100]
Phase:train -- Batch_idx:100/782-- 2624.93 samples/sec-- Loss:0.30 -- Error1:8.82
Phase:train -- Batch_idx:200/782-- 2813.17 samples/sec-- Loss:0.26 -- Error1:7.38
Phase:train -- Batch_idx:300/782-- 2873.30 samples/sec-- Loss:0.23 -- Error1:6.50
Phase:train -- Batch_idx:400/782-- 2909.28 samples/sec-- Loss:0.21 -- Error1:5.87
Phase:train -- Batch_idx:500/782-- 2933.02 samples/sec-- Loss:0.20 -- Error1:5.40
Phase:train -- Batch_idx:600/782-- 2949.46 samples/sec-- Loss:0.19 -- Error1:5.04
Phase:train -- Batch_idx:700/782-- 2957.99 samples/sec-- Loss:0.18 -- Error1:4.74
Train_Loss = 0.17305421455383302, Train_Err = 4.527
Val_Loss = 3.3669987609863283, Val_Err = 59.75
Epoch: [31 | 100]
Phase:train -- Batch_idx:100/782-- 2437.44 samples/sec-- Loss:0.08 -- Error1:1.25
Phase:train -- Batch_idx:200/782-- 2716.21 samples/sec-- Loss:0.07 -- Error1:1.27
Phase:train -- Batch_idx:300/782-- 2732.03 samples/sec-- Loss:0.07 -- Error1:1.29
Phase:train -- Batch_idx:400/782-- 2785.50 samples/sec-- Loss:0.07 -- Error1:1.28
Phase:train -- Batch_idx:500/782-- 2842.28 samples/sec-- Loss:0.07 -- Error1:1.27
Phase:train -- Batch_idx:600/782-- 2877.22 samples/sec-- Loss:0.07 -- Error1:1.23
Phase:train -- Batch_idx:700/782-- 2896.70 samples/sec-- Loss:0.07 -- Error1:1.20
Train_Loss = 0.07005090767145157, Train_Err = 1.203
Val_Loss = 3.3914305656433106, Val_Err = 59.6
Epoch: [32 | 100]
Phase:train -- Batch_idx:100/782-- 2666.53 samples/sec-- Loss:0.05 -- Error1:0.70
Phase:train -- Batch_idx:200/782-- 2854.51 samples/sec-- Loss:0.05 -- Error1:0.69
Phase:train -- Batch_idx:300/782-- 2911.23 samples/sec-- Loss:0.05 -- Error1:0.68
Phase:train -- Batch_idx:400/782-- 2932.94 samples/sec-- Loss:0.05 -- Error1:0.66
Phase:train -- Batch_idx:500/782-- 2935.22 samples/sec-- Loss:0.05 -- Error1:0.65
Phase:train -- Batch_idx:600/782-- 2931.29 samples/sec-- Loss:0.05 -- Error1:0.62
Phase:train -- Batch_idx:700/782-- 2907.29 samples/sec-- Loss:0.05 -- Error1:0.61
Train_Loss = 0.04579434342622757, Train_Err = 0.599
Val_Loss = 3.4117113456726074, Val_Err = 59.0
Epoch: [33 | 100]
Phase:train -- Batch_idx:100/782-- 2690.23 samples/sec-- Loss:0.03 -- Error1:0.28
Phase:train -- Batch_idx:200/782-- 2858.61 samples/sec-- Loss:0.03 -- Error1:0.30
Phase:train -- Batch_idx:300/782-- 2937.57 samples/sec-- Loss:0.03 -- Error1:0.30
Phase:train -- Batch_idx:400/782-- 2963.62 samples/sec-- Loss:0.03 -- Error1:0.31
Phase:train -- Batch_idx:500/782-- 2975.63 samples/sec-- Loss:0.03 -- Error1:0.32
Phase:train -- Batch_idx:600/782-- 2989.02 samples/sec-- Loss:0.03 -- Error1:0.32
Phase:train -- Batch_idx:700/782-- 2995.41 samples/sec-- Loss:0.03 -- Error1:0.32
Train_Loss = 0.032831640380620954, Train_Err = 0.313
Val_Loss = 3.4251074783325195, Val_Err = 58.83
Epoch: [34 | 100]
Phase:train -- Batch_idx:100/782-- 2485.64 samples/sec-- Loss:0.03 -- Error1:0.12
Phase:train -- Batch_idx:200/782-- 2714.33 samples/sec-- Loss:0.03 -- Error1:0.14
Phase:train -- Batch_idx:300/782-- 2730.67 samples/sec-- Loss:0.03 -- Error1:0.18
Phase:train -- Batch_idx:400/782-- 2801.30 samples/sec-- Loss:0.03 -- Error1:0.18
Phase:train -- Batch_idx:500/782-- 2850.55 samples/sec-- Loss:0.03 -- Error1:0.17
Phase:train -- Batch_idx:600/782-- 2882.07 samples/sec-- Loss:0.03 -- Error1:0.17
Phase:train -- Batch_idx:700/782-- 2906.05 samples/sec-- Loss:0.03 -- Error1:0.18
Train_Loss = 0.025561671684980393, Train_Err = 0.177
Val_Loss = 3.441712801361084, Val_Err = 58.92
Epoch: [35 | 100]
Phase:train -- Batch_idx:100/782-- 2641.48 samples/sec-- Loss:0.02 -- Error1:0.12
Phase:train -- Batch_idx:200/782-- 2811.48 samples/sec-- Loss:0.02 -- Error1:0.13
Phase:train -- Batch_idx:300/782-- 2894.81 samples/sec-- Loss:0.02 -- Error1:0.12
Phase:train -- Batch_idx:400/782-- 2940.92 samples/sec-- Loss:0.02 -- Error1:0.12
Phase:train -- Batch_idx:500/782-- 2907.31 samples/sec-- Loss:0.02 -- Error1:0.14
Phase:train -- Batch_idx:600/782-- 2925.87 samples/sec-- Loss:0.02 -- Error1:0.13
Phase:train -- Batch_idx:700/782-- 2910.71 samples/sec-- Loss:0.02 -- Error1:0.12
Train_Loss = 0.021278288564682005, Train_Err = 0.118
Val_Loss = 3.4410613075256347, Val_Err = 58.72
Epoch: [36 | 100]
Phase:train -- Batch_idx:100/782-- 2687.46 samples/sec-- Loss:0.02 -- Error1:0.08
Phase:train -- Batch_idx:200/782-- 2856.16 samples/sec-- Loss:0.02 -- Error1:0.08
Phase:train -- Batch_idx:300/782-- 2917.06 samples/sec-- Loss:0.02 -- Error1:0.07
Phase:train -- Batch_idx:400/782-- 2940.39 samples/sec-- Loss:0.02 -- Error1:0.07
Phase:train -- Batch_idx:500/782-- 2961.16 samples/sec-- Loss:0.02 -- Error1:0.07
Phase:train -- Batch_idx:600/782-- 2968.36 samples/sec-- Loss:0.02 -- Error1:0.07
Phase:train -- Batch_idx:700/782-- 2977.14 samples/sec-- Loss:0.02 -- Error1:0.08
Train_Loss = 0.018132411003112792, Train_Err = 0.082
Val_Loss = 3.467580352783203, Val_Err = 58.5
Epoch: [37 | 100]
Phase:train -- Batch_idx:100/782-- 2420.17 samples/sec-- Loss:0.02 -- Error1:0.03
Phase:train -- Batch_idx:200/782-- 2684.41 samples/sec-- Loss:0.02 -- Error1:0.05
Phase:train -- Batch_idx:300/782-- 2711.61 samples/sec-- Loss:0.02 -- Error1:0.04
Phase:train -- Batch_idx:400/782-- 2784.33 samples/sec-- Loss:0.02 -- Error1:0.05
Phase:train -- Batch_idx:500/782-- 2833.84 samples/sec-- Loss:0.02 -- Error1:0.06
Phase:train -- Batch_idx:600/782-- 2866.49 samples/sec-- Loss:0.02 -- Error1:0.06
Phase:train -- Batch_idx:700/782-- 2889.72 samples/sec-- Loss:0.02 -- Error1:0.06
Train_Loss = 0.016279292023181915, Train_Err = 0.06
Val_Loss = 3.457731812286377, Val_Err = 58.48
Epoch: [38 | 100]
Phase:train -- Batch_idx:100/782-- 2629.59 samples/sec-- Loss:0.01 -- Error1:0.05
Phase:train -- Batch_idx:200/782-- 2824.37 samples/sec-- Loss:0.01 -- Error1:0.05
Phase:train -- Batch_idx:300/782-- 2906.73 samples/sec-- Loss:0.01 -- Error1:0.04
Phase:train -- Batch_idx:400/782-- 2962.92 samples/sec-- Loss:0.01 -- Error1:0.05
Phase:train -- Batch_idx:500/782-- 2914.71 samples/sec-- Loss:0.01 -- Error1:0.05
Phase:train -- Batch_idx:600/782-- 2951.13 samples/sec-- Loss:0.01 -- Error1:0.05
Phase:train -- Batch_idx:700/782-- 2914.70 samples/sec-- Loss:0.01 -- Error1:0.05
Train_Loss = 0.014363034717440605, Train_Err = 0.055
Val_Loss = 3.4576378143310547, Val_Err = 58.72
Epoch: [39 | 100]
Phase:train -- Batch_idx:100/782-- 2705.06 samples/sec-- Loss:0.01 -- Error1:0.06
Phase:train -- Batch_idx:200/782-- 2864.55 samples/sec-- Loss:0.01 -- Error1:0.04
Phase:train -- Batch_idx:300/782-- 2915.27 samples/sec-- Loss:0.01 -- Error1:0.04
Phase:train -- Batch_idx:400/782-- 2937.63 samples/sec-- Loss:0.01 -- Error1:0.03
Phase:train -- Batch_idx:500/782-- 2954.07 samples/sec-- Loss:0.01 -- Error1:0.03
Phase:train -- Batch_idx:600/782-- 2962.96 samples/sec-- Loss:0.01 -- Error1:0.04
Phase:train -- Batch_idx:700/782-- 2977.18 samples/sec-- Loss:0.01 -- Error1:0.04
Train_Loss = 0.013285443866252898, Train_Err = 0.034
Val_Loss = 3.457939096069336, Val_Err = 58.66
Epoch: [40 | 100]
Phase:train -- Batch_idx:100/782-- 2425.10 samples/sec-- Loss:0.01 -- Error1:0.01
Phase:train -- Batch_idx:200/782-- 2648.51 samples/sec-- Loss:0.01 -- Error1:0.06
Phase:train -- Batch_idx:300/782-- 2732.64 samples/sec-- Loss:0.01 -- Error1:0.05
Phase:train -- Batch_idx:400/782-- 2809.02 samples/sec-- Loss:0.01 -- Error1:0.04
Phase:train -- Batch_idx:500/782-- 2853.26 samples/sec-- Loss:0.01 -- Error1:0.03
Phase:train -- Batch_idx:600/782-- 2889.22 samples/sec-- Loss:0.01 -- Error1:0.03
Phase:train -- Batch_idx:700/782-- 2910.64 samples/sec-- Loss:0.01 -- Error1:0.03
Train_Loss = 0.012224838870167733, Train_Err = 0.034
Val_Loss = 3.456476908111572, Val_Err = 58.48
Epoch: [41 | 100]
Phase:train -- Batch_idx:100/782-- 2691.20 samples/sec-- Loss:0.01 -- Error1:0.04
Phase:train -- Batch_idx:200/782-- 2857.39 samples/sec-- Loss:0.01 -- Error1:0.02
Phase:train -- Batch_idx:300/782-- 2920.18 samples/sec-- Loss:0.01 -- Error1:0.03
Phase:train -- Batch_idx:400/782-- 2937.19 samples/sec-- Loss:0.01 -- Error1:0.03
Phase:train -- Batch_idx:500/782-- 2931.25 samples/sec-- Loss:0.01 -- Error1:0.03
Phase:train -- Batch_idx:600/782-- 2962.64 samples/sec-- Loss:0.01 -- Error1:0.03
Phase:train -- Batch_idx:700/782-- 2943.69 samples/sec-- Loss:0.01 -- Error1:0.03
Train_Loss = 0.011430637702941894, Train_Err = 0.031
Val_Loss = 3.4387918167114258, Val_Err = 58.45
Epoch: [42 | 100]
Phase:train -- Batch_idx:100/782-- 2643.45 samples/sec-- Loss:0.01 -- Error1:0.00
Phase:train -- Batch_idx:200/782-- 2820.98 samples/sec-- Loss:0.01 -- Error1:0.01
Phase:train -- Batch_idx:300/782-- 2897.96 samples/sec-- Loss:0.01 -- Error1:0.01
Phase:train -- Batch_idx:400/782-- 2935.81 samples/sec-- Loss:0.01 -- Error1:0.02
Phase:train -- Batch_idx:500/782-- 2962.31 samples/sec-- Loss:0.01 -- Error1:0.02
Phase:train -- Batch_idx:600/782-- 2979.36 samples/sec-- Loss:0.01 -- Error1:0.02
Phase:train -- Batch_idx:700/782-- 2990.79 samples/sec-- Loss:0.01 -- Error1:0.02
Train_Loss = 0.010899482415914536, Train_Err = 0.027
Val_Loss = 3.4483585388183595, Val_Err = 58.68
Epoch: [43 | 100]
Phase:train -- Batch_idx:100/782-- 2493.77 samples/sec-- Loss:0.01 -- Error1:0.01
Phase:train -- Batch_idx:200/782-- 2664.57 samples/sec-- Loss:0.01 -- Error1:0.02
Phase:train -- Batch_idx:300/782-- 2744.49 samples/sec-- Loss:0.01 -- Error1:0.01
Phase:train -- Batch_idx:400/782-- 2809.11 samples/sec-- Loss:0.01 -- Error1:0.01
Phase:train -- Batch_idx:500/782-- 2859.20 samples/sec-- Loss:0.01 -- Error1:0.02
Phase:train -- Batch_idx:600/782-- 2893.17 samples/sec-- Loss:0.01 -- Error1:0.01
Phase:train -- Batch_idx:700/782-- 2915.42 samples/sec-- Loss:0.01 -- Error1:0.02
Train_Loss = 0.010572825824022292, Train_Err = 0.024
Val_Loss = 3.436621731567383, Val_Err = 58.38
Epoch: [44 | 100]
Phase:train -- Batch_idx:100/782-- 2649.80 samples/sec-- Loss:0.01 -- Error1:0.02
Phase:train -- Batch_idx:200/782-- 2849.63 samples/sec-- Loss:0.01 -- Error1:0.02
Phase:train -- Batch_idx:300/782-- 2887.40 samples/sec-- Loss:0.01 -- Error1:0.02
Phase:train -- Batch_idx:400/782-- 2872.07 samples/sec-- Loss:0.01 -- Error1:0.03
Phase:train -- Batch_idx:500/782-- 2892.58 samples/sec-- Loss:0.01 -- Error1:0.03
Phase:train -- Batch_idx:600/782-- 2904.84 samples/sec-- Loss:0.01 -- Error1:0.03
Phase:train -- Batch_idx:700/782-- 2898.60 samples/sec-- Loss:0.01 -- Error1:0.03
Train_Loss = 0.010200964049100876, Train_Err = 0.029
Val_Loss = 3.4317985084533693, Val_Err = 58.56
Epoch: [45 | 100]
Phase:train -- Batch_idx:100/782-- 2694.11 samples/sec-- Loss:0.01 -- Error1:0.03
Phase:train -- Batch_idx:200/782-- 2867.08 samples/sec-- Loss:0.01 -- Error1:0.02
Phase:train -- Batch_idx:300/782-- 2931.47 samples/sec-- Loss:0.01 -- Error1:0.02
Phase:train -- Batch_idx:400/782-- 2977.23 samples/sec-- Loss:0.01 -- Error1:0.02
Phase:train -- Batch_idx:500/782-- 2998.61 samples/sec-- Loss:0.01 -- Error1:0.03
Phase:train -- Batch_idx:600/782-- 3003.83 samples/sec-- Loss:0.01 -- Error1:0.03
Phase:train -- Batch_idx:700/782-- 3011.65 samples/sec-- Loss:0.01 -- Error1:0.03
Train_Loss = 0.009785369610190392, Train_Err = 0.03
Val_Loss = 3.4273150756835937, Val_Err = 58.65
Epoch: [46 | 100]
Phase:train -- Batch_idx:100/782-- 2576.30 samples/sec-- Loss:0.01 -- Error1:0.02
Phase:train -- Batch_idx:200/782-- 2720.23 samples/sec-- Loss:0.01 -- Error1:0.03
Phase:train -- Batch_idx:300/782-- 2823.38 samples/sec-- Loss:0.01 -- Error1:0.04
Phase:train -- Batch_idx:400/782-- 2875.82 samples/sec-- Loss:0.01 -- Error1:0.03
Phase:train -- Batch_idx:500/782-- 2915.06 samples/sec-- Loss:0.01 -- Error1:0.03
Phase:train -- Batch_idx:600/782-- 2939.90 samples/sec-- Loss:0.01 -- Error1:0.03
Phase:train -- Batch_idx:700/782-- 2959.61 samples/sec-- Loss:0.01 -- Error1:0.03
Train_Loss = 0.009449009621143341, Train_Err = 0.027
Val_Loss = 3.4122457824707033, Val_Err = 58.39
Epoch: [47 | 100]
Phase:train -- Batch_idx:100/782-- 2622.29 samples/sec-- Loss:0.01 -- Error1:0.04
Phase:train -- Batch_idx:200/782-- 2798.45 samples/sec-- Loss:0.01 -- Error1:0.03
Phase:train -- Batch_idx:300/782-- 2887.56 samples/sec-- Loss:0.01 -- Error1:0.03
Phase:train -- Batch_idx:400/782-- 2920.98 samples/sec-- Loss:0.01 -- Error1:0.03
Phase:train -- Batch_idx:500/782-- 2907.83 samples/sec-- Loss:0.01 -- Error1:0.03
Phase:train -- Batch_idx:600/782-- 2930.14 samples/sec-- Loss:0.01 -- Error1:0.03
Phase:train -- Batch_idx:700/782-- 2906.45 samples/sec-- Loss:0.01 -- Error1:0.03
Train_Loss = 0.009219945794343948, Train_Err = 0.029
Val_Loss = 3.393926467132568, Val_Err = 58.29
Epoch: [48 | 100]
Phase:train -- Batch_idx:100/782-- 2643.06 samples/sec-- Loss:0.01 -- Error1:0.01
Phase:train -- Batch_idx:200/782-- 2834.41 samples/sec-- Loss:0.01 -- Error1:0.00
Phase:train -- Batch_idx:300/782-- 2901.70 samples/sec-- Loss:0.01 -- Error1:0.01
Phase:train -- Batch_idx:400/782-- 2935.33 samples/sec-- Loss:0.01 -- Error1:0.02
Phase:train -- Batch_idx:500/782-- 2945.54 samples/sec-- Loss:0.01 -- Error1:0.02
Phase:train -- Batch_idx:600/782-- 2966.76 samples/sec-- Loss:0.01 -- Error1:0.03
Phase:train -- Batch_idx:700/782-- 2974.96 samples/sec-- Loss:0.01 -- Error1:0.03
Train_Loss = 0.008978346680998802, Train_Err = 0.028
Val_Loss = 3.401183478546143, Val_Err = 58.3
Epoch: [49 | 100]
Phase:train -- Batch_idx:100/782-- 2611.91 samples/sec-- Loss:0.01 -- Error1:0.05
Phase:train -- Batch_idx:200/782-- 2728.65 samples/sec-- Loss:0.01 -- Error1:0.04
Phase:train -- Batch_idx:300/782-- 2812.15 samples/sec-- Loss:0.01 -- Error1:0.03
Phase:train -- Batch_idx:400/782-- 2866.54 samples/sec-- Loss:0.01 -- Error1:0.04
Phase:train -- Batch_idx:500/782-- 2888.76 samples/sec-- Loss:0.01 -- Error1:0.03
Phase:train -- Batch_idx:600/782-- 2917.29 samples/sec-- Loss:0.01 -- Error1:0.03
Phase:train -- Batch_idx:700/782-- 2937.99 samples/sec-- Loss:0.01 -- Error1:0.03
Train_Loss = 0.00890991753578186, Train_Err = 0.03
Val_Loss = 3.392489646911621, Val_Err = 58.38
Epoch: [50 | 100]
Phase:train -- Batch_idx:100/782-- 2712.11 samples/sec-- Loss:0.01 -- Error1:0.01
Phase:train -- Batch_idx:200/782-- 2891.38 samples/sec-- Loss:0.01 -- Error1:0.02
Phase:train -- Batch_idx:300/782-- 2944.82 samples/sec-- Loss:0.01 -- Error1:0.03
Phase:train -- Batch_idx:400/782-- 2924.16 samples/sec-- Loss:0.01 -- Error1:0.03
Phase:train -- Batch_idx:500/782-- 2946.06 samples/sec-- Loss:0.01 -- Error1:0.03
Phase:train -- Batch_idx:600/782-- 2968.98 samples/sec-- Loss:0.01 -- Error1:0.03
Phase:train -- Batch_idx:700/782-- 2919.83 samples/sec-- Loss:0.01 -- Error1:0.03
Train_Loss = 0.008662230058908463, Train_Err = 0.028
Val_Loss = 3.3840385276794436, Val_Err = 58.26
Epoch: [51 | 100]
Phase:train -- Batch_idx:100/782-- 2700.03 samples/sec-- Loss:0.01 -- Error1:0.01
Phase:train -- Batch_idx:200/782-- 2867.24 samples/sec-- Loss:0.01 -- Error1:0.02
Phase:train -- Batch_idx:300/782-- 2920.89 samples/sec-- Loss:0.01 -- Error1:0.02
Phase:train -- Batch_idx:400/782-- 2947.11 samples/sec-- Loss:0.01 -- Error1:0.02
Phase:train -- Batch_idx:500/782-- 2972.17 samples/sec-- Loss:0.01 -- Error1:0.02
Phase:train -- Batch_idx:600/782-- 2979.25 samples/sec-- Loss:0.01 -- Error1:0.02
Phase:train -- Batch_idx:700/782-- 2989.16 samples/sec-- Loss:0.01 -- Error1:0.02
Train_Loss = 0.008397805234789849, Train_Err = 0.025
Val_Loss = 3.372849642944336, Val_Err = 58.19
Epoch: [52 | 100]
Phase:train -- Batch_idx:100/782-- 2729.48 samples/sec-- Loss:0.01 -- Error1:0.02
Phase:train -- Batch_idx:200/782-- 2748.44 samples/sec-- Loss:0.01 -- Error1:0.02
Phase:train -- Batch_idx:300/782-- 2833.47 samples/sec-- Loss:0.01 -- Error1:0.02
Phase:train -- Batch_idx:400/782-- 2882.15 samples/sec-- Loss:0.01 -- Error1:0.02
Phase:train -- Batch_idx:500/782-- 2911.40 samples/sec-- Loss:0.01 -- Error1:0.02
Phase:train -- Batch_idx:600/782-- 2934.11 samples/sec-- Loss:0.01 -- Error1:0.02
Phase:train -- Batch_idx:700/782-- 2952.20 samples/sec-- Loss:0.01 -- Error1:0.02
Train_Loss = 0.008526203235387803, Train_Err = 0.028
Val_Loss = 3.357321300506592, Val_Err = 58.25
Epoch: [53 | 100]
Phase:train -- Batch_idx:100/782-- 2563.34 samples/sec-- Loss:0.01 -- Error1:0.02
Phase:train -- Batch_idx:200/782-- 2798.92 samples/sec-- Loss:0.01 -- Error1:0.02
Phase:train -- Batch_idx:300/782-- 2874.21 samples/sec-- Loss:0.01 -- Error1:0.02
Phase:train -- Batch_idx:400/782-- 2869.56 samples/sec-- Loss:0.01 -- Error1:0.03
Phase:train -- Batch_idx:500/782-- 2898.90 samples/sec-- Loss:0.01 -- Error1:0.03
Phase:train -- Batch_idx:600/782-- 2915.19 samples/sec-- Loss:0.01 -- Error1:0.03
Phase:train -- Batch_idx:700/782-- 2905.12 samples/sec-- Loss:0.01 -- Error1:0.03
Train_Loss = 0.008280901907682419, Train_Err = 0.028
Val_Loss = 3.3520768241882326, Val_Err = 58.16
Epoch: [54 | 100]
Phase:train -- Batch_idx:100/782-- 2522.74 samples/sec-- Loss:0.01 -- Error1:0.01
Phase:train -- Batch_idx:200/782-- 2759.71 samples/sec-- Loss:0.01 -- Error1:0.02
Phase:train -- Batch_idx:300/782-- 2855.30 samples/sec-- Loss:0.01 -- Error1:0.02
Phase:train -- Batch_idx:400/782-- 2899.83 samples/sec-- Loss:0.01 -- Error1:0.02
Phase:train -- Batch_idx:500/782-- 2927.00 samples/sec-- Loss:0.01 -- Error1:0.02
Phase:train -- Batch_idx:600/782-- 2947.49 samples/sec-- Loss:0.01 -- Error1:0.02
Phase:train -- Batch_idx:700/782-- 2957.46 samples/sec-- Loss:0.01 -- Error1:0.03
Train_Loss = 0.008073040184378624, Train_Err = 0.026
Val_Loss = 3.3460158409118654, Val_Err = 58.22
Epoch: [55 | 100]
Phase:train -- Batch_idx:100/782-- 2545.07 samples/sec-- Loss:0.01 -- Error1:0.02
Phase:train -- Batch_idx:200/782-- 2693.37 samples/sec-- Loss:0.01 -- Error1:0.03
Phase:train -- Batch_idx:300/782-- 2802.20 samples/sec-- Loss:0.01 -- Error1:0.03
Phase:train -- Batch_idx:400/782-- 2851.05 samples/sec-- Loss:0.01 -- Error1:0.02
Phase:train -- Batch_idx:500/782-- 2893.63 samples/sec-- Loss:0.01 -- Error1:0.03
Phase:train -- Batch_idx:600/782-- 2923.03 samples/sec-- Loss:0.01 -- Error1:0.03
Phase:train -- Batch_idx:700/782-- 2936.06 samples/sec-- Loss:0.01 -- Error1:0.03
Train_Loss = 0.008155367090702057, Train_Err = 0.028
Val_Loss = 3.3384649665832518, Val_Err = 58.36
Epoch: [56 | 100]
Phase:train -- Batch_idx:100/782-- 2513.83 samples/sec-- Loss:0.01 -- Error1:0.01
Phase:train -- Batch_idx:200/782-- 2754.34 samples/sec-- Loss:0.01 -- Error1:0.02
Phase:train -- Batch_idx:300/782-- 2852.60 samples/sec-- Loss:0.01 -- Error1:0.02
Phase:train -- Batch_idx:400/782-- 2834.78 samples/sec-- Loss:0.01 -- Error1:0.02
Phase:train -- Batch_idx:500/782-- 2874.73 samples/sec-- Loss:0.01 -- Error1:0.02
Phase:train -- Batch_idx:600/782-- 2915.36 samples/sec-- Loss:0.01 -- Error1:0.02
Phase:train -- Batch_idx:700/782-- 2892.86 samples/sec-- Loss:0.01 -- Error1:0.02
Train_Loss = 0.007948090736269951, Train_Err = 0.022
Val_Loss = 3.3253660186767577, Val_Err = 58.11
Epoch: [57 | 100]
Phase:train -- Batch_idx:100/782-- 2587.83 samples/sec-- Loss:0.01 -- Error1:0.02
Phase:train -- Batch_idx:200/782-- 2817.48 samples/sec-- Loss:0.01 -- Error1:0.02
Phase:train -- Batch_idx:300/782-- 2892.29 samples/sec-- Loss:0.01 -- Error1:0.02
Phase:train -- Batch_idx:400/782-- 2918.68 samples/sec-- Loss:0.01 -- Error1:0.03
Phase:train -- Batch_idx:500/782-- 2950.38 samples/sec-- Loss:0.01 -- Error1:0.03
Phase:train -- Batch_idx:600/782-- 2964.98 samples/sec-- Loss:0.01 -- Error1:0.03
Phase:train -- Batch_idx:700/782-- 2979.58 samples/sec-- Loss:0.01 -- Error1:0.03
Train_Loss = 0.007949925488829612, Train_Err = 0.027
Val_Loss = 3.3202149742126466, Val_Err = 58.06
Epoch: [58 | 100]
Phase:train -- Batch_idx:100/782-- 2462.75 samples/sec-- Loss:0.01 -- Error1:0.01
Phase:train -- Batch_idx:200/782-- 2686.18 samples/sec-- Loss:0.01 -- Error1:0.01
Phase:train -- Batch_idx:300/782-- 2757.12 samples/sec-- Loss:0.01 -- Error1:0.01
Phase:train -- Batch_idx:400/782-- 2827.13 samples/sec-- Loss:0.01 -- Error1:0.01
Phase:train -- Batch_idx:500/782-- 2869.04 samples/sec-- Loss:0.01 -- Error1:0.01
Phase:train -- Batch_idx:600/782-- 2890.35 samples/sec-- Loss:0.01 -- Error1:0.02
Phase:train -- Batch_idx:700/782-- 2907.96 samples/sec-- Loss:0.01 -- Error1:0.03
Train_Loss = 0.007752322880625725, Train_Err = 0.025
Val_Loss = 3.3099832260131836, Val_Err = 57.93
Epoch: [59 | 100]
Phase:train -- Batch_idx:100/782-- 2532.34 samples/sec-- Loss:0.01 -- Error1:0.02
Phase:train -- Batch_idx:200/782-- 2766.37 samples/sec-- Loss:0.01 -- Error1:0.02
Phase:train -- Batch_idx:300/782-- 2815.34 samples/sec-- Loss:0.01 -- Error1:0.02
Phase:train -- Batch_idx:400/782-- 2810.92 samples/sec-- Loss:0.01 -- Error1:0.02
Phase:train -- Batch_idx:500/782-- 2860.15 samples/sec-- Loss:0.01 -- Error1:0.02
Phase:train -- Batch_idx:600/782-- 2887.03 samples/sec-- Loss:0.01 -- Error1:0.02
Phase:train -- Batch_idx:700/782-- 2876.29 samples/sec-- Loss:0.01 -- Error1:0.03
Train_Loss = 0.007753595095276833, Train_Err = 0.028
Val_Loss = 3.300650828552246, Val_Err = 57.92
Epoch: [60 | 100]
Phase:train -- Batch_idx:100/782-- 2567.97 samples/sec-- Loss:0.01 -- Error1:0.01
Phase:train -- Batch_idx:200/782-- 2787.28 samples/sec-- Loss:0.01 -- Error1:0.00
Phase:train -- Batch_idx:300/782-- 2882.03 samples/sec-- Loss:0.01 -- Error1:0.01
Phase:train -- Batch_idx:400/782-- 2913.70 samples/sec-- Loss:0.01 -- Error1:0.02
Phase:train -- Batch_idx:500/782-- 2946.94 samples/sec-- Loss:0.01 -- Error1:0.02
Phase:train -- Batch_idx:600/782-- 2967.60 samples/sec-- Loss:0.01 -- Error1:0.02
Phase:train -- Batch_idx:700/782-- 2983.56 samples/sec-- Loss:0.01 -- Error1:0.02
Train_Loss = 0.007467170163094997, Train_Err = 0.022
Val_Loss = 3.307526249694824, Val_Err = 58.06
Epoch: [61 | 100]
Phase:train -- Batch_idx:100/782-- 2508.35 samples/sec-- Loss:0.01 -- Error1:0.02
Phase:train -- Batch_idx:200/782-- 2679.26 samples/sec-- Loss:0.01 -- Error1:0.02
Phase:train -- Batch_idx:300/782-- 2758.54 samples/sec-- Loss:0.01 -- Error1:0.02
Phase:train -- Batch_idx:400/782-- 2817.12 samples/sec-- Loss:0.01 -- Error1:0.03
Phase:train -- Batch_idx:500/782-- 2870.50 samples/sec-- Loss:0.01 -- Error1:0.03
Phase:train -- Batch_idx:600/782-- 2900.59 samples/sec-- Loss:0.01 -- Error1:0.02
Phase:train -- Batch_idx:700/782-- 2924.89 samples/sec-- Loss:0.01 -- Error1:0.02
Train_Loss = 0.007443588993549347, Train_Err = 0.023
Val_Loss = 3.293721871948242, Val_Err = 58.0
Epoch: [62 | 100]
Phase:train -- Batch_idx:100/782-- 2477.62 samples/sec-- Loss:0.01 -- Error1:0.00
Phase:train -- Batch_idx:200/782-- 2720.68 samples/sec-- Loss:0.01 -- Error1:0.00
Phase:train -- Batch_idx:300/782-- 2782.72 samples/sec-- Loss:0.01 -- Error1:0.01
Phase:train -- Batch_idx:400/782-- 2838.25 samples/sec-- Loss:0.01 -- Error1:0.01
Phase:train -- Batch_idx:500/782-- 2871.63 samples/sec-- Loss:0.01 -- Error1:0.01
Phase:train -- Batch_idx:600/782-- 2891.94 samples/sec-- Loss:0.01 -- Error1:0.01
Phase:train -- Batch_idx:700/782-- 2870.65 samples/sec-- Loss:0.01 -- Error1:0.02
Train_Loss = 0.007157620993256569, Train_Err = 0.015
Val_Loss = 3.2978067916870115, Val_Err = 58.22
Epoch: [63 | 100]
Phase:train -- Batch_idx:100/782-- 2514.68 samples/sec-- Loss:0.01 -- Error1:0.02
Phase:train -- Batch_idx:200/782-- 2757.52 samples/sec-- Loss:0.01 -- Error1:0.02
Phase:train -- Batch_idx:300/782-- 2855.09 samples/sec-- Loss:0.01 -- Error1:0.03
Phase:train -- Batch_idx:400/782-- 2898.57 samples/sec-- Loss:0.01 -- Error1:0.03
Phase:train -- Batch_idx:500/782-- 2935.54 samples/sec-- Loss:0.01 -- Error1:0.02
Phase:train -- Batch_idx:600/782-- 2957.10 samples/sec-- Loss:0.01 -- Error1:0.02
Phase:train -- Batch_idx:700/782-- 2937.40 samples/sec-- Loss:0.01 -- Error1:0.02
Train_Loss = 0.00732038562476635, Train_Err = 0.021
Val_Loss = 3.300210137939453, Val_Err = 58.02
Epoch: [64 | 100]
Phase:train -- Batch_idx:100/782-- 2553.19 samples/sec-- Loss:0.01 -- Error1:0.02
Phase:train -- Batch_idx:200/782-- 2800.09 samples/sec-- Loss:0.01 -- Error1:0.04
Phase:train -- Batch_idx:300/782-- 2789.51 samples/sec-- Loss:0.01 -- Error1:0.03
Phase:train -- Batch_idx:400/782-- 2838.73 samples/sec-- Loss:0.01 -- Error1:0.03
Phase:train -- Batch_idx:500/782-- 2870.58 samples/sec-- Loss:0.01 -- Error1:0.02
Phase:train -- Batch_idx:600/782-- 2895.23 samples/sec-- Loss:0.01 -- Error1:0.02
Phase:train -- Batch_idx:700/782-- 2907.98 samples/sec-- Loss:0.01 -- Error1:0.02
Train_Loss = 0.007234344172179699, Train_Err = 0.024
Val_Loss = 3.2934845603942873, Val_Err = 58.2
Epoch: [65 | 100]
Phase:train -- Batch_idx:100/782-- 2517.80 samples/sec-- Loss:0.01 -- Error1:0.02
Phase:train -- Batch_idx:200/782-- 2765.73 samples/sec-- Loss:0.01 -- Error1:0.02
Phase:train -- Batch_idx:300/782-- 2784.86 samples/sec-- Loss:0.01 -- Error1:0.02
Phase:train -- Batch_idx:400/782-- 2828.07 samples/sec-- Loss:0.01 -- Error1:0.02
Phase:train -- Batch_idx:500/782-- 2876.18 samples/sec-- Loss:0.01 -- Error1:0.02
Phase:train -- Batch_idx:600/782-- 2912.50 samples/sec-- Loss:0.01 -- Error1:0.02
Phase:train -- Batch_idx:700/782-- 2890.22 samples/sec-- Loss:0.01 -- Error1:0.02
Train_Loss = 0.00721865617454052, Train_Err = 0.019
Val_Loss = 3.2998083251953125, Val_Err = 58.07
Epoch: [66 | 100]
Phase:train -- Batch_idx:100/782-- 2455.67 samples/sec-- Loss:0.01 -- Error1:0.02
Phase:train -- Batch_idx:200/782-- 2728.85 samples/sec-- Loss:0.01 -- Error1:0.03
Phase:train -- Batch_idx:300/782-- 2817.60 samples/sec-- Loss:0.01 -- Error1:0.02
Phase:train -- Batch_idx:400/782-- 2873.02 samples/sec-- Loss:0.01 -- Error1:0.02
Phase:train -- Batch_idx:500/782-- 2902.90 samples/sec-- Loss:0.01 -- Error1:0.02
Phase:train -- Batch_idx:600/782-- 2906.18 samples/sec-- Loss:0.01 -- Error1:0.02
Phase:train -- Batch_idx:700/782-- 2858.43 samples/sec-- Loss:0.01 -- Error1:0.02
Train_Loss = 0.007297556627094745, Train_Err = 0.021
Val_Loss = 3.300487060546875, Val_Err = 58.16
Epoch: [67 | 100]
Phase:train -- Batch_idx:100/782-- 2374.21 samples/sec-- Loss:0.01 -- Error1:0.02
Phase:train -- Batch_idx:200/782-- 2666.17 samples/sec-- Loss:0.01 -- Error1:0.01
Phase:train -- Batch_idx:300/782-- 2702.40 samples/sec-- Loss:0.01 -- Error1:0.02
Phase:train -- Batch_idx:400/782-- 2782.60 samples/sec-- Loss:0.01 -- Error1:0.02
Phase:train -- Batch_idx:500/782-- 2827.71 samples/sec-- Loss:0.01 -- Error1:0.01
Phase:train -- Batch_idx:600/782-- 2861.62 samples/sec-- Loss:0.01 -- Error1:0.01
Phase:train -- Batch_idx:700/782-- 2888.79 samples/sec-- Loss:0.01 -- Error1:0.02
Train_Loss = 0.007231609246134758, Train_Err = 0.017
Val_Loss = 3.307242977142334, Val_Err = 58.08
Epoch: [68 | 100]
Phase:train -- Batch_idx:100/782-- 2468.47 samples/sec-- Loss:0.01 -- Error1:0.05
Phase:train -- Batch_idx:200/782-- 2757.40 samples/sec-- Loss:0.01 -- Error1:0.04
Phase:train -- Batch_idx:300/782-- 2771.78 samples/sec-- Loss:0.01 -- Error1:0.04
Phase:train -- Batch_idx:400/782-- 2833.50 samples/sec-- Loss:0.01 -- Error1:0.03
Phase:train -- Batch_idx:500/782-- 2871.48 samples/sec-- Loss:0.01 -- Error1:0.03
Phase:train -- Batch_idx:600/782-- 2900.36 samples/sec-- Loss:0.01 -- Error1:0.03
Phase:train -- Batch_idx:700/782-- 2894.28 samples/sec-- Loss:0.01 -- Error1:0.03
Train_Loss = 0.007197531393766403, Train_Err = 0.025
Val_Loss = 3.298517702484131, Val_Err = 58.11
Epoch: [69 | 100]
Phase:train -- Batch_idx:100/782-- 2469.33 samples/sec-- Loss:0.01 -- Error1:0.02
Phase:train -- Batch_idx:200/782-- 2720.61 samples/sec-- Loss:0.01 -- Error1:0.02
Phase:train -- Batch_idx:300/782-- 2822.71 samples/sec-- Loss:0.01 -- Error1:0.01
Phase:train -- Batch_idx:400/782-- 2877.61 samples/sec-- Loss:0.01 -- Error1:0.02
Phase:train -- Batch_idx:500/782-- 2905.03 samples/sec-- Loss:0.01 -- Error1:0.02
Phase:train -- Batch_idx:600/782-- 2933.93 samples/sec-- Loss:0.01 -- Error1:0.01
Phase:train -- Batch_idx:700/782-- 2918.27 samples/sec-- Loss:0.01 -- Error1:0.01
Train_Loss = 0.007120316817760468, Train_Err = 0.014
Val_Loss = 3.303573072052002, Val_Err = 57.97
Epoch: [70 | 100]
Phase:train -- Batch_idx:100/782-- 2569.32 samples/sec-- Loss:0.01 -- Error1:0.04
Phase:train -- Batch_idx:200/782-- 2794.09 samples/sec-- Loss:0.01 -- Error1:0.02
Phase:train -- Batch_idx:300/782-- 2773.74 samples/sec-- Loss:0.01 -- Error1:0.02
Phase:train -- Batch_idx:400/782-- 2833.40 samples/sec-- Loss:0.01 -- Error1:0.02
Phase:train -- Batch_idx:500/782-- 2880.68 samples/sec-- Loss:0.01 -- Error1:0.02
Phase:train -- Batch_idx:600/782-- 2905.90 samples/sec-- Loss:0.01 -- Error1:0.02
Phase:train -- Batch_idx:700/782-- 2929.14 samples/sec-- Loss:0.01 -- Error1:0.02
Train_Loss = 0.007166852921843529, Train_Err = 0.02
Val_Loss = 3.300647040557861, Val_Err = 58.05
Epoch: [71 | 100]
Phase:train -- Batch_idx:100/782-- 2545.58 samples/sec-- Loss:0.01 -- Error1:0.00
Phase:train -- Batch_idx:200/782-- 2801.47 samples/sec-- Loss:0.01 -- Error1:0.00
Phase:train -- Batch_idx:300/782-- 2785.39 samples/sec-- Loss:0.01 -- Error1:0.01
Phase:train -- Batch_idx:400/782-- 2850.95 samples/sec-- Loss:0.01 -- Error1:0.01
Phase:train -- Batch_idx:500/782-- 2879.99 samples/sec-- Loss:0.01 -- Error1:0.01
Phase:train -- Batch_idx:600/782-- 2900.63 samples/sec-- Loss:0.01 -- Error1:0.02
Phase:train -- Batch_idx:700/782-- 2887.54 samples/sec-- Loss:0.01 -- Error1:0.02
Train_Loss = 0.007127929255068302, Train_Err = 0.02
Val_Loss = 3.3006953620910644, Val_Err = 58.29
Epoch: [72 | 100]
Phase:train -- Batch_idx:100/782-- 2564.56 samples/sec-- Loss:0.01 -- Error1:0.03
Phase:train -- Batch_idx:200/782-- 2801.42 samples/sec-- Loss:0.01 -- Error1:0.02
Phase:train -- Batch_idx:300/782-- 2891.25 samples/sec-- Loss:0.01 -- Error1:0.02
Phase:train -- Batch_idx:400/782-- 2927.92 samples/sec-- Loss:0.01 -- Error1:0.01
Phase:train -- Batch_idx:500/782-- 2937.36 samples/sec-- Loss:0.01 -- Error1:0.01
Phase:train -- Batch_idx:600/782-- 2957.80 samples/sec-- Loss:0.01 -- Error1:0.02
Phase:train -- Batch_idx:700/782-- 2930.25 samples/sec-- Loss:0.01 -- Error1:0.02
Train_Loss = 0.007155095491707325, Train_Err = 0.016
Val_Loss = 3.288854016113281, Val_Err = 57.93
Epoch: [73 | 100]
Phase:train -- Batch_idx:100/782-- 2549.40 samples/sec-- Loss:0.01 -- Error1:0.04
Phase:train -- Batch_idx:200/782-- 2808.32 samples/sec-- Loss:0.01 -- Error1:0.03
Phase:train -- Batch_idx:300/782-- 2834.43 samples/sec-- Loss:0.01 -- Error1:0.03
Phase:train -- Batch_idx:400/782-- 2890.76 samples/sec-- Loss:0.01 -- Error1:0.02
Phase:train -- Batch_idx:500/782-- 2915.76 samples/sec-- Loss:0.01 -- Error1:0.02
Phase:train -- Batch_idx:600/782-- 2937.07 samples/sec-- Loss:0.01 -- Error1:0.02
Phase:train -- Batch_idx:700/782-- 2950.77 samples/sec-- Loss:0.01 -- Error1:0.03
Train_Loss = 0.007241154824495315, Train_Err = 0.025
Val_Loss = 3.3011182510375976, Val_Err = 58.3
Epoch: [74 | 100]
Phase:train -- Batch_idx:100/782-- 2544.48 samples/sec-- Loss:0.01 -- Error1:0.05
Phase:train -- Batch_idx:200/782-- 2797.68 samples/sec-- Loss:0.01 -- Error1:0.03
Phase:train -- Batch_idx:300/782-- 2770.00 samples/sec-- Loss:0.01 -- Error1:0.02
Phase:train -- Batch_idx:400/782-- 2831.38 samples/sec-- Loss:0.01 -- Error1:0.03
Phase:train -- Batch_idx:500/782-- 2874.57 samples/sec-- Loss:0.01 -- Error1:0.02
Phase:train -- Batch_idx:600/782-- 2903.36 samples/sec-- Loss:0.01 -- Error1:0.02
Phase:train -- Batch_idx:700/782-- 2889.25 samples/sec-- Loss:0.01 -- Error1:0.02
Train_Loss = 0.00705258957862854, Train_Err = 0.018
Val_Loss = 3.291948182678223, Val_Err = 58.02
Epoch: [75 | 100]
Phase:train -- Batch_idx:100/782-- 2514.66 samples/sec-- Loss:0.01 -- Error1:0.04
Phase:train -- Batch_idx:200/782-- 2740.73 samples/sec-- Loss:0.01 -- Error1:0.03
Phase:train -- Batch_idx:300/782-- 2833.83 samples/sec-- Loss:0.01 -- Error1:0.02
Phase:train -- Batch_idx:400/782-- 2891.29 samples/sec-- Loss:0.01 -- Error1:0.02
Phase:train -- Batch_idx:500/782-- 2924.90 samples/sec-- Loss:0.01 -- Error1:0.02
Phase:train -- Batch_idx:600/782-- 2951.35 samples/sec-- Loss:0.01 -- Error1:0.02
Phase:train -- Batch_idx:700/782-- 2936.94 samples/sec-- Loss:0.01 -- Error1:0.02
Train_Loss = 0.007097712352275848, Train_Err = 0.02
Val_Loss = 3.2898504585266113, Val_Err = 57.94
Epoch: [76 | 100]
Phase:train -- Batch_idx:100/782-- 2543.13 samples/sec-- Loss:0.01 -- Error1:0.02
Phase:train -- Batch_idx:200/782-- 2776.37 samples/sec-- Loss:0.01 -- Error1:0.02
Phase:train -- Batch_idx:300/782-- 2774.36 samples/sec-- Loss:0.01 -- Error1:0.02
Phase:train -- Batch_idx:400/782-- 2831.59 samples/sec-- Loss:0.01 -- Error1:0.02
Phase:train -- Batch_idx:500/782-- 2866.34 samples/sec-- Loss:0.01 -- Error1:0.02
Phase:train -- Batch_idx:600/782-- 2896.22 samples/sec-- Loss:0.01 -- Error1:0.02
Phase:train -- Batch_idx:700/782-- 2925.47 samples/sec-- Loss:0.01 -- Error1:0.02
Train_Loss = 0.007075193985104561, Train_Err = 0.024
Val_Loss = 3.2907300750732422, Val_Err = 57.97
Epoch: [77 | 100]
Phase:train -- Batch_idx:100/782-- 2586.27 samples/sec-- Loss:0.01 -- Error1:0.00
Phase:train -- Batch_idx:200/782-- 2804.18 samples/sec-- Loss:0.01 -- Error1:0.01
Phase:train -- Batch_idx:300/782-- 2789.71 samples/sec-- Loss:0.01 -- Error1:0.02
Phase:train -- Batch_idx:400/782-- 2835.38 samples/sec-- Loss:0.01 -- Error1:0.02
Phase:train -- Batch_idx:500/782-- 2878.64 samples/sec-- Loss:0.01 -- Error1:0.02
Phase:train -- Batch_idx:600/782-- 2911.58 samples/sec-- Loss:0.01 -- Error1:0.02
Phase:train -- Batch_idx:700/782-- 2900.17 samples/sec-- Loss:0.01 -- Error1:0.02
Train_Loss = 0.007044829244315624, Train_Err = 0.022
Val_Loss = 3.2883287063598634, Val_Err = 58.07
Epoch: [78 | 100]
Phase:train -- Batch_idx:100/782-- 2610.54 samples/sec-- Loss:0.01 -- Error1:0.05
Phase:train -- Batch_idx:200/782-- 2783.81 samples/sec-- Loss:0.01 -- Error1:0.02
Phase:train -- Batch_idx:300/782-- 2869.00 samples/sec-- Loss:0.01 -- Error1:0.02
Phase:train -- Batch_idx:400/782-- 2912.84 samples/sec-- Loss:0.01 -- Error1:0.02
Phase:train -- Batch_idx:500/782-- 2942.24 samples/sec-- Loss:0.01 -- Error1:0.02
Phase:train -- Batch_idx:600/782-- 2961.91 samples/sec-- Loss:0.01 -- Error1:0.02
Phase:train -- Batch_idx:700/782-- 2937.93 samples/sec-- Loss:0.01 -- Error1:0.02
Train_Loss = 0.00706133201032877, Train_Err = 0.023
Val_Loss = 3.2847458106994627, Val_Err = 58.02
Epoch: [79 | 100]
Phase:train -- Batch_idx:100/782-- 2580.14 samples/sec-- Loss:0.01 -- Error1:0.05
Phase:train -- Batch_idx:200/782-- 2754.19 samples/sec-- Loss:0.01 -- Error1:0.04
Phase:train -- Batch_idx:300/782-- 2779.65 samples/sec-- Loss:0.01 -- Error1:0.03
Phase:train -- Batch_idx:400/782-- 2837.63 samples/sec-- Loss:0.01 -- Error1:0.03
Phase:train -- Batch_idx:500/782-- 2869.01 samples/sec-- Loss:0.01 -- Error1:0.03
Phase:train -- Batch_idx:600/782-- 2895.08 samples/sec-- Loss:0.01 -- Error1:0.03
Phase:train -- Batch_idx:700/782-- 2909.96 samples/sec-- Loss:0.01 -- Error1:0.03
Train_Loss = 0.0071593855881690975, Train_Err = 0.024
Val_Loss = 3.2970183898925782, Val_Err = 58.13
Epoch: [80 | 100]
Phase:train -- Batch_idx:100/782-- 2704.98 samples/sec-- Loss:0.01 -- Error1:0.02
Phase:train -- Batch_idx:200/782-- 2818.34 samples/sec-- Loss:0.01 -- Error1:0.02
Phase:train -- Batch_idx:300/782-- 2830.22 samples/sec-- Loss:0.01 -- Error1:0.02
Phase:train -- Batch_idx:400/782-- 2881.61 samples/sec-- Loss:0.01 -- Error1:0.02
Phase:train -- Batch_idx:500/782-- 2910.49 samples/sec-- Loss:0.01 -- Error1:0.02
Phase:train -- Batch_idx:600/782-- 2936.32 samples/sec-- Loss:0.01 -- Error1:0.02
Phase:train -- Batch_idx:700/782-- 2945.62 samples/sec-- Loss:0.01 -- Error1:0.02
Train_Loss = 0.007174841651916504, Train_Err = 0.022
Val_Loss = 3.280778896331787, Val_Err = 57.8
Epoch: [81 | 100]
Phase:train -- Batch_idx:100/782-- 2622.11 samples/sec-- Loss:0.01 -- Error1:0.01
Phase:train -- Batch_idx:200/782-- 2780.40 samples/sec-- Loss:0.01 -- Error1:0.02
Phase:train -- Batch_idx:300/782-- 2859.12 samples/sec-- Loss:0.01 -- Error1:0.02
Phase:train -- Batch_idx:400/782-- 2917.57 samples/sec-- Loss:0.01 -- Error1:0.02
Phase:train -- Batch_idx:500/782-- 2943.40 samples/sec-- Loss:0.01 -- Error1:0.02
Phase:train -- Batch_idx:600/782-- 2961.04 samples/sec-- Loss:0.01 -- Error1:0.02
Phase:train -- Batch_idx:700/782-- 2941.30 samples/sec-- Loss:0.01 -- Error1:0.02
Train_Loss = 0.007067334367036819, Train_Err = 0.022
Val_Loss = 3.282761750793457, Val_Err = 58.14
Epoch: [82 | 100]
Phase:train -- Batch_idx:100/782-- 2669.55 samples/sec-- Loss:0.01 -- Error1:0.02
Phase:train -- Batch_idx:200/782-- 2753.94 samples/sec-- Loss:0.01 -- Error1:0.02
Phase:train -- Batch_idx:300/782-- 2787.03 samples/sec-- Loss:0.01 -- Error1:0.02
Phase:train -- Batch_idx:400/782-- 2826.52 samples/sec-- Loss:0.01 -- Error1:0.02
Phase:train -- Batch_idx:500/782-- 2860.81 samples/sec-- Loss:0.01 -- Error1:0.02
Phase:train -- Batch_idx:600/782-- 2886.40 samples/sec-- Loss:0.01 -- Error1:0.02
Phase:train -- Batch_idx:700/782-- 2912.22 samples/sec-- Loss:0.01 -- Error1:0.02
Train_Loss = 0.007116799486875534, Train_Err = 0.021
Val_Loss = 3.2847835441589357, Val_Err = 58.11
Epoch: [83 | 100]
Phase:train -- Batch_idx:100/782-- 2680.93 samples/sec-- Loss:0.01 -- Error1:0.03
Phase:train -- Batch_idx:200/782-- 2742.40 samples/sec-- Loss:0.01 -- Error1:0.04
Phase:train -- Batch_idx:300/782-- 2742.16 samples/sec-- Loss:0.01 -- Error1:0.03
Phase:train -- Batch_idx:400/782-- 2811.69 samples/sec-- Loss:0.01 -- Error1:0.03
Phase:train -- Batch_idx:500/782-- 2857.18 samples/sec-- Loss:0.01 -- Error1:0.03
Phase:train -- Batch_idx:600/782-- 2891.18 samples/sec-- Loss:0.01 -- Error1:0.02
Phase:train -- Batch_idx:700/782-- 2894.39 samples/sec-- Loss:0.01 -- Error1:0.02
Train_Loss = 0.007147470986247063, Train_Err = 0.022
Val_Loss = 3.2832650787353517, Val_Err = 58.19
Epoch: [84 | 100]
Phase:train -- Batch_idx:100/782-- 2710.11 samples/sec-- Loss:0.01 -- Error1:0.01
Phase:train -- Batch_idx:200/782-- 2754.51 samples/sec-- Loss:0.01 -- Error1:0.02
Phase:train -- Batch_idx:300/782-- 2832.52 samples/sec-- Loss:0.01 -- Error1:0.02
Phase:train -- Batch_idx:400/782-- 2883.12 samples/sec-- Loss:0.01 -- Error1:0.02
Phase:train -- Batch_idx:500/782-- 2907.38 samples/sec-- Loss:0.01 -- Error1:0.02
Phase:train -- Batch_idx:600/782-- 2927.48 samples/sec-- Loss:0.01 -- Error1:0.02
Phase:train -- Batch_idx:700/782-- 2905.95 samples/sec-- Loss:0.01 -- Error1:0.02
Train_Loss = 0.007110579063296318, Train_Err = 0.022
Val_Loss = 3.2817328742980956, Val_Err = 57.96
Epoch: [85 | 100]
Phase:train -- Batch_idx:100/782-- 2682.10 samples/sec-- Loss:0.01 -- Error1:0.05
Phase:train -- Batch_idx:200/782-- 2766.66 samples/sec-- Loss:0.01 -- Error1:0.04
Phase:train -- Batch_idx:300/782-- 2786.93 samples/sec-- Loss:0.01 -- Error1:0.03
Phase:train -- Batch_idx:400/782-- 2830.70 samples/sec-- Loss:0.01 -- Error1:0.04
Phase:train -- Batch_idx:500/782-- 2867.88 samples/sec-- Loss:0.01 -- Error1:0.03
Phase:train -- Batch_idx:600/782-- 2895.26 samples/sec-- Loss:0.01 -- Error1:0.03
Phase:train -- Batch_idx:700/782-- 2919.22 samples/sec-- Loss:0.01 -- Error1:0.02
Train_Loss = 0.007104062224924565, Train_Err = 0.027
Val_Loss = 3.282616262817383, Val_Err = 58.06
Epoch: [86 | 100]
Phase:train -- Batch_idx:100/782-- 2596.27 samples/sec-- Loss:0.01 -- Error1:0.04
Phase:train -- Batch_idx:200/782-- 2737.09 samples/sec-- Loss:0.01 -- Error1:0.03
Phase:train -- Batch_idx:300/782-- 2754.41 samples/sec-- Loss:0.01 -- Error1:0.03
Phase:train -- Batch_idx:400/782-- 2832.49 samples/sec-- Loss:0.01 -- Error1:0.03
Phase:train -- Batch_idx:500/782-- 2873.02 samples/sec-- Loss:0.01 -- Error1:0.03
Phase:train -- Batch_idx:600/782-- 2897.47 samples/sec-- Loss:0.01 -- Error1:0.02
Phase:train -- Batch_idx:700/782-- 2901.00 samples/sec-- Loss:0.01 -- Error1:0.02
Train_Loss = 0.007078359460830688, Train_Err = 0.023
Val_Loss = 3.283278938293457, Val_Err = 58.02
Epoch: [87 | 100]
Phase:train -- Batch_idx:100/782-- 2665.51 samples/sec-- Loss:0.01 -- Error1:0.01
Phase:train -- Batch_idx:200/782-- 2761.17 samples/sec-- Loss:0.01 -- Error1:0.02
Phase:train -- Batch_idx:300/782-- 2858.10 samples/sec-- Loss:0.01 -- Error1:0.02
Phase:train -- Batch_idx:400/782-- 2909.99 samples/sec-- Loss:0.01 -- Error1:0.01
Phase:train -- Batch_idx:500/782-- 2939.29 samples/sec-- Loss:0.01 -- Error1:0.02
Phase:train -- Batch_idx:600/782-- 2964.67 samples/sec-- Loss:0.01 -- Error1:0.02
Phase:train -- Batch_idx:700/782-- 2930.45 samples/sec-- Loss:0.01 -- Error1:0.02
Train_Loss = 0.006981925495564938, Train_Err = 0.02
Val_Loss = 3.275853162384033, Val_Err = 57.92
Epoch: [88 | 100]
Phase:train -- Batch_idx:100/782-- 2652.51 samples/sec-- Loss:0.01 -- Error1:0.03
Phase:train -- Batch_idx:200/782-- 2702.81 samples/sec-- Loss:0.01 -- Error1:0.04
Phase:train -- Batch_idx:300/782-- 2750.41 samples/sec-- Loss:0.01 -- Error1:0.04
Phase:train -- Batch_idx:400/782-- 2818.11 samples/sec-- Loss:0.01 -- Error1:0.04
Phase:train -- Batch_idx:500/782-- 2852.41 samples/sec-- Loss:0.01 -- Error1:0.03
Phase:train -- Batch_idx:600/782-- 2887.47 samples/sec-- Loss:0.01 -- Error1:0.03
Phase:train -- Batch_idx:700/782-- 2907.84 samples/sec-- Loss:0.01 -- Error1:0.03
Train_Loss = 0.007122738277316094, Train_Err = 0.027
Val_Loss = 3.2775186225891115, Val_Err = 57.98
Epoch: [89 | 100]
Phase:train -- Batch_idx:100/782-- 2713.92 samples/sec-- Loss:0.01 -- Error1:0.01
Phase:train -- Batch_idx:200/782-- 2729.26 samples/sec-- Loss:0.01 -- Error1:0.01
Phase:train -- Batch_idx:300/782-- 2773.84 samples/sec-- Loss:0.01 -- Error1:0.02
Phase:train -- Batch_idx:400/782-- 2841.88 samples/sec-- Loss:0.01 -- Error1:0.02
Phase:train -- Batch_idx:500/782-- 2881.15 samples/sec-- Loss:0.01 -- Error1:0.02
Phase:train -- Batch_idx:600/782-- 2909.75 samples/sec-- Loss:0.01 -- Error1:0.02
Phase:train -- Batch_idx:700/782-- 2918.61 samples/sec-- Loss:0.01 -- Error1:0.02
Train_Loss = 0.007068180286288262, Train_Err = 0.02
Val_Loss = 3.2773494194030763, Val_Err = 58.21
Epoch: [90 | 100]
Phase:train -- Batch_idx:100/782-- 2722.46 samples/sec-- Loss:0.01 -- Error1:0.01
Phase:train -- Batch_idx:200/782-- 2761.49 samples/sec-- Loss:0.01 -- Error1:0.02
Phase:train -- Batch_idx:300/782-- 2844.62 samples/sec-- Loss:0.01 -- Error1:0.02
Phase:train -- Batch_idx:400/782-- 2892.56 samples/sec-- Loss:0.01 -- Error1:0.02
Phase:train -- Batch_idx:500/782-- 2921.83 samples/sec-- Loss:0.01 -- Error1:0.02
Phase:train -- Batch_idx:600/782-- 2943.36 samples/sec-- Loss:0.01 -- Error1:0.02
Phase:train -- Batch_idx:700/782-- 2912.91 samples/sec-- Loss:0.01 -- Error1:0.02
Train_Loss = 0.006983359929025173, Train_Err = 0.015
Val_Loss = 3.2800303916931153, Val_Err = 57.96
Epoch: [91 | 100]
Phase:train -- Batch_idx:100/782-- 2624.98 samples/sec-- Loss:0.01 -- Error1:0.04
Phase:train -- Batch_idx:200/782-- 2740.92 samples/sec-- Loss:0.01 -- Error1:0.03
Phase:train -- Batch_idx:300/782-- 2768.36 samples/sec-- Loss:0.01 -- Error1:0.03
Phase:train -- Batch_idx:400/782-- 2877.69 samples/sec-- Loss:0.01 -- Error1:0.02
Phase:train -- Batch_idx:500/782-- 2945.88 samples/sec-- Loss:0.01 -- Error1:0.02
Phase:train -- Batch_idx:600/782-- 2977.39 samples/sec-- Loss:0.01 -- Error1:0.02
Phase:train -- Batch_idx:700/782-- 2958.56 samples/sec-- Loss:0.01 -- Error1:0.02
Train_Loss = 0.00703499579668045, Train_Err = 0.016
Val_Loss = 3.289135768890381, Val_Err = 57.93
Epoch: [92 | 100]
Phase:train -- Batch_idx:100/782-- 2559.54 samples/sec-- Loss:0.01 -- Error1:0.03
Phase:train -- Batch_idx:200/782-- 2496.22 samples/sec-- Loss:0.01 -- Error1:0.02
Phase:train -- Batch_idx:300/782-- 2575.95 samples/sec-- Loss:0.01 -- Error1:0.02
Phase:train -- Batch_idx:400/782-- 2634.51 samples/sec-- Loss:0.01 -- Error1:0.02
Phase:train -- Batch_idx:500/782-- 2662.06 samples/sec-- Loss:0.01 -- Error1:0.02
Phase:train -- Batch_idx:600/782-- 2680.68 samples/sec-- Loss:0.01 -- Error1:0.02
Phase:train -- Batch_idx:700/782-- 2704.85 samples/sec-- Loss:0.01 -- Error1:0.02
Train_Loss = 0.007039103696942329, Train_Err = 0.02
Val_Loss = 3.274467241668701, Val_Err = 58.05
Epoch: [93 | 100]
Phase:train -- Batch_idx:100/782-- 2524.25 samples/sec-- Loss:0.01 -- Error1:0.01
Phase:train -- Batch_idx:200/782-- 2611.60 samples/sec-- Loss:0.01 -- Error1:0.01
Phase:train -- Batch_idx:300/782-- 2669.76 samples/sec-- Loss:0.01 -- Error1:0.01
Phase:train -- Batch_idx:400/782-- 2695.98 samples/sec-- Loss:0.01 -- Error1:0.01
Phase:train -- Batch_idx:500/782-- 2731.40 samples/sec-- Loss:0.01 -- Error1:0.01
Phase:train -- Batch_idx:600/782-- 2719.20 samples/sec-- Loss:0.01 -- Error1:0.02
Phase:train -- Batch_idx:700/782-- 2719.26 samples/sec-- Loss:0.01 -- Error1:0.02
Train_Loss = 0.006975262660980225, Train_Err = 0.018
Val_Loss = 3.2738013427734374, Val_Err = 57.95
Epoch: [94 | 100]
Phase:train -- Batch_idx:100/782-- 2568.58 samples/sec-- Loss:0.01 -- Error1:0.02
Phase:train -- Batch_idx:200/782-- 2624.24 samples/sec-- Loss:0.01 -- Error1:0.01
Phase:train -- Batch_idx:300/782-- 2684.99 samples/sec-- Loss:0.01 -- Error1:0.02
Phase:train -- Batch_idx:400/782-- 2732.73 samples/sec-- Loss:0.01 -- Error1:0.02
Phase:train -- Batch_idx:500/782-- 2758.86 samples/sec-- Loss:0.01 -- Error1:0.02
Phase:train -- Batch_idx:600/782-- 2749.97 samples/sec-- Loss:0.01 -- Error1:0.01
Phase:train -- Batch_idx:700/782-- 2768.12 samples/sec-- Loss:0.01 -- Error1:0.01
Train_Loss = 0.007011779844164848, Train_Err = 0.018
Val_Loss = 3.283170809173584, Val_Err = 58.14
Epoch: [95 | 100]
Phase:train -- Batch_idx:100/782-- 2485.16 samples/sec-- Loss:0.01 -- Error1:0.01
Phase:train -- Batch_idx:200/782-- 2589.30 samples/sec-- Loss:0.01 -- Error1:0.01
Phase:train -- Batch_idx:300/782-- 2595.75 samples/sec-- Loss:0.01 -- Error1:0.02
Phase:train -- Batch_idx:400/782-- 2663.31 samples/sec-- Loss:0.01 -- Error1:0.03
Phase:train -- Batch_idx:500/782-- 2705.72 samples/sec-- Loss:0.01 -- Error1:0.02
Phase:train -- Batch_idx:600/782-- 2700.34 samples/sec-- Loss:0.01 -- Error1:0.02
Phase:train -- Batch_idx:700/782-- 2721.89 samples/sec-- Loss:0.01 -- Error1:0.02
Train_Loss = 0.007072828577458858, Train_Err = 0.025
Val_Loss = 3.273901615905762, Val_Err = 58.06
Epoch: [96 | 100]
Phase:train -- Batch_idx:100/782-- 2506.22 samples/sec-- Loss:0.01 -- Error1:0.00
Phase:train -- Batch_idx:200/782-- 2602.66 samples/sec-- Loss:0.01 -- Error1:0.00
Phase:train -- Batch_idx:300/782-- 2646.01 samples/sec-- Loss:0.01 -- Error1:0.01
Phase:train -- Batch_idx:400/782-- 2689.02 samples/sec-- Loss:0.01 -- Error1:0.02
Phase:train -- Batch_idx:500/782-- 2722.65 samples/sec-- Loss:0.01 -- Error1:0.02
Phase:train -- Batch_idx:600/782-- 2732.40 samples/sec-- Loss:0.01 -- Error1:0.02
Phase:train -- Batch_idx:700/782-- 2711.54 samples/sec-- Loss:0.01 -- Error1:0.02
Train_Loss = 0.007042186672091484, Train_Err = 0.018
Val_Loss = 3.28308399810791, Val_Err = 57.97
Epoch: [97 | 100]
Phase:train -- Batch_idx:100/782-- 2542.16 samples/sec-- Loss:0.01 -- Error1:0.02
Phase:train -- Batch_idx:200/782-- 2624.45 samples/sec-- Loss:0.01 -- Error1:0.04
Phase:train -- Batch_idx:300/782-- 2688.21 samples/sec-- Loss:0.01 -- Error1:0.02
Phase:train -- Batch_idx:400/782-- 2741.92 samples/sec-- Loss:0.01 -- Error1:0.02
Phase:train -- Batch_idx:500/782-- 2748.81 samples/sec-- Loss:0.01 -- Error1:0.02
Phase:train -- Batch_idx:600/782-- 2750.86 samples/sec-- Loss:0.01 -- Error1:0.02
Phase:train -- Batch_idx:700/782-- 2758.09 samples/sec-- Loss:0.01 -- Error1:0.02
Train_Loss = 0.006995586938261986, Train_Err = 0.023
Val_Loss = 3.2807110557556154, Val_Err = 58.09
Epoch: [98 | 100]
Phase:train -- Batch_idx:100/782-- 2462.71 samples/sec-- Loss:0.01 -- Error1:0.02
Phase:train -- Batch_idx:200/782-- 2586.76 samples/sec-- Loss:0.01 -- Error1:0.02
Phase:train -- Batch_idx:300/782-- 2567.48 samples/sec-- Loss:0.01 -- Error1:0.02
Phase:train -- Batch_idx:400/782-- 2613.66 samples/sec-- Loss:0.01 -- Error1:0.03
Phase:train -- Batch_idx:500/782-- 2642.30 samples/sec-- Loss:0.01 -- Error1:0.03
Phase:train -- Batch_idx:600/782-- 2679.33 samples/sec-- Loss:0.01 -- Error1:0.03
Phase:train -- Batch_idx:700/782-- 2704.22 samples/sec-- Loss:0.01 -- Error1:0.02
Train_Loss = 0.00705215148627758, Train_Err = 0.024
Val_Loss = 3.2748666404724123, Val_Err = 58.21
Epoch: [99 | 100]
Phase:train -- Batch_idx:100/782-- 2450.62 samples/sec-- Loss:0.01 -- Error1:0.02
Phase:train -- Batch_idx:200/782-- 2597.68 samples/sec-- Loss:0.01 -- Error1:0.02
Phase:train -- Batch_idx:300/782-- 2680.33 samples/sec-- Loss:0.01 -- Error1:0.01
Phase:train -- Batch_idx:400/782-- 2712.33 samples/sec-- Loss:0.01 -- Error1:0.01
Phase:train -- Batch_idx:500/782-- 2723.54 samples/sec-- Loss:0.01 -- Error1:0.02
Phase:train -- Batch_idx:600/782-- 2742.56 samples/sec-- Loss:0.01 -- Error1:0.02
Phase:train -- Batch_idx:700/782-- 2722.10 samples/sec-- Loss:0.01 -- Error1:0.02
Train_Loss = 0.006934913266897201, Train_Err = 0.016
Val_Loss = 3.2822464965820313, Val_Err = 58.14
