Namespace(bs=128, cp_dir='./checkpoints/cifar100_new/resnet50/fsgd/run_ms_1/run0', data_dir='./data/cifar100', dir='.', dtype='cifar100', ep=200, loadckp=None, lr=0.1, milestones=[100, 120], mo=0.9, ms=1, mtype='resnet50', n='cifar100_new/resnet50/fsgd', num_classes=100, print_freq=100, std=0.002, use_cuda=True, wd=0.0005)
Epoch: [0 | 200]
Phase:train -- Batch_idx:100/391-- 681.17 samples/sec-- Loss:8.19 -- Error1:98.91
Phase:train -- Batch_idx:200/391-- 715.45 samples/sec-- Loss:6.57 -- Error1:98.88
Phase:train -- Batch_idx:300/391-- 727.79 samples/sec-- Loss:5.97 -- Error1:98.88
Train_Loss = 5.65793895324707, Train_Err = 98.866
Val_Loss = 4.599782678222656, Val_Err = 98.7
Epoch: [1 | 200]
Phase:train -- Batch_idx:100/391-- 742.06 samples/sec-- Loss:4.61 -- Error1:98.53
Phase:train -- Batch_idx:200/391-- 747.55 samples/sec-- Loss:4.59 -- Error1:98.46
Phase:train -- Batch_idx:300/391-- 749.25 samples/sec-- Loss:4.57 -- Error1:98.40
Train_Loss = 4.5618835317993165, Train_Err = 98.256
Val_Loss = 4.515929917907715, Val_Err = 97.96
Epoch: [2 | 200]
Phase:train -- Batch_idx:100/391-- 741.75 samples/sec-- Loss:4.49 -- Error1:97.61
Phase:train -- Batch_idx:200/391-- 746.54 samples/sec-- Loss:4.45 -- Error1:97.42
Phase:train -- Batch_idx:300/391-- 748.09 samples/sec-- Loss:4.41 -- Error1:97.10
Train_Loss = 4.3709184414672855, Train_Err = 96.866
Val_Loss = 4.274733959197998, Val_Err = 96.34
Epoch: [3 | 200]
Phase:train -- Batch_idx:100/391-- 740.68 samples/sec-- Loss:4.20 -- Error1:95.41
Phase:train -- Batch_idx:200/391-- 746.81 samples/sec-- Loss:4.19 -- Error1:95.44
Phase:train -- Batch_idx:300/391-- 748.07 samples/sec-- Loss:4.17 -- Error1:95.28
Train_Loss = 4.146856635589599, Train_Err = 95.092
Val_Loss = 4.090394614410401, Val_Err = 93.92
Epoch: [4 | 200]
Phase:train -- Batch_idx:100/391-- 739.41 samples/sec-- Loss:4.04 -- Error1:93.80
Phase:train -- Batch_idx:200/391-- 745.51 samples/sec-- Loss:4.01 -- Error1:93.48
Phase:train -- Batch_idx:300/391-- 748.16 samples/sec-- Loss:3.99 -- Error1:93.21
Train_Loss = 3.9656407835388183, Train_Err = 92.934
Val_Loss = 3.898130573272705, Val_Err = 92.07
Epoch: [5 | 200]
Phase:train -- Batch_idx:100/391-- 739.47 samples/sec-- Loss:3.85 -- Error1:91.22
Phase:train -- Batch_idx:200/391-- 744.76 samples/sec-- Loss:3.83 -- Error1:90.93
Phase:train -- Batch_idx:300/391-- 746.85 samples/sec-- Loss:3.80 -- Error1:90.54
Train_Loss = 3.772435755081177, Train_Err = 90.12
Val_Loss = 3.7048926010131837, Val_Err = 88.58
Epoch: [6 | 200]
Phase:train -- Batch_idx:100/391-- 739.26 samples/sec-- Loss:3.63 -- Error1:87.48
Phase:train -- Batch_idx:200/391-- 744.64 samples/sec-- Loss:3.61 -- Error1:87.33
Phase:train -- Batch_idx:300/391-- 746.38 samples/sec-- Loss:3.58 -- Error1:86.93
Train_Loss = 3.551879105987549, Train_Err = 86.328
Val_Loss = 3.4932409465789793, Val_Err = 84.93
Epoch: [7 | 200]
Phase:train -- Batch_idx:100/391-- 739.47 samples/sec-- Loss:3.42 -- Error1:83.91
Phase:train -- Batch_idx:200/391-- 744.93 samples/sec-- Loss:3.39 -- Error1:83.44
Phase:train -- Batch_idx:300/391-- 746.75 samples/sec-- Loss:3.37 -- Error1:82.95
Train_Loss = 3.3391146350097656, Train_Err = 82.442
Val_Loss = 3.2093939235687254, Val_Err = 80.07
Epoch: [8 | 200]
Phase:train -- Batch_idx:100/391-- 739.59 samples/sec-- Loss:3.18 -- Error1:79.54
Phase:train -- Batch_idx:200/391-- 744.84 samples/sec-- Loss:3.15 -- Error1:79.08
Phase:train -- Batch_idx:300/391-- 746.56 samples/sec-- Loss:3.12 -- Error1:78.48
Train_Loss = 3.0952651245117186, Train_Err = 77.966
Val_Loss = 3.105990885925293, Val_Err = 77.58
Epoch: [9 | 200]
Phase:train -- Batch_idx:100/391-- 739.46 samples/sec-- Loss:2.91 -- Error1:74.12
Phase:train -- Batch_idx:200/391-- 745.01 samples/sec-- Loss:2.88 -- Error1:73.76
Phase:train -- Batch_idx:300/391-- 746.73 samples/sec-- Loss:2.86 -- Error1:73.43
Train_Loss = 2.8536154503631592, Train_Err = 73.288
Val_Loss = 2.891294636154175, Val_Err = 74.11
Epoch: [10 | 200]
Phase:train -- Batch_idx:100/391-- 740.75 samples/sec-- Loss:2.69 -- Error1:70.77
Phase:train -- Batch_idx:200/391-- 746.33 samples/sec-- Loss:2.70 -- Error1:70.59
Phase:train -- Batch_idx:300/391-- 748.10 samples/sec-- Loss:2.68 -- Error1:70.18
Train_Loss = 2.66404512298584, Train_Err = 69.888
Val_Loss = 2.859295178604126, Val_Err = 72.12
Epoch: [11 | 200]
Phase:train -- Batch_idx:100/391-- 738.27 samples/sec-- Loss:2.50 -- Error1:66.32
Phase:train -- Batch_idx:200/391-- 743.82 samples/sec-- Loss:2.49 -- Error1:66.22
Phase:train -- Batch_idx:300/391-- 745.71 samples/sec-- Loss:2.47 -- Error1:65.73
Train_Loss = 2.4607873920440673, Train_Err = 65.542
Val_Loss = 2.451619441604614, Val_Err = 64.87
Epoch: [12 | 200]
Phase:train -- Batch_idx:100/391-- 741.51 samples/sec-- Loss:2.32 -- Error1:63.00
Phase:train -- Batch_idx:200/391-- 746.24 samples/sec-- Loss:2.32 -- Error1:62.57
Phase:train -- Batch_idx:300/391-- 747.39 samples/sec-- Loss:2.32 -- Error1:62.43
Train_Loss = 2.3166842503356935, Train_Err = 62.418
Val_Loss = 2.4994431186676027, Val_Err = 64.83
Epoch: [13 | 200]
Phase:train -- Batch_idx:100/391-- 740.53 samples/sec-- Loss:2.21 -- Error1:60.03
Phase:train -- Batch_idx:200/391-- 745.91 samples/sec-- Loss:2.18 -- Error1:59.45
Phase:train -- Batch_idx:300/391-- 747.53 samples/sec-- Loss:2.18 -- Error1:59.38
Train_Loss = 2.1806187606048586, Train_Err = 59.376
Val_Loss = 2.427873611068726, Val_Err = 62.5
Epoch: [14 | 200]
Phase:train -- Batch_idx:100/391-- 739.63 samples/sec-- Loss:2.05 -- Error1:55.88
Phase:train -- Batch_idx:200/391-- 745.06 samples/sec-- Loss:2.07 -- Error1:56.57
Phase:train -- Batch_idx:300/391-- 746.97 samples/sec-- Loss:2.07 -- Error1:56.73
Train_Loss = 2.0730640631866457, Train_Err = 56.81
Val_Loss = 2.287091955566406, Val_Err = 60.36
Epoch: [15 | 200]
Phase:train -- Batch_idx:100/391-- 741.20 samples/sec-- Loss:1.95 -- Error1:54.39
Phase:train -- Batch_idx:200/391-- 745.70 samples/sec-- Loss:1.98 -- Error1:55.00
Phase:train -- Batch_idx:300/391-- 747.32 samples/sec-- Loss:1.98 -- Error1:55.12
Train_Loss = 1.9834527648925782, Train_Err = 55.146
Val_Loss = 2.3712288135528565, Val_Err = 61.76
Epoch: [16 | 200]
Phase:train -- Batch_idx:100/391-- 740.72 samples/sec-- Loss:1.87 -- Error1:51.94
Phase:train -- Batch_idx:200/391-- 745.85 samples/sec-- Loss:1.90 -- Error1:52.70
Phase:train -- Batch_idx:300/391-- 747.49 samples/sec-- Loss:1.91 -- Error1:53.02
Train_Loss = 1.9078233541488647, Train_Err = 52.978
Val_Loss = 2.1883156618118287, Val_Err = 57.86
Epoch: [17 | 200]
Phase:train -- Batch_idx:100/391-- 739.67 samples/sec-- Loss:1.83 -- Error1:51.34
Phase:train -- Batch_idx:200/391-- 746.39 samples/sec-- Loss:1.83 -- Error1:51.11
Phase:train -- Batch_idx:300/391-- 748.68 samples/sec-- Loss:1.83 -- Error1:51.20
Train_Loss = 1.8461234340667725, Train_Err = 51.332
Val_Loss = 2.198824486541748, Val_Err = 57.78
Epoch: [18 | 200]
Phase:train -- Batch_idx:100/391-- 739.11 samples/sec-- Loss:1.75 -- Error1:49.66
Phase:train -- Batch_idx:200/391-- 744.68 samples/sec-- Loss:1.75 -- Error1:49.40
Phase:train -- Batch_idx:300/391-- 746.38 samples/sec-- Loss:1.77 -- Error1:49.79
Train_Loss = 1.7763746088409424, Train_Err = 49.888
Val_Loss = 1.9867178480148315, Val_Err = 54.15
Epoch: [19 | 200]
Phase:train -- Batch_idx:100/391-- 739.04 samples/sec-- Loss:1.67 -- Error1:48.05
Phase:train -- Batch_idx:200/391-- 744.72 samples/sec-- Loss:1.70 -- Error1:48.27
Phase:train -- Batch_idx:300/391-- 746.61 samples/sec-- Loss:1.72 -- Error1:48.73
Train_Loss = 1.7293918185043335, Train_Err = 48.744
Val_Loss = 2.282481031036377, Val_Err = 58.45
Epoch: [20 | 200]
Phase:train -- Batch_idx:100/391-- 740.76 samples/sec-- Loss:1.64 -- Error1:46.36
Phase:train -- Batch_idx:200/391-- 746.79 samples/sec-- Loss:1.67 -- Error1:47.27
Phase:train -- Batch_idx:300/391-- 747.81 samples/sec-- Loss:1.68 -- Error1:47.45
Train_Loss = 1.684841603012085, Train_Err = 47.642
Val_Loss = 2.0607913602828978, Val_Err = 54.3
Epoch: [21 | 200]
Phase:train -- Batch_idx:100/391-- 739.53 samples/sec-- Loss:1.57 -- Error1:44.78
Phase:train -- Batch_idx:200/391-- 745.19 samples/sec-- Loss:1.61 -- Error1:45.83
Phase:train -- Batch_idx:300/391-- 746.95 samples/sec-- Loss:1.63 -- Error1:46.18
Train_Loss = 1.6364046461486816, Train_Err = 46.356
Val_Loss = 1.9678736740112304, Val_Err = 51.6
Epoch: [22 | 200]
Phase:train -- Batch_idx:100/391-- 741.70 samples/sec-- Loss:1.52 -- Error1:43.68
Phase:train -- Batch_idx:200/391-- 747.75 samples/sec-- Loss:1.56 -- Error1:44.65
Phase:train -- Batch_idx:300/391-- 749.75 samples/sec-- Loss:1.58 -- Error1:45.18
Train_Loss = 1.6037997444915773, Train_Err = 45.72
Val_Loss = 2.0074693481445314, Val_Err = 52.58
Epoch: [23 | 200]
Phase:train -- Batch_idx:100/391-- 744.08 samples/sec-- Loss:1.50 -- Error1:43.27
Phase:train -- Batch_idx:200/391-- 748.86 samples/sec-- Loss:1.54 -- Error1:43.89
Phase:train -- Batch_idx:300/391-- 750.45 samples/sec-- Loss:1.55 -- Error1:44.26
Train_Loss = 1.5649022327423097, Train_Err = 44.604
Val_Loss = 2.065832212638855, Val_Err = 53.38
Epoch: [24 | 200]
Phase:train -- Batch_idx:100/391-- 741.63 samples/sec-- Loss:1.46 -- Error1:41.99
Phase:train -- Batch_idx:200/391-- 746.75 samples/sec-- Loss:1.49 -- Error1:42.81
Phase:train -- Batch_idx:300/391-- 748.53 samples/sec-- Loss:1.52 -- Error1:43.72
Train_Loss = 1.5327016663360595, Train_Err = 43.954
Val_Loss = 2.042359010696411, Val_Err = 54.03
Epoch: [25 | 200]
Phase:train -- Batch_idx:100/391-- 742.44 samples/sec-- Loss:1.46 -- Error1:42.20
Phase:train -- Batch_idx:200/391-- 747.58 samples/sec-- Loss:1.47 -- Error1:42.57
Phase:train -- Batch_idx:300/391-- 749.24 samples/sec-- Loss:1.49 -- Error1:42.79
Train_Loss = 1.497776738357544, Train_Err = 42.886
Val_Loss = 1.983155965423584, Val_Err = 51.77
Epoch: [26 | 200]
Phase:train -- Batch_idx:100/391-- 742.47 samples/sec-- Loss:1.44 -- Error1:41.73
Phase:train -- Batch_idx:200/391-- 747.40 samples/sec-- Loss:1.46 -- Error1:42.00
Phase:train -- Batch_idx:300/391-- 749.12 samples/sec-- Loss:1.47 -- Error1:42.35
Train_Loss = 1.4836943872833253, Train_Err = 42.686
Val_Loss = 1.9180174701690673, Val_Err = 50.31
Epoch: [27 | 200]
Phase:train -- Batch_idx:100/391-- 742.15 samples/sec-- Loss:1.40 -- Error1:41.16
Phase:train -- Batch_idx:200/391-- 747.42 samples/sec-- Loss:1.44 -- Error1:41.53
Phase:train -- Batch_idx:300/391-- 749.21 samples/sec-- Loss:1.45 -- Error1:41.79
Train_Loss = 1.4616918341064453, Train_Err = 42.104
Val_Loss = 2.0175396308898925, Val_Err = 52.59
Epoch: [28 | 200]
Phase:train -- Batch_idx:100/391-- 742.55 samples/sec-- Loss:1.34 -- Error1:39.68
Phase:train -- Batch_idx:200/391-- 747.43 samples/sec-- Loss:1.40 -- Error1:40.73
Phase:train -- Batch_idx:300/391-- 749.17 samples/sec-- Loss:1.42 -- Error1:41.27
Train_Loss = 1.4372525048446656, Train_Err = 41.37
Val_Loss = 1.990910303878784, Val_Err = 51.44
Epoch: [29 | 200]
Phase:train -- Batch_idx:100/391-- 742.35 samples/sec-- Loss:1.35 -- Error1:38.87
Phase:train -- Batch_idx:200/391-- 747.58 samples/sec-- Loss:1.39 -- Error1:40.12
Phase:train -- Batch_idx:300/391-- 749.35 samples/sec-- Loss:1.40 -- Error1:40.47
Train_Loss = 1.4180562649154662, Train_Err = 40.724
Val_Loss = 2.0276962520599366, Val_Err = 52.34
Epoch: [30 | 200]
Phase:train -- Batch_idx:100/391-- 742.61 samples/sec-- Loss:1.34 -- Error1:38.98
Phase:train -- Batch_idx:200/391-- 747.66 samples/sec-- Loss:1.37 -- Error1:39.78
Phase:train -- Batch_idx:300/391-- 749.34 samples/sec-- Loss:1.39 -- Error1:40.17
Train_Loss = 1.4055791653823853, Train_Err = 40.452
Val_Loss = 1.9317027370452882, Val_Err = 49.65
Epoch: [31 | 200]
Phase:train -- Batch_idx:100/391-- 741.40 samples/sec-- Loss:1.30 -- Error1:37.43
Phase:train -- Batch_idx:200/391-- 746.88 samples/sec-- Loss:1.33 -- Error1:38.50
Phase:train -- Batch_idx:300/391-- 748.70 samples/sec-- Loss:1.37 -- Error1:39.40
Train_Loss = 1.3802686321258546, Train_Err = 39.762
Val_Loss = 1.939186083984375, Val_Err = 49.19
Epoch: [32 | 200]
Phase:train -- Batch_idx:100/391-- 742.71 samples/sec-- Loss:1.32 -- Error1:38.49
Phase:train -- Batch_idx:200/391-- 747.45 samples/sec-- Loss:1.35 -- Error1:39.03
Phase:train -- Batch_idx:300/391-- 749.09 samples/sec-- Loss:1.37 -- Error1:39.51
Train_Loss = 1.373688516998291, Train_Err = 39.696
Val_Loss = 1.8220890888214112, Val_Err = 47.75
Epoch: [33 | 200]
Phase:train -- Batch_idx:100/391-- 741.32 samples/sec-- Loss:1.28 -- Error1:37.52
Phase:train -- Batch_idx:200/391-- 746.98 samples/sec-- Loss:1.33 -- Error1:39.06
Phase:train -- Batch_idx:300/391-- 748.89 samples/sec-- Loss:1.35 -- Error1:39.40
Train_Loss = 1.3655395737457274, Train_Err = 39.712
Val_Loss = 1.910350061416626, Val_Err = 49.27
Epoch: [34 | 200]
Phase:train -- Batch_idx:100/391-- 743.20 samples/sec-- Loss:1.26 -- Error1:36.48
Phase:train -- Batch_idx:200/391-- 747.79 samples/sec-- Loss:1.29 -- Error1:37.46
Phase:train -- Batch_idx:300/391-- 749.40 samples/sec-- Loss:1.32 -- Error1:38.27
Train_Loss = 1.3487700188446046, Train_Err = 38.986
Val_Loss = 1.8854173580169677, Val_Err = 50.02
Epoch: [35 | 200]
Phase:train -- Batch_idx:100/391-- 742.60 samples/sec-- Loss:1.27 -- Error1:36.76
Phase:train -- Batch_idx:200/391-- 747.56 samples/sec-- Loss:1.29 -- Error1:37.40
Phase:train -- Batch_idx:300/391-- 749.12 samples/sec-- Loss:1.31 -- Error1:38.14
Train_Loss = 1.3333951211166382, Train_Err = 38.716
Val_Loss = 2.0332674379348754, Val_Err = 50.62
Epoch: [36 | 200]
Phase:train -- Batch_idx:100/391-- 742.60 samples/sec-- Loss:1.26 -- Error1:36.80
Phase:train -- Batch_idx:200/391-- 747.56 samples/sec-- Loss:1.29 -- Error1:37.46
Phase:train -- Batch_idx:300/391-- 749.24 samples/sec-- Loss:1.31 -- Error1:38.09
Train_Loss = 1.3298754975891114, Train_Err = 38.574
Val_Loss = 1.8242752756118774, Val_Err = 48.3
Epoch: [37 | 200]
Phase:train -- Batch_idx:100/391-- 742.56 samples/sec-- Loss:1.24 -- Error1:36.26
Phase:train -- Batch_idx:200/391-- 747.72 samples/sec-- Loss:1.26 -- Error1:36.99
Phase:train -- Batch_idx:300/391-- 749.41 samples/sec-- Loss:1.30 -- Error1:37.95
Train_Loss = 1.3172254567337036, Train_Err = 38.364
Val_Loss = 1.7868826587677002, Val_Err = 47.52
Epoch: [38 | 200]
Phase:train -- Batch_idx:100/391-- 741.84 samples/sec-- Loss:1.22 -- Error1:35.48
Phase:train -- Batch_idx:200/391-- 747.14 samples/sec-- Loss:1.27 -- Error1:36.77
Phase:train -- Batch_idx:300/391-- 749.02 samples/sec-- Loss:1.29 -- Error1:37.25
Train_Loss = 1.3023526284408569, Train_Err = 37.714
Val_Loss = 1.7737531076431274, Val_Err = 46.83
Epoch: [39 | 200]
Phase:train -- Batch_idx:100/391-- 742.02 samples/sec-- Loss:1.22 -- Error1:35.43
Phase:train -- Batch_idx:200/391-- 747.34 samples/sec-- Loss:1.26 -- Error1:36.53
Phase:train -- Batch_idx:300/391-- 749.09 samples/sec-- Loss:1.28 -- Error1:37.29
Train_Loss = 1.2929022687911986, Train_Err = 37.726
Val_Loss = 1.7577623390197754, Val_Err = 46.67
Epoch: [40 | 200]
Phase:train -- Batch_idx:100/391-- 741.89 samples/sec-- Loss:1.23 -- Error1:35.79
Phase:train -- Batch_idx:200/391-- 747.30 samples/sec-- Loss:1.26 -- Error1:36.56
Phase:train -- Batch_idx:300/391-- 749.17 samples/sec-- Loss:1.28 -- Error1:36.92
Train_Loss = 1.286886343765259, Train_Err = 37.294
Val_Loss = 1.886682010269165, Val_Err = 49.0
Epoch: [41 | 200]
Phase:train -- Batch_idx:100/391-- 742.76 samples/sec-- Loss:1.18 -- Error1:34.62
Phase:train -- Batch_idx:200/391-- 748.01 samples/sec-- Loss:1.23 -- Error1:36.02
Phase:train -- Batch_idx:300/391-- 749.76 samples/sec-- Loss:1.26 -- Error1:36.62
Train_Loss = 1.2779414430618286, Train_Err = 37.224
Val_Loss = 1.9702936826705932, Val_Err = 49.91
Epoch: [42 | 200]
Phase:train -- Batch_idx:100/391-- 743.33 samples/sec-- Loss:1.17 -- Error1:34.54
Phase:train -- Batch_idx:200/391-- 747.93 samples/sec-- Loss:1.22 -- Error1:35.72
Phase:train -- Batch_idx:300/391-- 749.44 samples/sec-- Loss:1.25 -- Error1:36.73
Train_Loss = 1.274091851158142, Train_Err = 37.056
Val_Loss = 1.8768628768920899, Val_Err = 47.88
Epoch: [43 | 200]
Phase:train -- Batch_idx:100/391-- 742.74 samples/sec-- Loss:1.19 -- Error1:34.59
Phase:train -- Batch_idx:200/391-- 747.55 samples/sec-- Loss:1.23 -- Error1:36.13
Phase:train -- Batch_idx:300/391-- 749.32 samples/sec-- Loss:1.26 -- Error1:36.83
Train_Loss = 1.2755514374160766, Train_Err = 37.272
Val_Loss = 1.864805182647705, Val_Err = 48.28
Epoch: [44 | 200]
Phase:train -- Batch_idx:100/391-- 740.24 samples/sec-- Loss:1.17 -- Error1:34.33
Phase:train -- Batch_idx:200/391-- 746.49 samples/sec-- Loss:1.22 -- Error1:35.79
Phase:train -- Batch_idx:300/391-- 748.61 samples/sec-- Loss:1.24 -- Error1:36.38
Train_Loss = 1.25950053691864, Train_Err = 36.788
Val_Loss = 1.751724250793457, Val_Err = 45.53
Epoch: [45 | 200]
Phase:train -- Batch_idx:100/391-- 742.53 samples/sec-- Loss:1.16 -- Error1:34.77
Phase:train -- Batch_idx:200/391-- 747.87 samples/sec-- Loss:1.21 -- Error1:35.66
Phase:train -- Batch_idx:300/391-- 749.64 samples/sec-- Loss:1.24 -- Error1:36.33
Train_Loss = 1.2591681438827516, Train_Err = 36.902
Val_Loss = 1.7812042566299437, Val_Err = 46.9
Epoch: [46 | 200]
Phase:train -- Batch_idx:100/391-- 743.16 samples/sec-- Loss:1.14 -- Error1:34.16
Phase:train -- Batch_idx:200/391-- 748.11 samples/sec-- Loss:1.20 -- Error1:35.47
Phase:train -- Batch_idx:300/391-- 749.79 samples/sec-- Loss:1.23 -- Error1:36.24
Train_Loss = 1.2502908206939698, Train_Err = 36.706
Val_Loss = 1.6522079933166505, Val_Err = 44.4
Epoch: [47 | 200]
Phase:train -- Batch_idx:100/391-- 742.18 samples/sec-- Loss:1.15 -- Error1:34.38
Phase:train -- Batch_idx:200/391-- 747.45 samples/sec-- Loss:1.20 -- Error1:35.27
Phase:train -- Batch_idx:300/391-- 749.21 samples/sec-- Loss:1.23 -- Error1:35.91
Train_Loss = 1.2392318307113648, Train_Err = 36.17
Val_Loss = 1.7167390432357787, Val_Err = 46.15
Epoch: [48 | 200]
Phase:train -- Batch_idx:100/391-- 742.33 samples/sec-- Loss:1.16 -- Error1:34.52
Phase:train -- Batch_idx:200/391-- 747.51 samples/sec-- Loss:1.20 -- Error1:35.33
Phase:train -- Batch_idx:300/391-- 749.22 samples/sec-- Loss:1.22 -- Error1:35.88
Train_Loss = 1.2372183850479126, Train_Err = 36.23
Val_Loss = 2.042633810043335, Val_Err = 48.86
Epoch: [49 | 200]
Phase:train -- Batch_idx:100/391-- 742.90 samples/sec-- Loss:1.15 -- Error1:34.26
Phase:train -- Batch_idx:200/391-- 747.81 samples/sec-- Loss:1.18 -- Error1:35.09
Phase:train -- Batch_idx:300/391-- 749.45 samples/sec-- Loss:1.21 -- Error1:35.67
Train_Loss = 1.2292359553527832, Train_Err = 36.036
Val_Loss = 1.7454182073593139, Val_Err = 46.96
Epoch: [50 | 200]
Phase:train -- Batch_idx:100/391-- 742.89 samples/sec-- Loss:1.14 -- Error1:33.49
Phase:train -- Batch_idx:200/391-- 747.97 samples/sec-- Loss:1.19 -- Error1:34.96
Phase:train -- Batch_idx:300/391-- 749.74 samples/sec-- Loss:1.22 -- Error1:35.58
Train_Loss = 1.2278005043029785, Train_Err = 35.794
Val_Loss = 1.9219237562179565, Val_Err = 48.63
Epoch: [51 | 200]
Phase:train -- Batch_idx:100/391-- 743.04 samples/sec-- Loss:1.16 -- Error1:34.24
Phase:train -- Batch_idx:200/391-- 748.11 samples/sec-- Loss:1.19 -- Error1:34.85
Phase:train -- Batch_idx:300/391-- 749.69 samples/sec-- Loss:1.21 -- Error1:35.53
Train_Loss = 1.2219933711624145, Train_Err = 35.824
Val_Loss = 1.6497273870468139, Val_Err = 43.97
Epoch: [52 | 200]
Phase:train -- Batch_idx:100/391-- 742.47 samples/sec-- Loss:1.12 -- Error1:32.86
Phase:train -- Batch_idx:200/391-- 747.56 samples/sec-- Loss:1.18 -- Error1:34.33
Phase:train -- Batch_idx:300/391-- 749.26 samples/sec-- Loss:1.20 -- Error1:35.14
Train_Loss = 1.2226862576293944, Train_Err = 35.628
Val_Loss = 1.8588033395767212, Val_Err = 47.69
Epoch: [53 | 200]
Phase:train -- Batch_idx:100/391-- 742.70 samples/sec-- Loss:1.12 -- Error1:33.25
Phase:train -- Batch_idx:200/391-- 747.57 samples/sec-- Loss:1.18 -- Error1:34.77
Phase:train -- Batch_idx:300/391-- 749.28 samples/sec-- Loss:1.21 -- Error1:35.65
Train_Loss = 1.2220333169174193, Train_Err = 36.0
Val_Loss = 1.8062879962921143, Val_Err = 46.16
Epoch: [54 | 200]
Phase:train -- Batch_idx:100/391-- 742.78 samples/sec-- Loss:1.11 -- Error1:32.88
Phase:train -- Batch_idx:200/391-- 748.04 samples/sec-- Loss:1.16 -- Error1:34.06
Phase:train -- Batch_idx:300/391-- 749.70 samples/sec-- Loss:1.19 -- Error1:34.88
Train_Loss = 1.2093701614761352, Train_Err = 35.366
Val_Loss = 1.9225089359283447, Val_Err = 47.88
Epoch: [55 | 200]
Phase:train -- Batch_idx:100/391-- 742.94 samples/sec-- Loss:1.13 -- Error1:33.62
Phase:train -- Batch_idx:200/391-- 747.82 samples/sec-- Loss:1.17 -- Error1:34.18
Phase:train -- Batch_idx:300/391-- 749.48 samples/sec-- Loss:1.19 -- Error1:35.01
Train_Loss = 1.2131763947296144, Train_Err = 35.534
Val_Loss = 1.815737403869629, Val_Err = 47.65
Epoch: [56 | 200]
Phase:train -- Batch_idx:100/391-- 742.72 samples/sec-- Loss:1.13 -- Error1:33.57
Phase:train -- Batch_idx:200/391-- 747.81 samples/sec-- Loss:1.17 -- Error1:34.59
Phase:train -- Batch_idx:300/391-- 749.46 samples/sec-- Loss:1.20 -- Error1:35.27
Train_Loss = 1.2075511582183838, Train_Err = 35.512
Val_Loss = 1.8195285205841065, Val_Err = 47.53
Epoch: [57 | 200]
Phase:train -- Batch_idx:100/391-- 742.80 samples/sec-- Loss:1.08 -- Error1:32.34
Phase:train -- Batch_idx:200/391-- 747.82 samples/sec-- Loss:1.14 -- Error1:33.61
Phase:train -- Batch_idx:300/391-- 749.57 samples/sec-- Loss:1.18 -- Error1:34.41
Train_Loss = 1.196264227409363, Train_Err = 34.96
Val_Loss = 1.7760885879516601, Val_Err = 46.65
Epoch: [58 | 200]
Phase:train -- Batch_idx:100/391-- 742.78 samples/sec-- Loss:1.10 -- Error1:32.07
Phase:train -- Batch_idx:200/391-- 747.81 samples/sec-- Loss:1.15 -- Error1:33.63
Phase:train -- Batch_idx:300/391-- 749.44 samples/sec-- Loss:1.18 -- Error1:34.46
Train_Loss = 1.2008521887969972, Train_Err = 35.066
Val_Loss = 1.9250739749908448, Val_Err = 47.85
Epoch: [59 | 200]
Phase:train -- Batch_idx:100/391-- 743.15 samples/sec-- Loss:1.10 -- Error1:32.44
Phase:train -- Batch_idx:200/391-- 748.06 samples/sec-- Loss:1.14 -- Error1:33.65
Phase:train -- Batch_idx:300/391-- 749.73 samples/sec-- Loss:1.18 -- Error1:34.56
Train_Loss = 1.1942580282974242, Train_Err = 35.016
Val_Loss = 1.8480839672088623, Val_Err = 47.91
Epoch: [60 | 200]
Phase:train -- Batch_idx:100/391-- 743.79 samples/sec-- Loss:1.10 -- Error1:32.31
Phase:train -- Batch_idx:200/391-- 748.37 samples/sec-- Loss:1.16 -- Error1:33.93
Phase:train -- Batch_idx:300/391-- 749.99 samples/sec-- Loss:1.18 -- Error1:34.64
Train_Loss = 1.1914334434890748, Train_Err = 35.04
Val_Loss = 1.7950397806167602, Val_Err = 46.41
Epoch: [61 | 200]
Phase:train -- Batch_idx:100/391-- 743.12 samples/sec-- Loss:1.10 -- Error1:32.68
Phase:train -- Batch_idx:200/391-- 748.22 samples/sec-- Loss:1.13 -- Error1:33.53
Phase:train -- Batch_idx:300/391-- 749.90 samples/sec-- Loss:1.17 -- Error1:34.63
Train_Loss = 1.1936206158447267, Train_Err = 35.306
Val_Loss = 1.9060312992095947, Val_Err = 48.04
Epoch: [62 | 200]
Phase:train -- Batch_idx:100/391-- 742.74 samples/sec-- Loss:1.08 -- Error1:32.15
Phase:train -- Batch_idx:200/391-- 747.72 samples/sec-- Loss:1.14 -- Error1:33.67
Phase:train -- Batch_idx:300/391-- 749.48 samples/sec-- Loss:1.16 -- Error1:34.35
Train_Loss = 1.189292134552002, Train_Err = 34.924
Val_Loss = 1.7387569717407227, Val_Err = 45.59
Epoch: [63 | 200]
Phase:train -- Batch_idx:100/391-- 742.95 samples/sec-- Loss:1.10 -- Error1:32.09
Phase:train -- Batch_idx:200/391-- 747.82 samples/sec-- Loss:1.14 -- Error1:33.29
Phase:train -- Batch_idx:300/391-- 749.42 samples/sec-- Loss:1.16 -- Error1:34.01
Train_Loss = 1.1839079890823365, Train_Err = 34.578
Val_Loss = 1.9845818077087403, Val_Err = 49.41
Epoch: [64 | 200]
Phase:train -- Batch_idx:100/391-- 742.62 samples/sec-- Loss:1.11 -- Error1:32.98
Phase:train -- Batch_idx:200/391-- 747.74 samples/sec-- Loss:1.13 -- Error1:33.18
Phase:train -- Batch_idx:300/391-- 749.48 samples/sec-- Loss:1.16 -- Error1:34.05
Train_Loss = 1.1847314890861511, Train_Err = 34.806
Val_Loss = 1.7861088306427002, Val_Err = 45.55
Epoch: [65 | 200]
Phase:train -- Batch_idx:100/391-- 742.75 samples/sec-- Loss:1.08 -- Error1:31.82
Phase:train -- Batch_idx:200/391-- 747.80 samples/sec-- Loss:1.12 -- Error1:32.95
Phase:train -- Batch_idx:300/391-- 749.47 samples/sec-- Loss:1.15 -- Error1:33.68
Train_Loss = 1.1709297610855103, Train_Err = 34.162
Val_Loss = 1.7373447216033935, Val_Err = 46.23
Epoch: [66 | 200]
Phase:train -- Batch_idx:100/391-- 742.74 samples/sec-- Loss:1.07 -- Error1:31.59
Phase:train -- Batch_idx:200/391-- 747.76 samples/sec-- Loss:1.11 -- Error1:32.85
Phase:train -- Batch_idx:300/391-- 749.45 samples/sec-- Loss:1.16 -- Error1:34.03
Train_Loss = 1.17651843875885, Train_Err = 34.536
Val_Loss = 1.7798160144805908, Val_Err = 47.3
Epoch: [67 | 200]
Phase:train -- Batch_idx:100/391-- 742.38 samples/sec-- Loss:1.08 -- Error1:31.79
Phase:train -- Batch_idx:200/391-- 747.61 samples/sec-- Loss:1.12 -- Error1:33.19
Phase:train -- Batch_idx:300/391-- 749.40 samples/sec-- Loss:1.16 -- Error1:34.10
Train_Loss = 1.1735513943481446, Train_Err = 34.438
Val_Loss = 1.7134867919921875, Val_Err = 44.77
Epoch: [68 | 200]
Phase:train -- Batch_idx:100/391-- 742.59 samples/sec-- Loss:1.05 -- Error1:30.94
Phase:train -- Batch_idx:200/391-- 747.83 samples/sec-- Loss:1.12 -- Error1:33.16
Phase:train -- Batch_idx:300/391-- 749.53 samples/sec-- Loss:1.15 -- Error1:33.85
Train_Loss = 1.1661814659500123, Train_Err = 34.15
Val_Loss = 1.7294090129852295, Val_Err = 45.1
Epoch: [69 | 200]
Phase:train -- Batch_idx:100/391-- 743.01 samples/sec-- Loss:1.04 -- Error1:31.27
Phase:train -- Batch_idx:200/391-- 747.96 samples/sec-- Loss:1.10 -- Error1:32.75
Phase:train -- Batch_idx:300/391-- 749.66 samples/sec-- Loss:1.14 -- Error1:33.51
Train_Loss = 1.1593249801445007, Train_Err = 34.168
Val_Loss = 1.7849804458618164, Val_Err = 45.78
Epoch: [70 | 200]
Phase:train -- Batch_idx:100/391-- 743.17 samples/sec-- Loss:1.06 -- Error1:31.29
Phase:train -- Batch_idx:200/391-- 748.31 samples/sec-- Loss:1.10 -- Error1:32.39
Phase:train -- Batch_idx:300/391-- 749.97 samples/sec-- Loss:1.13 -- Error1:33.38
Train_Loss = 1.1572498803329467, Train_Err = 34.01
Val_Loss = 1.708028404045105, Val_Err = 45.05
Epoch: [71 | 200]
Phase:train -- Batch_idx:100/391-- 743.47 samples/sec-- Loss:1.07 -- Error1:31.78
Phase:train -- Batch_idx:200/391-- 748.26 samples/sec-- Loss:1.12 -- Error1:33.04
Phase:train -- Batch_idx:300/391-- 749.90 samples/sec-- Loss:1.15 -- Error1:33.76
Train_Loss = 1.1637571467971801, Train_Err = 34.218
Val_Loss = 1.8390418964385986, Val_Err = 48.11
Epoch: [72 | 200]
Phase:train -- Batch_idx:100/391-- 742.49 samples/sec-- Loss:1.05 -- Error1:31.34
Phase:train -- Batch_idx:200/391-- 747.44 samples/sec-- Loss:1.10 -- Error1:32.57
Phase:train -- Batch_idx:300/391-- 749.27 samples/sec-- Loss:1.14 -- Error1:33.67
Train_Loss = 1.1560845091247558, Train_Err = 34.162
Val_Loss = 1.788361947441101, Val_Err = 46.76
Epoch: [73 | 200]
Phase:train -- Batch_idx:100/391-- 742.41 samples/sec-- Loss:1.07 -- Error1:31.71
Phase:train -- Batch_idx:200/391-- 747.61 samples/sec-- Loss:1.11 -- Error1:32.52
Phase:train -- Batch_idx:300/391-- 749.35 samples/sec-- Loss:1.14 -- Error1:33.29
Train_Loss = 1.1579971437454224, Train_Err = 33.764
Val_Loss = 1.9979967479705811, Val_Err = 49.45
Epoch: [74 | 200]
Phase:train -- Batch_idx:100/391-- 742.73 samples/sec-- Loss:1.06 -- Error1:31.53
Phase:train -- Batch_idx:200/391-- 747.81 samples/sec-- Loss:1.12 -- Error1:33.12
Phase:train -- Batch_idx:300/391-- 749.62 samples/sec-- Loss:1.14 -- Error1:33.66
Train_Loss = 1.1575397217559815, Train_Err = 34.08
Val_Loss = 1.9277830507278442, Val_Err = 47.1
Epoch: [75 | 200]
Phase:train -- Batch_idx:100/391-- 743.15 samples/sec-- Loss:1.06 -- Error1:31.28
Phase:train -- Batch_idx:200/391-- 748.17 samples/sec-- Loss:1.11 -- Error1:32.63
Phase:train -- Batch_idx:300/391-- 749.88 samples/sec-- Loss:1.14 -- Error1:33.57
Train_Loss = 1.1522464350891113, Train_Err = 33.836
Val_Loss = 1.7712942873001098, Val_Err = 45.68
Epoch: [76 | 200]
Phase:train -- Batch_idx:100/391-- 742.51 samples/sec-- Loss:1.05 -- Error1:31.09
Phase:train -- Batch_idx:200/391-- 747.61 samples/sec-- Loss:1.09 -- Error1:31.90
Phase:train -- Batch_idx:300/391-- 749.26 samples/sec-- Loss:1.12 -- Error1:33.03
Train_Loss = 1.1503212815856934, Train_Err = 33.816
Val_Loss = 1.7981668508529662, Val_Err = 45.96
Epoch: [77 | 200]
Phase:train -- Batch_idx:100/391-- 743.42 samples/sec-- Loss:1.08 -- Error1:31.86
Phase:train -- Batch_idx:200/391-- 748.26 samples/sec-- Loss:1.12 -- Error1:32.93
Phase:train -- Batch_idx:300/391-- 749.79 samples/sec-- Loss:1.14 -- Error1:33.61
Train_Loss = 1.1537052096176148, Train_Err = 33.792
Val_Loss = 1.8704132541656495, Val_Err = 47.54
Epoch: [78 | 200]
Phase:train -- Batch_idx:100/391-- 742.44 samples/sec-- Loss:1.05 -- Error1:30.99
Phase:train -- Batch_idx:200/391-- 747.56 samples/sec-- Loss:1.10 -- Error1:32.28
Phase:train -- Batch_idx:300/391-- 748.63 samples/sec-- Loss:1.13 -- Error1:32.88
Train_Loss = 1.1424024142456055, Train_Err = 33.426
Val_Loss = 1.7751184001922606, Val_Err = 46.14
Epoch: [79 | 200]
Phase:train -- Batch_idx:100/391-- 742.88 samples/sec-- Loss:1.07 -- Error1:31.88
Phase:train -- Batch_idx:200/391-- 747.86 samples/sec-- Loss:1.10 -- Error1:32.67
Phase:train -- Batch_idx:300/391-- 749.49 samples/sec-- Loss:1.13 -- Error1:33.24
Train_Loss = 1.147355230178833, Train_Err = 33.78
Val_Loss = 1.849526907348633, Val_Err = 47.29
Epoch: [80 | 200]
Phase:train -- Batch_idx:100/391-- 744.04 samples/sec-- Loss:1.03 -- Error1:31.17
Phase:train -- Batch_idx:200/391-- 748.47 samples/sec-- Loss:1.10 -- Error1:32.83
Phase:train -- Batch_idx:300/391-- 750.02 samples/sec-- Loss:1.13 -- Error1:33.41
Train_Loss = 1.141456731414795, Train_Err = 33.774
Val_Loss = 1.6784703638076781, Val_Err = 44.07
Epoch: [81 | 200]
Phase:train -- Batch_idx:100/391-- 742.43 samples/sec-- Loss:1.06 -- Error1:31.80
Phase:train -- Batch_idx:200/391-- 747.67 samples/sec-- Loss:1.09 -- Error1:32.52
Phase:train -- Batch_idx:300/391-- 749.47 samples/sec-- Loss:1.13 -- Error1:33.37
Train_Loss = 1.147645401687622, Train_Err = 33.934
Val_Loss = 1.7687521648406983, Val_Err = 45.58
Epoch: [82 | 200]
Phase:train -- Batch_idx:100/391-- 743.13 samples/sec-- Loss:1.03 -- Error1:30.78
Phase:train -- Batch_idx:200/391-- 748.11 samples/sec-- Loss:1.08 -- Error1:32.21
Phase:train -- Batch_idx:300/391-- 749.79 samples/sec-- Loss:1.13 -- Error1:33.46
Train_Loss = 1.1426178345870972, Train_Err = 33.808
Val_Loss = 1.900812860107422, Val_Err = 48.1
Epoch: [83 | 200]
Phase:train -- Batch_idx:100/391-- 743.04 samples/sec-- Loss:1.06 -- Error1:31.43
Phase:train -- Batch_idx:200/391-- 747.99 samples/sec-- Loss:1.10 -- Error1:32.36
Phase:train -- Batch_idx:300/391-- 749.64 samples/sec-- Loss:1.12 -- Error1:32.93
Train_Loss = 1.139420620803833, Train_Err = 33.524
Val_Loss = 1.717602020263672, Val_Err = 44.88
Epoch: [84 | 200]
Phase:train -- Batch_idx:100/391-- 742.98 samples/sec-- Loss:1.06 -- Error1:31.57
Phase:train -- Batch_idx:200/391-- 748.12 samples/sec-- Loss:1.10 -- Error1:32.26
Phase:train -- Batch_idx:300/391-- 749.78 samples/sec-- Loss:1.12 -- Error1:33.07
Train_Loss = 1.147602772026062, Train_Err = 33.656
Val_Loss = 1.8916366981506347, Val_Err = 49.3
Epoch: [85 | 200]
Phase:train -- Batch_idx:100/391-- 744.33 samples/sec-- Loss:1.05 -- Error1:31.15
Phase:train -- Batch_idx:200/391-- 748.65 samples/sec-- Loss:1.07 -- Error1:31.70
Phase:train -- Batch_idx:300/391-- 750.11 samples/sec-- Loss:1.10 -- Error1:32.55
Train_Loss = 1.1292379274749755, Train_Err = 33.26
Val_Loss = 1.967646089553833, Val_Err = 48.69
Epoch: [86 | 200]
Phase:train -- Batch_idx:100/391-- 742.01 samples/sec-- Loss:1.04 -- Error1:30.85
Phase:train -- Batch_idx:200/391-- 747.53 samples/sec-- Loss:1.08 -- Error1:31.82
Phase:train -- Batch_idx:300/391-- 749.37 samples/sec-- Loss:1.12 -- Error1:32.88
Train_Loss = 1.1342611362457276, Train_Err = 33.298
Val_Loss = 1.6836036533355714, Val_Err = 45.18
Epoch: [87 | 200]
Phase:train -- Batch_idx:100/391-- 742.98 samples/sec-- Loss:1.06 -- Error1:31.10
Phase:train -- Batch_idx:200/391-- 747.90 samples/sec-- Loss:1.08 -- Error1:31.97
Phase:train -- Batch_idx:300/391-- 749.60 samples/sec-- Loss:1.11 -- Error1:32.67
Train_Loss = 1.1318388216018678, Train_Err = 33.38
Val_Loss = 1.7371259145736695, Val_Err = 44.63
Epoch: [88 | 200]
Phase:train -- Batch_idx:100/391-- 743.07 samples/sec-- Loss:1.04 -- Error1:30.95
Phase:train -- Batch_idx:200/391-- 748.14 samples/sec-- Loss:1.08 -- Error1:31.96
Phase:train -- Batch_idx:300/391-- 749.78 samples/sec-- Loss:1.11 -- Error1:32.82
Train_Loss = 1.1352706044006349, Train_Err = 33.474
Val_Loss = 1.904407413482666, Val_Err = 47.63
Epoch: [89 | 200]
Phase:train -- Batch_idx:100/391-- 742.98 samples/sec-- Loss:1.04 -- Error1:30.77
Phase:train -- Batch_idx:200/391-- 747.84 samples/sec-- Loss:1.07 -- Error1:31.71
Phase:train -- Batch_idx:300/391-- 749.58 samples/sec-- Loss:1.10 -- Error1:32.54
Train_Loss = 1.131098054084778, Train_Err = 33.234
Val_Loss = 1.7332409589767457, Val_Err = 45.24
Epoch: [90 | 200]
Phase:train -- Batch_idx:100/391-- 743.41 samples/sec-- Loss:1.03 -- Error1:30.76
Phase:train -- Batch_idx:200/391-- 748.18 samples/sec-- Loss:1.08 -- Error1:32.03
Phase:train -- Batch_idx:300/391-- 749.87 samples/sec-- Loss:1.11 -- Error1:32.93
Train_Loss = 1.138340302658081, Train_Err = 33.42
Val_Loss = 1.6942726398468018, Val_Err = 44.3
Epoch: [91 | 200]
Phase:train -- Batch_idx:100/391-- 742.69 samples/sec-- Loss:1.02 -- Error1:30.55
Phase:train -- Batch_idx:200/391-- 747.82 samples/sec-- Loss:1.06 -- Error1:31.32
Phase:train -- Batch_idx:300/391-- 749.53 samples/sec-- Loss:1.09 -- Error1:32.00
Train_Loss = 1.11679155418396, Train_Err = 32.718
Val_Loss = 1.667528612136841, Val_Err = 44.33
Epoch: [92 | 200]
Phase:train -- Batch_idx:100/391-- 742.74 samples/sec-- Loss:1.03 -- Error1:30.54
Phase:train -- Batch_idx:200/391-- 747.85 samples/sec-- Loss:1.08 -- Error1:31.84
Phase:train -- Batch_idx:300/391-- 749.66 samples/sec-- Loss:1.11 -- Error1:32.70
Train_Loss = 1.1259862688446045, Train_Err = 33.016
Val_Loss = 1.7569462577819823, Val_Err = 44.5
Epoch: [93 | 200]
Phase:train -- Batch_idx:100/391-- 742.33 samples/sec-- Loss:1.04 -- Error1:31.66
Phase:train -- Batch_idx:200/391-- 747.42 samples/sec-- Loss:1.09 -- Error1:32.44
Phase:train -- Batch_idx:300/391-- 749.20 samples/sec-- Loss:1.11 -- Error1:32.89
Train_Loss = 1.1283006734466552, Train_Err = 33.422
Val_Loss = 1.6771389848709106, Val_Err = 44.36
Epoch: [94 | 200]
Phase:train -- Batch_idx:100/391-- 742.55 samples/sec-- Loss:1.03 -- Error1:30.38
Phase:train -- Batch_idx:200/391-- 748.00 samples/sec-- Loss:1.08 -- Error1:31.98
Phase:train -- Batch_idx:300/391-- 749.75 samples/sec-- Loss:1.11 -- Error1:32.49
Train_Loss = 1.1275698267745973, Train_Err = 33.098
Val_Loss = 1.768728518295288, Val_Err = 44.41
Epoch: [95 | 200]
Phase:train -- Batch_idx:100/391-- 742.80 samples/sec-- Loss:1.04 -- Error1:30.60
Phase:train -- Batch_idx:200/391-- 747.98 samples/sec-- Loss:1.08 -- Error1:32.10
Phase:train -- Batch_idx:300/391-- 749.74 samples/sec-- Loss:1.11 -- Error1:32.79
Train_Loss = 1.1238038376617432, Train_Err = 33.122
Val_Loss = 1.8192934925079345, Val_Err = 47.42
Epoch: [96 | 200]
Phase:train -- Batch_idx:100/391-- 742.83 samples/sec-- Loss:1.02 -- Error1:30.55
Phase:train -- Batch_idx:200/391-- 748.04 samples/sec-- Loss:1.09 -- Error1:32.39
Phase:train -- Batch_idx:300/391-- 749.76 samples/sec-- Loss:1.10 -- Error1:32.74
Train_Loss = 1.1278254466629027, Train_Err = 33.304
Val_Loss = 1.803822924041748, Val_Err = 45.88
Epoch: [97 | 200]
Phase:train -- Batch_idx:100/391-- 742.75 samples/sec-- Loss:1.03 -- Error1:30.79
Phase:train -- Batch_idx:200/391-- 747.90 samples/sec-- Loss:1.07 -- Error1:31.86
Phase:train -- Batch_idx:300/391-- 749.45 samples/sec-- Loss:1.11 -- Error1:32.81
Train_Loss = 1.124954231147766, Train_Err = 33.098
Val_Loss = 1.7931384145736695, Val_Err = 45.81
Epoch: [98 | 200]
Phase:train -- Batch_idx:100/391-- 744.67 samples/sec-- Loss:1.03 -- Error1:30.41
Phase:train -- Batch_idx:200/391-- 749.06 samples/sec-- Loss:1.06 -- Error1:31.44
Phase:train -- Batch_idx:300/391-- 750.50 samples/sec-- Loss:1.09 -- Error1:32.20
Train_Loss = 1.1187967768096925, Train_Err = 32.846
Val_Loss = 1.6623289415359497, Val_Err = 44.53
Epoch: [99 | 200]
Phase:train -- Batch_idx:100/391-- 743.94 samples/sec-- Loss:1.03 -- Error1:30.85
Phase:train -- Batch_idx:200/391-- 748.54 samples/sec-- Loss:1.07 -- Error1:31.75
Phase:train -- Batch_idx:300/391-- 750.10 samples/sec-- Loss:1.10 -- Error1:32.49
Train_Loss = 1.115218709411621, Train_Err = 32.838
Val_Loss = 1.716786989593506, Val_Err = 44.94
Epoch: [100 | 200]
Phase:train -- Batch_idx:100/391-- 742.79 samples/sec-- Loss:0.78 -- Error1:22.98
Phase:train -- Batch_idx:200/391-- 747.91 samples/sec-- Loss:0.73 -- Error1:21.43
Phase:train -- Batch_idx:300/391-- 749.57 samples/sec-- Loss:0.69 -- Error1:20.56
Train_Loss = 0.6700525590896607, Train_Err = 19.888
Val_Loss = 1.128398073387146, Val_Err = 31.32
Epoch: [101 | 200]
Phase:train -- Batch_idx:100/391-- 741.95 samples/sec-- Loss:0.53 -- Error1:15.90
Phase:train -- Batch_idx:200/391-- 747.58 samples/sec-- Loss:0.53 -- Error1:15.97
Phase:train -- Batch_idx:300/391-- 749.37 samples/sec-- Loss:0.52 -- Error1:15.77
Train_Loss = 0.5201613110160828, Train_Err = 15.816
Val_Loss = 1.1272212743759156, Val_Err = 30.73
Epoch: [102 | 200]
Phase:train -- Batch_idx:100/391-- 742.07 samples/sec-- Loss:0.46 -- Error1:14.01
Phase:train -- Batch_idx:200/391-- 747.63 samples/sec-- Loss:0.46 -- Error1:13.71
Phase:train -- Batch_idx:300/391-- 749.54 samples/sec-- Loss:0.45 -- Error1:13.69
Train_Loss = 0.45301205667495725, Train_Err = 13.678
Val_Loss = 1.1433006315231322, Val_Err = 30.53
Epoch: [103 | 200]
Phase:train -- Batch_idx:100/391-- 741.94 samples/sec-- Loss:0.41 -- Error1:12.65
Phase:train -- Batch_idx:200/391-- 747.37 samples/sec-- Loss:0.41 -- Error1:12.56
Phase:train -- Batch_idx:300/391-- 749.21 samples/sec-- Loss:0.41 -- Error1:12.52
Train_Loss = 0.40682617986679076, Train_Err = 12.582
Val_Loss = 1.1721070890426635, Val_Err = 30.5
Epoch: [104 | 200]
Phase:train -- Batch_idx:100/391-- 741.72 samples/sec-- Loss:0.37 -- Error1:10.84
Phase:train -- Batch_idx:200/391-- 747.29 samples/sec-- Loss:0.37 -- Error1:11.25
Phase:train -- Batch_idx:300/391-- 749.09 samples/sec-- Loss:0.37 -- Error1:11.18
Train_Loss = 0.3707104175949097, Train_Err = 11.32
Val_Loss = 1.210108886909485, Val_Err = 30.74
Epoch: [105 | 200]
Phase:train -- Batch_idx:100/391-- 743.25 samples/sec-- Loss:0.33 -- Error1:9.98
Phase:train -- Batch_idx:200/391-- 748.10 samples/sec-- Loss:0.33 -- Error1:9.92
Phase:train -- Batch_idx:300/391-- 749.68 samples/sec-- Loss:0.34 -- Error1:10.29
Train_Loss = 0.3405753668498993, Train_Err = 10.466
Val_Loss = 1.219368931388855, Val_Err = 30.39
Epoch: [106 | 200]
Phase:train -- Batch_idx:100/391-- 741.70 samples/sec-- Loss:0.30 -- Error1:9.41
Phase:train -- Batch_idx:200/391-- 747.27 samples/sec-- Loss:0.31 -- Error1:9.38
Phase:train -- Batch_idx:300/391-- 749.09 samples/sec-- Loss:0.31 -- Error1:9.61
Train_Loss = 0.3185706543922424, Train_Err = 9.792
Val_Loss = 1.2393900226593018, Val_Err = 30.86
Epoch: [107 | 200]
Phase:train -- Batch_idx:100/391-- 743.08 samples/sec-- Loss:0.28 -- Error1:8.52
Phase:train -- Batch_idx:200/391-- 748.03 samples/sec-- Loss:0.29 -- Error1:8.73
Phase:train -- Batch_idx:300/391-- 749.64 samples/sec-- Loss:0.29 -- Error1:8.91
Train_Loss = 0.2930466644859314, Train_Err = 9.028
Val_Loss = 1.2787619472503662, Val_Err = 30.99
Epoch: [108 | 200]
Phase:train -- Batch_idx:100/391-- 742.04 samples/sec-- Loss:0.27 -- Error1:7.88
Phase:train -- Batch_idx:200/391-- 747.48 samples/sec-- Loss:0.27 -- Error1:8.18
Phase:train -- Batch_idx:300/391-- 749.26 samples/sec-- Loss:0.27 -- Error1:8.22
Train_Loss = 0.27399297424316404, Train_Err = 8.432
Val_Loss = 1.2845692295074462, Val_Err = 31.2
Epoch: [109 | 200]
Phase:train -- Batch_idx:100/391-- 742.33 samples/sec-- Loss:0.25 -- Error1:7.73
Phase:train -- Batch_idx:200/391-- 747.55 samples/sec-- Loss:0.26 -- Error1:7.94
Phase:train -- Batch_idx:300/391-- 749.36 samples/sec-- Loss:0.26 -- Error1:7.95
Train_Loss = 0.2617511025714874, Train_Err = 8.062
Val_Loss = 1.325890644264221, Val_Err = 31.09
Epoch: [110 | 200]
Phase:train -- Batch_idx:100/391-- 743.05 samples/sec-- Loss:0.23 -- Error1:6.99
Phase:train -- Batch_idx:200/391-- 747.89 samples/sec-- Loss:0.24 -- Error1:7.32
Phase:train -- Batch_idx:300/391-- 749.56 samples/sec-- Loss:0.24 -- Error1:7.45
Train_Loss = 0.2482681050157547, Train_Err = 7.65
Val_Loss = 1.3205767332077027, Val_Err = 31.09
Epoch: [111 | 200]
Phase:train -- Batch_idx:100/391-- 742.73 samples/sec-- Loss:0.22 -- Error1:6.70
Phase:train -- Batch_idx:200/391-- 747.85 samples/sec-- Loss:0.23 -- Error1:6.78
Phase:train -- Batch_idx:300/391-- 749.52 samples/sec-- Loss:0.23 -- Error1:6.83
Train_Loss = 0.2318080546140671, Train_Err = 6.992
Val_Loss = 1.381558883857727, Val_Err = 31.18
Epoch: [112 | 200]
Phase:train -- Batch_idx:100/391-- 742.93 samples/sec-- Loss:0.22 -- Error1:6.26
Phase:train -- Batch_idx:200/391-- 748.08 samples/sec-- Loss:0.22 -- Error1:6.36
Phase:train -- Batch_idx:300/391-- 749.80 samples/sec-- Loss:0.22 -- Error1:6.56
Train_Loss = 0.2241830364704132, Train_Err = 6.692
Val_Loss = 1.3905613220214843, Val_Err = 31.51
Epoch: [113 | 200]
Phase:train -- Batch_idx:100/391-- 743.44 samples/sec-- Loss:0.21 -- Error1:6.24
Phase:train -- Batch_idx:200/391-- 748.20 samples/sec-- Loss:0.21 -- Error1:6.52
Phase:train -- Batch_idx:300/391-- 749.78 samples/sec-- Loss:0.22 -- Error1:6.62
Train_Loss = 0.21932319776535034, Train_Err = 6.714
Val_Loss = 1.4112435121536255, Val_Err = 31.74
Epoch: [114 | 200]
Phase:train -- Batch_idx:100/391-- 742.51 samples/sec-- Loss:0.19 -- Error1:5.75
Phase:train -- Batch_idx:200/391-- 747.89 samples/sec-- Loss:0.20 -- Error1:6.02
Phase:train -- Batch_idx:300/391-- 749.62 samples/sec-- Loss:0.21 -- Error1:6.23
Train_Loss = 0.20763980351448058, Train_Err = 6.3
Val_Loss = 1.4234185899734497, Val_Err = 31.46
Epoch: [115 | 200]
Phase:train -- Batch_idx:100/391-- 742.58 samples/sec-- Loss:0.19 -- Error1:5.67
Phase:train -- Batch_idx:200/391-- 747.58 samples/sec-- Loss:0.19 -- Error1:5.90
Phase:train -- Batch_idx:300/391-- 749.40 samples/sec-- Loss:0.20 -- Error1:6.04
Train_Loss = 0.2018027315044403, Train_Err = 6.22
Val_Loss = 1.4258240564346314, Val_Err = 31.64
Epoch: [116 | 200]
Phase:train -- Batch_idx:100/391-- 742.59 samples/sec-- Loss:0.18 -- Error1:5.09
Phase:train -- Batch_idx:200/391-- 747.72 samples/sec-- Loss:0.18 -- Error1:5.45
Phase:train -- Batch_idx:300/391-- 749.53 samples/sec-- Loss:0.20 -- Error1:5.89
Train_Loss = 0.19983595826148987, Train_Err = 6.074
Val_Loss = 1.4628036005020142, Val_Err = 31.67
Epoch: [117 | 200]
Phase:train -- Batch_idx:100/391-- 742.91 samples/sec-- Loss:0.18 -- Error1:5.30
Phase:train -- Batch_idx:200/391-- 748.13 samples/sec-- Loss:0.19 -- Error1:5.45
Phase:train -- Batch_idx:300/391-- 749.76 samples/sec-- Loss:0.19 -- Error1:5.67
Train_Loss = 0.19447611463546752, Train_Err = 5.818
Val_Loss = 1.4682452268600463, Val_Err = 32.1
Epoch: [118 | 200]
Phase:train -- Batch_idx:100/391-- 742.98 samples/sec-- Loss:0.18 -- Error1:5.44
Phase:train -- Batch_idx:200/391-- 747.98 samples/sec-- Loss:0.18 -- Error1:5.44
Phase:train -- Batch_idx:300/391-- 749.70 samples/sec-- Loss:0.19 -- Error1:5.73
Train_Loss = 0.19173742256641388, Train_Err = 5.814
Val_Loss = 1.517134380531311, Val_Err = 32.57
Epoch: [119 | 200]
Phase:train -- Batch_idx:100/391-- 743.07 samples/sec-- Loss:0.18 -- Error1:5.18
Phase:train -- Batch_idx:200/391-- 748.18 samples/sec-- Loss:0.19 -- Error1:5.58
Phase:train -- Batch_idx:300/391-- 749.87 samples/sec-- Loss:0.19 -- Error1:5.66
Train_Loss = 0.19250460919380188, Train_Err = 5.778
Val_Loss = 1.5262841367721558, Val_Err = 32.44
Epoch: [120 | 200]
Phase:train -- Batch_idx:100/391-- 742.76 samples/sec-- Loss:0.16 -- Error1:4.54
Phase:train -- Batch_idx:200/391-- 747.84 samples/sec-- Loss:0.15 -- Error1:4.36
Phase:train -- Batch_idx:300/391-- 749.74 samples/sec-- Loss:0.15 -- Error1:4.22
Train_Loss = 0.14492580671191216, Train_Err = 4.18
Val_Loss = 1.4121244409561158, Val_Err = 30.73
Epoch: [121 | 200]
Phase:train -- Batch_idx:100/391-- 743.56 samples/sec-- Loss:0.13 -- Error1:3.27
Phase:train -- Batch_idx:200/391-- 748.30 samples/sec-- Loss:0.13 -- Error1:3.36
Phase:train -- Batch_idx:300/391-- 749.92 samples/sec-- Loss:0.13 -- Error1:3.37
Train_Loss = 0.12468695792675018, Train_Err = 3.338
Val_Loss = 1.4109711679458619, Val_Err = 30.3
Epoch: [122 | 200]
Phase:train -- Batch_idx:100/391-- 742.62 samples/sec-- Loss:0.12 -- Error1:3.01
Phase:train -- Batch_idx:200/391-- 747.80 samples/sec-- Loss:0.12 -- Error1:3.17
Phase:train -- Batch_idx:300/391-- 749.56 samples/sec-- Loss:0.12 -- Error1:3.18
Train_Loss = 0.11917100923538208, Train_Err = 3.134
Val_Loss = 1.4246218830108643, Val_Err = 30.44
Epoch: [123 | 200]
Phase:train -- Batch_idx:100/391-- 742.92 samples/sec-- Loss:0.11 -- Error1:2.80
Phase:train -- Batch_idx:200/391-- 748.09 samples/sec-- Loss:0.11 -- Error1:2.79
Phase:train -- Batch_idx:300/391-- 749.88 samples/sec-- Loss:0.11 -- Error1:2.83
Train_Loss = 0.1089483761882782, Train_Err = 2.866
Val_Loss = 1.4018429983139038, Val_Err = 30.42
Epoch: [124 | 200]
Phase:train -- Batch_idx:100/391-- 742.86 samples/sec-- Loss:0.10 -- Error1:2.71
Phase:train -- Batch_idx:200/391-- 747.95 samples/sec-- Loss:0.11 -- Error1:2.79
Phase:train -- Batch_idx:300/391-- 749.67 samples/sec-- Loss:0.11 -- Error1:2.77
Train_Loss = 0.1082968775510788, Train_Err = 2.826
Val_Loss = 1.4285587303161622, Val_Err = 30.77
Epoch: [125 | 200]
Phase:train -- Batch_idx:100/391-- 741.32 samples/sec-- Loss:0.11 -- Error1:2.89
Phase:train -- Batch_idx:200/391-- 747.09 samples/sec-- Loss:0.10 -- Error1:2.77
Phase:train -- Batch_idx:300/391-- 749.16 samples/sec-- Loss:0.11 -- Error1:2.82
Train_Loss = 0.10493979249477386, Train_Err = 2.774
Val_Loss = 1.412308066558838, Val_Err = 30.42
Epoch: [126 | 200]
Phase:train -- Batch_idx:100/391-- 742.73 samples/sec-- Loss:0.10 -- Error1:2.66
Phase:train -- Batch_idx:200/391-- 747.82 samples/sec-- Loss:0.10 -- Error1:2.66
Phase:train -- Batch_idx:300/391-- 749.56 samples/sec-- Loss:0.10 -- Error1:2.58
Train_Loss = 0.10191632635354995, Train_Err = 2.58
Val_Loss = 1.4191781021118164, Val_Err = 30.56
Epoch: [127 | 200]
Phase:train -- Batch_idx:100/391-- 743.20 samples/sec-- Loss:0.10 -- Error1:2.43
Phase:train -- Batch_idx:200/391-- 748.15 samples/sec-- Loss:0.10 -- Error1:2.56
Phase:train -- Batch_idx:300/391-- 749.95 samples/sec-- Loss:0.10 -- Error1:2.60
Train_Loss = 0.10085706796765327, Train_Err = 2.586
Val_Loss = 1.4362751907348632, Val_Err = 30.84
Epoch: [128 | 200]
Phase:train -- Batch_idx:100/391-- 743.05 samples/sec-- Loss:0.10 -- Error1:2.48
Phase:train -- Batch_idx:200/391-- 748.01 samples/sec-- Loss:0.10 -- Error1:2.58
Phase:train -- Batch_idx:300/391-- 749.76 samples/sec-- Loss:0.10 -- Error1:2.50
Train_Loss = 0.09665180755138397, Train_Err = 2.436
Val_Loss = 1.4221692100524903, Val_Err = 30.58
Epoch: [129 | 200]
Phase:train -- Batch_idx:100/391-- 744.53 samples/sec-- Loss:0.10 -- Error1:2.45
Phase:train -- Batch_idx:200/391-- 748.75 samples/sec-- Loss:0.10 -- Error1:2.36
Phase:train -- Batch_idx:300/391-- 750.34 samples/sec-- Loss:0.10 -- Error1:2.35
Train_Loss = 0.09487802721738815, Train_Err = 2.354
Val_Loss = 1.4317479219436646, Val_Err = 30.58
Epoch: [130 | 200]
Phase:train -- Batch_idx:100/391-- 743.30 samples/sec-- Loss:0.09 -- Error1:2.34
Phase:train -- Batch_idx:200/391-- 748.32 samples/sec-- Loss:0.10 -- Error1:2.36
Phase:train -- Batch_idx:300/391-- 749.96 samples/sec-- Loss:0.09 -- Error1:2.26
Train_Loss = 0.09409634274959565, Train_Err = 2.28
Val_Loss = 1.4247353242874146, Val_Err = 30.81
Epoch: [131 | 200]
Phase:train -- Batch_idx:100/391-- 742.66 samples/sec-- Loss:0.10 -- Error1:2.54
Phase:train -- Batch_idx:200/391-- 747.62 samples/sec-- Loss:0.10 -- Error1:2.54
Phase:train -- Batch_idx:300/391-- 749.35 samples/sec-- Loss:0.10 -- Error1:2.46
Train_Loss = 0.09547292825698853, Train_Err = 2.448
Val_Loss = 1.4406599666595459, Val_Err = 30.57
Epoch: [132 | 200]
Phase:train -- Batch_idx:100/391-- 743.14 samples/sec-- Loss:0.09 -- Error1:2.09
Phase:train -- Batch_idx:200/391-- 748.03 samples/sec-- Loss:0.09 -- Error1:2.23
Phase:train -- Batch_idx:300/391-- 749.66 samples/sec-- Loss:0.09 -- Error1:2.20
Train_Loss = 0.09236310949802398, Train_Err = 2.268
Val_Loss = 1.4374058822631837, Val_Err = 30.5
Epoch: [133 | 200]
Phase:train -- Batch_idx:100/391-- 742.70 samples/sec-- Loss:0.09 -- Error1:2.09
Phase:train -- Batch_idx:200/391-- 747.93 samples/sec-- Loss:0.09 -- Error1:2.23
Phase:train -- Batch_idx:300/391-- 749.68 samples/sec-- Loss:0.09 -- Error1:2.28
Train_Loss = 0.09123773939967156, Train_Err = 2.258
Val_Loss = 1.4395892724990844, Val_Err = 30.51
Epoch: [134 | 200]
Phase:train -- Batch_idx:100/391-- 743.34 samples/sec-- Loss:0.09 -- Error1:2.19
Phase:train -- Batch_idx:200/391-- 748.13 samples/sec-- Loss:0.09 -- Error1:2.30
Phase:train -- Batch_idx:300/391-- 749.74 samples/sec-- Loss:0.09 -- Error1:2.34
Train_Loss = 0.09025391766309739, Train_Err = 2.292
Val_Loss = 1.4275504076004029, Val_Err = 30.59
Epoch: [135 | 200]
Phase:train -- Batch_idx:100/391-- 743.21 samples/sec-- Loss:0.08 -- Error1:1.92
Phase:train -- Batch_idx:200/391-- 748.09 samples/sec-- Loss:0.09 -- Error1:2.01
Phase:train -- Batch_idx:300/391-- 749.85 samples/sec-- Loss:0.09 -- Error1:2.05
Train_Loss = 0.08665482680797577, Train_Err = 2.072
Val_Loss = 1.4464196380615235, Val_Err = 30.73
Epoch: [136 | 200]
Phase:train -- Batch_idx:100/391-- 742.97 samples/sec-- Loss:0.09 -- Error1:2.04
Phase:train -- Batch_idx:200/391-- 747.89 samples/sec-- Loss:0.09 -- Error1:1.98
Phase:train -- Batch_idx:300/391-- 749.55 samples/sec-- Loss:0.09 -- Error1:1.99
Train_Loss = 0.08560752116441726, Train_Err = 1.98
Val_Loss = 1.4520700206756592, Val_Err = 30.57
Epoch: [137 | 200]
Phase:train -- Batch_idx:100/391-- 743.52 samples/sec-- Loss:0.08 -- Error1:1.94
Phase:train -- Batch_idx:200/391-- 748.37 samples/sec-- Loss:0.08 -- Error1:1.96
Phase:train -- Batch_idx:300/391-- 750.10 samples/sec-- Loss:0.08 -- Error1:2.02
Train_Loss = 0.08334702686071396, Train_Err = 2.024
Val_Loss = 1.4527857509613038, Val_Err = 30.66
Epoch: [138 | 200]
Phase:train -- Batch_idx:100/391-- 743.51 samples/sec-- Loss:0.08 -- Error1:2.01
Phase:train -- Batch_idx:200/391-- 748.35 samples/sec-- Loss:0.08 -- Error1:2.00
Phase:train -- Batch_idx:300/391-- 750.00 samples/sec-- Loss:0.08 -- Error1:2.07
Train_Loss = 0.08465224793195725, Train_Err = 2.078
Val_Loss = 1.4482796962738038, Val_Err = 30.65
Epoch: [139 | 200]
Phase:train -- Batch_idx:100/391-- 743.38 samples/sec-- Loss:0.08 -- Error1:1.89
Phase:train -- Batch_idx:200/391-- 748.40 samples/sec-- Loss:0.08 -- Error1:1.96
Phase:train -- Batch_idx:300/391-- 750.09 samples/sec-- Loss:0.08 -- Error1:1.93
Train_Loss = 0.08360241956233978, Train_Err = 1.92
Val_Loss = 1.43717911529541, Val_Err = 30.79
Epoch: [140 | 200]
Phase:train -- Batch_idx:100/391-- 743.37 samples/sec-- Loss:0.08 -- Error1:1.87
Phase:train -- Batch_idx:200/391-- 748.17 samples/sec-- Loss:0.08 -- Error1:1.88
Phase:train -- Batch_idx:300/391-- 749.84 samples/sec-- Loss:0.08 -- Error1:1.87
Train_Loss = 0.08220847435474396, Train_Err = 1.942
Val_Loss = 1.4456590665817262, Val_Err = 30.46
Epoch: [141 | 200]
Phase:train -- Batch_idx:100/391-- 742.91 samples/sec-- Loss:0.08 -- Error1:1.70
Phase:train -- Batch_idx:200/391-- 748.05 samples/sec-- Loss:0.08 -- Error1:1.71
Phase:train -- Batch_idx:300/391-- 749.70 samples/sec-- Loss:0.08 -- Error1:1.76
Train_Loss = 0.07946002557039261, Train_Err = 1.782
Val_Loss = 1.4612286779403687, Val_Err = 30.56
Epoch: [142 | 200]
Phase:train -- Batch_idx:100/391-- 744.27 samples/sec-- Loss:0.08 -- Error1:1.81
Phase:train -- Batch_idx:200/391-- 748.67 samples/sec-- Loss:0.08 -- Error1:1.92
Phase:train -- Batch_idx:300/391-- 750.22 samples/sec-- Loss:0.08 -- Error1:1.97
Train_Loss = 0.08174438483715057, Train_Err = 1.998
Val_Loss = 1.4683804887771605, Val_Err = 30.81
Epoch: [143 | 200]
Phase:train -- Batch_idx:100/391-- 742.32 samples/sec-- Loss:0.08 -- Error1:1.90
Phase:train -- Batch_idx:200/391-- 747.57 samples/sec-- Loss:0.08 -- Error1:1.86
Phase:train -- Batch_idx:300/391-- 749.34 samples/sec-- Loss:0.08 -- Error1:1.82
Train_Loss = 0.07929050173521042, Train_Err = 1.842
Val_Loss = 1.4389956211090087, Val_Err = 30.05
Epoch: [144 | 200]
Phase:train -- Batch_idx:100/391-- 742.59 samples/sec-- Loss:0.08 -- Error1:1.90
Phase:train -- Batch_idx:200/391-- 747.81 samples/sec-- Loss:0.08 -- Error1:1.92
Phase:train -- Batch_idx:300/391-- 749.71 samples/sec-- Loss:0.08 -- Error1:2.00
Train_Loss = 0.08198592020988464, Train_Err = 2.044
Val_Loss = 1.462675407409668, Val_Err = 30.64
Epoch: [145 | 200]
Phase:train -- Batch_idx:100/391-- 744.07 samples/sec-- Loss:0.08 -- Error1:1.86
Phase:train -- Batch_idx:200/391-- 748.53 samples/sec-- Loss:0.08 -- Error1:1.96
Phase:train -- Batch_idx:300/391-- 750.09 samples/sec-- Loss:0.08 -- Error1:1.97
Train_Loss = 0.07929713754177094, Train_Err = 1.952
Val_Loss = 1.4732646745681763, Val_Err = 30.83
Epoch: [146 | 200]
Phase:train -- Batch_idx:100/391-- 742.59 samples/sec-- Loss:0.08 -- Error1:2.05
Phase:train -- Batch_idx:200/391-- 747.90 samples/sec-- Loss:0.08 -- Error1:1.96
Phase:train -- Batch_idx:300/391-- 749.57 samples/sec-- Loss:0.08 -- Error1:1.88
Train_Loss = 0.07873480295181275, Train_Err = 1.888
Val_Loss = 1.4646181400299072, Val_Err = 30.74
Epoch: [147 | 200]
Phase:train -- Batch_idx:100/391-- 742.93 samples/sec-- Loss:0.07 -- Error1:1.73
Phase:train -- Batch_idx:200/391-- 748.04 samples/sec-- Loss:0.08 -- Error1:1.82
Phase:train -- Batch_idx:300/391-- 749.78 samples/sec-- Loss:0.08 -- Error1:1.72
Train_Loss = 0.0765015804386139, Train_Err = 1.76
Val_Loss = 1.4701186092376708, Val_Err = 30.54
Epoch: [148 | 200]
Phase:train -- Batch_idx:100/391-- 742.60 samples/sec-- Loss:0.07 -- Error1:1.75
Phase:train -- Batch_idx:200/391-- 747.82 samples/sec-- Loss:0.08 -- Error1:1.73
Phase:train -- Batch_idx:300/391-- 749.62 samples/sec-- Loss:0.08 -- Error1:1.77
Train_Loss = 0.07672074678897858, Train_Err = 1.808
Val_Loss = 1.4665027517318725, Val_Err = 30.59
Epoch: [149 | 200]
Phase:train -- Batch_idx:100/391-- 742.42 samples/sec-- Loss:0.07 -- Error1:1.70
Phase:train -- Batch_idx:200/391-- 747.92 samples/sec-- Loss:0.07 -- Error1:1.72
Phase:train -- Batch_idx:300/391-- 749.68 samples/sec-- Loss:0.07 -- Error1:1.70
Train_Loss = 0.07474154339790344, Train_Err = 1.664
Val_Loss = 1.4802304368972778, Val_Err = 30.15
Epoch: [150 | 200]
Phase:train -- Batch_idx:100/391-- 742.82 samples/sec-- Loss:0.08 -- Error1:1.87
Phase:train -- Batch_idx:200/391-- 747.93 samples/sec-- Loss:0.07 -- Error1:1.69
Phase:train -- Batch_idx:300/391-- 749.65 samples/sec-- Loss:0.08 -- Error1:1.77
Train_Loss = 0.07616647196769714, Train_Err = 1.776
Val_Loss = 1.4697847230911254, Val_Err = 30.46
Epoch: [151 | 200]
Phase:train -- Batch_idx:100/391-- 743.04 samples/sec-- Loss:0.07 -- Error1:1.73
Phase:train -- Batch_idx:200/391-- 747.96 samples/sec-- Loss:0.07 -- Error1:1.71
Phase:train -- Batch_idx:300/391-- 749.75 samples/sec-- Loss:0.07 -- Error1:1.79
Train_Loss = 0.07425219169139861, Train_Err = 1.728
Val_Loss = 1.476385082435608, Val_Err = 30.55
Epoch: [152 | 200]
Phase:train -- Batch_idx:100/391-- 742.73 samples/sec-- Loss:0.08 -- Error1:1.68
Phase:train -- Batch_idx:200/391-- 747.98 samples/sec-- Loss:0.07 -- Error1:1.73
Phase:train -- Batch_idx:300/391-- 749.71 samples/sec-- Loss:0.08 -- Error1:1.79
Train_Loss = 0.07510365075826644, Train_Err = 1.784
Val_Loss = 1.4689544500350953, Val_Err = 30.36
Epoch: [153 | 200]
Phase:train -- Batch_idx:100/391-- 743.32 samples/sec-- Loss:0.07 -- Error1:1.48
Phase:train -- Batch_idx:200/391-- 748.34 samples/sec-- Loss:0.07 -- Error1:1.62
Phase:train -- Batch_idx:300/391-- 750.02 samples/sec-- Loss:0.07 -- Error1:1.64
Train_Loss = 0.07250984128952026, Train_Err = 1.63
Val_Loss = 1.4723335594177247, Val_Err = 30.59
Epoch: [154 | 200]
Phase:train -- Batch_idx:100/391-- 743.69 samples/sec-- Loss:0.07 -- Error1:1.66
Phase:train -- Batch_idx:200/391-- 748.22 samples/sec-- Loss:0.07 -- Error1:1.70
Phase:train -- Batch_idx:300/391-- 749.76 samples/sec-- Loss:0.07 -- Error1:1.74
Train_Loss = 0.07353106561660766, Train_Err = 1.718
Val_Loss = 1.4631256900787353, Val_Err = 30.34
Epoch: [155 | 200]
Phase:train -- Batch_idx:100/391-- 743.22 samples/sec-- Loss:0.07 -- Error1:1.67
Phase:train -- Batch_idx:200/391-- 748.18 samples/sec-- Loss:0.07 -- Error1:1.80
Phase:train -- Batch_idx:300/391-- 749.88 samples/sec-- Loss:0.07 -- Error1:1.73
Train_Loss = 0.07310835839748382, Train_Err = 1.718
Val_Loss = 1.4874088062286377, Val_Err = 30.49
Epoch: [156 | 200]
Phase:train -- Batch_idx:100/391-- 742.98 samples/sec-- Loss:0.07 -- Error1:1.48
Phase:train -- Batch_idx:200/391-- 748.07 samples/sec-- Loss:0.07 -- Error1:1.66
Phase:train -- Batch_idx:300/391-- 749.70 samples/sec-- Loss:0.07 -- Error1:1.63
Train_Loss = 0.07119945789337158, Train_Err = 1.654
Val_Loss = 1.463835782432556, Val_Err = 30.51
Epoch: [157 | 200]
Phase:train -- Batch_idx:100/391-- 742.76 samples/sec-- Loss:0.07 -- Error1:1.66
Phase:train -- Batch_idx:200/391-- 748.02 samples/sec-- Loss:0.07 -- Error1:1.59
Phase:train -- Batch_idx:300/391-- 749.76 samples/sec-- Loss:0.07 -- Error1:1.61
Train_Loss = 0.07126756391763688, Train_Err = 1.622
Val_Loss = 1.4742446495056152, Val_Err = 30.54
Epoch: [158 | 200]
Phase:train -- Batch_idx:100/391-- 742.84 samples/sec-- Loss:0.07 -- Error1:1.59
Phase:train -- Batch_idx:200/391-- 747.77 samples/sec-- Loss:0.07 -- Error1:1.67
Phase:train -- Batch_idx:300/391-- 749.65 samples/sec-- Loss:0.07 -- Error1:1.69
Train_Loss = 0.07097885921478271, Train_Err = 1.674
Val_Loss = 1.5040208242416382, Val_Err = 30.77
Epoch: [159 | 200]
Phase:train -- Batch_idx:100/391-- 744.15 samples/sec-- Loss:0.07 -- Error1:1.58
Phase:train -- Batch_idx:200/391-- 748.74 samples/sec-- Loss:0.07 -- Error1:1.51
Phase:train -- Batch_idx:300/391-- 750.33 samples/sec-- Loss:0.07 -- Error1:1.53
Train_Loss = 0.06882285441994668, Train_Err = 1.564
Val_Loss = 1.4748736743927002, Val_Err = 30.73
Epoch: [160 | 200]
Phase:train -- Batch_idx:100/391-- 742.77 samples/sec-- Loss:0.07 -- Error1:1.46
Phase:train -- Batch_idx:200/391-- 747.77 samples/sec-- Loss:0.07 -- Error1:1.58
Phase:train -- Batch_idx:300/391-- 749.56 samples/sec-- Loss:0.07 -- Error1:1.54
Train_Loss = 0.06984971688747406, Train_Err = 1.618
Val_Loss = 1.4768513135910035, Val_Err = 30.38
Epoch: [161 | 200]
Phase:train -- Batch_idx:100/391-- 743.11 samples/sec-- Loss:0.07 -- Error1:1.53
Phase:train -- Batch_idx:200/391-- 748.03 samples/sec-- Loss:0.07 -- Error1:1.59
Phase:train -- Batch_idx:300/391-- 749.74 samples/sec-- Loss:0.07 -- Error1:1.61
Train_Loss = 0.06988920423984528, Train_Err = 1.624
Val_Loss = 1.4641072986602783, Val_Err = 30.36
Epoch: [162 | 200]
Phase:train -- Batch_idx:100/391-- 742.47 samples/sec-- Loss:0.07 -- Error1:1.55
Phase:train -- Batch_idx:200/391-- 747.68 samples/sec-- Loss:0.07 -- Error1:1.48
Phase:train -- Batch_idx:300/391-- 749.46 samples/sec-- Loss:0.07 -- Error1:1.53
Train_Loss = 0.06736861249804496, Train_Err = 1.498
Val_Loss = 1.4854593751907348, Val_Err = 30.53
Epoch: [163 | 200]
Phase:train -- Batch_idx:100/391-- 743.14 samples/sec-- Loss:0.07 -- Error1:1.55
Phase:train -- Batch_idx:200/391-- 748.27 samples/sec-- Loss:0.07 -- Error1:1.60
Phase:train -- Batch_idx:300/391-- 749.89 samples/sec-- Loss:0.07 -- Error1:1.62
Train_Loss = 0.07036158745765686, Train_Err = 1.674
Val_Loss = 1.4858243993759155, Val_Err = 30.54
Epoch: [164 | 200]
Phase:train -- Batch_idx:100/391-- 743.06 samples/sec-- Loss:0.07 -- Error1:1.63
Phase:train -- Batch_idx:200/391-- 747.88 samples/sec-- Loss:0.07 -- Error1:1.64
Phase:train -- Batch_idx:300/391-- 749.54 samples/sec-- Loss:0.07 -- Error1:1.61
Train_Loss = 0.068580186522007, Train_Err = 1.562
Val_Loss = 1.4973243362426758, Val_Err = 30.64
Epoch: [165 | 200]
Phase:train -- Batch_idx:100/391-- 742.95 samples/sec-- Loss:0.07 -- Error1:1.53
Phase:train -- Batch_idx:200/391-- 748.13 samples/sec-- Loss:0.07 -- Error1:1.48
Phase:train -- Batch_idx:300/391-- 749.83 samples/sec-- Loss:0.07 -- Error1:1.54
Train_Loss = 0.0675339825105667, Train_Err = 1.514
Val_Loss = 1.4851687477111817, Val_Err = 30.58
Epoch: [166 | 200]
Phase:train -- Batch_idx:100/391-- 743.25 samples/sec-- Loss:0.07 -- Error1:1.76
Phase:train -- Batch_idx:200/391-- 748.33 samples/sec-- Loss:0.07 -- Error1:1.59
Phase:train -- Batch_idx:300/391-- 749.95 samples/sec-- Loss:0.07 -- Error1:1.53
Train_Loss = 0.06726794031381607, Train_Err = 1.564
Val_Loss = 1.4719854610443115, Val_Err = 30.54
Epoch: [167 | 200]
Phase:train -- Batch_idx:100/391-- 742.77 samples/sec-- Loss:0.06 -- Error1:1.38
Phase:train -- Batch_idx:200/391-- 748.01 samples/sec-- Loss:0.06 -- Error1:1.43
Phase:train -- Batch_idx:300/391-- 749.74 samples/sec-- Loss:0.07 -- Error1:1.43
Train_Loss = 0.06573527660131455, Train_Err = 1.42
Val_Loss = 1.5025047243118286, Val_Err = 30.64
Epoch: [168 | 200]
Phase:train -- Batch_idx:100/391-- 742.60 samples/sec-- Loss:0.06 -- Error1:1.43
Phase:train -- Batch_idx:200/391-- 747.75 samples/sec-- Loss:0.07 -- Error1:1.45
Phase:train -- Batch_idx:300/391-- 749.50 samples/sec-- Loss:0.07 -- Error1:1.41
Train_Loss = 0.06569583850860596, Train_Err = 1.428
Val_Loss = 1.486748690032959, Val_Err = 30.61
Epoch: [169 | 200]
Phase:train -- Batch_idx:100/391-- 743.09 samples/sec-- Loss:0.07 -- Error1:1.54
Phase:train -- Batch_idx:200/391-- 747.52 samples/sec-- Loss:0.07 -- Error1:1.50
Phase:train -- Batch_idx:300/391-- 749.51 samples/sec-- Loss:0.07 -- Error1:1.46
Train_Loss = 0.0657941804432869, Train_Err = 1.474
Val_Loss = 1.4803999805450438, Val_Err = 30.73
Epoch: [170 | 200]
Phase:train -- Batch_idx:100/391-- 743.07 samples/sec-- Loss:0.06 -- Error1:1.36
Phase:train -- Batch_idx:200/391-- 748.09 samples/sec-- Loss:0.06 -- Error1:1.38
Phase:train -- Batch_idx:300/391-- 749.79 samples/sec-- Loss:0.06 -- Error1:1.42
Train_Loss = 0.06397003186583519, Train_Err = 1.402
Val_Loss = 1.4932663137435913, Val_Err = 30.6
Epoch: [171 | 200]
Phase:train -- Batch_idx:100/391-- 743.44 samples/sec-- Loss:0.06 -- Error1:1.27
Phase:train -- Batch_idx:200/391-- 748.41 samples/sec-- Loss:0.06 -- Error1:1.47
Phase:train -- Batch_idx:300/391-- 750.08 samples/sec-- Loss:0.06 -- Error1:1.46
Train_Loss = 0.06420348185777665, Train_Err = 1.416
Val_Loss = 1.506071270942688, Val_Err = 30.54
Epoch: [172 | 200]
Phase:train -- Batch_idx:100/391-- 742.51 samples/sec-- Loss:0.06 -- Error1:1.45
Phase:train -- Batch_idx:200/391-- 747.63 samples/sec-- Loss:0.06 -- Error1:1.50
Phase:train -- Batch_idx:300/391-- 749.59 samples/sec-- Loss:0.06 -- Error1:1.49
Train_Loss = 0.06509352500915527, Train_Err = 1.492
Val_Loss = 1.501037899017334, Val_Err = 30.54
Epoch: [173 | 200]
Phase:train -- Batch_idx:100/391-- 742.96 samples/sec-- Loss:0.06 -- Error1:1.43
Phase:train -- Batch_idx:200/391-- 748.21 samples/sec-- Loss:0.06 -- Error1:1.30
Phase:train -- Batch_idx:300/391-- 749.92 samples/sec-- Loss:0.06 -- Error1:1.37
Train_Loss = 0.06349091378450393, Train_Err = 1.412
Val_Loss = 1.5019969804763793, Val_Err = 30.5
Epoch: [174 | 200]
Phase:train -- Batch_idx:100/391-- 742.95 samples/sec-- Loss:0.06 -- Error1:1.35
Phase:train -- Batch_idx:200/391-- 747.88 samples/sec-- Loss:0.06 -- Error1:1.45
Phase:train -- Batch_idx:300/391-- 749.61 samples/sec-- Loss:0.06 -- Error1:1.45
Train_Loss = 0.0638511306142807, Train_Err = 1.434
Val_Loss = 1.5058969202041625, Val_Err = 30.55
Epoch: [175 | 200]
Phase:train -- Batch_idx:100/391-- 743.37 samples/sec-- Loss:0.06 -- Error1:1.34
Phase:train -- Batch_idx:200/391-- 748.33 samples/sec-- Loss:0.06 -- Error1:1.30
Phase:train -- Batch_idx:300/391-- 750.06 samples/sec-- Loss:0.06 -- Error1:1.39
Train_Loss = 0.06382752796649933, Train_Err = 1.416
Val_Loss = 1.4962311157226562, Val_Err = 30.5
Epoch: [176 | 200]
Phase:train -- Batch_idx:100/391-- 742.95 samples/sec-- Loss:0.06 -- Error1:1.14
Phase:train -- Batch_idx:200/391-- 748.08 samples/sec-- Loss:0.06 -- Error1:1.21
Phase:train -- Batch_idx:300/391-- 749.78 samples/sec-- Loss:0.06 -- Error1:1.30
Train_Loss = 0.06194517021894455, Train_Err = 1.342
Val_Loss = 1.4966417835235595, Val_Err = 30.72
Epoch: [177 | 200]
Phase:train -- Batch_idx:100/391-- 743.97 samples/sec-- Loss:0.06 -- Error1:1.37
Phase:train -- Batch_idx:200/391-- 748.37 samples/sec-- Loss:0.06 -- Error1:1.39
Phase:train -- Batch_idx:300/391-- 749.96 samples/sec-- Loss:0.06 -- Error1:1.33
Train_Loss = 0.062302733318805696, Train_Err = 1.316
Val_Loss = 1.5144136741638183, Val_Err = 30.87
Epoch: [178 | 200]
Phase:train -- Batch_idx:100/391-- 742.68 samples/sec-- Loss:0.06 -- Error1:1.40
Phase:train -- Batch_idx:200/391-- 748.03 samples/sec-- Loss:0.06 -- Error1:1.51
Phase:train -- Batch_idx:300/391-- 749.88 samples/sec-- Loss:0.07 -- Error1:1.52
Train_Loss = 0.06489718914031982, Train_Err = 1.514
Val_Loss = 1.5213799043655396, Val_Err = 30.62
Epoch: [179 | 200]
Phase:train -- Batch_idx:100/391-- 743.00 samples/sec-- Loss:0.06 -- Error1:1.30
Phase:train -- Batch_idx:200/391-- 748.04 samples/sec-- Loss:0.06 -- Error1:1.31
Phase:train -- Batch_idx:300/391-- 749.73 samples/sec-- Loss:0.06 -- Error1:1.34
Train_Loss = 0.06200683414936066, Train_Err = 1.322
Val_Loss = 1.5002756576538085, Val_Err = 30.58
Epoch: [180 | 200]
Phase:train -- Batch_idx:100/391-- 743.09 samples/sec-- Loss:0.06 -- Error1:1.28
Phase:train -- Batch_idx:200/391-- 748.08 samples/sec-- Loss:0.06 -- Error1:1.24
Phase:train -- Batch_idx:300/391-- 749.89 samples/sec-- Loss:0.06 -- Error1:1.30
Train_Loss = 0.06188412703037262, Train_Err = 1.316
Val_Loss = 1.5199250925064087, Val_Err = 30.36
Epoch: [181 | 200]
Phase:train -- Batch_idx:100/391-- 742.83 samples/sec-- Loss:0.06 -- Error1:1.57
Phase:train -- Batch_idx:200/391-- 748.12 samples/sec-- Loss:0.06 -- Error1:1.56
Phase:train -- Batch_idx:300/391-- 749.83 samples/sec-- Loss:0.06 -- Error1:1.42
Train_Loss = 0.06143836090564728, Train_Err = 1.376
Val_Loss = 1.4961230827331542, Val_Err = 30.43
Epoch: [182 | 200]
Phase:train -- Batch_idx:100/391-- 743.43 samples/sec-- Loss:0.06 -- Error1:1.13
Phase:train -- Batch_idx:200/391-- 748.31 samples/sec-- Loss:0.06 -- Error1:1.25
Phase:train -- Batch_idx:300/391-- 749.93 samples/sec-- Loss:0.06 -- Error1:1.29
Train_Loss = 0.06097601823806763, Train_Err = 1.308
Val_Loss = 1.5021129335403443, Val_Err = 30.72
Epoch: [183 | 200]
Phase:train -- Batch_idx:100/391-- 743.37 samples/sec-- Loss:0.06 -- Error1:1.30
Phase:train -- Batch_idx:200/391-- 748.21 samples/sec-- Loss:0.06 -- Error1:1.26
Phase:train -- Batch_idx:300/391-- 749.86 samples/sec-- Loss:0.06 -- Error1:1.28
Train_Loss = 0.06024674781322479, Train_Err = 1.31
Val_Loss = 1.5336435571670533, Val_Err = 30.75
Epoch: [184 | 200]
Phase:train -- Batch_idx:100/391-- 743.03 samples/sec-- Loss:0.06 -- Error1:1.39
Phase:train -- Batch_idx:200/391-- 747.92 samples/sec-- Loss:0.06 -- Error1:1.37
Phase:train -- Batch_idx:300/391-- 749.73 samples/sec-- Loss:0.06 -- Error1:1.32
Train_Loss = 0.06028235319137573, Train_Err = 1.316
Val_Loss = 1.5057226057052613, Val_Err = 30.44
Epoch: [185 | 200]
Phase:train -- Batch_idx:100/391-- 743.24 samples/sec-- Loss:0.06 -- Error1:1.26
Phase:train -- Batch_idx:200/391-- 748.14 samples/sec-- Loss:0.06 -- Error1:1.36
Phase:train -- Batch_idx:300/391-- 749.89 samples/sec-- Loss:0.06 -- Error1:1.33
Train_Loss = 0.05944312425971031, Train_Err = 1.304
Val_Loss = 1.5096296319961549, Val_Err = 30.74
Epoch: [186 | 200]
Phase:train -- Batch_idx:100/391-- 742.62 samples/sec-- Loss:0.06 -- Error1:1.09
Phase:train -- Batch_idx:200/391-- 747.85 samples/sec-- Loss:0.06 -- Error1:1.25
Phase:train -- Batch_idx:300/391-- 749.66 samples/sec-- Loss:0.06 -- Error1:1.29
Train_Loss = 0.05961561322927475, Train_Err = 1.28
Val_Loss = 1.5152017528533936, Val_Err = 30.59
Epoch: [187 | 200]
Phase:train -- Batch_idx:100/391-- 743.37 samples/sec-- Loss:0.06 -- Error1:1.45
Phase:train -- Batch_idx:200/391-- 748.45 samples/sec-- Loss:0.06 -- Error1:1.40
Phase:train -- Batch_idx:300/391-- 750.05 samples/sec-- Loss:0.06 -- Error1:1.40
Train_Loss = 0.06002191342592239, Train_Err = 1.382
Val_Loss = 1.4944777500152588, Val_Err = 30.56
Epoch: [188 | 200]
Phase:train -- Batch_idx:100/391-- 744.32 samples/sec-- Loss:0.06 -- Error1:1.27
Phase:train -- Batch_idx:200/391-- 748.75 samples/sec-- Loss:0.06 -- Error1:1.37
Phase:train -- Batch_idx:300/391-- 750.33 samples/sec-- Loss:0.06 -- Error1:1.32
Train_Loss = 0.05901755524754524, Train_Err = 1.294
Val_Loss = 1.4981339414596557, Val_Err = 30.7
Epoch: [189 | 200]
Phase:train -- Batch_idx:100/391-- 744.24 samples/sec-- Loss:0.05 -- Error1:1.09
Phase:train -- Batch_idx:200/391-- 748.67 samples/sec-- Loss:0.06 -- Error1:1.20
Phase:train -- Batch_idx:300/391-- 750.14 samples/sec-- Loss:0.06 -- Error1:1.18
Train_Loss = 0.05757108804702759, Train_Err = 1.176
Val_Loss = 1.5085198373794555, Val_Err = 30.61
Epoch: [190 | 200]
Phase:train -- Batch_idx:100/391-- 744.75 samples/sec-- Loss:0.06 -- Error1:1.24
Phase:train -- Batch_idx:200/391-- 749.02 samples/sec-- Loss:0.06 -- Error1:1.18
Phase:train -- Batch_idx:300/391-- 750.49 samples/sec-- Loss:0.06 -- Error1:1.23
Train_Loss = 0.05755794358253479, Train_Err = 1.254
Val_Loss = 1.4814034589767455, Val_Err = 30.29
Epoch: [191 | 200]
Phase:train -- Batch_idx:100/391-- 743.35 samples/sec-- Loss:0.06 -- Error1:1.25
Phase:train -- Batch_idx:200/391-- 748.29 samples/sec-- Loss:0.06 -- Error1:1.25
Phase:train -- Batch_idx:300/391-- 749.98 samples/sec-- Loss:0.06 -- Error1:1.23
Train_Loss = 0.05811250024557114, Train_Err = 1.234
Val_Loss = 1.5000970314025879, Val_Err = 30.2
Epoch: [192 | 200]
Phase:train -- Batch_idx:100/391-- 743.23 samples/sec-- Loss:0.06 -- Error1:1.29
Phase:train -- Batch_idx:200/391-- 748.27 samples/sec-- Loss:0.06 -- Error1:1.25
Phase:train -- Batch_idx:300/391-- 749.99 samples/sec-- Loss:0.06 -- Error1:1.25
Train_Loss = 0.05802842247962952, Train_Err = 1.228
Val_Loss = 1.5003713535308838, Val_Err = 30.54
Epoch: [193 | 200]
Phase:train -- Batch_idx:100/391-- 743.47 samples/sec-- Loss:0.06 -- Error1:1.21
Phase:train -- Batch_idx:200/391-- 748.55 samples/sec-- Loss:0.06 -- Error1:1.21
Phase:train -- Batch_idx:300/391-- 750.21 samples/sec-- Loss:0.06 -- Error1:1.21
Train_Loss = 0.05805330764293671, Train_Err = 1.218
Val_Loss = 1.523113150215149, Val_Err = 30.71
Epoch: [194 | 200]
Phase:train -- Batch_idx:100/391-- 742.93 samples/sec-- Loss:0.06 -- Error1:1.15
Phase:train -- Batch_idx:200/391-- 748.05 samples/sec-- Loss:0.06 -- Error1:1.22
Phase:train -- Batch_idx:300/391-- 749.77 samples/sec-- Loss:0.06 -- Error1:1.23
Train_Loss = 0.0577445059466362, Train_Err = 1.18
Val_Loss = 1.5101254920959473, Val_Err = 30.53
Epoch: [195 | 200]
Phase:train -- Batch_idx:100/391-- 742.70 samples/sec-- Loss:0.05 -- Error1:1.05
Phase:train -- Batch_idx:200/391-- 747.86 samples/sec-- Loss:0.06 -- Error1:1.12
Phase:train -- Batch_idx:300/391-- 749.66 samples/sec-- Loss:0.06 -- Error1:1.11
Train_Loss = 0.05592993433713913, Train_Err = 1.15
Val_Loss = 1.4993471200942994, Val_Err = 30.36
Epoch: [196 | 200]
Phase:train -- Batch_idx:100/391-- 743.75 samples/sec-- Loss:0.05 -- Error1:1.12
Phase:train -- Batch_idx:200/391-- 748.46 samples/sec-- Loss:0.06 -- Error1:1.23
Phase:train -- Batch_idx:300/391-- 750.24 samples/sec-- Loss:0.06 -- Error1:1.25
Train_Loss = 0.05692584734916687, Train_Err = 1.236
Val_Loss = 1.5141745109558105, Val_Err = 30.34
Epoch: [197 | 200]
Phase:train -- Batch_idx:100/391-- 743.29 samples/sec-- Loss:0.06 -- Error1:1.16
Phase:train -- Batch_idx:200/391-- 748.11 samples/sec-- Loss:0.06 -- Error1:1.17
Phase:train -- Batch_idx:300/391-- 749.79 samples/sec-- Loss:0.06 -- Error1:1.19
Train_Loss = 0.055926231162548065, Train_Err = 1.166
Val_Loss = 1.5105180963516236, Val_Err = 30.3
Epoch: [198 | 200]
Phase:train -- Batch_idx:100/391-- 744.42 samples/sec-- Loss:0.05 -- Error1:1.08
Phase:train -- Batch_idx:200/391-- 748.95 samples/sec-- Loss:0.05 -- Error1:1.09
Phase:train -- Batch_idx:300/391-- 750.44 samples/sec-- Loss:0.05 -- Error1:1.05
Train_Loss = 0.05430175173401833, Train_Err = 1.124
Val_Loss = 1.5134518711090088, Val_Err = 30.57
Epoch: [199 | 200]
Phase:train -- Batch_idx:100/391-- 742.25 samples/sec-- Loss:0.06 -- Error1:1.11
Phase:train -- Batch_idx:200/391-- 747.60 samples/sec-- Loss:0.06 -- Error1:1.21
Phase:train -- Batch_idx:300/391-- 749.45 samples/sec-- Loss:0.06 -- Error1:1.18
Train_Loss = 0.0557480948472023, Train_Err = 1.176
Val_Loss = 1.5202782606124878, Val_Err = 30.68
