root: Namespace(M=8, batch_size=16, cp_dir='checkpoints/basic_cutout/cifar10/ssgd/run_ms_0/pyramidnet_110_8_8_0.0005/run0', depth=110, dtype='cifar10', epochs=300, img_aug='basic_cutout', inc=15, learning_rate=0.1, momentum=0.9, mtype='pyramidnet', num_classes=10, resume=None, seed=0, std=0.0005, threads=8, weight_decay=0.0001, width_factor=8)
root: Epoch: [0 | 300]
root: Train_Loss = 0.1877359300851822, Train_Err = 54.964
root: Val_Loss = 1.2303909063339233, Val_Err = 42.75
root: Epoch: [1 | 300]
root: Train_Loss = 0.12407514452934265, Train_Err = 34.518
root: Val_Loss = 0.7059189081192017, Val_Err = 24.03
root: Epoch: [2 | 300]
root: Train_Loss = 0.10012088716030121, Train_Err = 27.592
root: Val_Loss = 0.5930174589157104, Val_Err = 20.32
root: Epoch: [3 | 300]
root: Train_Loss = 0.08840370923280716, Train_Err = 24.396
root: Val_Loss = 0.5000913739204407, Val_Err = 16.97
root: Epoch: [4 | 300]
root: Train_Loss = 0.07933889329433441, Train_Err = 21.846
root: Val_Loss = 0.4630543291568756, Val_Err = 15.63
root: Epoch: [5 | 300]
root: Train_Loss = 0.07288821041584015, Train_Err = 19.956
root: Val_Loss = 0.4459032714366913, Val_Err = 15.42
root: Epoch: [6 | 300]
root: Train_Loss = 0.06818941235542297, Train_Err = 18.756
root: Val_Loss = 0.4486793279647827, Val_Err = 15.57
root: Epoch: [7 | 300]
root: Train_Loss = 0.063776396214962, Train_Err = 17.446
root: Val_Loss = 0.4209819734096527, Val_Err = 14.39
root: Epoch: [8 | 300]
root: Train_Loss = 0.05959976464509964, Train_Err = 16.256
root: Val_Loss = 0.3732898533344269, Val_Err = 12.53
root: Epoch: [9 | 300]
root: Train_Loss = 0.05674789473414421, Train_Err = 15.668
root: Val_Loss = 0.36368852853775024, Val_Err = 12.2
root: Epoch: [10 | 300]
root: Train_Loss = 0.05312151089310646, Train_Err = 14.64
root: Val_Loss = 0.34011226892471313, Val_Err = 11.03
root: Epoch: [11 | 300]
root: Train_Loss = 0.05030055716633797, Train_Err = 13.74
root: Val_Loss = 0.3165382146835327, Val_Err = 10.75
root: Epoch: [12 | 300]
root: Train_Loss = 0.04871135205030441, Train_Err = 13.376
root: Val_Loss = 0.34692949056625366, Val_Err = 11.87
root: Epoch: [13 | 300]
root: Train_Loss = 0.04637030139565468, Train_Err = 12.724
root: Val_Loss = 0.32173052430152893, Val_Err = 10.97
root: Epoch: [14 | 300]
root: Train_Loss = 0.044301386922597885, Train_Err = 12.15
root: Val_Loss = 0.2970966100692749, Val_Err = 9.81
root: Epoch: [15 | 300]
root: Train_Loss = 0.04246923699975014, Train_Err = 11.72
root: Val_Loss = 0.30221816897392273, Val_Err = 10.09
root: Epoch: [16 | 300]
root: Train_Loss = 0.04119198024272919, Train_Err = 11.3
root: Val_Loss = 0.2812337279319763, Val_Err = 9.51
root: Epoch: [17 | 300]
root: Train_Loss = 0.03896920382976532, Train_Err = 10.72
root: Val_Loss = 0.28116005659103394, Val_Err = 9.58
root: Epoch: [18 | 300]
root: Train_Loss = 0.03768864646553993, Train_Err = 10.356
root: Val_Loss = 0.26430121064186096, Val_Err = 8.74
root: Epoch: [19 | 300]
root: Train_Loss = 0.036675188690423965, Train_Err = 10.166
root: Val_Loss = 0.26007595658302307, Val_Err = 8.83
root: Epoch: [20 | 300]
root: Train_Loss = 0.03530003875494003, Train_Err = 9.764
root: Val_Loss = 0.27183714509010315, Val_Err = 9.03
root: Epoch: [21 | 300]
root: Train_Loss = 0.034243226051330566, Train_Err = 9.386
root: Val_Loss = 0.2426965981721878, Val_Err = 8.08
root: Epoch: [22 | 300]
root: Train_Loss = 0.03254266455769539, Train_Err = 9.018
root: Val_Loss = 0.2596680223941803, Val_Err = 8.44
root: Epoch: [23 | 300]
root: Train_Loss = 0.032053764909505844, Train_Err = 8.876
root: Val_Loss = 0.24906569719314575, Val_Err = 8.17
root: Epoch: [24 | 300]
root: Train_Loss = 0.030844489112496376, Train_Err = 8.486
root: Val_Loss = 0.23786193132400513, Val_Err = 7.91
root: Epoch: [25 | 300]
root: Train_Loss = 0.03001149743795395, Train_Err = 8.29
root: Val_Loss = 0.2503654360771179, Val_Err = 8.04
root: Epoch: [26 | 300]
root: Train_Loss = 0.029291203245520592, Train_Err = 8.136
root: Val_Loss = 0.22161296010017395, Val_Err = 7.25
root: Epoch: [27 | 300]
root: Train_Loss = 0.02851583994925022, Train_Err = 7.79
root: Val_Loss = 0.23330195248126984, Val_Err = 7.69
root: Epoch: [28 | 300]
root: Train_Loss = 0.027961401268839836, Train_Err = 7.702
root: Val_Loss = 0.2229556292295456, Val_Err = 7.25
root: Epoch: [29 | 300]
root: Train_Loss = 0.02738909423351288, Train_Err = 7.56
root: Val_Loss = 0.21848627924919128, Val_Err = 7.08
root: Epoch: [30 | 300]
root: Train_Loss = 0.026809491217136383, Train_Err = 7.522
root: Val_Loss = 0.24511969089508057, Val_Err = 8.05
root: Epoch: [31 | 300]
root: Train_Loss = 0.0261065773665905, Train_Err = 7.284
root: Val_Loss = 0.2278183251619339, Val_Err = 7.11
root: Epoch: [32 | 300]
root: Train_Loss = 0.02584104984998703, Train_Err = 7.066
root: Val_Loss = 0.24751855432987213, Val_Err = 8.25
root: Epoch: [33 | 300]
root: Train_Loss = 0.025979317724704742, Train_Err = 7.228
root: Val_Loss = 0.24546726047992706, Val_Err = 8.17
root: Epoch: [34 | 300]
root: Train_Loss = 0.024948405101895332, Train_Err = 6.914
root: Val_Loss = 0.23759782314300537, Val_Err = 7.56
root: Epoch: [35 | 300]
root: Train_Loss = 0.025160128250718117, Train_Err = 7.01
root: Val_Loss = 0.2072124481201172, Val_Err = 7.01
root: Epoch: [36 | 300]
root: Train_Loss = 0.024454914033412933, Train_Err = 6.86
root: Val_Loss = 0.22620455920696259, Val_Err = 7.28
root: Epoch: [37 | 300]
root: Train_Loss = 0.023554841056466103, Train_Err = 6.402
root: Val_Loss = 0.20921547710895538, Val_Err = 6.63
root: Epoch: [38 | 300]
root: Train_Loss = 0.023562191054224968, Train_Err = 6.442
root: Val_Loss = 0.23712961375713348, Val_Err = 7.47
root: Epoch: [39 | 300]
root: Train_Loss = 0.023342128843069077, Train_Err = 6.362
root: Val_Loss = 0.23357638716697693, Val_Err = 7.34
root: Epoch: [40 | 300]
root: Train_Loss = 0.02320537343621254, Train_Err = 6.41
root: Val_Loss = 0.2373945713043213, Val_Err = 7.34
root: Epoch: [41 | 300]
root: Train_Loss = 0.02277948521077633, Train_Err = 6.272
root: Val_Loss = 0.23525270819664001, Val_Err = 7.24
root: Epoch: [42 | 300]
root: Train_Loss = 0.022763656452298164, Train_Err = 6.276
root: Val_Loss = 0.21949748694896698, Val_Err = 7.04
root: Epoch: [43 | 300]
root: Train_Loss = 0.02206197939813137, Train_Err = 6.058
root: Val_Loss = 0.20787294209003448, Val_Err = 6.45
root: Epoch: [44 | 300]
root: Train_Loss = 0.021911635994911194, Train_Err = 5.862
root: Val_Loss = 0.20858703553676605, Val_Err = 6.56
root: Epoch: [45 | 300]
root: Train_Loss = 0.0222090445458889, Train_Err = 5.984
root: Val_Loss = 0.25122955441474915, Val_Err = 7.71
root: Epoch: [46 | 300]
root: Train_Loss = 0.02197190374135971, Train_Err = 6.112
root: Val_Loss = 0.20883236825466156, Val_Err = 6.68
root: Epoch: [47 | 300]
root: Train_Loss = 0.021387189626693726, Train_Err = 5.936
root: Val_Loss = 0.21319003403186798, Val_Err = 6.62
root: Epoch: [48 | 300]
root: Train_Loss = 0.021485311910510063, Train_Err = 5.878
root: Val_Loss = 0.2214113175868988, Val_Err = 7.34
root: Epoch: [49 | 300]
root: Train_Loss = 0.021098218858242035, Train_Err = 5.906
root: Val_Loss = 0.22244320809841156, Val_Err = 7.03
root: Epoch: [50 | 300]
root: Train_Loss = 0.020980818197131157, Train_Err = 5.818
root: Val_Loss = 0.203883558511734, Val_Err = 6.44
root: Epoch: [51 | 300]
root: Train_Loss = 0.020808564499020576, Train_Err = 5.678
root: Val_Loss = 0.21049310266971588, Val_Err = 6.46
root: Epoch: [52 | 300]
root: Train_Loss = 0.020835768431425095, Train_Err = 5.696
root: Val_Loss = 0.19886183738708496, Val_Err = 6.5
root: Epoch: [53 | 300]
root: Train_Loss = 0.02029906027019024, Train_Err = 5.582
root: Val_Loss = 0.23327787220478058, Val_Err = 6.86
root: Epoch: [54 | 300]
root: Train_Loss = 0.021405208855867386, Train_Err = 5.9
root: Val_Loss = 0.21310876309871674, Val_Err = 6.59
root: Epoch: [55 | 300]
root: Train_Loss = 0.020400937646627426, Train_Err = 5.614
root: Val_Loss = 0.22659841179847717, Val_Err = 7.04
root: Epoch: [56 | 300]
root: Train_Loss = 0.020202772691845894, Train_Err = 5.614
root: Val_Loss = 0.20959974825382233, Val_Err = 6.35
root: Epoch: [57 | 300]
root: Train_Loss = 0.020187636837363243, Train_Err = 5.59
root: Val_Loss = 0.20887470245361328, Val_Err = 6.26
root: Epoch: [58 | 300]
root: Train_Loss = 0.01994238793849945, Train_Err = 5.564
root: Val_Loss = 0.2044072151184082, Val_Err = 6.44
root: Epoch: [59 | 300]
root: Train_Loss = 0.020108332857489586, Train_Err = 5.456
root: Val_Loss = 0.1972610056400299, Val_Err = 6.13
root: Epoch: [60 | 300]
root: Train_Loss = 0.01948338933289051, Train_Err = 5.27
root: Val_Loss = 0.2196016013622284, Val_Err = 6.91
root: Epoch: [61 | 300]
root: Train_Loss = 0.019935984164476395, Train_Err = 5.498
root: Val_Loss = 0.21606871485710144, Val_Err = 6.7
root: Epoch: [62 | 300]
root: Train_Loss = 0.019951511174440384, Train_Err = 5.436
root: Val_Loss = 0.22605721652507782, Val_Err = 7.02
root: Epoch: [63 | 300]
root: Train_Loss = 0.01921197585761547, Train_Err = 5.362
root: Val_Loss = 0.217487171292305, Val_Err = 6.57
root: Epoch: [64 | 300]
root: Train_Loss = 0.01915564015507698, Train_Err = 5.29
root: Val_Loss = 0.20996466279029846, Val_Err = 6.29
root: Epoch: [65 | 300]
root: Train_Loss = 0.01923466846346855, Train_Err = 5.264
root: Val_Loss = 0.2249254584312439, Val_Err = 6.91
root: Epoch: [66 | 300]
root: Train_Loss = 0.01956995762884617, Train_Err = 5.336
root: Val_Loss = 0.2064189612865448, Val_Err = 6.71
root: Epoch: [67 | 300]
root: Train_Loss = 0.018832795321941376, Train_Err = 5.094
root: Val_Loss = 0.19772528111934662, Val_Err = 6.04
root: Epoch: [68 | 300]
root: Train_Loss = 0.019194602966308594, Train_Err = 5.176
root: Val_Loss = 0.1978595107793808, Val_Err = 5.99
root: Epoch: [69 | 300]
root: Train_Loss = 0.018539533019065857, Train_Err = 5.064
root: Val_Loss = 0.2065652757883072, Val_Err = 6.23
root: Epoch: [70 | 300]
root: Train_Loss = 0.018707891926169395, Train_Err = 5.17
root: Val_Loss = 0.22694841027259827, Val_Err = 6.95
root: Epoch: [71 | 300]
root: Train_Loss = 0.018395349383354187, Train_Err = 5.012
root: Val_Loss = 0.20389840006828308, Val_Err = 6.26
root: Epoch: [72 | 300]
root: Train_Loss = 0.018445773050189018, Train_Err = 4.988
root: Val_Loss = 0.2214665412902832, Val_Err = 6.58
root: Epoch: [73 | 300]
root: Train_Loss = 0.01919558458030224, Train_Err = 5.28
root: Val_Loss = 0.20453806221485138, Val_Err = 6.72
root: Epoch: [74 | 300]
root: Train_Loss = 0.018582087010145187, Train_Err = 5.108
root: Val_Loss = 0.20558546483516693, Val_Err = 6.08
root: Epoch: [75 | 300]
root: Train_Loss = 0.018193285912275314, Train_Err = 4.994
root: Val_Loss = 0.2164890617132187, Val_Err = 6.45
root: Epoch: [76 | 300]
root: Train_Loss = 0.01896468922495842, Train_Err = 5.254
root: Val_Loss = 0.19615118205547333, Val_Err = 6.11
root: Epoch: [77 | 300]
root: Train_Loss = 0.018160656094551086, Train_Err = 5.004
root: Val_Loss = 0.20115607976913452, Val_Err = 6.04
root: Epoch: [78 | 300]
root: Train_Loss = 0.017993662506341934, Train_Err = 4.804
root: Val_Loss = 0.20531725883483887, Val_Err = 6.0
root: Epoch: [79 | 300]
root: Train_Loss = 0.01815214939415455, Train_Err = 4.936
root: Val_Loss = 0.22372758388519287, Val_Err = 6.27
root: Epoch: [80 | 300]
root: Train_Loss = 0.018378570675849915, Train_Err = 5.04
root: Val_Loss = 0.22334064543247223, Val_Err = 6.56
root: Epoch: [81 | 300]
root: Train_Loss = 0.018349554389715195, Train_Err = 5.102
root: Val_Loss = 0.23018957674503326, Val_Err = 6.57
root: Epoch: [82 | 300]
root: Train_Loss = 0.01772989146411419, Train_Err = 4.988
root: Val_Loss = 0.19968311488628387, Val_Err = 5.81
root: Epoch: [83 | 300]
root: Train_Loss = 0.01829981617629528, Train_Err = 4.978
root: Val_Loss = 0.19225865602493286, Val_Err = 6.03
root: Epoch: [84 | 300]
root: Train_Loss = 0.017725814133882523, Train_Err = 4.92
root: Val_Loss = 0.21698525547981262, Val_Err = 6.91
root: Epoch: [85 | 300]
root: Train_Loss = 0.01783766783773899, Train_Err = 4.862
root: Val_Loss = 0.1943604201078415, Val_Err = 5.97
root: Epoch: [86 | 300]
root: Train_Loss = 0.017749950289726257, Train_Err = 4.876
root: Val_Loss = 0.20139774680137634, Val_Err = 6.28
root: Epoch: [87 | 300]
root: Train_Loss = 0.017789380624890327, Train_Err = 4.88
root: Val_Loss = 0.19606590270996094, Val_Err = 5.98
root: Epoch: [88 | 300]
root: Train_Loss = 0.017128359526395798, Train_Err = 4.686
root: Val_Loss = 0.1928877830505371, Val_Err = 5.86
root: Epoch: [89 | 300]
root: Train_Loss = 0.018031824380159378, Train_Err = 4.926
root: Val_Loss = 0.1957208663225174, Val_Err = 5.92
root: Epoch: [90 | 300]
root: Train_Loss = 0.01704902946949005, Train_Err = 4.688
root: Val_Loss = 0.21565358340740204, Val_Err = 6.59
root: Epoch: [91 | 300]
root: Train_Loss = 0.01736919954419136, Train_Err = 4.69
root: Val_Loss = 0.20403094589710236, Val_Err = 6.19
root: Epoch: [92 | 300]
root: Train_Loss = 0.017390025779604912, Train_Err = 4.796
root: Val_Loss = 0.21817052364349365, Val_Err = 6.28
root: Epoch: [93 | 300]
root: Train_Loss = 0.01689508743584156, Train_Err = 4.688
root: Val_Loss = 0.19931316375732422, Val_Err = 6.02
root: Epoch: [94 | 300]
root: Train_Loss = 0.017261872068047523, Train_Err = 4.79
root: Val_Loss = 0.22189095616340637, Val_Err = 6.26
root: Epoch: [95 | 300]
root: Train_Loss = 0.017121903598308563, Train_Err = 4.658
root: Val_Loss = 0.21395958960056305, Val_Err = 6.68
root: Epoch: [96 | 300]
root: Train_Loss = 0.017335109412670135, Train_Err = 4.706
root: Val_Loss = 0.2072570025920868, Val_Err = 6.17
root: Epoch: [97 | 300]
root: Train_Loss = 0.016811523586511612, Train_Err = 4.608
root: Val_Loss = 0.18634961545467377, Val_Err = 5.84
root: Epoch: [98 | 300]
root: Train_Loss = 0.017281394451856613, Train_Err = 4.832
root: Val_Loss = 0.1862599104642868, Val_Err = 5.77
root: Epoch: [99 | 300]
root: Train_Loss = 0.017353590577840805, Train_Err = 4.72
root: Val_Loss = 0.19849155843257904, Val_Err = 5.89
root: Epoch: [100 | 300]
root: Train_Loss = 0.017213618382811546, Train_Err = 4.796
root: Val_Loss = 0.2009177803993225, Val_Err = 6.31
root: Epoch: [101 | 300]
root: Train_Loss = 0.016940992325544357, Train_Err = 4.62
root: Val_Loss = 0.20113638043403625, Val_Err = 6.12
root: Epoch: [102 | 300]
root: Train_Loss = 0.016474593430757523, Train_Err = 4.502
root: Val_Loss = 0.18543367087841034, Val_Err = 5.49
root: Epoch: [103 | 300]
root: Train_Loss = 0.01669301651418209, Train_Err = 4.622
root: Val_Loss = 0.18507593870162964, Val_Err = 6.06
root: Epoch: [104 | 300]
root: Train_Loss = 0.016516491770744324, Train_Err = 4.478
root: Val_Loss = 0.16975609958171844, Val_Err = 5.45
root: Epoch: [105 | 300]
root: Train_Loss = 0.016658565029501915, Train_Err = 4.65
root: Val_Loss = 0.1846545934677124, Val_Err = 5.38
root: Epoch: [106 | 300]
root: Train_Loss = 0.016956379637122154, Train_Err = 4.65
root: Val_Loss = 0.1986427754163742, Val_Err = 5.85
root: Epoch: [107 | 300]
root: Train_Loss = 0.01648513786494732, Train_Err = 4.506
root: Val_Loss = 0.19569464027881622, Val_Err = 5.69
root: Epoch: [108 | 300]
root: Train_Loss = 0.016665758565068245, Train_Err = 4.54
root: Val_Loss = 0.20076709985733032, Val_Err = 5.84
root: Epoch: [109 | 300]
root: Train_Loss = 0.016860632225871086, Train_Err = 4.62
root: Val_Loss = 0.1934729367494583, Val_Err = 5.99
root: Epoch: [110 | 300]
root: Train_Loss = 0.016895977780222893, Train_Err = 4.6
root: Val_Loss = 0.17558670043945312, Val_Err = 5.33
root: Epoch: [111 | 300]
root: Train_Loss = 0.017156044021248817, Train_Err = 4.726
root: Val_Loss = 0.18142834305763245, Val_Err = 5.23
root: Epoch: [112 | 300]
root: Train_Loss = 0.016135096549987793, Train_Err = 4.406
root: Val_Loss = 0.1996220499277115, Val_Err = 6.35
root: Epoch: [113 | 300]
root: Train_Loss = 0.017059404402971268, Train_Err = 4.718
root: Val_Loss = 0.19732016324996948, Val_Err = 5.97
root: Epoch: [114 | 300]
root: Train_Loss = 0.016341058537364006, Train_Err = 4.392
root: Val_Loss = 0.19807684421539307, Val_Err = 5.9
root: Epoch: [115 | 300]
root: Train_Loss = 0.016700342297554016, Train_Err = 4.596
root: Val_Loss = 0.21101319789886475, Val_Err = 6.06
root: Epoch: [116 | 300]
root: Train_Loss = 0.0167559664696455, Train_Err = 4.556
root: Val_Loss = 0.20633986592292786, Val_Err = 6.15
root: Epoch: [117 | 300]
root: Train_Loss = 0.017049983143806458, Train_Err = 4.626
root: Val_Loss = 0.1967497020959854, Val_Err = 5.81
root: Epoch: [118 | 300]
root: Train_Loss = 0.01638336293399334, Train_Err = 4.542
root: Val_Loss = 0.18727757036685944, Val_Err = 5.83
root: Epoch: [119 | 300]
root: Train_Loss = 0.01668478362262249, Train_Err = 4.532
root: Val_Loss = 0.18888267874717712, Val_Err = 5.55
root: Epoch: [120 | 300]
root: Train_Loss = 0.015955863520503044, Train_Err = 4.28
root: Val_Loss = 0.20131033658981323, Val_Err = 5.75
root: Epoch: [121 | 300]
root: Train_Loss = 0.01633477956056595, Train_Err = 4.5
root: Val_Loss = 0.20378853380680084, Val_Err = 5.93
root: Epoch: [122 | 300]
root: Train_Loss = 0.016737204045057297, Train_Err = 4.602
root: Val_Loss = 0.20972628891468048, Val_Err = 6.15
root: Epoch: [123 | 300]
root: Train_Loss = 0.016915280371904373, Train_Err = 4.728
root: Val_Loss = 0.2167002409696579, Val_Err = 6.28
root: Epoch: [124 | 300]
root: Train_Loss = 0.016515539959073067, Train_Err = 4.444
root: Val_Loss = 0.21651671826839447, Val_Err = 6.34
root: Epoch: [125 | 300]
root: Train_Loss = 0.015960605815052986, Train_Err = 4.388
root: Val_Loss = 0.20160016417503357, Val_Err = 6.1
root: Epoch: [126 | 300]
root: Train_Loss = 0.01642162725329399, Train_Err = 4.498
root: Val_Loss = 0.19339057803153992, Val_Err = 5.98
root: Epoch: [127 | 300]
root: Train_Loss = 0.015754375606775284, Train_Err = 4.274
root: Val_Loss = 0.20858822762966156, Val_Err = 5.95
root: Epoch: [128 | 300]
root: Train_Loss = 0.01621829718351364, Train_Err = 4.434
root: Val_Loss = 0.22549045085906982, Val_Err = 6.3
root: Epoch: [129 | 300]
root: Train_Loss = 0.01576259918510914, Train_Err = 4.294
root: Val_Loss = 0.2039509415626526, Val_Err = 6.08
root: Epoch: [130 | 300]
root: Train_Loss = 0.015880199149250984, Train_Err = 4.316
root: Val_Loss = 0.21365563571453094, Val_Err = 6.12
root: Epoch: [131 | 300]
root: Train_Loss = 0.016193725168704987, Train_Err = 4.404
root: Val_Loss = 0.1914178878068924, Val_Err = 5.85
root: Epoch: [132 | 300]
root: Train_Loss = 0.015590758062899113, Train_Err = 4.256
root: Val_Loss = 0.20305435359477997, Val_Err = 5.9
root: Epoch: [133 | 300]
root: Train_Loss = 0.015949377790093422, Train_Err = 4.226
root: Val_Loss = 0.19389888644218445, Val_Err = 5.43
root: Epoch: [134 | 300]
root: Train_Loss = 0.016138721257448196, Train_Err = 4.302
root: Val_Loss = 0.20139409601688385, Val_Err = 5.62
root: Epoch: [135 | 300]
root: Train_Loss = 0.016077430918812752, Train_Err = 4.362
root: Val_Loss = 0.18777404725551605, Val_Err = 5.77
root: Epoch: [136 | 300]
root: Train_Loss = 0.016514059156179428, Train_Err = 4.542
root: Val_Loss = 0.19676925241947174, Val_Err = 5.93
root: Epoch: [137 | 300]
root: Train_Loss = 0.01626397855579853, Train_Err = 4.398
root: Val_Loss = 0.20473875105381012, Val_Err = 6.07
root: Epoch: [138 | 300]
root: Train_Loss = 0.015893545001745224, Train_Err = 4.252
root: Val_Loss = 0.20021234452724457, Val_Err = 6.29
root: Epoch: [139 | 300]
root: Train_Loss = 0.016311047598719597, Train_Err = 4.458
root: Val_Loss = 0.1953796148300171, Val_Err = 5.41
root: Epoch: [140 | 300]
root: Train_Loss = 0.016057968139648438, Train_Err = 4.414
root: Val_Loss = 0.18421807885169983, Val_Err = 5.44
root: Epoch: [141 | 300]
root: Train_Loss = 0.016471166163682938, Train_Err = 4.574
root: Val_Loss = 0.21078383922576904, Val_Err = 6.03
root: Epoch: [142 | 300]
root: Train_Loss = 0.01606099121272564, Train_Err = 4.35
root: Val_Loss = 0.20623332262039185, Val_Err = 5.82
root: Epoch: [143 | 300]
root: Train_Loss = 0.015744764357805252, Train_Err = 4.51
root: Val_Loss = 0.19637618958950043, Val_Err = 5.65
root: Epoch: [144 | 300]
root: Train_Loss = 0.015451236627995968, Train_Err = 4.258
root: Val_Loss = 0.20063306391239166, Val_Err = 6.25
root: Epoch: [145 | 300]
root: Train_Loss = 0.016048863530158997, Train_Err = 4.402
root: Val_Loss = 0.1902099996805191, Val_Err = 5.66
root: Epoch: [146 | 300]
root: Train_Loss = 0.016493216156959534, Train_Err = 4.496
root: Val_Loss = 0.20128194987773895, Val_Err = 5.99
root: Epoch: [147 | 300]
root: Train_Loss = 0.015588349662721157, Train_Err = 4.29
root: Val_Loss = 0.21282753348350525, Val_Err = 6.24
root: Epoch: [148 | 300]
root: Train_Loss = 0.01583944819867611, Train_Err = 4.364
root: Val_Loss = 0.20642638206481934, Val_Err = 6.13
root: Epoch: [149 | 300]
root: Train_Loss = 0.01612779311835766, Train_Err = 4.41
root: Val_Loss = 0.19973532855510712, Val_Err = 5.98
root: Epoch: [150 | 300]
root: Train_Loss = 0.00837128609418869, Train_Err = 2.226
root: Val_Loss = 0.1306578516960144, Val_Err = 3.84
root: Epoch: [151 | 300]
root: Train_Loss = 0.005437819752842188, Train_Err = 1.486
root: Val_Loss = 0.12872488796710968, Val_Err = 3.54
root: Epoch: [152 | 300]
root: Train_Loss = 0.004800851922482252, Train_Err = 1.298
root: Val_Loss = 0.12480882555246353, Val_Err = 3.57
root: Epoch: [153 | 300]
root: Train_Loss = 0.0042669642716646194, Train_Err = 1.19
root: Val_Loss = 0.12296112626791, Val_Err = 3.42
root: Epoch: [154 | 300]
root: Train_Loss = 0.003831560956314206, Train_Err = 1.008
root: Val_Loss = 0.12354926764965057, Val_Err = 3.42
root: Epoch: [155 | 300]
root: Train_Loss = 0.004051143303513527, Train_Err = 1.108
root: Val_Loss = 0.11564978957176208, Val_Err = 3.24
root: Epoch: [156 | 300]
root: Train_Loss = 0.0038514393381774426, Train_Err = 1.062
root: Val_Loss = 0.11735468357801437, Val_Err = 3.28
root: Epoch: [157 | 300]
root: Train_Loss = 0.0036115318071097136, Train_Err = 0.998
root: Val_Loss = 0.11952221393585205, Val_Err = 3.35
root: Epoch: [158 | 300]
root: Train_Loss = 0.003297187387943268, Train_Err = 0.886
root: Val_Loss = 0.11443887650966644, Val_Err = 3.04
root: Epoch: [159 | 300]
root: Train_Loss = 0.003236053278669715, Train_Err = 0.834
root: Val_Loss = 0.11571391671895981, Val_Err = 3.05
root: Epoch: [160 | 300]
root: Train_Loss = 0.003240951569750905, Train_Err = 0.87
root: Val_Loss = 0.11530734598636627, Val_Err = 3.1
root: Epoch: [161 | 300]
root: Train_Loss = 0.0031702120322734118, Train_Err = 0.858
root: Val_Loss = 0.11902016401290894, Val_Err = 3.1
root: Epoch: [162 | 300]
root: Train_Loss = 0.003034155583009124, Train_Err = 0.792
root: Val_Loss = 0.11742594838142395, Val_Err = 3.03
root: Epoch: [163 | 300]
root: Train_Loss = 0.002928040688857436, Train_Err = 0.76
root: Val_Loss = 0.12092091888189316, Val_Err = 3.02
root: Epoch: [164 | 300]
root: Train_Loss = 0.003047085599973798, Train_Err = 0.802
root: Val_Loss = 0.12243763357400894, Val_Err = 3.06
root: Epoch: [165 | 300]
root: Train_Loss = 0.0029835018794983625, Train_Err = 0.804
root: Val_Loss = 0.12101751565933228, Val_Err = 3.04
root: Epoch: [166 | 300]
root: Train_Loss = 0.0029365026857703924, Train_Err = 0.75
root: Val_Loss = 0.12053661793470383, Val_Err = 3.1
root: Epoch: [167 | 300]
root: Train_Loss = 0.0028550641145557165, Train_Err = 0.764
root: Val_Loss = 0.11499637365341187, Val_Err = 2.98
root: Epoch: [168 | 300]
root: Train_Loss = 0.002737891860306263, Train_Err = 0.722
root: Val_Loss = 0.12332423776388168, Val_Err = 3.09
root: Epoch: [169 | 300]
root: Train_Loss = 0.002759606344625354, Train_Err = 0.744
root: Val_Loss = 0.1227000430226326, Val_Err = 3.04
root: Epoch: [170 | 300]
root: Train_Loss = 0.0030030254274606705, Train_Err = 0.788
root: Val_Loss = 0.1184970885515213, Val_Err = 3.12
root: Epoch: [171 | 300]
root: Train_Loss = 0.0027772607281804085, Train_Err = 0.726
root: Val_Loss = 0.12196467071771622, Val_Err = 3.11
root: Epoch: [172 | 300]
root: Train_Loss = 0.0027507846243679523, Train_Err = 0.74
root: Val_Loss = 0.11858154088258743, Val_Err = 3.1
root: Epoch: [173 | 300]
root: Train_Loss = 0.0027417719829827547, Train_Err = 0.75
root: Val_Loss = 0.11357060074806213, Val_Err = 2.82
root: Epoch: [174 | 300]
root: Train_Loss = 0.0026973567437380552, Train_Err = 0.736
root: Val_Loss = 0.11339160054922104, Val_Err = 2.81
root: Epoch: [175 | 300]
root: Train_Loss = 0.002862709341570735, Train_Err = 0.778
root: Val_Loss = 0.12394361197948456, Val_Err = 3.15
root: Epoch: [176 | 300]
root: Train_Loss = 0.002783239120617509, Train_Err = 0.77
root: Val_Loss = 0.11934777349233627, Val_Err = 3.06
root: Epoch: [177 | 300]
root: Train_Loss = 0.002638879232108593, Train_Err = 0.702
root: Val_Loss = 0.11398190259933472, Val_Err = 3.04
root: Epoch: [178 | 300]
root: Train_Loss = 0.0026073367334902287, Train_Err = 0.72
root: Val_Loss = 0.1196926087141037, Val_Err = 3.13
root: Epoch: [179 | 300]
root: Train_Loss = 0.0024421014823019505, Train_Err = 0.668
root: Val_Loss = 0.12115287780761719, Val_Err = 2.97
root: Epoch: [180 | 300]
root: Train_Loss = 0.002325708046555519, Train_Err = 0.64
root: Val_Loss = 0.11578404158353806, Val_Err = 2.88
root: Epoch: [181 | 300]
root: Train_Loss = 0.002615169622004032, Train_Err = 0.684
root: Val_Loss = 0.12073171138763428, Val_Err = 2.91
root: Epoch: [182 | 300]
root: Train_Loss = 0.002434074878692627, Train_Err = 0.658
root: Val_Loss = 0.1170116513967514, Val_Err = 2.91
root: Epoch: [183 | 300]
root: Train_Loss = 0.0025141166988760233, Train_Err = 0.702
root: Val_Loss = 0.11837359517812729, Val_Err = 3.07
root: Epoch: [184 | 300]
root: Train_Loss = 0.002603816566988826, Train_Err = 0.72
root: Val_Loss = 0.1187540739774704, Val_Err = 3.03
root: Epoch: [185 | 300]
root: Train_Loss = 0.002357874996960163, Train_Err = 0.636
root: Val_Loss = 0.11970231682062149, Val_Err = 2.96
root: Epoch: [186 | 300]
root: Train_Loss = 0.0024027342442423105, Train_Err = 0.606
root: Val_Loss = 0.12093036621809006, Val_Err = 3.03
root: Epoch: [187 | 300]
root: Train_Loss = 0.002695264294743538, Train_Err = 0.706
root: Val_Loss = 0.11237532645463943, Val_Err = 3.0
root: Epoch: [188 | 300]
root: Train_Loss = 0.0025121523067355156, Train_Err = 0.684
root: Val_Loss = 0.11720316857099533, Val_Err = 3.01
root: Epoch: [189 | 300]
root: Train_Loss = 0.002604014938697219, Train_Err = 0.68
root: Val_Loss = 0.11385077983140945, Val_Err = 2.8
root: Epoch: [190 | 300]
root: Train_Loss = 0.0021216711029410362, Train_Err = 0.582
root: Val_Loss = 0.11923468858003616, Val_Err = 2.94
root: Epoch: [191 | 300]
root: Train_Loss = 0.0024575036950409412, Train_Err = 0.662
root: Val_Loss = 0.1169322207570076, Val_Err = 2.85
root: Epoch: [192 | 300]
root: Train_Loss = 0.002390441484749317, Train_Err = 0.64
root: Val_Loss = 0.11593300849199295, Val_Err = 2.88
root: Epoch: [193 | 300]
root: Train_Loss = 0.0021134524140506983, Train_Err = 0.568
root: Val_Loss = 0.11360432952642441, Val_Err = 2.81
root: Epoch: [194 | 300]
root: Train_Loss = 0.002385797444730997, Train_Err = 0.67
root: Val_Loss = 0.1170748770236969, Val_Err = 2.87
root: Epoch: [195 | 300]
root: Train_Loss = 0.0021963154431432486, Train_Err = 0.594
root: Val_Loss = 0.12041191011667252, Val_Err = 3.02
root: Epoch: [196 | 300]
root: Train_Loss = 0.002476342488080263, Train_Err = 0.65
root: Val_Loss = 0.11775793135166168, Val_Err = 2.87
root: Epoch: [197 | 300]
root: Train_Loss = 0.0023202914744615555, Train_Err = 0.602
root: Val_Loss = 0.114556685090065, Val_Err = 2.93
root: Epoch: [198 | 300]
root: Train_Loss = 0.0025065636727958918, Train_Err = 0.682
root: Val_Loss = 0.11595049500465393, Val_Err = 2.99
root: Epoch: [199 | 300]
root: Train_Loss = 0.002431396162137389, Train_Err = 0.62
root: Val_Loss = 0.12020402401685715, Val_Err = 3.05
root: Epoch: [200 | 300]
root: Train_Loss = 0.002289080759510398, Train_Err = 0.594
root: Val_Loss = 0.12548498809337616, Val_Err = 3.12
root: Epoch: [201 | 300]
root: Train_Loss = 0.002247920725494623, Train_Err = 0.642
root: Val_Loss = 0.12000193446874619, Val_Err = 3.01
root: Epoch: [202 | 300]
root: Train_Loss = 0.0021554382983595133, Train_Err = 0.57
root: Val_Loss = 0.12516078352928162, Val_Err = 3.09
root: Epoch: [203 | 300]
root: Train_Loss = 0.0023081947583705187, Train_Err = 0.618
root: Val_Loss = 0.11813756078481674, Val_Err = 2.94
root: Epoch: [204 | 300]
root: Train_Loss = 0.002424796111881733, Train_Err = 0.624
root: Val_Loss = 0.11844086647033691, Val_Err = 3.08
root: Epoch: [205 | 300]
root: Train_Loss = 0.002098966157063842, Train_Err = 0.538
root: Val_Loss = 0.11631905287504196, Val_Err = 2.83
root: Epoch: [206 | 300]
root: Train_Loss = 0.002270694589242339, Train_Err = 0.602
root: Val_Loss = 0.11814838647842407, Val_Err = 2.93
root: Epoch: [207 | 300]
root: Train_Loss = 0.002122917678207159, Train_Err = 0.562
root: Val_Loss = 0.1165039911866188, Val_Err = 2.71
root: Epoch: [208 | 300]
root: Train_Loss = 0.0022633408661931753, Train_Err = 0.618
root: Val_Loss = 0.11538616567850113, Val_Err = 2.84
root: Epoch: [209 | 300]
root: Train_Loss = 0.002286867005750537, Train_Err = 0.61
root: Val_Loss = 0.12187912315130234, Val_Err = 2.98
root: Epoch: [210 | 300]
root: Train_Loss = 0.0021866164170205593, Train_Err = 0.554
root: Val_Loss = 0.11552127450704575, Val_Err = 2.92
root: Epoch: [211 | 300]
root: Train_Loss = 0.0021272776648402214, Train_Err = 0.584
root: Val_Loss = 0.11598383635282516, Val_Err = 2.89
root: Epoch: [212 | 300]
root: Train_Loss = 0.0022943292278796434, Train_Err = 0.582
root: Val_Loss = 0.11935742944478989, Val_Err = 3.03
root: Epoch: [213 | 300]
root: Train_Loss = 0.0024694977328181267, Train_Err = 0.672
root: Val_Loss = 0.11806656420230865, Val_Err = 2.79
root: Epoch: [214 | 300]
root: Train_Loss = 0.002226113574579358, Train_Err = 0.612
root: Val_Loss = 0.11677039414644241, Val_Err = 2.83
root: Epoch: [215 | 300]
root: Train_Loss = 0.0023417682386934757, Train_Err = 0.582
root: Val_Loss = 0.12178340554237366, Val_Err = 2.92
root: Epoch: [216 | 300]
root: Train_Loss = 0.002379245590418577, Train_Err = 0.638
root: Val_Loss = 0.12391789257526398, Val_Err = 3.06
root: Epoch: [217 | 300]
root: Train_Loss = 0.0021956865675747395, Train_Err = 0.552
root: Val_Loss = 0.1273999959230423, Val_Err = 3.04
root: Epoch: [218 | 300]
root: Train_Loss = 0.0020809974521398544, Train_Err = 0.528
root: Val_Loss = 0.12431260943412781, Val_Err = 2.9
root: Epoch: [219 | 300]
root: Train_Loss = 0.002310639014467597, Train_Err = 0.64
root: Val_Loss = 0.11851174384355545, Val_Err = 2.96
root: Epoch: [220 | 300]
root: Train_Loss = 0.00218546693213284, Train_Err = 0.586
root: Val_Loss = 0.12255789339542389, Val_Err = 2.8
root: Epoch: [221 | 300]
root: Train_Loss = 0.002214910462498665, Train_Err = 0.6
root: Val_Loss = 0.12056797742843628, Val_Err = 3.09
root: Epoch: [222 | 300]
root: Train_Loss = 0.002346648834645748, Train_Err = 0.62
root: Val_Loss = 0.1210799515247345, Val_Err = 3.05
root: Epoch: [223 | 300]
root: Train_Loss = 0.0023483047261834145, Train_Err = 0.618
root: Val_Loss = 0.11682114005088806, Val_Err = 2.77
root: Epoch: [224 | 300]
root: Train_Loss = 0.0022929776459932327, Train_Err = 0.614
root: Val_Loss = 0.1196608766913414, Val_Err = 2.91
root: Epoch: [225 | 300]
root: Train_Loss = 0.0019806036725640297, Train_Err = 0.504
root: Val_Loss = 0.11397891491651535, Val_Err = 2.79
root: Epoch: [226 | 300]
root: Train_Loss = 0.002099198754876852, Train_Err = 0.522
root: Val_Loss = 0.11164562404155731, Val_Err = 2.76
root: Epoch: [227 | 300]
root: Train_Loss = 0.0018378493841737509, Train_Err = 0.484
root: Val_Loss = 0.11373905837535858, Val_Err = 2.78
root: Epoch: [228 | 300]
root: Train_Loss = 0.0019119783537462354, Train_Err = 0.516
root: Val_Loss = 0.11320731043815613, Val_Err = 2.7
root: Epoch: [229 | 300]
root: Train_Loss = 0.0018365862779319286, Train_Err = 0.454
root: Val_Loss = 0.11090178042650223, Val_Err = 2.75
root: Epoch: [230 | 300]
root: Train_Loss = 0.001803042832762003, Train_Err = 0.484
root: Val_Loss = 0.10976862162351608, Val_Err = 2.74
root: Epoch: [231 | 300]
root: Train_Loss = 0.0015748175792396069, Train_Err = 0.438
root: Val_Loss = 0.11122158169746399, Val_Err = 2.8
root: Epoch: [232 | 300]
root: Train_Loss = 0.0017525246366858482, Train_Err = 0.456
root: Val_Loss = 0.10879375785589218, Val_Err = 2.7
root: Epoch: [233 | 300]
root: Train_Loss = 0.0016257298411801457, Train_Err = 0.444
root: Val_Loss = 0.11117266863584518, Val_Err = 2.7
root: Epoch: [234 | 300]
root: Train_Loss = 0.0018839985132217407, Train_Err = 0.49
root: Val_Loss = 0.11063826829195023, Val_Err = 2.74
root: Epoch: [235 | 300]
root: Train_Loss = 0.0016458295285701752, Train_Err = 0.424
root: Val_Loss = 0.11141210794448853, Val_Err = 2.66
root: Epoch: [236 | 300]
root: Train_Loss = 0.001547714346088469, Train_Err = 0.4
root: Val_Loss = 0.10831858962774277, Val_Err = 2.69
root: Epoch: [237 | 300]
root: Train_Loss = 0.001542390906251967, Train_Err = 0.416
root: Val_Loss = 0.11261866241693497, Val_Err = 2.71
root: Epoch: [238 | 300]
root: Train_Loss = 0.0017489391611889005, Train_Err = 0.476
root: Val_Loss = 0.1098194271326065, Val_Err = 2.7
root: Epoch: [239 | 300]
root: Train_Loss = 0.0015868517803028226, Train_Err = 0.394
root: Val_Loss = 0.1099848821759224, Val_Err = 2.7
root: Epoch: [240 | 300]
root: Train_Loss = 0.0015383032150566578, Train_Err = 0.41
root: Val_Loss = 0.10865189135074615, Val_Err = 2.67
root: Epoch: [241 | 300]
root: Train_Loss = 0.0016955725150182843, Train_Err = 0.452
root: Val_Loss = 0.10651011765003204, Val_Err = 2.63
root: Epoch: [242 | 300]
root: Train_Loss = 0.0015626332024112344, Train_Err = 0.414
root: Val_Loss = 0.10919608920812607, Val_Err = 2.7
root: Epoch: [243 | 300]
root: Train_Loss = 0.0016121123917400837, Train_Err = 0.424
root: Val_Loss = 0.10849693417549133, Val_Err = 2.62
root: Epoch: [244 | 300]
root: Train_Loss = 0.0015628301771357656, Train_Err = 0.432
root: Val_Loss = 0.10940546542406082, Val_Err = 2.67
root: Epoch: [245 | 300]
root: Train_Loss = 0.001381876994855702, Train_Err = 0.356
root: Val_Loss = 0.10863181203603745, Val_Err = 2.66
root: Epoch: [246 | 300]
root: Train_Loss = 0.001579664065502584, Train_Err = 0.4
root: Val_Loss = 0.10963822901248932, Val_Err = 2.69
root: Epoch: [247 | 300]
root: Train_Loss = 0.0016058905748650432, Train_Err = 0.462
root: Val_Loss = 0.10908565670251846, Val_Err = 2.61
root: Epoch: [248 | 300]
root: Train_Loss = 0.0016175825148820877, Train_Err = 0.414
root: Val_Loss = 0.1113470196723938, Val_Err = 2.71
root: Epoch: [249 | 300]
root: Train_Loss = 0.0014857543865218759, Train_Err = 0.374
root: Val_Loss = 0.11111777275800705, Val_Err = 2.62
root: Epoch: [250 | 300]
root: Train_Loss = 0.0015762016410008073, Train_Err = 0.404
root: Val_Loss = 0.11321520805358887, Val_Err = 2.67
root: Epoch: [251 | 300]
root: Train_Loss = 0.0017253212863579392, Train_Err = 0.436
root: Val_Loss = 0.10869793593883514, Val_Err = 2.62
root: Epoch: [252 | 300]
root: Train_Loss = 0.0014001525705680251, Train_Err = 0.34
root: Val_Loss = 0.11139178276062012, Val_Err = 2.67
root: Epoch: [253 | 300]
root: Train_Loss = 0.0014509420143440366, Train_Err = 0.38
root: Val_Loss = 0.10895425826311111, Val_Err = 2.68
root: Epoch: [254 | 300]
root: Train_Loss = 0.0014587740879505873, Train_Err = 0.364
root: Val_Loss = 0.11147917062044144, Val_Err = 2.62
root: Epoch: [255 | 300]
root: Train_Loss = 0.0014486080035567284, Train_Err = 0.358
root: Val_Loss = 0.11118672788143158, Val_Err = 2.58
root: Epoch: [256 | 300]
root: Train_Loss = 0.0014789039269089699, Train_Err = 0.368
root: Val_Loss = 0.1120811477303505, Val_Err = 2.71
root: Epoch: [257 | 300]
root: Train_Loss = 0.0015719867078587413, Train_Err = 0.418
root: Val_Loss = 0.10944227874279022, Val_Err = 2.66
root: Epoch: [258 | 300]
root: Train_Loss = 0.0013750517973676324, Train_Err = 0.358
root: Val_Loss = 0.10992554575204849, Val_Err = 2.64
root: Epoch: [259 | 300]
root: Train_Loss = 0.001529355300590396, Train_Err = 0.424
root: Val_Loss = 0.11424362659454346, Val_Err = 2.66
root: Epoch: [260 | 300]
root: Train_Loss = 0.0013214091304689646, Train_Err = 0.356
root: Val_Loss = 0.10938955843448639, Val_Err = 2.6
root: Epoch: [261 | 300]
root: Train_Loss = 0.0014318046160042286, Train_Err = 0.406
root: Val_Loss = 0.11090899258852005, Val_Err = 2.74
root: Epoch: [262 | 300]
root: Train_Loss = 0.0014644039329141378, Train_Err = 0.376
root: Val_Loss = 0.10957704484462738, Val_Err = 2.65
root: Epoch: [263 | 300]
root: Train_Loss = 0.0013632725458592176, Train_Err = 0.358
root: Val_Loss = 0.10988806188106537, Val_Err = 2.7
root: Epoch: [264 | 300]
root: Train_Loss = 0.001473937532864511, Train_Err = 0.386
root: Val_Loss = 0.10980504006147385, Val_Err = 2.58
root: Epoch: [265 | 300]
root: Train_Loss = 0.001362224225886166, Train_Err = 0.336
root: Val_Loss = 0.10734216123819351, Val_Err = 2.66
root: Epoch: [266 | 300]
root: Train_Loss = 0.0014126325258985162, Train_Err = 0.368
root: Val_Loss = 0.10865698009729385, Val_Err = 2.64
root: Epoch: [267 | 300]
root: Train_Loss = 0.001448248978704214, Train_Err = 0.392
root: Val_Loss = 0.11115789413452148, Val_Err = 2.71
root: Epoch: [268 | 300]
root: Train_Loss = 0.001376440515741706, Train_Err = 0.358
root: Val_Loss = 0.10883215069770813, Val_Err = 2.64
root: Epoch: [269 | 300]
root: Train_Loss = 0.0014284593053162098, Train_Err = 0.402
root: Val_Loss = 0.11171883344650269, Val_Err = 2.69
root: Epoch: [270 | 300]
root: Train_Loss = 0.0013584364205598831, Train_Err = 0.346
root: Val_Loss = 0.11026018112897873, Val_Err = 2.67
root: Epoch: [271 | 300]
root: Train_Loss = 0.0014495461946353316, Train_Err = 0.374
root: Val_Loss = 0.10785535722970963, Val_Err = 2.65
root: Epoch: [272 | 300]
root: Train_Loss = 0.0014227911597117782, Train_Err = 0.35
root: Val_Loss = 0.10973429679870605, Val_Err = 2.66
root: Epoch: [273 | 300]
root: Train_Loss = 0.001398347900249064, Train_Err = 0.328
root: Val_Loss = 0.10715147107839584, Val_Err = 2.52
root: Epoch: [274 | 300]
root: Train_Loss = 0.0013242288259789348, Train_Err = 0.318
root: Val_Loss = 0.10952908545732498, Val_Err = 2.64
root: Epoch: [275 | 300]
root: Train_Loss = 0.0015079694567248225, Train_Err = 0.424
root: Val_Loss = 0.1085512638092041, Val_Err = 2.63
root: Epoch: [276 | 300]
root: Train_Loss = 0.0013378987787291408, Train_Err = 0.344
root: Val_Loss = 0.10994524508714676, Val_Err = 2.6
root: Epoch: [277 | 300]
root: Train_Loss = 0.0013334286632016301, Train_Err = 0.366
root: Val_Loss = 0.1073291003704071, Val_Err = 2.57
root: Epoch: [278 | 300]
root: Train_Loss = 0.0015564190689474344, Train_Err = 0.4
root: Val_Loss = 0.10696598887443542, Val_Err = 2.64
root: Epoch: [279 | 300]
root: Train_Loss = 0.0013958703493699431, Train_Err = 0.38
root: Val_Loss = 0.1080206036567688, Val_Err = 2.64
root: Epoch: [280 | 300]
root: Train_Loss = 0.0013328521745279431, Train_Err = 0.356
root: Val_Loss = 0.10679808259010315, Val_Err = 2.58
root: Epoch: [281 | 300]
root: Train_Loss = 0.0014187449123710394, Train_Err = 0.38
root: Val_Loss = 0.10635204613208771, Val_Err = 2.6
root: Epoch: [282 | 300]
root: Train_Loss = 0.0014296550070866942, Train_Err = 0.39
root: Val_Loss = 0.10994978994131088, Val_Err = 2.54
root: Epoch: [283 | 300]
root: Train_Loss = 0.0013047971297055483, Train_Err = 0.346
root: Val_Loss = 0.11194800585508347, Val_Err = 2.57
root: Epoch: [284 | 300]
root: Train_Loss = 0.0014988629845902324, Train_Err = 0.39
root: Val_Loss = 0.11085470020771027, Val_Err = 2.6
root: Epoch: [285 | 300]
root: Train_Loss = 0.001398581312969327, Train_Err = 0.382
root: Val_Loss = 0.10847360640764236, Val_Err = 2.59
root: Epoch: [286 | 300]
root: Train_Loss = 0.0014243967598304152, Train_Err = 0.38
root: Val_Loss = 0.11223632842302322, Val_Err = 2.64
root: Epoch: [287 | 300]
root: Train_Loss = 0.0013967964332550764, Train_Err = 0.354
root: Val_Loss = 0.11168544739484787, Val_Err = 2.65
root: Epoch: [288 | 300]
root: Train_Loss = 0.0013388830702751875, Train_Err = 0.366
root: Val_Loss = 0.1110488772392273, Val_Err = 2.63
root: Epoch: [289 | 300]
root: Train_Loss = 0.0011725904187187552, Train_Err = 0.284
root: Val_Loss = 0.10982530564069748, Val_Err = 2.59
root: Epoch: [290 | 300]
root: Train_Loss = 0.0013108871644362807, Train_Err = 0.358
root: Val_Loss = 0.10984144359827042, Val_Err = 2.59
root: Epoch: [291 | 300]
root: Train_Loss = 0.0012583599891513586, Train_Err = 0.344
root: Val_Loss = 0.10883641242980957, Val_Err = 2.64
root: Epoch: [292 | 300]
root: Train_Loss = 0.0012311628088355064, Train_Err = 0.334
root: Val_Loss = 0.1124466136097908, Val_Err = 2.62
root: Epoch: [293 | 300]
root: Train_Loss = 0.0012641442008316517, Train_Err = 0.314
root: Val_Loss = 0.11040762811899185, Val_Err = 2.61
root: Epoch: [294 | 300]
root: Train_Loss = 0.0013311316724866629, Train_Err = 0.332
root: Val_Loss = 0.11183837801218033, Val_Err = 2.6
root: Epoch: [295 | 300]
root: Train_Loss = 0.001274895272217691, Train_Err = 0.316
root: Val_Loss = 0.11058344691991806, Val_Err = 2.64
root: Epoch: [296 | 300]
root: Train_Loss = 0.0014238785952329636, Train_Err = 0.368
root: Val_Loss = 0.11121098697185516, Val_Err = 2.59
root: Epoch: [297 | 300]
root: Train_Loss = 0.0013062545331194997, Train_Err = 0.36
root: Val_Loss = 0.11311887204647064, Val_Err = 2.67
root: Epoch: [298 | 300]
root: Train_Loss = 0.0013117502676323056, Train_Err = 0.348
root: Val_Loss = 0.11186232417821884, Val_Err = 2.66
root: Epoch: [299 | 300]
root: Train_Loss = 0.0013725170865654945, Train_Err = 0.356
root: Val_Loss = 0.11020565032958984, Val_Err = 2.63
