Namespace(bs=128, cp_dir='./checkpoints/cifar10_new/resnet101/fsgd/run_ms_2/run0', data_dir='./data/cifar10', dir='.', dtype='cifar10', ep=200, loadckp=None, lr=0.1, milestones=[100, 120], mo=0.9, ms=2, mtype='resnet101', n='cifar10_new/resnet101/fsgd', num_classes=10, print_freq=100, std=0.002, use_cuda=True, wd=0.0005)
Epoch: [0 | 200]
Phase:train -- Batch_idx:100/391-- 431.79 samples/sec-- Loss:6.36 -- Error1:90.24
Phase:train -- Batch_idx:200/391-- 443.84 samples/sec-- Loss:4.42 -- Error1:90.06
Phase:train -- Batch_idx:300/391-- 447.93 samples/sec-- Loss:3.73 -- Error1:90.04
Train_Loss = 3.4057604441833496, Train_Err = 89.924
Val_Loss = 2.303991676712036, Val_Err = 89.97
Epoch: [1 | 200]
Phase:train -- Batch_idx:100/391-- 452.16 samples/sec-- Loss:2.32 -- Error1:89.61
Phase:train -- Batch_idx:200/391-- 454.45 samples/sec-- Loss:2.32 -- Error1:90.16
Phase:train -- Batch_idx:300/391-- 455.15 samples/sec-- Loss:2.31 -- Error1:89.97
Train_Loss = 2.3119017702484133, Train_Err = 89.932
Val_Loss = 2.3037064624786376, Val_Err = 90.0
Epoch: [2 | 200]
Phase:train -- Batch_idx:100/391-- 452.01 samples/sec-- Loss:2.30 -- Error1:89.67
Phase:train -- Batch_idx:200/391-- 454.07 samples/sec-- Loss:2.30 -- Error1:89.60
Phase:train -- Batch_idx:300/391-- 454.62 samples/sec-- Loss:2.30 -- Error1:89.83
Train_Loss = 2.3038013243103026, Train_Err = 89.73
Val_Loss = 2.3033748374938963, Val_Err = 90.03
Epoch: [3 | 200]
Phase:train -- Batch_idx:100/391-- 451.38 samples/sec-- Loss:2.30 -- Error1:89.20
Phase:train -- Batch_idx:200/391-- 453.26 samples/sec-- Loss:2.30 -- Error1:89.49
Phase:train -- Batch_idx:300/391-- 453.89 samples/sec-- Loss:2.30 -- Error1:89.51
Train_Loss = 2.3014942988586427, Train_Err = 89.558
Val_Loss = 2.3030159107208252, Val_Err = 89.86
Epoch: [4 | 200]
Phase:train -- Batch_idx:100/391-- 450.78 samples/sec-- Loss:2.30 -- Error1:88.88
Phase:train -- Batch_idx:200/391-- 452.92 samples/sec-- Loss:2.30 -- Error1:89.20
Phase:train -- Batch_idx:300/391-- 453.61 samples/sec-- Loss:2.30 -- Error1:89.52
Train_Loss = 2.299289515991211, Train_Err = 89.444
Val_Loss = 2.3029336513519287, Val_Err = 89.86
Epoch: [5 | 200]
Phase:train -- Batch_idx:100/391-- 451.05 samples/sec-- Loss:2.30 -- Error1:89.73
Phase:train -- Batch_idx:200/391-- 453.03 samples/sec-- Loss:2.30 -- Error1:89.35
Phase:train -- Batch_idx:300/391-- 453.67 samples/sec-- Loss:2.30 -- Error1:89.28
Train_Loss = 2.2964117282867433, Train_Err = 89.172
Val_Loss = 2.3034158081054685, Val_Err = 89.94
Epoch: [6 | 200]
Phase:train -- Batch_idx:100/391-- 450.51 samples/sec-- Loss:2.29 -- Error1:88.85
Phase:train -- Batch_idx:200/391-- 452.52 samples/sec-- Loss:2.29 -- Error1:88.46
Phase:train -- Batch_idx:300/391-- 453.07 samples/sec-- Loss:2.28 -- Error1:87.84
Train_Loss = 2.268110228652954, Train_Err = 86.81
Val_Loss = 2.211723227882385, Val_Err = 84.71
Epoch: [7 | 200]
Phase:train -- Batch_idx:100/391-- 449.12 samples/sec-- Loss:2.09 -- Error1:80.54
Phase:train -- Batch_idx:200/391-- 451.39 samples/sec-- Loss:2.04 -- Error1:79.11
Phase:train -- Batch_idx:300/391-- 452.11 samples/sec-- Loss:1.99 -- Error1:77.12
Train_Loss = 1.9409480194473268, Train_Err = 75.456
Val_Loss = 1.7847938621520996, Val_Err = 71.68
Epoch: [8 | 200]
Phase:train -- Batch_idx:100/391-- 449.02 samples/sec-- Loss:1.69 -- Error1:66.82
Phase:train -- Batch_idx:200/391-- 451.11 samples/sec-- Loss:1.66 -- Error1:65.10
Phase:train -- Batch_idx:300/391-- 451.83 samples/sec-- Loss:1.62 -- Error1:63.55
Train_Loss = 1.5959229196929932, Train_Err = 62.05
Val_Loss = 1.590857954597473, Val_Err = 60.3
Epoch: [9 | 200]
Phase:train -- Batch_idx:100/391-- 448.06 samples/sec-- Loss:1.44 -- Error1:53.80
Phase:train -- Batch_idx:200/391-- 450.24 samples/sec-- Loss:1.42 -- Error1:52.82
Phase:train -- Batch_idx:300/391-- 451.05 samples/sec-- Loss:1.39 -- Error1:51.52
Train_Loss = 1.37504364276886, Train_Err = 50.814
Val_Loss = 1.371234214401245, Val_Err = 51.65
Epoch: [10 | 200]
Phase:train -- Batch_idx:100/391-- 448.31 samples/sec-- Loss:1.29 -- Error1:47.27
Phase:train -- Batch_idx:200/391-- 450.61 samples/sec-- Loss:1.25 -- Error1:46.09
Phase:train -- Batch_idx:300/391-- 451.39 samples/sec-- Loss:1.23 -- Error1:45.15
Train_Loss = 1.218721287498474, Train_Err = 44.5
Val_Loss = 1.3840856548309326, Val_Err = 48.45
Epoch: [11 | 200]
Phase:train -- Batch_idx:100/391-- 448.56 samples/sec-- Loss:1.10 -- Error1:39.52
Phase:train -- Batch_idx:200/391-- 450.70 samples/sec-- Loss:1.09 -- Error1:39.20
Phase:train -- Batch_idx:300/391-- 451.50 samples/sec-- Loss:1.08 -- Error1:38.83
Train_Loss = 1.0659004880905152, Train_Err = 38.362
Val_Loss = 1.0838151000976564, Val_Err = 39.14
Epoch: [12 | 200]
Phase:train -- Batch_idx:100/391-- 448.39 samples/sec-- Loss:0.95 -- Error1:34.41
Phase:train -- Batch_idx:200/391-- 450.63 samples/sec-- Loss:0.94 -- Error1:33.91
Phase:train -- Batch_idx:300/391-- 451.33 samples/sec-- Loss:0.93 -- Error1:33.42
Train_Loss = 0.9259096133804321, Train_Err = 33.132
Val_Loss = 1.3226171282768249, Val_Err = 47.5
Epoch: [13 | 200]
Phase:train -- Batch_idx:100/391-- 449.44 samples/sec-- Loss:0.83 -- Error1:29.22
Phase:train -- Batch_idx:200/391-- 451.32 samples/sec-- Loss:0.83 -- Error1:29.46
Phase:train -- Batch_idx:300/391-- 451.95 samples/sec-- Loss:0.82 -- Error1:29.27
Train_Loss = 0.812361505908966, Train_Err = 28.916
Val_Loss = 1.0528200963974, Val_Err = 35.57
Epoch: [14 | 200]
Phase:train -- Batch_idx:100/391-- 448.91 samples/sec-- Loss:0.72 -- Error1:25.62
Phase:train -- Batch_idx:200/391-- 450.99 samples/sec-- Loss:0.72 -- Error1:25.63
Phase:train -- Batch_idx:300/391-- 451.78 samples/sec-- Loss:0.72 -- Error1:25.51
Train_Loss = 0.716725170173645, Train_Err = 25.228
Val_Loss = 0.7909968511581421, Val_Err = 27.67
Epoch: [15 | 200]
Phase:train -- Batch_idx:100/391-- 448.87 samples/sec-- Loss:0.65 -- Error1:22.45
Phase:train -- Batch_idx:200/391-- 451.15 samples/sec-- Loss:0.65 -- Error1:22.68
Phase:train -- Batch_idx:300/391-- 451.88 samples/sec-- Loss:0.65 -- Error1:22.73
Train_Loss = 0.6526992368125916, Train_Err = 22.808
Val_Loss = 0.7327766210079193, Val_Err = 25.86
Epoch: [16 | 200]
Phase:train -- Batch_idx:100/391-- 448.41 samples/sec-- Loss:0.59 -- Error1:20.67
Phase:train -- Batch_idx:200/391-- 450.69 samples/sec-- Loss:0.59 -- Error1:20.77
Phase:train -- Batch_idx:300/391-- 451.53 samples/sec-- Loss:0.60 -- Error1:20.94
Train_Loss = 0.6039800376892089, Train_Err = 20.978
Val_Loss = 0.7325904658317566, Val_Err = 25.36
Epoch: [17 | 200]
Phase:train -- Batch_idx:100/391-- 448.27 samples/sec-- Loss:0.54 -- Error1:18.73
Phase:train -- Batch_idx:200/391-- 450.64 samples/sec-- Loss:0.55 -- Error1:19.35
Phase:train -- Batch_idx:300/391-- 451.29 samples/sec-- Loss:0.56 -- Error1:19.46
Train_Loss = 0.5584608625411988, Train_Err = 19.458
Val_Loss = 0.8001319823265076, Val_Err = 26.46
Epoch: [18 | 200]
Phase:train -- Batch_idx:100/391-- 449.23 samples/sec-- Loss:0.52 -- Error1:18.09
Phase:train -- Batch_idx:200/391-- 451.33 samples/sec-- Loss:0.53 -- Error1:18.46
Phase:train -- Batch_idx:300/391-- 451.97 samples/sec-- Loss:0.54 -- Error1:18.57
Train_Loss = 0.5313980117416381, Train_Err = 18.286
Val_Loss = 0.780771054649353, Val_Err = 25.77
Epoch: [19 | 200]
Phase:train -- Batch_idx:100/391-- 449.49 samples/sec-- Loss:0.47 -- Error1:16.43
Phase:train -- Batch_idx:200/391-- 451.41 samples/sec-- Loss:0.49 -- Error1:16.93
Phase:train -- Batch_idx:300/391-- 452.03 samples/sec-- Loss:0.50 -- Error1:17.33
Train_Loss = 0.5040236499118805, Train_Err = 17.384
Val_Loss = 0.7504575294494629, Val_Err = 25.62
Epoch: [20 | 200]
Phase:train -- Batch_idx:100/391-- 448.87 samples/sec-- Loss:0.45 -- Error1:15.76
Phase:train -- Batch_idx:200/391-- 450.86 samples/sec-- Loss:0.46 -- Error1:16.20
Phase:train -- Batch_idx:300/391-- 451.40 samples/sec-- Loss:0.47 -- Error1:16.43
Train_Loss = 0.48350749831199646, Train_Err = 16.866
Val_Loss = 0.6707007816791535, Val_Err = 22.52
Epoch: [21 | 200]
Phase:train -- Batch_idx:100/391-- 448.45 samples/sec-- Loss:0.45 -- Error1:15.09
Phase:train -- Batch_idx:200/391-- 450.86 samples/sec-- Loss:0.46 -- Error1:15.73
Phase:train -- Batch_idx:300/391-- 451.59 samples/sec-- Loss:0.47 -- Error1:15.95
Train_Loss = 0.47079795526504514, Train_Err = 16.208
Val_Loss = 1.3024625356674195, Val_Err = 34.26
Epoch: [22 | 200]
Phase:train -- Batch_idx:100/391-- 448.81 samples/sec-- Loss:0.43 -- Error1:15.11
Phase:train -- Batch_idx:200/391-- 450.96 samples/sec-- Loss:0.45 -- Error1:15.54
Phase:train -- Batch_idx:300/391-- 451.78 samples/sec-- Loss:0.45 -- Error1:15.42
Train_Loss = 0.44956777088165284, Train_Err = 15.5
Val_Loss = 0.801682513332367, Val_Err = 25.66
Epoch: [23 | 200]
Phase:train -- Batch_idx:100/391-- 449.22 samples/sec-- Loss:0.42 -- Error1:14.84
Phase:train -- Batch_idx:200/391-- 451.19 samples/sec-- Loss:0.43 -- Error1:15.07
Phase:train -- Batch_idx:300/391-- 451.92 samples/sec-- Loss:0.44 -- Error1:15.19
Train_Loss = 0.445533141078949, Train_Err = 15.47
Val_Loss = 0.6777251504898071, Val_Err = 21.84
Epoch: [24 | 200]
Phase:train -- Batch_idx:100/391-- 448.76 samples/sec-- Loss:0.40 -- Error1:14.15
Phase:train -- Batch_idx:200/391-- 451.03 samples/sec-- Loss:0.42 -- Error1:14.83
Phase:train -- Batch_idx:300/391-- 451.69 samples/sec-- Loss:0.42 -- Error1:14.94
Train_Loss = 0.4290355856895447, Train_Err = 15.046
Val_Loss = 0.7487912811279297, Val_Err = 24.4
Epoch: [25 | 200]
Phase:train -- Batch_idx:100/391-- 449.59 samples/sec-- Loss:0.38 -- Error1:13.10
Phase:train -- Batch_idx:200/391-- 451.54 samples/sec-- Loss:0.40 -- Error1:13.83
Phase:train -- Batch_idx:300/391-- 452.25 samples/sec-- Loss:0.41 -- Error1:14.01
Train_Loss = 0.41252133993148804, Train_Err = 14.224
Val_Loss = 0.6721178129196167, Val_Err = 21.92
Epoch: [26 | 200]
Phase:train -- Batch_idx:100/391-- 449.56 samples/sec-- Loss:0.38 -- Error1:13.38
Phase:train -- Batch_idx:200/391-- 451.51 samples/sec-- Loss:0.39 -- Error1:13.52
Phase:train -- Batch_idx:300/391-- 452.19 samples/sec-- Loss:0.40 -- Error1:13.66
Train_Loss = 0.4039521688079834, Train_Err = 13.992
Val_Loss = 0.6476610748291015, Val_Err = 21.36
Epoch: [27 | 200]
Phase:train -- Batch_idx:100/391-- 448.47 samples/sec-- Loss:0.38 -- Error1:13.06
Phase:train -- Batch_idx:200/391-- 450.71 samples/sec-- Loss:0.38 -- Error1:13.51
Phase:train -- Batch_idx:300/391-- 451.39 samples/sec-- Loss:0.39 -- Error1:13.78
Train_Loss = 0.39813899747848513, Train_Err = 13.854
Val_Loss = 0.6187033437728882, Val_Err = 19.66
Epoch: [28 | 200]
Phase:train -- Batch_idx:100/391-- 448.39 samples/sec-- Loss:0.36 -- Error1:12.42
Phase:train -- Batch_idx:200/391-- 450.63 samples/sec-- Loss:0.37 -- Error1:12.93
Phase:train -- Batch_idx:300/391-- 451.32 samples/sec-- Loss:0.38 -- Error1:13.30
Train_Loss = 0.38813651432037355, Train_Err = 13.446
Val_Loss = 0.7521198803901672, Val_Err = 23.81
Epoch: [29 | 200]
Phase:train -- Batch_idx:100/391-- 449.22 samples/sec-- Loss:0.34 -- Error1:12.09
Phase:train -- Batch_idx:200/391-- 451.19 samples/sec-- Loss:0.37 -- Error1:12.79
Phase:train -- Batch_idx:300/391-- 451.89 samples/sec-- Loss:0.37 -- Error1:12.95
Train_Loss = 0.3807625297355652, Train_Err = 13.206
Val_Loss = 0.7242261500597, Val_Err = 23.07
Epoch: [30 | 200]
Phase:train -- Batch_idx:100/391-- 449.08 samples/sec-- Loss:0.35 -- Error1:11.91
Phase:train -- Batch_idx:200/391-- 450.85 samples/sec-- Loss:0.36 -- Error1:12.30
Phase:train -- Batch_idx:300/391-- 451.62 samples/sec-- Loss:0.38 -- Error1:12.95
Train_Loss = 0.37851209650039674, Train_Err = 13.064
Val_Loss = 0.6187724802494049, Val_Err = 19.66
Epoch: [31 | 200]
Phase:train -- Batch_idx:100/391-- 449.85 samples/sec-- Loss:0.35 -- Error1:12.21
Phase:train -- Batch_idx:200/391-- 451.65 samples/sec-- Loss:0.36 -- Error1:12.51
Phase:train -- Batch_idx:300/391-- 452.23 samples/sec-- Loss:0.37 -- Error1:12.76
Train_Loss = 0.37208651376724244, Train_Err = 12.922
Val_Loss = 0.6483275673866272, Val_Err = 20.98
Epoch: [32 | 200]
Phase:train -- Batch_idx:100/391-- 449.21 samples/sec-- Loss:0.34 -- Error1:11.98
Phase:train -- Batch_idx:200/391-- 451.50 samples/sec-- Loss:0.36 -- Error1:12.52
Phase:train -- Batch_idx:300/391-- 452.07 samples/sec-- Loss:0.37 -- Error1:12.76
Train_Loss = 0.36755875972747803, Train_Err = 12.798
Val_Loss = 0.6705591802597046, Val_Err = 20.68
Epoch: [33 | 200]
Phase:train -- Batch_idx:100/391-- 449.56 samples/sec-- Loss:0.33 -- Error1:11.53
Phase:train -- Batch_idx:200/391-- 451.48 samples/sec-- Loss:0.35 -- Error1:12.12
Phase:train -- Batch_idx:300/391-- 452.14 samples/sec-- Loss:0.35 -- Error1:12.37
Train_Loss = 0.36028043924331665, Train_Err = 12.518
Val_Loss = 0.7320929542541504, Val_Err = 22.13
Epoch: [34 | 200]
Phase:train -- Batch_idx:100/391-- 449.31 samples/sec-- Loss:0.33 -- Error1:11.59
Phase:train -- Batch_idx:200/391-- 451.36 samples/sec-- Loss:0.34 -- Error1:12.02
Phase:train -- Batch_idx:300/391-- 452.07 samples/sec-- Loss:0.35 -- Error1:12.14
Train_Loss = 0.3574778401279449, Train_Err = 12.464
Val_Loss = 0.5617986510276795, Val_Err = 19.26
Epoch: [35 | 200]
Phase:train -- Batch_idx:100/391-- 448.10 samples/sec-- Loss:0.32 -- Error1:11.13
Phase:train -- Batch_idx:200/391-- 450.63 samples/sec-- Loss:0.34 -- Error1:11.75
Phase:train -- Batch_idx:300/391-- 451.33 samples/sec-- Loss:0.35 -- Error1:12.05
Train_Loss = 0.3576937659358978, Train_Err = 12.412
Val_Loss = 0.6454554582595825, Val_Err = 20.26
Epoch: [36 | 200]
Phase:train -- Batch_idx:100/391-- 449.42 samples/sec-- Loss:0.32 -- Error1:11.45
Phase:train -- Batch_idx:200/391-- 451.62 samples/sec-- Loss:0.33 -- Error1:11.60
Phase:train -- Batch_idx:300/391-- 452.24 samples/sec-- Loss:0.34 -- Error1:12.04
Train_Loss = 0.35121466431617737, Train_Err = 12.284
Val_Loss = 0.5942062704086304, Val_Err = 20.03
Epoch: [37 | 200]
Phase:train -- Batch_idx:100/391-- 449.48 samples/sec-- Loss:0.32 -- Error1:11.05
Phase:train -- Batch_idx:200/391-- 451.44 samples/sec-- Loss:0.33 -- Error1:11.44
Phase:train -- Batch_idx:300/391-- 452.09 samples/sec-- Loss:0.34 -- Error1:11.76
Train_Loss = 0.34762717336654664, Train_Err = 12.018
Val_Loss = 0.6002589729309082, Val_Err = 19.72
Epoch: [38 | 200]
Phase:train -- Batch_idx:100/391-- 449.67 samples/sec-- Loss:0.31 -- Error1:10.61
Phase:train -- Batch_idx:200/391-- 451.48 samples/sec-- Loss:0.33 -- Error1:11.15
Phase:train -- Batch_idx:300/391-- 452.21 samples/sec-- Loss:0.33 -- Error1:11.46
Train_Loss = 0.3434477523803711, Train_Err = 11.77
Val_Loss = 0.4996344065666199, Val_Err = 16.49
Epoch: [39 | 200]
Phase:train -- Batch_idx:100/391-- 448.89 samples/sec-- Loss:0.31 -- Error1:10.50
Phase:train -- Batch_idx:200/391-- 451.35 samples/sec-- Loss:0.33 -- Error1:11.17
Phase:train -- Batch_idx:300/391-- 452.11 samples/sec-- Loss:0.33 -- Error1:11.48
Train_Loss = 0.34516623997688295, Train_Err = 11.898
Val_Loss = 0.6992618759155274, Val_Err = 22.56
Epoch: [40 | 200]
Phase:train -- Batch_idx:100/391-- 448.79 samples/sec-- Loss:0.31 -- Error1:10.50
Phase:train -- Batch_idx:200/391-- 450.85 samples/sec-- Loss:0.31 -- Error1:10.80
Phase:train -- Batch_idx:300/391-- 451.55 samples/sec-- Loss:0.33 -- Error1:11.51
Train_Loss = 0.34111770945549014, Train_Err = 11.786
Val_Loss = 0.6035041664838791, Val_Err = 19.19
Epoch: [41 | 200]
Phase:train -- Batch_idx:100/391-- 449.60 samples/sec-- Loss:0.32 -- Error1:11.15
Phase:train -- Batch_idx:200/391-- 451.54 samples/sec-- Loss:0.33 -- Error1:11.43
Phase:train -- Batch_idx:300/391-- 452.24 samples/sec-- Loss:0.33 -- Error1:11.57
Train_Loss = 0.3382749998188019, Train_Err = 11.804
Val_Loss = 0.5426797622680664, Val_Err = 17.92
Epoch: [42 | 200]
Phase:train -- Batch_idx:100/391-- 448.96 samples/sec-- Loss:0.30 -- Error1:10.49
Phase:train -- Batch_idx:200/391-- 451.19 samples/sec-- Loss:0.32 -- Error1:10.90
Phase:train -- Batch_idx:300/391-- 452.00 samples/sec-- Loss:0.33 -- Error1:11.28
Train_Loss = 0.3373453991985321, Train_Err = 11.6
Val_Loss = 0.6098505174636841, Val_Err = 19.9
Epoch: [43 | 200]
Phase:train -- Batch_idx:100/391-- 449.06 samples/sec-- Loss:0.30 -- Error1:10.34
Phase:train -- Batch_idx:200/391-- 451.36 samples/sec-- Loss:0.32 -- Error1:11.22
Phase:train -- Batch_idx:300/391-- 452.05 samples/sec-- Loss:0.33 -- Error1:11.43
Train_Loss = 0.3387976606941223, Train_Err = 11.778
Val_Loss = 0.5774946389675141, Val_Err = 19.13
Epoch: [44 | 200]
Phase:train -- Batch_idx:100/391-- 449.60 samples/sec-- Loss:0.29 -- Error1:10.27
Phase:train -- Batch_idx:200/391-- 451.41 samples/sec-- Loss:0.31 -- Error1:10.77
Phase:train -- Batch_idx:300/391-- 452.06 samples/sec-- Loss:0.32 -- Error1:11.20
Train_Loss = 0.3313873255062103, Train_Err = 11.528
Val_Loss = 0.920184910583496, Val_Err = 26.85
Epoch: [45 | 200]
Phase:train -- Batch_idx:100/391-- 449.52 samples/sec-- Loss:0.29 -- Error1:9.81
Phase:train -- Batch_idx:200/391-- 451.41 samples/sec-- Loss:0.30 -- Error1:10.49
Phase:train -- Batch_idx:300/391-- 452.05 samples/sec-- Loss:0.32 -- Error1:10.98
Train_Loss = 0.3242071737194061, Train_Err = 11.172
Val_Loss = 0.5801715298652649, Val_Err = 19.42
Epoch: [46 | 200]
Phase:train -- Batch_idx:100/391-- 449.79 samples/sec-- Loss:0.30 -- Error1:10.37
Phase:train -- Batch_idx:200/391-- 451.48 samples/sec-- Loss:0.32 -- Error1:11.14
Phase:train -- Batch_idx:300/391-- 452.05 samples/sec-- Loss:0.33 -- Error1:11.29
Train_Loss = 0.3298820548057556, Train_Err = 11.432
Val_Loss = 0.6946197859764099, Val_Err = 21.67
Epoch: [47 | 200]
Phase:train -- Batch_idx:100/391-- 449.56 samples/sec-- Loss:0.30 -- Error1:10.29
Phase:train -- Batch_idx:200/391-- 451.61 samples/sec-- Loss:0.31 -- Error1:10.50
Phase:train -- Batch_idx:300/391-- 452.24 samples/sec-- Loss:0.32 -- Error1:10.90
Train_Loss = 0.3244587181186676, Train_Err = 11.2
Val_Loss = 0.7249454793930054, Val_Err = 22.65
Epoch: [48 | 200]
Phase:train -- Batch_idx:100/391-- 449.40 samples/sec-- Loss:0.30 -- Error1:10.14
Phase:train -- Batch_idx:200/391-- 451.45 samples/sec-- Loss:0.30 -- Error1:10.50
Phase:train -- Batch_idx:300/391-- 452.20 samples/sec-- Loss:0.32 -- Error1:11.05
Train_Loss = 0.3194349311733246, Train_Err = 11.012
Val_Loss = 0.7552931982040405, Val_Err = 22.46
Epoch: [49 | 200]
Phase:train -- Batch_idx:100/391-- 449.62 samples/sec-- Loss:0.30 -- Error1:10.36
Phase:train -- Batch_idx:200/391-- 451.63 samples/sec-- Loss:0.31 -- Error1:10.77
Phase:train -- Batch_idx:300/391-- 452.40 samples/sec-- Loss:0.32 -- Error1:11.10
Train_Loss = 0.327970222158432, Train_Err = 11.364
Val_Loss = 0.6652852885246276, Val_Err = 20.88
Epoch: [50 | 200]
Phase:train -- Batch_idx:100/391-- 449.68 samples/sec-- Loss:0.28 -- Error1:9.66
Phase:train -- Batch_idx:200/391-- 451.54 samples/sec-- Loss:0.30 -- Error1:10.59
Phase:train -- Batch_idx:300/391-- 452.20 samples/sec-- Loss:0.31 -- Error1:11.01
Train_Loss = 0.31957715711593626, Train_Err = 11.22
Val_Loss = 0.628923764514923, Val_Err = 19.66
Epoch: [51 | 200]
Phase:train -- Batch_idx:100/391-- 449.63 samples/sec-- Loss:0.29 -- Error1:10.44
Phase:train -- Batch_idx:200/391-- 451.73 samples/sec-- Loss:0.31 -- Error1:10.86
Phase:train -- Batch_idx:300/391-- 452.34 samples/sec-- Loss:0.32 -- Error1:11.07
Train_Loss = 0.31826005292892456, Train_Err = 11.046
Val_Loss = 0.521265585231781, Val_Err = 16.53
Epoch: [52 | 200]
Phase:train -- Batch_idx:100/391-- 450.22 samples/sec-- Loss:0.29 -- Error1:9.94
Phase:train -- Batch_idx:200/391-- 451.86 samples/sec-- Loss:0.31 -- Error1:10.52
Phase:train -- Batch_idx:300/391-- 452.58 samples/sec-- Loss:0.32 -- Error1:10.83
Train_Loss = 0.324260886554718, Train_Err = 11.06
Val_Loss = 0.747677010345459, Val_Err = 23.24
Epoch: [53 | 200]
Phase:train -- Batch_idx:100/391-- 449.71 samples/sec-- Loss:0.29 -- Error1:10.32
Phase:train -- Batch_idx:200/391-- 451.59 samples/sec-- Loss:0.30 -- Error1:10.45
Phase:train -- Batch_idx:300/391-- 452.18 samples/sec-- Loss:0.31 -- Error1:10.77
Train_Loss = 0.3165911286067963, Train_Err = 11.132
Val_Loss = 0.5650994172096252, Val_Err = 18.65
Epoch: [54 | 200]
Phase:train -- Batch_idx:100/391-- 449.88 samples/sec-- Loss:0.27 -- Error1:9.37
Phase:train -- Batch_idx:200/391-- 451.86 samples/sec-- Loss:0.29 -- Error1:10.08
Phase:train -- Batch_idx:300/391-- 452.47 samples/sec-- Loss:0.30 -- Error1:10.48
Train_Loss = 0.31305105770111086, Train_Err = 10.856
Val_Loss = 0.5460072665691376, Val_Err = 17.39
Epoch: [55 | 200]
Phase:train -- Batch_idx:100/391-- 449.94 samples/sec-- Loss:0.27 -- Error1:9.45
Phase:train -- Batch_idx:200/391-- 451.68 samples/sec-- Loss:0.30 -- Error1:10.33
Phase:train -- Batch_idx:300/391-- 452.38 samples/sec-- Loss:0.31 -- Error1:10.81
Train_Loss = 0.31287191904067996, Train_Err = 10.91
Val_Loss = 0.6093838594436646, Val_Err = 19.07
Epoch: [56 | 200]
Phase:train -- Batch_idx:100/391-- 449.75 samples/sec-- Loss:0.28 -- Error1:9.92
Phase:train -- Batch_idx:200/391-- 451.79 samples/sec-- Loss:0.30 -- Error1:10.30
Phase:train -- Batch_idx:300/391-- 452.43 samples/sec-- Loss:0.31 -- Error1:10.73
Train_Loss = 0.3171094919013977, Train_Err = 10.97
Val_Loss = 0.651201006603241, Val_Err = 21.13
Epoch: [57 | 200]
Phase:train -- Batch_idx:100/391-- 449.49 samples/sec-- Loss:0.27 -- Error1:9.05
Phase:train -- Batch_idx:200/391-- 451.40 samples/sec-- Loss:0.30 -- Error1:10.11
Phase:train -- Batch_idx:300/391-- 452.10 samples/sec-- Loss:0.30 -- Error1:10.45
Train_Loss = 0.3098900945568085, Train_Err = 10.808
Val_Loss = 0.6038759614944458, Val_Err = 19.54
Epoch: [58 | 200]
Phase:train -- Batch_idx:100/391-- 449.34 samples/sec-- Loss:0.28 -- Error1:9.52
Phase:train -- Batch_idx:200/391-- 451.20 samples/sec-- Loss:0.30 -- Error1:10.36
Phase:train -- Batch_idx:300/391-- 451.82 samples/sec-- Loss:0.31 -- Error1:10.62
Train_Loss = 0.30948404828071596, Train_Err = 10.748
Val_Loss = 0.5091330827713013, Val_Err = 16.5
Epoch: [59 | 200]
Phase:train -- Batch_idx:100/391-- 449.27 samples/sec-- Loss:0.28 -- Error1:9.73
Phase:train -- Batch_idx:200/391-- 451.31 samples/sec-- Loss:0.30 -- Error1:10.41
Phase:train -- Batch_idx:300/391-- 452.09 samples/sec-- Loss:0.31 -- Error1:10.86
Train_Loss = 0.31776810116767884, Train_Err = 11.162
Val_Loss = 0.5603769219398499, Val_Err = 18.41
Epoch: [60 | 200]
Phase:train -- Batch_idx:100/391-- 449.55 samples/sec-- Loss:0.26 -- Error1:8.98
Phase:train -- Batch_idx:200/391-- 451.45 samples/sec-- Loss:0.30 -- Error1:10.24
Phase:train -- Batch_idx:300/391-- 452.10 samples/sec-- Loss:0.31 -- Error1:10.65
Train_Loss = 0.3132130495643616, Train_Err = 10.768
Val_Loss = 0.7497446117401123, Val_Err = 22.81
Epoch: [61 | 200]
Phase:train -- Batch_idx:100/391-- 449.78 samples/sec-- Loss:0.25 -- Error1:8.91
Phase:train -- Batch_idx:200/391-- 451.52 samples/sec-- Loss:0.28 -- Error1:9.77
Phase:train -- Batch_idx:300/391-- 452.14 samples/sec-- Loss:0.29 -- Error1:10.14
Train_Loss = 0.2979847026824951, Train_Err = 10.482
Val_Loss = 0.5289802234649659, Val_Err = 17.3
Epoch: [62 | 200]
Phase:train -- Batch_idx:100/391-- 449.87 samples/sec-- Loss:0.29 -- Error1:10.45
Phase:train -- Batch_idx:200/391-- 451.74 samples/sec-- Loss:0.30 -- Error1:10.47
Phase:train -- Batch_idx:300/391-- 452.42 samples/sec-- Loss:0.31 -- Error1:10.82
Train_Loss = 0.31275713066101074, Train_Err = 10.884
Val_Loss = 0.5631927081108093, Val_Err = 17.73
Epoch: [63 | 200]
Phase:train -- Batch_idx:100/391-- 449.47 samples/sec-- Loss:0.28 -- Error1:9.53
Phase:train -- Batch_idx:200/391-- 451.35 samples/sec-- Loss:0.29 -- Error1:10.03
Phase:train -- Batch_idx:300/391-- 452.05 samples/sec-- Loss:0.30 -- Error1:10.25
Train_Loss = 0.3085885452365875, Train_Err = 10.554
Val_Loss = 0.8250920471668244, Val_Err = 24.49
Epoch: [64 | 200]
Phase:train -- Batch_idx:100/391-- 449.71 samples/sec-- Loss:0.27 -- Error1:9.25
Phase:train -- Batch_idx:200/391-- 451.38 samples/sec-- Loss:0.29 -- Error1:9.82
Phase:train -- Batch_idx:300/391-- 452.17 samples/sec-- Loss:0.30 -- Error1:10.21
Train_Loss = 0.3031853285217285, Train_Err = 10.406
Val_Loss = 0.5441036062240601, Val_Err = 17.11
Epoch: [65 | 200]
Phase:train -- Batch_idx:100/391-- 449.79 samples/sec-- Loss:0.29 -- Error1:10.20
Phase:train -- Batch_idx:200/391-- 451.74 samples/sec-- Loss:0.29 -- Error1:10.25
Phase:train -- Batch_idx:300/391-- 452.41 samples/sec-- Loss:0.30 -- Error1:10.61
Train_Loss = 0.3115725058174133, Train_Err = 10.924
Val_Loss = 0.5476539702415466, Val_Err = 18.0
Epoch: [66 | 200]
Phase:train -- Batch_idx:100/391-- 449.79 samples/sec-- Loss:0.26 -- Error1:8.77
Phase:train -- Batch_idx:200/391-- 451.75 samples/sec-- Loss:0.29 -- Error1:10.03
Phase:train -- Batch_idx:300/391-- 452.45 samples/sec-- Loss:0.29 -- Error1:10.15
Train_Loss = 0.30149792113304136, Train_Err = 10.488
Val_Loss = 0.7050956676483154, Val_Err = 21.3
Epoch: [67 | 200]
Phase:train -- Batch_idx:100/391-- 449.38 samples/sec-- Loss:0.28 -- Error1:9.58
Phase:train -- Batch_idx:200/391-- 451.19 samples/sec-- Loss:0.29 -- Error1:9.95
Phase:train -- Batch_idx:300/391-- 452.00 samples/sec-- Loss:0.30 -- Error1:10.30
Train_Loss = 0.30700002944946286, Train_Err = 10.454
Val_Loss = 0.5010722897529603, Val_Err = 16.22
Epoch: [68 | 200]
Phase:train -- Batch_idx:100/391-- 449.05 samples/sec-- Loss:0.27 -- Error1:9.57
Phase:train -- Batch_idx:200/391-- 451.19 samples/sec-- Loss:0.28 -- Error1:9.98
Phase:train -- Batch_idx:300/391-- 451.79 samples/sec-- Loss:0.30 -- Error1:10.30
Train_Loss = 0.30462712869644165, Train_Err = 10.604
Val_Loss = 0.8791252363204956, Val_Err = 27.0
Epoch: [69 | 200]
Phase:train -- Batch_idx:100/391-- 449.86 samples/sec-- Loss:0.28 -- Error1:9.70
Phase:train -- Batch_idx:200/391-- 451.91 samples/sec-- Loss:0.30 -- Error1:10.28
Phase:train -- Batch_idx:300/391-- 452.55 samples/sec-- Loss:0.31 -- Error1:10.67
Train_Loss = 0.3121149887275696, Train_Err = 10.84
Val_Loss = 0.5675653268814087, Val_Err = 18.48
Epoch: [70 | 200]
Phase:train -- Batch_idx:100/391-- 449.91 samples/sec-- Loss:0.27 -- Error1:9.34
Phase:train -- Batch_idx:200/391-- 451.85 samples/sec-- Loss:0.29 -- Error1:10.11
Phase:train -- Batch_idx:300/391-- 452.50 samples/sec-- Loss:0.30 -- Error1:10.37
Train_Loss = 0.30189357915878295, Train_Err = 10.53
Val_Loss = 0.673976694393158, Val_Err = 21.4
Epoch: [71 | 200]
Phase:train -- Batch_idx:100/391-- 450.01 samples/sec-- Loss:0.27 -- Error1:9.27
Phase:train -- Batch_idx:200/391-- 451.77 samples/sec-- Loss:0.30 -- Error1:10.38
Phase:train -- Batch_idx:300/391-- 452.49 samples/sec-- Loss:0.30 -- Error1:10.53
Train_Loss = 0.3082771802806854, Train_Err = 10.776
Val_Loss = 0.8225889740943909, Val_Err = 23.72
Epoch: [72 | 200]
Phase:train -- Batch_idx:100/391-- 449.66 samples/sec-- Loss:0.27 -- Error1:9.21
Phase:train -- Batch_idx:200/391-- 451.43 samples/sec-- Loss:0.29 -- Error1:9.87
Phase:train -- Batch_idx:300/391-- 452.07 samples/sec-- Loss:0.29 -- Error1:10.16
Train_Loss = 0.30311629179000854, Train_Err = 10.502
Val_Loss = 0.7748135144233703, Val_Err = 23.81
Epoch: [73 | 200]
Phase:train -- Batch_idx:100/391-- 449.17 samples/sec-- Loss:0.27 -- Error1:9.58
Phase:train -- Batch_idx:200/391-- 451.02 samples/sec-- Loss:0.29 -- Error1:10.18
Phase:train -- Batch_idx:300/391-- 451.72 samples/sec-- Loss:0.30 -- Error1:10.48
Train_Loss = 0.3072641920948029, Train_Err = 10.77
Val_Loss = 0.5515099546432495, Val_Err = 18.65
Epoch: [74 | 200]
Phase:train -- Batch_idx:100/391-- 450.13 samples/sec-- Loss:0.28 -- Error1:9.78
Phase:train -- Batch_idx:200/391-- 451.85 samples/sec-- Loss:0.29 -- Error1:9.95
Phase:train -- Batch_idx:300/391-- 452.51 samples/sec-- Loss:0.30 -- Error1:10.40
Train_Loss = 0.307155228099823, Train_Err = 10.686
Val_Loss = 0.5564540197849274, Val_Err = 18.22
Epoch: [75 | 200]
Phase:train -- Batch_idx:100/391-- 449.65 samples/sec-- Loss:0.26 -- Error1:9.12
Phase:train -- Batch_idx:200/391-- 451.47 samples/sec-- Loss:0.29 -- Error1:10.03
Phase:train -- Batch_idx:300/391-- 452.16 samples/sec-- Loss:0.30 -- Error1:10.17
Train_Loss = 0.2989468910217285, Train_Err = 10.328
Val_Loss = 0.5791567722320556, Val_Err = 19.02
Epoch: [76 | 200]
Phase:train -- Batch_idx:100/391-- 450.15 samples/sec-- Loss:0.27 -- Error1:9.44
Phase:train -- Batch_idx:200/391-- 451.99 samples/sec-- Loss:0.28 -- Error1:9.90
Phase:train -- Batch_idx:300/391-- 452.69 samples/sec-- Loss:0.29 -- Error1:10.06
Train_Loss = 0.3032189546966553, Train_Err = 10.592
Val_Loss = 0.7474554386138916, Val_Err = 23.91
Epoch: [77 | 200]
Phase:train -- Batch_idx:100/391-- 449.48 samples/sec-- Loss:0.27 -- Error1:9.30
Phase:train -- Batch_idx:200/391-- 451.14 samples/sec-- Loss:0.29 -- Error1:10.18
Phase:train -- Batch_idx:300/391-- 451.78 samples/sec-- Loss:0.30 -- Error1:10.42
Train_Loss = 0.3044202409553528, Train_Err = 10.542
Val_Loss = 0.5224704579353332, Val_Err = 17.59
Epoch: [78 | 200]
Phase:train -- Batch_idx:100/391-- 450.14 samples/sec-- Loss:0.28 -- Error1:9.93
Phase:train -- Batch_idx:200/391-- 452.02 samples/sec-- Loss:0.29 -- Error1:10.03
Phase:train -- Batch_idx:300/391-- 452.71 samples/sec-- Loss:0.30 -- Error1:10.29
Train_Loss = 0.304808274641037, Train_Err = 10.572
Val_Loss = 0.5471640172958374, Val_Err = 17.28
Epoch: [79 | 200]
Phase:train -- Batch_idx:100/391-- 450.21 samples/sec-- Loss:0.28 -- Error1:9.41
Phase:train -- Batch_idx:200/391-- 451.95 samples/sec-- Loss:0.29 -- Error1:10.09
Phase:train -- Batch_idx:300/391-- 452.64 samples/sec-- Loss:0.30 -- Error1:10.27
Train_Loss = 0.30453984689712527, Train_Err = 10.52
Val_Loss = 0.549442306137085, Val_Err = 17.62
Epoch: [80 | 200]
Phase:train -- Batch_idx:100/391-- 449.49 samples/sec-- Loss:0.25 -- Error1:8.62
Phase:train -- Batch_idx:200/391-- 451.28 samples/sec-- Loss:0.28 -- Error1:9.78
Phase:train -- Batch_idx:300/391-- 451.85 samples/sec-- Loss:0.30 -- Error1:10.30
Train_Loss = 0.30126174867630007, Train_Err = 10.49
Val_Loss = 0.6425812010765075, Val_Err = 19.48
Epoch: [81 | 200]
Phase:train -- Batch_idx:100/391-- 449.33 samples/sec-- Loss:0.27 -- Error1:9.21
Phase:train -- Batch_idx:200/391-- 451.31 samples/sec-- Loss:0.28 -- Error1:9.80
Phase:train -- Batch_idx:300/391-- 451.88 samples/sec-- Loss:0.29 -- Error1:10.23
Train_Loss = 0.30056144006729124, Train_Err = 10.396
Val_Loss = 0.6197255855560303, Val_Err = 19.87
Epoch: [82 | 200]
Phase:train -- Batch_idx:100/391-- 450.35 samples/sec-- Loss:0.27 -- Error1:9.38
Phase:train -- Batch_idx:200/391-- 452.06 samples/sec-- Loss:0.29 -- Error1:9.91
Phase:train -- Batch_idx:300/391-- 452.74 samples/sec-- Loss:0.29 -- Error1:10.14
Train_Loss = 0.29748883521080016, Train_Err = 10.302
Val_Loss = 0.7861116406440735, Val_Err = 23.17
Epoch: [83 | 200]
Phase:train -- Batch_idx:100/391-- 449.63 samples/sec-- Loss:0.27 -- Error1:9.11
Phase:train -- Batch_idx:200/391-- 451.45 samples/sec-- Loss:0.28 -- Error1:9.47
Phase:train -- Batch_idx:300/391-- 452.20 samples/sec-- Loss:0.29 -- Error1:10.10
Train_Loss = 0.3017571431541443, Train_Err = 10.384
Val_Loss = 0.5547264865875244, Val_Err = 18.36
Epoch: [84 | 200]
Phase:train -- Batch_idx:100/391-- 449.97 samples/sec-- Loss:0.26 -- Error1:9.00
Phase:train -- Batch_idx:200/391-- 451.72 samples/sec-- Loss:0.28 -- Error1:9.58
Phase:train -- Batch_idx:300/391-- 452.39 samples/sec-- Loss:0.29 -- Error1:9.97
Train_Loss = 0.29674922542095183, Train_Err = 10.25
Val_Loss = 0.5672511156082153, Val_Err = 17.8
Epoch: [85 | 200]
Phase:train -- Batch_idx:100/391-- 449.88 samples/sec-- Loss:0.26 -- Error1:8.94
Phase:train -- Batch_idx:200/391-- 451.64 samples/sec-- Loss:0.28 -- Error1:9.81
Phase:train -- Batch_idx:300/391-- 452.27 samples/sec-- Loss:0.29 -- Error1:10.32
Train_Loss = 0.30318624788284304, Train_Err = 10.586
Val_Loss = 0.7168004086494446, Val_Err = 23.23
Epoch: [86 | 200]
Phase:train -- Batch_idx:100/391-- 450.26 samples/sec-- Loss:0.27 -- Error1:9.34
Phase:train -- Batch_idx:200/391-- 451.87 samples/sec-- Loss:0.29 -- Error1:10.16
Phase:train -- Batch_idx:300/391-- 452.60 samples/sec-- Loss:0.30 -- Error1:10.24
Train_Loss = 0.3049327204322815, Train_Err = 10.604
Val_Loss = 0.5975543168067932, Val_Err = 18.9
Epoch: [87 | 200]
Phase:train -- Batch_idx:100/391-- 449.75 samples/sec-- Loss:0.26 -- Error1:9.05
Phase:train -- Batch_idx:200/391-- 451.45 samples/sec-- Loss:0.28 -- Error1:9.91
Phase:train -- Batch_idx:300/391-- 452.05 samples/sec-- Loss:0.29 -- Error1:10.18
Train_Loss = 0.2943248049211502, Train_Err = 10.294
Val_Loss = 0.5269745124816895, Val_Err = 17.08
Epoch: [88 | 200]
Phase:train -- Batch_idx:100/391-- 450.10 samples/sec-- Loss:0.26 -- Error1:9.18
Phase:train -- Batch_idx:200/391-- 451.92 samples/sec-- Loss:0.28 -- Error1:9.79
Phase:train -- Batch_idx:300/391-- 452.52 samples/sec-- Loss:0.29 -- Error1:10.14
Train_Loss = 0.3002719571208954, Train_Err = 10.544
Val_Loss = 0.4883150476455688, Val_Err = 16.1
Epoch: [89 | 200]
Phase:train -- Batch_idx:100/391-- 449.89 samples/sec-- Loss:0.27 -- Error1:9.04
Phase:train -- Batch_idx:200/391-- 451.84 samples/sec-- Loss:0.28 -- Error1:9.73
Phase:train -- Batch_idx:300/391-- 452.50 samples/sec-- Loss:0.29 -- Error1:10.11
Train_Loss = 0.29845085469245913, Train_Err = 10.302
Val_Loss = 0.8625982072830201, Val_Err = 25.99
Epoch: [90 | 200]
Phase:train -- Batch_idx:100/391-- 450.29 samples/sec-- Loss:0.27 -- Error1:9.25
Phase:train -- Batch_idx:200/391-- 452.17 samples/sec-- Loss:0.28 -- Error1:9.59
Phase:train -- Batch_idx:300/391-- 452.83 samples/sec-- Loss:0.30 -- Error1:10.17
Train_Loss = 0.3032826260280609, Train_Err = 10.404
Val_Loss = 0.562260155582428, Val_Err = 17.69
Epoch: [91 | 200]
Phase:train -- Batch_idx:100/391-- 449.95 samples/sec-- Loss:0.26 -- Error1:9.09
Phase:train -- Batch_idx:200/391-- 451.72 samples/sec-- Loss:0.28 -- Error1:9.81
Phase:train -- Batch_idx:300/391-- 452.39 samples/sec-- Loss:0.29 -- Error1:10.21
Train_Loss = 0.29847430505752565, Train_Err = 10.368
Val_Loss = 0.5928808449745179, Val_Err = 19.38
Epoch: [92 | 200]
Phase:train -- Batch_idx:100/391-- 449.40 samples/sec-- Loss:0.26 -- Error1:8.86
Phase:train -- Batch_idx:200/391-- 451.11 samples/sec-- Loss:0.28 -- Error1:9.70
Phase:train -- Batch_idx:300/391-- 451.76 samples/sec-- Loss:0.29 -- Error1:10.05
Train_Loss = 0.2937591275596619, Train_Err = 10.19
Val_Loss = 0.5550103794336319, Val_Err = 18.15
Epoch: [93 | 200]
Phase:train -- Batch_idx:100/391-- 449.71 samples/sec-- Loss:0.25 -- Error1:8.58
Phase:train -- Batch_idx:200/391-- 451.42 samples/sec-- Loss:0.27 -- Error1:9.19
Phase:train -- Batch_idx:300/391-- 452.29 samples/sec-- Loss:0.28 -- Error1:9.70
Train_Loss = 0.29543095217704773, Train_Err = 10.15
Val_Loss = 0.8206748702049256, Val_Err = 24.11
Epoch: [94 | 200]
Phase:train -- Batch_idx:100/391-- 449.84 samples/sec-- Loss:0.27 -- Error1:9.52
Phase:train -- Batch_idx:200/391-- 451.62 samples/sec-- Loss:0.28 -- Error1:9.99
Phase:train -- Batch_idx:300/391-- 452.30 samples/sec-- Loss:0.29 -- Error1:10.21
Train_Loss = 0.29966598239898684, Train_Err = 10.418
Val_Loss = 0.5917123239994049, Val_Err = 18.54
Epoch: [95 | 200]
Phase:train -- Batch_idx:100/391-- 449.60 samples/sec-- Loss:0.27 -- Error1:9.52
Phase:train -- Batch_idx:200/391-- 451.43 samples/sec-- Loss:0.28 -- Error1:9.66
Phase:train -- Batch_idx:300/391-- 452.10 samples/sec-- Loss:0.29 -- Error1:10.23
Train_Loss = 0.29892059316635133, Train_Err = 10.486
Val_Loss = 0.5648998839855194, Val_Err = 18.27
Epoch: [96 | 200]
Phase:train -- Batch_idx:100/391-- 449.91 samples/sec-- Loss:0.27 -- Error1:9.27
Phase:train -- Batch_idx:200/391-- 451.89 samples/sec-- Loss:0.28 -- Error1:9.86
Phase:train -- Batch_idx:300/391-- 452.53 samples/sec-- Loss:0.29 -- Error1:10.18
Train_Loss = 0.2959718511676788, Train_Err = 10.226
Val_Loss = 0.561595239496231, Val_Err = 17.9
Epoch: [97 | 200]
Phase:train -- Batch_idx:100/391-- 450.32 samples/sec-- Loss:0.25 -- Error1:8.77
Phase:train -- Batch_idx:200/391-- 452.08 samples/sec-- Loss:0.27 -- Error1:9.50
Phase:train -- Batch_idx:300/391-- 452.65 samples/sec-- Loss:0.29 -- Error1:9.97
Train_Loss = 0.29391815247058867, Train_Err = 10.136
Val_Loss = 0.547848452091217, Val_Err = 17.96
Epoch: [98 | 200]
Phase:train -- Batch_idx:100/391-- 450.03 samples/sec-- Loss:0.26 -- Error1:8.90
Phase:train -- Batch_idx:200/391-- 451.88 samples/sec-- Loss:0.27 -- Error1:9.47
Phase:train -- Batch_idx:300/391-- 452.53 samples/sec-- Loss:0.28 -- Error1:9.84
Train_Loss = 0.2922792737865448, Train_Err = 10.12
Val_Loss = 0.5920468123435975, Val_Err = 19.12
Epoch: [99 | 200]
Phase:train -- Batch_idx:100/391-- 450.28 samples/sec-- Loss:0.27 -- Error1:9.41
Phase:train -- Batch_idx:200/391-- 452.18 samples/sec-- Loss:0.28 -- Error1:9.83
Phase:train -- Batch_idx:300/391-- 452.78 samples/sec-- Loss:0.29 -- Error1:10.02
Train_Loss = 0.2948382609176636, Train_Err = 10.302
Val_Loss = 0.6563452332973481, Val_Err = 20.49
Epoch: [100 | 200]
Phase:train -- Batch_idx:100/391-- 449.88 samples/sec-- Loss:0.17 -- Error1:5.41
Phase:train -- Batch_idx:200/391-- 451.71 samples/sec-- Loss:0.14 -- Error1:4.47
Phase:train -- Batch_idx:300/391-- 452.23 samples/sec-- Loss:0.13 -- Error1:4.00
Train_Loss = 0.12012838127851486, Train_Err = 3.8
Val_Loss = 0.2986351636171341, Val_Err = 9.57
Epoch: [101 | 200]
Phase:train -- Batch_idx:100/391-- 449.60 samples/sec-- Loss:0.07 -- Error1:1.98
Phase:train -- Batch_idx:200/391-- 451.65 samples/sec-- Loss:0.06 -- Error1:1.84
Phase:train -- Batch_idx:300/391-- 452.38 samples/sec-- Loss:0.06 -- Error1:1.86
Train_Loss = 0.06094383150339126, Train_Err = 1.842
Val_Loss = 0.30577399542331696, Val_Err = 9.54
Epoch: [102 | 200]
Phase:train -- Batch_idx:100/391-- 449.61 samples/sec-- Loss:0.04 -- Error1:1.05
Phase:train -- Batch_idx:200/391-- 451.48 samples/sec-- Loss:0.04 -- Error1:1.05
Phase:train -- Batch_idx:300/391-- 452.13 samples/sec-- Loss:0.04 -- Error1:1.04
Train_Loss = 0.04098243501424789, Train_Err = 1.088
Val_Loss = 0.3118065882205963, Val_Err = 9.36
Epoch: [103 | 200]
Phase:train -- Batch_idx:100/391-- 449.63 samples/sec-- Loss:0.03 -- Error1:0.62
Phase:train -- Batch_idx:200/391-- 451.66 samples/sec-- Loss:0.03 -- Error1:0.61
Phase:train -- Batch_idx:300/391-- 452.48 samples/sec-- Loss:0.03 -- Error1:0.59
Train_Loss = 0.0269040114569664, Train_Err = 0.596
Val_Loss = 0.32618106184005735, Val_Err = 9.35
Epoch: [104 | 200]
Phase:train -- Batch_idx:100/391-- 449.70 samples/sec-- Loss:0.02 -- Error1:0.39
Phase:train -- Batch_idx:200/391-- 451.67 samples/sec-- Loss:0.02 -- Error1:0.39
Phase:train -- Batch_idx:300/391-- 452.43 samples/sec-- Loss:0.02 -- Error1:0.44
Train_Loss = 0.02077028966009617, Train_Err = 0.464
Val_Loss = 0.3461202074050903, Val_Err = 9.41
Epoch: [105 | 200]
Phase:train -- Batch_idx:100/391-- 449.74 samples/sec-- Loss:0.02 -- Error1:0.27
Phase:train -- Batch_idx:200/391-- 451.43 samples/sec-- Loss:0.02 -- Error1:0.27
Phase:train -- Batch_idx:300/391-- 451.95 samples/sec-- Loss:0.02 -- Error1:0.29
Train_Loss = 0.01563867876172066, Train_Err = 0.284
Val_Loss = 0.3392309947013855, Val_Err = 9.25
Epoch: [106 | 200]
Phase:train -- Batch_idx:100/391-- 449.65 samples/sec-- Loss:0.01 -- Error1:0.18
Phase:train -- Batch_idx:200/391-- 451.72 samples/sec-- Loss:0.01 -- Error1:0.17
Phase:train -- Batch_idx:300/391-- 452.44 samples/sec-- Loss:0.01 -- Error1:0.20
Train_Loss = 0.012372755122184753, Train_Err = 0.2
Val_Loss = 0.34291448435783384, Val_Err = 9.14
Epoch: [107 | 200]
Phase:train -- Batch_idx:100/391-- 449.48 samples/sec-- Loss:0.01 -- Error1:0.23
Phase:train -- Batch_idx:200/391-- 451.56 samples/sec-- Loss:0.01 -- Error1:0.18
Phase:train -- Batch_idx:300/391-- 452.12 samples/sec-- Loss:0.01 -- Error1:0.18
Train_Loss = 0.010632666425034404, Train_Err = 0.17
Val_Loss = 0.35950805487632753, Val_Err = 9.34
Epoch: [108 | 200]
Phase:train -- Batch_idx:100/391-- 449.77 samples/sec-- Loss:0.01 -- Error1:0.13
Phase:train -- Batch_idx:200/391-- 451.71 samples/sec-- Loss:0.01 -- Error1:0.16
Phase:train -- Batch_idx:300/391-- 452.42 samples/sec-- Loss:0.01 -- Error1:0.15
Train_Loss = 0.009609269633889198, Train_Err = 0.152
Val_Loss = 0.35803204684257506, Val_Err = 9.13
Epoch: [109 | 200]
Phase:train -- Batch_idx:100/391-- 449.13 samples/sec-- Loss:0.01 -- Error1:0.05
Phase:train -- Batch_idx:200/391-- 451.30 samples/sec-- Loss:0.01 -- Error1:0.08
Phase:train -- Batch_idx:300/391-- 451.86 samples/sec-- Loss:0.01 -- Error1:0.09
Train_Loss = 0.008110302833020687, Train_Err = 0.108
Val_Loss = 0.38630464420318605, Val_Err = 9.7
Epoch: [110 | 200]
Phase:train -- Batch_idx:100/391-- 450.05 samples/sec-- Loss:0.01 -- Error1:0.03
Phase:train -- Batch_idx:200/391-- 451.94 samples/sec-- Loss:0.01 -- Error1:0.05
Phase:train -- Batch_idx:300/391-- 452.59 samples/sec-- Loss:0.01 -- Error1:0.07
Train_Loss = 0.006855719890147448, Train_Err = 0.068
Val_Loss = 0.3647884868621826, Val_Err = 9.24
Epoch: [111 | 200]
Phase:train -- Batch_idx:100/391-- 448.29 samples/sec-- Loss:0.01 -- Error1:0.12
Phase:train -- Batch_idx:200/391-- 450.80 samples/sec-- Loss:0.01 -- Error1:0.09
Phase:train -- Batch_idx:300/391-- 451.43 samples/sec-- Loss:0.01 -- Error1:0.10
Train_Loss = 0.0072048960089683535, Train_Err = 0.098
Val_Loss = 0.3810856036186218, Val_Err = 9.52
Epoch: [112 | 200]
Phase:train -- Batch_idx:100/391-- 449.29 samples/sec-- Loss:0.01 -- Error1:0.05
Phase:train -- Batch_idx:200/391-- 451.14 samples/sec-- Loss:0.01 -- Error1:0.06
Phase:train -- Batch_idx:300/391-- 451.79 samples/sec-- Loss:0.01 -- Error1:0.10
Train_Loss = 0.007213165700733662, Train_Err = 0.092
Val_Loss = 0.37160023498535155, Val_Err = 9.31
Epoch: [113 | 200]
Phase:train -- Batch_idx:100/391-- 449.93 samples/sec-- Loss:0.01 -- Error1:0.13
Phase:train -- Batch_idx:200/391-- 451.88 samples/sec-- Loss:0.01 -- Error1:0.10
Phase:train -- Batch_idx:300/391-- 452.41 samples/sec-- Loss:0.01 -- Error1:0.11
Train_Loss = 0.006260825637876988, Train_Err = 0.1
Val_Loss = 0.372191236782074, Val_Err = 9.32
Epoch: [114 | 200]
Phase:train -- Batch_idx:100/391-- 449.05 samples/sec-- Loss:0.01 -- Error1:0.09
Phase:train -- Batch_idx:200/391-- 451.26 samples/sec-- Loss:0.01 -- Error1:0.12
Phase:train -- Batch_idx:300/391-- 451.79 samples/sec-- Loss:0.01 -- Error1:0.10
Train_Loss = 0.006547797756046057, Train_Err = 0.104
Val_Loss = 0.38090791363716126, Val_Err = 9.37
Epoch: [115 | 200]
Phase:train -- Batch_idx:100/391-- 450.02 samples/sec-- Loss:0.01 -- Error1:0.06
Phase:train -- Batch_idx:200/391-- 451.97 samples/sec-- Loss:0.01 -- Error1:0.06
Phase:train -- Batch_idx:300/391-- 452.60 samples/sec-- Loss:0.01 -- Error1:0.07
Train_Loss = 0.005862085992246867, Train_Err = 0.078
Val_Loss = 0.3762560215950012, Val_Err = 9.41
Epoch: [116 | 200]
Phase:train -- Batch_idx:100/391-- 450.31 samples/sec-- Loss:0.01 -- Error1:0.05
Phase:train -- Batch_idx:200/391-- 452.07 samples/sec-- Loss:0.01 -- Error1:0.07
Phase:train -- Batch_idx:300/391-- 452.66 samples/sec-- Loss:0.01 -- Error1:0.06
Train_Loss = 0.0057734481549263, Train_Err = 0.068
Val_Loss = 0.37333842506408693, Val_Err = 9.27
Epoch: [117 | 200]
Phase:train -- Batch_idx:100/391-- 449.71 samples/sec-- Loss:0.01 -- Error1:0.09
Phase:train -- Batch_idx:200/391-- 451.56 samples/sec-- Loss:0.01 -- Error1:0.08
Phase:train -- Batch_idx:300/391-- 452.19 samples/sec-- Loss:0.01 -- Error1:0.09
Train_Loss = 0.006126194489151239, Train_Err = 0.1
Val_Loss = 0.38665145597457884, Val_Err = 9.66
Epoch: [118 | 200]
Phase:train -- Batch_idx:100/391-- 449.77 samples/sec-- Loss:0.01 -- Error1:0.11
Phase:train -- Batch_idx:200/391-- 451.41 samples/sec-- Loss:0.01 -- Error1:0.09
Phase:train -- Batch_idx:300/391-- 452.01 samples/sec-- Loss:0.01 -- Error1:0.07
Train_Loss = 0.006112097716927528, Train_Err = 0.078
Val_Loss = 0.38120081224441527, Val_Err = 9.36
Epoch: [119 | 200]
Phase:train -- Batch_idx:100/391-- 450.09 samples/sec-- Loss:0.01 -- Error1:0.11
Phase:train -- Batch_idx:200/391-- 451.98 samples/sec-- Loss:0.01 -- Error1:0.09
Phase:train -- Batch_idx:300/391-- 452.63 samples/sec-- Loss:0.01 -- Error1:0.11
Train_Loss = 0.006550374885797501, Train_Err = 0.112
Val_Loss = 0.379910440158844, Val_Err = 9.47
Epoch: [120 | 200]
Phase:train -- Batch_idx:100/391-- 449.73 samples/sec-- Loss:0.01 -- Error1:0.11
Phase:train -- Batch_idx:200/391-- 451.86 samples/sec-- Loss:0.01 -- Error1:0.09
Phase:train -- Batch_idx:300/391-- 452.58 samples/sec-- Loss:0.01 -- Error1:0.09
Train_Loss = 0.005144727066904307, Train_Err = 0.082
Val_Loss = 0.37780479612350465, Val_Err = 9.4
Epoch: [121 | 200]
Phase:train -- Batch_idx:100/391-- 449.44 samples/sec-- Loss:0.00 -- Error1:0.02
Phase:train -- Batch_idx:200/391-- 451.28 samples/sec-- Loss:0.00 -- Error1:0.04
Phase:train -- Batch_idx:300/391-- 451.92 samples/sec-- Loss:0.00 -- Error1:0.04
Train_Loss = 0.004341511337459088, Train_Err = 0.05
Val_Loss = 0.3744099124908447, Val_Err = 9.31
Epoch: [122 | 200]
Phase:train -- Batch_idx:100/391-- 450.65 samples/sec-- Loss:0.00 -- Error1:0.07
Phase:train -- Batch_idx:200/391-- 452.55 samples/sec-- Loss:0.00 -- Error1:0.06
Phase:train -- Batch_idx:300/391-- 453.01 samples/sec-- Loss:0.00 -- Error1:0.05
Train_Loss = 0.004208244364261627, Train_Err = 0.046
Val_Loss = 0.36684157567024234, Val_Err = 9.12
Epoch: [123 | 200]
Phase:train -- Batch_idx:100/391-- 449.27 samples/sec-- Loss:0.00 -- Error1:0.02
Phase:train -- Batch_idx:200/391-- 451.49 samples/sec-- Loss:0.00 -- Error1:0.03
Phase:train -- Batch_idx:300/391-- 452.10 samples/sec-- Loss:0.00 -- Error1:0.02
Train_Loss = 0.0033902775295078756, Train_Err = 0.02
Val_Loss = 0.36688253831863404, Val_Err = 9.04
Epoch: [124 | 200]
Phase:train -- Batch_idx:100/391-- 449.82 samples/sec-- Loss:0.00 -- Error1:0.02
Phase:train -- Batch_idx:200/391-- 451.94 samples/sec-- Loss:0.00 -- Error1:0.02
Phase:train -- Batch_idx:300/391-- 452.60 samples/sec-- Loss:0.00 -- Error1:0.02
Train_Loss = 0.003381768693625927, Train_Err = 0.02
Val_Loss = 0.37538655681610106, Val_Err = 9.17
Epoch: [125 | 200]
Phase:train -- Batch_idx:100/391-- 450.13 samples/sec-- Loss:0.00 -- Error1:0.02
Phase:train -- Batch_idx:200/391-- 451.96 samples/sec-- Loss:0.00 -- Error1:0.02
Phase:train -- Batch_idx:300/391-- 452.49 samples/sec-- Loss:0.00 -- Error1:0.02
Train_Loss = 0.003316077714711428, Train_Err = 0.02
Val_Loss = 0.3721511657714844, Val_Err = 9.16
Epoch: [126 | 200]
Phase:train -- Batch_idx:100/391-- 449.84 samples/sec-- Loss:0.00 -- Error1:0.02
Phase:train -- Batch_idx:200/391-- 451.87 samples/sec-- Loss:0.00 -- Error1:0.01
Phase:train -- Batch_idx:300/391-- 452.52 samples/sec-- Loss:0.00 -- Error1:0.01
Train_Loss = 0.003237563680708408, Train_Err = 0.018
Val_Loss = 0.36547026448249814, Val_Err = 9.02
Epoch: [127 | 200]
Phase:train -- Batch_idx:100/391-- 449.67 samples/sec-- Loss:0.00 -- Error1:0.02
Phase:train -- Batch_idx:200/391-- 451.82 samples/sec-- Loss:0.00 -- Error1:0.02
Phase:train -- Batch_idx:300/391-- 452.53 samples/sec-- Loss:0.00 -- Error1:0.03
Train_Loss = 0.003170809434205294, Train_Err = 0.022
Val_Loss = 0.3690431795120239, Val_Err = 8.99
Epoch: [128 | 200]
Phase:train -- Batch_idx:100/391-- 449.38 samples/sec-- Loss:0.00 -- Error1:0.03
Phase:train -- Batch_idx:200/391-- 451.45 samples/sec-- Loss:0.00 -- Error1:0.02
Phase:train -- Batch_idx:300/391-- 452.14 samples/sec-- Loss:0.00 -- Error1:0.02
Train_Loss = 0.0030337242446839808, Train_Err = 0.018
Val_Loss = 0.3680281132698059, Val_Err = 8.91
Epoch: [129 | 200]
Phase:train -- Batch_idx:100/391-- 449.44 samples/sec-- Loss:0.00 -- Error1:0.04
Phase:train -- Batch_idx:200/391-- 451.73 samples/sec-- Loss:0.00 -- Error1:0.04
Phase:train -- Batch_idx:300/391-- 452.25 samples/sec-- Loss:0.00 -- Error1:0.03
Train_Loss = 0.0033076324789971115, Train_Err = 0.036
Val_Loss = 0.3723504695892334, Val_Err = 9.04
Epoch: [130 | 200]
Phase:train -- Batch_idx:100/391-- 450.04 samples/sec-- Loss:0.00 -- Error1:0.01
Phase:train -- Batch_idx:200/391-- 452.17 samples/sec-- Loss:0.00 -- Error1:0.02
Phase:train -- Batch_idx:300/391-- 452.75 samples/sec-- Loss:0.00 -- Error1:0.01
Train_Loss = 0.0030431833384931086, Train_Err = 0.02
Val_Loss = 0.36963277778625486, Val_Err = 8.88
Epoch: [131 | 200]
Phase:train -- Batch_idx:100/391-- 449.73 samples/sec-- Loss:0.00 -- Error1:0.03
Phase:train -- Batch_idx:200/391-- 451.65 samples/sec-- Loss:0.00 -- Error1:0.03
Phase:train -- Batch_idx:300/391-- 452.34 samples/sec-- Loss:0.00 -- Error1:0.03
Train_Loss = 0.003150979357212782, Train_Err = 0.03
Val_Loss = 0.3670973652839661, Val_Err = 8.93
Epoch: [132 | 200]
Phase:train -- Batch_idx:100/391-- 450.17 samples/sec-- Loss:0.00 -- Error1:0.00
Phase:train -- Batch_idx:200/391-- 452.06 samples/sec-- Loss:0.00 -- Error1:0.01
Phase:train -- Batch_idx:300/391-- 452.62 samples/sec-- Loss:0.00 -- Error1:0.01
Train_Loss = 0.002799244813248515, Train_Err = 0.012
Val_Loss = 0.36469742393493654, Val_Err = 8.84
Epoch: [133 | 200]
Phase:train -- Batch_idx:100/391-- 449.18 samples/sec-- Loss:0.00 -- Error1:0.01
Phase:train -- Batch_idx:200/391-- 451.43 samples/sec-- Loss:0.00 -- Error1:0.02
Phase:train -- Batch_idx:300/391-- 452.09 samples/sec-- Loss:0.00 -- Error1:0.02
Train_Loss = 0.002932670279219747, Train_Err = 0.018
Val_Loss = 0.36565861291885376, Val_Err = 8.92
Epoch: [134 | 200]
Phase:train -- Batch_idx:100/391-- 450.08 samples/sec-- Loss:0.00 -- Error1:0.00
Phase:train -- Batch_idx:200/391-- 452.10 samples/sec-- Loss:0.00 -- Error1:0.00
Phase:train -- Batch_idx:300/391-- 452.75 samples/sec-- Loss:0.00 -- Error1:0.01
Train_Loss = 0.0026004493147879838, Train_Err = 0.008
Val_Loss = 0.36925569200515745, Val_Err = 9.0
Epoch: [135 | 200]
Phase:train -- Batch_idx:100/391-- 449.71 samples/sec-- Loss:0.00 -- Error1:0.03
Phase:train -- Batch_idx:200/391-- 451.52 samples/sec-- Loss:0.00 -- Error1:0.02
Phase:train -- Batch_idx:300/391-- 452.18 samples/sec-- Loss:0.00 -- Error1:0.02
Train_Loss = 0.0028481911313161254, Train_Err = 0.02
Val_Loss = 0.37101214656829834, Val_Err = 9.07
Epoch: [136 | 200]
Phase:train -- Batch_idx:100/391-- 449.72 samples/sec-- Loss:0.00 -- Error1:0.01
Phase:train -- Batch_idx:200/391-- 451.63 samples/sec-- Loss:0.00 -- Error1:0.01
Phase:train -- Batch_idx:300/391-- 452.22 samples/sec-- Loss:0.00 -- Error1:0.01
Train_Loss = 0.0025911501759290695, Train_Err = 0.01
Val_Loss = 0.3659145697593689, Val_Err = 8.93
Epoch: [137 | 200]
Phase:train -- Batch_idx:100/391-- 449.82 samples/sec-- Loss:0.00 -- Error1:0.03
Phase:train -- Batch_idx:200/391-- 451.91 samples/sec-- Loss:0.00 -- Error1:0.02
Phase:train -- Batch_idx:300/391-- 452.44 samples/sec-- Loss:0.00 -- Error1:0.02
Train_Loss = 0.002815812574774027, Train_Err = 0.018
Val_Loss = 0.3680283097267151, Val_Err = 8.96
Epoch: [138 | 200]
Phase:train -- Batch_idx:100/391-- 450.13 samples/sec-- Loss:0.00 -- Error1:0.03
Phase:train -- Batch_idx:200/391-- 452.01 samples/sec-- Loss:0.00 -- Error1:0.03
Phase:train -- Batch_idx:300/391-- 452.62 samples/sec-- Loss:0.00 -- Error1:0.02
Train_Loss = 0.002727747142277658, Train_Err = 0.018
Val_Loss = 0.370423030090332, Val_Err = 8.98
Epoch: [139 | 200]
Phase:train -- Batch_idx:100/391-- 450.13 samples/sec-- Loss:0.00 -- Error1:0.02
Phase:train -- Batch_idx:200/391-- 451.88 samples/sec-- Loss:0.00 -- Error1:0.02
Phase:train -- Batch_idx:300/391-- 452.40 samples/sec-- Loss:0.00 -- Error1:0.02
Train_Loss = 0.0028821752409636976, Train_Err = 0.02
Val_Loss = 0.36809680309295656, Val_Err = 9.08
Epoch: [140 | 200]
Phase:train -- Batch_idx:100/391-- 450.06 samples/sec-- Loss:0.00 -- Error1:0.02
Phase:train -- Batch_idx:200/391-- 451.93 samples/sec-- Loss:0.00 -- Error1:0.02
Phase:train -- Batch_idx:300/391-- 452.54 samples/sec-- Loss:0.00 -- Error1:0.01
Train_Loss = 0.0026866375052928926, Train_Err = 0.014
Val_Loss = 0.3695485095977783, Val_Err = 8.96
Epoch: [141 | 200]
Phase:train -- Batch_idx:100/391-- 450.02 samples/sec-- Loss:0.00 -- Error1:0.00
Phase:train -- Batch_idx:200/391-- 451.96 samples/sec-- Loss:0.00 -- Error1:0.02
Phase:train -- Batch_idx:300/391-- 452.59 samples/sec-- Loss:0.00 -- Error1:0.02
Train_Loss = 0.002602206902503967, Train_Err = 0.014
Val_Loss = 0.3627908359527588, Val_Err = 8.94
Epoch: [142 | 200]
Phase:train -- Batch_idx:100/391-- 450.05 samples/sec-- Loss:0.00 -- Error1:0.03
Phase:train -- Batch_idx:200/391-- 452.05 samples/sec-- Loss:0.00 -- Error1:0.02
Phase:train -- Batch_idx:300/391-- 452.66 samples/sec-- Loss:0.00 -- Error1:0.02
Train_Loss = 0.0025597087091952563, Train_Err = 0.012
Val_Loss = 0.37140899295806884, Val_Err = 9.13
Epoch: [143 | 200]
Phase:train -- Batch_idx:100/391-- 450.02 samples/sec-- Loss:0.00 -- Error1:0.01
Phase:train -- Batch_idx:200/391-- 452.06 samples/sec-- Loss:0.00 -- Error1:0.01
Phase:train -- Batch_idx:300/391-- 452.73 samples/sec-- Loss:0.00 -- Error1:0.01
Train_Loss = 0.002413547966480255, Train_Err = 0.008
Val_Loss = 0.373235059261322, Val_Err = 9.03
Epoch: [144 | 200]
Phase:train -- Batch_idx:100/391-- 449.84 samples/sec-- Loss:0.00 -- Error1:0.00
Phase:train -- Batch_idx:200/391-- 451.98 samples/sec-- Loss:0.00 -- Error1:0.00
Phase:train -- Batch_idx:300/391-- 452.60 samples/sec-- Loss:0.00 -- Error1:0.01
Train_Loss = 0.0024969987766072154, Train_Err = 0.008
Val_Loss = 0.3639086555480957, Val_Err = 8.9
Epoch: [145 | 200]
Phase:train -- Batch_idx:100/391-- 449.29 samples/sec-- Loss:0.00 -- Error1:0.02
Phase:train -- Batch_idx:200/391-- 451.33 samples/sec-- Loss:0.00 -- Error1:0.02
Phase:train -- Batch_idx:300/391-- 451.91 samples/sec-- Loss:0.00 -- Error1:0.02
Train_Loss = 0.0027423987939953804, Train_Err = 0.016
Val_Loss = 0.3678530200004578, Val_Err = 9.01
Epoch: [146 | 200]
Phase:train -- Batch_idx:100/391-- 450.29 samples/sec-- Loss:0.00 -- Error1:0.01
Phase:train -- Batch_idx:200/391-- 452.02 samples/sec-- Loss:0.00 -- Error1:0.01
Phase:train -- Batch_idx:300/391-- 452.60 samples/sec-- Loss:0.00 -- Error1:0.01
Train_Loss = 0.0024742207980901, Train_Err = 0.012
Val_Loss = 0.36642060317993164, Val_Err = 8.94
Epoch: [147 | 200]
Phase:train -- Batch_idx:100/391-- 450.14 samples/sec-- Loss:0.00 -- Error1:0.01
Phase:train -- Batch_idx:200/391-- 452.04 samples/sec-- Loss:0.00 -- Error1:0.01
Phase:train -- Batch_idx:300/391-- 452.54 samples/sec-- Loss:0.00 -- Error1:0.01
Train_Loss = 0.002545480865240097, Train_Err = 0.012
Val_Loss = 0.3703474456787109, Val_Err = 8.95
Epoch: [148 | 200]
Phase:train -- Batch_idx:100/391-- 449.86 samples/sec-- Loss:0.00 -- Error1:0.01
Phase:train -- Batch_idx:200/391-- 451.79 samples/sec-- Loss:0.00 -- Error1:0.00
Phase:train -- Batch_idx:300/391-- 452.44 samples/sec-- Loss:0.00 -- Error1:0.01
Train_Loss = 0.002520145761966705, Train_Err = 0.004
Val_Loss = 0.3698593539237976, Val_Err = 9.01
Epoch: [149 | 200]
Phase:train -- Batch_idx:100/391-- 450.15 samples/sec-- Loss:0.00 -- Error1:0.00
Phase:train -- Batch_idx:200/391-- 451.94 samples/sec-- Loss:0.00 -- Error1:0.00
Phase:train -- Batch_idx:300/391-- 452.59 samples/sec-- Loss:0.00 -- Error1:0.00
Train_Loss = 0.00234547288749367, Train_Err = 0.006
Val_Loss = 0.3670074522018433, Val_Err = 9.05
Epoch: [150 | 200]
Phase:train -- Batch_idx:100/391-- 449.96 samples/sec-- Loss:0.00 -- Error1:0.00
Phase:train -- Batch_idx:200/391-- 451.69 samples/sec-- Loss:0.00 -- Error1:0.01
Phase:train -- Batch_idx:300/391-- 452.28 samples/sec-- Loss:0.00 -- Error1:0.01
Train_Loss = 0.0024059813638031484, Train_Err = 0.008
Val_Loss = 0.36326212215423587, Val_Err = 8.97
Epoch: [151 | 200]
Phase:train -- Batch_idx:100/391-- 449.83 samples/sec-- Loss:0.00 -- Error1:0.02
Phase:train -- Batch_idx:200/391-- 451.65 samples/sec-- Loss:0.00 -- Error1:0.02
Phase:train -- Batch_idx:300/391-- 452.11 samples/sec-- Loss:0.00 -- Error1:0.02
Train_Loss = 0.002539607272930443, Train_Err = 0.02
Val_Loss = 0.36137931604385376, Val_Err = 8.78
Epoch: [152 | 200]
Phase:train -- Batch_idx:100/391-- 449.19 samples/sec-- Loss:0.00 -- Error1:0.00
Phase:train -- Batch_idx:200/391-- 451.32 samples/sec-- Loss:0.00 -- Error1:0.00
Phase:train -- Batch_idx:300/391-- 452.20 samples/sec-- Loss:0.00 -- Error1:0.00
Train_Loss = 0.0023555355609208347, Train_Err = 0.004
Val_Loss = 0.369462880897522, Val_Err = 8.98
Epoch: [153 | 200]
Phase:train -- Batch_idx:100/391-- 450.02 samples/sec-- Loss:0.00 -- Error1:0.00
Phase:train -- Batch_idx:200/391-- 451.99 samples/sec-- Loss:0.00 -- Error1:0.01
Phase:train -- Batch_idx:300/391-- 452.71 samples/sec-- Loss:0.00 -- Error1:0.01
Train_Loss = 0.00251255682811141, Train_Err = 0.012
Val_Loss = 0.36142803955078123, Val_Err = 9.0
Epoch: [154 | 200]
Phase:train -- Batch_idx:100/391-- 450.25 samples/sec-- Loss:0.00 -- Error1:0.01
Phase:train -- Batch_idx:200/391-- 452.07 samples/sec-- Loss:0.00 -- Error1:0.01
Phase:train -- Batch_idx:300/391-- 452.74 samples/sec-- Loss:0.00 -- Error1:0.01
Train_Loss = 0.0023918407653272153, Train_Err = 0.008
Val_Loss = 0.3632110678672791, Val_Err = 9.0
Epoch: [155 | 200]
Phase:train -- Batch_idx:100/391-- 450.41 samples/sec-- Loss:0.00 -- Error1:0.01
Phase:train -- Batch_idx:200/391-- 452.26 samples/sec-- Loss:0.00 -- Error1:0.01
Phase:train -- Batch_idx:300/391-- 452.76 samples/sec-- Loss:0.00 -- Error1:0.01
Train_Loss = 0.00249088778167963, Train_Err = 0.012
Val_Loss = 0.3659691177368164, Val_Err = 8.92
Epoch: [156 | 200]
Phase:train -- Batch_idx:100/391-- 449.53 samples/sec-- Loss:0.00 -- Error1:0.02
Phase:train -- Batch_idx:200/391-- 451.42 samples/sec-- Loss:0.00 -- Error1:0.02
Phase:train -- Batch_idx:300/391-- 451.97 samples/sec-- Loss:0.00 -- Error1:0.03
Train_Loss = 0.002690150321684778, Train_Err = 0.026
Val_Loss = 0.3639641682624817, Val_Err = 9.04
Epoch: [157 | 200]
Phase:train -- Batch_idx:100/391-- 449.86 samples/sec-- Loss:0.00 -- Error1:0.02
Phase:train -- Batch_idx:200/391-- 451.87 samples/sec-- Loss:0.00 -- Error1:0.02
Phase:train -- Batch_idx:300/391-- 452.62 samples/sec-- Loss:0.00 -- Error1:0.02
Train_Loss = 0.0023153932321071623, Train_Err = 0.016
Val_Loss = 0.3633873103141785, Val_Err = 8.97
Epoch: [158 | 200]
Phase:train -- Batch_idx:100/391-- 449.68 samples/sec-- Loss:0.00 -- Error1:0.00
Phase:train -- Batch_idx:200/391-- 451.61 samples/sec-- Loss:0.00 -- Error1:0.01
Phase:train -- Batch_idx:300/391-- 452.21 samples/sec-- Loss:0.00 -- Error1:0.01
Train_Loss = 0.0023507000766694545, Train_Err = 0.008
Val_Loss = 0.36746047792434694, Val_Err = 9.2
Epoch: [159 | 200]
Phase:train -- Batch_idx:100/391-- 449.39 samples/sec-- Loss:0.00 -- Error1:0.01
Phase:train -- Batch_idx:200/391-- 451.43 samples/sec-- Loss:0.00 -- Error1:0.01
Phase:train -- Batch_idx:300/391-- 452.11 samples/sec-- Loss:0.00 -- Error1:0.01
Train_Loss = 0.0024062590174376963, Train_Err = 0.008
Val_Loss = 0.368771267414093, Val_Err = 9.06
Epoch: [160 | 200]
Phase:train -- Batch_idx:100/391-- 449.04 samples/sec-- Loss:0.00 -- Error1:0.01
Phase:train -- Batch_idx:200/391-- 451.21 samples/sec-- Loss:0.00 -- Error1:0.02
Phase:train -- Batch_idx:300/391-- 451.87 samples/sec-- Loss:0.00 -- Error1:0.01
Train_Loss = 0.0024400982486456634, Train_Err = 0.008
Val_Loss = 0.36498448810577394, Val_Err = 8.88
Epoch: [161 | 200]
Phase:train -- Batch_idx:100/391-- 450.11 samples/sec-- Loss:0.00 -- Error1:0.02
Phase:train -- Batch_idx:200/391-- 451.95 samples/sec-- Loss:0.00 -- Error1:0.01
Phase:train -- Batch_idx:300/391-- 452.61 samples/sec-- Loss:0.00 -- Error1:0.01
Train_Loss = 0.0024020288263261317, Train_Err = 0.006
Val_Loss = 0.3633190695762634, Val_Err = 8.76
Epoch: [162 | 200]
Phase:train -- Batch_idx:100/391-- 449.13 samples/sec-- Loss:0.00 -- Error1:0.02
Phase:train -- Batch_idx:200/391-- 451.36 samples/sec-- Loss:0.00 -- Error1:0.01
Phase:train -- Batch_idx:300/391-- 452.16 samples/sec-- Loss:0.00 -- Error1:0.01
Train_Loss = 0.002396033226326108, Train_Err = 0.004
Val_Loss = 0.3658382942199707, Val_Err = 8.86
Epoch: [163 | 200]
Phase:train -- Batch_idx:100/391-- 450.00 samples/sec-- Loss:0.00 -- Error1:0.04
Phase:train -- Batch_idx:200/391-- 452.09 samples/sec-- Loss:0.00 -- Error1:0.03
Phase:train -- Batch_idx:300/391-- 452.71 samples/sec-- Loss:0.00 -- Error1:0.02
Train_Loss = 0.002473351149633527, Train_Err = 0.016
Val_Loss = 0.3623218002319336, Val_Err = 8.94
Epoch: [164 | 200]
Phase:train -- Batch_idx:100/391-- 449.69 samples/sec-- Loss:0.00 -- Error1:0.00
Phase:train -- Batch_idx:200/391-- 451.56 samples/sec-- Loss:0.00 -- Error1:0.00
Phase:train -- Batch_idx:300/391-- 452.20 samples/sec-- Loss:0.00 -- Error1:0.00
Train_Loss = 0.0022323166680336, Train_Err = 0.002
Val_Loss = 0.3679026520729065, Val_Err = 8.93
Epoch: [165 | 200]
Phase:train -- Batch_idx:100/391-- 449.80 samples/sec-- Loss:0.00 -- Error1:0.01
Phase:train -- Batch_idx:200/391-- 451.61 samples/sec-- Loss:0.00 -- Error1:0.01
Phase:train -- Batch_idx:300/391-- 452.28 samples/sec-- Loss:0.00 -- Error1:0.01
Train_Loss = 0.0023116197089850903, Train_Err = 0.006
Val_Loss = 0.36369093046188355, Val_Err = 8.91
Epoch: [166 | 200]
Phase:train -- Batch_idx:100/391-- 449.96 samples/sec-- Loss:0.00 -- Error1:0.01
Phase:train -- Batch_idx:200/391-- 451.98 samples/sec-- Loss:0.00 -- Error1:0.00
Phase:train -- Batch_idx:300/391-- 452.55 samples/sec-- Loss:0.00 -- Error1:0.00
Train_Loss = 0.002324109575897455, Train_Err = 0.006
Val_Loss = 0.36260916261672976, Val_Err = 8.89
Epoch: [167 | 200]
Phase:train -- Batch_idx:100/391-- 449.82 samples/sec-- Loss:0.00 -- Error1:0.01
Phase:train -- Batch_idx:200/391-- 451.87 samples/sec-- Loss:0.00 -- Error1:0.01
Phase:train -- Batch_idx:300/391-- 452.38 samples/sec-- Loss:0.00 -- Error1:0.01
Train_Loss = 0.0023283981712162493, Train_Err = 0.012
Val_Loss = 0.3622974308013916, Val_Err = 8.97
Epoch: [168 | 200]
Phase:train -- Batch_idx:100/391-- 450.03 samples/sec-- Loss:0.00 -- Error1:0.01
Phase:train -- Batch_idx:200/391-- 451.96 samples/sec-- Loss:0.00 -- Error1:0.01
Phase:train -- Batch_idx:300/391-- 452.67 samples/sec-- Loss:0.00 -- Error1:0.01
Train_Loss = 0.002273926671668887, Train_Err = 0.008
Val_Loss = 0.3635967173576355, Val_Err = 8.76
Epoch: [169 | 200]
Phase:train -- Batch_idx:100/391-- 449.94 samples/sec-- Loss:0.00 -- Error1:0.02
Phase:train -- Batch_idx:200/391-- 451.69 samples/sec-- Loss:0.00 -- Error1:0.01
Phase:train -- Batch_idx:300/391-- 452.24 samples/sec-- Loss:0.00 -- Error1:0.01
Train_Loss = 0.0022938232185691597, Train_Err = 0.006
Val_Loss = 0.3740641396522522, Val_Err = 9.08
Epoch: [170 | 200]
Phase:train -- Batch_idx:100/391-- 449.80 samples/sec-- Loss:0.00 -- Error1:0.01
Phase:train -- Batch_idx:200/391-- 451.75 samples/sec-- Loss:0.00 -- Error1:0.00
Phase:train -- Batch_idx:300/391-- 452.43 samples/sec-- Loss:0.00 -- Error1:0.01
Train_Loss = 0.0022731271409988404, Train_Err = 0.006
Val_Loss = 0.37083113489151, Val_Err = 9.06
Epoch: [171 | 200]
Phase:train -- Batch_idx:100/391-- 449.87 samples/sec-- Loss:0.00 -- Error1:0.01
Phase:train -- Batch_idx:200/391-- 451.86 samples/sec-- Loss:0.00 -- Error1:0.01
Phase:train -- Batch_idx:300/391-- 452.51 samples/sec-- Loss:0.00 -- Error1:0.01
Train_Loss = 0.002182242061048746, Train_Err = 0.008
Val_Loss = 0.36535965194702147, Val_Err = 8.96
Epoch: [172 | 200]
Phase:train -- Batch_idx:100/391-- 450.14 samples/sec-- Loss:0.00 -- Error1:0.02
Phase:train -- Batch_idx:200/391-- 452.10 samples/sec-- Loss:0.00 -- Error1:0.02
Phase:train -- Batch_idx:300/391-- 452.66 samples/sec-- Loss:0.00 -- Error1:0.01
Train_Loss = 0.0023697382144629957, Train_Err = 0.012
Val_Loss = 0.36953505048751834, Val_Err = 9.02
Epoch: [173 | 200]
Phase:train -- Batch_idx:100/391-- 449.78 samples/sec-- Loss:0.00 -- Error1:0.02
Phase:train -- Batch_idx:200/391-- 451.85 samples/sec-- Loss:0.00 -- Error1:0.02
Phase:train -- Batch_idx:300/391-- 452.49 samples/sec-- Loss:0.00 -- Error1:0.01
Train_Loss = 0.0022837330543249846, Train_Err = 0.01
Val_Loss = 0.36298412981033323, Val_Err = 8.94
Epoch: [174 | 200]
Phase:train -- Batch_idx:100/391-- 450.23 samples/sec-- Loss:0.00 -- Error1:0.01
Phase:train -- Batch_idx:200/391-- 452.13 samples/sec-- Loss:0.00 -- Error1:0.01
Phase:train -- Batch_idx:300/391-- 452.79 samples/sec-- Loss:0.00 -- Error1:0.01
Train_Loss = 0.002303250580281019, Train_Err = 0.006
Val_Loss = 0.3690755235671997, Val_Err = 9.02
Epoch: [175 | 200]
Phase:train -- Batch_idx:100/391-- 449.62 samples/sec-- Loss:0.00 -- Error1:0.01
Phase:train -- Batch_idx:200/391-- 451.67 samples/sec-- Loss:0.00 -- Error1:0.03
Phase:train -- Batch_idx:300/391-- 452.28 samples/sec-- Loss:0.00 -- Error1:0.02
Train_Loss = 0.0024524477764591573, Train_Err = 0.022
Val_Loss = 0.370860942363739, Val_Err = 8.95
Epoch: [176 | 200]
Phase:train -- Batch_idx:100/391-- 449.95 samples/sec-- Loss:0.00 -- Error1:0.00
Phase:train -- Batch_idx:200/391-- 451.76 samples/sec-- Loss:0.00 -- Error1:0.00
Phase:train -- Batch_idx:300/391-- 452.42 samples/sec-- Loss:0.00 -- Error1:0.01
Train_Loss = 0.002180706509873271, Train_Err = 0.006
Val_Loss = 0.3623012092590332, Val_Err = 8.83
Epoch: [177 | 200]
Phase:train -- Batch_idx:100/391-- 449.93 samples/sec-- Loss:0.00 -- Error1:0.00
Phase:train -- Batch_idx:200/391-- 451.90 samples/sec-- Loss:0.00 -- Error1:0.01
Phase:train -- Batch_idx:300/391-- 452.45 samples/sec-- Loss:0.00 -- Error1:0.01
Train_Loss = 0.0022018334126472474, Train_Err = 0.006
Val_Loss = 0.36434440174102783, Val_Err = 9.02
Epoch: [178 | 200]
Phase:train -- Batch_idx:100/391-- 449.71 samples/sec-- Loss:0.00 -- Error1:0.02
Phase:train -- Batch_idx:200/391-- 451.77 samples/sec-- Loss:0.00 -- Error1:0.02
Phase:train -- Batch_idx:300/391-- 452.51 samples/sec-- Loss:0.00 -- Error1:0.01
Train_Loss = 0.0022948871543258427, Train_Err = 0.01
Val_Loss = 0.3648564489364624, Val_Err = 8.96
Epoch: [179 | 200]
Phase:train -- Batch_idx:100/391-- 449.22 samples/sec-- Loss:0.00 -- Error1:0.02
Phase:train -- Batch_idx:200/391-- 451.15 samples/sec-- Loss:0.00 -- Error1:0.01
Phase:train -- Batch_idx:300/391-- 451.90 samples/sec-- Loss:0.00 -- Error1:0.01
Train_Loss = 0.002335406817868352, Train_Err = 0.012
Val_Loss = 0.3646324716567993, Val_Err = 8.9
Epoch: [180 | 200]
Phase:train -- Batch_idx:100/391-- 449.89 samples/sec-- Loss:0.00 -- Error1:0.00
Phase:train -- Batch_idx:200/391-- 451.90 samples/sec-- Loss:0.00 -- Error1:0.00
Phase:train -- Batch_idx:300/391-- 452.53 samples/sec-- Loss:0.00 -- Error1:0.00
Train_Loss = 0.0022063556239381435, Train_Err = 0.002
Val_Loss = 0.3673144765853882, Val_Err = 8.98
Epoch: [181 | 200]
Phase:train -- Batch_idx:100/391-- 449.65 samples/sec-- Loss:0.00 -- Error1:0.01
Phase:train -- Batch_idx:200/391-- 451.75 samples/sec-- Loss:0.00 -- Error1:0.01
Phase:train -- Batch_idx:300/391-- 452.33 samples/sec-- Loss:0.00 -- Error1:0.02
Train_Loss = 0.002481593813598156, Train_Err = 0.016
Val_Loss = 0.3634564887046814, Val_Err = 8.96
Epoch: [182 | 200]
Phase:train -- Batch_idx:100/391-- 449.87 samples/sec-- Loss:0.00 -- Error1:0.05
Phase:train -- Batch_idx:200/391-- 451.83 samples/sec-- Loss:0.00 -- Error1:0.04
Phase:train -- Batch_idx:300/391-- 452.53 samples/sec-- Loss:0.00 -- Error1:0.03
Train_Loss = 0.002592697101086378, Train_Err = 0.028
Val_Loss = 0.36249269971847536, Val_Err = 8.88
Epoch: [183 | 200]
Phase:train -- Batch_idx:100/391-- 449.20 samples/sec-- Loss:0.00 -- Error1:0.02
Phase:train -- Batch_idx:200/391-- 451.44 samples/sec-- Loss:0.00 -- Error1:0.02
Phase:train -- Batch_idx:300/391-- 452.03 samples/sec-- Loss:0.00 -- Error1:0.01
Train_Loss = 0.0022988496749848128, Train_Err = 0.008
Val_Loss = 0.3624853087425232, Val_Err = 8.94
Epoch: [184 | 200]
Phase:train -- Batch_idx:100/391-- 449.30 samples/sec-- Loss:0.00 -- Error1:0.02
Phase:train -- Batch_idx:200/391-- 451.17 samples/sec-- Loss:0.00 -- Error1:0.02
Phase:train -- Batch_idx:300/391-- 451.90 samples/sec-- Loss:0.00 -- Error1:0.01
Train_Loss = 0.0021410827067494392, Train_Err = 0.012
Val_Loss = 0.36642237491607665, Val_Err = 8.89
Epoch: [185 | 200]
Phase:train -- Batch_idx:100/391-- 449.31 samples/sec-- Loss:0.00 -- Error1:0.02
Phase:train -- Batch_idx:200/391-- 451.57 samples/sec-- Loss:0.00 -- Error1:0.01
Phase:train -- Batch_idx:300/391-- 452.24 samples/sec-- Loss:0.00 -- Error1:0.01
Train_Loss = 0.00225232680156827, Train_Err = 0.006
Val_Loss = 0.368437996673584, Val_Err = 8.99
Epoch: [186 | 200]
Phase:train -- Batch_idx:100/391-- 449.01 samples/sec-- Loss:0.00 -- Error1:0.00
Phase:train -- Batch_idx:200/391-- 451.19 samples/sec-- Loss:0.00 -- Error1:0.01
Phase:train -- Batch_idx:300/391-- 452.04 samples/sec-- Loss:0.00 -- Error1:0.01
Train_Loss = 0.002347162499576807, Train_Err = 0.008
Val_Loss = 0.37281378040313723, Val_Err = 8.96
Epoch: [187 | 200]
Phase:train -- Batch_idx:100/391-- 449.56 samples/sec-- Loss:0.00 -- Error1:0.02
Phase:train -- Batch_idx:200/391-- 451.67 samples/sec-- Loss:0.00 -- Error1:0.01
Phase:train -- Batch_idx:300/391-- 452.39 samples/sec-- Loss:0.00 -- Error1:0.01
Train_Loss = 0.00221936948928982, Train_Err = 0.006
Val_Loss = 0.36449626626968384, Val_Err = 8.98
Epoch: [188 | 200]
Phase:train -- Batch_idx:100/391-- 449.34 samples/sec-- Loss:0.00 -- Error1:0.02
Phase:train -- Batch_idx:200/391-- 451.22 samples/sec-- Loss:0.00 -- Error1:0.01
Phase:train -- Batch_idx:300/391-- 451.87 samples/sec-- Loss:0.00 -- Error1:0.01
Train_Loss = 0.0024877919901907446, Train_Err = 0.014
Val_Loss = 0.3630260667800903, Val_Err = 8.95
Epoch: [189 | 200]
Phase:train -- Batch_idx:100/391-- 449.08 samples/sec-- Loss:0.00 -- Error1:0.00
Phase:train -- Batch_idx:200/391-- 451.26 samples/sec-- Loss:0.00 -- Error1:0.00
Phase:train -- Batch_idx:300/391-- 451.72 samples/sec-- Loss:0.00 -- Error1:0.01
Train_Loss = 0.0022270329695940018, Train_Err = 0.006
Val_Loss = 0.36484921197891235, Val_Err = 8.9
Epoch: [190 | 200]
Phase:train -- Batch_idx:100/391-- 449.34 samples/sec-- Loss:0.00 -- Error1:0.02
Phase:train -- Batch_idx:200/391-- 451.39 samples/sec-- Loss:0.00 -- Error1:0.01
Phase:train -- Batch_idx:300/391-- 452.07 samples/sec-- Loss:0.00 -- Error1:0.01
Train_Loss = 0.002313786902949214, Train_Err = 0.006
Val_Loss = 0.3714470288276672, Val_Err = 9.02
Epoch: [191 | 200]
Phase:train -- Batch_idx:100/391-- 449.18 samples/sec-- Loss:0.00 -- Error1:0.02
Phase:train -- Batch_idx:200/391-- 451.05 samples/sec-- Loss:0.00 -- Error1:0.02
Phase:train -- Batch_idx:300/391-- 451.83 samples/sec-- Loss:0.00 -- Error1:0.01
Train_Loss = 0.0022743626287579535, Train_Err = 0.012
Val_Loss = 0.3760194896697998, Val_Err = 9.05
Epoch: [192 | 200]
Phase:train -- Batch_idx:100/391-- 449.88 samples/sec-- Loss:0.00 -- Error1:0.02
Phase:train -- Batch_idx:200/391-- 451.84 samples/sec-- Loss:0.00 -- Error1:0.02
Phase:train -- Batch_idx:300/391-- 452.50 samples/sec-- Loss:0.00 -- Error1:0.01
Train_Loss = 0.0022362817431241275, Train_Err = 0.012
Val_Loss = 0.3710264161109924, Val_Err = 8.89
Epoch: [193 | 200]
Phase:train -- Batch_idx:100/391-- 449.23 samples/sec-- Loss:0.00 -- Error1:0.02
Phase:train -- Batch_idx:200/391-- 451.47 samples/sec-- Loss:0.00 -- Error1:0.01
Phase:train -- Batch_idx:300/391-- 451.95 samples/sec-- Loss:0.00 -- Error1:0.01
Train_Loss = 0.002245529944077134, Train_Err = 0.008
Val_Loss = 0.36729142141342164, Val_Err = 9.06
Epoch: [194 | 200]
Phase:train -- Batch_idx:100/391-- 449.42 samples/sec-- Loss:0.00 -- Error1:0.00
Phase:train -- Batch_idx:200/391-- 451.64 samples/sec-- Loss:0.00 -- Error1:0.00
Phase:train -- Batch_idx:300/391-- 452.43 samples/sec-- Loss:0.00 -- Error1:0.01
Train_Loss = 0.0021022148048132658, Train_Err = 0.006
Val_Loss = 0.3636847168922424, Val_Err = 8.83
Epoch: [195 | 200]
Phase:train -- Batch_idx:100/391-- 449.58 samples/sec-- Loss:0.00 -- Error1:0.01
Phase:train -- Batch_idx:200/391-- 451.27 samples/sec-- Loss:0.00 -- Error1:0.01
Phase:train -- Batch_idx:300/391-- 451.82 samples/sec-- Loss:0.00 -- Error1:0.01
Train_Loss = 0.002142953441254795, Train_Err = 0.006
Val_Loss = 0.36820900831222536, Val_Err = 8.94
Epoch: [196 | 200]
Phase:train -- Batch_idx:100/391-- 449.62 samples/sec-- Loss:0.00 -- Error1:0.00
Phase:train -- Batch_idx:200/391-- 451.52 samples/sec-- Loss:0.00 -- Error1:0.00
Phase:train -- Batch_idx:300/391-- 452.07 samples/sec-- Loss:0.00 -- Error1:0.01
Train_Loss = 0.002211699689179659, Train_Err = 0.01
Val_Loss = 0.3650431020736694, Val_Err = 8.95
Epoch: [197 | 200]
Phase:train -- Batch_idx:100/391-- 449.66 samples/sec-- Loss:0.00 -- Error1:0.00
Phase:train -- Batch_idx:200/391-- 451.65 samples/sec-- Loss:0.00 -- Error1:0.00
Phase:train -- Batch_idx:300/391-- 452.30 samples/sec-- Loss:0.00 -- Error1:0.01
Train_Loss = 0.002107645005919039, Train_Err = 0.006
Val_Loss = 0.3663503664970398, Val_Err = 8.94
Epoch: [198 | 200]
Phase:train -- Batch_idx:100/391-- 450.10 samples/sec-- Loss:0.00 -- Error1:0.01
Phase:train -- Batch_idx:200/391-- 451.88 samples/sec-- Loss:0.00 -- Error1:0.00
Phase:train -- Batch_idx:300/391-- 452.47 samples/sec-- Loss:0.00 -- Error1:0.00
Train_Loss = 0.00198512881398201, Train_Err = 0.002
Val_Loss = 0.3691232183456421, Val_Err = 9.08
Epoch: [199 | 200]
Phase:train -- Batch_idx:100/391-- 449.85 samples/sec-- Loss:0.00 -- Error1:0.02
Phase:train -- Batch_idx:200/391-- 451.56 samples/sec-- Loss:0.00 -- Error1:0.02
Phase:train -- Batch_idx:300/391-- 452.31 samples/sec-- Loss:0.00 -- Error1:0.01
Train_Loss = 0.0022526711244136095, Train_Err = 0.01
Val_Loss = 0.3708476498603821, Val_Err = 9.07
