Namespace(bs=128, cp_dir='./checkpoints/cifar100_new/resnet101/sam_sgd/run_ms_4/run0', data_dir='./data/cifar100', dir='.', dtype='cifar100', ep=200, loadckp=False, lr=0.1, milestones=[100, 120], mo=0.9, ms=4, mtype='resnet101', n='cifar100_new/resnet101/sam_sgd', num_classes=100, print_freq=100, use_cuda=True, wd=0.0005)
Epoch: [0 | 200]
Phase:train -- Batch_idx:100/391 -- 244.48 samples/sec-- Loss:5.53 -- Error1:98.68
Phase:train -- Batch_idx:200/391 -- 247.89 samples/sec-- Loss:5.06 -- Error1:98.69
Phase:train -- Batch_idx:300/391 -- 248.90 samples/sec-- Loss:4.87 -- Error1:98.57
Train_Loss = 4.763789916992187, Train_Err = 98.342
Val_Loss = 4.323045986938476, Val_Err = 96.56
Epoch: [1 | 200]
Phase:train -- Batch_idx:100/391 -- 248.91 samples/sec-- Loss:4.30 -- Error1:97.05
Phase:train -- Batch_idx:200/391 -- 249.41 samples/sec-- Loss:4.26 -- Error1:96.76
Phase:train -- Batch_idx:300/391 -- 249.52 samples/sec-- Loss:4.23 -- Error1:96.19
Train_Loss = 4.193544933547973, Train_Err = 95.706
Val_Loss = 3.9764044399261476, Val_Err = 93.41
Epoch: [2 | 200]
Phase:train -- Batch_idx:100/391 -- 248.27 samples/sec-- Loss:3.99 -- Error1:93.15
Phase:train -- Batch_idx:200/391 -- 248.94 samples/sec-- Loss:3.96 -- Error1:92.69
Phase:train -- Batch_idx:300/391 -- 249.12 samples/sec-- Loss:3.92 -- Error1:91.93
Train_Loss = 3.883778557128906, Train_Err = 91.328
Val_Loss = 3.6810351154327394, Val_Err = 87.11
Epoch: [3 | 200]
Phase:train -- Batch_idx:100/391 -- 248.29 samples/sec-- Loss:3.68 -- Error1:88.43
Phase:train -- Batch_idx:200/391 -- 248.88 samples/sec-- Loss:3.64 -- Error1:87.50
Phase:train -- Batch_idx:300/391 -- 249.06 samples/sec-- Loss:3.60 -- Error1:86.74
Train_Loss = 3.5557068963623046, Train_Err = 85.88
Val_Loss = 3.3422707935333253, Val_Err = 81.64
Epoch: [4 | 200]
Phase:train -- Batch_idx:100/391 -- 248.21 samples/sec-- Loss:3.30 -- Error1:81.81
Phase:train -- Batch_idx:200/391 -- 248.86 samples/sec-- Loss:3.26 -- Error1:80.55
Phase:train -- Batch_idx:300/391 -- 249.07 samples/sec-- Loss:3.24 -- Error1:80.05
Train_Loss = 3.1986133652496336, Train_Err = 79.24
Val_Loss = 2.996858599472046, Val_Err = 74.75
Epoch: [5 | 200]
Phase:train -- Batch_idx:100/391 -- 248.37 samples/sec-- Loss:2.98 -- Error1:74.95
Phase:train -- Batch_idx:200/391 -- 248.94 samples/sec-- Loss:2.95 -- Error1:74.56
Phase:train -- Batch_idx:300/391 -- 249.09 samples/sec-- Loss:2.92 -- Error1:73.80
Train_Loss = 2.891296632232666, Train_Err = 73.162
Val_Loss = 2.8307541007995605, Val_Err = 72.26
Epoch: [6 | 200]
Phase:train -- Batch_idx:100/391 -- 248.36 samples/sec-- Loss:2.67 -- Error1:68.81
Phase:train -- Batch_idx:200/391 -- 248.94 samples/sec-- Loss:2.63 -- Error1:68.05
Phase:train -- Batch_idx:300/391 -- 249.12 samples/sec-- Loss:2.61 -- Error1:67.55
Train_Loss = 2.5923611742401125, Train_Err = 67.146
Val_Loss = 2.4206893123626707, Val_Err = 63.16
Epoch: [7 | 200]
Phase:train -- Batch_idx:100/391 -- 248.21 samples/sec-- Loss:2.37 -- Error1:62.55
Phase:train -- Batch_idx:200/391 -- 248.86 samples/sec-- Loss:2.37 -- Error1:62.59
Phase:train -- Batch_idx:300/391 -- 249.09 samples/sec-- Loss:2.35 -- Error1:62.18
Train_Loss = 2.3335363435363767, Train_Err = 61.832
Val_Loss = 2.276309038543701, Val_Err = 59.92
Epoch: [8 | 200]
Phase:train -- Batch_idx:100/391 -- 248.34 samples/sec-- Loss:2.11 -- Error1:56.70
Phase:train -- Batch_idx:200/391 -- 248.90 samples/sec-- Loss:2.12 -- Error1:57.18
Phase:train -- Batch_idx:300/391 -- 249.10 samples/sec-- Loss:2.11 -- Error1:56.97
Train_Loss = 2.1100120018005373, Train_Err = 57.006
Val_Loss = 2.100046189117432, Val_Err = 56.12
Epoch: [9 | 200]
Phase:train -- Batch_idx:100/391 -- 248.28 samples/sec-- Loss:1.89 -- Error1:52.45
Phase:train -- Batch_idx:200/391 -- 248.90 samples/sec-- Loss:1.91 -- Error1:52.69
Phase:train -- Batch_idx:300/391 -- 249.11 samples/sec-- Loss:1.91 -- Error1:52.65
Train_Loss = 1.914209786605835, Train_Err = 52.592
Val_Loss = 2.0704701694488525, Val_Err = 54.72
Epoch: [10 | 200]
Phase:train -- Batch_idx:100/391 -- 248.29 samples/sec-- Loss:1.72 -- Error1:48.27
Phase:train -- Batch_idx:200/391 -- 248.91 samples/sec-- Loss:1.73 -- Error1:48.42
Phase:train -- Batch_idx:300/391 -- 249.14 samples/sec-- Loss:1.76 -- Error1:48.90
Train_Loss = 1.7643212567520141, Train_Err = 49.016
Val_Loss = 2.9620577224731446, Val_Err = 53.61
Epoch: [11 | 200]
Phase:train -- Batch_idx:100/391 -- 248.31 samples/sec-- Loss:1.58 -- Error1:44.50
Phase:train -- Batch_idx:200/391 -- 248.90 samples/sec-- Loss:1.61 -- Error1:45.17
Phase:train -- Batch_idx:300/391 -- 249.09 samples/sec-- Loss:1.62 -- Error1:45.54
Train_Loss = 1.6354736792373656, Train_Err = 45.854
Val_Loss = 1.8899562097549438, Val_Err = 50.8
Epoch: [12 | 200]
Phase:train -- Batch_idx:100/391 -- 248.23 samples/sec-- Loss:1.45 -- Error1:41.50
Phase:train -- Batch_idx:200/391 -- 248.93 samples/sec-- Loss:1.49 -- Error1:42.60
Phase:train -- Batch_idx:300/391 -- 249.16 samples/sec-- Loss:1.51 -- Error1:43.14
Train_Loss = 1.5284781731414796, Train_Err = 43.508
Val_Loss = 1.7295004011154176, Val_Err = 48.04
Epoch: [13 | 200]
Phase:train -- Batch_idx:100/391 -- 248.37 samples/sec-- Loss:1.32 -- Error1:38.27
Phase:train -- Batch_idx:200/391 -- 248.52 samples/sec-- Loss:1.38 -- Error1:39.80
Phase:train -- Batch_idx:300/391 -- 248.51 samples/sec-- Loss:1.42 -- Error1:40.75
Train_Loss = 1.428739660987854, Train_Err = 41.07
Val_Loss = 1.8567638511657716, Val_Err = 50.82
Epoch: [14 | 200]
Phase:train -- Batch_idx:100/391 -- 248.45 samples/sec-- Loss:1.25 -- Error1:36.69
Phase:train -- Batch_idx:200/391 -- 249.04 samples/sec-- Loss:1.30 -- Error1:37.92
Phase:train -- Batch_idx:300/391 -- 249.24 samples/sec-- Loss:1.33 -- Error1:38.64
Train_Loss = 1.347067677230835, Train_Err = 38.984
Val_Loss = 1.7898305061340332, Val_Err = 49.09
Epoch: [15 | 200]
Phase:train -- Batch_idx:100/391 -- 248.37 samples/sec-- Loss:1.17 -- Error1:34.74
Phase:train -- Batch_idx:200/391 -- 248.98 samples/sec-- Loss:1.24 -- Error1:36.64
Phase:train -- Batch_idx:300/391 -- 249.21 samples/sec-- Loss:1.28 -- Error1:37.21
Train_Loss = 1.2866840988540649, Train_Err = 37.388
Val_Loss = 1.6873311166763305, Val_Err = 46.26
Epoch: [16 | 200]
Phase:train -- Batch_idx:100/391 -- 247.37 samples/sec-- Loss:1.09 -- Error1:32.19
Phase:train -- Batch_idx:200/391 -- 247.97 samples/sec-- Loss:1.16 -- Error1:34.11
Phase:train -- Batch_idx:300/391 -- 248.18 samples/sec-- Loss:1.20 -- Error1:35.05
Train_Loss = 1.2146907152175903, Train_Err = 35.602
Val_Loss = 1.7409459924697877, Val_Err = 47.2
Epoch: [17 | 200]
Phase:train -- Batch_idx:100/391 -- 248.60 samples/sec-- Loss:1.04 -- Error1:31.27
Phase:train -- Batch_idx:200/391 -- 249.13 samples/sec-- Loss:1.10 -- Error1:32.75
Phase:train -- Batch_idx:300/391 -- 249.31 samples/sec-- Loss:1.14 -- Error1:33.65
Train_Loss = 1.160306833114624, Train_Err = 34.276
Val_Loss = 1.7093757009506225, Val_Err = 46.72
Epoch: [18 | 200]
Phase:train -- Batch_idx:100/391 -- 248.52 samples/sec-- Loss:0.97 -- Error1:28.80
Phase:train -- Batch_idx:200/391 -- 249.10 samples/sec-- Loss:1.05 -- Error1:31.07
Phase:train -- Batch_idx:300/391 -- 249.27 samples/sec-- Loss:1.09 -- Error1:32.25
Train_Loss = 1.1121522493743896, Train_Err = 32.778
Val_Loss = 1.7191304624557495, Val_Err = 45.37
Epoch: [19 | 200]
Phase:train -- Batch_idx:100/391 -- 248.43 samples/sec-- Loss:0.93 -- Error1:28.12
Phase:train -- Batch_idx:200/391 -- 249.04 samples/sec-- Loss:0.99 -- Error1:29.88
Phase:train -- Batch_idx:300/391 -- 249.25 samples/sec-- Loss:1.04 -- Error1:31.00
Train_Loss = 1.0643025752258302, Train_Err = 31.712
Val_Loss = 1.7314213256835937, Val_Err = 46.42
Epoch: [20 | 200]
Phase:train -- Batch_idx:100/391 -- 248.43 samples/sec-- Loss:0.87 -- Error1:26.23
Phase:train -- Batch_idx:200/391 -- 248.99 samples/sec-- Loss:0.95 -- Error1:28.51
Phase:train -- Batch_idx:300/391 -- 249.21 samples/sec-- Loss:0.99 -- Error1:29.61
Train_Loss = 1.0186946565628052, Train_Err = 30.276
Val_Loss = 1.7245643392562866, Val_Err = 46.46
Epoch: [21 | 200]
Phase:train -- Batch_idx:100/391 -- 248.45 samples/sec-- Loss:0.82 -- Error1:24.59
Phase:train -- Batch_idx:200/391 -- 249.03 samples/sec-- Loss:0.90 -- Error1:27.03
Phase:train -- Batch_idx:300/391 -- 249.25 samples/sec-- Loss:0.95 -- Error1:28.26
Train_Loss = 0.9820984153366089, Train_Err = 29.278
Val_Loss = 1.5988246282577514, Val_Err = 43.59
Epoch: [22 | 200]
Phase:train -- Batch_idx:100/391 -- 248.45 samples/sec-- Loss:0.79 -- Error1:24.02
Phase:train -- Batch_idx:200/391 -- 249.12 samples/sec-- Loss:0.86 -- Error1:25.79
Phase:train -- Batch_idx:300/391 -- 249.33 samples/sec-- Loss:0.91 -- Error1:27.32
Train_Loss = 0.9492520294952392, Train_Err = 28.328
Val_Loss = 1.7397876087188722, Val_Err = 46.47
Epoch: [23 | 200]
Phase:train -- Batch_idx:100/391 -- 248.46 samples/sec-- Loss:0.76 -- Error1:23.19
Phase:train -- Batch_idx:200/391 -- 249.06 samples/sec-- Loss:0.85 -- Error1:25.48
Phase:train -- Batch_idx:300/391 -- 249.27 samples/sec-- Loss:0.90 -- Error1:27.21
Train_Loss = 0.9319028406524659, Train_Err = 27.996
Val_Loss = 1.6135188808441163, Val_Err = 43.42
Epoch: [24 | 200]
Phase:train -- Batch_idx:100/391 -- 248.50 samples/sec-- Loss:0.76 -- Error1:22.84
Phase:train -- Batch_idx:200/391 -- 249.09 samples/sec-- Loss:0.81 -- Error1:24.67
Phase:train -- Batch_idx:300/391 -- 249.30 samples/sec-- Loss:0.87 -- Error1:26.03
Train_Loss = 0.8968218252563477, Train_Err = 26.952
Val_Loss = 1.6949723020553589, Val_Err = 45.59
Epoch: [25 | 200]
Phase:train -- Batch_idx:100/391 -- 247.56 samples/sec-- Loss:0.71 -- Error1:21.53
Phase:train -- Batch_idx:200/391 -- 248.09 samples/sec-- Loss:0.80 -- Error1:24.35
Phase:train -- Batch_idx:300/391 -- 248.26 samples/sec-- Loss:0.86 -- Error1:25.91
Train_Loss = 0.8895690688323975, Train_Err = 26.804
Val_Loss = 1.594116827392578, Val_Err = 43.14
Epoch: [26 | 200]
Phase:train -- Batch_idx:100/391 -- 248.48 samples/sec-- Loss:0.71 -- Error1:21.13
Phase:train -- Batch_idx:200/391 -- 249.15 samples/sec-- Loss:0.77 -- Error1:23.11
Phase:train -- Batch_idx:300/391 -- 249.34 samples/sec-- Loss:0.83 -- Error1:25.03
Train_Loss = 0.8591819804763794, Train_Err = 25.896
Val_Loss = 1.6960979824066162, Val_Err = 44.21
Epoch: [27 | 200]
Phase:train -- Batch_idx:100/391 -- 248.56 samples/sec-- Loss:0.67 -- Error1:20.59
Phase:train -- Batch_idx:200/391 -- 249.13 samples/sec-- Loss:0.75 -- Error1:22.64
Phase:train -- Batch_idx:300/391 -- 249.32 samples/sec-- Loss:0.81 -- Error1:24.58
Train_Loss = 0.8459343383789063, Train_Err = 25.374
Val_Loss = 1.5968258977890015, Val_Err = 43.5
Epoch: [28 | 200]
Phase:train -- Batch_idx:100/391 -- 248.58 samples/sec-- Loss:0.64 -- Error1:19.26
Phase:train -- Batch_idx:200/391 -- 249.17 samples/sec-- Loss:0.71 -- Error1:21.67
Phase:train -- Batch_idx:300/391 -- 249.38 samples/sec-- Loss:0.78 -- Error1:23.74
Train_Loss = 0.8164400422286987, Train_Err = 24.652
Val_Loss = 1.768480382347107, Val_Err = 45.73
Epoch: [29 | 200]
Phase:train -- Batch_idx:100/391 -- 248.65 samples/sec-- Loss:0.67 -- Error1:20.02
Phase:train -- Batch_idx:200/391 -- 249.20 samples/sec-- Loss:0.73 -- Error1:22.14
Phase:train -- Batch_idx:300/391 -- 249.37 samples/sec-- Loss:0.79 -- Error1:24.00
Train_Loss = 0.8223128752136231, Train_Err = 24.938
Val_Loss = 1.6748575910568237, Val_Err = 43.74
Epoch: [30 | 200]
Phase:train -- Batch_idx:100/391 -- 248.56 samples/sec-- Loss:0.62 -- Error1:18.95
Phase:train -- Batch_idx:200/391 -- 249.17 samples/sec-- Loss:0.71 -- Error1:21.55
Phase:train -- Batch_idx:300/391 -- 249.36 samples/sec-- Loss:0.76 -- Error1:23.19
Train_Loss = 0.7978071055221557, Train_Err = 24.12
Val_Loss = 1.7442341400146484, Val_Err = 46.1
Epoch: [31 | 200]
Phase:train -- Batch_idx:100/391 -- 248.78 samples/sec-- Loss:0.63 -- Error1:19.12
Phase:train -- Batch_idx:200/391 -- 249.27 samples/sec-- Loss:0.69 -- Error1:20.78
Phase:train -- Batch_idx:300/391 -- 249.44 samples/sec-- Loss:0.74 -- Error1:22.42
Train_Loss = 0.7866112673568726, Train_Err = 23.816
Val_Loss = 1.6903934198379515, Val_Err = 44.69
Epoch: [32 | 200]
Phase:train -- Batch_idx:100/391 -- 248.59 samples/sec-- Loss:0.61 -- Error1:18.59
Phase:train -- Batch_idx:200/391 -- 249.16 samples/sec-- Loss:0.68 -- Error1:20.53
Phase:train -- Batch_idx:300/391 -- 249.35 samples/sec-- Loss:0.75 -- Error1:22.74
Train_Loss = 0.7805769950866699, Train_Err = 23.666
Val_Loss = 1.6419381198883056, Val_Err = 43.16
Epoch: [33 | 200]
Phase:train -- Batch_idx:100/391 -- 248.73 samples/sec-- Loss:0.59 -- Error1:17.88
Phase:train -- Batch_idx:200/391 -- 249.24 samples/sec-- Loss:0.67 -- Error1:20.43
Phase:train -- Batch_idx:300/391 -- 249.37 samples/sec-- Loss:0.73 -- Error1:22.09
Train_Loss = 0.7687012303924561, Train_Err = 23.298
Val_Loss = 1.652571229171753, Val_Err = 43.39
Epoch: [34 | 200]
Phase:train -- Batch_idx:100/391 -- 248.58 samples/sec-- Loss:0.58 -- Error1:17.67
Phase:train -- Batch_idx:200/391 -- 249.17 samples/sec-- Loss:0.66 -- Error1:20.24
Phase:train -- Batch_idx:300/391 -- 249.36 samples/sec-- Loss:0.73 -- Error1:22.23
Train_Loss = 0.7579236148643493, Train_Err = 23.136
Val_Loss = 1.6938243078231812, Val_Err = 44.13
Epoch: [35 | 200]
Phase:train -- Batch_idx:100/391 -- 248.58 samples/sec-- Loss:0.59 -- Error1:18.11
Phase:train -- Batch_idx:200/391 -- 249.16 samples/sec-- Loss:0.66 -- Error1:20.18
Phase:train -- Batch_idx:300/391 -- 249.35 samples/sec-- Loss:0.71 -- Error1:21.54
Train_Loss = 0.7444172661590576, Train_Err = 22.434
Val_Loss = 1.812883659362793, Val_Err = 46.1
Epoch: [36 | 200]
Phase:train -- Batch_idx:100/391 -- 248.58 samples/sec-- Loss:0.59 -- Error1:18.22
Phase:train -- Batch_idx:200/391 -- 249.13 samples/sec-- Loss:0.64 -- Error1:19.65
Phase:train -- Batch_idx:300/391 -- 249.33 samples/sec-- Loss:0.70 -- Error1:21.36
Train_Loss = 0.7419079383659363, Train_Err = 22.554
Val_Loss = 1.7156227159500121, Val_Err = 44.92
Epoch: [37 | 200]
Phase:train -- Batch_idx:100/391 -- 248.54 samples/sec-- Loss:0.59 -- Error1:17.27
Phase:train -- Batch_idx:200/391 -- 249.16 samples/sec-- Loss:0.65 -- Error1:19.15
Phase:train -- Batch_idx:300/391 -- 249.38 samples/sec-- Loss:0.70 -- Error1:20.86
Train_Loss = 0.7348081348037719, Train_Err = 22.068
Val_Loss = 1.5755831945419312, Val_Err = 42.15
Epoch: [38 | 200]
Phase:train -- Batch_idx:100/391 -- 248.60 samples/sec-- Loss:0.58 -- Error1:17.58
Phase:train -- Batch_idx:200/391 -- 249.22 samples/sec-- Loss:0.65 -- Error1:19.48
Phase:train -- Batch_idx:300/391 -- 249.42 samples/sec-- Loss:0.69 -- Error1:20.77
Train_Loss = 0.729805856513977, Train_Err = 21.972
Val_Loss = 1.7189342170715332, Val_Err = 45.13
Epoch: [39 | 200]
Phase:train -- Batch_idx:100/391 -- 248.67 samples/sec-- Loss:0.59 -- Error1:18.06
Phase:train -- Batch_idx:200/391 -- 249.24 samples/sec-- Loss:0.65 -- Error1:19.74
Phase:train -- Batch_idx:300/391 -- 249.43 samples/sec-- Loss:0.69 -- Error1:20.81
Train_Loss = 0.7299133937835693, Train_Err = 21.946
Val_Loss = 1.677170063018799, Val_Err = 44.07
Epoch: [40 | 200]
Phase:train -- Batch_idx:100/391 -- 248.77 samples/sec-- Loss:0.54 -- Error1:16.39
Phase:train -- Batch_idx:200/391 -- 249.31 samples/sec-- Loss:0.60 -- Error1:18.42
Phase:train -- Batch_idx:300/391 -- 249.48 samples/sec-- Loss:0.66 -- Error1:20.14
Train_Loss = 0.7122102207946778, Train_Err = 21.524
Val_Loss = 1.7354472764968871, Val_Err = 44.99
Epoch: [41 | 200]
Phase:train -- Batch_idx:100/391 -- 248.77 samples/sec-- Loss:0.54 -- Error1:16.12
Phase:train -- Batch_idx:200/391 -- 249.28 samples/sec-- Loss:0.61 -- Error1:18.25
Phase:train -- Batch_idx:300/391 -- 249.46 samples/sec-- Loss:0.67 -- Error1:20.09
Train_Loss = 0.7118775996780395, Train_Err = 21.326
Val_Loss = 1.9294460334777832, Val_Err = 47.78
Epoch: [42 | 200]
Phase:train -- Batch_idx:100/391 -- 247.72 samples/sec-- Loss:0.57 -- Error1:17.17
Phase:train -- Batch_idx:200/391 -- 248.74 samples/sec-- Loss:0.63 -- Error1:18.92
Phase:train -- Batch_idx:300/391 -- 249.10 samples/sec-- Loss:0.67 -- Error1:20.10
Train_Loss = 0.709469903755188, Train_Err = 21.316
Val_Loss = 1.7677623756408691, Val_Err = 44.91
Epoch: [43 | 200]
Phase:train -- Batch_idx:100/391 -- 248.70 samples/sec-- Loss:0.56 -- Error1:16.82
Phase:train -- Batch_idx:200/391 -- 249.26 samples/sec-- Loss:0.61 -- Error1:18.50
Phase:train -- Batch_idx:300/391 -- 249.46 samples/sec-- Loss:0.67 -- Error1:20.33
Train_Loss = 0.7092396260070801, Train_Err = 21.472
Val_Loss = 1.7058064374923707, Val_Err = 44.27
Epoch: [44 | 200]
Phase:train -- Batch_idx:100/391 -- 248.74 samples/sec-- Loss:0.53 -- Error1:16.04
Phase:train -- Batch_idx:200/391 -- 249.32 samples/sec-- Loss:0.61 -- Error1:18.45
Phase:train -- Batch_idx:300/391 -- 249.49 samples/sec-- Loss:0.66 -- Error1:19.86
Train_Loss = 0.7026580045700074, Train_Err = 21.154
Val_Loss = 1.6766823791503906, Val_Err = 44.02
Epoch: [45 | 200]
Phase:train -- Batch_idx:100/391 -- 248.67 samples/sec-- Loss:0.52 -- Error1:15.73
Phase:train -- Batch_idx:200/391 -- 249.24 samples/sec-- Loss:0.59 -- Error1:17.86
Phase:train -- Batch_idx:300/391 -- 249.41 samples/sec-- Loss:0.66 -- Error1:19.77
Train_Loss = 0.6938060741043091, Train_Err = 20.862
Val_Loss = 1.7552817779541015, Val_Err = 44.43
Epoch: [46 | 200]
Phase:train -- Batch_idx:100/391 -- 248.80 samples/sec-- Loss:0.54 -- Error1:16.13
Phase:train -- Batch_idx:200/391 -- 249.31 samples/sec-- Loss:0.60 -- Error1:18.01
Phase:train -- Batch_idx:300/391 -- 249.49 samples/sec-- Loss:0.65 -- Error1:19.77
Train_Loss = 0.6988679089355468, Train_Err = 21.072
Val_Loss = 1.717540541267395, Val_Err = 43.33
Epoch: [47 | 200]
Phase:train -- Batch_idx:100/391 -- 248.84 samples/sec-- Loss:0.53 -- Error1:16.12
Phase:train -- Batch_idx:200/391 -- 249.35 samples/sec-- Loss:0.59 -- Error1:17.98
Phase:train -- Batch_idx:300/391 -- 249.52 samples/sec-- Loss:0.65 -- Error1:19.57
Train_Loss = 0.6905940281295776, Train_Err = 20.782
Val_Loss = 1.7472603746414184, Val_Err = 45.07
Epoch: [48 | 200]
Phase:train -- Batch_idx:100/391 -- 248.79 samples/sec-- Loss:0.53 -- Error1:15.95
Phase:train -- Batch_idx:200/391 -- 249.32 samples/sec-- Loss:0.59 -- Error1:17.92
Phase:train -- Batch_idx:300/391 -- 249.49 samples/sec-- Loss:0.65 -- Error1:19.58
Train_Loss = 0.6932843120956421, Train_Err = 20.932
Val_Loss = 1.8934014835357666, Val_Err = 46.5
Epoch: [49 | 200]
Phase:train -- Batch_idx:100/391 -- 248.65 samples/sec-- Loss:0.55 -- Error1:16.58
Phase:train -- Batch_idx:200/391 -- 249.25 samples/sec-- Loss:0.60 -- Error1:18.01
Phase:train -- Batch_idx:300/391 -- 249.45 samples/sec-- Loss:0.65 -- Error1:19.53
Train_Loss = 0.6841146113204956, Train_Err = 20.556
Val_Loss = 1.7465601053237916, Val_Err = 45.05
Epoch: [50 | 200]
Phase:train -- Batch_idx:100/391 -- 248.75 samples/sec-- Loss:0.52 -- Error1:15.91
Phase:train -- Batch_idx:200/391 -- 249.28 samples/sec-- Loss:0.58 -- Error1:17.54
Phase:train -- Batch_idx:300/391 -- 249.45 samples/sec-- Loss:0.64 -- Error1:19.51
Train_Loss = 0.6794879585456848, Train_Err = 20.57
Val_Loss = 1.79852928276062, Val_Err = 45.45
Epoch: [51 | 200]
Phase:train -- Batch_idx:100/391 -- 248.71 samples/sec-- Loss:0.52 -- Error1:15.73
Phase:train -- Batch_idx:200/391 -- 249.31 samples/sec-- Loss:0.59 -- Error1:17.67
Phase:train -- Batch_idx:300/391 -- 249.49 samples/sec-- Loss:0.64 -- Error1:19.12
Train_Loss = 0.675089308013916, Train_Err = 20.324
Val_Loss = 1.6989541896820068, Val_Err = 44.05
Epoch: [52 | 200]
Phase:train -- Batch_idx:100/391 -- 248.71 samples/sec-- Loss:0.54 -- Error1:16.06
Phase:train -- Batch_idx:200/391 -- 249.28 samples/sec-- Loss:0.58 -- Error1:17.41
Phase:train -- Batch_idx:300/391 -- 249.46 samples/sec-- Loss:0.63 -- Error1:19.07
Train_Loss = 0.6695553783226014, Train_Err = 20.288
Val_Loss = 1.766029518890381, Val_Err = 44.1
Epoch: [53 | 200]
Phase:train -- Batch_idx:100/391 -- 248.68 samples/sec-- Loss:0.53 -- Error1:16.02
Phase:train -- Batch_idx:200/391 -- 249.29 samples/sec-- Loss:0.58 -- Error1:17.74
Phase:train -- Batch_idx:300/391 -- 249.49 samples/sec-- Loss:0.64 -- Error1:19.55
Train_Loss = 0.6791533005905152, Train_Err = 20.544
Val_Loss = 1.7937457057952881, Val_Err = 45.49
Epoch: [54 | 200]
Phase:train -- Batch_idx:100/391 -- 248.74 samples/sec-- Loss:0.52 -- Error1:15.29
Phase:train -- Batch_idx:200/391 -- 249.28 samples/sec-- Loss:0.58 -- Error1:17.11
Phase:train -- Batch_idx:300/391 -- 249.46 samples/sec-- Loss:0.63 -- Error1:18.70
Train_Loss = 0.6669449796676635, Train_Err = 19.91
Val_Loss = 1.8241744642257691, Val_Err = 45.65
Epoch: [55 | 200]
Phase:train -- Batch_idx:100/391 -- 248.65 samples/sec-- Loss:0.54 -- Error1:15.84
Phase:train -- Batch_idx:200/391 -- 249.23 samples/sec-- Loss:0.58 -- Error1:17.36
Phase:train -- Batch_idx:300/391 -- 249.44 samples/sec-- Loss:0.62 -- Error1:18.72
Train_Loss = 0.660560915184021, Train_Err = 19.866
Val_Loss = 1.8275280550003052, Val_Err = 44.81
Epoch: [56 | 200]
Phase:train -- Batch_idx:100/391 -- 248.71 samples/sec-- Loss:0.52 -- Error1:15.30
Phase:train -- Batch_idx:200/391 -- 249.32 samples/sec-- Loss:0.56 -- Error1:16.73
Phase:train -- Batch_idx:300/391 -- 249.51 samples/sec-- Loss:0.61 -- Error1:18.34
Train_Loss = 0.6654108197975158, Train_Err = 19.968
Val_Loss = 1.7589986213684081, Val_Err = 44.83
Epoch: [57 | 200]
Phase:train -- Batch_idx:100/391 -- 248.77 samples/sec-- Loss:0.54 -- Error1:16.03
Phase:train -- Batch_idx:200/391 -- 249.31 samples/sec-- Loss:0.57 -- Error1:17.04
Phase:train -- Batch_idx:300/391 -- 249.50 samples/sec-- Loss:0.63 -- Error1:18.88
Train_Loss = 0.6637820199966431, Train_Err = 20.056
Val_Loss = 1.805326037788391, Val_Err = 45.7
Epoch: [58 | 200]
Phase:train -- Batch_idx:100/391 -- 248.70 samples/sec-- Loss:0.52 -- Error1:15.33
Phase:train -- Batch_idx:200/391 -- 249.28 samples/sec-- Loss:0.56 -- Error1:16.92
Phase:train -- Batch_idx:300/391 -- 249.45 samples/sec-- Loss:0.62 -- Error1:18.43
Train_Loss = 0.6594987195205688, Train_Err = 19.766
Val_Loss = 1.7146735866546632, Val_Err = 43.89
Epoch: [59 | 200]
Phase:train -- Batch_idx:100/391 -- 248.79 samples/sec-- Loss:0.51 -- Error1:15.13
Phase:train -- Batch_idx:200/391 -- 249.33 samples/sec-- Loss:0.56 -- Error1:16.83
Phase:train -- Batch_idx:300/391 -- 249.50 samples/sec-- Loss:0.62 -- Error1:18.54
Train_Loss = 0.6570386008834839, Train_Err = 19.712
Val_Loss = 1.6213358123779298, Val_Err = 43.02
Epoch: [60 | 200]
Phase:train -- Batch_idx:100/391 -- 248.92 samples/sec-- Loss:0.50 -- Error1:15.11
Phase:train -- Batch_idx:200/391 -- 249.43 samples/sec-- Loss:0.55 -- Error1:16.75
Phase:train -- Batch_idx:300/391 -- 249.58 samples/sec-- Loss:0.62 -- Error1:18.64
Train_Loss = 0.6562742595863342, Train_Err = 19.74
Val_Loss = 1.882830499649048, Val_Err = 46.5
Epoch: [61 | 200]
Phase:train -- Batch_idx:100/391 -- 248.71 samples/sec-- Loss:0.53 -- Error1:15.48
Phase:train -- Batch_idx:200/391 -- 249.28 samples/sec-- Loss:0.56 -- Error1:16.53
Phase:train -- Batch_idx:300/391 -- 249.49 samples/sec-- Loss:0.62 -- Error1:18.54
Train_Loss = 0.6577411066818237, Train_Err = 19.58
Val_Loss = 1.7834387037277222, Val_Err = 45.29
Epoch: [62 | 200]
Phase:train -- Batch_idx:100/391 -- 248.71 samples/sec-- Loss:0.51 -- Error1:14.79
Phase:train -- Batch_idx:200/391 -- 249.29 samples/sec-- Loss:0.55 -- Error1:16.39
Phase:train -- Batch_idx:300/391 -- 249.51 samples/sec-- Loss:0.60 -- Error1:17.80
Train_Loss = 0.6460515506362915, Train_Err = 19.136
Val_Loss = 1.8074334873199462, Val_Err = 45.37
Epoch: [63 | 200]
Phase:train -- Batch_idx:100/391 -- 248.72 samples/sec-- Loss:0.51 -- Error1:15.55
Phase:train -- Batch_idx:200/391 -- 249.31 samples/sec-- Loss:0.56 -- Error1:17.05
Phase:train -- Batch_idx:300/391 -- 249.50 samples/sec-- Loss:0.63 -- Error1:18.94
Train_Loss = 0.6640677233695984, Train_Err = 19.952
Val_Loss = 1.6699340547561645, Val_Err = 42.65
Epoch: [64 | 200]
Phase:train -- Batch_idx:100/391 -- 248.72 samples/sec-- Loss:0.50 -- Error1:15.20
Phase:train -- Batch_idx:200/391 -- 249.31 samples/sec-- Loss:0.56 -- Error1:16.86
Phase:train -- Batch_idx:300/391 -- 249.52 samples/sec-- Loss:0.61 -- Error1:18.50
Train_Loss = 0.6474776879501343, Train_Err = 19.53
Val_Loss = 1.7550524759292603, Val_Err = 45.2
Epoch: [65 | 200]
Phase:train -- Batch_idx:100/391 -- 248.74 samples/sec-- Loss:0.51 -- Error1:15.52
Phase:train -- Batch_idx:200/391 -- 249.34 samples/sec-- Loss:0.56 -- Error1:16.65
Phase:train -- Batch_idx:300/391 -- 249.53 samples/sec-- Loss:0.62 -- Error1:18.49
Train_Loss = 0.6522487439918518, Train_Err = 19.524
Val_Loss = 1.740286574935913, Val_Err = 44.02
Epoch: [66 | 200]
Phase:train -- Batch_idx:100/391 -- 248.83 samples/sec-- Loss:0.49 -- Error1:14.98
Phase:train -- Batch_idx:200/391 -- 249.39 samples/sec-- Loss:0.54 -- Error1:16.51
Phase:train -- Batch_idx:300/391 -- 249.56 samples/sec-- Loss:0.60 -- Error1:18.14
Train_Loss = 0.6417684308624267, Train_Err = 19.31
Val_Loss = 1.8313159112930297, Val_Err = 45.44
Epoch: [67 | 200]
Phase:train -- Batch_idx:100/391 -- 248.76 samples/sec-- Loss:0.49 -- Error1:14.70
Phase:train -- Batch_idx:200/391 -- 249.34 samples/sec-- Loss:0.55 -- Error1:16.49
Phase:train -- Batch_idx:300/391 -- 249.52 samples/sec-- Loss:0.62 -- Error1:18.41
Train_Loss = 0.6487721646690369, Train_Err = 19.378
Val_Loss = 1.6306467014312744, Val_Err = 42.45
Epoch: [68 | 200]
Phase:train -- Batch_idx:100/391 -- 248.82 samples/sec-- Loss:0.47 -- Error1:13.84
Phase:train -- Batch_idx:200/391 -- 249.36 samples/sec-- Loss:0.53 -- Error1:15.83
Phase:train -- Batch_idx:300/391 -- 249.55 samples/sec-- Loss:0.60 -- Error1:17.80
Train_Loss = 0.6412422980690002, Train_Err = 19.102
Val_Loss = 1.7303760328292848, Val_Err = 44.45
Epoch: [69 | 200]
Phase:train -- Batch_idx:100/391 -- 248.82 samples/sec-- Loss:0.51 -- Error1:15.06
Phase:train -- Batch_idx:200/391 -- 249.39 samples/sec-- Loss:0.55 -- Error1:16.41
Phase:train -- Batch_idx:300/391 -- 249.55 samples/sec-- Loss:0.60 -- Error1:17.95
Train_Loss = 0.6377455959701538, Train_Err = 19.254
Val_Loss = 1.7503134185791016, Val_Err = 43.61
Epoch: [70 | 200]
Phase:train -- Batch_idx:100/391 -- 248.79 samples/sec-- Loss:0.53 -- Error1:15.84
Phase:train -- Batch_idx:200/391 -- 249.38 samples/sec-- Loss:0.57 -- Error1:17.15
Phase:train -- Batch_idx:300/391 -- 249.56 samples/sec-- Loss:0.63 -- Error1:18.92
Train_Loss = 0.6566474872589111, Train_Err = 19.766
Val_Loss = 1.7130959142684936, Val_Err = 44.12
Epoch: [71 | 200]
Phase:train -- Batch_idx:100/391 -- 248.82 samples/sec-- Loss:0.52 -- Error1:15.42
Phase:train -- Batch_idx:200/391 -- 249.41 samples/sec-- Loss:0.54 -- Error1:16.14
Phase:train -- Batch_idx:300/391 -- 249.61 samples/sec-- Loss:0.59 -- Error1:17.61
Train_Loss = 0.632705609703064, Train_Err = 18.998
Val_Loss = 1.737229817390442, Val_Err = 44.4
Epoch: [72 | 200]
Phase:train -- Batch_idx:100/391 -- 248.83 samples/sec-- Loss:0.48 -- Error1:14.33
Phase:train -- Batch_idx:200/391 -- 249.40 samples/sec-- Loss:0.54 -- Error1:16.28
Phase:train -- Batch_idx:300/391 -- 249.60 samples/sec-- Loss:0.60 -- Error1:18.01
Train_Loss = 0.6445093029403687, Train_Err = 19.342
Val_Loss = 1.773843847846985, Val_Err = 44.28
Epoch: [73 | 200]
Phase:train -- Batch_idx:100/391 -- 248.82 samples/sec-- Loss:0.49 -- Error1:14.56
Phase:train -- Batch_idx:200/391 -- 249.39 samples/sec-- Loss:0.54 -- Error1:16.00
Phase:train -- Batch_idx:300/391 -- 249.57 samples/sec-- Loss:0.59 -- Error1:17.67
Train_Loss = 0.6367499752044677, Train_Err = 18.982
Val_Loss = 1.7240707857131958, Val_Err = 44.22
Epoch: [74 | 200]
Phase:train -- Batch_idx:100/391 -- 248.85 samples/sec-- Loss:0.50 -- Error1:14.90
Phase:train -- Batch_idx:200/391 -- 249.40 samples/sec-- Loss:0.52 -- Error1:15.46
Phase:train -- Batch_idx:300/391 -- 249.57 samples/sec-- Loss:0.59 -- Error1:17.36
Train_Loss = 0.6293685887336731, Train_Err = 18.654
Val_Loss = 1.866899026107788, Val_Err = 46.33
Epoch: [75 | 200]
Phase:train -- Batch_idx:100/391 -- 248.83 samples/sec-- Loss:0.50 -- Error1:14.87
Phase:train -- Batch_idx:200/391 -- 249.42 samples/sec-- Loss:0.55 -- Error1:16.50
Phase:train -- Batch_idx:300/391 -- 249.60 samples/sec-- Loss:0.61 -- Error1:18.07
Train_Loss = 0.640407538356781, Train_Err = 19.154
Val_Loss = 1.7148655420303345, Val_Err = 43.15
Epoch: [76 | 200]
Phase:train -- Batch_idx:100/391 -- 248.85 samples/sec-- Loss:0.50 -- Error1:14.56
Phase:train -- Batch_idx:200/391 -- 249.40 samples/sec-- Loss:0.55 -- Error1:16.51
Phase:train -- Batch_idx:300/391 -- 249.61 samples/sec-- Loss:0.61 -- Error1:18.35
Train_Loss = 0.6429731364631652, Train_Err = 19.264
Val_Loss = 1.770082697200775, Val_Err = 44.58
Epoch: [77 | 200]
Phase:train -- Batch_idx:100/391 -- 248.85 samples/sec-- Loss:0.48 -- Error1:14.05
Phase:train -- Batch_idx:200/391 -- 249.40 samples/sec-- Loss:0.53 -- Error1:15.57
Phase:train -- Batch_idx:300/391 -- 249.59 samples/sec-- Loss:0.58 -- Error1:17.07
Train_Loss = 0.6241866768264771, Train_Err = 18.596
Val_Loss = 1.7795988203048707, Val_Err = 45.23
Epoch: [78 | 200]
Phase:train -- Batch_idx:100/391 -- 248.81 samples/sec-- Loss:0.49 -- Error1:14.25
Phase:train -- Batch_idx:200/391 -- 249.38 samples/sec-- Loss:0.53 -- Error1:15.65
Phase:train -- Batch_idx:300/391 -- 249.55 samples/sec-- Loss:0.58 -- Error1:17.35
Train_Loss = 0.6306548298454284, Train_Err = 18.878
Val_Loss = 1.7897107343673706, Val_Err = 44.43
Epoch: [79 | 200]
Phase:train -- Batch_idx:100/391 -- 248.93 samples/sec-- Loss:0.50 -- Error1:14.30
Phase:train -- Batch_idx:200/391 -- 249.44 samples/sec-- Loss:0.52 -- Error1:15.40
Phase:train -- Batch_idx:300/391 -- 249.61 samples/sec-- Loss:0.58 -- Error1:17.17
Train_Loss = 0.6307108329010009, Train_Err = 18.79
Val_Loss = 1.6832944751739503, Val_Err = 43.39
Epoch: [80 | 200]
Phase:train -- Batch_idx:100/391 -- 248.93 samples/sec-- Loss:0.49 -- Error1:14.73
Phase:train -- Batch_idx:200/391 -- 249.44 samples/sec-- Loss:0.52 -- Error1:15.47
Phase:train -- Batch_idx:300/391 -- 249.61 samples/sec-- Loss:0.59 -- Error1:17.39
Train_Loss = 0.6276312042999268, Train_Err = 18.622
Val_Loss = 1.808279927444458, Val_Err = 44.62
Epoch: [81 | 200]
Phase:train -- Batch_idx:100/391 -- 248.87 samples/sec-- Loss:0.47 -- Error1:14.05
Phase:train -- Batch_idx:200/391 -- 249.41 samples/sec-- Loss:0.53 -- Error1:15.80
Phase:train -- Batch_idx:300/391 -- 249.60 samples/sec-- Loss:0.59 -- Error1:17.47
Train_Loss = 0.6254396378135682, Train_Err = 18.69
Val_Loss = 1.7436427032470703, Val_Err = 44.94
Epoch: [82 | 200]
Phase:train -- Batch_idx:100/391 -- 248.86 samples/sec-- Loss:0.50 -- Error1:14.77
Phase:train -- Batch_idx:200/391 -- 249.42 samples/sec-- Loss:0.54 -- Error1:16.20
Phase:train -- Batch_idx:300/391 -- 249.62 samples/sec-- Loss:0.60 -- Error1:17.84
Train_Loss = 0.6358542298698425, Train_Err = 19.062
Val_Loss = 1.7938584566116333, Val_Err = 45.67
Epoch: [83 | 200]
Phase:train -- Batch_idx:100/391 -- 248.87 samples/sec-- Loss:0.48 -- Error1:14.41
Phase:train -- Batch_idx:200/391 -- 249.42 samples/sec-- Loss:0.53 -- Error1:16.01
Phase:train -- Batch_idx:300/391 -- 249.61 samples/sec-- Loss:0.58 -- Error1:17.47
Train_Loss = 0.6244202729415893, Train_Err = 18.586
Val_Loss = 1.710495383644104, Val_Err = 44.0
Epoch: [84 | 200]
Phase:train -- Batch_idx:100/391 -- 248.85 samples/sec-- Loss:0.47 -- Error1:13.91
Phase:train -- Batch_idx:200/391 -- 249.41 samples/sec-- Loss:0.51 -- Error1:15.41
Phase:train -- Batch_idx:300/391 -- 249.58 samples/sec-- Loss:0.57 -- Error1:17.05
Train_Loss = 0.6214671569633484, Train_Err = 18.548
Val_Loss = 1.7603069841384889, Val_Err = 44.66
Epoch: [85 | 200]
Phase:train -- Batch_idx:100/391 -- 248.78 samples/sec-- Loss:0.49 -- Error1:14.59
Phase:train -- Batch_idx:200/391 -- 249.37 samples/sec-- Loss:0.53 -- Error1:15.91
Phase:train -- Batch_idx:300/391 -- 249.58 samples/sec-- Loss:0.58 -- Error1:17.58
Train_Loss = 0.6334022992515564, Train_Err = 18.984
Val_Loss = 1.6743888305664063, Val_Err = 42.72
Epoch: [86 | 200]
Phase:train -- Batch_idx:100/391 -- 248.81 samples/sec-- Loss:0.47 -- Error1:14.05
Phase:train -- Batch_idx:200/391 -- 249.40 samples/sec-- Loss:0.53 -- Error1:15.66
Phase:train -- Batch_idx:300/391 -- 249.59 samples/sec-- Loss:0.59 -- Error1:17.51
Train_Loss = 0.6346817110824585, Train_Err = 18.932
Val_Loss = 1.7651363658905028, Val_Err = 44.59
Epoch: [87 | 200]
Phase:train -- Batch_idx:100/391 -- 247.72 samples/sec-- Loss:0.50 -- Error1:14.84
Phase:train -- Batch_idx:200/391 -- 248.39 samples/sec-- Loss:0.53 -- Error1:15.73
Phase:train -- Batch_idx:300/391 -- 248.60 samples/sec-- Loss:0.59 -- Error1:17.56
Train_Loss = 0.6249761878013611, Train_Err = 18.576
Val_Loss = 1.7446451581954956, Val_Err = 42.84
Epoch: [88 | 200]
Phase:train -- Batch_idx:100/391 -- 248.80 samples/sec-- Loss:0.46 -- Error1:13.66
Phase:train -- Batch_idx:200/391 -- 249.39 samples/sec-- Loss:0.51 -- Error1:15.23
Phase:train -- Batch_idx:300/391 -- 249.58 samples/sec-- Loss:0.58 -- Error1:17.20
Train_Loss = 0.6262540810394287, Train_Err = 18.55
Val_Loss = 1.7646091232299805, Val_Err = 43.91
Epoch: [89 | 200]
Phase:train -- Batch_idx:100/391 -- 248.89 samples/sec-- Loss:0.48 -- Error1:14.34
Phase:train -- Batch_idx:200/391 -- 249.44 samples/sec-- Loss:0.52 -- Error1:15.56
Phase:train -- Batch_idx:300/391 -- 249.60 samples/sec-- Loss:0.59 -- Error1:17.46
Train_Loss = 0.6308838663101196, Train_Err = 18.816
Val_Loss = 1.7145650449752807, Val_Err = 43.31
Epoch: [90 | 200]
Phase:train -- Batch_idx:100/391 -- 248.78 samples/sec-- Loss:0.47 -- Error1:13.90
Phase:train -- Batch_idx:200/391 -- 249.36 samples/sec-- Loss:0.52 -- Error1:15.46
Phase:train -- Batch_idx:300/391 -- 249.56 samples/sec-- Loss:0.58 -- Error1:17.11
Train_Loss = 0.6134542427635193, Train_Err = 18.234
Val_Loss = 1.793141717529297, Val_Err = 45.17
Epoch: [91 | 200]
Phase:train -- Batch_idx:100/391 -- 248.94 samples/sec-- Loss:0.49 -- Error1:14.54
Phase:train -- Batch_idx:200/391 -- 249.47 samples/sec-- Loss:0.53 -- Error1:15.42
Phase:train -- Batch_idx:300/391 -- 249.64 samples/sec-- Loss:0.57 -- Error1:16.92
Train_Loss = 0.6133945882797242, Train_Err = 18.202
Val_Loss = 1.711026762008667, Val_Err = 43.23
Epoch: [92 | 200]
Phase:train -- Batch_idx:100/391 -- 248.81 samples/sec-- Loss:0.47 -- Error1:13.92
Phase:train -- Batch_idx:200/391 -- 249.38 samples/sec-- Loss:0.51 -- Error1:15.18
Phase:train -- Batch_idx:300/391 -- 249.56 samples/sec-- Loss:0.58 -- Error1:17.32
Train_Loss = 0.6201836276054382, Train_Err = 18.43
Val_Loss = 1.8124566972732543, Val_Err = 44.94
Epoch: [93 | 200]
Phase:train -- Batch_idx:100/391 -- 248.19 samples/sec-- Loss:0.47 -- Error1:14.01
Phase:train -- Batch_idx:200/391 -- 248.48 samples/sec-- Loss:0.51 -- Error1:15.40
Phase:train -- Batch_idx:300/391 -- 248.62 samples/sec-- Loss:0.58 -- Error1:17.44
Train_Loss = 0.6194619327926636, Train_Err = 18.69
Val_Loss = 1.8383609115600585, Val_Err = 45.31
Epoch: [94 | 200]
Phase:train -- Batch_idx:100/391 -- 247.70 samples/sec-- Loss:0.48 -- Error1:14.07
Phase:train -- Batch_idx:200/391 -- 248.26 samples/sec-- Loss:0.53 -- Error1:15.54
Phase:train -- Batch_idx:300/391 -- 248.44 samples/sec-- Loss:0.58 -- Error1:17.11
Train_Loss = 0.6250417065620423, Train_Err = 18.56
Val_Loss = 1.7449063669204712, Val_Err = 43.67
Epoch: [95 | 200]
Phase:train -- Batch_idx:100/391 -- 247.69 samples/sec-- Loss:0.47 -- Error1:14.12
Phase:train -- Batch_idx:200/391 -- 248.25 samples/sec-- Loss:0.52 -- Error1:15.43
Phase:train -- Batch_idx:300/391 -- 248.44 samples/sec-- Loss:0.57 -- Error1:16.77
Train_Loss = 0.6138746949005127, Train_Err = 18.128
Val_Loss = 1.7867940896987915, Val_Err = 44.61
Epoch: [96 | 200]
Phase:train -- Batch_idx:100/391 -- 247.69 samples/sec-- Loss:0.48 -- Error1:14.03
Phase:train -- Batch_idx:200/391 -- 248.26 samples/sec-- Loss:0.51 -- Error1:15.19
Phase:train -- Batch_idx:300/391 -- 248.45 samples/sec-- Loss:0.57 -- Error1:16.80
Train_Loss = 0.6176019471931458, Train_Err = 18.364
Val_Loss = 1.6570919605255128, Val_Err = 42.52
Epoch: [97 | 200]
Phase:train -- Batch_idx:100/391 -- 246.78 samples/sec-- Loss:0.48 -- Error1:14.30
Phase:train -- Batch_idx:200/391 -- 247.31 samples/sec-- Loss:0.51 -- Error1:15.02
Phase:train -- Batch_idx:300/391 -- 247.49 samples/sec-- Loss:0.56 -- Error1:16.67
Train_Loss = 0.6101006063079834, Train_Err = 18.048
Val_Loss = 1.8223361080169678, Val_Err = 45.51
Epoch: [98 | 200]
Phase:train -- Batch_idx:100/391 -- 247.65 samples/sec-- Loss:0.47 -- Error1:14.15
Phase:train -- Batch_idx:200/391 -- 248.24 samples/sec-- Loss:0.53 -- Error1:15.74
Phase:train -- Batch_idx:300/391 -- 248.44 samples/sec-- Loss:0.58 -- Error1:17.23
Train_Loss = 0.6142677683258057, Train_Err = 18.366
Val_Loss = 1.8109043983459472, Val_Err = 44.9
Epoch: [99 | 200]
Phase:train -- Batch_idx:100/391 -- 247.86 samples/sec-- Loss:0.45 -- Error1:13.09
Phase:train -- Batch_idx:200/391 -- 248.37 samples/sec-- Loss:0.49 -- Error1:14.21
Phase:train -- Batch_idx:300/391 -- 248.55 samples/sec-- Loss:0.55 -- Error1:15.96
Train_Loss = 0.5941824514389038, Train_Err = 17.45
Val_Loss = 1.845542644882202, Val_Err = 45.28
Epoch: [100 | 200]
Phase:train -- Batch_idx:100/391 -- 247.82 samples/sec-- Loss:0.32 -- Error1:8.87
Phase:train -- Batch_idx:200/391 -- 248.37 samples/sec-- Loss:0.26 -- Error1:7.01
Phase:train -- Batch_idx:300/391 -- 248.59 samples/sec-- Loss:0.22 -- Error1:5.99
Train_Loss = 0.20252584792613984, Train_Err = 5.434
Val_Loss = 1.2238382184028624, Val_Err = 32.63
Epoch: [101 | 200]
Phase:train -- Batch_idx:100/391 -- 247.57 samples/sec-- Loss:0.07 -- Error1:1.45
Phase:train -- Batch_idx:200/391 -- 248.24 samples/sec-- Loss:0.07 -- Error1:1.40
Phase:train -- Batch_idx:300/391 -- 248.45 samples/sec-- Loss:0.07 -- Error1:1.42
Train_Loss = 0.06875389491915702, Train_Err = 1.428
Val_Loss = 1.225816306591034, Val_Err = 32.5
Epoch: [102 | 200]
Phase:train -- Batch_idx:100/391 -- 247.65 samples/sec-- Loss:0.05 -- Error1:0.75
Phase:train -- Batch_idx:200/391 -- 248.29 samples/sec-- Loss:0.05 -- Error1:0.72
Phase:train -- Batch_idx:300/391 -- 248.50 samples/sec-- Loss:0.05 -- Error1:0.74
Train_Loss = 0.045603849575519564, Train_Err = 0.772
Val_Loss = 1.2270112247467042, Val_Err = 32.42
Epoch: [103 | 200]
Phase:train -- Batch_idx:100/391 -- 247.76 samples/sec-- Loss:0.03 -- Error1:0.52
Phase:train -- Batch_idx:200/391 -- 248.30 samples/sec-- Loss:0.03 -- Error1:0.51
Phase:train -- Batch_idx:300/391 -- 248.47 samples/sec-- Loss:0.04 -- Error1:0.54
Train_Loss = 0.036573728590011595, Train_Err = 0.556
Val_Loss = 1.2352707582473754, Val_Err = 32.25
Epoch: [104 | 200]
Phase:train -- Batch_idx:100/391 -- 246.71 samples/sec-- Loss:0.03 -- Error1:0.41
Phase:train -- Batch_idx:200/391 -- 247.35 samples/sec-- Loss:0.03 -- Error1:0.42
Phase:train -- Batch_idx:300/391 -- 247.57 samples/sec-- Loss:0.03 -- Error1:0.43
Train_Loss = 0.030373059327602387, Train_Err = 0.448
Val_Loss = 1.2289198890686035, Val_Err = 32.23
Epoch: [105 | 200]
Phase:train -- Batch_idx:100/391 -- 247.88 samples/sec-- Loss:0.03 -- Error1:0.30
Phase:train -- Batch_idx:200/391 -- 248.44 samples/sec-- Loss:0.03 -- Error1:0.37
Phase:train -- Batch_idx:300/391 -- 248.62 samples/sec-- Loss:0.03 -- Error1:0.36
Train_Loss = 0.02644605123758316, Train_Err = 0.358
Val_Loss = 1.2241649677276611, Val_Err = 32.06
Epoch: [106 | 200]
Phase:train -- Batch_idx:100/391 -- 247.84 samples/sec-- Loss:0.02 -- Error1:0.25
Phase:train -- Batch_idx:200/391 -- 248.45 samples/sec-- Loss:0.02 -- Error1:0.29
Phase:train -- Batch_idx:300/391 -- 248.63 samples/sec-- Loss:0.02 -- Error1:0.30
Train_Loss = 0.024340535687208176, Train_Err = 0.304
Val_Loss = 1.2321147466659546, Val_Err = 32.37
Epoch: [107 | 200]
Phase:train -- Batch_idx:100/391 -- 247.77 samples/sec-- Loss:0.02 -- Error1:0.38
Phase:train -- Batch_idx:200/391 -- 248.30 samples/sec-- Loss:0.02 -- Error1:0.32
Phase:train -- Batch_idx:300/391 -- 248.48 samples/sec-- Loss:0.02 -- Error1:0.30
Train_Loss = 0.02221878693819046, Train_Err = 0.304
Val_Loss = 1.2243311515808106, Val_Err = 31.99
Epoch: [108 | 200]
Phase:train -- Batch_idx:100/391 -- 247.54 samples/sec-- Loss:0.02 -- Error1:0.22
Phase:train -- Batch_idx:200/391 -- 248.20 samples/sec-- Loss:0.02 -- Error1:0.22
Phase:train -- Batch_idx:300/391 -- 248.42 samples/sec-- Loss:0.02 -- Error1:0.26
Train_Loss = 0.020496665847301483, Train_Err = 0.246
Val_Loss = 1.217955549144745, Val_Err = 32.03
Epoch: [109 | 200]
Phase:train -- Batch_idx:100/391 -- 247.72 samples/sec-- Loss:0.02 -- Error1:0.26
Phase:train -- Batch_idx:200/391 -- 248.27 samples/sec-- Loss:0.02 -- Error1:0.25
Phase:train -- Batch_idx:300/391 -- 248.49 samples/sec-- Loss:0.02 -- Error1:0.26
Train_Loss = 0.020137525306940077, Train_Err = 0.266
Val_Loss = 1.2168870504379272, Val_Err = 32.06
Epoch: [110 | 200]
Phase:train -- Batch_idx:100/391 -- 247.86 samples/sec-- Loss:0.02 -- Error1:0.24
Phase:train -- Batch_idx:200/391 -- 248.42 samples/sec-- Loss:0.02 -- Error1:0.21
Phase:train -- Batch_idx:300/391 -- 248.62 samples/sec-- Loss:0.02 -- Error1:0.20
Train_Loss = 0.019401746525764464, Train_Err = 0.216
Val_Loss = 1.2144141870498657, Val_Err = 31.94
Epoch: [111 | 200]
Phase:train -- Batch_idx:100/391 -- 247.74 samples/sec-- Loss:0.02 -- Error1:0.23
Phase:train -- Batch_idx:200/391 -- 248.37 samples/sec-- Loss:0.02 -- Error1:0.19
Phase:train -- Batch_idx:300/391 -- 248.57 samples/sec-- Loss:0.02 -- Error1:0.22
Train_Loss = 0.018664833285212516, Train_Err = 0.226
Val_Loss = 1.2182890288352966, Val_Err = 32.14
Epoch: [112 | 200]
Phase:train -- Batch_idx:100/391 -- 247.93 samples/sec-- Loss:0.02 -- Error1:0.13
Phase:train -- Batch_idx:200/391 -- 248.48 samples/sec-- Loss:0.02 -- Error1:0.16
Phase:train -- Batch_idx:300/391 -- 248.64 samples/sec-- Loss:0.02 -- Error1:0.19
Train_Loss = 0.018284532942175864, Train_Err = 0.196
Val_Loss = 1.2135285223007202, Val_Err = 32.08
Epoch: [113 | 200]
Phase:train -- Batch_idx:100/391 -- 247.85 samples/sec-- Loss:0.02 -- Error1:0.24
Phase:train -- Batch_idx:200/391 -- 248.42 samples/sec-- Loss:0.02 -- Error1:0.22
Phase:train -- Batch_idx:300/391 -- 248.61 samples/sec-- Loss:0.02 -- Error1:0.21
Train_Loss = 0.01817875461220741, Train_Err = 0.208
Val_Loss = 1.2114268699645996, Val_Err = 31.9
Epoch: [114 | 200]
Phase:train -- Batch_idx:100/391 -- 247.77 samples/sec-- Loss:0.02 -- Error1:0.20
Phase:train -- Batch_idx:200/391 -- 248.37 samples/sec-- Loss:0.02 -- Error1:0.16
Phase:train -- Batch_idx:300/391 -- 248.59 samples/sec-- Loss:0.02 -- Error1:0.18
Train_Loss = 0.017294829065799714, Train_Err = 0.19
Val_Loss = 1.2154527389526366, Val_Err = 31.7
Epoch: [115 | 200]
Phase:train -- Batch_idx:100/391 -- 247.85 samples/sec-- Loss:0.02 -- Error1:0.17
Phase:train -- Batch_idx:200/391 -- 248.44 samples/sec-- Loss:0.02 -- Error1:0.18
Phase:train -- Batch_idx:300/391 -- 248.64 samples/sec-- Loss:0.02 -- Error1:0.16
Train_Loss = 0.017576767953634262, Train_Err = 0.16
Val_Loss = 1.210225114440918, Val_Err = 32.1
Epoch: [116 | 200]
Phase:train -- Batch_idx:100/391 -- 247.95 samples/sec-- Loss:0.02 -- Error1:0.16
Phase:train -- Batch_idx:200/391 -- 248.50 samples/sec-- Loss:0.02 -- Error1:0.16
Phase:train -- Batch_idx:300/391 -- 248.67 samples/sec-- Loss:0.02 -- Error1:0.17
Train_Loss = 0.017029688982963562, Train_Err = 0.182
Val_Loss = 1.2073525230407716, Val_Err = 31.79
Epoch: [117 | 200]
Phase:train -- Batch_idx:100/391 -- 247.90 samples/sec-- Loss:0.02 -- Error1:0.16
Phase:train -- Batch_idx:200/391 -- 248.46 samples/sec-- Loss:0.02 -- Error1:0.14
Phase:train -- Batch_idx:300/391 -- 248.66 samples/sec-- Loss:0.02 -- Error1:0.18
Train_Loss = 0.017251483389139174, Train_Err = 0.194
Val_Loss = 1.2133729592323304, Val_Err = 31.78
Epoch: [118 | 200]
Phase:train -- Batch_idx:100/391 -- 247.92 samples/sec-- Loss:0.02 -- Error1:0.16
Phase:train -- Batch_idx:200/391 -- 248.49 samples/sec-- Loss:0.02 -- Error1:0.18
Phase:train -- Batch_idx:300/391 -- 248.68 samples/sec-- Loss:0.02 -- Error1:0.20
Train_Loss = 0.017026242748498916, Train_Err = 0.198
Val_Loss = 1.2068780537605286, Val_Err = 31.49
Epoch: [119 | 200]
Phase:train -- Batch_idx:100/391 -- 247.90 samples/sec-- Loss:0.02 -- Error1:0.12
Phase:train -- Batch_idx:200/391 -- 248.49 samples/sec-- Loss:0.02 -- Error1:0.16
Phase:train -- Batch_idx:300/391 -- 248.65 samples/sec-- Loss:0.02 -- Error1:0.17
Train_Loss = 0.017280281423330306, Train_Err = 0.194
Val_Loss = 1.2164241842269898, Val_Err = 31.83
Epoch: [120 | 200]
Phase:train -- Batch_idx:100/391 -- 247.89 samples/sec-- Loss:0.02 -- Error1:0.14
Phase:train -- Batch_idx:200/391 -- 248.47 samples/sec-- Loss:0.02 -- Error1:0.16
Phase:train -- Batch_idx:300/391 -- 248.64 samples/sec-- Loss:0.02 -- Error1:0.14
Train_Loss = 0.016037215664982795, Train_Err = 0.16
Val_Loss = 1.2055020919799804, Val_Err = 31.66
Epoch: [121 | 200]
Phase:train -- Batch_idx:100/391 -- 247.91 samples/sec-- Loss:0.01 -- Error1:0.15
Phase:train -- Batch_idx:200/391 -- 248.45 samples/sec-- Loss:0.01 -- Error1:0.16
Phase:train -- Batch_idx:300/391 -- 248.65 samples/sec-- Loss:0.01 -- Error1:0.15
Train_Loss = 0.014948178426027298, Train_Err = 0.156
Val_Loss = 1.2070061020851135, Val_Err = 31.75
Epoch: [122 | 200]
Phase:train -- Batch_idx:100/391 -- 247.92 samples/sec-- Loss:0.01 -- Error1:0.12
Phase:train -- Batch_idx:200/391 -- 248.45 samples/sec-- Loss:0.01 -- Error1:0.13
Phase:train -- Batch_idx:300/391 -- 248.63 samples/sec-- Loss:0.01 -- Error1:0.13
Train_Loss = 0.014858550369739532, Train_Err = 0.134
Val_Loss = 1.2119659029960632, Val_Err = 31.63
Epoch: [123 | 200]
Phase:train -- Batch_idx:100/391 -- 247.74 samples/sec-- Loss:0.02 -- Error1:0.18
Phase:train -- Batch_idx:200/391 -- 248.31 samples/sec-- Loss:0.01 -- Error1:0.16
Phase:train -- Batch_idx:300/391 -- 248.54 samples/sec-- Loss:0.01 -- Error1:0.16
Train_Loss = 0.014686798952817917, Train_Err = 0.148
Val_Loss = 1.201974416923523, Val_Err = 31.62
Epoch: [124 | 200]
Phase:train -- Batch_idx:100/391 -- 247.81 samples/sec-- Loss:0.01 -- Error1:0.10
Phase:train -- Batch_idx:200/391 -- 248.39 samples/sec-- Loss:0.01 -- Error1:0.12
Phase:train -- Batch_idx:300/391 -- 248.59 samples/sec-- Loss:0.01 -- Error1:0.13
Train_Loss = 0.014104605979919433, Train_Err = 0.128
Val_Loss = 1.2045055500984192, Val_Err = 31.53
Epoch: [125 | 200]
Phase:train -- Batch_idx:100/391 -- 247.96 samples/sec-- Loss:0.01 -- Error1:0.12
Phase:train -- Batch_idx:200/391 -- 248.47 samples/sec-- Loss:0.01 -- Error1:0.13
Phase:train -- Batch_idx:300/391 -- 248.65 samples/sec-- Loss:0.01 -- Error1:0.13
Train_Loss = 0.014148945037722587, Train_Err = 0.122
Val_Loss = 1.2029968587875366, Val_Err = 31.51
Epoch: [126 | 200]
Phase:train -- Batch_idx:100/391 -- 247.92 samples/sec-- Loss:0.01 -- Error1:0.14
Phase:train -- Batch_idx:200/391 -- 248.47 samples/sec-- Loss:0.01 -- Error1:0.12
Phase:train -- Batch_idx:300/391 -- 248.65 samples/sec-- Loss:0.01 -- Error1:0.12
Train_Loss = 0.014032158490419389, Train_Err = 0.116
Val_Loss = 1.2046474949836732, Val_Err = 31.56
Epoch: [127 | 200]
Phase:train -- Batch_idx:100/391 -- 247.47 samples/sec-- Loss:0.01 -- Error1:0.09
Phase:train -- Batch_idx:200/391 -- 248.27 samples/sec-- Loss:0.01 -- Error1:0.11
Phase:train -- Batch_idx:300/391 -- 248.53 samples/sec-- Loss:0.01 -- Error1:0.11
Train_Loss = 0.013760622851848602, Train_Err = 0.1
Val_Loss = 1.1993393586158752, Val_Err = 31.59
Epoch: [128 | 200]
Phase:train -- Batch_idx:100/391 -- 246.90 samples/sec-- Loss:0.01 -- Error1:0.12
Phase:train -- Batch_idx:200/391 -- 247.48 samples/sec-- Loss:0.01 -- Error1:0.11
Phase:train -- Batch_idx:300/391 -- 247.68 samples/sec-- Loss:0.01 -- Error1:0.11
Train_Loss = 0.013811783661842346, Train_Err = 0.132
Val_Loss = 1.2034227942466735, Val_Err = 31.6
Epoch: [129 | 200]
Phase:train -- Batch_idx:100/391 -- 247.87 samples/sec-- Loss:0.01 -- Error1:0.16
Phase:train -- Batch_idx:200/391 -- 248.48 samples/sec-- Loss:0.01 -- Error1:0.13
Phase:train -- Batch_idx:300/391 -- 248.67 samples/sec-- Loss:0.01 -- Error1:0.11
Train_Loss = 0.013608329728841781, Train_Err = 0.12
Val_Loss = 1.1991333498954773, Val_Err = 31.48
Epoch: [130 | 200]
Phase:train -- Batch_idx:100/391 -- 247.79 samples/sec-- Loss:0.01 -- Error1:0.12
Phase:train -- Batch_idx:200/391 -- 248.41 samples/sec-- Loss:0.01 -- Error1:0.12
Phase:train -- Batch_idx:300/391 -- 248.64 samples/sec-- Loss:0.01 -- Error1:0.13
Train_Loss = 0.01391730856716633, Train_Err = 0.122
Val_Loss = 1.2081554322242736, Val_Err = 31.68
Epoch: [131 | 200]
Phase:train -- Batch_idx:100/391 -- 247.95 samples/sec-- Loss:0.01 -- Error1:0.11
Phase:train -- Batch_idx:200/391 -- 248.49 samples/sec-- Loss:0.01 -- Error1:0.09
Phase:train -- Batch_idx:300/391 -- 248.65 samples/sec-- Loss:0.01 -- Error1:0.09
Train_Loss = 0.013432285914421081, Train_Err = 0.088
Val_Loss = 1.2010915587425233, Val_Err = 31.46
Epoch: [132 | 200]
Phase:train -- Batch_idx:100/391 -- 247.87 samples/sec-- Loss:0.01 -- Error1:0.10
Phase:train -- Batch_idx:200/391 -- 248.43 samples/sec-- Loss:0.01 -- Error1:0.11
Phase:train -- Batch_idx:300/391 -- 248.62 samples/sec-- Loss:0.01 -- Error1:0.09
Train_Loss = 0.013357803095579147, Train_Err = 0.108
Val_Loss = 1.205315765762329, Val_Err = 31.45
Epoch: [133 | 200]
Phase:train -- Batch_idx:100/391 -- 247.85 samples/sec-- Loss:0.01 -- Error1:0.14
Phase:train -- Batch_idx:200/391 -- 248.45 samples/sec-- Loss:0.01 -- Error1:0.16
Phase:train -- Batch_idx:300/391 -- 248.62 samples/sec-- Loss:0.01 -- Error1:0.16
Train_Loss = 0.013732385244965553, Train_Err = 0.134
Val_Loss = 1.1949352400779725, Val_Err = 31.35
Epoch: [134 | 200]
Phase:train -- Batch_idx:100/391 -- 247.77 samples/sec-- Loss:0.01 -- Error1:0.12
Phase:train -- Batch_idx:200/391 -- 248.34 samples/sec-- Loss:0.01 -- Error1:0.14
Phase:train -- Batch_idx:300/391 -- 248.53 samples/sec-- Loss:0.01 -- Error1:0.14
Train_Loss = 0.013483710235357285, Train_Err = 0.12
Val_Loss = 1.2063911512374879, Val_Err = 31.66
Epoch: [135 | 200]
Phase:train -- Batch_idx:100/391 -- 247.74 samples/sec-- Loss:0.01 -- Error1:0.13
Phase:train -- Batch_idx:200/391 -- 248.31 samples/sec-- Loss:0.01 -- Error1:0.11
Phase:train -- Batch_idx:300/391 -- 248.54 samples/sec-- Loss:0.01 -- Error1:0.09
Train_Loss = 0.01353645372390747, Train_Err = 0.1
Val_Loss = 1.2043454645156861, Val_Err = 31.52
Epoch: [136 | 200]
Phase:train -- Batch_idx:100/391 -- 247.94 samples/sec-- Loss:0.01 -- Error1:0.06
Phase:train -- Batch_idx:200/391 -- 248.46 samples/sec-- Loss:0.01 -- Error1:0.09
Phase:train -- Batch_idx:300/391 -- 248.65 samples/sec-- Loss:0.01 -- Error1:0.10
Train_Loss = 0.013065413321256637, Train_Err = 0.096
Val_Loss = 1.2039350198745729, Val_Err = 31.81
Epoch: [137 | 200]
Phase:train -- Batch_idx:100/391 -- 246.97 samples/sec-- Loss:0.01 -- Error1:0.09
Phase:train -- Batch_idx:200/391 -- 247.49 samples/sec-- Loss:0.01 -- Error1:0.09
Phase:train -- Batch_idx:300/391 -- 247.89 samples/sec-- Loss:0.01 -- Error1:0.09
Train_Loss = 0.013020373710989953, Train_Err = 0.088
Val_Loss = 1.2028937763214111, Val_Err = 31.43
Epoch: [138 | 200]
Phase:train -- Batch_idx:100/391 -- 247.99 samples/sec-- Loss:0.01 -- Error1:0.09
Phase:train -- Batch_idx:200/391 -- 248.53 samples/sec-- Loss:0.01 -- Error1:0.08
Phase:train -- Batch_idx:300/391 -- 248.74 samples/sec-- Loss:0.01 -- Error1:0.10
Train_Loss = 0.013118184640407562, Train_Err = 0.11
Val_Loss = 1.1988494956970215, Val_Err = 31.5
Epoch: [139 | 200]
Phase:train -- Batch_idx:100/391 -- 247.95 samples/sec-- Loss:0.01 -- Error1:0.10
Phase:train -- Batch_idx:200/391 -- 248.51 samples/sec-- Loss:0.01 -- Error1:0.08
Phase:train -- Batch_idx:300/391 -- 248.70 samples/sec-- Loss:0.01 -- Error1:0.08
Train_Loss = 0.01299279964029789, Train_Err = 0.094
Val_Loss = 1.199371203804016, Val_Err = 31.45
Epoch: [140 | 200]
Phase:train -- Batch_idx:100/391 -- 247.99 samples/sec-- Loss:0.01 -- Error1:0.09
Phase:train -- Batch_idx:200/391 -- 248.53 samples/sec-- Loss:0.01 -- Error1:0.09
Phase:train -- Batch_idx:300/391 -- 248.72 samples/sec-- Loss:0.01 -- Error1:0.12
Train_Loss = 0.013224441677331925, Train_Err = 0.116
Val_Loss = 1.2025171756744384, Val_Err = 31.51
Epoch: [141 | 200]
Phase:train -- Batch_idx:100/391 -- 248.05 samples/sec-- Loss:0.01 -- Error1:0.07
Phase:train -- Batch_idx:200/391 -- 248.56 samples/sec-- Loss:0.01 -- Error1:0.08
Phase:train -- Batch_idx:300/391 -- 248.72 samples/sec-- Loss:0.01 -- Error1:0.09
Train_Loss = 0.012869277931451798, Train_Err = 0.09
Val_Loss = 1.205097973537445, Val_Err = 31.73
Epoch: [142 | 200]
Phase:train -- Batch_idx:100/391 -- 247.59 samples/sec-- Loss:0.01 -- Error1:0.07
Phase:train -- Batch_idx:200/391 -- 248.26 samples/sec-- Loss:0.01 -- Error1:0.08
Phase:train -- Batch_idx:300/391 -- 248.49 samples/sec-- Loss:0.01 -- Error1:0.10
Train_Loss = 0.013258130645751954, Train_Err = 0.096
Val_Loss = 1.2020096037864685, Val_Err = 31.51
Epoch: [143 | 200]
Phase:train -- Batch_idx:100/391 -- 247.90 samples/sec-- Loss:0.01 -- Error1:0.12
Phase:train -- Batch_idx:200/391 -- 248.48 samples/sec-- Loss:0.01 -- Error1:0.11
Phase:train -- Batch_idx:300/391 -- 248.68 samples/sec-- Loss:0.01 -- Error1:0.12
Train_Loss = 0.01316452601492405, Train_Err = 0.104
Val_Loss = 1.2025870963096619, Val_Err = 31.54
Epoch: [144 | 200]
Phase:train -- Batch_idx:100/391 -- 247.99 samples/sec-- Loss:0.01 -- Error1:0.09
Phase:train -- Batch_idx:200/391 -- 248.54 samples/sec-- Loss:0.01 -- Error1:0.11
Phase:train -- Batch_idx:300/391 -- 248.72 samples/sec-- Loss:0.01 -- Error1:0.11
Train_Loss = 0.013091246898770332, Train_Err = 0.094
Val_Loss = 1.1989764386177062, Val_Err = 31.5
Epoch: [145 | 200]
Phase:train -- Batch_idx:100/391 -- 247.89 samples/sec-- Loss:0.01 -- Error1:0.11
Phase:train -- Batch_idx:200/391 -- 248.48 samples/sec-- Loss:0.01 -- Error1:0.11
Phase:train -- Batch_idx:300/391 -- 248.69 samples/sec-- Loss:0.01 -- Error1:0.11
Train_Loss = 0.013289550355672836, Train_Err = 0.11
Val_Loss = 1.2018805730819702, Val_Err = 31.46
Epoch: [146 | 200]
Phase:train -- Batch_idx:100/391 -- 247.95 samples/sec-- Loss:0.01 -- Error1:0.08
Phase:train -- Batch_idx:200/391 -- 248.52 samples/sec-- Loss:0.01 -- Error1:0.09
Phase:train -- Batch_idx:300/391 -- 248.69 samples/sec-- Loss:0.01 -- Error1:0.10
Train_Loss = 0.012737122308015823, Train_Err = 0.098
Val_Loss = 1.209114602470398, Val_Err = 31.62
Epoch: [147 | 200]
Phase:train -- Batch_idx:100/391 -- 247.92 samples/sec-- Loss:0.01 -- Error1:0.07
Phase:train -- Batch_idx:200/391 -- 248.49 samples/sec-- Loss:0.01 -- Error1:0.08
Phase:train -- Batch_idx:300/391 -- 248.69 samples/sec-- Loss:0.01 -- Error1:0.10
Train_Loss = 0.012804879028201103, Train_Err = 0.092
Val_Loss = 1.20117445936203, Val_Err = 31.5
Epoch: [148 | 200]
Phase:train -- Batch_idx:100/391 -- 247.98 samples/sec-- Loss:0.01 -- Error1:0.10
Phase:train -- Batch_idx:200/391 -- 248.57 samples/sec-- Loss:0.01 -- Error1:0.09
Phase:train -- Batch_idx:300/391 -- 248.77 samples/sec-- Loss:0.01 -- Error1:0.09
Train_Loss = 0.01314003945350647, Train_Err = 0.102
Val_Loss = 1.2020828712463378, Val_Err = 31.38
Epoch: [149 | 200]
Phase:train -- Batch_idx:100/391 -- 247.77 samples/sec-- Loss:0.01 -- Error1:0.11
Phase:train -- Batch_idx:200/391 -- 248.32 samples/sec-- Loss:0.01 -- Error1:0.10
Phase:train -- Batch_idx:300/391 -- 248.51 samples/sec-- Loss:0.01 -- Error1:0.09
Train_Loss = 0.012693494397997857, Train_Err = 0.094
Val_Loss = 1.2023960710525512, Val_Err = 31.51
Epoch: [150 | 200]
Phase:train -- Batch_idx:100/391 -- 247.69 samples/sec-- Loss:0.01 -- Error1:0.14
Phase:train -- Batch_idx:200/391 -- 248.28 samples/sec-- Loss:0.01 -- Error1:0.13
Phase:train -- Batch_idx:300/391 -- 248.45 samples/sec-- Loss:0.01 -- Error1:0.13
Train_Loss = 0.013062216989398003, Train_Err = 0.12
Val_Loss = 1.2024430866241456, Val_Err = 31.44
Epoch: [151 | 200]
Phase:train -- Batch_idx:100/391 -- 247.71 samples/sec-- Loss:0.01 -- Error1:0.10
Phase:train -- Batch_idx:200/391 -- 248.32 samples/sec-- Loss:0.01 -- Error1:0.12
Phase:train -- Batch_idx:300/391 -- 248.52 samples/sec-- Loss:0.01 -- Error1:0.10
Train_Loss = 0.013178364716172218, Train_Err = 0.112
Val_Loss = 1.2005530877113342, Val_Err = 31.32
Epoch: [152 | 200]
Phase:train -- Batch_idx:100/391 -- 247.71 samples/sec-- Loss:0.01 -- Error1:0.12
Phase:train -- Batch_idx:200/391 -- 248.32 samples/sec-- Loss:0.01 -- Error1:0.09
Phase:train -- Batch_idx:300/391 -- 248.53 samples/sec-- Loss:0.01 -- Error1:0.10
Train_Loss = 0.012876917760372163, Train_Err = 0.098
Val_Loss = 1.2030153544425963, Val_Err = 31.41
Epoch: [153 | 200]
Phase:train -- Batch_idx:100/391 -- 247.80 samples/sec-- Loss:0.01 -- Error1:0.07
Phase:train -- Batch_idx:200/391 -- 248.34 samples/sec-- Loss:0.01 -- Error1:0.12
Phase:train -- Batch_idx:300/391 -- 248.51 samples/sec-- Loss:0.01 -- Error1:0.12
Train_Loss = 0.013145134603381157, Train_Err = 0.122
Val_Loss = 1.1994700407028198, Val_Err = 31.28
Epoch: [154 | 200]
Phase:train -- Batch_idx:100/391 -- 247.63 samples/sec-- Loss:0.01 -- Error1:0.10
Phase:train -- Batch_idx:200/391 -- 248.28 samples/sec-- Loss:0.01 -- Error1:0.09
Phase:train -- Batch_idx:300/391 -- 248.48 samples/sec-- Loss:0.01 -- Error1:0.09
Train_Loss = 0.012989869298934937, Train_Err = 0.084
Val_Loss = 1.197804617881775, Val_Err = 31.46
Epoch: [155 | 200]
Phase:train -- Batch_idx:100/391 -- 247.80 samples/sec-- Loss:0.01 -- Error1:0.07
Phase:train -- Batch_idx:200/391 -- 248.36 samples/sec-- Loss:0.01 -- Error1:0.08
Phase:train -- Batch_idx:300/391 -- 248.60 samples/sec-- Loss:0.01 -- Error1:0.09
Train_Loss = 0.012525828433036804, Train_Err = 0.09
Val_Loss = 1.2099025238990784, Val_Err = 31.73
Epoch: [156 | 200]
Phase:train -- Batch_idx:100/391 -- 248.78 samples/sec-- Loss:0.01 -- Error1:0.12
Phase:train -- Batch_idx:200/391 -- 249.33 samples/sec-- Loss:0.01 -- Error1:0.10
Phase:train -- Batch_idx:300/391 -- 249.51 samples/sec-- Loss:0.01 -- Error1:0.10
Train_Loss = 0.012794591448903084, Train_Err = 0.102
Val_Loss = 1.2053022395133972, Val_Err = 31.72
Epoch: [157 | 200]
Phase:train -- Batch_idx:100/391 -- 248.68 samples/sec-- Loss:0.01 -- Error1:0.06
Phase:train -- Batch_idx:200/391 -- 249.32 samples/sec-- Loss:0.01 -- Error1:0.09
Phase:train -- Batch_idx:300/391 -- 249.57 samples/sec-- Loss:0.01 -- Error1:0.10
Train_Loss = 0.013378468350172043, Train_Err = 0.112
Val_Loss = 1.1976918161392212, Val_Err = 31.34
Epoch: [158 | 200]
Phase:train -- Batch_idx:100/391 -- 248.80 samples/sec-- Loss:0.01 -- Error1:0.08
Phase:train -- Batch_idx:200/391 -- 249.38 samples/sec-- Loss:0.01 -- Error1:0.06
Phase:train -- Batch_idx:300/391 -- 249.57 samples/sec-- Loss:0.01 -- Error1:0.09
Train_Loss = 0.012851748946905136, Train_Err = 0.09
Val_Loss = 1.2085492139816285, Val_Err = 31.61
Epoch: [159 | 200]
Phase:train -- Batch_idx:100/391 -- 248.09 samples/sec-- Loss:0.01 -- Error1:0.10
Phase:train -- Batch_idx:200/391 -- 248.53 samples/sec-- Loss:0.01 -- Error1:0.11
Phase:train -- Batch_idx:300/391 -- 248.81 samples/sec-- Loss:0.01 -- Error1:0.10
Train_Loss = 0.013348690184950829, Train_Err = 0.098
Val_Loss = 1.2030289902687072, Val_Err = 31.65
Epoch: [160 | 200]
Phase:train -- Batch_idx:100/391 -- 248.92 samples/sec-- Loss:0.01 -- Error1:0.10
Phase:train -- Batch_idx:200/391 -- 249.49 samples/sec-- Loss:0.01 -- Error1:0.10
Phase:train -- Batch_idx:300/391 -- 249.62 samples/sec-- Loss:0.01 -- Error1:0.09
Train_Loss = 0.012498499042391777, Train_Err = 0.084
Val_Loss = 1.2008249967575073, Val_Err = 31.53
Epoch: [161 | 200]
Phase:train -- Batch_idx:100/391 -- 246.90 samples/sec-- Loss:0.01 -- Error1:0.09
Phase:train -- Batch_idx:200/391 -- 247.59 samples/sec-- Loss:0.01 -- Error1:0.11
Phase:train -- Batch_idx:300/391 -- 248.03 samples/sec-- Loss:0.01 -- Error1:0.10
Train_Loss = 0.012936852467656135, Train_Err = 0.1
Val_Loss = 1.202240909767151, Val_Err = 31.54
Epoch: [162 | 200]
Phase:train -- Batch_idx:100/391 -- 247.81 samples/sec-- Loss:0.01 -- Error1:0.13
Phase:train -- Batch_idx:200/391 -- 248.37 samples/sec-- Loss:0.01 -- Error1:0.10
Phase:train -- Batch_idx:300/391 -- 248.58 samples/sec-- Loss:0.01 -- Error1:0.10
Train_Loss = 0.012658357980251313, Train_Err = 0.098
Val_Loss = 1.209287499809265, Val_Err = 31.41
Epoch: [163 | 200]
Phase:train -- Batch_idx:100/391 -- 247.84 samples/sec-- Loss:0.01 -- Error1:0.07
Phase:train -- Batch_idx:200/391 -- 248.42 samples/sec-- Loss:0.01 -- Error1:0.10
Phase:train -- Batch_idx:300/391 -- 248.63 samples/sec-- Loss:0.01 -- Error1:0.09
Train_Loss = 0.012477339894771577, Train_Err = 0.098
Val_Loss = 1.1999225763320922, Val_Err = 31.34
Epoch: [164 | 200]
Phase:train -- Batch_idx:100/391 -- 246.96 samples/sec-- Loss:0.01 -- Error1:0.05
Phase:train -- Batch_idx:200/391 -- 247.49 samples/sec-- Loss:0.01 -- Error1:0.09
Phase:train -- Batch_idx:300/391 -- 247.66 samples/sec-- Loss:0.01 -- Error1:0.10
Train_Loss = 0.012608141304254531, Train_Err = 0.092
Val_Loss = 1.2047728256225585, Val_Err = 31.69
Epoch: [165 | 200]
Phase:train -- Batch_idx:100/391 -- 248.02 samples/sec-- Loss:0.01 -- Error1:0.08
Phase:train -- Batch_idx:200/391 -- 248.51 samples/sec-- Loss:0.01 -- Error1:0.09
Phase:train -- Batch_idx:300/391 -- 248.70 samples/sec-- Loss:0.01 -- Error1:0.08
Train_Loss = 0.012495118795633316, Train_Err = 0.106
Val_Loss = 1.2013956734657287, Val_Err = 31.34
Epoch: [166 | 200]
Phase:train -- Batch_idx:100/391 -- 248.79 samples/sec-- Loss:0.01 -- Error1:0.10
Phase:train -- Batch_idx:200/391 -- 249.33 samples/sec-- Loss:0.01 -- Error1:0.09
Phase:train -- Batch_idx:300/391 -- 249.54 samples/sec-- Loss:0.01 -- Error1:0.10
Train_Loss = 0.012824099085927009, Train_Err = 0.106
Val_Loss = 1.2020245106697083, Val_Err = 31.52
Epoch: [167 | 200]
Phase:train -- Batch_idx:100/391 -- 248.81 samples/sec-- Loss:0.01 -- Error1:0.10
Phase:train -- Batch_idx:200/391 -- 249.37 samples/sec-- Loss:0.01 -- Error1:0.09
Phase:train -- Batch_idx:300/391 -- 249.59 samples/sec-- Loss:0.01 -- Error1:0.09
Train_Loss = 0.012603922308087349, Train_Err = 0.084
Val_Loss = 1.2025207498550414, Val_Err = 31.52
Epoch: [168 | 200]
Phase:train -- Batch_idx:100/391 -- 248.88 samples/sec-- Loss:0.01 -- Error1:0.10
Phase:train -- Batch_idx:200/391 -- 249.47 samples/sec-- Loss:0.01 -- Error1:0.09
Phase:train -- Batch_idx:300/391 -- 249.68 samples/sec-- Loss:0.01 -- Error1:0.08
Train_Loss = 0.012468313093185425, Train_Err = 0.092
Val_Loss = 1.2013866137504579, Val_Err = 31.3
Epoch: [169 | 200]
Phase:train -- Batch_idx:100/391 -- 249.03 samples/sec-- Loss:0.01 -- Error1:0.14
Phase:train -- Batch_idx:200/391 -- 249.57 samples/sec-- Loss:0.01 -- Error1:0.11
Phase:train -- Batch_idx:300/391 -- 249.79 samples/sec-- Loss:0.01 -- Error1:0.09
Train_Loss = 0.012676071040034294, Train_Err = 0.1
Val_Loss = 1.2006057242393493, Val_Err = 31.56
Epoch: [170 | 200]
Phase:train -- Batch_idx:100/391 -- 248.80 samples/sec-- Loss:0.01 -- Error1:0.07
Phase:train -- Batch_idx:200/391 -- 248.99 samples/sec-- Loss:0.01 -- Error1:0.08
Phase:train -- Batch_idx:300/391 -- 248.96 samples/sec-- Loss:0.01 -- Error1:0.09
Train_Loss = 0.01259493821978569, Train_Err = 0.08
Val_Loss = 1.210048933506012, Val_Err = 31.8
Epoch: [171 | 200]
Phase:train -- Batch_idx:100/391 -- 247.68 samples/sec-- Loss:0.01 -- Error1:0.16
Phase:train -- Batch_idx:200/391 -- 248.31 samples/sec-- Loss:0.01 -- Error1:0.14
Phase:train -- Batch_idx:300/391 -- 248.49 samples/sec-- Loss:0.01 -- Error1:0.12
Train_Loss = 0.01287186171233654, Train_Err = 0.104
Val_Loss = 1.202799464225769, Val_Err = 31.4
Epoch: [172 | 200]
Phase:train -- Batch_idx:100/391 -- 247.69 samples/sec-- Loss:0.01 -- Error1:0.10
Phase:train -- Batch_idx:200/391 -- 248.28 samples/sec-- Loss:0.01 -- Error1:0.10
Phase:train -- Batch_idx:300/391 -- 248.48 samples/sec-- Loss:0.01 -- Error1:0.09
Train_Loss = 0.012573490726351739, Train_Err = 0.09
Val_Loss = 1.1994467834472655, Val_Err = 31.07
Epoch: [173 | 200]
Phase:train -- Batch_idx:100/391 -- 247.62 samples/sec-- Loss:0.01 -- Error1:0.06
Phase:train -- Batch_idx:200/391 -- 248.25 samples/sec-- Loss:0.01 -- Error1:0.07
Phase:train -- Batch_idx:300/391 -- 248.46 samples/sec-- Loss:0.01 -- Error1:0.08
Train_Loss = 0.012446130454540252, Train_Err = 0.082
Val_Loss = 1.205333434009552, Val_Err = 31.55
Epoch: [174 | 200]
Phase:train -- Batch_idx:100/391 -- 246.79 samples/sec-- Loss:0.01 -- Error1:0.09
Phase:train -- Batch_idx:200/391 -- 247.36 samples/sec-- Loss:0.01 -- Error1:0.09
Phase:train -- Batch_idx:300/391 -- 247.55 samples/sec-- Loss:0.01 -- Error1:0.10
Train_Loss = 0.012864077506065368, Train_Err = 0.104
Val_Loss = 1.208321618938446, Val_Err = 31.54
Epoch: [175 | 200]
Phase:train -- Batch_idx:100/391 -- 247.73 samples/sec-- Loss:0.01 -- Error1:0.09
Phase:train -- Batch_idx:200/391 -- 248.30 samples/sec-- Loss:0.01 -- Error1:0.09
Phase:train -- Batch_idx:300/391 -- 248.47 samples/sec-- Loss:0.01 -- Error1:0.08
Train_Loss = 0.012448716698884964, Train_Err = 0.084
Val_Loss = 1.2010996078491212, Val_Err = 31.31
Epoch: [176 | 200]
Phase:train -- Batch_idx:100/391 -- 247.71 samples/sec-- Loss:0.01 -- Error1:0.08
Phase:train -- Batch_idx:200/391 -- 248.29 samples/sec-- Loss:0.01 -- Error1:0.07
Phase:train -- Batch_idx:300/391 -- 248.49 samples/sec-- Loss:0.01 -- Error1:0.08
Train_Loss = 0.01234585578083992, Train_Err = 0.076
Val_Loss = 1.2058501476287842, Val_Err = 31.53
Epoch: [177 | 200]
Phase:train -- Batch_idx:100/391 -- 247.77 samples/sec-- Loss:0.01 -- Error1:0.11
Phase:train -- Batch_idx:200/391 -- 248.30 samples/sec-- Loss:0.01 -- Error1:0.10
Phase:train -- Batch_idx:300/391 -- 248.48 samples/sec-- Loss:0.01 -- Error1:0.11
Train_Loss = 0.012876048485338689, Train_Err = 0.116
Val_Loss = 1.203597642326355, Val_Err = 31.31
Epoch: [178 | 200]
Phase:train -- Batch_idx:100/391 -- 247.70 samples/sec-- Loss:0.01 -- Error1:0.05
Phase:train -- Batch_idx:200/391 -- 248.30 samples/sec-- Loss:0.01 -- Error1:0.07
Phase:train -- Batch_idx:300/391 -- 248.49 samples/sec-- Loss:0.01 -- Error1:0.08
Train_Loss = 0.012106790882349014, Train_Err = 0.078
Val_Loss = 1.2097333777427672, Val_Err = 31.54
Epoch: [179 | 200]
Phase:train -- Batch_idx:100/391 -- 247.75 samples/sec-- Loss:0.01 -- Error1:0.06
Phase:train -- Batch_idx:200/391 -- 248.33 samples/sec-- Loss:0.01 -- Error1:0.08
Phase:train -- Batch_idx:300/391 -- 248.52 samples/sec-- Loss:0.01 -- Error1:0.08
Train_Loss = 0.012373179773688316, Train_Err = 0.086
Val_Loss = 1.2060852435112, Val_Err = 31.42
Epoch: [180 | 200]
Phase:train -- Batch_idx:100/391 -- 247.87 samples/sec-- Loss:0.01 -- Error1:0.09
Phase:train -- Batch_idx:200/391 -- 248.39 samples/sec-- Loss:0.01 -- Error1:0.09
Phase:train -- Batch_idx:300/391 -- 248.57 samples/sec-- Loss:0.01 -- Error1:0.10
Train_Loss = 0.012368687433600426, Train_Err = 0.084
Val_Loss = 1.2027063417434691, Val_Err = 31.43
Epoch: [181 | 200]
Phase:train -- Batch_idx:100/391 -- 247.77 samples/sec-- Loss:0.01 -- Error1:0.09
Phase:train -- Batch_idx:200/391 -- 248.34 samples/sec-- Loss:0.01 -- Error1:0.09
Phase:train -- Batch_idx:300/391 -- 248.55 samples/sec-- Loss:0.01 -- Error1:0.10
Train_Loss = 0.012603162025809288, Train_Err = 0.098
Val_Loss = 1.2014918498039246, Val_Err = 31.36
Epoch: [182 | 200]
Phase:train -- Batch_idx:100/391 -- 247.82 samples/sec-- Loss:0.01 -- Error1:0.09
Phase:train -- Batch_idx:200/391 -- 248.38 samples/sec-- Loss:0.01 -- Error1:0.08
Phase:train -- Batch_idx:300/391 -- 248.55 samples/sec-- Loss:0.01 -- Error1:0.09
Train_Loss = 0.012782772589921951, Train_Err = 0.092
Val_Loss = 1.2078820427894592, Val_Err = 31.63
Epoch: [183 | 200]
Phase:train -- Batch_idx:100/391 -- 247.97 samples/sec-- Loss:0.01 -- Error1:0.09
Phase:train -- Batch_idx:200/391 -- 248.48 samples/sec-- Loss:0.01 -- Error1:0.09
Phase:train -- Batch_idx:300/391 -- 248.67 samples/sec-- Loss:0.01 -- Error1:0.09
Train_Loss = 0.012704449295401573, Train_Err = 0.096
Val_Loss = 1.1994187052726746, Val_Err = 31.29
Epoch: [184 | 200]
Phase:train -- Batch_idx:100/391 -- 248.00 samples/sec-- Loss:0.01 -- Error1:0.08
Phase:train -- Batch_idx:200/391 -- 248.51 samples/sec-- Loss:0.01 -- Error1:0.09
Phase:train -- Batch_idx:300/391 -- 248.67 samples/sec-- Loss:0.01 -- Error1:0.08
Train_Loss = 0.012618218444585801, Train_Err = 0.082
Val_Loss = 1.2080217114448548, Val_Err = 31.48
Epoch: [185 | 200]
Phase:train -- Batch_idx:100/391 -- 247.94 samples/sec-- Loss:0.01 -- Error1:0.10
Phase:train -- Batch_idx:200/391 -- 248.49 samples/sec-- Loss:0.01 -- Error1:0.09
Phase:train -- Batch_idx:300/391 -- 248.67 samples/sec-- Loss:0.01 -- Error1:0.08
Train_Loss = 0.012204582253694534, Train_Err = 0.092
Val_Loss = 1.2015620792388917, Val_Err = 31.28
Epoch: [186 | 200]
Phase:train -- Batch_idx:100/391 -- 247.98 samples/sec-- Loss:0.01 -- Error1:0.08
Phase:train -- Batch_idx:200/391 -- 248.55 samples/sec-- Loss:0.01 -- Error1:0.09
Phase:train -- Batch_idx:300/391 -- 248.74 samples/sec-- Loss:0.01 -- Error1:0.08
Train_Loss = 0.01258499658226967, Train_Err = 0.094
Val_Loss = 1.202819092273712, Val_Err = 31.43
Epoch: [187 | 200]
Phase:train -- Batch_idx:100/391 -- 247.73 samples/sec-- Loss:0.01 -- Error1:0.10
Phase:train -- Batch_idx:200/391 -- 248.32 samples/sec-- Loss:0.01 -- Error1:0.09
Phase:train -- Batch_idx:300/391 -- 248.52 samples/sec-- Loss:0.01 -- Error1:0.10
Train_Loss = 0.012556952222287655, Train_Err = 0.092
Val_Loss = 1.2037516577720642, Val_Err = 31.42
Epoch: [188 | 200]
Phase:train -- Batch_idx:100/391 -- 247.91 samples/sec-- Loss:0.01 -- Error1:0.10
Phase:train -- Batch_idx:200/391 -- 248.49 samples/sec-- Loss:0.01 -- Error1:0.09
Phase:train -- Batch_idx:300/391 -- 248.68 samples/sec-- Loss:0.01 -- Error1:0.09
Train_Loss = 0.012826412975788116, Train_Err = 0.104
Val_Loss = 1.2100900230407714, Val_Err = 31.54
Epoch: [189 | 200]
Phase:train -- Batch_idx:100/391 -- 247.85 samples/sec-- Loss:0.01 -- Error1:0.04
Phase:train -- Batch_idx:200/391 -- 248.43 samples/sec-- Loss:0.01 -- Error1:0.08
Phase:train -- Batch_idx:300/391 -- 248.61 samples/sec-- Loss:0.01 -- Error1:0.08
Train_Loss = 0.01261811676979065, Train_Err = 0.082
Val_Loss = 1.2035242236137391, Val_Err = 31.46
Epoch: [190 | 200]
Phase:train -- Batch_idx:100/391 -- 247.92 samples/sec-- Loss:0.01 -- Error1:0.09
Phase:train -- Batch_idx:200/391 -- 248.46 samples/sec-- Loss:0.01 -- Error1:0.09
Phase:train -- Batch_idx:300/391 -- 248.65 samples/sec-- Loss:0.01 -- Error1:0.08
Train_Loss = 0.012647675744295121, Train_Err = 0.08
Val_Loss = 1.2022096364021302, Val_Err = 31.24
Epoch: [191 | 200]
Phase:train -- Batch_idx:100/391 -- 246.92 samples/sec-- Loss:0.01 -- Error1:0.09
Phase:train -- Batch_idx:200/391 -- 247.46 samples/sec-- Loss:0.01 -- Error1:0.08
Phase:train -- Batch_idx:300/391 -- 247.65 samples/sec-- Loss:0.01 -- Error1:0.08
Train_Loss = 0.012626489989757538, Train_Err = 0.082
Val_Loss = 1.2083485783576966, Val_Err = 31.35
Epoch: [192 | 200]
Phase:train -- Batch_idx:100/391 -- 247.92 samples/sec-- Loss:0.01 -- Error1:0.10
Phase:train -- Batch_idx:200/391 -- 248.46 samples/sec-- Loss:0.01 -- Error1:0.11
Phase:train -- Batch_idx:300/391 -- 248.63 samples/sec-- Loss:0.01 -- Error1:0.09
Train_Loss = 0.012713968526721001, Train_Err = 0.1
Val_Loss = 1.1986964975357055, Val_Err = 31.09
Epoch: [193 | 200]
Phase:train -- Batch_idx:100/391 -- 247.92 samples/sec-- Loss:0.01 -- Error1:0.12
Phase:train -- Batch_idx:200/391 -- 248.47 samples/sec-- Loss:0.01 -- Error1:0.11
Phase:train -- Batch_idx:300/391 -- 248.65 samples/sec-- Loss:0.01 -- Error1:0.10
Train_Loss = 0.01245851405441761, Train_Err = 0.092
Val_Loss = 1.204149813747406, Val_Err = 31.41
Epoch: [194 | 200]
Phase:train -- Batch_idx:100/391 -- 247.90 samples/sec-- Loss:0.01 -- Error1:0.09
Phase:train -- Batch_idx:200/391 -- 248.44 samples/sec-- Loss:0.01 -- Error1:0.08
Phase:train -- Batch_idx:300/391 -- 248.64 samples/sec-- Loss:0.01 -- Error1:0.09
Train_Loss = 0.012803344567418098, Train_Err = 0.092
Val_Loss = 1.208950689315796, Val_Err = 31.49
Epoch: [195 | 200]
Phase:train -- Batch_idx:100/391 -- 248.13 samples/sec-- Loss:0.01 -- Error1:0.11
Phase:train -- Batch_idx:200/391 -- 248.72 samples/sec-- Loss:0.01 -- Error1:0.08
Phase:train -- Batch_idx:300/391 -- 248.94 samples/sec-- Loss:0.01 -- Error1:0.09
Train_Loss = 0.01280183288693428, Train_Err = 0.096
Val_Loss = 1.2050596820831299, Val_Err = 31.24
Epoch: [196 | 200]
Phase:train -- Batch_idx:100/391 -- 248.36 samples/sec-- Loss:0.01 -- Error1:0.05
Phase:train -- Batch_idx:200/391 -- 248.86 samples/sec-- Loss:0.01 -- Error1:0.07
Phase:train -- Batch_idx:300/391 -- 249.03 samples/sec-- Loss:0.01 -- Error1:0.09
Train_Loss = 0.013026407270431518, Train_Err = 0.094
Val_Loss = 1.214932614517212, Val_Err = 31.33
Epoch: [197 | 200]
Phase:train -- Batch_idx:100/391 -- 248.42 samples/sec-- Loss:0.01 -- Error1:0.10
Phase:train -- Batch_idx:200/391 -- 248.95 samples/sec-- Loss:0.01 -- Error1:0.09
Phase:train -- Batch_idx:300/391 -- 249.12 samples/sec-- Loss:0.01 -- Error1:0.08
Train_Loss = 0.012456489539146423, Train_Err = 0.088
Val_Loss = 1.2123118466377258, Val_Err = 31.72
Epoch: [198 | 200]
Phase:train -- Batch_idx:100/391 -- 248.65 samples/sec-- Loss:0.01 -- Error1:0.12
Phase:train -- Batch_idx:200/391 -- 249.23 samples/sec-- Loss:0.01 -- Error1:0.11
Phase:train -- Batch_idx:300/391 -- 249.41 samples/sec-- Loss:0.01 -- Error1:0.11
Train_Loss = 0.012719792382717133, Train_Err = 0.112
Val_Loss = 1.2115224682807921, Val_Err = 31.54
Epoch: [199 | 200]
Phase:train -- Batch_idx:100/391 -- 248.54 samples/sec-- Loss:0.01 -- Error1:0.05
Phase:train -- Batch_idx:200/391 -- 249.19 samples/sec-- Loss:0.01 -- Error1:0.09
Phase:train -- Batch_idx:300/391 -- 249.40 samples/sec-- Loss:0.01 -- Error1:0.09
Train_Loss = 0.012406687978506088, Train_Err = 0.1
Val_Loss = 1.2066925560951234, Val_Err = 31.57
