root: Namespace(batch_size=128, cp_dir='checkpoints/basic_cutout/cifar10/sam/run_ms_1/pyramidnet/run0', depth=110, dtype='cifar10', epochs=300, img_aug='basic_cutout', learning_rate=0.1, momentum=0.9, mtype='pyramidnet', num_classes=10, resume=None, rho=0.05, seed=1, threads=8, weight_decay=0.0001, width_factor=8)
root: Epoch: [0 | 300]
root: Train_Loss = 1.414011001586914, Train_Err = 52.25
root: Val_Loss = 1.2278879880905151, Val_Err = 41.42
root: Epoch: [1 | 300]
root: Train_Loss = 0.9358935952186584, Train_Err = 33.282
root: Val_Loss = 0.7337692975997925, Val_Err = 25.65
root: Epoch: [2 | 300]
root: Train_Loss = 0.744041919708252, Train_Err = 26.03
root: Val_Loss = 0.6272830963134766, Val_Err = 21.68
root: Epoch: [3 | 300]
root: Train_Loss = 0.6499039530754089, Train_Err = 22.406
root: Val_Loss = 0.5378597974777222, Val_Err = 18.49
root: Epoch: [4 | 300]
root: Train_Loss = 0.5775766968727112, Train_Err = 20.08
root: Val_Loss = 0.5985356569290161, Val_Err = 20.21
root: Epoch: [5 | 300]
root: Train_Loss = 0.5296519994735718, Train_Err = 18.256
root: Val_Loss = 0.45571887493133545, Val_Err = 15.61
root: Epoch: [6 | 300]
root: Train_Loss = 0.4891568124294281, Train_Err = 16.732
root: Val_Loss = 0.4348439872264862, Val_Err = 14.46
root: Epoch: [7 | 300]
root: Train_Loss = 0.45214417576789856, Train_Err = 15.652
root: Val_Loss = 0.4166150689125061, Val_Err = 14.1
root: Epoch: [8 | 300]
root: Train_Loss = 0.42147296667099, Train_Err = 14.644
root: Val_Loss = 0.4405713677406311, Val_Err = 14.73
root: Epoch: [9 | 300]
root: Train_Loss = 0.3987538814544678, Train_Err = 13.724
root: Val_Loss = 0.44099318981170654, Val_Err = 14.68
root: Epoch: [10 | 300]
root: Train_Loss = 0.37821274995803833, Train_Err = 13.122
root: Val_Loss = 0.3470905125141144, Val_Err = 11.93
root: Epoch: [11 | 300]
root: Train_Loss = 0.36246219277381897, Train_Err = 12.564
root: Val_Loss = 0.3302808105945587, Val_Err = 11.0
root: Epoch: [12 | 300]
root: Train_Loss = 0.3412359356880188, Train_Err = 11.922
root: Val_Loss = 0.32178932428359985, Val_Err = 10.84
root: Epoch: [13 | 300]
root: Train_Loss = 0.3249099850654602, Train_Err = 11.284
root: Val_Loss = 0.3352092504501343, Val_Err = 11.64
root: Epoch: [14 | 300]
root: Train_Loss = 0.3124387562274933, Train_Err = 10.81
root: Val_Loss = 0.32441583275794983, Val_Err = 10.65
root: Epoch: [15 | 300]
root: Train_Loss = 0.30085867643356323, Train_Err = 10.412
root: Val_Loss = 0.27204614877700806, Val_Err = 9.31
root: Epoch: [16 | 300]
root: Train_Loss = 0.28845715522766113, Train_Err = 9.946
root: Val_Loss = 0.29887476563453674, Val_Err = 10.23
root: Epoch: [17 | 300]
root: Train_Loss = 0.2794175446033478, Train_Err = 9.58
root: Val_Loss = 0.2867334485054016, Val_Err = 9.7
root: Epoch: [18 | 300]
root: Train_Loss = 0.2643566429615021, Train_Err = 8.918
root: Val_Loss = 0.27263113856315613, Val_Err = 9.27
root: Epoch: [19 | 300]
root: Train_Loss = 0.2560628354549408, Train_Err = 8.774
root: Val_Loss = 0.2726866900920868, Val_Err = 9.48
root: Epoch: [20 | 300]
root: Train_Loss = 0.24639944732189178, Train_Err = 8.5
root: Val_Loss = 0.26534804701805115, Val_Err = 9.12
root: Epoch: [21 | 300]
root: Train_Loss = 0.2407730370759964, Train_Err = 8.262
root: Val_Loss = 0.27479642629623413, Val_Err = 9.22
root: Epoch: [22 | 300]
root: Train_Loss = 0.23176193237304688, Train_Err = 7.94
root: Val_Loss = 0.23634393513202667, Val_Err = 8.01
root: Epoch: [23 | 300]
root: Train_Loss = 0.2223556786775589, Train_Err = 7.628
root: Val_Loss = 0.26335254311561584, Val_Err = 8.95
root: Epoch: [24 | 300]
root: Train_Loss = 0.2182781845331192, Train_Err = 7.532
root: Val_Loss = 0.2719862759113312, Val_Err = 8.95
root: Epoch: [25 | 300]
root: Train_Loss = 0.20670916140079498, Train_Err = 7.134
root: Val_Loss = 0.22963087260723114, Val_Err = 7.84
root: Epoch: [26 | 300]
root: Train_Loss = 0.2037256807088852, Train_Err = 6.97
root: Val_Loss = 0.23446735739707947, Val_Err = 7.68
root: Epoch: [27 | 300]
root: Train_Loss = 0.19695769250392914, Train_Err = 6.882
root: Val_Loss = 0.22362080216407776, Val_Err = 7.48
root: Epoch: [28 | 300]
root: Train_Loss = 0.19403517246246338, Train_Err = 6.642
root: Val_Loss = 0.2628903090953827, Val_Err = 8.78
root: Epoch: [29 | 300]
root: Train_Loss = 0.18843819200992584, Train_Err = 6.442
root: Val_Loss = 0.21784628927707672, Val_Err = 7.05
root: Epoch: [30 | 300]
root: Train_Loss = 0.1835874319076538, Train_Err = 6.228
root: Val_Loss = 0.21417875587940216, Val_Err = 7.33
root: Epoch: [31 | 300]
root: Train_Loss = 0.1811893880367279, Train_Err = 6.256
root: Val_Loss = 0.21478566527366638, Val_Err = 7.05
root: Epoch: [32 | 300]
root: Train_Loss = 0.1763691008090973, Train_Err = 5.94
root: Val_Loss = 0.22563987970352173, Val_Err = 7.47
root: Epoch: [33 | 300]
root: Train_Loss = 0.1692848801612854, Train_Err = 5.626
root: Val_Loss = 0.2031068503856659, Val_Err = 6.85
root: Epoch: [34 | 300]
root: Train_Loss = 0.1702994853258133, Train_Err = 5.792
root: Val_Loss = 0.20288103818893433, Val_Err = 6.84
root: Epoch: [35 | 300]
root: Train_Loss = 0.16210517287254333, Train_Err = 5.608
root: Val_Loss = 0.22164687514305115, Val_Err = 7.36
root: Epoch: [36 | 300]
root: Train_Loss = 0.1622098833322525, Train_Err = 5.676
root: Val_Loss = 0.21864086389541626, Val_Err = 7.09
root: Epoch: [37 | 300]
root: Train_Loss = 0.1563996970653534, Train_Err = 5.324
root: Val_Loss = 0.21342037618160248, Val_Err = 7.25
root: Epoch: [38 | 300]
root: Train_Loss = 0.1578386425971985, Train_Err = 5.298
root: Val_Loss = 0.21790875494480133, Val_Err = 7.17
root: Epoch: [39 | 300]
root: Train_Loss = 0.15149497985839844, Train_Err = 5.134
root: Val_Loss = 0.19991610944271088, Val_Err = 6.57
root: Epoch: [40 | 300]
root: Train_Loss = 0.1488637775182724, Train_Err = 5.106
root: Val_Loss = 0.21576860547065735, Val_Err = 7.1
root: Epoch: [41 | 300]
root: Train_Loss = 0.14728499948978424, Train_Err = 4.972
root: Val_Loss = 0.21545912325382233, Val_Err = 7.27
root: Epoch: [42 | 300]
root: Train_Loss = 0.1426253318786621, Train_Err = 4.814
root: Val_Loss = 0.22962233424186707, Val_Err = 7.26
root: Epoch: [43 | 300]
root: Train_Loss = 0.1458214670419693, Train_Err = 4.868
root: Val_Loss = 0.21380534768104553, Val_Err = 7.03
root: Epoch: [44 | 300]
root: Train_Loss = 0.1386134773492813, Train_Err = 4.754
root: Val_Loss = 0.23840798437595367, Val_Err = 7.7
root: Epoch: [45 | 300]
root: Train_Loss = 0.13837005198001862, Train_Err = 4.714
root: Val_Loss = 0.2247813493013382, Val_Err = 7.48
root: Epoch: [46 | 300]
root: Train_Loss = 0.13922947645187378, Train_Err = 4.66
root: Val_Loss = 0.2520575523376465, Val_Err = 8.19
root: Epoch: [47 | 300]
root: Train_Loss = 0.13313016295433044, Train_Err = 4.512
root: Val_Loss = 0.22713439166545868, Val_Err = 7.28
root: Epoch: [48 | 300]
root: Train_Loss = 0.12879003584384918, Train_Err = 4.306
root: Val_Loss = 0.20241636037826538, Val_Err = 6.36
root: Epoch: [49 | 300]
root: Train_Loss = 0.13672031462192535, Train_Err = 4.684
root: Val_Loss = 0.19559788703918457, Val_Err = 6.47
root: Epoch: [50 | 300]
root: Train_Loss = 0.12837570905685425, Train_Err = 4.308
root: Val_Loss = 0.1884346604347229, Val_Err = 6.35
root: Epoch: [51 | 300]
root: Train_Loss = 0.12906548380851746, Train_Err = 4.284
root: Val_Loss = 0.20489010214805603, Val_Err = 6.47
root: Epoch: [52 | 300]
root: Train_Loss = 0.1334984451532364, Train_Err = 4.438
root: Val_Loss = 0.19636742770671844, Val_Err = 6.49
root: Epoch: [53 | 300]
root: Train_Loss = 0.12586045265197754, Train_Err = 4.268
root: Val_Loss = 0.21227465569972992, Val_Err = 6.77
root: Epoch: [54 | 300]
root: Train_Loss = 0.12444928288459778, Train_Err = 4.056
root: Val_Loss = 0.18963481485843658, Val_Err = 6.35
root: Epoch: [55 | 300]
root: Train_Loss = 0.12354061007499695, Train_Err = 4.016
root: Val_Loss = 0.19977320730686188, Val_Err = 6.41
root: Epoch: [56 | 300]
root: Train_Loss = 0.1231870949268341, Train_Err = 4.156
root: Val_Loss = 0.17017889022827148, Val_Err = 5.8
root: Epoch: [57 | 300]
root: Train_Loss = 0.12214729189872742, Train_Err = 4.11
root: Val_Loss = 0.20394065976142883, Val_Err = 6.7
root: Epoch: [58 | 300]
root: Train_Loss = 0.1224227324128151, Train_Err = 4.034
root: Val_Loss = 0.19843582808971405, Val_Err = 6.18
root: Epoch: [59 | 300]
root: Train_Loss = 0.12191817164421082, Train_Err = 3.92
root: Val_Loss = 0.18961544334888458, Val_Err = 6.12
root: Epoch: [60 | 300]
root: Train_Loss = 0.11786725372076035, Train_Err = 3.918
root: Val_Loss = 0.21065934002399445, Val_Err = 6.59
root: Epoch: [61 | 300]
root: Train_Loss = 0.11758241057395935, Train_Err = 3.992
root: Val_Loss = 0.19370311498641968, Val_Err = 6.45
root: Epoch: [62 | 300]
root: Train_Loss = 0.11718776077032089, Train_Err = 3.9
root: Val_Loss = 0.19370974600315094, Val_Err = 6.19
root: Epoch: [63 | 300]
root: Train_Loss = 0.11739590764045715, Train_Err = 3.962
root: Val_Loss = 0.19340787827968597, Val_Err = 6.06
root: Epoch: [64 | 300]
root: Train_Loss = 0.11441511660814285, Train_Err = 3.854
root: Val_Loss = 0.19309282302856445, Val_Err = 6.39
root: Epoch: [65 | 300]
root: Train_Loss = 0.1112181544303894, Train_Err = 3.716
root: Val_Loss = 0.18948064744472504, Val_Err = 6.14
root: Epoch: [66 | 300]
root: Train_Loss = 0.11543363332748413, Train_Err = 3.764
root: Val_Loss = 0.1859586089849472, Val_Err = 5.9
root: Epoch: [67 | 300]
root: Train_Loss = 0.11413082480430603, Train_Err = 3.808
root: Val_Loss = 0.2052823007106781, Val_Err = 6.65
root: Epoch: [68 | 300]
root: Train_Loss = 0.11104690283536911, Train_Err = 3.672
root: Val_Loss = 0.19194889068603516, Val_Err = 6.14
root: Epoch: [69 | 300]
root: Train_Loss = 0.1115865483880043, Train_Err = 3.61
root: Val_Loss = 0.20428325235843658, Val_Err = 6.37
root: Epoch: [70 | 300]
root: Train_Loss = 0.11084076762199402, Train_Err = 3.66
root: Val_Loss = 0.17498113214969635, Val_Err = 5.61
root: Epoch: [71 | 300]
root: Train_Loss = 0.10934276878833771, Train_Err = 3.614
root: Val_Loss = 0.1807514727115631, Val_Err = 5.91
root: Epoch: [72 | 300]
root: Train_Loss = 0.10690562427043915, Train_Err = 3.53
root: Val_Loss = 0.1889306902885437, Val_Err = 6.18
root: Epoch: [73 | 300]
root: Train_Loss = 0.10784435272216797, Train_Err = 3.516
root: Val_Loss = 0.1869429349899292, Val_Err = 6.08
root: Epoch: [74 | 300]
root: Train_Loss = 0.10524635761976242, Train_Err = 3.424
root: Val_Loss = 0.1968189775943756, Val_Err = 6.28
root: Epoch: [75 | 300]
root: Train_Loss = 0.11074423789978027, Train_Err = 3.574
root: Val_Loss = 0.19584406912326813, Val_Err = 6.06
root: Epoch: [76 | 300]
root: Train_Loss = 0.10291936248540878, Train_Err = 3.364
root: Val_Loss = 0.18746082484722137, Val_Err = 6.05
root: Epoch: [77 | 300]
root: Train_Loss = 0.10664764046669006, Train_Err = 3.418
root: Val_Loss = 0.17780977487564087, Val_Err = 5.81
root: Epoch: [78 | 300]
root: Train_Loss = 0.1020861491560936, Train_Err = 3.326
root: Val_Loss = 0.1798018217086792, Val_Err = 5.89
root: Epoch: [79 | 300]
root: Train_Loss = 0.10644969344139099, Train_Err = 3.462
root: Val_Loss = 0.19576506316661835, Val_Err = 6.14
root: Epoch: [80 | 300]
root: Train_Loss = 0.10458062589168549, Train_Err = 3.36
root: Val_Loss = 0.185902938246727, Val_Err = 5.76
root: Epoch: [81 | 300]
root: Train_Loss = 0.10408639162778854, Train_Err = 3.412
root: Val_Loss = 0.1805885136127472, Val_Err = 5.88
root: Epoch: [82 | 300]
root: Train_Loss = 0.10337228327989578, Train_Err = 3.37
root: Val_Loss = 0.2021712064743042, Val_Err = 6.4
root: Epoch: [83 | 300]
root: Train_Loss = 0.10570152848958969, Train_Err = 3.438
root: Val_Loss = 0.17782986164093018, Val_Err = 5.83
root: Epoch: [84 | 300]
root: Train_Loss = 0.09810368716716766, Train_Err = 3.234
root: Val_Loss = 0.18023811280727386, Val_Err = 5.98
root: Epoch: [85 | 300]
root: Train_Loss = 0.09771574288606644, Train_Err = 3.208
root: Val_Loss = 0.17582538723945618, Val_Err = 5.49
root: Epoch: [86 | 300]
root: Train_Loss = 0.10260473191738129, Train_Err = 3.418
root: Val_Loss = 0.18945714831352234, Val_Err = 6.12
root: Epoch: [87 | 300]
root: Train_Loss = 0.10159382224082947, Train_Err = 3.268
root: Val_Loss = 0.1826249361038208, Val_Err = 5.55
root: Epoch: [88 | 300]
root: Train_Loss = 0.10135140269994736, Train_Err = 3.258
root: Val_Loss = 0.17725881934165955, Val_Err = 5.65
root: Epoch: [89 | 300]
root: Train_Loss = 0.10177462548017502, Train_Err = 3.474
root: Val_Loss = 0.19351841509342194, Val_Err = 6.0
root: Epoch: [90 | 300]
root: Train_Loss = 0.09611976146697998, Train_Err = 3.112
root: Val_Loss = 0.1902349442243576, Val_Err = 5.88
root: Epoch: [91 | 300]
root: Train_Loss = 0.09693433344364166, Train_Err = 3.144
root: Val_Loss = 0.1968512088060379, Val_Err = 6.19
root: Epoch: [92 | 300]
root: Train_Loss = 0.09868615865707397, Train_Err = 3.302
root: Val_Loss = 0.167388916015625, Val_Err = 5.48
root: Epoch: [93 | 300]
root: Train_Loss = 0.09786331653594971, Train_Err = 3.166
root: Val_Loss = 0.18330703675746918, Val_Err = 5.53
root: Epoch: [94 | 300]
root: Train_Loss = 0.09883440285921097, Train_Err = 3.156
root: Val_Loss = 0.171831876039505, Val_Err = 5.36
root: Epoch: [95 | 300]
root: Train_Loss = 0.09027985483407974, Train_Err = 2.874
root: Val_Loss = 0.1747443974018097, Val_Err = 5.46
root: Epoch: [96 | 300]
root: Train_Loss = 0.09857023507356644, Train_Err = 3.198
root: Val_Loss = 0.2032916247844696, Val_Err = 6.26
root: Epoch: [97 | 300]
root: Train_Loss = 0.09420979022979736, Train_Err = 3.0
root: Val_Loss = 0.17133891582489014, Val_Err = 5.66
root: Epoch: [98 | 300]
root: Train_Loss = 0.09304221719503403, Train_Err = 2.964
root: Val_Loss = 0.16396430134773254, Val_Err = 5.17
root: Epoch: [99 | 300]
root: Train_Loss = 0.09365854412317276, Train_Err = 3.09
root: Val_Loss = 0.17406140267848969, Val_Err = 5.67
root: Epoch: [100 | 300]
root: Train_Loss = 0.09661715477705002, Train_Err = 3.138
root: Val_Loss = 0.17836418747901917, Val_Err = 5.8
root: Epoch: [101 | 300]
root: Train_Loss = 0.0906636118888855, Train_Err = 2.876
root: Val_Loss = 0.1771955043077469, Val_Err = 6.02
root: Epoch: [102 | 300]
root: Train_Loss = 0.0909980833530426, Train_Err = 2.89
root: Val_Loss = 0.17364707589149475, Val_Err = 5.46
root: Epoch: [103 | 300]
root: Train_Loss = 0.09634644538164139, Train_Err = 3.132
root: Val_Loss = 0.16582688689231873, Val_Err = 5.48
root: Epoch: [104 | 300]
root: Train_Loss = 0.0949532613158226, Train_Err = 3.102
root: Val_Loss = 0.18168701231479645, Val_Err = 5.87
root: Epoch: [105 | 300]
root: Train_Loss = 0.08914854377508163, Train_Err = 2.88
root: Val_Loss = 0.20991463959217072, Val_Err = 6.63
root: Epoch: [106 | 300]
root: Train_Loss = 0.0936485156416893, Train_Err = 3.012
root: Val_Loss = 0.16483166813850403, Val_Err = 5.47
root: Epoch: [107 | 300]
root: Train_Loss = 0.09323464334011078, Train_Err = 3.016
root: Val_Loss = 0.16205330193042755, Val_Err = 5.19
root: Epoch: [108 | 300]
root: Train_Loss = 0.09186802804470062, Train_Err = 2.964
root: Val_Loss = 0.1742045283317566, Val_Err = 5.68
root: Epoch: [109 | 300]
root: Train_Loss = 0.09219398349523544, Train_Err = 2.968
root: Val_Loss = 0.18961209058761597, Val_Err = 6.11
root: Epoch: [110 | 300]
root: Train_Loss = 0.09116660803556442, Train_Err = 2.852
root: Val_Loss = 0.17885442078113556, Val_Err = 5.61
root: Epoch: [111 | 300]
root: Train_Loss = 0.0892983078956604, Train_Err = 2.818
root: Val_Loss = 0.1788162738084793, Val_Err = 5.81
root: Epoch: [112 | 300]
root: Train_Loss = 0.09402855485677719, Train_Err = 2.99
root: Val_Loss = 0.1886478066444397, Val_Err = 6.13
root: Epoch: [113 | 300]
root: Train_Loss = 0.08789287507534027, Train_Err = 2.74
root: Val_Loss = 0.17772677540779114, Val_Err = 5.72
root: Epoch: [114 | 300]
root: Train_Loss = 0.08977936208248138, Train_Err = 2.86
root: Val_Loss = 0.17054617404937744, Val_Err = 5.69
root: Epoch: [115 | 300]
root: Train_Loss = 0.08966114372015, Train_Err = 2.91
root: Val_Loss = 0.17405806481838226, Val_Err = 5.54
root: Epoch: [116 | 300]
root: Train_Loss = 0.08497847616672516, Train_Err = 2.738
root: Val_Loss = 0.18056201934814453, Val_Err = 5.75
root: Epoch: [117 | 300]
root: Train_Loss = 0.0887739509344101, Train_Err = 2.898
root: Val_Loss = 0.18874001502990723, Val_Err = 5.93
root: Epoch: [118 | 300]
root: Train_Loss = 0.08875370025634766, Train_Err = 2.862
root: Val_Loss = 0.17667053639888763, Val_Err = 5.79
root: Epoch: [119 | 300]
root: Train_Loss = 0.08816926181316376, Train_Err = 2.878
root: Val_Loss = 0.1834413707256317, Val_Err = 6.09
root: Epoch: [120 | 300]
root: Train_Loss = 0.0918770506978035, Train_Err = 2.99
root: Val_Loss = 0.16900752484798431, Val_Err = 5.52
root: Epoch: [121 | 300]
root: Train_Loss = 0.08710543066263199, Train_Err = 2.818
root: Val_Loss = 0.17957979440689087, Val_Err = 5.83
root: Epoch: [122 | 300]
root: Train_Loss = 0.08953317999839783, Train_Err = 2.918
root: Val_Loss = 0.1695105880498886, Val_Err = 5.27
root: Epoch: [123 | 300]
root: Train_Loss = 0.08799723535776138, Train_Err = 2.894
root: Val_Loss = 0.1556766927242279, Val_Err = 4.99
root: Epoch: [124 | 300]
root: Train_Loss = 0.08804602175951004, Train_Err = 2.864
root: Val_Loss = 0.18604879081249237, Val_Err = 5.85
root: Epoch: [125 | 300]
root: Train_Loss = 0.08860184997320175, Train_Err = 2.836
root: Val_Loss = 0.17606288194656372, Val_Err = 5.61
root: Epoch: [126 | 300]
root: Train_Loss = 0.08780153840780258, Train_Err = 2.762
root: Val_Loss = 0.16976045072078705, Val_Err = 5.46
root: Epoch: [127 | 300]
root: Train_Loss = 0.08757301419973373, Train_Err = 2.708
root: Val_Loss = 0.17266370356082916, Val_Err = 5.76
root: Epoch: [128 | 300]
root: Train_Loss = 0.08446244150400162, Train_Err = 2.716
root: Val_Loss = 0.16492703557014465, Val_Err = 5.2
root: Epoch: [129 | 300]
root: Train_Loss = 0.0862651914358139, Train_Err = 2.806
root: Val_Loss = 0.18032412230968475, Val_Err = 5.36
root: Epoch: [130 | 300]
root: Train_Loss = 0.08649755269289017, Train_Err = 2.742
root: Val_Loss = 0.16721540689468384, Val_Err = 5.29
root: Epoch: [131 | 300]
root: Train_Loss = 0.08201229572296143, Train_Err = 2.562
root: Val_Loss = 0.19802047312259674, Val_Err = 5.89
root: Epoch: [132 | 300]
root: Train_Loss = 0.08564449846744537, Train_Err = 2.694
root: Val_Loss = 0.1728067696094513, Val_Err = 5.49
root: Epoch: [133 | 300]
root: Train_Loss = 0.08583394438028336, Train_Err = 2.778
root: Val_Loss = 0.17317995429039001, Val_Err = 5.31
root: Epoch: [134 | 300]
root: Train_Loss = 0.08324695378541946, Train_Err = 2.658
root: Val_Loss = 0.18966305255889893, Val_Err = 6.07
root: Epoch: [135 | 300]
root: Train_Loss = 0.08334673941135406, Train_Err = 2.584
root: Val_Loss = 0.1574886292219162, Val_Err = 5.11
root: Epoch: [136 | 300]
root: Train_Loss = 0.08391978591680527, Train_Err = 2.668
root: Val_Loss = 0.18065232038497925, Val_Err = 5.43
root: Epoch: [137 | 300]
root: Train_Loss = 0.08589466661214828, Train_Err = 2.784
root: Val_Loss = 0.18823722004890442, Val_Err = 6.12
root: Epoch: [138 | 300]
root: Train_Loss = 0.08484010398387909, Train_Err = 2.774
root: Val_Loss = 0.16976536810398102, Val_Err = 5.24
root: Epoch: [139 | 300]
root: Train_Loss = 0.0830630362033844, Train_Err = 2.624
root: Val_Loss = 0.17415419220924377, Val_Err = 5.53
root: Epoch: [140 | 300]
root: Train_Loss = 0.08749635517597198, Train_Err = 2.8
root: Val_Loss = 0.17435322701931, Val_Err = 5.68
root: Epoch: [141 | 300]
root: Train_Loss = 0.08378734439611435, Train_Err = 2.69
root: Val_Loss = 0.16834335029125214, Val_Err = 5.29
root: Epoch: [142 | 300]
root: Train_Loss = 0.08418384194374084, Train_Err = 2.636
root: Val_Loss = 0.1865641474723816, Val_Err = 5.68
root: Epoch: [143 | 300]
root: Train_Loss = 0.0854894146323204, Train_Err = 2.684
root: Val_Loss = 0.16555625200271606, Val_Err = 5.21
root: Epoch: [144 | 300]
root: Train_Loss = 0.08435191959142685, Train_Err = 2.712
root: Val_Loss = 0.18691013753414154, Val_Err = 5.84
root: Epoch: [145 | 300]
root: Train_Loss = 0.0804530680179596, Train_Err = 2.548
root: Val_Loss = 0.19458922743797302, Val_Err = 5.77
root: Epoch: [146 | 300]
root: Train_Loss = 0.08285423368215561, Train_Err = 2.632
root: Val_Loss = 0.15323078632354736, Val_Err = 4.85
root: Epoch: [147 | 300]
root: Train_Loss = 0.08284293860197067, Train_Err = 2.704
root: Val_Loss = 0.18021690845489502, Val_Err = 5.69
root: Epoch: [148 | 300]
root: Train_Loss = 0.0827358067035675, Train_Err = 2.678
root: Val_Loss = 0.19241084158420563, Val_Err = 5.91
root: Epoch: [149 | 300]
root: Train_Loss = 0.0840294286608696, Train_Err = 2.712
root: Val_Loss = 0.16469086706638336, Val_Err = 5.25
root: Epoch: [150 | 300]
root: Train_Loss = 0.046781279146671295, Train_Err = 1.374
root: Val_Loss = 0.10651839524507523, Val_Err = 3.52
root: Epoch: [151 | 300]
root: Train_Loss = 0.03160944581031799, Train_Err = 0.888
root: Val_Loss = 0.10609479993581772, Val_Err = 3.35
root: Epoch: [152 | 300]
root: Train_Loss = 0.028935931622982025, Train_Err = 0.8
root: Val_Loss = 0.10396143794059753, Val_Err = 3.23
root: Epoch: [153 | 300]
root: Train_Loss = 0.025988886132836342, Train_Err = 0.676
root: Val_Loss = 0.10068859905004501, Val_Err = 3.23
root: Epoch: [154 | 300]
root: Train_Loss = 0.024737663567066193, Train_Err = 0.65
root: Val_Loss = 0.10116395354270935, Val_Err = 3.04
root: Epoch: [155 | 300]
root: Train_Loss = 0.02272212505340576, Train_Err = 0.562
root: Val_Loss = 0.09923914074897766, Val_Err = 3.13
root: Epoch: [156 | 300]
root: Train_Loss = 0.022347144782543182, Train_Err = 0.57
root: Val_Loss = 0.09905857592821121, Val_Err = 3.08
root: Epoch: [157 | 300]
root: Train_Loss = 0.021602557972073555, Train_Err = 0.562
root: Val_Loss = 0.09670612215995789, Val_Err = 3.11
root: Epoch: [158 | 300]
root: Train_Loss = 0.022743558511137962, Train_Err = 0.642
root: Val_Loss = 0.09800940006971359, Val_Err = 3.04
root: Epoch: [159 | 300]
root: Train_Loss = 0.02079971693456173, Train_Err = 0.54
root: Val_Loss = 0.09665974229574203, Val_Err = 3.08
root: Epoch: [160 | 300]
root: Train_Loss = 0.02053830772638321, Train_Err = 0.566
root: Val_Loss = 0.09812451899051666, Val_Err = 3.07
root: Epoch: [161 | 300]
root: Train_Loss = 0.020448291674256325, Train_Err = 0.548
root: Val_Loss = 0.09880813956260681, Val_Err = 2.95
root: Epoch: [162 | 300]
root: Train_Loss = 0.019789662212133408, Train_Err = 0.542
root: Val_Loss = 0.09699663519859314, Val_Err = 2.93
root: Epoch: [163 | 300]
root: Train_Loss = 0.019085275009274483, Train_Err = 0.496
root: Val_Loss = 0.09830740839242935, Val_Err = 3.13
root: Epoch: [164 | 300]
root: Train_Loss = 0.020053312182426453, Train_Err = 0.542
root: Val_Loss = 0.09606542438268661, Val_Err = 3.03
root: Epoch: [165 | 300]
root: Train_Loss = 0.01939430646598339, Train_Err = 0.52
root: Val_Loss = 0.09418920427560806, Val_Err = 2.96
root: Epoch: [166 | 300]
root: Train_Loss = 0.018169475719332695, Train_Err = 0.442
root: Val_Loss = 0.0977330133318901, Val_Err = 2.99
root: Epoch: [167 | 300]
root: Train_Loss = 0.017612474039196968, Train_Err = 0.466
root: Val_Loss = 0.09622018784284592, Val_Err = 3.0
root: Epoch: [168 | 300]
root: Train_Loss = 0.01741732470691204, Train_Err = 0.426
root: Val_Loss = 0.09409821778535843, Val_Err = 2.99
root: Epoch: [169 | 300]
root: Train_Loss = 0.018117429688572884, Train_Err = 0.476
root: Val_Loss = 0.09517437219619751, Val_Err = 2.88
root: Epoch: [170 | 300]
root: Train_Loss = 0.017526010051369667, Train_Err = 0.416
root: Val_Loss = 0.09523150324821472, Val_Err = 3.05
root: Epoch: [171 | 300]
root: Train_Loss = 0.01684115268290043, Train_Err = 0.438
root: Val_Loss = 0.09750451892614365, Val_Err = 3.05
root: Epoch: [172 | 300]
root: Train_Loss = 0.01767292246222496, Train_Err = 0.448
root: Val_Loss = 0.09330233186483383, Val_Err = 2.92
root: Epoch: [173 | 300]
root: Train_Loss = 0.016589876264333725, Train_Err = 0.418
root: Val_Loss = 0.09433183073997498, Val_Err = 2.95
root: Epoch: [174 | 300]
root: Train_Loss = 0.01631869003176689, Train_Err = 0.408
root: Val_Loss = 0.09228534251451492, Val_Err = 2.93
root: Epoch: [175 | 300]
root: Train_Loss = 0.01641378179192543, Train_Err = 0.408
root: Val_Loss = 0.09571018069982529, Val_Err = 3.11
root: Epoch: [176 | 300]
root: Train_Loss = 0.016962889581918716, Train_Err = 0.43
root: Val_Loss = 0.0927090272307396, Val_Err = 2.89
root: Epoch: [177 | 300]
root: Train_Loss = 0.017148179933428764, Train_Err = 0.412
root: Val_Loss = 0.09342096000909805, Val_Err = 2.82
root: Epoch: [178 | 300]
root: Train_Loss = 0.016731102019548416, Train_Err = 0.424
root: Val_Loss = 0.09192843735218048, Val_Err = 2.86
root: Epoch: [179 | 300]
root: Train_Loss = 0.015081891790032387, Train_Err = 0.324
root: Val_Loss = 0.09258674830198288, Val_Err = 2.85
root: Epoch: [180 | 300]
root: Train_Loss = 0.015498082153499126, Train_Err = 0.372
root: Val_Loss = 0.09488389641046524, Val_Err = 2.91
root: Epoch: [181 | 300]
root: Train_Loss = 0.016435518860816956, Train_Err = 0.396
root: Val_Loss = 0.09228397905826569, Val_Err = 2.85
root: Epoch: [182 | 300]
root: Train_Loss = 0.015844356268644333, Train_Err = 0.372
root: Val_Loss = 0.09224525839090347, Val_Err = 2.82
root: Epoch: [183 | 300]
root: Train_Loss = 0.015679670497775078, Train_Err = 0.356
root: Val_Loss = 0.0941024199128151, Val_Err = 2.83
root: Epoch: [184 | 300]
root: Train_Loss = 0.015203440561890602, Train_Err = 0.336
root: Val_Loss = 0.09065520763397217, Val_Err = 2.74
root: Epoch: [185 | 300]
root: Train_Loss = 0.015042790211737156, Train_Err = 0.384
root: Val_Loss = 0.09138576686382294, Val_Err = 2.84
root: Epoch: [186 | 300]
root: Train_Loss = 0.016293855383992195, Train_Err = 0.408
root: Val_Loss = 0.09249965846538544, Val_Err = 2.79
root: Epoch: [187 | 300]
root: Train_Loss = 0.015542895533144474, Train_Err = 0.368
root: Val_Loss = 0.09181558340787888, Val_Err = 2.79
root: Epoch: [188 | 300]
root: Train_Loss = 0.01545160822570324, Train_Err = 0.37
root: Val_Loss = 0.08997786045074463, Val_Err = 2.81
root: Epoch: [189 | 300]
root: Train_Loss = 0.01561369001865387, Train_Err = 0.366
root: Val_Loss = 0.0931067019701004, Val_Err = 2.73
root: Epoch: [190 | 300]
root: Train_Loss = 0.014715410768985748, Train_Err = 0.326
root: Val_Loss = 0.0867890939116478, Val_Err = 2.66
root: Epoch: [191 | 300]
root: Train_Loss = 0.014991122297942638, Train_Err = 0.338
root: Val_Loss = 0.0883696898818016, Val_Err = 2.72
root: Epoch: [192 | 300]
root: Train_Loss = 0.014572817832231522, Train_Err = 0.352
root: Val_Loss = 0.09013811498880386, Val_Err = 2.8
root: Epoch: [193 | 300]
root: Train_Loss = 0.015090345405042171, Train_Err = 0.362
root: Val_Loss = 0.09178176522254944, Val_Err = 2.82
root: Epoch: [194 | 300]
root: Train_Loss = 0.015204052440822124, Train_Err = 0.354
root: Val_Loss = 0.08907730132341385, Val_Err = 2.76
root: Epoch: [195 | 300]
root: Train_Loss = 0.01369369588792324, Train_Err = 0.304
root: Val_Loss = 0.09090527147054672, Val_Err = 2.82
root: Epoch: [196 | 300]
root: Train_Loss = 0.014971191994845867, Train_Err = 0.362
root: Val_Loss = 0.09130494296550751, Val_Err = 2.84
root: Epoch: [197 | 300]
root: Train_Loss = 0.013652139343321323, Train_Err = 0.268
root: Val_Loss = 0.09178854525089264, Val_Err = 2.9
root: Epoch: [198 | 300]
root: Train_Loss = 0.013841144740581512, Train_Err = 0.312
root: Val_Loss = 0.09381246566772461, Val_Err = 2.95
root: Epoch: [199 | 300]
root: Train_Loss = 0.015083118341863155, Train_Err = 0.362
root: Val_Loss = 0.09304992109537125, Val_Err = 2.89
root: Epoch: [200 | 300]
root: Train_Loss = 0.013972884975373745, Train_Err = 0.366
root: Val_Loss = 0.09268799424171448, Val_Err = 2.87
root: Epoch: [201 | 300]
root: Train_Loss = 0.014172123745083809, Train_Err = 0.304
root: Val_Loss = 0.09128595143556595, Val_Err = 2.89
root: Epoch: [202 | 300]
root: Train_Loss = 0.014617701061069965, Train_Err = 0.37
root: Val_Loss = 0.09054058790206909, Val_Err = 2.79
root: Epoch: [203 | 300]
root: Train_Loss = 0.015487047843635082, Train_Err = 0.376
root: Val_Loss = 0.09057540446519852, Val_Err = 2.9
root: Epoch: [204 | 300]
root: Train_Loss = 0.014208959415555, Train_Err = 0.312
root: Val_Loss = 0.08885492384433746, Val_Err = 2.85
root: Epoch: [205 | 300]
root: Train_Loss = 0.014459880068898201, Train_Err = 0.32
root: Val_Loss = 0.09226160496473312, Val_Err = 2.96
root: Epoch: [206 | 300]
root: Train_Loss = 0.01379233319312334, Train_Err = 0.326
root: Val_Loss = 0.09241373836994171, Val_Err = 2.88
root: Epoch: [207 | 300]
root: Train_Loss = 0.014433466829359531, Train_Err = 0.314
root: Val_Loss = 0.09352753311395645, Val_Err = 2.93
root: Epoch: [208 | 300]
root: Train_Loss = 0.013733716681599617, Train_Err = 0.306
root: Val_Loss = 0.08990805596113205, Val_Err = 2.88
root: Epoch: [209 | 300]
root: Train_Loss = 0.013738742098212242, Train_Err = 0.294
root: Val_Loss = 0.09250764548778534, Val_Err = 2.88
root: Epoch: [210 | 300]
root: Train_Loss = 0.013775925152003765, Train_Err = 0.316
root: Val_Loss = 0.08961713314056396, Val_Err = 2.89
root: Epoch: [211 | 300]
root: Train_Loss = 0.013359506614506245, Train_Err = 0.292
root: Val_Loss = 0.09215547889471054, Val_Err = 2.87
root: Epoch: [212 | 300]
root: Train_Loss = 0.013655317015945911, Train_Err = 0.284
root: Val_Loss = 0.08861663192510605, Val_Err = 2.71
root: Epoch: [213 | 300]
root: Train_Loss = 0.01457300502806902, Train_Err = 0.34
root: Val_Loss = 0.0893021672964096, Val_Err = 2.84
root: Epoch: [214 | 300]
root: Train_Loss = 0.013774381950497627, Train_Err = 0.306
root: Val_Loss = 0.0892004668712616, Val_Err = 2.87
root: Epoch: [215 | 300]
root: Train_Loss = 0.01421790849417448, Train_Err = 0.314
root: Val_Loss = 0.0896000787615776, Val_Err = 2.73
root: Epoch: [216 | 300]
root: Train_Loss = 0.013341357000172138, Train_Err = 0.286
root: Val_Loss = 0.09038634598255157, Val_Err = 2.77
root: Epoch: [217 | 300]
root: Train_Loss = 0.01377050019800663, Train_Err = 0.312
root: Val_Loss = 0.08943130820989609, Val_Err = 2.74
root: Epoch: [218 | 300]
root: Train_Loss = 0.013600882142782211, Train_Err = 0.302
root: Val_Loss = 0.0911872386932373, Val_Err = 2.87
root: Epoch: [219 | 300]
root: Train_Loss = 0.01320179644972086, Train_Err = 0.276
root: Val_Loss = 0.08835388720035553, Val_Err = 2.88
root: Epoch: [220 | 300]
root: Train_Loss = 0.013153600506484509, Train_Err = 0.28
root: Val_Loss = 0.08656425774097443, Val_Err = 2.85
root: Epoch: [221 | 300]
root: Train_Loss = 0.013466470874845982, Train_Err = 0.286
root: Val_Loss = 0.08515962958335876, Val_Err = 2.85
root: Epoch: [222 | 300]
root: Train_Loss = 0.012747961096465588, Train_Err = 0.262
root: Val_Loss = 0.08900567889213562, Val_Err = 2.89
root: Epoch: [223 | 300]
root: Train_Loss = 0.013463002629578114, Train_Err = 0.288
root: Val_Loss = 0.09068203717470169, Val_Err = 3.02
root: Epoch: [224 | 300]
root: Train_Loss = 0.01331746019423008, Train_Err = 0.286
root: Val_Loss = 0.0873057022690773, Val_Err = 2.91
root: Epoch: [225 | 300]
root: Train_Loss = 0.013408477418124676, Train_Err = 0.298
root: Val_Loss = 0.08702176064252853, Val_Err = 2.85
root: Epoch: [226 | 300]
root: Train_Loss = 0.0125962495803833, Train_Err = 0.258
root: Val_Loss = 0.08635754138231277, Val_Err = 2.87
root: Epoch: [227 | 300]
root: Train_Loss = 0.012418737635016441, Train_Err = 0.24
root: Val_Loss = 0.08813362568616867, Val_Err = 2.86
root: Epoch: [228 | 300]
root: Train_Loss = 0.012439771555364132, Train_Err = 0.28
root: Val_Loss = 0.08719177544116974, Val_Err = 2.88
root: Epoch: [229 | 300]
root: Train_Loss = 0.011783415451645851, Train_Err = 0.246
root: Val_Loss = 0.08686348050832748, Val_Err = 2.82
root: Epoch: [230 | 300]
root: Train_Loss = 0.011619175784289837, Train_Err = 0.256
root: Val_Loss = 0.08811603486537933, Val_Err = 2.76
root: Epoch: [231 | 300]
root: Train_Loss = 0.011546153575181961, Train_Err = 0.232
root: Val_Loss = 0.086585134267807, Val_Err = 2.75
root: Epoch: [232 | 300]
root: Train_Loss = 0.01164825540035963, Train_Err = 0.232
root: Val_Loss = 0.08550456911325455, Val_Err = 2.79
root: Epoch: [233 | 300]
root: Train_Loss = 0.011917279101908207, Train_Err = 0.262
root: Val_Loss = 0.0866161361336708, Val_Err = 2.75
root: Epoch: [234 | 300]
root: Train_Loss = 0.011913936585187912, Train_Err = 0.256
root: Val_Loss = 0.08649691194295883, Val_Err = 2.65
root: Epoch: [235 | 300]
root: Train_Loss = 0.011773661710321903, Train_Err = 0.222
root: Val_Loss = 0.0866701602935791, Val_Err = 2.79
root: Epoch: [236 | 300]
root: Train_Loss = 0.011704068630933762, Train_Err = 0.25
root: Val_Loss = 0.08680783212184906, Val_Err = 2.83
root: Epoch: [237 | 300]
root: Train_Loss = 0.011086336337029934, Train_Err = 0.23
root: Val_Loss = 0.08596191555261612, Val_Err = 2.83
root: Epoch: [238 | 300]
root: Train_Loss = 0.011777210049331188, Train_Err = 0.236
root: Val_Loss = 0.08546725660562515, Val_Err = 2.77
root: Epoch: [239 | 300]
root: Train_Loss = 0.010864727199077606, Train_Err = 0.214
root: Val_Loss = 0.08601514995098114, Val_Err = 2.74
root: Epoch: [240 | 300]
root: Train_Loss = 0.011239113286137581, Train_Err = 0.246
root: Val_Loss = 0.08613398671150208, Val_Err = 2.76
root: Epoch: [241 | 300]
root: Train_Loss = 0.01150856539607048, Train_Err = 0.24
root: Val_Loss = 0.0856373980641365, Val_Err = 2.71
root: Epoch: [242 | 300]
root: Train_Loss = 0.010520596988499165, Train_Err = 0.202
root: Val_Loss = 0.08531935513019562, Val_Err = 2.76
root: Epoch: [243 | 300]
root: Train_Loss = 0.010763455182313919, Train_Err = 0.23
root: Val_Loss = 0.08585330098867416, Val_Err = 2.71
root: Epoch: [244 | 300]
root: Train_Loss = 0.011387943290174007, Train_Err = 0.246
root: Val_Loss = 0.08517728745937347, Val_Err = 2.66
root: Epoch: [245 | 300]
root: Train_Loss = 0.010923962108790874, Train_Err = 0.23
root: Val_Loss = 0.08718858659267426, Val_Err = 2.65
root: Epoch: [246 | 300]
root: Train_Loss = 0.010524905286729336, Train_Err = 0.194
root: Val_Loss = 0.08549737930297852, Val_Err = 2.72
root: Epoch: [247 | 300]
root: Train_Loss = 0.011101757176220417, Train_Err = 0.234
root: Val_Loss = 0.0858951061964035, Val_Err = 2.73
root: Epoch: [248 | 300]
root: Train_Loss = 0.01094661932438612, Train_Err = 0.216
root: Val_Loss = 0.0860479399561882, Val_Err = 2.71
root: Epoch: [249 | 300]
root: Train_Loss = 0.010880264453589916, Train_Err = 0.214
root: Val_Loss = 0.08433030545711517, Val_Err = 2.71
root: Epoch: [250 | 300]
root: Train_Loss = 0.01035270094871521, Train_Err = 0.182
root: Val_Loss = 0.08437938988208771, Val_Err = 2.67
root: Epoch: [251 | 300]
root: Train_Loss = 0.010911757126450539, Train_Err = 0.212
root: Val_Loss = 0.08710566908121109, Val_Err = 2.68
root: Epoch: [252 | 300]
root: Train_Loss = 0.010018819943070412, Train_Err = 0.218
root: Val_Loss = 0.08611588180065155, Val_Err = 2.71
root: Epoch: [253 | 300]
root: Train_Loss = 0.010298660956323147, Train_Err = 0.196
root: Val_Loss = 0.08534804731607437, Val_Err = 2.81
root: Epoch: [254 | 300]
root: Train_Loss = 0.011573517695069313, Train_Err = 0.252
root: Val_Loss = 0.08602283895015717, Val_Err = 2.73
root: Epoch: [255 | 300]
root: Train_Loss = 0.009815627709031105, Train_Err = 0.206
root: Val_Loss = 0.08627583831548691, Val_Err = 2.72
root: Epoch: [256 | 300]
root: Train_Loss = 0.010409264825284481, Train_Err = 0.198
root: Val_Loss = 0.08623357117176056, Val_Err = 2.71
root: Epoch: [257 | 300]
root: Train_Loss = 0.010763367637991905, Train_Err = 0.22
root: Val_Loss = 0.08526282012462616, Val_Err = 2.7
root: Epoch: [258 | 300]
root: Train_Loss = 0.01020534336566925, Train_Err = 0.2
root: Val_Loss = 0.08807114511728287, Val_Err = 2.77
root: Epoch: [259 | 300]
root: Train_Loss = 0.010628800839185715, Train_Err = 0.208
root: Val_Loss = 0.08476581424474716, Val_Err = 2.75
root: Epoch: [260 | 300]
root: Train_Loss = 0.01042616181075573, Train_Err = 0.184
root: Val_Loss = 0.08704492449760437, Val_Err = 2.78
root: Epoch: [261 | 300]
root: Train_Loss = 0.010928366333246231, Train_Err = 0.224
root: Val_Loss = 0.08631893247365952, Val_Err = 2.76
root: Epoch: [262 | 300]
root: Train_Loss = 0.01060187816619873, Train_Err = 0.202
root: Val_Loss = 0.08506714552640915, Val_Err = 2.73
root: Epoch: [263 | 300]
root: Train_Loss = 0.010479087941348553, Train_Err = 0.21
root: Val_Loss = 0.08566954731941223, Val_Err = 2.75
root: Epoch: [264 | 300]
root: Train_Loss = 0.01055870484560728, Train_Err = 0.21
root: Val_Loss = 0.08482909202575684, Val_Err = 2.69
root: Epoch: [265 | 300]
root: Train_Loss = 0.010458564385771751, Train_Err = 0.214
root: Val_Loss = 0.08580213040113449, Val_Err = 2.74
root: Epoch: [266 | 300]
root: Train_Loss = 0.010800580494105816, Train_Err = 0.23
root: Val_Loss = 0.0859236940741539, Val_Err = 2.74
root: Epoch: [267 | 300]
root: Train_Loss = 0.01057083997875452, Train_Err = 0.212
root: Val_Loss = 0.08756433427333832, Val_Err = 2.79
root: Epoch: [268 | 300]
root: Train_Loss = 0.010925636626780033, Train_Err = 0.25
root: Val_Loss = 0.08468476682901382, Val_Err = 2.73
root: Epoch: [269 | 300]
root: Train_Loss = 0.010111773386597633, Train_Err = 0.18
root: Val_Loss = 0.0854373350739479, Val_Err = 2.7
root: Epoch: [270 | 300]
root: Train_Loss = 0.009549580514431, Train_Err = 0.188
root: Val_Loss = 0.0851309522986412, Val_Err = 2.67
root: Epoch: [271 | 300]
root: Train_Loss = 0.010184105485677719, Train_Err = 0.202
root: Val_Loss = 0.08485265076160431, Val_Err = 2.73
root: Epoch: [272 | 300]
root: Train_Loss = 0.010369578376412392, Train_Err = 0.214
root: Val_Loss = 0.08527561277151108, Val_Err = 2.67
root: Epoch: [273 | 300]
root: Train_Loss = 0.010393863543868065, Train_Err = 0.208
root: Val_Loss = 0.08500991761684418, Val_Err = 2.7
root: Epoch: [274 | 300]
root: Train_Loss = 0.010078446939587593, Train_Err = 0.174
root: Val_Loss = 0.0853164792060852, Val_Err = 2.71
root: Epoch: [275 | 300]
root: Train_Loss = 0.01009930670261383, Train_Err = 0.208
root: Val_Loss = 0.08608722686767578, Val_Err = 2.73
root: Epoch: [276 | 300]
root: Train_Loss = 0.010794408619403839, Train_Err = 0.236
root: Val_Loss = 0.08670574426651001, Val_Err = 2.81
root: Epoch: [277 | 300]
root: Train_Loss = 0.010391945950686932, Train_Err = 0.196
root: Val_Loss = 0.08407457172870636, Val_Err = 2.73
root: Epoch: [278 | 300]
root: Train_Loss = 0.010405518114566803, Train_Err = 0.21
root: Val_Loss = 0.08512707054615021, Val_Err = 2.74
root: Epoch: [279 | 300]
root: Train_Loss = 0.00982876867055893, Train_Err = 0.206
root: Val_Loss = 0.0860752984881401, Val_Err = 2.72
root: Epoch: [280 | 300]
root: Train_Loss = 0.010500415228307247, Train_Err = 0.218
root: Val_Loss = 0.08486172556877136, Val_Err = 2.7
root: Epoch: [281 | 300]
root: Train_Loss = 0.010928518138825893, Train_Err = 0.21
root: Val_Loss = 0.08427496999502182, Val_Err = 2.71
root: Epoch: [282 | 300]
root: Train_Loss = 0.010859575122594833, Train_Err = 0.226
root: Val_Loss = 0.087166428565979, Val_Err = 2.69
root: Epoch: [283 | 300]
root: Train_Loss = 0.009619764052331448, Train_Err = 0.188
root: Val_Loss = 0.08566783368587494, Val_Err = 2.74
root: Epoch: [284 | 300]
root: Train_Loss = 0.009926581755280495, Train_Err = 0.182
root: Val_Loss = 0.08502774685621262, Val_Err = 2.71
root: Epoch: [285 | 300]
root: Train_Loss = 0.010708916932344437, Train_Err = 0.218
root: Val_Loss = 0.0854719951748848, Val_Err = 2.73
root: Epoch: [286 | 300]
root: Train_Loss = 0.00942637212574482, Train_Err = 0.166
root: Val_Loss = 0.086436428129673, Val_Err = 2.71
root: Epoch: [287 | 300]
root: Train_Loss = 0.010040594264864922, Train_Err = 0.182
root: Val_Loss = 0.08524870127439499, Val_Err = 2.72
root: Epoch: [288 | 300]
root: Train_Loss = 0.010107366368174553, Train_Err = 0.212
root: Val_Loss = 0.08524724841117859, Val_Err = 2.71
root: Epoch: [289 | 300]
root: Train_Loss = 0.010162056423723698, Train_Err = 0.182
root: Val_Loss = 0.08544690161943436, Val_Err = 2.68
root: Epoch: [290 | 300]
root: Train_Loss = 0.009274845011532307, Train_Err = 0.148
root: Val_Loss = 0.08473074436187744, Val_Err = 2.69
root: Epoch: [291 | 300]
root: Train_Loss = 0.010323120281100273, Train_Err = 0.218
root: Val_Loss = 0.08393468707799911, Val_Err = 2.65
root: Epoch: [292 | 300]
root: Train_Loss = 0.00979806762188673, Train_Err = 0.182
root: Val_Loss = 0.08575145900249481, Val_Err = 2.73
root: Epoch: [293 | 300]
root: Train_Loss = 0.009892623871564865, Train_Err = 0.186
root: Val_Loss = 0.08481132984161377, Val_Err = 2.69
root: Epoch: [294 | 300]
root: Train_Loss = 0.010180134326219559, Train_Err = 0.19
root: Val_Loss = 0.08653861284255981, Val_Err = 2.66
root: Epoch: [295 | 300]
root: Train_Loss = 0.010777325369417667, Train_Err = 0.2
root: Val_Loss = 0.0845700204372406, Val_Err = 2.62
root: Epoch: [296 | 300]
root: Train_Loss = 0.009570705704391003, Train_Err = 0.162
root: Val_Loss = 0.08547143638134003, Val_Err = 2.73
root: Epoch: [297 | 300]
root: Train_Loss = 0.010050882585346699, Train_Err = 0.182
root: Val_Loss = 0.0860832929611206, Val_Err = 2.72
root: Epoch: [298 | 300]
root: Train_Loss = 0.009991340339183807, Train_Err = 0.194
root: Val_Loss = 0.08574079722166061, Val_Err = 2.67
root: Epoch: [299 | 300]
root: Train_Loss = 0.009245864115655422, Train_Err = 0.178
root: Val_Loss = 0.08749686926603317, Val_Err = 2.76
