root: Namespace(batch_size=128, cp_dir='checkpoints/basic_cutout/cifar100/sgd/run_ms_0/pyramidnet_272_bottleneck/run0', depth=272, dtype='cifar100', epochs=300, img_aug='basic_cutout', learning_rate=0.1, momentum=0.9, mtype='pyramidnet', num_classes=100, resume=None, seed=0, threads=8, weight_decay=0.0001, width_factor=10)
root: Epoch: [0 | 300]
root: Train_Loss = 3.802281379699707, Train_Err = 88.126
root: Val_Loss = 3.394697666168213, Val_Err = 81.64
root: Epoch: [1 | 300]
root: Train_Loss = 2.8574485778808594, Train_Err = 72.446
root: Val_Loss = 2.8411409854888916, Val_Err = 69.37
root: Epoch: [2 | 300]
root: Train_Loss = 2.2017085552215576, Train_Err = 58.988
root: Val_Loss = 2.361283779144287, Val_Err = 60.7
root: Epoch: [3 | 300]
root: Train_Loss = 1.7974374294281006, Train_Err = 50.056
root: Val_Loss = 2.0178616046905518, Val_Err = 54.06
root: Epoch: [4 | 300]
root: Train_Loss = 1.5541547536849976, Train_Err = 44.06
root: Val_Loss = 1.8997892141342163, Val_Err = 48.92
root: Epoch: [5 | 300]
root: Train_Loss = 1.3810138702392578, Train_Err = 39.418
root: Val_Loss = 1.7759507894515991, Val_Err = 47.05
root: Epoch: [6 | 300]
root: Train_Loss = 1.247826337814331, Train_Err = 36.322
root: Val_Loss = 1.468113660812378, Val_Err = 41.23
root: Epoch: [7 | 300]
root: Train_Loss = 1.148895025253296, Train_Err = 33.382
root: Val_Loss = 1.6717997789382935, Val_Err = 43.87
root: Epoch: [8 | 300]
root: Train_Loss = 1.0540692806243896, Train_Err = 31.21
root: Val_Loss = 1.5396724939346313, Val_Err = 40.74
root: Epoch: [9 | 300]
root: Train_Loss = 0.9793006181716919, Train_Err = 29.034
root: Val_Loss = 1.461991310119629, Val_Err = 38.38
root: Epoch: [10 | 300]
root: Train_Loss = 0.9153860807418823, Train_Err = 27.512
root: Val_Loss = 1.3427989482879639, Val_Err = 36.81
root: Epoch: [11 | 300]
root: Train_Loss = 0.8561654686927795, Train_Err = 25.87
root: Val_Loss = 1.4614522457122803, Val_Err = 37.53
root: Epoch: [12 | 300]
root: Train_Loss = 0.8073753118515015, Train_Err = 24.548
root: Val_Loss = 1.2849830389022827, Val_Err = 35.16
root: Epoch: [13 | 300]
root: Train_Loss = 0.7602699995040894, Train_Err = 23.424
root: Val_Loss = 1.4546794891357422, Val_Err = 37.18
root: Epoch: [14 | 300]
root: Train_Loss = 0.7101246118545532, Train_Err = 22.028
root: Val_Loss = 1.3482037782669067, Val_Err = 35.41
root: Epoch: [15 | 300]
root: Train_Loss = 0.678635835647583, Train_Err = 20.978
root: Val_Loss = 1.5927815437316895, Val_Err = 39.32
root: Epoch: [16 | 300]
root: Train_Loss = 0.6425719261169434, Train_Err = 20.0
root: Val_Loss = 1.230018138885498, Val_Err = 32.46
root: Epoch: [17 | 300]
root: Train_Loss = 0.6100073456764221, Train_Err = 18.916
root: Val_Loss = 1.3853684663772583, Val_Err = 35.18
root: Epoch: [18 | 300]
root: Train_Loss = 0.5810893177986145, Train_Err = 18.108
root: Val_Loss = 1.238793134689331, Val_Err = 32.02
root: Epoch: [19 | 300]
root: Train_Loss = 0.5556567907333374, Train_Err = 17.39
root: Val_Loss = 1.2001157999038696, Val_Err = 31.06
root: Epoch: [20 | 300]
root: Train_Loss = 0.5223948359489441, Train_Err = 16.518
root: Val_Loss = 1.367461919784546, Val_Err = 33.59
root: Epoch: [21 | 300]
root: Train_Loss = 0.5027990937232971, Train_Err = 15.798
root: Val_Loss = 1.237344741821289, Val_Err = 31.52
root: Epoch: [22 | 300]
root: Train_Loss = 0.4773537814617157, Train_Err = 15.132
root: Val_Loss = 1.4058758020401, Val_Err = 34.86
root: Epoch: [23 | 300]
root: Train_Loss = 0.45510414242744446, Train_Err = 14.372
root: Val_Loss = 1.3025192022323608, Val_Err = 32.02
root: Epoch: [24 | 300]
root: Train_Loss = 0.4492344558238983, Train_Err = 14.34
root: Val_Loss = 1.3527007102966309, Val_Err = 32.7
root: Epoch: [25 | 300]
root: Train_Loss = 0.41975173354148865, Train_Err = 13.41
root: Val_Loss = 1.2874826192855835, Val_Err = 31.36
root: Epoch: [26 | 300]
root: Train_Loss = 0.41876640915870667, Train_Err = 13.366
root: Val_Loss = 1.2934975624084473, Val_Err = 31.27
root: Epoch: [27 | 300]
root: Train_Loss = 0.3922558128833771, Train_Err = 12.488
root: Val_Loss = 1.2789931297302246, Val_Err = 31.67
root: Epoch: [28 | 300]
root: Train_Loss = 0.3863930404186249, Train_Err = 12.286
root: Val_Loss = 1.3715057373046875, Val_Err = 31.74
root: Epoch: [29 | 300]
root: Train_Loss = 0.3768066167831421, Train_Err = 11.794
root: Val_Loss = 1.2701671123504639, Val_Err = 31.09
root: Epoch: [30 | 300]
root: Train_Loss = 0.3528943657875061, Train_Err = 11.296
root: Val_Loss = 1.3726505041122437, Val_Err = 32.18
root: Epoch: [31 | 300]
root: Train_Loss = 0.3658317029476166, Train_Err = 11.648
root: Val_Loss = 1.3531975746154785, Val_Err = 32.72
root: Epoch: [32 | 300]
root: Train_Loss = 0.35094523429870605, Train_Err = 11.166
root: Val_Loss = 1.3057416677474976, Val_Err = 30.78
root: Epoch: [33 | 300]
root: Train_Loss = 0.3396078944206238, Train_Err = 10.84
root: Val_Loss = 1.362940788269043, Val_Err = 32.0
root: Epoch: [34 | 300]
root: Train_Loss = 0.3179240822792053, Train_Err = 10.174
root: Val_Loss = 1.310509204864502, Val_Err = 30.65
root: Epoch: [35 | 300]
root: Train_Loss = 0.3308071792125702, Train_Err = 10.752
root: Val_Loss = 1.312499761581421, Val_Err = 30.8
root: Epoch: [36 | 300]
root: Train_Loss = 0.303155779838562, Train_Err = 9.688
root: Val_Loss = 1.3291599750518799, Val_Err = 31.31
root: Epoch: [37 | 300]
root: Train_Loss = 0.32611367106437683, Train_Err = 10.544
root: Val_Loss = 1.3504071235656738, Val_Err = 31.5
root: Epoch: [38 | 300]
root: Train_Loss = 0.2993345260620117, Train_Err = 9.44
root: Val_Loss = 1.3843022584915161, Val_Err = 31.35
root: Epoch: [39 | 300]
root: Train_Loss = 0.28890982270240784, Train_Err = 9.164
root: Val_Loss = 1.402874231338501, Val_Err = 32.49
root: Epoch: [40 | 300]
root: Train_Loss = 0.2985481023788452, Train_Err = 9.61
root: Val_Loss = 1.2706478834152222, Val_Err = 29.57
root: Epoch: [41 | 300]
root: Train_Loss = 0.2728070020675659, Train_Err = 8.732
root: Val_Loss = 1.3232439756393433, Val_Err = 30.24
root: Epoch: [42 | 300]
root: Train_Loss = 0.2805308997631073, Train_Err = 8.902
root: Val_Loss = 1.3616290092468262, Val_Err = 30.8
root: Epoch: [43 | 300]
root: Train_Loss = 0.2749222218990326, Train_Err = 8.844
root: Val_Loss = 1.3341741561889648, Val_Err = 30.3
root: Epoch: [44 | 300]
root: Train_Loss = 0.27144092321395874, Train_Err = 8.706
root: Val_Loss = 1.4489102363586426, Val_Err = 31.55
root: Epoch: [45 | 300]
root: Train_Loss = 0.25812289118766785, Train_Err = 8.1
root: Val_Loss = 1.3798801898956299, Val_Err = 30.8
root: Epoch: [46 | 300]
root: Train_Loss = 0.276851624250412, Train_Err = 8.764
root: Val_Loss = 1.2696160078048706, Val_Err = 28.64
root: Epoch: [47 | 300]
root: Train_Loss = 0.258251816034317, Train_Err = 8.164
root: Val_Loss = 1.321805477142334, Val_Err = 30.5
root: Epoch: [48 | 300]
root: Train_Loss = 0.2606259286403656, Train_Err = 8.256
root: Val_Loss = 1.3614540100097656, Val_Err = 30.9
root: Epoch: [49 | 300]
root: Train_Loss = 0.2583068013191223, Train_Err = 8.296
root: Val_Loss = 1.404158115386963, Val_Err = 31.56
root: Epoch: [50 | 300]
root: Train_Loss = 0.2667199373245239, Train_Err = 8.422
root: Val_Loss = 1.346738576889038, Val_Err = 30.22
root: Epoch: [51 | 300]
root: Train_Loss = 0.24805518984794617, Train_Err = 7.872
root: Val_Loss = 1.3740570545196533, Val_Err = 30.34
root: Epoch: [52 | 300]
root: Train_Loss = 0.24000780284404755, Train_Err = 7.778
root: Val_Loss = 1.4052989482879639, Val_Err = 29.85
root: Epoch: [53 | 300]
root: Train_Loss = 0.24646224081516266, Train_Err = 7.93
root: Val_Loss = 1.501866102218628, Val_Err = 32.57
root: Epoch: [54 | 300]
root: Train_Loss = 0.24577274918556213, Train_Err = 7.894
root: Val_Loss = 1.3993338346481323, Val_Err = 30.88
root: Epoch: [55 | 300]
root: Train_Loss = 0.23099389672279358, Train_Err = 7.254
root: Val_Loss = 1.3802523612976074, Val_Err = 30.61
root: Epoch: [56 | 300]
root: Train_Loss = 0.24058784544467926, Train_Err = 7.546
root: Val_Loss = 1.304802656173706, Val_Err = 29.16
root: Epoch: [57 | 300]
root: Train_Loss = 0.22590425610542297, Train_Err = 7.132
root: Val_Loss = 1.4159107208251953, Val_Err = 30.47
root: Epoch: [58 | 300]
root: Train_Loss = 0.24330659210681915, Train_Err = 7.822
root: Val_Loss = 1.37098228931427, Val_Err = 30.44
root: Epoch: [59 | 300]
root: Train_Loss = 0.24024929106235504, Train_Err = 7.596
root: Val_Loss = 1.36150324344635, Val_Err = 30.73
root: Epoch: [60 | 300]
root: Train_Loss = 0.228167325258255, Train_Err = 7.242
root: Val_Loss = 1.2953643798828125, Val_Err = 28.81
root: Epoch: [61 | 300]
root: Train_Loss = 0.22820323705673218, Train_Err = 7.158
root: Val_Loss = 1.330989956855774, Val_Err = 30.01
root: Epoch: [62 | 300]
root: Train_Loss = 0.22314243018627167, Train_Err = 6.962
root: Val_Loss = 1.288197636604309, Val_Err = 29.5
root: Epoch: [63 | 300]
root: Train_Loss = 0.23937885463237762, Train_Err = 7.606
root: Val_Loss = 1.3859879970550537, Val_Err = 30.19
root: Epoch: [64 | 300]
root: Train_Loss = 0.2306375503540039, Train_Err = 7.268
root: Val_Loss = 1.2555335760116577, Val_Err = 28.15
root: Epoch: [65 | 300]
root: Train_Loss = 0.23543833196163177, Train_Err = 7.514
root: Val_Loss = 1.4423378705978394, Val_Err = 31.77
root: Epoch: [66 | 300]
root: Train_Loss = 0.22238413989543915, Train_Err = 6.996
root: Val_Loss = 1.3491344451904297, Val_Err = 28.95
root: Epoch: [67 | 300]
root: Train_Loss = 0.2163265347480774, Train_Err = 6.85
root: Val_Loss = 1.3747870922088623, Val_Err = 29.45
root: Epoch: [68 | 300]
root: Train_Loss = 0.22132159769535065, Train_Err = 7.068
root: Val_Loss = 1.3248417377471924, Val_Err = 29.03
root: Epoch: [69 | 300]
root: Train_Loss = 0.21454347670078278, Train_Err = 6.686
root: Val_Loss = 1.2798320055007935, Val_Err = 29.06
root: Epoch: [70 | 300]
root: Train_Loss = 0.21603840589523315, Train_Err = 6.846
root: Val_Loss = 1.384407877922058, Val_Err = 29.19
root: Epoch: [71 | 300]
root: Train_Loss = 0.2109278440475464, Train_Err = 6.672
root: Val_Loss = 1.4344301223754883, Val_Err = 31.07
root: Epoch: [72 | 300]
root: Train_Loss = 0.2165158987045288, Train_Err = 6.76
root: Val_Loss = 1.3502414226531982, Val_Err = 30.0
root: Epoch: [73 | 300]
root: Train_Loss = 0.21764284372329712, Train_Err = 6.822
root: Val_Loss = 1.2562987804412842, Val_Err = 28.3
root: Epoch: [74 | 300]
root: Train_Loss = 0.22313541173934937, Train_Err = 7.104
root: Val_Loss = 1.3477373123168945, Val_Err = 29.04
root: Epoch: [75 | 300]
root: Train_Loss = 0.20616023242473602, Train_Err = 6.504
root: Val_Loss = 1.2768539190292358, Val_Err = 28.82
root: Epoch: [76 | 300]
root: Train_Loss = 0.2072974145412445, Train_Err = 6.414
root: Val_Loss = 1.3271938562393188, Val_Err = 29.15
root: Epoch: [77 | 300]
root: Train_Loss = 0.205827534198761, Train_Err = 6.428
root: Val_Loss = 1.3028111457824707, Val_Err = 29.06
root: Epoch: [78 | 300]
root: Train_Loss = 0.21452093124389648, Train_Err = 6.82
root: Val_Loss = 1.2966806888580322, Val_Err = 29.06
root: Epoch: [79 | 300]
root: Train_Loss = 0.20824827253818512, Train_Err = 6.664
root: Val_Loss = 1.2247235774993896, Val_Err = 27.7
root: Epoch: [80 | 300]
root: Train_Loss = 0.19566969573497772, Train_Err = 6.218
root: Val_Loss = 1.4922893047332764, Val_Err = 30.73
root: Epoch: [81 | 300]
root: Train_Loss = 0.1987973153591156, Train_Err = 6.17
root: Val_Loss = 1.4076356887817383, Val_Err = 29.43
root: Epoch: [82 | 300]
root: Train_Loss = 0.19616249203681946, Train_Err = 6.268
root: Val_Loss = 1.4161243438720703, Val_Err = 30.3
root: Epoch: [83 | 300]
root: Train_Loss = 0.19766326248645782, Train_Err = 6.302
root: Val_Loss = 1.3509931564331055, Val_Err = 29.23
root: Epoch: [84 | 300]
root: Train_Loss = 0.2017308473587036, Train_Err = 6.368
root: Val_Loss = 1.2852498292922974, Val_Err = 28.4
root: Epoch: [85 | 300]
root: Train_Loss = 0.19144020974636078, Train_Err = 6.054
root: Val_Loss = 1.306620717048645, Val_Err = 28.69
root: Epoch: [86 | 300]
root: Train_Loss = 0.19936856627464294, Train_Err = 6.202
root: Val_Loss = 1.480303168296814, Val_Err = 30.58
root: Epoch: [87 | 300]
root: Train_Loss = 0.19674448668956757, Train_Err = 6.182
root: Val_Loss = 1.3574185371398926, Val_Err = 29.71
root: Epoch: [88 | 300]
root: Train_Loss = 0.193572998046875, Train_Err = 6.06
root: Val_Loss = 1.3505010604858398, Val_Err = 29.64
root: Epoch: [89 | 300]
root: Train_Loss = 0.19462348520755768, Train_Err = 6.11
root: Val_Loss = 1.437608003616333, Val_Err = 29.84
root: Epoch: [90 | 300]
root: Train_Loss = 0.18570935726165771, Train_Err = 5.79
root: Val_Loss = 1.293961763381958, Val_Err = 28.27
root: Epoch: [91 | 300]
root: Train_Loss = 0.1851673722267151, Train_Err = 5.78
root: Val_Loss = 1.446112871170044, Val_Err = 30.62
root: Epoch: [92 | 300]
root: Train_Loss = 0.18381184339523315, Train_Err = 5.75
root: Val_Loss = 1.309478521347046, Val_Err = 29.34
root: Epoch: [93 | 300]
root: Train_Loss = 0.19290827214717865, Train_Err = 6.01
root: Val_Loss = 1.34137761592865, Val_Err = 29.33
root: Epoch: [94 | 300]
root: Train_Loss = 0.19393101334571838, Train_Err = 6.046
root: Val_Loss = 1.2647278308868408, Val_Err = 27.95
root: Epoch: [95 | 300]
root: Train_Loss = 0.18917833268642426, Train_Err = 5.98
root: Val_Loss = 1.3496882915496826, Val_Err = 29.65
root: Epoch: [96 | 300]
root: Train_Loss = 0.1902885138988495, Train_Err = 5.974
root: Val_Loss = 1.3239737749099731, Val_Err = 29.3
root: Epoch: [97 | 300]
root: Train_Loss = 0.18037229776382446, Train_Err = 5.584
root: Val_Loss = 1.1946519613265991, Val_Err = 26.88
root: Epoch: [98 | 300]
root: Train_Loss = 0.1748283952474594, Train_Err = 5.544
root: Val_Loss = 1.2904263734817505, Val_Err = 29.28
root: Epoch: [99 | 300]
root: Train_Loss = 0.18891772627830505, Train_Err = 5.868
root: Val_Loss = 1.3709443807601929, Val_Err = 30.36
root: Epoch: [100 | 300]
root: Train_Loss = 0.17553341388702393, Train_Err = 5.434
root: Val_Loss = 1.429126262664795, Val_Err = 30.01
root: Epoch: [101 | 300]
root: Train_Loss = 0.19591368734836578, Train_Err = 6.202
root: Val_Loss = 1.446162223815918, Val_Err = 32.25
root: Epoch: [102 | 300]
root: Train_Loss = 0.1885601282119751, Train_Err = 5.84
root: Val_Loss = 1.3220250606536865, Val_Err = 28.41
root: Epoch: [103 | 300]
root: Train_Loss = 0.1750650554895401, Train_Err = 5.518
root: Val_Loss = 1.3603177070617676, Val_Err = 27.58
root: Epoch: [104 | 300]
root: Train_Loss = 0.18321552872657776, Train_Err = 5.68
root: Val_Loss = 1.4713135957717896, Val_Err = 31.38
root: Epoch: [105 | 300]
root: Train_Loss = 0.18271364271640778, Train_Err = 5.8
root: Val_Loss = 1.3387775421142578, Val_Err = 28.9
root: Epoch: [106 | 300]
root: Train_Loss = 0.17823289334774017, Train_Err = 5.592
root: Val_Loss = 1.3641748428344727, Val_Err = 28.34
root: Epoch: [107 | 300]
root: Train_Loss = 0.1660071462392807, Train_Err = 5.194
root: Val_Loss = 1.3511154651641846, Val_Err = 29.19
root: Epoch: [108 | 300]
root: Train_Loss = 0.1827266812324524, Train_Err = 5.646
root: Val_Loss = 1.2828953266143799, Val_Err = 28.25
root: Epoch: [109 | 300]
root: Train_Loss = 0.17321346700191498, Train_Err = 5.366
root: Val_Loss = 1.3471945524215698, Val_Err = 29.25
root: Epoch: [110 | 300]
root: Train_Loss = 0.16478191316127777, Train_Err = 5.088
root: Val_Loss = 1.360145926475525, Val_Err = 29.22
root: Epoch: [111 | 300]
root: Train_Loss = 0.1874111443758011, Train_Err = 5.996
root: Val_Loss = 1.3337624073028564, Val_Err = 28.8
root: Epoch: [112 | 300]
root: Train_Loss = 0.16628260910511017, Train_Err = 5.192
root: Val_Loss = 1.346392035484314, Val_Err = 28.07
root: Epoch: [113 | 300]
root: Train_Loss = 0.1698995679616928, Train_Err = 5.372
root: Val_Loss = 1.3716663122177124, Val_Err = 28.77
root: Epoch: [114 | 300]
root: Train_Loss = 0.17460092902183533, Train_Err = 5.376
root: Val_Loss = 1.270868182182312, Val_Err = 27.73
root: Epoch: [115 | 300]
root: Train_Loss = 0.1681598573923111, Train_Err = 5.264
root: Val_Loss = 1.2138986587524414, Val_Err = 26.95
root: Epoch: [116 | 300]
root: Train_Loss = 0.16919583082199097, Train_Err = 5.25
root: Val_Loss = 1.356946587562561, Val_Err = 29.83
root: Epoch: [117 | 300]
root: Train_Loss = 0.18222622573375702, Train_Err = 5.558
root: Val_Loss = 1.3520196676254272, Val_Err = 29.72
root: Epoch: [118 | 300]
root: Train_Loss = 0.1690608710050583, Train_Err = 5.296
root: Val_Loss = 1.318313717842102, Val_Err = 28.56
root: Epoch: [119 | 300]
root: Train_Loss = 0.16081950068473816, Train_Err = 5.038
root: Val_Loss = 1.2661694288253784, Val_Err = 28.0
root: Epoch: [120 | 300]
root: Train_Loss = 0.1583756059408188, Train_Err = 4.95
root: Val_Loss = 1.4246420860290527, Val_Err = 30.02
root: Epoch: [121 | 300]
root: Train_Loss = 0.16591130197048187, Train_Err = 5.116
root: Val_Loss = 1.4505780935287476, Val_Err = 29.54
root: Epoch: [122 | 300]
root: Train_Loss = 0.17007848620414734, Train_Err = 5.27
root: Val_Loss = 1.2434831857681274, Val_Err = 27.03
root: Epoch: [123 | 300]
root: Train_Loss = 0.1634867787361145, Train_Err = 4.98
root: Val_Loss = 1.416022777557373, Val_Err = 29.81
root: Epoch: [124 | 300]
root: Train_Loss = 0.17103232443332672, Train_Err = 5.316
root: Val_Loss = 1.2890815734863281, Val_Err = 28.29
root: Epoch: [125 | 300]
root: Train_Loss = 0.16581442952156067, Train_Err = 5.13
root: Val_Loss = 1.2051290273666382, Val_Err = 27.08
root: Epoch: [126 | 300]
root: Train_Loss = 0.1611478328704834, Train_Err = 4.954
root: Val_Loss = 1.4825212955474854, Val_Err = 30.11
root: Epoch: [127 | 300]
root: Train_Loss = 0.18438133597373962, Train_Err = 5.808
root: Val_Loss = 1.389837622642517, Val_Err = 29.92
root: Epoch: [128 | 300]
root: Train_Loss = 0.1698254644870758, Train_Err = 5.274
root: Val_Loss = 1.256907343864441, Val_Err = 27.85
root: Epoch: [129 | 300]
root: Train_Loss = 0.15568505227565765, Train_Err = 4.726
root: Val_Loss = 1.3626943826675415, Val_Err = 29.13
root: Epoch: [130 | 300]
root: Train_Loss = 0.17101460695266724, Train_Err = 5.376
root: Val_Loss = 1.293662667274475, Val_Err = 28.89
root: Epoch: [131 | 300]
root: Train_Loss = 0.17185579240322113, Train_Err = 5.414
root: Val_Loss = 1.2560917139053345, Val_Err = 26.9
root: Epoch: [132 | 300]
root: Train_Loss = 0.15678256750106812, Train_Err = 4.912
root: Val_Loss = 1.310726523399353, Val_Err = 28.91
root: Epoch: [133 | 300]
root: Train_Loss = 0.15556228160858154, Train_Err = 4.782
root: Val_Loss = 1.2958076000213623, Val_Err = 28.07
root: Epoch: [134 | 300]
root: Train_Loss = 0.16645345091819763, Train_Err = 5.192
root: Val_Loss = 1.3201617002487183, Val_Err = 28.16
root: Epoch: [135 | 300]
root: Train_Loss = 0.16492724418640137, Train_Err = 5.126
root: Val_Loss = 1.302480697631836, Val_Err = 28.02
root: Epoch: [136 | 300]
root: Train_Loss = 0.15707118809223175, Train_Err = 4.844
root: Val_Loss = 1.2717210054397583, Val_Err = 28.31
root: Epoch: [137 | 300]
root: Train_Loss = 0.1556444615125656, Train_Err = 4.836
root: Val_Loss = 1.2594257593154907, Val_Err = 27.1
root: Epoch: [138 | 300]
root: Train_Loss = 0.1661815345287323, Train_Err = 5.166
root: Val_Loss = 1.2797106504440308, Val_Err = 27.47
root: Epoch: [139 | 300]
root: Train_Loss = 0.1643446385860443, Train_Err = 5.112
root: Val_Loss = 1.5027360916137695, Val_Err = 30.55
root: Epoch: [140 | 300]
root: Train_Loss = 0.18134774267673492, Train_Err = 5.714
root: Val_Loss = 1.2465349435806274, Val_Err = 26.86
root: Epoch: [141 | 300]
root: Train_Loss = 0.14279186725616455, Train_Err = 4.41
root: Val_Loss = 1.2534235715866089, Val_Err = 26.98
root: Epoch: [142 | 300]
root: Train_Loss = 0.16046033799648285, Train_Err = 5.002
root: Val_Loss = 1.3339110612869263, Val_Err = 29.14
root: Epoch: [143 | 300]
root: Train_Loss = 0.148094043135643, Train_Err = 4.64
root: Val_Loss = 1.331642985343933, Val_Err = 28.18
root: Epoch: [144 | 300]
root: Train_Loss = 0.14344380795955658, Train_Err = 4.494
root: Val_Loss = 1.2806270122528076, Val_Err = 28.81
root: Epoch: [145 | 300]
root: Train_Loss = 0.16454167664051056, Train_Err = 5.076
root: Val_Loss = 1.2164257764816284, Val_Err = 27.22
root: Epoch: [146 | 300]
root: Train_Loss = 0.163190096616745, Train_Err = 4.972
root: Val_Loss = 1.331535816192627, Val_Err = 27.92
root: Epoch: [147 | 300]
root: Train_Loss = 0.15590669214725494, Train_Err = 4.9
root: Val_Loss = 1.3500399589538574, Val_Err = 28.46
root: Epoch: [148 | 300]
root: Train_Loss = 0.1539282202720642, Train_Err = 4.77
root: Val_Loss = 1.3665149211883545, Val_Err = 29.51
root: Epoch: [149 | 300]
root: Train_Loss = 0.1622537523508072, Train_Err = 5.01
root: Val_Loss = 1.273422360420227, Val_Err = 27.92
root: Epoch: [150 | 300]
root: Train_Loss = 0.05111311003565788, Train_Err = 1.258
root: Val_Loss = 0.8342228531837463, Val_Err = 19.8
root: Epoch: [151 | 300]
root: Train_Loss = 0.02082194574177265, Train_Err = 0.37
root: Val_Loss = 0.8184685707092285, Val_Err = 18.84
root: Epoch: [152 | 300]
root: Train_Loss = 0.015062755905091763, Train_Err = 0.256
root: Val_Loss = 0.8162388801574707, Val_Err = 18.68
root: Epoch: [153 | 300]
root: Train_Loss = 0.012020002119243145, Train_Err = 0.212
root: Val_Loss = 0.8045953512191772, Val_Err = 18.46
root: Epoch: [154 | 300]
root: Train_Loss = 0.010759741067886353, Train_Err = 0.17
root: Val_Loss = 0.8007286190986633, Val_Err = 18.19
root: Epoch: [155 | 300]
root: Train_Loss = 0.00889827124774456, Train_Err = 0.112
root: Val_Loss = 0.8011434674263, Val_Err = 18.11
root: Epoch: [156 | 300]
root: Train_Loss = 0.008942760527133942, Train_Err = 0.142
root: Val_Loss = 0.7996785640716553, Val_Err = 18.05
root: Epoch: [157 | 300]
root: Train_Loss = 0.008057198487222195, Train_Err = 0.122
root: Val_Loss = 0.7983002066612244, Val_Err = 18.02
root: Epoch: [158 | 300]
root: Train_Loss = 0.007589675020426512, Train_Err = 0.12
root: Val_Loss = 0.7914036512374878, Val_Err = 17.75
root: Epoch: [159 | 300]
root: Train_Loss = 0.0070954873226583, Train_Err = 0.108
root: Val_Loss = 0.7908309698104858, Val_Err = 17.94
root: Epoch: [160 | 300]
root: Train_Loss = 0.006664681248366833, Train_Err = 0.094
root: Val_Loss = 0.7886068820953369, Val_Err = 17.67
root: Epoch: [161 | 300]
root: Train_Loss = 0.006551479920744896, Train_Err = 0.096
root: Val_Loss = 0.7857034206390381, Val_Err = 17.72
root: Epoch: [162 | 300]
root: Train_Loss = 0.006116136442869902, Train_Err = 0.084
root: Val_Loss = 0.7828285694122314, Val_Err = 17.82
root: Epoch: [163 | 300]
root: Train_Loss = 0.005762613378465176, Train_Err = 0.08
root: Val_Loss = 0.7834343314170837, Val_Err = 17.78
root: Epoch: [164 | 300]
root: Train_Loss = 0.005917165894061327, Train_Err = 0.082
root: Val_Loss = 0.7786279916763306, Val_Err = 17.68
root: Epoch: [165 | 300]
root: Train_Loss = 0.0056432695128023624, Train_Err = 0.068
root: Val_Loss = 0.7769702672958374, Val_Err = 17.65
root: Epoch: [166 | 300]
root: Train_Loss = 0.005485376343131065, Train_Err = 0.078
root: Val_Loss = 0.7759537696838379, Val_Err = 17.78
root: Epoch: [167 | 300]
root: Train_Loss = 0.005479287356138229, Train_Err = 0.062
root: Val_Loss = 0.7718026041984558, Val_Err = 17.62
root: Epoch: [168 | 300]
root: Train_Loss = 0.0057431054301559925, Train_Err = 0.098
root: Val_Loss = 0.7686653137207031, Val_Err = 17.49
root: Epoch: [169 | 300]
root: Train_Loss = 0.004995655734091997, Train_Err = 0.072
root: Val_Loss = 0.7607775926589966, Val_Err = 17.5
root: Epoch: [170 | 300]
root: Train_Loss = 0.0052227904088795185, Train_Err = 0.066
root: Val_Loss = 0.7654324769973755, Val_Err = 17.66
root: Epoch: [171 | 300]
root: Train_Loss = 0.005750930868089199, Train_Err = 0.082
root: Val_Loss = 0.7635639309883118, Val_Err = 17.58
root: Epoch: [172 | 300]
root: Train_Loss = 0.005436503794044256, Train_Err = 0.098
root: Val_Loss = 0.7605195045471191, Val_Err = 17.5
root: Epoch: [173 | 300]
root: Train_Loss = 0.004712959285825491, Train_Err = 0.076
root: Val_Loss = 0.7603471279144287, Val_Err = 17.69
root: Epoch: [174 | 300]
root: Train_Loss = 0.004840420559048653, Train_Err = 0.064
root: Val_Loss = 0.75868821144104, Val_Err = 17.59
root: Epoch: [175 | 300]
root: Train_Loss = 0.004870881792157888, Train_Err = 0.068
root: Val_Loss = 0.7562934160232544, Val_Err = 17.67
root: Epoch: [176 | 300]
root: Train_Loss = 0.004943112377077341, Train_Err = 0.072
root: Val_Loss = 0.7529592514038086, Val_Err = 17.25
root: Epoch: [177 | 300]
root: Train_Loss = 0.004886955954134464, Train_Err = 0.066
root: Val_Loss = 0.7476401329040527, Val_Err = 17.48
root: Epoch: [178 | 300]
root: Train_Loss = 0.004335414618253708, Train_Err = 0.04
root: Val_Loss = 0.7440375685691833, Val_Err = 17.32
root: Epoch: [179 | 300]
root: Train_Loss = 0.004347577691078186, Train_Err = 0.05
root: Val_Loss = 0.743513822555542, Val_Err = 17.28
root: Epoch: [180 | 300]
root: Train_Loss = 0.00435589998960495, Train_Err = 0.058
root: Val_Loss = 0.7431830763816833, Val_Err = 17.18
root: Epoch: [181 | 300]
root: Train_Loss = 0.004569637589156628, Train_Err = 0.052
root: Val_Loss = 0.7409409284591675, Val_Err = 17.35
root: Epoch: [182 | 300]
root: Train_Loss = 0.004494308494031429, Train_Err = 0.064
root: Val_Loss = 0.7408044934272766, Val_Err = 17.36
root: Epoch: [183 | 300]
root: Train_Loss = 0.004161955788731575, Train_Err = 0.058
root: Val_Loss = 0.741570770740509, Val_Err = 17.42
root: Epoch: [184 | 300]
root: Train_Loss = 0.0041428497061133385, Train_Err = 0.05
root: Val_Loss = 0.7383917570114136, Val_Err = 17.27
root: Epoch: [185 | 300]
root: Train_Loss = 0.004216942470520735, Train_Err = 0.056
root: Val_Loss = 0.7369775772094727, Val_Err = 17.21
root: Epoch: [186 | 300]
root: Train_Loss = 0.004326367750763893, Train_Err = 0.042
root: Val_Loss = 0.7411859035491943, Val_Err = 17.32
root: Epoch: [187 | 300]
root: Train_Loss = 0.004035854246467352, Train_Err = 0.034
root: Val_Loss = 0.7389718294143677, Val_Err = 17.29
root: Epoch: [188 | 300]
root: Train_Loss = 0.004272211343050003, Train_Err = 0.056
root: Val_Loss = 0.7363221645355225, Val_Err = 17.33
root: Epoch: [189 | 300]
root: Train_Loss = 0.004259245935827494, Train_Err = 0.064
root: Val_Loss = 0.728917121887207, Val_Err = 17.16
root: Epoch: [190 | 300]
root: Train_Loss = 0.004071623086929321, Train_Err = 0.052
root: Val_Loss = 0.7234991192817688, Val_Err = 17.08
root: Epoch: [191 | 300]
root: Train_Loss = 0.004055391997098923, Train_Err = 0.054
root: Val_Loss = 0.7298651933670044, Val_Err = 16.95
root: Epoch: [192 | 300]
root: Train_Loss = 0.004182376433163881, Train_Err = 0.052
root: Val_Loss = 0.7274374961853027, Val_Err = 17.22
root: Epoch: [193 | 300]
root: Train_Loss = 0.004259442910552025, Train_Err = 0.048
root: Val_Loss = 0.7232990264892578, Val_Err = 17.18
root: Epoch: [194 | 300]
root: Train_Loss = 0.004324721172451973, Train_Err = 0.058
root: Val_Loss = 0.7266014218330383, Val_Err = 17.35
root: Epoch: [195 | 300]
root: Train_Loss = 0.004539744928479195, Train_Err = 0.06
root: Val_Loss = 0.7234336137771606, Val_Err = 17.24
root: Epoch: [196 | 300]
root: Train_Loss = 0.00425863778218627, Train_Err = 0.066
root: Val_Loss = 0.7246860265731812, Val_Err = 17.26
root: Epoch: [197 | 300]
root: Train_Loss = 0.003986376337707043, Train_Err = 0.036
root: Val_Loss = 0.7220237851142883, Val_Err = 17.2
root: Epoch: [198 | 300]
root: Train_Loss = 0.004030205775052309, Train_Err = 0.046
root: Val_Loss = 0.7194969058036804, Val_Err = 17.31
root: Epoch: [199 | 300]
root: Train_Loss = 0.0040138536132872105, Train_Err = 0.05
root: Val_Loss = 0.7189675569534302, Val_Err = 17.24
root: Epoch: [200 | 300]
root: Train_Loss = 0.003948513884097338, Train_Err = 0.046
root: Val_Loss = 0.7173613905906677, Val_Err = 17.27
root: Epoch: [201 | 300]
root: Train_Loss = 0.003930619452148676, Train_Err = 0.042
root: Val_Loss = 0.7160215377807617, Val_Err = 17.19
root: Epoch: [202 | 300]
root: Train_Loss = 0.0041829440742731094, Train_Err = 0.052
root: Val_Loss = 0.7172974944114685, Val_Err = 17.21
root: Epoch: [203 | 300]
root: Train_Loss = 0.004045427776873112, Train_Err = 0.05
root: Val_Loss = 0.7148494124412537, Val_Err = 17.24
root: Epoch: [204 | 300]
root: Train_Loss = 0.0042024096474051476, Train_Err = 0.052
root: Val_Loss = 0.7194516658782959, Val_Err = 17.33
root: Epoch: [205 | 300]
root: Train_Loss = 0.004303412977606058, Train_Err = 0.052
root: Val_Loss = 0.715688169002533, Val_Err = 17.02
root: Epoch: [206 | 300]
root: Train_Loss = 0.0042044902220368385, Train_Err = 0.052
root: Val_Loss = 0.7130663394927979, Val_Err = 17.3
root: Epoch: [207 | 300]
root: Train_Loss = 0.004265876486897469, Train_Err = 0.056
root: Val_Loss = 0.709139347076416, Val_Err = 17.06
root: Epoch: [208 | 300]
root: Train_Loss = 0.0040645417757332325, Train_Err = 0.054
root: Val_Loss = 0.709082305431366, Val_Err = 17.17
root: Epoch: [209 | 300]
root: Train_Loss = 0.004172805231064558, Train_Err = 0.052
root: Val_Loss = 0.7065467834472656, Val_Err = 17.14
root: Epoch: [210 | 300]
root: Train_Loss = 0.004323840141296387, Train_Err = 0.054
root: Val_Loss = 0.7089593410491943, Val_Err = 17.24
root: Epoch: [211 | 300]
root: Train_Loss = 0.004132221918553114, Train_Err = 0.052
root: Val_Loss = 0.7101343274116516, Val_Err = 17.26
root: Epoch: [212 | 300]
root: Train_Loss = 0.004271249752491713, Train_Err = 0.062
root: Val_Loss = 0.7068397998809814, Val_Err = 17.18
root: Epoch: [213 | 300]
root: Train_Loss = 0.003962524235248566, Train_Err = 0.038
root: Val_Loss = 0.7058740258216858, Val_Err = 17.3
root: Epoch: [214 | 300]
root: Train_Loss = 0.0041200099512934685, Train_Err = 0.05
root: Val_Loss = 0.7069318890571594, Val_Err = 17.29
root: Epoch: [215 | 300]
root: Train_Loss = 0.003869975684210658, Train_Err = 0.04
root: Val_Loss = 0.7058849334716797, Val_Err = 17.14
root: Epoch: [216 | 300]
root: Train_Loss = 0.003981877584010363, Train_Err = 0.052
root: Val_Loss = 0.7057488560676575, Val_Err = 17.04
root: Epoch: [217 | 300]
root: Train_Loss = 0.004009278491139412, Train_Err = 0.052
root: Val_Loss = 0.7054689526557922, Val_Err = 17.28
root: Epoch: [218 | 300]
root: Train_Loss = 0.003849547356367111, Train_Err = 0.042
root: Val_Loss = 0.7052193880081177, Val_Err = 17.36
root: Epoch: [219 | 300]
root: Train_Loss = 0.003665539436042309, Train_Err = 0.034
root: Val_Loss = 0.7073626518249512, Val_Err = 17.23
root: Epoch: [220 | 300]
root: Train_Loss = 0.0037485677748918533, Train_Err = 0.04
root: Val_Loss = 0.7017795443534851, Val_Err = 17.19
root: Epoch: [221 | 300]
root: Train_Loss = 0.003994814585894346, Train_Err = 0.056
root: Val_Loss = 0.7039557695388794, Val_Err = 17.0
root: Epoch: [222 | 300]
root: Train_Loss = 0.0036674446891993284, Train_Err = 0.038
root: Val_Loss = 0.7037515044212341, Val_Err = 17.19
root: Epoch: [223 | 300]
root: Train_Loss = 0.0039470624178647995, Train_Err = 0.044
root: Val_Loss = 0.7012728452682495, Val_Err = 17.18
root: Epoch: [224 | 300]
root: Train_Loss = 0.0039690760895609856, Train_Err = 0.052
root: Val_Loss = 0.7026339173316956, Val_Err = 17.07
root: Epoch: [225 | 300]
root: Train_Loss = 0.003949957434087992, Train_Err = 0.044
root: Val_Loss = 0.7020893692970276, Val_Err = 17.16
root: Epoch: [226 | 300]
root: Train_Loss = 0.0038517748471349478, Train_Err = 0.038
root: Val_Loss = 0.7003374695777893, Val_Err = 17.09
root: Epoch: [227 | 300]
root: Train_Loss = 0.0037761314306408167, Train_Err = 0.038
root: Val_Loss = 0.6991674900054932, Val_Err = 17.09
root: Epoch: [228 | 300]
root: Train_Loss = 0.003764209570363164, Train_Err = 0.04
root: Val_Loss = 0.6982452869415283, Val_Err = 16.97
root: Epoch: [229 | 300]
root: Train_Loss = 0.0035848680417984724, Train_Err = 0.032
root: Val_Loss = 0.6996554136276245, Val_Err = 17.03
root: Epoch: [230 | 300]
root: Train_Loss = 0.003667490789666772, Train_Err = 0.032
root: Val_Loss = 0.6976100206375122, Val_Err = 17.01
root: Epoch: [231 | 300]
root: Train_Loss = 0.003413549391552806, Train_Err = 0.028
root: Val_Loss = 0.6965364813804626, Val_Err = 17.03
root: Epoch: [232 | 300]
root: Train_Loss = 0.0036956672556698322, Train_Err = 0.038
root: Val_Loss = 0.6987053751945496, Val_Err = 17.14
root: Epoch: [233 | 300]
root: Train_Loss = 0.0036243887152522802, Train_Err = 0.044
root: Val_Loss = 0.6993375420570374, Val_Err = 17.05
root: Epoch: [234 | 300]
root: Train_Loss = 0.003647788194939494, Train_Err = 0.046
root: Val_Loss = 0.6987304091453552, Val_Err = 16.91
root: Epoch: [235 | 300]
root: Train_Loss = 0.0036871549673378468, Train_Err = 0.042
root: Val_Loss = 0.6978065967559814, Val_Err = 17.05
root: Epoch: [236 | 300]
root: Train_Loss = 0.00336844683624804, Train_Err = 0.032
root: Val_Loss = 0.6969417929649353, Val_Err = 17.08
root: Epoch: [237 | 300]
root: Train_Loss = 0.003739472245797515, Train_Err = 0.03
root: Val_Loss = 0.6954054236412048, Val_Err = 17.1
root: Epoch: [238 | 300]
root: Train_Loss = 0.0033344293478876352, Train_Err = 0.026
root: Val_Loss = 0.6958948373794556, Val_Err = 17.09
root: Epoch: [239 | 300]
root: Train_Loss = 0.0034741084091365337, Train_Err = 0.036
root: Val_Loss = 0.6951137781143188, Val_Err = 17.1
root: Epoch: [240 | 300]
root: Train_Loss = 0.0034412022214382887, Train_Err = 0.032
root: Val_Loss = 0.6968737244606018, Val_Err = 17.13
root: Epoch: [241 | 300]
root: Train_Loss = 0.0035585626028478146, Train_Err = 0.042
root: Val_Loss = 0.696527898311615, Val_Err = 17.19
root: Epoch: [242 | 300]
root: Train_Loss = 0.0034082967322319746, Train_Err = 0.016
root: Val_Loss = 0.695874035358429, Val_Err = 17.11
root: Epoch: [243 | 300]
root: Train_Loss = 0.0034560500644147396, Train_Err = 0.024
root: Val_Loss = 0.6932566165924072, Val_Err = 17.06
root: Epoch: [244 | 300]
root: Train_Loss = 0.0034940382465720177, Train_Err = 0.048
root: Val_Loss = 0.6965622305870056, Val_Err = 17.2
root: Epoch: [245 | 300]
root: Train_Loss = 0.0034167070407420397, Train_Err = 0.028
root: Val_Loss = 0.6950201988220215, Val_Err = 17.03
root: Epoch: [246 | 300]
root: Train_Loss = 0.0033271685242652893, Train_Err = 0.03
root: Val_Loss = 0.7002358436584473, Val_Err = 17.09
root: Epoch: [247 | 300]
root: Train_Loss = 0.003464985638856888, Train_Err = 0.032
root: Val_Loss = 0.6951568126678467, Val_Err = 17.16
root: Epoch: [248 | 300]
root: Train_Loss = 0.003564548911526799, Train_Err = 0.042
root: Val_Loss = 0.6967273950576782, Val_Err = 17.04
root: Epoch: [249 | 300]
root: Train_Loss = 0.0033272167202085257, Train_Err = 0.032
root: Val_Loss = 0.6995234489440918, Val_Err = 17.18
root: Epoch: [250 | 300]
root: Train_Loss = 0.0034719742834568024, Train_Err = 0.032
root: Val_Loss = 0.6971039175987244, Val_Err = 17.05
root: Epoch: [251 | 300]
root: Train_Loss = 0.003464764915406704, Train_Err = 0.03
root: Val_Loss = 0.6957764625549316, Val_Err = 17.08
root: Epoch: [252 | 300]
root: Train_Loss = 0.0032233211677521467, Train_Err = 0.022
root: Val_Loss = 0.6959403157234192, Val_Err = 17.14
root: Epoch: [253 | 300]
root: Train_Loss = 0.003296664683148265, Train_Err = 0.02
root: Val_Loss = 0.6985295414924622, Val_Err = 17.14
root: Epoch: [254 | 300]
root: Train_Loss = 0.0032806291710585356, Train_Err = 0.02
root: Val_Loss = 0.695730984210968, Val_Err = 17.21
root: Epoch: [255 | 300]
root: Train_Loss = 0.003624506527557969, Train_Err = 0.036
root: Val_Loss = 0.6978148221969604, Val_Err = 17.07
root: Epoch: [256 | 300]
root: Train_Loss = 0.003422931768000126, Train_Err = 0.036
root: Val_Loss = 0.6952896118164062, Val_Err = 17.08
root: Epoch: [257 | 300]
root: Train_Loss = 0.003343442687764764, Train_Err = 0.034
root: Val_Loss = 0.6930713057518005, Val_Err = 16.93
root: Epoch: [258 | 300]
root: Train_Loss = 0.0035334089770913124, Train_Err = 0.042
root: Val_Loss = 0.6940845847129822, Val_Err = 16.96
root: Epoch: [259 | 300]
root: Train_Loss = 0.0032423934899270535, Train_Err = 0.024
root: Val_Loss = 0.69563227891922, Val_Err = 17.03
root: Epoch: [260 | 300]
root: Train_Loss = 0.0034455424174666405, Train_Err = 0.034
root: Val_Loss = 0.6921113133430481, Val_Err = 16.97
root: Epoch: [261 | 300]
root: Train_Loss = 0.0036788219586014748, Train_Err = 0.044
root: Val_Loss = 0.6980709433555603, Val_Err = 16.99
root: Epoch: [262 | 300]
root: Train_Loss = 0.003487364621832967, Train_Err = 0.044
root: Val_Loss = 0.6966494917869568, Val_Err = 17.07
root: Epoch: [263 | 300]
root: Train_Loss = 0.00359845208004117, Train_Err = 0.04
root: Val_Loss = 0.6964624524116516, Val_Err = 16.97
root: Epoch: [264 | 300]
root: Train_Loss = 0.00342187681235373, Train_Err = 0.036
root: Val_Loss = 0.6948336362838745, Val_Err = 17.01
root: Epoch: [265 | 300]
root: Train_Loss = 0.0036792627070099115, Train_Err = 0.036
root: Val_Loss = 0.6945727467536926, Val_Err = 16.97
root: Epoch: [266 | 300]
root: Train_Loss = 0.0035927058197557926, Train_Err = 0.04
root: Val_Loss = 0.6968873143196106, Val_Err = 17.02
root: Epoch: [267 | 300]
root: Train_Loss = 0.0033036433160305023, Train_Err = 0.032
root: Val_Loss = 0.6952457427978516, Val_Err = 17.05
root: Epoch: [268 | 300]
root: Train_Loss = 0.0032237721607089043, Train_Err = 0.028
root: Val_Loss = 0.6925872564315796, Val_Err = 16.98
root: Epoch: [269 | 300]
root: Train_Loss = 0.0034807580523192883, Train_Err = 0.034
root: Val_Loss = 0.6940898299217224, Val_Err = 17.11
root: Epoch: [270 | 300]
root: Train_Loss = 0.0033452785573899746, Train_Err = 0.032
root: Val_Loss = 0.6937207579612732, Val_Err = 16.99
root: Epoch: [271 | 300]
root: Train_Loss = 0.0033573913387954235, Train_Err = 0.034
root: Val_Loss = 0.6929498910903931, Val_Err = 17.02
root: Epoch: [272 | 300]
root: Train_Loss = 0.003533928655087948, Train_Err = 0.042
root: Val_Loss = 0.6944474577903748, Val_Err = 17.19
root: Epoch: [273 | 300]
root: Train_Loss = 0.0032731618266552687, Train_Err = 0.024
root: Val_Loss = 0.6965734958648682, Val_Err = 16.99
root: Epoch: [274 | 300]
root: Train_Loss = 0.003294834401458502, Train_Err = 0.024
root: Val_Loss = 0.696035623550415, Val_Err = 17.08
root: Epoch: [275 | 300]
root: Train_Loss = 0.0033190243411809206, Train_Err = 0.026
root: Val_Loss = 0.6926129460334778, Val_Err = 16.91
root: Epoch: [276 | 300]
root: Train_Loss = 0.00318737025372684, Train_Err = 0.034
root: Val_Loss = 0.693906307220459, Val_Err = 17.02
root: Epoch: [277 | 300]
root: Train_Loss = 0.0031271560583263636, Train_Err = 0.018
root: Val_Loss = 0.6941053867340088, Val_Err = 17.02
root: Epoch: [278 | 300]
root: Train_Loss = 0.0032686085905879736, Train_Err = 0.03
root: Val_Loss = 0.6952566504478455, Val_Err = 16.91
root: Epoch: [279 | 300]
root: Train_Loss = 0.003625529585406184, Train_Err = 0.046
root: Val_Loss = 0.695122480392456, Val_Err = 16.86
root: Epoch: [280 | 300]
root: Train_Loss = 0.003567742183804512, Train_Err = 0.038
root: Val_Loss = 0.6970999240875244, Val_Err = 17.08
root: Epoch: [281 | 300]
root: Train_Loss = 0.0034024689812213182, Train_Err = 0.03
root: Val_Loss = 0.6938626170158386, Val_Err = 16.99
root: Epoch: [282 | 300]
root: Train_Loss = 0.0034921749029308558, Train_Err = 0.05
root: Val_Loss = 0.6939219832420349, Val_Err = 17.11
root: Epoch: [283 | 300]
root: Train_Loss = 0.003685404546558857, Train_Err = 0.046
root: Val_Loss = 0.6928756833076477, Val_Err = 16.99
root: Epoch: [284 | 300]
root: Train_Loss = 0.0034328605979681015, Train_Err = 0.032
root: Val_Loss = 0.6943876147270203, Val_Err = 16.99
root: Epoch: [285 | 300]
root: Train_Loss = 0.0033632474951446056, Train_Err = 0.024
root: Val_Loss = 0.6914072036743164, Val_Err = 16.98
root: Epoch: [286 | 300]
root: Train_Loss = 0.0032944991253316402, Train_Err = 0.036
root: Val_Loss = 0.6925463676452637, Val_Err = 17.0
root: Epoch: [287 | 300]
root: Train_Loss = 0.0032314183190464973, Train_Err = 0.034
root: Val_Loss = 0.6901739835739136, Val_Err = 16.86
root: Epoch: [288 | 300]
root: Train_Loss = 0.0034102650824934244, Train_Err = 0.04
root: Val_Loss = 0.6912866830825806, Val_Err = 16.87
root: Epoch: [289 | 300]
root: Train_Loss = 0.003161079017445445, Train_Err = 0.026
root: Val_Loss = 0.6946014165878296, Val_Err = 16.99
root: Epoch: [290 | 300]
root: Train_Loss = 0.0032537542283535004, Train_Err = 0.024
root: Val_Loss = 0.6931127309799194, Val_Err = 17.04
root: Epoch: [291 | 300]
root: Train_Loss = 0.0036284802481532097, Train_Err = 0.042
root: Val_Loss = 0.6934340000152588, Val_Err = 17.1
root: Epoch: [292 | 300]
root: Train_Loss = 0.003127693897113204, Train_Err = 0.028
root: Val_Loss = 0.694064199924469, Val_Err = 16.9
root: Epoch: [293 | 300]
root: Train_Loss = 0.003303034696727991, Train_Err = 0.03
root: Val_Loss = 0.6911535859107971, Val_Err = 17.02
root: Epoch: [294 | 300]
root: Train_Loss = 0.003371146507561207, Train_Err = 0.034
root: Val_Loss = 0.6943629384040833, Val_Err = 17.06
root: Epoch: [295 | 300]
root: Train_Loss = 0.0033444545697420835, Train_Err = 0.036
root: Val_Loss = 0.6938007473945618, Val_Err = 17.11
root: Epoch: [296 | 300]
root: Train_Loss = 0.0033202022314071655, Train_Err = 0.038
root: Val_Loss = 0.6928772330284119, Val_Err = 16.87
root: Epoch: [297 | 300]
root: Train_Loss = 0.003382643684744835, Train_Err = 0.036
root: Val_Loss = 0.6916542053222656, Val_Err = 16.98
root: Epoch: [298 | 300]
root: Train_Loss = 0.003403255483135581, Train_Err = 0.024
root: Val_Loss = 0.6913605332374573, Val_Err = 17.02
root: Epoch: [299 | 300]
root: Train_Loss = 0.0033052023500204086, Train_Err = 0.026
root: Val_Loss = 0.6907915472984314, Val_Err = 16.92
