root: Namespace(batch_size=128, cp_dir='checkpoints/basic_cutout/cifar10/sgd/run_ms_0/pyramidnet_272_bottleneck/run0', depth=272, dtype='cifar10', epochs=300, img_aug='basic_cutout', learning_rate=0.1, momentum=0.9, mtype='pyramidnet', num_classes=10, resume=None, seed=0, threads=8, weight_decay=0.0001, width_factor=10)
root: Epoch: [0 | 300]
root: Train_Loss = 1.6157970428466797, Train_Err = 59.344
root: Val_Loss = 1.2985174655914307, Val_Err = 45.13
root: Epoch: [1 | 300]
root: Train_Loss = 1.022583246231079, Train_Err = 36.29
root: Val_Loss = 1.0248345136642456, Val_Err = 35.84
root: Epoch: [2 | 300]
root: Train_Loss = 0.7532424926757812, Train_Err = 26.332
root: Val_Loss = 0.7393038272857666, Val_Err = 24.34
root: Epoch: [3 | 300]
root: Train_Loss = 0.6130011081695557, Train_Err = 21.344
root: Val_Loss = 0.7646746635437012, Val_Err = 25.59
root: Epoch: [4 | 300]
root: Train_Loss = 0.5374883413314819, Train_Err = 18.51
root: Val_Loss = 0.6022077798843384, Val_Err = 19.99
root: Epoch: [5 | 300]
root: Train_Loss = 0.47634589672088623, Train_Err = 16.43
root: Val_Loss = 0.4575824737548828, Val_Err = 15.82
root: Epoch: [6 | 300]
root: Train_Loss = 0.4414164423942566, Train_Err = 15.294
root: Val_Loss = 0.4422951936721802, Val_Err = 14.79
root: Epoch: [7 | 300]
root: Train_Loss = 0.4076680839061737, Train_Err = 14.222
root: Val_Loss = 0.45841968059539795, Val_Err = 15.46
root: Epoch: [8 | 300]
root: Train_Loss = 0.37727296352386475, Train_Err = 13.106
root: Val_Loss = 0.5563021898269653, Val_Err = 17.89
root: Epoch: [9 | 300]
root: Train_Loss = 0.3519185185432434, Train_Err = 12.246
root: Val_Loss = 0.5408278703689575, Val_Err = 17.42
root: Epoch: [10 | 300]
root: Train_Loss = 0.3341361880302429, Train_Err = 11.758
root: Val_Loss = 0.34006163477897644, Val_Err = 11.3
root: Epoch: [11 | 300]
root: Train_Loss = 0.31596994400024414, Train_Err = 11.054
root: Val_Loss = 0.3761177361011505, Val_Err = 12.21
root: Epoch: [12 | 300]
root: Train_Loss = 0.3067202568054199, Train_Err = 10.694
root: Val_Loss = 0.3876141607761383, Val_Err = 13.17
root: Epoch: [13 | 300]
root: Train_Loss = 0.287395715713501, Train_Err = 10.078
root: Val_Loss = 0.4215702414512634, Val_Err = 13.53
root: Epoch: [14 | 300]
root: Train_Loss = 0.27553215622901917, Train_Err = 9.548
root: Val_Loss = 0.3703915476799011, Val_Err = 11.6
root: Epoch: [15 | 300]
root: Train_Loss = 0.2721017301082611, Train_Err = 9.448
root: Val_Loss = 0.38353267312049866, Val_Err = 12.55
root: Epoch: [16 | 300]
root: Train_Loss = 0.25616705417633057, Train_Err = 8.934
root: Val_Loss = 0.326333612203598, Val_Err = 10.61
root: Epoch: [17 | 300]
root: Train_Loss = 0.25297945737838745, Train_Err = 8.778
root: Val_Loss = 0.3556066155433655, Val_Err = 11.73
root: Epoch: [18 | 300]
root: Train_Loss = 0.24468399584293365, Train_Err = 8.61
root: Val_Loss = 0.32917243242263794, Val_Err = 10.69
root: Epoch: [19 | 300]
root: Train_Loss = 0.23321788012981415, Train_Err = 8.122
root: Val_Loss = 0.36031055450439453, Val_Err = 11.37
root: Epoch: [20 | 300]
root: Train_Loss = 0.23228567838668823, Train_Err = 8.138
root: Val_Loss = 0.4389825165271759, Val_Err = 12.54
root: Epoch: [21 | 300]
root: Train_Loss = 0.23116379976272583, Train_Err = 7.988
root: Val_Loss = 0.3377574384212494, Val_Err = 10.61
root: Epoch: [22 | 300]
root: Train_Loss = 0.22236663103103638, Train_Err = 7.704
root: Val_Loss = 0.45122942328453064, Val_Err = 13.52
root: Epoch: [23 | 300]
root: Train_Loss = 0.221290722489357, Train_Err = 7.662
root: Val_Loss = 0.4132400155067444, Val_Err = 12.21
root: Epoch: [24 | 300]
root: Train_Loss = 0.2151135504245758, Train_Err = 7.468
root: Val_Loss = 0.3733290731906891, Val_Err = 10.97
root: Epoch: [25 | 300]
root: Train_Loss = 0.2141508311033249, Train_Err = 7.534
root: Val_Loss = 0.310248464345932, Val_Err = 9.55
root: Epoch: [26 | 300]
root: Train_Loss = 0.20721684396266937, Train_Err = 7.304
root: Val_Loss = 0.2798324525356293, Val_Err = 8.83
root: Epoch: [27 | 300]
root: Train_Loss = 0.2076878696680069, Train_Err = 7.224
root: Val_Loss = 0.2976211905479431, Val_Err = 9.13
root: Epoch: [28 | 300]
root: Train_Loss = 0.2001892477273941, Train_Err = 6.896
root: Val_Loss = 0.30013591051101685, Val_Err = 9.47
root: Epoch: [29 | 300]
root: Train_Loss = 0.19888700544834137, Train_Err = 6.998
root: Val_Loss = 0.26164841651916504, Val_Err = 8.43
root: Epoch: [30 | 300]
root: Train_Loss = 0.19712860882282257, Train_Err = 6.898
root: Val_Loss = 0.2754974961280823, Val_Err = 8.95
root: Epoch: [31 | 300]
root: Train_Loss = 0.19272856414318085, Train_Err = 6.758
root: Val_Loss = 0.3187708556652069, Val_Err = 9.67
root: Epoch: [32 | 300]
root: Train_Loss = 0.1875503808259964, Train_Err = 6.492
root: Val_Loss = 0.2987803518772125, Val_Err = 9.41
root: Epoch: [33 | 300]
root: Train_Loss = 0.1866445690393448, Train_Err = 6.522
root: Val_Loss = 0.2638374865055084, Val_Err = 8.56
root: Epoch: [34 | 300]
root: Train_Loss = 0.1847844421863556, Train_Err = 6.448
root: Val_Loss = 0.3012012839317322, Val_Err = 9.26
root: Epoch: [35 | 300]
root: Train_Loss = 0.18403956294059753, Train_Err = 6.386
root: Val_Loss = 0.3178485333919525, Val_Err = 9.71
root: Epoch: [36 | 300]
root: Train_Loss = 0.1826525330543518, Train_Err = 6.332
root: Val_Loss = 0.2862783372402191, Val_Err = 9.05
root: Epoch: [37 | 300]
root: Train_Loss = 0.18070241808891296, Train_Err = 6.222
root: Val_Loss = 0.29687902331352234, Val_Err = 8.87
root: Epoch: [38 | 300]
root: Train_Loss = 0.17772383987903595, Train_Err = 6.248
root: Val_Loss = 0.27961647510528564, Val_Err = 8.61
root: Epoch: [39 | 300]
root: Train_Loss = 0.17733195424079895, Train_Err = 6.228
root: Val_Loss = 0.33044031262397766, Val_Err = 10.08
root: Epoch: [40 | 300]
root: Train_Loss = 0.17074784636497498, Train_Err = 5.946
root: Val_Loss = 0.3668080270290375, Val_Err = 10.52
root: Epoch: [41 | 300]
root: Train_Loss = 0.1772160679101944, Train_Err = 6.186
root: Val_Loss = 0.2855466306209564, Val_Err = 8.45
root: Epoch: [42 | 300]
root: Train_Loss = 0.1724797934293747, Train_Err = 6.024
root: Val_Loss = 0.2708837687969208, Val_Err = 8.23
root: Epoch: [43 | 300]
root: Train_Loss = 0.17182277143001556, Train_Err = 5.968
root: Val_Loss = 0.29325175285339355, Val_Err = 8.78
root: Epoch: [44 | 300]
root: Train_Loss = 0.16835252940654755, Train_Err = 5.898
root: Val_Loss = 0.27336689829826355, Val_Err = 8.04
root: Epoch: [45 | 300]
root: Train_Loss = 0.16850902140140533, Train_Err = 5.906
root: Val_Loss = 0.3136380910873413, Val_Err = 9.42
root: Epoch: [46 | 300]
root: Train_Loss = 0.1673227697610855, Train_Err = 5.836
root: Val_Loss = 0.29273051023483276, Val_Err = 9.08
root: Epoch: [47 | 300]
root: Train_Loss = 0.16500520706176758, Train_Err = 5.638
root: Val_Loss = 0.21030394732952118, Val_Err = 6.84
root: Epoch: [48 | 300]
root: Train_Loss = 0.16192404925823212, Train_Err = 5.706
root: Val_Loss = 0.29067862033843994, Val_Err = 8.68
root: Epoch: [49 | 300]
root: Train_Loss = 0.16134920716285706, Train_Err = 5.616
root: Val_Loss = 0.318546324968338, Val_Err = 9.37
root: Epoch: [50 | 300]
root: Train_Loss = 0.16451622545719147, Train_Err = 5.612
root: Val_Loss = 0.4021206796169281, Val_Err = 11.11
root: Epoch: [51 | 300]
root: Train_Loss = 0.15664444863796234, Train_Err = 5.492
root: Val_Loss = 0.27708613872528076, Val_Err = 8.59
root: Epoch: [52 | 300]
root: Train_Loss = 0.1614198386669159, Train_Err = 5.632
root: Val_Loss = 0.27212709188461304, Val_Err = 8.21
root: Epoch: [53 | 300]
root: Train_Loss = 0.15448330342769623, Train_Err = 5.436
root: Val_Loss = 0.26020148396492004, Val_Err = 7.72
root: Epoch: [54 | 300]
root: Train_Loss = 0.15518109500408173, Train_Err = 5.422
root: Val_Loss = 0.23013383150100708, Val_Err = 7.29
root: Epoch: [55 | 300]
root: Train_Loss = 0.15774454176425934, Train_Err = 5.474
root: Val_Loss = 0.27314552664756775, Val_Err = 8.53
root: Epoch: [56 | 300]
root: Train_Loss = 0.15366564691066742, Train_Err = 5.366
root: Val_Loss = 0.2955392599105835, Val_Err = 8.52
root: Epoch: [57 | 300]
root: Train_Loss = 0.14928287267684937, Train_Err = 5.2
root: Val_Loss = 0.2515670657157898, Val_Err = 7.4
root: Epoch: [58 | 300]
root: Train_Loss = 0.14886784553527832, Train_Err = 5.192
root: Val_Loss = 0.28651562333106995, Val_Err = 8.58
root: Epoch: [59 | 300]
root: Train_Loss = 0.15957492589950562, Train_Err = 5.638
root: Val_Loss = 0.20990724861621857, Val_Err = 6.64
root: Epoch: [60 | 300]
root: Train_Loss = 0.1534881591796875, Train_Err = 5.324
root: Val_Loss = 0.3050931990146637, Val_Err = 8.83
root: Epoch: [61 | 300]
root: Train_Loss = 0.1520080864429474, Train_Err = 5.394
root: Val_Loss = 0.2541782855987549, Val_Err = 7.38
root: Epoch: [62 | 300]
root: Train_Loss = 0.1475011259317398, Train_Err = 5.118
root: Val_Loss = 0.31153735518455505, Val_Err = 8.83
root: Epoch: [63 | 300]
root: Train_Loss = 0.1509695202112198, Train_Err = 5.17
root: Val_Loss = 0.22898858785629272, Val_Err = 7.07
root: Epoch: [64 | 300]
root: Train_Loss = 0.14381834864616394, Train_Err = 5.092
root: Val_Loss = 0.2728847861289978, Val_Err = 7.61
root: Epoch: [65 | 300]
root: Train_Loss = 0.1458979696035385, Train_Err = 5.128
root: Val_Loss = 0.22297340631484985, Val_Err = 6.91
root: Epoch: [66 | 300]
root: Train_Loss = 0.14914827048778534, Train_Err = 5.19
root: Val_Loss = 0.2420753836631775, Val_Err = 7.32
root: Epoch: [67 | 300]
root: Train_Loss = 0.14101693034172058, Train_Err = 4.896
root: Val_Loss = 0.31238189339637756, Val_Err = 9.28
root: Epoch: [68 | 300]
root: Train_Loss = 0.14484968781471252, Train_Err = 5.054
root: Val_Loss = 0.2554834485054016, Val_Err = 7.35
root: Epoch: [69 | 300]
root: Train_Loss = 0.1473783254623413, Train_Err = 5.044
root: Val_Loss = 0.31475430727005005, Val_Err = 9.12
root: Epoch: [70 | 300]
root: Train_Loss = 0.14526554942131042, Train_Err = 5.076
root: Val_Loss = 0.2523880898952484, Val_Err = 7.66
root: Epoch: [71 | 300]
root: Train_Loss = 0.14081339538097382, Train_Err = 4.794
root: Val_Loss = 0.24086102843284607, Val_Err = 7.48
root: Epoch: [72 | 300]
root: Train_Loss = 0.14230114221572876, Train_Err = 4.902
root: Val_Loss = 0.23781760036945343, Val_Err = 7.23
root: Epoch: [73 | 300]
root: Train_Loss = 0.14157655835151672, Train_Err = 4.942
root: Val_Loss = 0.31045418977737427, Val_Err = 8.95
root: Epoch: [74 | 300]
root: Train_Loss = 0.14535003900527954, Train_Err = 5.058
root: Val_Loss = 0.2418304681777954, Val_Err = 7.5
root: Epoch: [75 | 300]
root: Train_Loss = 0.14189855754375458, Train_Err = 4.898
root: Val_Loss = 0.23499533534049988, Val_Err = 6.73
root: Epoch: [76 | 300]
root: Train_Loss = 0.1353762149810791, Train_Err = 4.612
root: Val_Loss = 0.2857125401496887, Val_Err = 8.05
root: Epoch: [77 | 300]
root: Train_Loss = 0.14239253103733063, Train_Err = 4.982
root: Val_Loss = 0.3081968128681183, Val_Err = 8.69
root: Epoch: [78 | 300]
root: Train_Loss = 0.14257749915122986, Train_Err = 4.972
root: Val_Loss = 0.2777893543243408, Val_Err = 8.11
root: Epoch: [79 | 300]
root: Train_Loss = 0.14236430823802948, Train_Err = 4.934
root: Val_Loss = 0.24910257756710052, Val_Err = 7.17
root: Epoch: [80 | 300]
root: Train_Loss = 0.13835082948207855, Train_Err = 4.826
root: Val_Loss = 0.2814643979072571, Val_Err = 8.4
root: Epoch: [81 | 300]
root: Train_Loss = 0.13493981957435608, Train_Err = 4.678
root: Val_Loss = 0.25153347849845886, Val_Err = 7.47
root: Epoch: [82 | 300]
root: Train_Loss = 0.13316361606121063, Train_Err = 4.592
root: Val_Loss = 0.26849469542503357, Val_Err = 7.92
root: Epoch: [83 | 300]
root: Train_Loss = 0.13703566789627075, Train_Err = 4.802
root: Val_Loss = 0.26953282952308655, Val_Err = 7.9
root: Epoch: [84 | 300]
root: Train_Loss = 0.1355903446674347, Train_Err = 4.738
root: Val_Loss = 0.25383809208869934, Val_Err = 7.94
root: Epoch: [85 | 300]
root: Train_Loss = 0.13201291859149933, Train_Err = 4.65
root: Val_Loss = 0.2521741986274719, Val_Err = 7.42
root: Epoch: [86 | 300]
root: Train_Loss = 0.13598038256168365, Train_Err = 4.622
root: Val_Loss = 0.21294811367988586, Val_Err = 6.53
root: Epoch: [87 | 300]
root: Train_Loss = 0.1355329304933548, Train_Err = 4.81
root: Val_Loss = 0.23063470423221588, Val_Err = 7.05
root: Epoch: [88 | 300]
root: Train_Loss = 0.12975835800170898, Train_Err = 4.548
root: Val_Loss = 0.26077917218208313, Val_Err = 7.46
root: Epoch: [89 | 300]
root: Train_Loss = 0.1314692348241806, Train_Err = 4.448
root: Val_Loss = 0.2729954421520233, Val_Err = 7.86
root: Epoch: [90 | 300]
root: Train_Loss = 0.13031771779060364, Train_Err = 4.442
root: Val_Loss = 0.24524088203907013, Val_Err = 6.97
root: Epoch: [91 | 300]
root: Train_Loss = 0.13214632868766785, Train_Err = 4.536
root: Val_Loss = 0.231181800365448, Val_Err = 6.63
root: Epoch: [92 | 300]
root: Train_Loss = 0.13057632744312286, Train_Err = 4.56
root: Val_Loss = 0.22402223944664001, Val_Err = 6.57
root: Epoch: [93 | 300]
root: Train_Loss = 0.13316166400909424, Train_Err = 4.67
root: Val_Loss = 0.39320144057273865, Val_Err = 11.11
root: Epoch: [94 | 300]
root: Train_Loss = 0.12909261882305145, Train_Err = 4.57
root: Val_Loss = 0.24068033695220947, Val_Err = 7.01
root: Epoch: [95 | 300]
root: Train_Loss = 0.12868906557559967, Train_Err = 4.602
root: Val_Loss = 0.26578909158706665, Val_Err = 7.63
root: Epoch: [96 | 300]
root: Train_Loss = 0.12408426403999329, Train_Err = 4.244
root: Val_Loss = 0.2608753442764282, Val_Err = 7.9
root: Epoch: [97 | 300]
root: Train_Loss = 0.1294385939836502, Train_Err = 4.574
root: Val_Loss = 0.23649708926677704, Val_Err = 7.11
root: Epoch: [98 | 300]
root: Train_Loss = 0.12939895689487457, Train_Err = 4.55
root: Val_Loss = 0.2507294714450836, Val_Err = 7.18
root: Epoch: [99 | 300]
root: Train_Loss = 0.13032092154026031, Train_Err = 4.548
root: Val_Loss = 0.25414544343948364, Val_Err = 7.4
root: Epoch: [100 | 300]
root: Train_Loss = 0.12602873146533966, Train_Err = 4.42
root: Val_Loss = 0.21687670052051544, Val_Err = 6.51
root: Epoch: [101 | 300]
root: Train_Loss = 0.121532142162323, Train_Err = 4.202
root: Val_Loss = 0.2275988906621933, Val_Err = 6.68
root: Epoch: [102 | 300]
root: Train_Loss = 0.13012534379959106, Train_Err = 4.548
root: Val_Loss = 0.24692615866661072, Val_Err = 7.2
root: Epoch: [103 | 300]
root: Train_Loss = 0.12318450212478638, Train_Err = 4.276
root: Val_Loss = 0.2043323814868927, Val_Err = 6.34
root: Epoch: [104 | 300]
root: Train_Loss = 0.1289609968662262, Train_Err = 4.47
root: Val_Loss = 0.24585169553756714, Val_Err = 7.39
root: Epoch: [105 | 300]
root: Train_Loss = 0.12897776067256927, Train_Err = 4.554
root: Val_Loss = 0.28926336765289307, Val_Err = 8.35
root: Epoch: [106 | 300]
root: Train_Loss = 0.12255243211984634, Train_Err = 4.302
root: Val_Loss = 0.2686045467853546, Val_Err = 7.29
root: Epoch: [107 | 300]
root: Train_Loss = 0.12412191182374954, Train_Err = 4.334
root: Val_Loss = 0.24200791120529175, Val_Err = 7.17
root: Epoch: [108 | 300]
root: Train_Loss = 0.11685583740472794, Train_Err = 4.052
root: Val_Loss = 0.26552408933639526, Val_Err = 7.21
root: Epoch: [109 | 300]
root: Train_Loss = 0.12268951535224915, Train_Err = 4.272
root: Val_Loss = 0.22912989556789398, Val_Err = 6.84
root: Epoch: [110 | 300]
root: Train_Loss = 0.12530837953090668, Train_Err = 4.468
root: Val_Loss = 0.31422096490859985, Val_Err = 8.78
root: Epoch: [111 | 300]
root: Train_Loss = 0.12510940432548523, Train_Err = 4.304
root: Val_Loss = 0.2705446779727936, Val_Err = 7.61
root: Epoch: [112 | 300]
root: Train_Loss = 0.12548133730888367, Train_Err = 4.38
root: Val_Loss = 0.2585943639278412, Val_Err = 7.34
root: Epoch: [113 | 300]
root: Train_Loss = 0.12164411693811417, Train_Err = 4.336
root: Val_Loss = 0.2763906419277191, Val_Err = 8.03
root: Epoch: [114 | 300]
root: Train_Loss = 0.11879213899374008, Train_Err = 4.07
root: Val_Loss = 0.21046070754528046, Val_Err = 6.39
root: Epoch: [115 | 300]
root: Train_Loss = 0.12182080745697021, Train_Err = 4.174
root: Val_Loss = 0.3043298125267029, Val_Err = 8.64
root: Epoch: [116 | 300]
root: Train_Loss = 0.12031196057796478, Train_Err = 4.248
root: Val_Loss = 0.2892168462276459, Val_Err = 7.61
root: Epoch: [117 | 300]
root: Train_Loss = 0.12420038133859634, Train_Err = 4.342
root: Val_Loss = 0.21153412759304047, Val_Err = 6.37
root: Epoch: [118 | 300]
root: Train_Loss = 0.11759580671787262, Train_Err = 4.012
root: Val_Loss = 0.3112333118915558, Val_Err = 8.67
root: Epoch: [119 | 300]
root: Train_Loss = 0.12559343874454498, Train_Err = 4.316
root: Val_Loss = 0.22199133038520813, Val_Err = 6.56
root: Epoch: [120 | 300]
root: Train_Loss = 0.11990245431661606, Train_Err = 4.136
root: Val_Loss = 0.22156381607055664, Val_Err = 6.42
root: Epoch: [121 | 300]
root: Train_Loss = 0.1231335699558258, Train_Err = 4.256
root: Val_Loss = 0.24044212698936462, Val_Err = 7.01
root: Epoch: [122 | 300]
root: Train_Loss = 0.12017908692359924, Train_Err = 4.102
root: Val_Loss = 0.26060181856155396, Val_Err = 7.43
root: Epoch: [123 | 300]
root: Train_Loss = 0.11181390285491943, Train_Err = 3.896
root: Val_Loss = 0.3005055785179138, Val_Err = 8.37
root: Epoch: [124 | 300]
root: Train_Loss = 0.12083689868450165, Train_Err = 4.26
root: Val_Loss = 0.24620841443538666, Val_Err = 7.24
root: Epoch: [125 | 300]
root: Train_Loss = 0.12260347604751587, Train_Err = 4.25
root: Val_Loss = 0.3321045935153961, Val_Err = 9.01
root: Epoch: [126 | 300]
root: Train_Loss = 0.11883027851581573, Train_Err = 4.178
root: Val_Loss = 0.24550390243530273, Val_Err = 7.16
root: Epoch: [127 | 300]
root: Train_Loss = 0.1159478947520256, Train_Err = 3.998
root: Val_Loss = 0.2723401188850403, Val_Err = 7.6
root: Epoch: [128 | 300]
root: Train_Loss = 0.1204739436507225, Train_Err = 4.112
root: Val_Loss = 0.2471272200345993, Val_Err = 7.45
root: Epoch: [129 | 300]
root: Train_Loss = 0.11520804464817047, Train_Err = 4.006
root: Val_Loss = 0.2414179891347885, Val_Err = 7.02
root: Epoch: [130 | 300]
root: Train_Loss = 0.11653613299131393, Train_Err = 4.016
root: Val_Loss = 0.26376327872276306, Val_Err = 7.62
root: Epoch: [131 | 300]
root: Train_Loss = 0.11540306359529495, Train_Err = 4.062
root: Val_Loss = 0.23312892019748688, Val_Err = 6.74
root: Epoch: [132 | 300]
root: Train_Loss = 0.1204352006316185, Train_Err = 4.204
root: Val_Loss = 0.24123114347457886, Val_Err = 6.85
root: Epoch: [133 | 300]
root: Train_Loss = 0.11575692147016525, Train_Err = 4.082
root: Val_Loss = 0.23475465178489685, Val_Err = 7.0
root: Epoch: [134 | 300]
root: Train_Loss = 0.11187402158975601, Train_Err = 3.868
root: Val_Loss = 0.21666319668293, Val_Err = 6.09
root: Epoch: [135 | 300]
root: Train_Loss = 0.11748071759939194, Train_Err = 4.012
root: Val_Loss = 0.3019846975803375, Val_Err = 8.46
root: Epoch: [136 | 300]
root: Train_Loss = 0.11411365866661072, Train_Err = 3.998
root: Val_Loss = 0.23273590207099915, Val_Err = 6.61
root: Epoch: [137 | 300]
root: Train_Loss = 0.11587013304233551, Train_Err = 3.982
root: Val_Loss = 0.2541830539703369, Val_Err = 7.68
root: Epoch: [138 | 300]
root: Train_Loss = 0.11475292593240738, Train_Err = 3.924
root: Val_Loss = 0.24888983368873596, Val_Err = 7.15
root: Epoch: [139 | 300]
root: Train_Loss = 0.11534468829631805, Train_Err = 4.056
root: Val_Loss = 0.23864509165287018, Val_Err = 7.15
root: Epoch: [140 | 300]
root: Train_Loss = 0.1139223501086235, Train_Err = 3.902
root: Val_Loss = 0.31973710656166077, Val_Err = 8.94
root: Epoch: [141 | 300]
root: Train_Loss = 0.11669435352087021, Train_Err = 4.014
root: Val_Loss = 0.22174520790576935, Val_Err = 6.35
root: Epoch: [142 | 300]
root: Train_Loss = 0.11485667526721954, Train_Err = 3.964
root: Val_Loss = 0.19158586859703064, Val_Err = 5.98
root: Epoch: [143 | 300]
root: Train_Loss = 0.10741006582975388, Train_Err = 3.786
root: Val_Loss = 0.27741768956184387, Val_Err = 7.66
root: Epoch: [144 | 300]
root: Train_Loss = 0.11946278065443039, Train_Err = 4.136
root: Val_Loss = 0.24562181532382965, Val_Err = 7.31
root: Epoch: [145 | 300]
root: Train_Loss = 0.11185937374830246, Train_Err = 3.858
root: Val_Loss = 0.34856119751930237, Val_Err = 9.11
root: Epoch: [146 | 300]
root: Train_Loss = 0.11617135256528854, Train_Err = 4.04
root: Val_Loss = 0.23305456340312958, Val_Err = 6.87
root: Epoch: [147 | 300]
root: Train_Loss = 0.11497814208269119, Train_Err = 3.962
root: Val_Loss = 0.22941716015338898, Val_Err = 7.12
root: Epoch: [148 | 300]
root: Train_Loss = 0.11210408806800842, Train_Err = 3.842
root: Val_Loss = 0.205301433801651, Val_Err = 6.01
root: Epoch: [149 | 300]
root: Train_Loss = 0.11271432042121887, Train_Err = 3.844
root: Val_Loss = 0.2575555741786957, Val_Err = 7.28
root: Epoch: [150 | 300]
root: Train_Loss = 0.05829931050539017, Train_Err = 1.958
root: Val_Loss = 0.1269005388021469, Val_Err = 3.68
root: Epoch: [151 | 300]
root: Train_Loss = 0.03762274235486984, Train_Err = 1.198
root: Val_Loss = 0.12146130949258804, Val_Err = 3.47
root: Epoch: [152 | 300]
root: Train_Loss = 0.03146608918905258, Train_Err = 1.014
root: Val_Loss = 0.11666994541883469, Val_Err = 3.2
root: Epoch: [153 | 300]
root: Train_Loss = 0.030202696099877357, Train_Err = 0.946
root: Val_Loss = 0.11440155655145645, Val_Err = 3.25
root: Epoch: [154 | 300]
root: Train_Loss = 0.02867291495203972, Train_Err = 0.912
root: Val_Loss = 0.11610238999128342, Val_Err = 3.24
root: Epoch: [155 | 300]
root: Train_Loss = 0.026683514937758446, Train_Err = 0.872
root: Val_Loss = 0.11371203511953354, Val_Err = 3.16
root: Epoch: [156 | 300]
root: Train_Loss = 0.024110667407512665, Train_Err = 0.764
root: Val_Loss = 0.11172957718372345, Val_Err = 3.11
root: Epoch: [157 | 300]
root: Train_Loss = 0.024248521775007248, Train_Err = 0.786
root: Val_Loss = 0.11095759272575378, Val_Err = 3.12
root: Epoch: [158 | 300]
root: Train_Loss = 0.023920707404613495, Train_Err = 0.768
root: Val_Loss = 0.11111605167388916, Val_Err = 3.07
root: Epoch: [159 | 300]
root: Train_Loss = 0.021979300305247307, Train_Err = 0.724
root: Val_Loss = 0.11353809386491776, Val_Err = 3.17
root: Epoch: [160 | 300]
root: Train_Loss = 0.019845273345708847, Train_Err = 0.638
root: Val_Loss = 0.10920212417840958, Val_Err = 3.0
root: Epoch: [161 | 300]
root: Train_Loss = 0.020808065310120583, Train_Err = 0.692
root: Val_Loss = 0.10804779827594757, Val_Err = 3.16
root: Epoch: [162 | 300]
root: Train_Loss = 0.019702117890119553, Train_Err = 0.63
root: Val_Loss = 0.10679865628480911, Val_Err = 2.95
root: Epoch: [163 | 300]
root: Train_Loss = 0.021248243749141693, Train_Err = 0.684
root: Val_Loss = 0.10447222739458084, Val_Err = 3.01
root: Epoch: [164 | 300]
root: Train_Loss = 0.02089928463101387, Train_Err = 0.704
root: Val_Loss = 0.10664455592632294, Val_Err = 2.91
root: Epoch: [165 | 300]
root: Train_Loss = 0.019373714923858643, Train_Err = 0.616
root: Val_Loss = 0.10603150725364685, Val_Err = 2.91
root: Epoch: [166 | 300]
root: Train_Loss = 0.019349483773112297, Train_Err = 0.666
root: Val_Loss = 0.10635626316070557, Val_Err = 2.99
root: Epoch: [167 | 300]
root: Train_Loss = 0.01858367584645748, Train_Err = 0.602
root: Val_Loss = 0.1099640503525734, Val_Err = 3.03
root: Epoch: [168 | 300]
root: Train_Loss = 0.018452174961566925, Train_Err = 0.588
root: Val_Loss = 0.11077611148357391, Val_Err = 2.95
root: Epoch: [169 | 300]
root: Train_Loss = 0.018307790160179138, Train_Err = 0.588
root: Val_Loss = 0.10857480019330978, Val_Err = 2.97
root: Epoch: [170 | 300]
root: Train_Loss = 0.018111063167452812, Train_Err = 0.602
root: Val_Loss = 0.1096629947423935, Val_Err = 3.01
root: Epoch: [171 | 300]
root: Train_Loss = 0.019366534426808357, Train_Err = 0.632
root: Val_Loss = 0.1073538064956665, Val_Err = 2.91
root: Epoch: [172 | 300]
root: Train_Loss = 0.017664892598986626, Train_Err = 0.592
root: Val_Loss = 0.11113888770341873, Val_Err = 3.02
root: Epoch: [173 | 300]
root: Train_Loss = 0.016788585111498833, Train_Err = 0.588
root: Val_Loss = 0.10980303585529327, Val_Err = 2.97
root: Epoch: [174 | 300]
root: Train_Loss = 0.016859406605362892, Train_Err = 0.512
root: Val_Loss = 0.1094377264380455, Val_Err = 2.91
root: Epoch: [175 | 300]
root: Train_Loss = 0.016803912818431854, Train_Err = 0.54
root: Val_Loss = 0.10538184642791748, Val_Err = 2.98
root: Epoch: [176 | 300]
root: Train_Loss = 0.017291083931922913, Train_Err = 0.55
root: Val_Loss = 0.10668310523033142, Val_Err = 2.93
root: Epoch: [177 | 300]
root: Train_Loss = 0.017539238557219505, Train_Err = 0.578
root: Val_Loss = 0.10729862749576569, Val_Err = 3.03
root: Epoch: [178 | 300]
root: Train_Loss = 0.016850333660840988, Train_Err = 0.586
root: Val_Loss = 0.10798253864049911, Val_Err = 3.03
root: Epoch: [179 | 300]
root: Train_Loss = 0.015154833905398846, Train_Err = 0.52
root: Val_Loss = 0.10682907700538635, Val_Err = 2.94
root: Epoch: [180 | 300]
root: Train_Loss = 0.015039542689919472, Train_Err = 0.478
root: Val_Loss = 0.10783738642930984, Val_Err = 3.08
root: Epoch: [181 | 300]
root: Train_Loss = 0.015130755491554737, Train_Err = 0.492
root: Val_Loss = 0.10384665429592133, Val_Err = 2.89
root: Epoch: [182 | 300]
root: Train_Loss = 0.015777288004755974, Train_Err = 0.518
root: Val_Loss = 0.10557958483695984, Val_Err = 2.89
root: Epoch: [183 | 300]
root: Train_Loss = 0.015191969461739063, Train_Err = 0.476
root: Val_Loss = 0.10736557096242905, Val_Err = 3.0
root: Epoch: [184 | 300]
root: Train_Loss = 0.016116498038172722, Train_Err = 0.516
root: Val_Loss = 0.10672271251678467, Val_Err = 2.81
root: Epoch: [185 | 300]
root: Train_Loss = 0.014456136152148247, Train_Err = 0.462
root: Val_Loss = 0.11030694097280502, Val_Err = 2.84
root: Epoch: [186 | 300]
root: Train_Loss = 0.013782506808638573, Train_Err = 0.446
root: Val_Loss = 0.11025243997573853, Val_Err = 2.98
root: Epoch: [187 | 300]
root: Train_Loss = 0.015252138487994671, Train_Err = 0.502
root: Val_Loss = 0.10912539064884186, Val_Err = 2.86
root: Epoch: [188 | 300]
root: Train_Loss = 0.01356604415923357, Train_Err = 0.446
root: Val_Loss = 0.11228828132152557, Val_Err = 3.02
root: Epoch: [189 | 300]
root: Train_Loss = 0.013802420347929, Train_Err = 0.454
root: Val_Loss = 0.11441110819578171, Val_Err = 3.11
root: Epoch: [190 | 300]
root: Train_Loss = 0.015797851607203484, Train_Err = 0.536
root: Val_Loss = 0.11053913086652756, Val_Err = 2.99
root: Epoch: [191 | 300]
root: Train_Loss = 0.014409518800675869, Train_Err = 0.49
root: Val_Loss = 0.11018511652946472, Val_Err = 2.98
root: Epoch: [192 | 300]
root: Train_Loss = 0.013689152896404266, Train_Err = 0.452
root: Val_Loss = 0.11118592321872711, Val_Err = 2.92
root: Epoch: [193 | 300]
root: Train_Loss = 0.013909141533076763, Train_Err = 0.47
root: Val_Loss = 0.11157695949077606, Val_Err = 2.93
root: Epoch: [194 | 300]
root: Train_Loss = 0.01294864434748888, Train_Err = 0.382
root: Val_Loss = 0.10673697292804718, Val_Err = 2.95
root: Epoch: [195 | 300]
root: Train_Loss = 0.013300224207341671, Train_Err = 0.42
root: Val_Loss = 0.11050131916999817, Val_Err = 2.95
root: Epoch: [196 | 300]
root: Train_Loss = 0.011646891012787819, Train_Err = 0.406
root: Val_Loss = 0.11043157428503036, Val_Err = 2.88
root: Epoch: [197 | 300]
root: Train_Loss = 0.01426388043910265, Train_Err = 0.43
root: Val_Loss = 0.11290120333433151, Val_Err = 3.02
root: Epoch: [198 | 300]
root: Train_Loss = 0.014536022208631039, Train_Err = 0.49
root: Val_Loss = 0.11432548612356186, Val_Err = 3.14
root: Epoch: [199 | 300]
root: Train_Loss = 0.01342049054801464, Train_Err = 0.406
root: Val_Loss = 0.11570370942354202, Val_Err = 3.06
root: Epoch: [200 | 300]
root: Train_Loss = 0.011901541613042355, Train_Err = 0.384
root: Val_Loss = 0.11248886585235596, Val_Err = 3.1
root: Epoch: [201 | 300]
root: Train_Loss = 0.013183336704969406, Train_Err = 0.416
root: Val_Loss = 0.11031889170408249, Val_Err = 2.99
root: Epoch: [202 | 300]
root: Train_Loss = 0.01386183686554432, Train_Err = 0.432
root: Val_Loss = 0.1173018291592598, Val_Err = 3.0
root: Epoch: [203 | 300]
root: Train_Loss = 0.013539603911340237, Train_Err = 0.468
root: Val_Loss = 0.11443153023719788, Val_Err = 3.15
root: Epoch: [204 | 300]
root: Train_Loss = 0.013667094521224499, Train_Err = 0.46
root: Val_Loss = 0.11889167129993439, Val_Err = 3.04
root: Epoch: [205 | 300]
root: Train_Loss = 0.012988023459911346, Train_Err = 0.432
root: Val_Loss = 0.11297756433486938, Val_Err = 2.99
root: Epoch: [206 | 300]
root: Train_Loss = 0.012008302845060825, Train_Err = 0.402
root: Val_Loss = 0.11347826570272446, Val_Err = 2.91
root: Epoch: [207 | 300]
root: Train_Loss = 0.012408275157213211, Train_Err = 0.378
root: Val_Loss = 0.11654045432806015, Val_Err = 3.13
root: Epoch: [208 | 300]
root: Train_Loss = 0.011877759359776974, Train_Err = 0.362
root: Val_Loss = 0.11266397684812546, Val_Err = 3.01
root: Epoch: [209 | 300]
root: Train_Loss = 0.012354621663689613, Train_Err = 0.402
root: Val_Loss = 0.1100723147392273, Val_Err = 3.02
root: Epoch: [210 | 300]
root: Train_Loss = 0.01192989107221365, Train_Err = 0.344
root: Val_Loss = 0.11356019228696823, Val_Err = 3.13
root: Epoch: [211 | 300]
root: Train_Loss = 0.01312736514955759, Train_Err = 0.424
root: Val_Loss = 0.11278979480266571, Val_Err = 3.0
root: Epoch: [212 | 300]
root: Train_Loss = 0.013071101158857346, Train_Err = 0.43
root: Val_Loss = 0.11621174961328506, Val_Err = 3.13
root: Epoch: [213 | 300]
root: Train_Loss = 0.013295737095177174, Train_Err = 0.454
root: Val_Loss = 0.1085822582244873, Val_Err = 2.94
root: Epoch: [214 | 300]
root: Train_Loss = 0.012798011302947998, Train_Err = 0.398
root: Val_Loss = 0.11211840808391571, Val_Err = 3.13
root: Epoch: [215 | 300]
root: Train_Loss = 0.013407573103904724, Train_Err = 0.414
root: Val_Loss = 0.11648013442754745, Val_Err = 2.99
root: Epoch: [216 | 300]
root: Train_Loss = 0.012058070860803127, Train_Err = 0.392
root: Val_Loss = 0.10939301550388336, Val_Err = 2.94
root: Epoch: [217 | 300]
root: Train_Loss = 0.012360756285488605, Train_Err = 0.404
root: Val_Loss = 0.11711383610963821, Val_Err = 2.87
root: Epoch: [218 | 300]
root: Train_Loss = 0.013361337594687939, Train_Err = 0.434
root: Val_Loss = 0.11267702281475067, Val_Err = 2.97
root: Epoch: [219 | 300]
root: Train_Loss = 0.011567670851945877, Train_Err = 0.388
root: Val_Loss = 0.11651676893234253, Val_Err = 2.93
root: Epoch: [220 | 300]
root: Train_Loss = 0.013065715320408344, Train_Err = 0.444
root: Val_Loss = 0.11682448536157608, Val_Err = 2.92
root: Epoch: [221 | 300]
root: Train_Loss = 0.013101646676659584, Train_Err = 0.412
root: Val_Loss = 0.11727326363325119, Val_Err = 2.97
root: Epoch: [222 | 300]
root: Train_Loss = 0.011714099906384945, Train_Err = 0.392
root: Val_Loss = 0.1179327592253685, Val_Err = 3.05
root: Epoch: [223 | 300]
root: Train_Loss = 0.0119888074696064, Train_Err = 0.394
root: Val_Loss = 0.11539249122142792, Val_Err = 2.99
root: Epoch: [224 | 300]
root: Train_Loss = 0.013850737363100052, Train_Err = 0.436
root: Val_Loss = 0.11038854718208313, Val_Err = 2.88
root: Epoch: [225 | 300]
root: Train_Loss = 0.011897166259586811, Train_Err = 0.378
root: Val_Loss = 0.10642627626657486, Val_Err = 2.79
root: Epoch: [226 | 300]
root: Train_Loss = 0.01226047333329916, Train_Err = 0.402
root: Val_Loss = 0.10486015677452087, Val_Err = 2.88
root: Epoch: [227 | 300]
root: Train_Loss = 0.010494803078472614, Train_Err = 0.338
root: Val_Loss = 0.1034015491604805, Val_Err = 2.86
root: Epoch: [228 | 300]
root: Train_Loss = 0.011075370013713837, Train_Err = 0.362
root: Val_Loss = 0.10039860010147095, Val_Err = 2.76
root: Epoch: [229 | 300]
root: Train_Loss = 0.010134928859770298, Train_Err = 0.334
root: Val_Loss = 0.10205476731061935, Val_Err = 2.82
root: Epoch: [230 | 300]
root: Train_Loss = 0.010288123972713947, Train_Err = 0.314
root: Val_Loss = 0.10129733383655548, Val_Err = 2.75
root: Epoch: [231 | 300]
root: Train_Loss = 0.008621633984148502, Train_Err = 0.28
root: Val_Loss = 0.10167805850505829, Val_Err = 2.8
root: Epoch: [232 | 300]
root: Train_Loss = 0.009344696067273617, Train_Err = 0.308
root: Val_Loss = 0.1010337844491005, Val_Err = 2.71
root: Epoch: [233 | 300]
root: Train_Loss = 0.0096617816016078, Train_Err = 0.276
root: Val_Loss = 0.1005382090806961, Val_Err = 2.7
root: Epoch: [234 | 300]
root: Train_Loss = 0.009329975582659245, Train_Err = 0.274
root: Val_Loss = 0.10120049864053726, Val_Err = 2.71
root: Epoch: [235 | 300]
root: Train_Loss = 0.008676992729306221, Train_Err = 0.286
root: Val_Loss = 0.10061703622341156, Val_Err = 2.67
root: Epoch: [236 | 300]
root: Train_Loss = 0.008288020268082619, Train_Err = 0.242
root: Val_Loss = 0.10014620423316956, Val_Err = 2.65
root: Epoch: [237 | 300]
root: Train_Loss = 0.008243690244853497, Train_Err = 0.254
root: Val_Loss = 0.09969597309827805, Val_Err = 2.65
root: Epoch: [238 | 300]
root: Train_Loss = 0.009467946365475655, Train_Err = 0.3
root: Val_Loss = 0.10044965893030167, Val_Err = 2.66
root: Epoch: [239 | 300]
root: Train_Loss = 0.009366810321807861, Train_Err = 0.27
root: Val_Loss = 0.09917956590652466, Val_Err = 2.67
root: Epoch: [240 | 300]
root: Train_Loss = 0.0086454963311553, Train_Err = 0.292
root: Val_Loss = 0.10090479999780655, Val_Err = 2.72
root: Epoch: [241 | 300]
root: Train_Loss = 0.009202033281326294, Train_Err = 0.296
root: Val_Loss = 0.10278617590665817, Val_Err = 2.67
root: Epoch: [242 | 300]
root: Train_Loss = 0.007873508147895336, Train_Err = 0.246
root: Val_Loss = 0.10121569782495499, Val_Err = 2.65
root: Epoch: [243 | 300]
root: Train_Loss = 0.008627261966466904, Train_Err = 0.26
root: Val_Loss = 0.10184338688850403, Val_Err = 2.75
root: Epoch: [244 | 300]
root: Train_Loss = 0.008145097643136978, Train_Err = 0.262
root: Val_Loss = 0.09967287629842758, Val_Err = 2.64
root: Epoch: [245 | 300]
root: Train_Loss = 0.008655909448862076, Train_Err = 0.276
root: Val_Loss = 0.09982381761074066, Val_Err = 2.72
root: Epoch: [246 | 300]
root: Train_Loss = 0.00805858988314867, Train_Err = 0.272
root: Val_Loss = 0.09939700365066528, Val_Err = 2.67
root: Epoch: [247 | 300]
root: Train_Loss = 0.007789847906678915, Train_Err = 0.25
root: Val_Loss = 0.1023792177438736, Val_Err = 2.7
root: Epoch: [248 | 300]
root: Train_Loss = 0.00746264448389411, Train_Err = 0.222
root: Val_Loss = 0.1008182093501091, Val_Err = 2.68
root: Epoch: [249 | 300]
root: Train_Loss = 0.008334586396813393, Train_Err = 0.276
root: Val_Loss = 0.10350269824266434, Val_Err = 2.78
root: Epoch: [250 | 300]
root: Train_Loss = 0.007788541726768017, Train_Err = 0.268
root: Val_Loss = 0.10225275903940201, Val_Err = 2.7
root: Epoch: [251 | 300]
root: Train_Loss = 0.007110983598977327, Train_Err = 0.204
root: Val_Loss = 0.10424990952014923, Val_Err = 2.68
root: Epoch: [252 | 300]
root: Train_Loss = 0.008427628315985203, Train_Err = 0.264
root: Val_Loss = 0.1024508848786354, Val_Err = 2.68
root: Epoch: [253 | 300]
root: Train_Loss = 0.008304201066493988, Train_Err = 0.262
root: Val_Loss = 0.10159094631671906, Val_Err = 2.67
root: Epoch: [254 | 300]
root: Train_Loss = 0.00782075896859169, Train_Err = 0.228
root: Val_Loss = 0.10272853821516037, Val_Err = 2.64
root: Epoch: [255 | 300]
root: Train_Loss = 0.007412364706397057, Train_Err = 0.228
root: Val_Loss = 0.10229488462209702, Val_Err = 2.66
root: Epoch: [256 | 300]
root: Train_Loss = 0.007403283379971981, Train_Err = 0.24
root: Val_Loss = 0.1024731919169426, Val_Err = 2.64
root: Epoch: [257 | 300]
root: Train_Loss = 0.007501236163079739, Train_Err = 0.23
root: Val_Loss = 0.10303428769111633, Val_Err = 2.73
root: Epoch: [258 | 300]
root: Train_Loss = 0.006835580803453922, Train_Err = 0.21
root: Val_Loss = 0.10291361808776855, Val_Err = 2.71
root: Epoch: [259 | 300]
root: Train_Loss = 0.007119050715118647, Train_Err = 0.238
root: Val_Loss = 0.10320370644330978, Val_Err = 2.76
root: Epoch: [260 | 300]
root: Train_Loss = 0.007199496496468782, Train_Err = 0.212
root: Val_Loss = 0.10360867530107498, Val_Err = 2.63
root: Epoch: [261 | 300]
root: Train_Loss = 0.008236917667090893, Train_Err = 0.254
root: Val_Loss = 0.10208923369646072, Val_Err = 2.58
root: Epoch: [262 | 300]
root: Train_Loss = 0.008868211880326271, Train_Err = 0.286
root: Val_Loss = 0.10255375504493713, Val_Err = 2.71
root: Epoch: [263 | 300]
root: Train_Loss = 0.008602234534919262, Train_Err = 0.284
root: Val_Loss = 0.10247877240180969, Val_Err = 2.79
root: Epoch: [264 | 300]
root: Train_Loss = 0.00806716550141573, Train_Err = 0.258
root: Val_Loss = 0.10213596373796463, Val_Err = 2.7
root: Epoch: [265 | 300]
root: Train_Loss = 0.00778936268761754, Train_Err = 0.238
root: Val_Loss = 0.1022816151380539, Val_Err = 2.61
root: Epoch: [266 | 300]
root: Train_Loss = 0.007494034245610237, Train_Err = 0.226
root: Val_Loss = 0.10244562476873398, Val_Err = 2.74
root: Epoch: [267 | 300]
root: Train_Loss = 0.007359318435192108, Train_Err = 0.24
root: Val_Loss = 0.10153796523809433, Val_Err = 2.68
root: Epoch: [268 | 300]
root: Train_Loss = 0.006462489254772663, Train_Err = 0.18
root: Val_Loss = 0.10251055657863617, Val_Err = 2.68
root: Epoch: [269 | 300]
root: Train_Loss = 0.007596899755299091, Train_Err = 0.234
root: Val_Loss = 0.10136059671640396, Val_Err = 2.68
root: Epoch: [270 | 300]
root: Train_Loss = 0.007972631603479385, Train_Err = 0.27
root: Val_Loss = 0.10131677985191345, Val_Err = 2.6
root: Epoch: [271 | 300]
root: Train_Loss = 0.006704871542751789, Train_Err = 0.204
root: Val_Loss = 0.10159047693014145, Val_Err = 2.69
root: Epoch: [272 | 300]
root: Train_Loss = 0.0068526482209563255, Train_Err = 0.222
root: Val_Loss = 0.10332231223583221, Val_Err = 2.75
root: Epoch: [273 | 300]
root: Train_Loss = 0.007017798721790314, Train_Err = 0.222
root: Val_Loss = 0.10393056273460388, Val_Err = 2.82
root: Epoch: [274 | 300]
root: Train_Loss = 0.006776250433176756, Train_Err = 0.206
root: Val_Loss = 0.10331883281469345, Val_Err = 2.68
root: Epoch: [275 | 300]
root: Train_Loss = 0.007789883762598038, Train_Err = 0.244
root: Val_Loss = 0.10276160389184952, Val_Err = 2.73
root: Epoch: [276 | 300]
root: Train_Loss = 0.006335684563964605, Train_Err = 0.176
root: Val_Loss = 0.10343470424413681, Val_Err = 2.65
root: Epoch: [277 | 300]
root: Train_Loss = 0.007342776283621788, Train_Err = 0.218
root: Val_Loss = 0.10356507450342178, Val_Err = 2.72
root: Epoch: [278 | 300]
root: Train_Loss = 0.007001303602010012, Train_Err = 0.214
root: Val_Loss = 0.10361050814390182, Val_Err = 2.72
root: Epoch: [279 | 300]
root: Train_Loss = 0.006677304394543171, Train_Err = 0.204
root: Val_Loss = 0.10303480923175812, Val_Err = 2.69
root: Epoch: [280 | 300]
root: Train_Loss = 0.007088791113346815, Train_Err = 0.218
root: Val_Loss = 0.10308318585157394, Val_Err = 2.69
root: Epoch: [281 | 300]
root: Train_Loss = 0.006195943336933851, Train_Err = 0.186
root: Val_Loss = 0.10360772162675858, Val_Err = 2.77
root: Epoch: [282 | 300]
root: Train_Loss = 0.00702801626175642, Train_Err = 0.198
root: Val_Loss = 0.10301581770181656, Val_Err = 2.69
root: Epoch: [283 | 300]
root: Train_Loss = 0.006743473932147026, Train_Err = 0.194
root: Val_Loss = 0.10329849272966385, Val_Err = 2.72
root: Epoch: [284 | 300]
root: Train_Loss = 0.0071982149966061115, Train_Err = 0.226
root: Val_Loss = 0.10432950407266617, Val_Err = 2.69
root: Epoch: [285 | 300]
root: Train_Loss = 0.00707507599145174, Train_Err = 0.238
root: Val_Loss = 0.10432977229356766, Val_Err = 2.73
root: Epoch: [286 | 300]
root: Train_Loss = 0.007122384384274483, Train_Err = 0.212
root: Val_Loss = 0.10164996236562729, Val_Err = 2.59
root: Epoch: [287 | 300]
root: Train_Loss = 0.006634020712226629, Train_Err = 0.202
root: Val_Loss = 0.10357683151960373, Val_Err = 2.62
root: Epoch: [288 | 300]
root: Train_Loss = 0.007271774113178253, Train_Err = 0.216
root: Val_Loss = 0.10458055138587952, Val_Err = 2.8
root: Epoch: [289 | 300]
root: Train_Loss = 0.0070505086332559586, Train_Err = 0.218
root: Val_Loss = 0.10458102822303772, Val_Err = 2.71
root: Epoch: [290 | 300]
root: Train_Loss = 0.007334415800869465, Train_Err = 0.248
root: Val_Loss = 0.10432471334934235, Val_Err = 2.68
root: Epoch: [291 | 300]
root: Train_Loss = 0.0070209503173828125, Train_Err = 0.22
root: Val_Loss = 0.105000339448452, Val_Err = 2.73
root: Epoch: [292 | 300]
root: Train_Loss = 0.007815494202077389, Train_Err = 0.248
root: Val_Loss = 0.1045793667435646, Val_Err = 2.7
root: Epoch: [293 | 300]
root: Train_Loss = 0.006358236074447632, Train_Err = 0.202
root: Val_Loss = 0.10456651449203491, Val_Err = 2.75
root: Epoch: [294 | 300]
root: Train_Loss = 0.006870516575872898, Train_Err = 0.228
root: Val_Loss = 0.10332384705543518, Val_Err = 2.73
root: Epoch: [295 | 300]
root: Train_Loss = 0.006453728303313255, Train_Err = 0.222
root: Val_Loss = 0.10476205497980118, Val_Err = 2.71
root: Epoch: [296 | 300]
root: Train_Loss = 0.006995232310146093, Train_Err = 0.214
root: Val_Loss = 0.10545817762613297, Val_Err = 2.68
root: Epoch: [297 | 300]
root: Train_Loss = 0.006453026086091995, Train_Err = 0.174
root: Val_Loss = 0.10445146262645721, Val_Err = 2.67
root: Epoch: [298 | 300]
root: Train_Loss = 0.007224285043776035, Train_Err = 0.212
root: Val_Loss = 0.10509009659290314, Val_Err = 2.75
root: Epoch: [299 | 300]
root: Train_Loss = 0.006502719596028328, Train_Err = 0.224
root: Val_Loss = 0.10634328424930573, Val_Err = 2.71
