root: Namespace(M=8, batch_size=16, cp_dir='checkpoints/basic_none/cifar10/ssgd/run_ms_0/pyramidnet_110_8_8_0.0005/run4', depth=110, dtype='cifar10', epochs=300, img_aug='basic_none', inc=10, learning_rate=0.1, momentum=0.9, mtype='pyramidnet', num_classes=10, resume=None, seed=0, std=0.0005, threads=8, weight_decay=0.0001, width_factor=8)
root: Epoch: [0 | 300]
root: Train_Loss = 0.1659461259841919, Train_Err = 48.168
root: Val_Loss = 0.952897846698761, Val_Err = 32.97
root: Epoch: [1 | 300]
root: Train_Loss = 0.1018865704536438, Train_Err = 28.19
root: Val_Loss = 0.6182981729507446, Val_Err = 21.25
root: Epoch: [2 | 300]
root: Train_Loss = 0.08110543340444565, Train_Err = 22.142
root: Val_Loss = 0.5634795427322388, Val_Err = 19.31
root: Epoch: [3 | 300]
root: Train_Loss = 0.07055491954088211, Train_Err = 19.348
root: Val_Loss = 0.46605384349823, Val_Err = 16.11
root: Epoch: [4 | 300]
root: Train_Loss = 0.06198512017726898, Train_Err = 16.944
root: Val_Loss = 0.4234441816806793, Val_Err = 14.46
root: Epoch: [5 | 300]
root: Train_Loss = 0.055975623428821564, Train_Err = 15.358
root: Val_Loss = 0.4236214756965637, Val_Err = 14.58
root: Epoch: [6 | 300]
root: Train_Loss = 0.05184037610888481, Train_Err = 14.082
root: Val_Loss = 0.400962233543396, Val_Err = 13.54
root: Epoch: [7 | 300]
root: Train_Loss = 0.046981606632471085, Train_Err = 12.984
root: Val_Loss = 0.3836725056171417, Val_Err = 12.92
root: Epoch: [8 | 300]
root: Train_Loss = 0.043870557099580765, Train_Err = 11.93
root: Val_Loss = 0.36918187141418457, Val_Err = 12.52
root: Epoch: [9 | 300]
root: Train_Loss = 0.04088832437992096, Train_Err = 11.118
root: Val_Loss = 0.3395827114582062, Val_Err = 11.56
root: Epoch: [10 | 300]
root: Train_Loss = 0.0380469411611557, Train_Err = 10.502
root: Val_Loss = 0.3392854630947113, Val_Err = 11.05
root: Epoch: [11 | 300]
root: Train_Loss = 0.03531479090452194, Train_Err = 9.638
root: Val_Loss = 0.3100326657295227, Val_Err = 10.54
root: Epoch: [12 | 300]
root: Train_Loss = 0.03386571258306503, Train_Err = 9.168
root: Val_Loss = 0.3064500093460083, Val_Err = 10.14
root: Epoch: [13 | 300]
root: Train_Loss = 0.03179759159684181, Train_Err = 8.598
root: Val_Loss = 0.3295851945877075, Val_Err = 11.02
root: Epoch: [14 | 300]
root: Train_Loss = 0.030169514939188957, Train_Err = 8.246
root: Val_Loss = 0.31475427746772766, Val_Err = 10.65
root: Epoch: [15 | 300]
root: Train_Loss = 0.02832818776369095, Train_Err = 7.802
root: Val_Loss = 0.2740955054759979, Val_Err = 9.06
root: Epoch: [16 | 300]
root: Train_Loss = 0.02688373439013958, Train_Err = 7.294
root: Val_Loss = 0.29631081223487854, Val_Err = 9.8
root: Epoch: [17 | 300]
root: Train_Loss = 0.02545667625963688, Train_Err = 7.07
root: Val_Loss = 0.29680609703063965, Val_Err = 9.61
root: Epoch: [18 | 300]
root: Train_Loss = 0.024619705975055695, Train_Err = 6.824
root: Val_Loss = 0.27130305767059326, Val_Err = 9.13
root: Epoch: [19 | 300]
root: Train_Loss = 0.023414650931954384, Train_Err = 6.536
root: Val_Loss = 0.2589993476867676, Val_Err = 8.55
root: Epoch: [20 | 300]
root: Train_Loss = 0.022131837904453278, Train_Err = 6.072
root: Val_Loss = 0.266373872756958, Val_Err = 8.83
root: Epoch: [21 | 300]
root: Train_Loss = 0.021218737587332726, Train_Err = 5.93
root: Val_Loss = 0.26215261220932007, Val_Err = 8.41
root: Epoch: [22 | 300]
root: Train_Loss = 0.020524855703115463, Train_Err = 5.656
root: Val_Loss = 0.29357436299324036, Val_Err = 9.73
root: Epoch: [23 | 300]
root: Train_Loss = 0.019075023010373116, Train_Err = 5.262
root: Val_Loss = 0.26214542984962463, Val_Err = 8.46
root: Epoch: [24 | 300]
root: Train_Loss = 0.018602222204208374, Train_Err = 5.004
root: Val_Loss = 0.2687600255012512, Val_Err = 8.67
root: Epoch: [25 | 300]
root: Train_Loss = 0.01781071163713932, Train_Err = 4.942
root: Val_Loss = 0.2608988881111145, Val_Err = 8.48
root: Epoch: [26 | 300]
root: Train_Loss = 0.01731610856950283, Train_Err = 4.768
root: Val_Loss = 0.24419794976711273, Val_Err = 7.67
root: Epoch: [27 | 300]
root: Train_Loss = 0.017234884202480316, Train_Err = 4.738
root: Val_Loss = 0.26973292231559753, Val_Err = 8.2
root: Epoch: [28 | 300]
root: Train_Loss = 0.01656525395810604, Train_Err = 4.572
root: Val_Loss = 0.26205840706825256, Val_Err = 8.0
root: Epoch: [29 | 300]
root: Train_Loss = 0.015797169879078865, Train_Err = 4.308
root: Val_Loss = 0.2757774889469147, Val_Err = 8.41
root: Epoch: [30 | 300]
root: Train_Loss = 0.0157651174813509, Train_Err = 4.254
root: Val_Loss = 0.2458740472793579, Val_Err = 7.67
root: Epoch: [31 | 300]
root: Train_Loss = 0.015121460892260075, Train_Err = 4.296
root: Val_Loss = 0.2511941194534302, Val_Err = 7.54
root: Epoch: [32 | 300]
root: Train_Loss = 0.014552257023751736, Train_Err = 3.952
root: Val_Loss = 0.26546409726142883, Val_Err = 8.13
root: Epoch: [33 | 300]
root: Train_Loss = 0.014639665372669697, Train_Err = 4.058
root: Val_Loss = 0.26800331473350525, Val_Err = 8.51
root: Epoch: [34 | 300]
root: Train_Loss = 0.014533438719809055, Train_Err = 3.944
root: Val_Loss = 0.2570694088935852, Val_Err = 8.06
root: Epoch: [35 | 300]
root: Train_Loss = 0.013672704808413982, Train_Err = 3.768
root: Val_Loss = 0.24283204972743988, Val_Err = 7.46
root: Epoch: [36 | 300]
root: Train_Loss = 0.013598100282251835, Train_Err = 3.764
root: Val_Loss = 0.25631046295166016, Val_Err = 7.88
root: Epoch: [37 | 300]
root: Train_Loss = 0.013785977847874165, Train_Err = 3.744
root: Val_Loss = 0.2513093948364258, Val_Err = 8.01
root: Epoch: [38 | 300]
root: Train_Loss = 0.013053231872618198, Train_Err = 3.516
root: Val_Loss = 0.25208789110183716, Val_Err = 7.71
root: Epoch: [39 | 300]
root: Train_Loss = 0.013017870485782623, Train_Err = 3.584
root: Val_Loss = 0.24699321389198303, Val_Err = 7.71
root: Epoch: [40 | 300]
root: Train_Loss = 0.012944435700774193, Train_Err = 3.544
root: Val_Loss = 0.24749718606472015, Val_Err = 7.58
root: Epoch: [41 | 300]
root: Train_Loss = 0.012353449128568172, Train_Err = 3.348
root: Val_Loss = 0.26141682267189026, Val_Err = 7.96
root: Epoch: [42 | 300]
root: Train_Loss = 0.012576272711157799, Train_Err = 3.446
root: Val_Loss = 0.2846527397632599, Val_Err = 8.35
root: Epoch: [43 | 300]
root: Train_Loss = 0.012460841797292233, Train_Err = 3.458
root: Val_Loss = 0.25959810614585876, Val_Err = 7.7
root: Epoch: [44 | 300]
root: Train_Loss = 0.012646272778511047, Train_Err = 3.42
root: Val_Loss = 0.2553056478500366, Val_Err = 7.81
root: Epoch: [45 | 300]
root: Train_Loss = 0.012589960359036922, Train_Err = 3.41
root: Val_Loss = 0.2784660756587982, Val_Err = 8.04
root: Epoch: [46 | 300]
root: Train_Loss = 0.012502511963248253, Train_Err = 3.422
root: Val_Loss = 0.24277138710021973, Val_Err = 7.39
root: Epoch: [47 | 300]
root: Train_Loss = 0.011849692091345787, Train_Err = 3.2
root: Val_Loss = 0.2444063127040863, Val_Err = 7.4
root: Epoch: [48 | 300]
root: Train_Loss = 0.01144452765583992, Train_Err = 3.176
root: Val_Loss = 0.26727041602134705, Val_Err = 8.11
root: Epoch: [49 | 300]
root: Train_Loss = 0.011943944729864597, Train_Err = 3.252
root: Val_Loss = 0.25251904129981995, Val_Err = 7.33
root: Epoch: [50 | 300]
root: Train_Loss = 0.010942854918539524, Train_Err = 3.004
root: Val_Loss = 0.2592523992061615, Val_Err = 7.61
root: Epoch: [51 | 300]
root: Train_Loss = 0.012047703377902508, Train_Err = 3.274
root: Val_Loss = 0.2761274576187134, Val_Err = 7.8
root: Epoch: [52 | 300]
root: Train_Loss = 0.01169512514024973, Train_Err = 3.236
root: Val_Loss = 0.2771953046321869, Val_Err = 8.02
root: Epoch: [53 | 300]
root: Train_Loss = 0.011524959467351437, Train_Err = 3.154
root: Val_Loss = 0.2555260956287384, Val_Err = 7.51
root: Epoch: [54 | 300]
root: Train_Loss = 0.011370950378477573, Train_Err = 3.084
root: Val_Loss = 0.2662852108478546, Val_Err = 7.84
root: Epoch: [55 | 300]
root: Train_Loss = 0.010941047221422195, Train_Err = 2.962
root: Val_Loss = 0.26040151715278625, Val_Err = 7.68
root: Epoch: [56 | 300]
root: Train_Loss = 0.011217175051569939, Train_Err = 3.12
root: Val_Loss = 0.25388839840888977, Val_Err = 7.53
root: Epoch: [57 | 300]
root: Train_Loss = 0.011035013943910599, Train_Err = 3.046
root: Val_Loss = 0.2351967990398407, Val_Err = 7.07
root: Epoch: [58 | 300]
root: Train_Loss = 0.01032190304249525, Train_Err = 2.764
root: Val_Loss = 0.26489749550819397, Val_Err = 7.54
root: Epoch: [59 | 300]
root: Train_Loss = 0.01079518161714077, Train_Err = 2.958
root: Val_Loss = 0.23772276937961578, Val_Err = 7.12
root: Epoch: [60 | 300]
root: Train_Loss = 0.010790902189910412, Train_Err = 2.956
root: Val_Loss = 0.2650434374809265, Val_Err = 8.2
root: Epoch: [61 | 300]
root: Train_Loss = 0.010735946707427502, Train_Err = 2.962
root: Val_Loss = 0.2583424150943756, Val_Err = 7.28
root: Epoch: [62 | 300]
root: Train_Loss = 0.011485484428703785, Train_Err = 3.15
root: Val_Loss = 0.2432749718427658, Val_Err = 7.13
root: Epoch: [63 | 300]
root: Train_Loss = 0.010468456894159317, Train_Err = 2.86
root: Val_Loss = 0.2439303696155548, Val_Err = 7.12
root: Epoch: [64 | 300]
root: Train_Loss = 0.010316887870430946, Train_Err = 2.764
root: Val_Loss = 0.2641332745552063, Val_Err = 7.33
root: Epoch: [65 | 300]
root: Train_Loss = 0.0106603829190135, Train_Err = 2.784
root: Val_Loss = 0.2529117465019226, Val_Err = 7.47
root: Epoch: [66 | 300]
root: Train_Loss = 0.010407939553260803, Train_Err = 2.926
root: Val_Loss = 0.2630995213985443, Val_Err = 7.5
root: Epoch: [67 | 300]
root: Train_Loss = 0.010515403002500534, Train_Err = 2.828
root: Val_Loss = 0.25557562708854675, Val_Err = 7.26
root: Epoch: [68 | 300]
root: Train_Loss = 0.010462549515068531, Train_Err = 2.824
root: Val_Loss = 0.2506055235862732, Val_Err = 7.27
root: Epoch: [69 | 300]
root: Train_Loss = 0.01059644017368555, Train_Err = 2.916
root: Val_Loss = 0.2665582597255707, Val_Err = 7.4
root: Epoch: [70 | 300]
root: Train_Loss = 0.010220611467957497, Train_Err = 2.754
root: Val_Loss = 0.24270646274089813, Val_Err = 7.1
root: Epoch: [71 | 300]
root: Train_Loss = 0.010293489322066307, Train_Err = 2.774
root: Val_Loss = 0.24864357709884644, Val_Err = 7.16
root: Epoch: [72 | 300]
root: Train_Loss = 0.00989609770476818, Train_Err = 2.65
root: Val_Loss = 0.2590264081954956, Val_Err = 7.14
root: Epoch: [73 | 300]
root: Train_Loss = 0.010448923334479332, Train_Err = 2.754
root: Val_Loss = 0.243332177400589, Val_Err = 6.96
root: Epoch: [74 | 300]
root: Train_Loss = 0.00961526669561863, Train_Err = 2.476
root: Val_Loss = 0.21298757195472717, Val_Err = 6.14
root: Epoch: [75 | 300]
root: Train_Loss = 0.009782948531210423, Train_Err = 2.608
root: Val_Loss = 0.2417779415845871, Val_Err = 6.72
root: Epoch: [76 | 300]
root: Train_Loss = 0.010034771636128426, Train_Err = 2.684
root: Val_Loss = 0.24547433853149414, Val_Err = 7.44
root: Epoch: [77 | 300]
root: Train_Loss = 0.009739778004586697, Train_Err = 2.598
root: Val_Loss = 0.25880149006843567, Val_Err = 7.46
root: Epoch: [78 | 300]
root: Train_Loss = 0.009829288348555565, Train_Err = 2.676
root: Val_Loss = 0.24357551336288452, Val_Err = 7.13
root: Epoch: [79 | 300]
root: Train_Loss = 0.009887718595564365, Train_Err = 2.69
root: Val_Loss = 0.2500988841056824, Val_Err = 6.83
root: Epoch: [80 | 300]
root: Train_Loss = 0.01004479918628931, Train_Err = 2.808
root: Val_Loss = 0.2560652196407318, Val_Err = 7.26
root: Epoch: [81 | 300]
root: Train_Loss = 0.009720543399453163, Train_Err = 2.616
root: Val_Loss = 0.24562834203243256, Val_Err = 6.84
root: Epoch: [82 | 300]
root: Train_Loss = 0.009832137264311314, Train_Err = 2.678
root: Val_Loss = 0.25418370962142944, Val_Err = 7.44
root: Epoch: [83 | 300]
root: Train_Loss = 0.009526889771223068, Train_Err = 2.584
root: Val_Loss = 0.25297173857688904, Val_Err = 7.47
root: Epoch: [84 | 300]
root: Train_Loss = 0.00947533454746008, Train_Err = 2.528
root: Val_Loss = 0.2260490357875824, Val_Err = 6.73
root: Epoch: [85 | 300]
root: Train_Loss = 0.00984604749828577, Train_Err = 2.684
root: Val_Loss = 0.25127819180488586, Val_Err = 7.05
root: Epoch: [86 | 300]
root: Train_Loss = 0.009577848017215729, Train_Err = 2.58
root: Val_Loss = 0.2567260265350342, Val_Err = 7.31
root: Epoch: [87 | 300]
root: Train_Loss = 0.009627606719732285, Train_Err = 2.604
root: Val_Loss = 0.26547834277153015, Val_Err = 7.59
root: Epoch: [88 | 300]
root: Train_Loss = 0.008661773055791855, Train_Err = 2.31
root: Val_Loss = 0.25348490476608276, Val_Err = 6.41
root: Epoch: [89 | 300]
root: Train_Loss = 0.009819677099585533, Train_Err = 2.688
root: Val_Loss = 0.25609949231147766, Val_Err = 7.09
root: Epoch: [90 | 300]
root: Train_Loss = 0.010164453648030758, Train_Err = 2.816
root: Val_Loss = 0.2604306936264038, Val_Err = 7.44
root: Epoch: [91 | 300]
root: Train_Loss = 0.009180476889014244, Train_Err = 2.426
root: Val_Loss = 0.26802170276641846, Val_Err = 7.41
root: Epoch: [92 | 300]
root: Train_Loss = 0.009592698886990547, Train_Err = 2.604
root: Val_Loss = 0.2508600950241089, Val_Err = 7.25
root: Epoch: [93 | 300]
root: Train_Loss = 0.009329217486083508, Train_Err = 2.52
root: Val_Loss = 0.2415333241224289, Val_Err = 6.88
root: Epoch: [94 | 300]
root: Train_Loss = 0.009642012417316437, Train_Err = 2.596
root: Val_Loss = 0.26049286127090454, Val_Err = 6.99
root: Epoch: [95 | 300]
root: Train_Loss = 0.009219774976372719, Train_Err = 2.494
root: Val_Loss = 0.26167696714401245, Val_Err = 7.31
root: Epoch: [96 | 300]
root: Train_Loss = 0.009954121895134449, Train_Err = 2.758
root: Val_Loss = 0.23595213890075684, Val_Err = 6.86
root: Epoch: [97 | 300]
root: Train_Loss = 0.009291337803006172, Train_Err = 2.5
root: Val_Loss = 0.2394772171974182, Val_Err = 6.97
root: Epoch: [98 | 300]
root: Train_Loss = 0.009316270239651203, Train_Err = 2.516
root: Val_Loss = 0.23649977147579193, Val_Err = 6.79
root: Epoch: [99 | 300]
root: Train_Loss = 0.00911501795053482, Train_Err = 2.512
root: Val_Loss = 0.24579493701457977, Val_Err = 7.1
root: Epoch: [100 | 300]
root: Train_Loss = 0.009397781454026699, Train_Err = 2.526
root: Val_Loss = 0.2942749559879303, Val_Err = 8.24
root: Epoch: [101 | 300]
root: Train_Loss = 0.009725266136229038, Train_Err = 2.672
root: Val_Loss = 0.243257075548172, Val_Err = 6.62
root: Epoch: [102 | 300]
root: Train_Loss = 0.008595441468060017, Train_Err = 2.216
root: Val_Loss = 0.24720941483974457, Val_Err = 6.81
root: Epoch: [103 | 300]
root: Train_Loss = 0.008914320729672909, Train_Err = 2.428
root: Val_Loss = 0.25433114171028137, Val_Err = 7.14
root: Epoch: [104 | 300]
root: Train_Loss = 0.009015153162181377, Train_Err = 2.386
root: Val_Loss = 0.25054141879081726, Val_Err = 7.1
root: Epoch: [105 | 300]
root: Train_Loss = 0.00943133607506752, Train_Err = 2.618
root: Val_Loss = 0.2408970594406128, Val_Err = 6.64
root: Epoch: [106 | 300]
root: Train_Loss = 0.008615915663540363, Train_Err = 2.37
root: Val_Loss = 0.276464581489563, Val_Err = 7.45
root: Epoch: [107 | 300]
root: Train_Loss = 0.009048772044479847, Train_Err = 2.466
root: Val_Loss = 0.24384227395057678, Val_Err = 6.98
root: Epoch: [108 | 300]
root: Train_Loss = 0.008732680231332779, Train_Err = 2.292
root: Val_Loss = 0.235214963555336, Val_Err = 6.78
root: Epoch: [109 | 300]
root: Train_Loss = 0.009058000519871712, Train_Err = 2.472
root: Val_Loss = 0.24281500279903412, Val_Err = 6.8
root: Epoch: [110 | 300]
root: Train_Loss = 0.008950813673436642, Train_Err = 2.362
root: Val_Loss = 0.2362484335899353, Val_Err = 6.82
root: Epoch: [111 | 300]
root: Train_Loss = 0.008569526486098766, Train_Err = 2.362
root: Val_Loss = 0.23949064314365387, Val_Err = 6.82
root: Epoch: [112 | 300]
root: Train_Loss = 0.008742633275687695, Train_Err = 2.344
root: Val_Loss = 0.24256527423858643, Val_Err = 6.74
root: Epoch: [113 | 300]
root: Train_Loss = 0.008890998549759388, Train_Err = 2.364
root: Val_Loss = 0.22720614075660706, Val_Err = 6.33
root: Epoch: [114 | 300]
root: Train_Loss = 0.009111806750297546, Train_Err = 2.5
root: Val_Loss = 0.246552512049675, Val_Err = 6.75
root: Epoch: [115 | 300]
root: Train_Loss = 0.009627892635762691, Train_Err = 2.558
root: Val_Loss = 0.24285396933555603, Val_Err = 6.59
root: Epoch: [116 | 300]
root: Train_Loss = 0.008674214594066143, Train_Err = 2.324
root: Val_Loss = 0.22532421350479126, Val_Err = 6.11
root: Epoch: [117 | 300]
root: Train_Loss = 0.008697026409208775, Train_Err = 2.308
root: Val_Loss = 0.23666229844093323, Val_Err = 6.39
root: Epoch: [118 | 300]
root: Train_Loss = 0.008700976148247719, Train_Err = 2.398
root: Val_Loss = 0.23213090002536774, Val_Err = 6.46
root: Epoch: [119 | 300]
root: Train_Loss = 0.008706885389983654, Train_Err = 2.302
root: Val_Loss = 0.2630651593208313, Val_Err = 6.82
root: Epoch: [120 | 300]
root: Train_Loss = 0.009050768800079823, Train_Err = 2.378
root: Val_Loss = 0.2566310465335846, Val_Err = 7.13
root: Epoch: [121 | 300]
root: Train_Loss = 0.008946486748754978, Train_Err = 2.486
root: Val_Loss = 0.23045861721038818, Val_Err = 6.72
root: Epoch: [122 | 300]
root: Train_Loss = 0.008450076915323734, Train_Err = 2.224
root: Val_Loss = 0.27356553077697754, Val_Err = 7.27
root: Epoch: [123 | 300]
root: Train_Loss = 0.008630258962512016, Train_Err = 2.33
root: Val_Loss = 0.2723243236541748, Val_Err = 7.08
root: Epoch: [124 | 300]
root: Train_Loss = 0.008379978127777576, Train_Err = 2.246
root: Val_Loss = 0.2617780864238739, Val_Err = 7.18
root: Epoch: [125 | 300]
root: Train_Loss = 0.009359532035887241, Train_Err = 2.542
root: Val_Loss = 0.25461938977241516, Val_Err = 7.07
root: Epoch: [126 | 300]
root: Train_Loss = 0.008732256479561329, Train_Err = 2.338
root: Val_Loss = 0.23671506345272064, Val_Err = 6.82
root: Epoch: [127 | 300]
root: Train_Loss = 0.00853566825389862, Train_Err = 2.254
root: Val_Loss = 0.28154292702674866, Val_Err = 7.49
root: Epoch: [128 | 300]
root: Train_Loss = 0.008501337841153145, Train_Err = 2.222
root: Val_Loss = 0.26290804147720337, Val_Err = 6.9
root: Epoch: [129 | 300]
root: Train_Loss = 0.008855619467794895, Train_Err = 2.4
root: Val_Loss = 0.2572163939476013, Val_Err = 6.94
root: Epoch: [130 | 300]
root: Train_Loss = 0.008490427397191525, Train_Err = 2.27
root: Val_Loss = 0.24619843065738678, Val_Err = 6.64
root: Epoch: [131 | 300]
root: Train_Loss = 0.008394578471779823, Train_Err = 2.256
root: Val_Loss = 0.26311832666397095, Val_Err = 7.44
root: Epoch: [132 | 300]
root: Train_Loss = 0.008396840654313564, Train_Err = 2.276
root: Val_Loss = 0.25170186161994934, Val_Err = 7.28
root: Epoch: [133 | 300]
root: Train_Loss = 0.008702652528882027, Train_Err = 2.322
root: Val_Loss = 0.2464178204536438, Val_Err = 6.84
root: Epoch: [134 | 300]
root: Train_Loss = 0.007729928009212017, Train_Err = 2.05
root: Val_Loss = 0.24595670402050018, Val_Err = 7.26
root: Epoch: [135 | 300]
root: Train_Loss = 0.008596109226346016, Train_Err = 2.296
root: Val_Loss = 0.2868693172931671, Val_Err = 7.62
root: Epoch: [136 | 300]
root: Train_Loss = 0.0089691411703825, Train_Err = 2.4
root: Val_Loss = 0.21644477546215057, Val_Err = 6.31
root: Epoch: [137 | 300]
root: Train_Loss = 0.008401336148381233, Train_Err = 2.27
root: Val_Loss = 0.23064394295215607, Val_Err = 6.65
root: Epoch: [138 | 300]
root: Train_Loss = 0.009225625544786453, Train_Err = 2.534
root: Val_Loss = 0.23828986287117004, Val_Err = 7.15
root: Epoch: [139 | 300]
root: Train_Loss = 0.008073867298662663, Train_Err = 2.17
root: Val_Loss = 0.24438247084617615, Val_Err = 6.96
root: Epoch: [140 | 300]
root: Train_Loss = 0.008838036097586155, Train_Err = 2.378
root: Val_Loss = 0.23310211300849915, Val_Err = 6.27
root: Epoch: [141 | 300]
root: Train_Loss = 0.008078760467469692, Train_Err = 2.144
root: Val_Loss = 0.25707152485847473, Val_Err = 6.98
root: Epoch: [142 | 300]
root: Train_Loss = 0.008889680728316307, Train_Err = 2.378
root: Val_Loss = 0.2263479381799698, Val_Err = 6.67
root: Epoch: [143 | 300]
root: Train_Loss = 0.008563613519072533, Train_Err = 2.324
root: Val_Loss = 0.2550678551197052, Val_Err = 6.71
root: Epoch: [144 | 300]
root: Train_Loss = 0.00838424265384674, Train_Err = 2.25
root: Val_Loss = 0.22523148357868195, Val_Err = 6.29
root: Epoch: [145 | 300]
root: Train_Loss = 0.008090989664196968, Train_Err = 2.08
root: Val_Loss = 0.2422444224357605, Val_Err = 6.87
root: Epoch: [146 | 300]
root: Train_Loss = 0.008477451279759407, Train_Err = 2.276
root: Val_Loss = 0.24600820243358612, Val_Err = 7.22
root: Epoch: [147 | 300]
root: Train_Loss = 0.008555307053029537, Train_Err = 2.364
root: Val_Loss = 0.22596393525600433, Val_Err = 6.18
root: Epoch: [148 | 300]
root: Train_Loss = 0.008365174755454063, Train_Err = 2.298
root: Val_Loss = 0.24423615634441376, Val_Err = 6.73
root: Epoch: [149 | 300]
root: Train_Loss = 0.008092237636446953, Train_Err = 2.08
root: Val_Loss = 0.22840331494808197, Val_Err = 6.59
root: Epoch: [150 | 300]
root: Train_Loss = 0.002534872153773904, Train_Err = 0.65
root: Val_Loss = 0.16746892035007477, Val_Err = 4.58
root: Epoch: [151 | 300]
root: Train_Loss = 0.0010811660904437304, Train_Err = 0.2
root: Val_Loss = 0.16315707564353943, Val_Err = 4.29
root: Epoch: [152 | 300]
root: Train_Loss = 0.0006616695900447667, Train_Err = 0.112
root: Val_Loss = 0.1690077781677246, Val_Err = 4.2
root: Epoch: [153 | 300]
root: Train_Loss = 0.0005068361642770469, Train_Err = 0.09
root: Val_Loss = 0.16952474415302277, Val_Err = 4.28
root: Epoch: [154 | 300]
root: Train_Loss = 0.00041572723421268165, Train_Err = 0.066
root: Val_Loss = 0.16752111911773682, Val_Err = 4.2
root: Epoch: [155 | 300]
root: Train_Loss = 0.0003268916916567832, Train_Err = 0.04
root: Val_Loss = 0.16997148096561432, Val_Err = 4.28
root: Epoch: [156 | 300]
root: Train_Loss = 0.000269939424470067, Train_Err = 0.036
root: Val_Loss = 0.17342466115951538, Val_Err = 4.22
root: Epoch: [157 | 300]
root: Train_Loss = 0.00023393568699248135, Train_Err = 0.034
root: Val_Loss = 0.1740337759256363, Val_Err = 4.16
root: Epoch: [158 | 300]
root: Train_Loss = 0.00019373244140297174, Train_Err = 0.026
root: Val_Loss = 0.17301854491233826, Val_Err = 4.14
root: Epoch: [159 | 300]
root: Train_Loss = 0.00020628464699257165, Train_Err = 0.024
root: Val_Loss = 0.17601528763771057, Val_Err = 4.23
root: Epoch: [160 | 300]
root: Train_Loss = 0.00018091980018652976, Train_Err = 0.026
root: Val_Loss = 0.171953022480011, Val_Err = 4.15
root: Epoch: [161 | 300]
root: Train_Loss = 0.00017887403373606503, Train_Err = 0.028
root: Val_Loss = 0.17435748875141144, Val_Err = 4.03
root: Epoch: [162 | 300]
root: Train_Loss = 0.00013762505841441453, Train_Err = 0.016
root: Val_Loss = 0.17454615235328674, Val_Err = 4.11
root: Epoch: [163 | 300]
root: Train_Loss = 0.00013543470413424075, Train_Err = 0.008
root: Val_Loss = 0.1737024486064911, Val_Err = 3.91
root: Epoch: [164 | 300]
root: Train_Loss = 0.00013817749277222902, Train_Err = 0.02
root: Val_Loss = 0.17371293902397156, Val_Err = 3.98
root: Epoch: [165 | 300]
root: Train_Loss = 0.00015781949332449585, Train_Err = 0.022
root: Val_Loss = 0.17376048862934113, Val_Err = 4.04
root: Epoch: [166 | 300]
root: Train_Loss = 0.00012541053001768887, Train_Err = 0.01
root: Val_Loss = 0.16910509765148163, Val_Err = 3.98
root: Epoch: [167 | 300]
root: Train_Loss = 0.00011144304880872369, Train_Err = 0.008
root: Val_Loss = 0.17508730292320251, Val_Err = 3.98
root: Epoch: [168 | 300]
root: Train_Loss = 0.0001068955025402829, Train_Err = 0.008
root: Val_Loss = 0.17122198641300201, Val_Err = 3.97
root: Epoch: [169 | 300]
root: Train_Loss = 0.00010317515989299864, Train_Err = 0.008
root: Val_Loss = 0.17042668163776398, Val_Err = 3.92
root: Epoch: [170 | 300]
root: Train_Loss = 8.484213321935385e-05, Train_Err = 0.006
root: Val_Loss = 0.1739688217639923, Val_Err = 4.01
root: Epoch: [171 | 300]
root: Train_Loss = 0.00010743648454081267, Train_Err = 0.014
root: Val_Loss = 0.17491832375526428, Val_Err = 4.05
root: Epoch: [172 | 300]
root: Train_Loss = 8.481385884806514e-05, Train_Err = 0.004
root: Val_Loss = 0.17633982002735138, Val_Err = 4.09
root: Epoch: [173 | 300]
root: Train_Loss = 9.215409954776987e-05, Train_Err = 0.008
root: Val_Loss = 0.17184315621852875, Val_Err = 3.9
root: Epoch: [174 | 300]
root: Train_Loss = 0.00010325991024728864, Train_Err = 0.008
root: Val_Loss = 0.17520777881145477, Val_Err = 4.1
root: Epoch: [175 | 300]
root: Train_Loss = 0.00011346692917868495, Train_Err = 0.014
root: Val_Loss = 0.17464913427829742, Val_Err = 4.11
root: Epoch: [176 | 300]
root: Train_Loss = 8.432540926150978e-05, Train_Err = 0.006
root: Val_Loss = 0.1712336540222168, Val_Err = 4.01
root: Epoch: [177 | 300]
root: Train_Loss = 8.728210377739742e-05, Train_Err = 0.006
root: Val_Loss = 0.17421062290668488, Val_Err = 4.0
root: Epoch: [178 | 300]
root: Train_Loss = 9.581288031768054e-05, Train_Err = 0.01
root: Val_Loss = 0.17526768147945404, Val_Err = 3.91
root: Epoch: [179 | 300]
root: Train_Loss = 0.00010304469469701871, Train_Err = 0.012
root: Val_Loss = 0.17452524602413177, Val_Err = 3.95
root: Epoch: [180 | 300]
root: Train_Loss = 0.00010605459829093888, Train_Err = 0.016
root: Val_Loss = 0.1756225824356079, Val_Err = 3.97
root: Epoch: [181 | 300]
root: Train_Loss = 8.368049748241901e-05, Train_Err = 0.006
root: Val_Loss = 0.1734546571969986, Val_Err = 3.97
root: Epoch: [182 | 300]
root: Train_Loss = 9.424498421140015e-05, Train_Err = 0.012
root: Val_Loss = 0.17465807497501373, Val_Err = 3.87
root: Epoch: [183 | 300]
root: Train_Loss = 7.91771017247811e-05, Train_Err = 0.008
root: Val_Loss = 0.17302662134170532, Val_Err = 3.93
root: Epoch: [184 | 300]
root: Train_Loss = 8.823578536976129e-05, Train_Err = 0.014
root: Val_Loss = 0.17098553478717804, Val_Err = 3.97
root: Epoch: [185 | 300]
root: Train_Loss = 8.336269820574671e-05, Train_Err = 0.004
root: Val_Loss = 0.17459765076637268, Val_Err = 4.01
root: Epoch: [186 | 300]
root: Train_Loss = 7.858268509153277e-05, Train_Err = 0.002
root: Val_Loss = 0.17471161484718323, Val_Err = 3.96
root: Epoch: [187 | 300]
root: Train_Loss = 7.956172339618206e-05, Train_Err = 0.008
root: Val_Loss = 0.1725723296403885, Val_Err = 3.91
root: Epoch: [188 | 300]
root: Train_Loss = 8.28970005386509e-05, Train_Err = 0.01
root: Val_Loss = 0.17568746209144592, Val_Err = 3.93
root: Epoch: [189 | 300]
root: Train_Loss = 7.992447353899479e-05, Train_Err = 0.004
root: Val_Loss = 0.18124061822891235, Val_Err = 4.02
root: Epoch: [190 | 300]
root: Train_Loss = 7.225652370834723e-05, Train_Err = 0.006
root: Val_Loss = 0.1779220849275589, Val_Err = 3.87
root: Epoch: [191 | 300]
root: Train_Loss = 6.833661609562114e-05, Train_Err = 0.002
root: Val_Loss = 0.18264740705490112, Val_Err = 4.02
root: Epoch: [192 | 300]
root: Train_Loss = 7.524645479861647e-05, Train_Err = 0.004
root: Val_Loss = 0.18474268913269043, Val_Err = 4.1
root: Epoch: [193 | 300]
root: Train_Loss = 7.621481199748814e-05, Train_Err = 0.004
root: Val_Loss = 0.18463905155658722, Val_Err = 4.1
root: Epoch: [194 | 300]
root: Train_Loss = 7.391010149149224e-05, Train_Err = 0.004
root: Val_Loss = 0.1811094582080841, Val_Err = 4.07
root: Epoch: [195 | 300]
root: Train_Loss = 8.121127757476643e-05, Train_Err = 0.006
root: Val_Loss = 0.1802656054496765, Val_Err = 3.94
root: Epoch: [196 | 300]
root: Train_Loss = 6.565200601471588e-05, Train_Err = 0.0
root: Val_Loss = 0.17996428906917572, Val_Err = 4.0
root: Epoch: [197 | 300]
root: Train_Loss = 7.155836647143587e-05, Train_Err = 0.004
root: Val_Loss = 0.17681166529655457, Val_Err = 4.04
root: Epoch: [198 | 300]
root: Train_Loss = 7.294003444258124e-05, Train_Err = 0.004
root: Val_Loss = 0.179622083902359, Val_Err = 4.04
root: Epoch: [199 | 300]
root: Train_Loss = 7.96174062998034e-05, Train_Err = 0.006
root: Val_Loss = 0.1823861449956894, Val_Err = 3.97
root: Epoch: [200 | 300]
root: Train_Loss = 7.828130765119568e-05, Train_Err = 0.006
root: Val_Loss = 0.18341130018234253, Val_Err = 3.97
root: Epoch: [201 | 300]
root: Train_Loss = 6.853011291241273e-05, Train_Err = 0.002
root: Val_Loss = 0.1822713315486908, Val_Err = 3.94
root: Epoch: [202 | 300]
root: Train_Loss = 8.898727537598461e-05, Train_Err = 0.008
root: Val_Loss = 0.18328996002674103, Val_Err = 4.04
root: Epoch: [203 | 300]
root: Train_Loss = 6.993916031206027e-05, Train_Err = 0.004
root: Val_Loss = 0.18063992261886597, Val_Err = 3.89
root: Epoch: [204 | 300]
root: Train_Loss = 6.794330693082884e-05, Train_Err = 0.004
root: Val_Loss = 0.18040086328983307, Val_Err = 4.04
root: Epoch: [205 | 300]
root: Train_Loss = 7.784947956679389e-05, Train_Err = 0.006
root: Val_Loss = 0.18011848628520966, Val_Err = 3.85
root: Epoch: [206 | 300]
root: Train_Loss = 8.465757127851248e-05, Train_Err = 0.004
root: Val_Loss = 0.17918752133846283, Val_Err = 3.91
root: Epoch: [207 | 300]
root: Train_Loss = 8.35430619190447e-05, Train_Err = 0.008
root: Val_Loss = 0.18420791625976562, Val_Err = 3.94
root: Epoch: [208 | 300]
root: Train_Loss = 8.005665586097166e-05, Train_Err = 0.008
root: Val_Loss = 0.18350104987621307, Val_Err = 3.91
root: Epoch: [209 | 300]
root: Train_Loss = 7.448496035067365e-05, Train_Err = 0.002
root: Val_Loss = 0.18513399362564087, Val_Err = 3.91
root: Epoch: [210 | 300]
root: Train_Loss = 6.070762901799753e-05, Train_Err = 0.0
root: Val_Loss = 0.18201299011707306, Val_Err = 3.95
root: Epoch: [211 | 300]
root: Train_Loss = 7.740837463643402e-05, Train_Err = 0.004
root: Val_Loss = 0.1859239935874939, Val_Err = 4.04
root: Epoch: [212 | 300]
root: Train_Loss = 8.761086064623669e-05, Train_Err = 0.012
root: Val_Loss = 0.1856653094291687, Val_Err = 3.95
root: Epoch: [213 | 300]
root: Train_Loss = 7.704579184064642e-05, Train_Err = 0.002
root: Val_Loss = 0.18317195773124695, Val_Err = 3.97
root: Epoch: [214 | 300]
root: Train_Loss = 7.596406067023054e-05, Train_Err = 0.006
root: Val_Loss = 0.1854422241449356, Val_Err = 4.08
root: Epoch: [215 | 300]
root: Train_Loss = 7.431614358210936e-05, Train_Err = 0.006
root: Val_Loss = 0.18477879464626312, Val_Err = 4.05
root: Epoch: [216 | 300]
root: Train_Loss = 7.34127897885628e-05, Train_Err = 0.004
root: Val_Loss = 0.18664079904556274, Val_Err = 3.95
root: Epoch: [217 | 300]
root: Train_Loss = 9.51896290644072e-05, Train_Err = 0.01
root: Val_Loss = 0.18787632882595062, Val_Err = 4.05
root: Epoch: [218 | 300]
root: Train_Loss = 6.694469630019739e-05, Train_Err = 0.002
root: Val_Loss = 0.1854410320520401, Val_Err = 3.99
root: Epoch: [219 | 300]
root: Train_Loss = 9.972671250579879e-05, Train_Err = 0.014
root: Val_Loss = 0.18828587234020233, Val_Err = 4.07
root: Epoch: [220 | 300]
root: Train_Loss = 7.151885802159086e-05, Train_Err = 0.004
root: Val_Loss = 0.18808531761169434, Val_Err = 4.01
root: Epoch: [221 | 300]
root: Train_Loss = 8.48805793793872e-05, Train_Err = 0.004
root: Val_Loss = 0.18433761596679688, Val_Err = 3.91
root: Epoch: [222 | 300]
root: Train_Loss = 6.69595247018151e-05, Train_Err = 0.002
root: Val_Loss = 0.18496140837669373, Val_Err = 3.99
root: Epoch: [223 | 300]
root: Train_Loss = 8.192723907995969e-05, Train_Err = 0.006
root: Val_Loss = 0.19137117266654968, Val_Err = 3.99
root: Epoch: [224 | 300]
root: Train_Loss = 7.387482764897868e-05, Train_Err = 0.002
root: Val_Loss = 0.18731990456581116, Val_Err = 3.94
root: Epoch: [225 | 300]
root: Train_Loss = 7.093232125043869e-05, Train_Err = 0.004
root: Val_Loss = 0.1883007138967514, Val_Err = 3.99
root: Epoch: [226 | 300]
root: Train_Loss = 7.198558887466788e-05, Train_Err = 0.004
root: Val_Loss = 0.18411904573440552, Val_Err = 3.89
root: Epoch: [227 | 300]
root: Train_Loss = 7.353542605414987e-05, Train_Err = 0.006
root: Val_Loss = 0.18441174924373627, Val_Err = 3.94
root: Epoch: [228 | 300]
root: Train_Loss = 6.887688505230471e-05, Train_Err = 0.002
root: Val_Loss = 0.18560728430747986, Val_Err = 3.88
root: Epoch: [229 | 300]
root: Train_Loss = 6.882086745463312e-05, Train_Err = 0.002
root: Val_Loss = 0.18428124487400055, Val_Err = 4.0
root: Epoch: [230 | 300]
root: Train_Loss = 6.0116999520687386e-05, Train_Err = 0.0
root: Val_Loss = 0.18645784258842468, Val_Err = 3.89
root: Epoch: [231 | 300]
root: Train_Loss = 7.476520113414153e-05, Train_Err = 0.006
root: Val_Loss = 0.1881512850522995, Val_Err = 3.89
root: Epoch: [232 | 300]
root: Train_Loss = 6.381911953212693e-05, Train_Err = 0.0
root: Val_Loss = 0.18614807724952698, Val_Err = 3.9
root: Epoch: [233 | 300]
root: Train_Loss = 6.528462836286053e-05, Train_Err = 0.0
root: Val_Loss = 0.1849561631679535, Val_Err = 3.84
root: Epoch: [234 | 300]
root: Train_Loss = 6.593814032385126e-05, Train_Err = 0.002
root: Val_Loss = 0.18280375003814697, Val_Err = 3.88
root: Epoch: [235 | 300]
root: Train_Loss = 6.300838140305132e-05, Train_Err = 0.002
root: Val_Loss = 0.18430207669734955, Val_Err = 3.85
root: Epoch: [236 | 300]
root: Train_Loss = 6.394366937456653e-05, Train_Err = 0.0
root: Val_Loss = 0.18364335596561432, Val_Err = 3.87
root: Epoch: [237 | 300]
root: Train_Loss = 6.696498894598335e-05, Train_Err = 0.0
root: Val_Loss = 0.1847335547208786, Val_Err = 3.87
root: Epoch: [238 | 300]
root: Train_Loss = 6.669768481515348e-05, Train_Err = 0.004
root: Val_Loss = 0.18233318626880646, Val_Err = 3.81
root: Epoch: [239 | 300]
root: Train_Loss = 6.130343535915017e-05, Train_Err = 0.0
root: Val_Loss = 0.18505646288394928, Val_Err = 3.9
root: Epoch: [240 | 300]
root: Train_Loss = 6.401410064427182e-05, Train_Err = 0.0
root: Val_Loss = 0.18465429544448853, Val_Err = 3.91
root: Epoch: [241 | 300]
root: Train_Loss = 7.315546099562198e-05, Train_Err = 0.004
root: Val_Loss = 0.18454162776470184, Val_Err = 3.95
root: Epoch: [242 | 300]
root: Train_Loss = 6.916910933796316e-05, Train_Err = 0.004
root: Val_Loss = 0.18242987990379333, Val_Err = 3.88
root: Epoch: [243 | 300]
root: Train_Loss = 7.530127186328173e-05, Train_Err = 0.004
root: Val_Loss = 0.18617546558380127, Val_Err = 3.98
root: Epoch: [244 | 300]
root: Train_Loss = 6.178180774440989e-05, Train_Err = 0.0
root: Val_Loss = 0.18212167918682098, Val_Err = 3.87
root: Epoch: [245 | 300]
root: Train_Loss = 6.357544043567032e-05, Train_Err = 0.0
root: Val_Loss = 0.18268272280693054, Val_Err = 3.9
root: Epoch: [246 | 300]
root: Train_Loss = 6.526266224682331e-05, Train_Err = 0.0
root: Val_Loss = 0.18319836258888245, Val_Err = 3.93
root: Epoch: [247 | 300]
root: Train_Loss = 8.18678381619975e-05, Train_Err = 0.002
root: Val_Loss = 0.18504750728607178, Val_Err = 3.86
root: Epoch: [248 | 300]
root: Train_Loss = 7.988445577211678e-05, Train_Err = 0.006
root: Val_Loss = 0.18565131723880768, Val_Err = 3.91
root: Epoch: [249 | 300]
root: Train_Loss = 6.523988849949092e-05, Train_Err = 0.002
root: Val_Loss = 0.1846892237663269, Val_Err = 3.92
root: Epoch: [250 | 300]
root: Train_Loss = 6.74138282192871e-05, Train_Err = 0.002
root: Val_Loss = 0.18339228630065918, Val_Err = 3.93
root: Epoch: [251 | 300]
root: Train_Loss = 6.585009396076202e-05, Train_Err = 0.002
root: Val_Loss = 0.18425320088863373, Val_Err = 3.92
root: Epoch: [252 | 300]
root: Train_Loss = 7.194344652816653e-05, Train_Err = 0.004
root: Val_Loss = 0.183015376329422, Val_Err = 3.87
root: Epoch: [253 | 300]
root: Train_Loss = 7.199271931312978e-05, Train_Err = 0.006
root: Val_Loss = 0.18286225199699402, Val_Err = 3.93
root: Epoch: [254 | 300]
root: Train_Loss = 5.800893632113002e-05, Train_Err = 0.0
root: Val_Loss = 0.18332639336585999, Val_Err = 3.88
root: Epoch: [255 | 300]
root: Train_Loss = 7.046775135677308e-05, Train_Err = 0.002
root: Val_Loss = 0.18573562800884247, Val_Err = 3.89
root: Epoch: [256 | 300]
root: Train_Loss = 7.01116441632621e-05, Train_Err = 0.002
root: Val_Loss = 0.18697680532932281, Val_Err = 3.84
root: Epoch: [257 | 300]
root: Train_Loss = 6.577134627150372e-05, Train_Err = 0.002
root: Val_Loss = 0.183038592338562, Val_Err = 3.86
root: Epoch: [258 | 300]
root: Train_Loss = 6.727580330334604e-05, Train_Err = 0.004
root: Val_Loss = 0.18464893102645874, Val_Err = 3.94
root: Epoch: [259 | 300]
root: Train_Loss = 6.364661385305226e-05, Train_Err = 0.002
root: Val_Loss = 0.18351392447948456, Val_Err = 3.92
root: Epoch: [260 | 300]
root: Train_Loss = 6.029476935509592e-05, Train_Err = 0.0
root: Val_Loss = 0.18058952689170837, Val_Err = 3.95
root: Epoch: [261 | 300]
root: Train_Loss = 6.216075416887179e-05, Train_Err = 0.002
root: Val_Loss = 0.18350578844547272, Val_Err = 3.85
root: Epoch: [262 | 300]
root: Train_Loss = 7.012679270701483e-05, Train_Err = 0.004
root: Val_Loss = 0.1835288107395172, Val_Err = 3.95
root: Epoch: [263 | 300]
root: Train_Loss = 5.980152127449401e-05, Train_Err = 0.002
root: Val_Loss = 0.18277569115161896, Val_Err = 3.94
root: Epoch: [264 | 300]
root: Train_Loss = 6.820569251431152e-05, Train_Err = 0.004
root: Val_Loss = 0.18358920514583588, Val_Err = 3.91
root: Epoch: [265 | 300]
root: Train_Loss = 5.855902418261394e-05, Train_Err = 0.0
root: Val_Loss = 0.1831829845905304, Val_Err = 3.97
root: Epoch: [266 | 300]
root: Train_Loss = 6.285122799454257e-05, Train_Err = 0.002
root: Val_Loss = 0.18549476563930511, Val_Err = 3.92
root: Epoch: [267 | 300]
root: Train_Loss = 6.0193618992343545e-05, Train_Err = 0.002
root: Val_Loss = 0.18395185470581055, Val_Err = 3.85
root: Epoch: [268 | 300]
root: Train_Loss = 6.820017006248236e-05, Train_Err = 0.006
root: Val_Loss = 0.18158644437789917, Val_Err = 3.83
root: Epoch: [269 | 300]
root: Train_Loss = 6.53800307190977e-05, Train_Err = 0.002
root: Val_Loss = 0.18470755219459534, Val_Err = 3.91
root: Epoch: [270 | 300]
root: Train_Loss = 6.955642311368138e-05, Train_Err = 0.002
root: Val_Loss = 0.18438714742660522, Val_Err = 3.85
root: Epoch: [271 | 300]
root: Train_Loss = 5.9449732361827046e-05, Train_Err = 0.0
root: Val_Loss = 0.18510441482067108, Val_Err = 3.92
root: Epoch: [272 | 300]
root: Train_Loss = 6.88209111103788e-05, Train_Err = 0.002
root: Val_Loss = 0.18414443731307983, Val_Err = 3.88
root: Epoch: [273 | 300]
root: Train_Loss = 6.412158836610615e-05, Train_Err = 0.0
root: Val_Loss = 0.18487507104873657, Val_Err = 3.89
root: Epoch: [274 | 300]
root: Train_Loss = 5.997711923555471e-05, Train_Err = 0.0
root: Val_Loss = 0.18700049817562103, Val_Err = 3.8
root: Epoch: [275 | 300]
root: Train_Loss = 5.9234142099739984e-05, Train_Err = 0.0
root: Val_Loss = 0.1829380989074707, Val_Err = 3.88
root: Epoch: [276 | 300]
root: Train_Loss = 6.104451313149184e-05, Train_Err = 0.002
root: Val_Loss = 0.18353337049484253, Val_Err = 3.89
root: Epoch: [277 | 300]
root: Train_Loss = 6.183615187183022e-05, Train_Err = 0.0
root: Val_Loss = 0.18190564215183258, Val_Err = 3.84
root: Epoch: [278 | 300]
root: Train_Loss = 6.611266144318506e-05, Train_Err = 0.0
root: Val_Loss = 0.18086650967597961, Val_Err = 3.85
root: Epoch: [279 | 300]
root: Train_Loss = 6.652545562246814e-05, Train_Err = 0.002
root: Val_Loss = 0.18190133571624756, Val_Err = 3.87
root: Epoch: [280 | 300]
root: Train_Loss = 6.71202433295548e-05, Train_Err = 0.004
root: Val_Loss = 0.18260546028614044, Val_Err = 3.84
root: Epoch: [281 | 300]
root: Train_Loss = 6.383298023138195e-05, Train_Err = 0.0
root: Val_Loss = 0.18229669332504272, Val_Err = 3.95
root: Epoch: [282 | 300]
root: Train_Loss = 5.9827303630299866e-05, Train_Err = 0.0
root: Val_Loss = 0.18442144989967346, Val_Err = 3.8
root: Epoch: [283 | 300]
root: Train_Loss = 6.33330928394571e-05, Train_Err = 0.002
root: Val_Loss = 0.18581648170948029, Val_Err = 3.85
root: Epoch: [284 | 300]
root: Train_Loss = 5.814108226331882e-05, Train_Err = 0.0
root: Val_Loss = 0.18524803221225739, Val_Err = 3.93
root: Epoch: [285 | 300]
root: Train_Loss = 5.6907851103460416e-05, Train_Err = 0.0
root: Val_Loss = 0.18342578411102295, Val_Err = 3.85
root: Epoch: [286 | 300]
root: Train_Loss = 6.686556298518553e-05, Train_Err = 0.002
root: Val_Loss = 0.18346664309501648, Val_Err = 3.79
root: Epoch: [287 | 300]
root: Train_Loss = 6.40579528408125e-05, Train_Err = 0.004
root: Val_Loss = 0.18561892211437225, Val_Err = 3.81
root: Epoch: [288 | 300]
root: Train_Loss = 6.325618596747518e-05, Train_Err = 0.002
root: Val_Loss = 0.18349997699260712, Val_Err = 3.88
root: Epoch: [289 | 300]
root: Train_Loss = 6.146564555820078e-05, Train_Err = 0.002
root: Val_Loss = 0.18340566754341125, Val_Err = 3.87
root: Epoch: [290 | 300]
root: Train_Loss = 6.441897858167067e-05, Train_Err = 0.002
root: Val_Loss = 0.1807318478822708, Val_Err = 3.86
root: Epoch: [291 | 300]
root: Train_Loss = 6.397873949026689e-05, Train_Err = 0.0
root: Val_Loss = 0.1833212971687317, Val_Err = 3.89
root: Epoch: [292 | 300]
root: Train_Loss = 6.792187923565507e-05, Train_Err = 0.002
root: Val_Loss = 0.18509043753147125, Val_Err = 3.89
root: Epoch: [293 | 300]
root: Train_Loss = 6.412163202185184e-05, Train_Err = 0.002
root: Val_Loss = 0.18359296023845673, Val_Err = 3.99
root: Epoch: [294 | 300]
root: Train_Loss = 6.912446406204253e-05, Train_Err = 0.002
root: Val_Loss = 0.18517088890075684, Val_Err = 3.82
root: Epoch: [295 | 300]
root: Train_Loss = 6.118076271377504e-05, Train_Err = 0.0
root: Val_Loss = 0.18411342799663544, Val_Err = 3.87
root: Epoch: [296 | 300]
root: Train_Loss = 5.695692016161047e-05, Train_Err = 0.0
root: Val_Loss = 0.18461443483829498, Val_Err = 3.8
root: Epoch: [297 | 300]
root: Train_Loss = 5.760543353972025e-05, Train_Err = 0.0
root: Val_Loss = 0.1885214000940323, Val_Err = 3.85
root: Epoch: [298 | 300]
root: Train_Loss = 6.234945612959564e-05, Train_Err = 0.002
root: Val_Loss = 0.1817200481891632, Val_Err = 3.85
root: Epoch: [299 | 300]
root: Train_Loss = 5.7740864576771855e-05, Train_Err = 0.0
root: Val_Loss = 0.18336088955402374, Val_Err = 3.87
