root: Namespace(M=8, batch_size=16, cp_dir='checkpoints/autoaugment_cutout/cifar10/ssgd/run_ms_1/pyramidnet_272_bottleneck_8_8_0.0005/run0', depth=272, dtype='cifar10', epochs=300, img_aug='autoaugment_cutout', inc=15, learning_rate=0.1, momentum=0.9, mtype='pyramidnet', num_classes=10, resume=None, seed=1, std=0.0005, threads=4, weight_decay=0.0001, width_factor=8)
root: Epoch: [0 | 300]
root: Train_Loss = 0.23080317676067352, Train_Err = 67.054
root: Val_Loss = 1.2421157360076904, Val_Err = 43.63
root: Epoch: [1 | 300]
root: Train_Loss = 0.16310757398605347, Train_Err = 46.22
root: Val_Loss = 0.886355459690094, Val_Err = 31.06
root: Epoch: [2 | 300]
root: Train_Loss = 0.13189256191253662, Train_Err = 36.874
root: Val_Loss = 0.6542671322822571, Val_Err = 22.82
root: Epoch: [3 | 300]
root: Train_Loss = 0.11433091759681702, Train_Err = 31.8
root: Val_Loss = 0.5910333395004272, Val_Err = 19.78
root: Epoch: [4 | 300]
root: Train_Loss = 0.10300331562757492, Train_Err = 28.462
root: Val_Loss = 0.4942789375782013, Val_Err = 17.23
root: Epoch: [5 | 300]
root: Train_Loss = 0.09588178247213364, Train_Err = 26.418
root: Val_Loss = 0.48313671350479126, Val_Err = 16.94
root: Epoch: [6 | 300]
root: Train_Loss = 0.08949356526136398, Train_Err = 24.75
root: Val_Loss = 0.4160993695259094, Val_Err = 14.01
root: Epoch: [7 | 300]
root: Train_Loss = 0.08493208885192871, Train_Err = 23.39
root: Val_Loss = 0.37732934951782227, Val_Err = 12.86
root: Epoch: [8 | 300]
root: Train_Loss = 0.08008618652820587, Train_Err = 21.966
root: Val_Loss = 0.3726545572280884, Val_Err = 12.69
root: Epoch: [9 | 300]
root: Train_Loss = 0.07702156156301498, Train_Err = 21.304
root: Val_Loss = 0.38144004344940186, Val_Err = 13.02
root: Epoch: [10 | 300]
root: Train_Loss = 0.07445304840803146, Train_Err = 20.598
root: Val_Loss = 0.3765186667442322, Val_Err = 12.9
root: Epoch: [11 | 300]
root: Train_Loss = 0.07201047241687775, Train_Err = 19.918
root: Val_Loss = 0.3390304744243622, Val_Err = 11.38
root: Epoch: [12 | 300]
root: Train_Loss = 0.07011877000331879, Train_Err = 19.296
root: Val_Loss = 0.31190311908721924, Val_Err = 11.02
root: Epoch: [13 | 300]
root: Train_Loss = 0.06792043149471283, Train_Err = 18.738
root: Val_Loss = 0.3144263029098511, Val_Err = 10.61
root: Epoch: [14 | 300]
root: Train_Loss = 0.06576646119356155, Train_Err = 18.078
root: Val_Loss = 0.3187943398952484, Val_Err = 10.69
root: Epoch: [15 | 300]
root: Train_Loss = 0.06446418166160583, Train_Err = 17.868
root: Val_Loss = 0.30783945322036743, Val_Err = 10.65
root: Epoch: [16 | 300]
root: Train_Loss = 0.06287720799446106, Train_Err = 17.416
root: Val_Loss = 0.28429505228996277, Val_Err = 9.93
root: Epoch: [17 | 300]
root: Train_Loss = 0.06167830899357796, Train_Err = 16.882
root: Val_Loss = 0.2813345193862915, Val_Err = 9.46
root: Epoch: [18 | 300]
root: Train_Loss = 0.0606546513736248, Train_Err = 16.85
root: Val_Loss = 0.2610631287097931, Val_Err = 9.03
root: Epoch: [19 | 300]
root: Train_Loss = 0.05958111584186554, Train_Err = 16.392
root: Val_Loss = 0.2712896168231964, Val_Err = 9.39
root: Epoch: [20 | 300]
root: Train_Loss = 0.05798805505037308, Train_Err = 15.99
root: Val_Loss = 0.2818552553653717, Val_Err = 9.58
root: Epoch: [21 | 300]
root: Train_Loss = 0.05709826201200485, Train_Err = 15.898
root: Val_Loss = 0.29394984245300293, Val_Err = 10.18
root: Epoch: [22 | 300]
root: Train_Loss = 0.05661807954311371, Train_Err = 15.636
root: Val_Loss = 0.2722422480583191, Val_Err = 9.23
root: Epoch: [23 | 300]
root: Train_Loss = 0.05479077994823456, Train_Err = 15.21
root: Val_Loss = 0.2516820728778839, Val_Err = 8.66
root: Epoch: [24 | 300]
root: Train_Loss = 0.054089389741420746, Train_Err = 15.122
root: Val_Loss = 0.2383851259946823, Val_Err = 8.17
root: Epoch: [25 | 300]
root: Train_Loss = 0.052910368889570236, Train_Err = 14.556
root: Val_Loss = 0.24552160501480103, Val_Err = 8.4
root: Epoch: [26 | 300]
root: Train_Loss = 0.05279464274644852, Train_Err = 14.708
root: Val_Loss = 0.24067918956279755, Val_Err = 8.2
root: Epoch: [27 | 300]
root: Train_Loss = 0.05162661895155907, Train_Err = 14.316
root: Val_Loss = 0.24177739024162292, Val_Err = 7.92
root: Epoch: [28 | 300]
root: Train_Loss = 0.05185328796505928, Train_Err = 14.376
root: Val_Loss = 0.22578871250152588, Val_Err = 7.86
root: Epoch: [29 | 300]
root: Train_Loss = 0.051214881241321564, Train_Err = 14.154
root: Val_Loss = 0.27118396759033203, Val_Err = 8.77
root: Epoch: [30 | 300]
root: Train_Loss = 0.05074108764529228, Train_Err = 14.006
root: Val_Loss = 0.23412707448005676, Val_Err = 7.77
root: Epoch: [31 | 300]
root: Train_Loss = 0.049321725964546204, Train_Err = 13.494
root: Val_Loss = 0.24557943642139435, Val_Err = 8.39
root: Epoch: [32 | 300]
root: Train_Loss = 0.04919600486755371, Train_Err = 13.446
root: Val_Loss = 0.21483822166919708, Val_Err = 7.46
root: Epoch: [33 | 300]
root: Train_Loss = 0.04813124239444733, Train_Err = 13.37
root: Val_Loss = 0.22033700346946716, Val_Err = 7.49
root: Epoch: [34 | 300]
root: Train_Loss = 0.04736803472042084, Train_Err = 13.28
root: Val_Loss = 0.23090334236621857, Val_Err = 7.63
root: Epoch: [35 | 300]
root: Train_Loss = 0.04696429520845413, Train_Err = 12.948
root: Val_Loss = 0.2169708013534546, Val_Err = 7.32
root: Epoch: [36 | 300]
root: Train_Loss = 0.046959277242422104, Train_Err = 12.844
root: Val_Loss = 0.2293677181005478, Val_Err = 7.95
root: Epoch: [37 | 300]
root: Train_Loss = 0.047172967344522476, Train_Err = 13.084
root: Val_Loss = 0.22941181063652039, Val_Err = 7.76
root: Epoch: [38 | 300]
root: Train_Loss = 0.046529125422239304, Train_Err = 12.916
root: Val_Loss = 0.20043021440505981, Val_Err = 6.85
root: Epoch: [39 | 300]
root: Train_Loss = 0.04555227607488632, Train_Err = 12.552
root: Val_Loss = 0.20633922517299652, Val_Err = 7.09
root: Epoch: [40 | 300]
root: Train_Loss = 0.04585910961031914, Train_Err = 12.612
root: Val_Loss = 0.21134476363658905, Val_Err = 7.35
root: Epoch: [41 | 300]
root: Train_Loss = 0.04512600600719452, Train_Err = 12.57
root: Val_Loss = 0.1998487412929535, Val_Err = 6.6
root: Epoch: [42 | 300]
root: Train_Loss = 0.04525177180767059, Train_Err = 12.606
root: Val_Loss = 0.24047933518886566, Val_Err = 7.93
root: Epoch: [43 | 300]
root: Train_Loss = 0.044026680290699005, Train_Err = 12.158
root: Val_Loss = 0.2173287570476532, Val_Err = 7.39
root: Epoch: [44 | 300]
root: Train_Loss = 0.04485039785504341, Train_Err = 12.364
root: Val_Loss = 0.18737849593162537, Val_Err = 6.2
root: Epoch: [45 | 300]
root: Train_Loss = 0.04365292936563492, Train_Err = 11.912
root: Val_Loss = 0.19821664690971375, Val_Err = 6.95
root: Epoch: [46 | 300]
root: Train_Loss = 0.04425828903913498, Train_Err = 12.23
root: Val_Loss = 0.20132088661193848, Val_Err = 6.74
root: Epoch: [47 | 300]
root: Train_Loss = 0.043008122593164444, Train_Err = 11.676
root: Val_Loss = 0.19221806526184082, Val_Err = 6.5
root: Epoch: [48 | 300]
root: Train_Loss = 0.04390741512179375, Train_Err = 11.968
root: Val_Loss = 0.18594877421855927, Val_Err = 6.21
root: Epoch: [49 | 300]
root: Train_Loss = 0.042492978274822235, Train_Err = 11.656
root: Val_Loss = 0.18885000050067902, Val_Err = 6.28
root: Epoch: [50 | 300]
root: Train_Loss = 0.0425986610352993, Train_Err = 11.886
root: Val_Loss = 0.20152181386947632, Val_Err = 6.67
root: Epoch: [51 | 300]
root: Train_Loss = 0.0427313856780529, Train_Err = 11.808
root: Val_Loss = 0.21800607442855835, Val_Err = 7.15
root: Epoch: [52 | 300]
root: Train_Loss = 0.04164104908704758, Train_Err = 11.654
root: Val_Loss = 0.17848847806453705, Val_Err = 5.96
root: Epoch: [53 | 300]
root: Train_Loss = 0.042795903980731964, Train_Err = 11.886
root: Val_Loss = 0.19719596207141876, Val_Err = 6.35
root: Epoch: [54 | 300]
root: Train_Loss = 0.04245956614613533, Train_Err = 11.744
root: Val_Loss = 0.18811480700969696, Val_Err = 6.48
root: Epoch: [55 | 300]
root: Train_Loss = 0.04135394096374512, Train_Err = 11.51
root: Val_Loss = 0.17741228640079498, Val_Err = 6.04
root: Epoch: [56 | 300]
root: Train_Loss = 0.04196332395076752, Train_Err = 11.728
root: Val_Loss = 0.18105590343475342, Val_Err = 6.01
root: Epoch: [57 | 300]
root: Train_Loss = 0.04151959717273712, Train_Err = 11.536
root: Val_Loss = 0.19119256734848022, Val_Err = 6.49
root: Epoch: [58 | 300]
root: Train_Loss = 0.04179369658231735, Train_Err = 11.74
root: Val_Loss = 0.193794384598732, Val_Err = 6.31
root: Epoch: [59 | 300]
root: Train_Loss = 0.04133288562297821, Train_Err = 11.32
root: Val_Loss = 0.20061969757080078, Val_Err = 6.54
root: Epoch: [60 | 300]
root: Train_Loss = 0.040598418563604355, Train_Err = 11.192
root: Val_Loss = 0.19034115970134735, Val_Err = 6.43
root: Epoch: [61 | 300]
root: Train_Loss = 0.04066414758563042, Train_Err = 11.44
root: Val_Loss = 0.18888349831104279, Val_Err = 6.33
root: Epoch: [62 | 300]
root: Train_Loss = 0.04124806448817253, Train_Err = 11.486
root: Val_Loss = 0.18393255770206451, Val_Err = 5.9
root: Epoch: [63 | 300]
root: Train_Loss = 0.040598537772893906, Train_Err = 11.146
root: Val_Loss = 0.1906873732805252, Val_Err = 6.29
root: Epoch: [64 | 300]
root: Train_Loss = 0.04017653688788414, Train_Err = 11.138
root: Val_Loss = 0.18902866542339325, Val_Err = 6.17
root: Epoch: [65 | 300]
root: Train_Loss = 0.03985312581062317, Train_Err = 11.122
root: Val_Loss = 0.19625557959079742, Val_Err = 6.65
root: Epoch: [66 | 300]
root: Train_Loss = 0.039551761001348495, Train_Err = 11.034
root: Val_Loss = 0.19790038466453552, Val_Err = 6.45
root: Epoch: [67 | 300]
root: Train_Loss = 0.03948640450835228, Train_Err = 10.888
root: Val_Loss = 0.18920284509658813, Val_Err = 6.51
root: Epoch: [68 | 300]
root: Train_Loss = 0.0391877219080925, Train_Err = 10.95
root: Val_Loss = 0.17358361184597015, Val_Err = 5.69
root: Epoch: [69 | 300]
root: Train_Loss = 0.03948790580034256, Train_Err = 10.978
root: Val_Loss = 0.19068841636180878, Val_Err = 6.34
root: Epoch: [70 | 300]
root: Train_Loss = 0.03923439234495163, Train_Err = 10.804
root: Val_Loss = 0.21345536410808563, Val_Err = 6.79
root: Epoch: [71 | 300]
root: Train_Loss = 0.0388394333422184, Train_Err = 10.702
root: Val_Loss = 0.1842491626739502, Val_Err = 6.08
root: Epoch: [72 | 300]
root: Train_Loss = 0.03896824270486832, Train_Err = 10.82
root: Val_Loss = 0.19427239894866943, Val_Err = 6.45
root: Epoch: [73 | 300]
root: Train_Loss = 0.03958553448319435, Train_Err = 10.742
root: Val_Loss = 0.1862068623304367, Val_Err = 6.22
root: Epoch: [74 | 300]
root: Train_Loss = 0.03914337232708931, Train_Err = 10.726
root: Val_Loss = 0.18985451757907867, Val_Err = 6.14
root: Epoch: [75 | 300]
root: Train_Loss = 0.038568165153265, Train_Err = 10.65
root: Val_Loss = 0.18404337763786316, Val_Err = 6.18
root: Epoch: [76 | 300]
root: Train_Loss = 0.03931653872132301, Train_Err = 11.038
root: Val_Loss = 0.1868567168712616, Val_Err = 6.13
root: Epoch: [77 | 300]
root: Train_Loss = 0.03908873721957207, Train_Err = 10.902
root: Val_Loss = 0.17671217024326324, Val_Err = 5.9
root: Epoch: [78 | 300]
root: Train_Loss = 0.0386522002518177, Train_Err = 10.692
root: Val_Loss = 0.2000887095928192, Val_Err = 6.44
root: Epoch: [79 | 300]
root: Train_Loss = 0.03864239901304245, Train_Err = 10.746
root: Val_Loss = 0.17871911823749542, Val_Err = 5.76
root: Epoch: [80 | 300]
root: Train_Loss = 0.03818244859576225, Train_Err = 10.524
root: Val_Loss = 0.17690137028694153, Val_Err = 5.87
root: Epoch: [81 | 300]
root: Train_Loss = 0.03877824544906616, Train_Err = 10.574
root: Val_Loss = 0.18084712326526642, Val_Err = 6.08
root: Epoch: [82 | 300]
root: Train_Loss = 0.03863327205181122, Train_Err = 10.794
root: Val_Loss = 0.1848297268152237, Val_Err = 6.19
root: Epoch: [83 | 300]
root: Train_Loss = 0.03816772997379303, Train_Err = 10.43
root: Val_Loss = 0.17873695492744446, Val_Err = 5.71
root: Epoch: [84 | 300]
root: Train_Loss = 0.03814227506518364, Train_Err = 10.632
root: Val_Loss = 0.17412544786930084, Val_Err = 5.88
root: Epoch: [85 | 300]
root: Train_Loss = 0.03794005885720253, Train_Err = 10.446
root: Val_Loss = 0.18190579116344452, Val_Err = 6.18
root: Epoch: [86 | 300]
root: Train_Loss = 0.0378950834274292, Train_Err = 10.436
root: Val_Loss = 0.20162993669509888, Val_Err = 6.13
root: Epoch: [87 | 300]
root: Train_Loss = 0.037778619676828384, Train_Err = 10.396
root: Val_Loss = 0.17702028155326843, Val_Err = 6.0
root: Epoch: [88 | 300]
root: Train_Loss = 0.037930846214294434, Train_Err = 10.544
root: Val_Loss = 0.1783446967601776, Val_Err = 6.06
root: Epoch: [89 | 300]
root: Train_Loss = 0.03791375458240509, Train_Err = 10.42
root: Val_Loss = 0.1824270635843277, Val_Err = 5.83
root: Epoch: [90 | 300]
root: Train_Loss = 0.037073373794555664, Train_Err = 10.256
root: Val_Loss = 0.1963842213153839, Val_Err = 6.4
root: Epoch: [91 | 300]
root: Train_Loss = 0.03670458123087883, Train_Err = 9.998
root: Val_Loss = 0.1778450608253479, Val_Err = 6.0
root: Epoch: [92 | 300]
root: Train_Loss = 0.03739769756793976, Train_Err = 10.236
root: Val_Loss = 0.17276494204998016, Val_Err = 5.54
root: Epoch: [93 | 300]
root: Train_Loss = 0.036848943680524826, Train_Err = 10.304
root: Val_Loss = 0.17308972775936127, Val_Err = 5.44
root: Epoch: [94 | 300]
root: Train_Loss = 0.03689061477780342, Train_Err = 10.11
root: Val_Loss = 0.1645485758781433, Val_Err = 5.3
root: Epoch: [95 | 300]
root: Train_Loss = 0.036839235574007034, Train_Err = 10.068
root: Val_Loss = 0.17587065696716309, Val_Err = 5.69
root: Epoch: [96 | 300]
root: Train_Loss = 0.03695974126458168, Train_Err = 10.178
root: Val_Loss = 0.18192383646965027, Val_Err = 5.92
root: Epoch: [97 | 300]
root: Train_Loss = 0.037017155438661575, Train_Err = 10.378
root: Val_Loss = 0.1636064052581787, Val_Err = 5.38
root: Epoch: [98 | 300]
root: Train_Loss = 0.03696180507540703, Train_Err = 10.152
root: Val_Loss = 0.1956082135438919, Val_Err = 6.3
root: Epoch: [99 | 300]
root: Train_Loss = 0.036308981478214264, Train_Err = 10.02
root: Val_Loss = 0.17594733834266663, Val_Err = 5.51
root: Epoch: [100 | 300]
root: Train_Loss = 0.036333661526441574, Train_Err = 9.97
root: Val_Loss = 0.19388096034526825, Val_Err = 6.19
root: Epoch: [101 | 300]
root: Train_Loss = 0.03699788078665733, Train_Err = 10.256
root: Val_Loss = 0.19288404285907745, Val_Err = 6.22
root: Epoch: [102 | 300]
root: Train_Loss = 0.036376673728227615, Train_Err = 10.178
root: Val_Loss = 0.18071255087852478, Val_Err = 5.84
root: Epoch: [103 | 300]
root: Train_Loss = 0.03606610372662544, Train_Err = 9.934
root: Val_Loss = 0.17290452122688293, Val_Err = 5.57
root: Epoch: [104 | 300]
root: Train_Loss = 0.036507971584796906, Train_Err = 10.03
root: Val_Loss = 0.18406058847904205, Val_Err = 5.78
root: Epoch: [105 | 300]
root: Train_Loss = 0.03651197999715805, Train_Err = 10.204
root: Val_Loss = 0.18409357964992523, Val_Err = 5.61
root: Epoch: [106 | 300]
root: Train_Loss = 0.036201175302267075, Train_Err = 9.98
root: Val_Loss = 0.17309433221817017, Val_Err = 5.55
root: Epoch: [107 | 300]
root: Train_Loss = 0.03594838082790375, Train_Err = 9.932
root: Val_Loss = 0.1877727508544922, Val_Err = 6.06
root: Epoch: [108 | 300]
root: Train_Loss = 0.03612777963280678, Train_Err = 9.874
root: Val_Loss = 0.17363038659095764, Val_Err = 5.56
root: Epoch: [109 | 300]
root: Train_Loss = 0.03588029742240906, Train_Err = 9.818
root: Val_Loss = 0.1617055982351303, Val_Err = 5.25
root: Epoch: [110 | 300]
root: Train_Loss = 0.036104489117860794, Train_Err = 10.156
root: Val_Loss = 0.19874653220176697, Val_Err = 6.29
root: Epoch: [111 | 300]
root: Train_Loss = 0.03543902561068535, Train_Err = 9.86
root: Val_Loss = 0.17329968512058258, Val_Err = 5.48
root: Epoch: [112 | 300]
root: Train_Loss = 0.03598490357398987, Train_Err = 10.03
root: Val_Loss = 0.16975653171539307, Val_Err = 5.36
root: Epoch: [113 | 300]
root: Train_Loss = 0.03582138195633888, Train_Err = 10.04
root: Val_Loss = 0.15931503474712372, Val_Err = 5.28
root: Epoch: [114 | 300]
root: Train_Loss = 0.035506557673215866, Train_Err = 9.774
root: Val_Loss = 0.16632196307182312, Val_Err = 5.45
root: Epoch: [115 | 300]
root: Train_Loss = 0.03645099699497223, Train_Err = 10.116
root: Val_Loss = 0.16938461363315582, Val_Err = 5.34
root: Epoch: [116 | 300]
root: Train_Loss = 0.035537343472242355, Train_Err = 9.906
root: Val_Loss = 0.1707465797662735, Val_Err = 5.46
root: Epoch: [117 | 300]
root: Train_Loss = 0.03581264615058899, Train_Err = 9.89
root: Val_Loss = 0.18682673573493958, Val_Err = 5.93
root: Epoch: [118 | 300]
root: Train_Loss = 0.036149732768535614, Train_Err = 9.934
root: Val_Loss = 0.17376703023910522, Val_Err = 5.77
root: Epoch: [119 | 300]
root: Train_Loss = 0.03536311164498329, Train_Err = 9.768
root: Val_Loss = 0.15410715341567993, Val_Err = 5.06
root: Epoch: [120 | 300]
root: Train_Loss = 0.03523220121860504, Train_Err = 9.576
root: Val_Loss = 0.1494050770998001, Val_Err = 4.99
root: Epoch: [121 | 300]
root: Train_Loss = 0.035700973123311996, Train_Err = 9.91
root: Val_Loss = 0.1570003479719162, Val_Err = 5.03
root: Epoch: [122 | 300]
root: Train_Loss = 0.03513055667281151, Train_Err = 9.72
root: Val_Loss = 0.16801506280899048, Val_Err = 5.37
root: Epoch: [123 | 300]
root: Train_Loss = 0.034921370446681976, Train_Err = 9.634
root: Val_Loss = 0.17155174911022186, Val_Err = 5.39
root: Epoch: [124 | 300]
root: Train_Loss = 0.035042475908994675, Train_Err = 9.83
root: Val_Loss = 0.1445939987897873, Val_Err = 4.79
root: Epoch: [125 | 300]
root: Train_Loss = 0.034766729921102524, Train_Err = 9.668
root: Val_Loss = 0.15732060372829437, Val_Err = 5.2
root: Epoch: [126 | 300]
root: Train_Loss = 0.03500005230307579, Train_Err = 9.58
root: Val_Loss = 0.17478862404823303, Val_Err = 5.65
root: Epoch: [127 | 300]
root: Train_Loss = 0.03481033444404602, Train_Err = 9.5
root: Val_Loss = 0.17918241024017334, Val_Err = 5.82
root: Epoch: [128 | 300]
root: Train_Loss = 0.03476842865347862, Train_Err = 9.726
root: Val_Loss = 0.17937052249908447, Val_Err = 5.6
root: Epoch: [129 | 300]
root: Train_Loss = 0.034835752099752426, Train_Err = 9.612
root: Val_Loss = 0.16375520825386047, Val_Err = 5.19
root: Epoch: [130 | 300]
root: Train_Loss = 0.034617066383361816, Train_Err = 9.602
root: Val_Loss = 0.1789150983095169, Val_Err = 5.58
root: Epoch: [131 | 300]
root: Train_Loss = 0.034516435116529465, Train_Err = 9.648
root: Val_Loss = 0.15799321234226227, Val_Err = 5.0
root: Epoch: [132 | 300]
root: Train_Loss = 0.034804560244083405, Train_Err = 9.614
root: Val_Loss = 0.16449743509292603, Val_Err = 5.34
root: Epoch: [133 | 300]
root: Train_Loss = 0.03497950732707977, Train_Err = 9.588
root: Val_Loss = 0.15292850136756897, Val_Err = 4.85
root: Epoch: [134 | 300]
root: Train_Loss = 0.03487858921289444, Train_Err = 9.648
root: Val_Loss = 0.17884860932826996, Val_Err = 5.67
root: Epoch: [135 | 300]
root: Train_Loss = 0.03436809405684471, Train_Err = 9.484
root: Val_Loss = 0.16464662551879883, Val_Err = 5.43
root: Epoch: [136 | 300]
root: Train_Loss = 0.0351555198431015, Train_Err = 9.62
root: Val_Loss = 0.1507367342710495, Val_Err = 4.91
root: Epoch: [137 | 300]
root: Train_Loss = 0.03437133505940437, Train_Err = 9.524
root: Val_Loss = 0.1514950841665268, Val_Err = 4.87
root: Epoch: [138 | 300]
root: Train_Loss = 0.03489237651228905, Train_Err = 9.706
root: Val_Loss = 0.18792641162872314, Val_Err = 5.99
root: Epoch: [139 | 300]
root: Train_Loss = 0.03383859619498253, Train_Err = 9.22
root: Val_Loss = 0.18017417192459106, Val_Err = 5.52
root: Epoch: [140 | 300]
root: Train_Loss = 0.033774424344301224, Train_Err = 9.352
root: Val_Loss = 0.16621501743793488, Val_Err = 5.32
root: Epoch: [141 | 300]
root: Train_Loss = 0.03376754745841026, Train_Err = 9.342
root: Val_Loss = 0.18359878659248352, Val_Err = 5.74
root: Epoch: [142 | 300]
root: Train_Loss = 0.033913373947143555, Train_Err = 9.318
root: Val_Loss = 0.1506313681602478, Val_Err = 4.7
root: Epoch: [143 | 300]
root: Train_Loss = 0.034459225833415985, Train_Err = 9.418
root: Val_Loss = 0.16276448965072632, Val_Err = 5.24
root: Epoch: [144 | 300]
root: Train_Loss = 0.03407493233680725, Train_Err = 9.352
root: Val_Loss = 0.16987745463848114, Val_Err = 5.33
root: Epoch: [145 | 300]
root: Train_Loss = 0.03336955979466438, Train_Err = 9.222
root: Val_Loss = 0.1847502440214157, Val_Err = 5.77
root: Epoch: [146 | 300]
root: Train_Loss = 0.034501299262046814, Train_Err = 9.496
root: Val_Loss = 0.17136067152023315, Val_Err = 5.32
root: Epoch: [147 | 300]
root: Train_Loss = 0.034027114510536194, Train_Err = 9.33
root: Val_Loss = 0.1715632826089859, Val_Err = 5.48
root: Epoch: [148 | 300]
root: Train_Loss = 0.03362053632736206, Train_Err = 9.382
root: Val_Loss = 0.15676487982273102, Val_Err = 5.36
root: Epoch: [149 | 300]
root: Train_Loss = 0.03372236713767052, Train_Err = 9.206
root: Val_Loss = 0.1739664226770401, Val_Err = 5.51
root: Epoch: [150 | 300]
root: Train_Loss = 0.02346200868487358, Train_Err = 6.51
root: Val_Loss = 0.10790055990219116, Val_Err = 3.42
root: Epoch: [151 | 300]
root: Train_Loss = 0.019233275204896927, Train_Err = 5.326
root: Val_Loss = 0.1002175435423851, Val_Err = 3.22
root: Epoch: [152 | 300]
root: Train_Loss = 0.017428170889616013, Train_Err = 4.812
root: Val_Loss = 0.09873354434967041, Val_Err = 2.87
root: Epoch: [153 | 300]
root: Train_Loss = 0.016900360584259033, Train_Err = 4.62
root: Val_Loss = 0.09976826608181, Val_Err = 2.88
root: Epoch: [154 | 300]
root: Train_Loss = 0.015913818031549454, Train_Err = 4.462
root: Val_Loss = 0.10443700850009918, Val_Err = 2.95
root: Epoch: [155 | 300]
root: Train_Loss = 0.01516636461019516, Train_Err = 4.158
root: Val_Loss = 0.09666404873132706, Val_Err = 2.91
root: Epoch: [156 | 300]
root: Train_Loss = 0.0149223068729043, Train_Err = 4.19
root: Val_Loss = 0.09726180881261826, Val_Err = 2.95
root: Epoch: [157 | 300]
root: Train_Loss = 0.01456140261143446, Train_Err = 4.032
root: Val_Loss = 0.09805262088775635, Val_Err = 2.84
root: Epoch: [158 | 300]
root: Train_Loss = 0.014702055603265762, Train_Err = 4.068
root: Val_Loss = 0.09355088323354721, Val_Err = 2.72
root: Epoch: [159 | 300]
root: Train_Loss = 0.014501901343464851, Train_Err = 4.018
root: Val_Loss = 0.0972990021109581, Val_Err = 2.91
root: Epoch: [160 | 300]
root: Train_Loss = 0.013840879313647747, Train_Err = 3.86
root: Val_Loss = 0.09802663326263428, Val_Err = 2.92
root: Epoch: [161 | 300]
root: Train_Loss = 0.014231769368052483, Train_Err = 3.87
root: Val_Loss = 0.10494228452444077, Val_Err = 2.95
root: Epoch: [162 | 300]
root: Train_Loss = 0.013615377247333527, Train_Err = 3.78
root: Val_Loss = 0.09499641507863998, Val_Err = 2.78
root: Epoch: [163 | 300]
root: Train_Loss = 0.013598853722214699, Train_Err = 3.78
root: Val_Loss = 0.10344822704792023, Val_Err = 2.97
root: Epoch: [164 | 300]
root: Train_Loss = 0.013061837293207645, Train_Err = 3.642
root: Val_Loss = 0.09742260724306107, Val_Err = 2.8
root: Epoch: [165 | 300]
root: Train_Loss = 0.012520700693130493, Train_Err = 3.47
root: Val_Loss = 0.09377726167440414, Val_Err = 2.8
root: Epoch: [166 | 300]
root: Train_Loss = 0.012876463122665882, Train_Err = 3.568
root: Val_Loss = 0.10064268112182617, Val_Err = 2.87
root: Epoch: [167 | 300]
root: Train_Loss = 0.012875830754637718, Train_Err = 3.526
root: Val_Loss = 0.09314383566379547, Val_Err = 2.74
root: Epoch: [168 | 300]
root: Train_Loss = 0.012528261169791222, Train_Err = 3.442
root: Val_Loss = 0.10974367707967758, Val_Err = 2.92
root: Epoch: [169 | 300]
root: Train_Loss = 0.013006222434341908, Train_Err = 3.61
root: Val_Loss = 0.09657085686922073, Val_Err = 2.73
root: Epoch: [170 | 300]
root: Train_Loss = 0.012490220367908478, Train_Err = 3.468
root: Val_Loss = 0.10487416386604309, Val_Err = 2.87
root: Epoch: [171 | 300]
root: Train_Loss = 0.012455200776457787, Train_Err = 3.546
root: Val_Loss = 0.09827663004398346, Val_Err = 2.88
root: Epoch: [172 | 300]
root: Train_Loss = 0.012472987174987793, Train_Err = 3.454
root: Val_Loss = 0.09334440529346466, Val_Err = 2.57
root: Epoch: [173 | 300]
root: Train_Loss = 0.012381352484226227, Train_Err = 3.468
root: Val_Loss = 0.09516311436891556, Val_Err = 2.73
root: Epoch: [174 | 300]
root: Train_Loss = 0.012089000083506107, Train_Err = 3.382
root: Val_Loss = 0.09783961623907089, Val_Err = 2.68
root: Epoch: [175 | 300]
root: Train_Loss = 0.012485812418162823, Train_Err = 3.454
root: Val_Loss = 0.09584962576627731, Val_Err = 2.84
root: Epoch: [176 | 300]
root: Train_Loss = 0.011973674409091473, Train_Err = 3.286
root: Val_Loss = 0.09642436355352402, Val_Err = 2.67
root: Epoch: [177 | 300]
root: Train_Loss = 0.012149838730692863, Train_Err = 3.32
root: Val_Loss = 0.10269588232040405, Val_Err = 2.82
root: Epoch: [178 | 300]
root: Train_Loss = 0.011925814673304558, Train_Err = 3.37
root: Val_Loss = 0.09355473518371582, Val_Err = 2.63
root: Epoch: [179 | 300]
root: Train_Loss = 0.01217880193144083, Train_Err = 3.304
root: Val_Loss = 0.08876492828130722, Val_Err = 2.42
root: Epoch: [180 | 300]
root: Train_Loss = 0.01192709431052208, Train_Err = 3.268
root: Val_Loss = 0.09313751757144928, Val_Err = 2.48
root: Epoch: [181 | 300]
root: Train_Loss = 0.01208095159381628, Train_Err = 3.354
root: Val_Loss = 0.09942366927862167, Val_Err = 2.67
root: Epoch: [182 | 300]
root: Train_Loss = 0.011945878155529499, Train_Err = 3.318
root: Val_Loss = 0.08763827383518219, Val_Err = 2.52
root: Epoch: [183 | 300]
root: Train_Loss = 0.011661546304821968, Train_Err = 3.326
root: Val_Loss = 0.09096519649028778, Val_Err = 2.54
root: Epoch: [184 | 300]
root: Train_Loss = 0.012022154405713081, Train_Err = 3.304
root: Val_Loss = 0.09108038991689682, Val_Err = 2.67
root: Epoch: [185 | 300]
root: Train_Loss = 0.011971315369009972, Train_Err = 3.37
root: Val_Loss = 0.09005137532949448, Val_Err = 2.41
root: Epoch: [186 | 300]
root: Train_Loss = 0.011727358214557171, Train_Err = 3.218
root: Val_Loss = 0.09305686503648758, Val_Err = 2.54
root: Epoch: [187 | 300]
root: Train_Loss = 0.011551178991794586, Train_Err = 3.166
root: Val_Loss = 0.08919473737478256, Val_Err = 2.53
root: Epoch: [188 | 300]
root: Train_Loss = 0.011843360029160976, Train_Err = 3.294
root: Val_Loss = 0.09020402282476425, Val_Err = 2.49
root: Epoch: [189 | 300]
root: Train_Loss = 0.011303499341011047, Train_Err = 3.178
root: Val_Loss = 0.08996254205703735, Val_Err = 2.42
root: Epoch: [190 | 300]
root: Train_Loss = 0.011781573295593262, Train_Err = 3.224
root: Val_Loss = 0.09064707159996033, Val_Err = 2.64
root: Epoch: [191 | 300]
root: Train_Loss = 0.011645861901342869, Train_Err = 3.282
root: Val_Loss = 0.08813286572694778, Val_Err = 2.42
root: Epoch: [192 | 300]
root: Train_Loss = 0.011460389010608196, Train_Err = 3.17
root: Val_Loss = 0.08616399019956589, Val_Err = 2.51
root: Epoch: [193 | 300]
root: Train_Loss = 0.011753066442906857, Train_Err = 3.234
root: Val_Loss = 0.09305348247289658, Val_Err = 2.66
root: Epoch: [194 | 300]
root: Train_Loss = 0.011130883358418941, Train_Err = 3.156
root: Val_Loss = 0.08826632797718048, Val_Err = 2.42
root: Epoch: [195 | 300]
root: Train_Loss = 0.011472316458821297, Train_Err = 3.19
root: Val_Loss = 0.09365952014923096, Val_Err = 2.69
root: Epoch: [196 | 300]
root: Train_Loss = 0.011703579686582088, Train_Err = 3.224
root: Val_Loss = 0.0876689925789833, Val_Err = 2.44
root: Epoch: [197 | 300]
root: Train_Loss = 0.01105964183807373, Train_Err = 3.11
root: Val_Loss = 0.09422221779823303, Val_Err = 2.4
root: Epoch: [198 | 300]
root: Train_Loss = 0.011141780763864517, Train_Err = 3.052
root: Val_Loss = 0.10809960961341858, Val_Err = 2.72
root: Epoch: [199 | 300]
root: Train_Loss = 0.011566936038434505, Train_Err = 3.156
root: Val_Loss = 0.09712697565555573, Val_Err = 2.67
root: Epoch: [200 | 300]
root: Train_Loss = 0.011164571158587933, Train_Err = 3.082
root: Val_Loss = 0.09334355592727661, Val_Err = 2.48
root: Epoch: [201 | 300]
root: Train_Loss = 0.011659860610961914, Train_Err = 3.218
root: Val_Loss = 0.09324649721384048, Val_Err = 2.53
root: Epoch: [202 | 300]
root: Train_Loss = 0.01133815199136734, Train_Err = 3.114
root: Val_Loss = 0.10541175305843353, Val_Err = 2.69
root: Epoch: [203 | 300]
root: Train_Loss = 0.010919664055109024, Train_Err = 2.99
root: Val_Loss = 0.08851441740989685, Val_Err = 2.5
root: Epoch: [204 | 300]
root: Train_Loss = 0.011353077366948128, Train_Err = 3.176
root: Val_Loss = 0.09737899154424667, Val_Err = 2.67
root: Epoch: [205 | 300]
root: Train_Loss = 0.011164048686623573, Train_Err = 3.002
root: Val_Loss = 0.09132969379425049, Val_Err = 2.53
root: Epoch: [206 | 300]
root: Train_Loss = 0.011104440316557884, Train_Err = 3.052
root: Val_Loss = 0.09475557506084442, Val_Err = 2.48
root: Epoch: [207 | 300]
root: Train_Loss = 0.010944238863885403, Train_Err = 2.984
root: Val_Loss = 0.0886460542678833, Val_Err = 2.43
root: Epoch: [208 | 300]
root: Train_Loss = 0.01108529232442379, Train_Err = 3.076
root: Val_Loss = 0.090456023812294, Val_Err = 2.61
root: Epoch: [209 | 300]
root: Train_Loss = 0.011072534136474133, Train_Err = 3.02
root: Val_Loss = 0.10064402967691422, Val_Err = 2.77
root: Epoch: [210 | 300]
root: Train_Loss = 0.011226226575672626, Train_Err = 3.082
root: Val_Loss = 0.09593178331851959, Val_Err = 2.49
root: Epoch: [211 | 300]
root: Train_Loss = 0.011231236159801483, Train_Err = 3.172
root: Val_Loss = 0.09909932315349579, Val_Err = 2.53
root: Epoch: [212 | 300]
root: Train_Loss = 0.011318675242364407, Train_Err = 3.098
root: Val_Loss = 0.10029296576976776, Val_Err = 2.67
root: Epoch: [213 | 300]
root: Train_Loss = 0.011501703411340714, Train_Err = 3.268
root: Val_Loss = 0.09797006845474243, Val_Err = 2.61
root: Epoch: [214 | 300]
root: Train_Loss = 0.01116909272968769, Train_Err = 3.144
root: Val_Loss = 0.09669853001832962, Val_Err = 2.58
root: Epoch: [215 | 300]
root: Train_Loss = 0.01127803698182106, Train_Err = 3.118
root: Val_Loss = 0.09431302547454834, Val_Err = 2.67
root: Epoch: [216 | 300]
root: Train_Loss = 0.010994862765073776, Train_Err = 3.064
root: Val_Loss = 0.09039483964443207, Val_Err = 2.52
root: Epoch: [217 | 300]
root: Train_Loss = 0.011401196010410786, Train_Err = 3.178
root: Val_Loss = 0.09074735641479492, Val_Err = 2.53
root: Epoch: [218 | 300]
root: Train_Loss = 0.010943093337118626, Train_Err = 3.014
root: Val_Loss = 0.0953858345746994, Val_Err = 2.5
root: Epoch: [219 | 300]
root: Train_Loss = 0.010992536321282387, Train_Err = 3.004
root: Val_Loss = 0.09643865376710892, Val_Err = 2.62
root: Epoch: [220 | 300]
root: Train_Loss = 0.011356483213603497, Train_Err = 3.16
root: Val_Loss = 0.09601669758558273, Val_Err = 2.59
root: Epoch: [221 | 300]
root: Train_Loss = 0.010948668234050274, Train_Err = 3.082
root: Val_Loss = 0.10176323354244232, Val_Err = 2.59
root: Epoch: [222 | 300]
root: Train_Loss = 0.011115029454231262, Train_Err = 3.066
root: Val_Loss = 0.09624478220939636, Val_Err = 2.51
root: Epoch: [223 | 300]
root: Train_Loss = 0.011281817220151424, Train_Err = 3.11
root: Val_Loss = 0.09787612408399582, Val_Err = 2.73
root: Epoch: [224 | 300]
root: Train_Loss = 0.011185252107679844, Train_Err = 3.106
root: Val_Loss = 0.10157737880945206, Val_Err = 2.73
root: Epoch: [225 | 300]
root: Train_Loss = 0.01043795794248581, Train_Err = 2.878
root: Val_Loss = 0.09213986247777939, Val_Err = 2.46
root: Epoch: [226 | 300]
root: Train_Loss = 0.009605427272617817, Train_Err = 2.648
root: Val_Loss = 0.08831871300935745, Val_Err = 2.41
root: Epoch: [227 | 300]
root: Train_Loss = 0.009530596435070038, Train_Err = 2.686
root: Val_Loss = 0.08905716985464096, Val_Err = 2.34
root: Epoch: [228 | 300]
root: Train_Loss = 0.009554926306009293, Train_Err = 2.65
root: Val_Loss = 0.08605179935693741, Val_Err = 2.23
root: Epoch: [229 | 300]
root: Train_Loss = 0.009301692247390747, Train_Err = 2.6
root: Val_Loss = 0.0851055309176445, Val_Err = 2.26
root: Epoch: [230 | 300]
root: Train_Loss = 0.009227503091096878, Train_Err = 2.578
root: Val_Loss = 0.08638451993465424, Val_Err = 2.36
root: Epoch: [231 | 300]
root: Train_Loss = 0.00905794370919466, Train_Err = 2.618
root: Val_Loss = 0.08697925508022308, Val_Err = 2.34
root: Epoch: [232 | 300]
root: Train_Loss = 0.009266638197004795, Train_Err = 2.556
root: Val_Loss = 0.08592447638511658, Val_Err = 2.26
root: Epoch: [233 | 300]
root: Train_Loss = 0.008758457377552986, Train_Err = 2.462
root: Val_Loss = 0.08454693853855133, Val_Err = 2.28
root: Epoch: [234 | 300]
root: Train_Loss = 0.008654794655740261, Train_Err = 2.382
root: Val_Loss = 0.08622536063194275, Val_Err = 2.3
root: Epoch: [235 | 300]
root: Train_Loss = 0.008999602869153023, Train_Err = 2.502
root: Val_Loss = 0.08483751863241196, Val_Err = 2.28
root: Epoch: [236 | 300]
root: Train_Loss = 0.009159335866570473, Train_Err = 2.514
root: Val_Loss = 0.08309832215309143, Val_Err = 2.28
root: Epoch: [237 | 300]
root: Train_Loss = 0.008830132894217968, Train_Err = 2.43
root: Val_Loss = 0.0835019052028656, Val_Err = 2.25
root: Epoch: [238 | 300]
root: Train_Loss = 0.00904570147395134, Train_Err = 2.524
root: Val_Loss = 0.08543803542852402, Val_Err = 2.31
root: Epoch: [239 | 300]
root: Train_Loss = 0.008604162372648716, Train_Err = 2.396
root: Val_Loss = 0.08319274336099625, Val_Err = 2.25
root: Epoch: [240 | 300]
root: Train_Loss = 0.008478103205561638, Train_Err = 2.34
root: Val_Loss = 0.08593378961086273, Val_Err = 2.34
root: Epoch: [241 | 300]
root: Train_Loss = 0.00876839179545641, Train_Err = 2.404
root: Val_Loss = 0.08414679020643234, Val_Err = 2.3
root: Epoch: [242 | 300]
root: Train_Loss = 0.008744592778384686, Train_Err = 2.45
root: Val_Loss = 0.08507335931062698, Val_Err = 2.22
root: Epoch: [243 | 300]
root: Train_Loss = 0.00863417237997055, Train_Err = 2.36
root: Val_Loss = 0.08162561804056168, Val_Err = 2.21
root: Epoch: [244 | 300]
root: Train_Loss = 0.008570297621190548, Train_Err = 2.434
root: Val_Loss = 0.08375415951013565, Val_Err = 2.22
root: Epoch: [245 | 300]
root: Train_Loss = 0.008617974817752838, Train_Err = 2.384
root: Val_Loss = 0.0839206799864769, Val_Err = 2.17
root: Epoch: [246 | 300]
root: Train_Loss = 0.008605045266449451, Train_Err = 2.37
root: Val_Loss = 0.08466511964797974, Val_Err = 2.26
root: Epoch: [247 | 300]
root: Train_Loss = 0.008753509260714054, Train_Err = 2.404
root: Val_Loss = 0.08552280068397522, Val_Err = 2.17
root: Epoch: [248 | 300]
root: Train_Loss = 0.008980456739664078, Train_Err = 2.464
root: Val_Loss = 0.08484391123056412, Val_Err = 2.18
root: Epoch: [249 | 300]
root: Train_Loss = 0.008743343874812126, Train_Err = 2.406
root: Val_Loss = 0.08810219913721085, Val_Err = 2.25
root: Epoch: [250 | 300]
root: Train_Loss = 0.008635985665023327, Train_Err = 2.434
root: Val_Loss = 0.08478137850761414, Val_Err = 2.19
root: Epoch: [251 | 300]
root: Train_Loss = 0.008534906432032585, Train_Err = 2.404
root: Val_Loss = 0.08509979397058487, Val_Err = 2.17
root: Epoch: [252 | 300]
root: Train_Loss = 0.008451656438410282, Train_Err = 2.328
root: Val_Loss = 0.08564483374357224, Val_Err = 2.3
root: Epoch: [253 | 300]
root: Train_Loss = 0.00846106931567192, Train_Err = 2.408
root: Val_Loss = 0.08559931814670563, Val_Err = 2.21
root: Epoch: [254 | 300]
root: Train_Loss = 0.008405202068388462, Train_Err = 2.428
root: Val_Loss = 0.08311408013105392, Val_Err = 2.11
root: Epoch: [255 | 300]
root: Train_Loss = 0.008518073707818985, Train_Err = 2.348
root: Val_Loss = 0.08491028845310211, Val_Err = 2.15
root: Epoch: [256 | 300]
root: Train_Loss = 0.00866952445358038, Train_Err = 2.366
root: Val_Loss = 0.08619603514671326, Val_Err = 2.2
root: Epoch: [257 | 300]
root: Train_Loss = 0.008211799897253513, Train_Err = 2.326
root: Val_Loss = 0.08614592999219894, Val_Err = 2.23
root: Epoch: [258 | 300]
root: Train_Loss = 0.008354220539331436, Train_Err = 2.316
root: Val_Loss = 0.08476774394512177, Val_Err = 2.15
root: Epoch: [259 | 300]
root: Train_Loss = 0.008229430764913559, Train_Err = 2.258
root: Val_Loss = 0.08733662962913513, Val_Err = 2.2
root: Epoch: [260 | 300]
root: Train_Loss = 0.008526873774826527, Train_Err = 2.402
root: Val_Loss = 0.08513693511486053, Val_Err = 2.2
root: Epoch: [261 | 300]
root: Train_Loss = 0.008508466184139252, Train_Err = 2.3
root: Val_Loss = 0.08409479260444641, Val_Err = 2.19
root: Epoch: [262 | 300]
root: Train_Loss = 0.008427988737821579, Train_Err = 2.342
root: Val_Loss = 0.08721938729286194, Val_Err = 2.25
root: Epoch: [263 | 300]
root: Train_Loss = 0.008213949389755726, Train_Err = 2.274
root: Val_Loss = 0.08495084196329117, Val_Err = 2.17
root: Epoch: [264 | 300]
root: Train_Loss = 0.008564705029129982, Train_Err = 2.442
root: Val_Loss = 0.0856301337480545, Val_Err = 2.2
root: Epoch: [265 | 300]
root: Train_Loss = 0.008553949184715748, Train_Err = 2.368
root: Val_Loss = 0.08501607179641724, Val_Err = 2.17
root: Epoch: [266 | 300]
root: Train_Loss = 0.007987105287611485, Train_Err = 2.242
root: Val_Loss = 0.08450458943843842, Val_Err = 2.15
root: Epoch: [267 | 300]
root: Train_Loss = 0.008161263540387154, Train_Err = 2.236
root: Val_Loss = 0.0869196429848671, Val_Err = 2.24
root: Epoch: [268 | 300]
root: Train_Loss = 0.008405599743127823, Train_Err = 2.338
root: Val_Loss = 0.08705546706914902, Val_Err = 2.17
root: Epoch: [269 | 300]
root: Train_Loss = 0.008493289351463318, Train_Err = 2.406
root: Val_Loss = 0.08683044463396072, Val_Err = 2.24
root: Epoch: [270 | 300]
root: Train_Loss = 0.008535604923963547, Train_Err = 2.3
root: Val_Loss = 0.08353722840547562, Val_Err = 2.21
root: Epoch: [271 | 300]
root: Train_Loss = 0.00832359492778778, Train_Err = 2.336
root: Val_Loss = 0.08431671559810638, Val_Err = 2.13
root: Epoch: [272 | 300]
root: Train_Loss = 0.008405397646129131, Train_Err = 2.35
root: Val_Loss = 0.08235486596822739, Val_Err = 2.15
root: Epoch: [273 | 300]
root: Train_Loss = 0.008430018089711666, Train_Err = 2.372
root: Val_Loss = 0.08417342603206635, Val_Err = 2.12
root: Epoch: [274 | 300]
root: Train_Loss = 0.008424194529652596, Train_Err = 2.306
root: Val_Loss = 0.08381572365760803, Val_Err = 2.17
root: Epoch: [275 | 300]
root: Train_Loss = 0.008333109319210052, Train_Err = 2.296
root: Val_Loss = 0.08149223029613495, Val_Err = 2.12
root: Epoch: [276 | 300]
root: Train_Loss = 0.00831019226461649, Train_Err = 2.344
root: Val_Loss = 0.08338329195976257, Val_Err = 2.12
root: Epoch: [277 | 300]
root: Train_Loss = 0.008051755838096142, Train_Err = 2.286
root: Val_Loss = 0.08274993300437927, Val_Err = 2.18
root: Epoch: [278 | 300]
root: Train_Loss = 0.0077990940771996975, Train_Err = 2.132
root: Val_Loss = 0.08343177288770676, Val_Err = 2.02
root: Epoch: [279 | 300]
root: Train_Loss = 0.007826517336070538, Train_Err = 2.158
root: Val_Loss = 0.08327928185462952, Val_Err = 2.08
root: Epoch: [280 | 300]
root: Train_Loss = 0.007776715327054262, Train_Err = 2.204
root: Val_Loss = 0.0837809145450592, Val_Err = 2.17
root: Epoch: [281 | 300]
root: Train_Loss = 0.00840775202959776, Train_Err = 2.304
root: Val_Loss = 0.0826321616768837, Val_Err = 2.11
root: Epoch: [282 | 300]
root: Train_Loss = 0.00835457257926464, Train_Err = 2.322
root: Val_Loss = 0.08458852767944336, Val_Err = 2.14
root: Epoch: [283 | 300]
root: Train_Loss = 0.00829704012721777, Train_Err = 2.284
root: Val_Loss = 0.08205356448888779, Val_Err = 2.06
root: Epoch: [284 | 300]
root: Train_Loss = 0.008349213749170303, Train_Err = 2.302
root: Val_Loss = 0.08539646118879318, Val_Err = 2.11
root: Epoch: [285 | 300]
root: Train_Loss = 0.008546560071408749, Train_Err = 2.404
root: Val_Loss = 0.08489436656236649, Val_Err = 2.15
root: Epoch: [286 | 300]
root: Train_Loss = 0.008179321885108948, Train_Err = 2.312
root: Val_Loss = 0.08266860991716385, Val_Err = 2.0
root: Epoch: [287 | 300]
root: Train_Loss = 0.008126425556838512, Train_Err = 2.274
root: Val_Loss = 0.08122681081295013, Val_Err = 2.09
root: Epoch: [288 | 300]
root: Train_Loss = 0.007816941477358341, Train_Err = 2.15
root: Val_Loss = 0.0820188894867897, Val_Err = 2.0
root: Epoch: [289 | 300]
root: Train_Loss = 0.00818003062158823, Train_Err = 2.326
root: Val_Loss = 0.08176310360431671, Val_Err = 2.07
root: Epoch: [290 | 300]
root: Train_Loss = 0.0077740163542330265, Train_Err = 2.11
root: Val_Loss = 0.08534308522939682, Val_Err = 2.15
root: Epoch: [291 | 300]
root: Train_Loss = 0.008077497594058514, Train_Err = 2.25
root: Val_Loss = 0.08417053520679474, Val_Err = 2.09
root: Epoch: [292 | 300]
root: Train_Loss = 0.00824884045869112, Train_Err = 2.33
root: Val_Loss = 0.085032619535923, Val_Err = 2.12
root: Epoch: [293 | 300]
root: Train_Loss = 0.007818461395800114, Train_Err = 2.154
root: Val_Loss = 0.08386341482400894, Val_Err = 2.02
root: Epoch: [294 | 300]
root: Train_Loss = 0.007987353019416332, Train_Err = 2.178
root: Val_Loss = 0.083133764564991, Val_Err = 2.11
root: Epoch: [295 | 300]
root: Train_Loss = 0.007897642441093922, Train_Err = 2.222
root: Val_Loss = 0.0851970836520195, Val_Err = 2.12
root: Epoch: [296 | 300]
root: Train_Loss = 0.008176533505320549, Train_Err = 2.258
root: Val_Loss = 0.08222523331642151, Val_Err = 2.09
root: Epoch: [297 | 300]
root: Train_Loss = 0.008034161292016506, Train_Err = 2.204
root: Val_Loss = 0.08234984427690506, Val_Err = 2.11
root: Epoch: [298 | 300]
root: Train_Loss = 0.008123552426695824, Train_Err = 2.222
root: Val_Loss = 0.08330465853214264, Val_Err = 2.1
root: Epoch: [299 | 300]
root: Train_Loss = 0.007857253775000572, Train_Err = 2.158
root: Val_Loss = 0.08428116887807846, Val_Err = 2.13
