root: Namespace(batch_size=128, cp_dir='checkpoints/autoaugment_cutout/cifar100/smooth_out/run_ms_2/pyramidnet_272_8_0.009', depth=272, dtype='cifar100', epochs=300, img_aug='autoaugment_cutout', learning_rate=0.1, momentum=0.9, mtype='pyramidnet', num_classes=100, seed=2, smooth_out_a=0.009, threads=8, weight_decay=0.0001, width_factor=8)
root: Epoch: [0 | 300]
root: Train_Loss = 4.158428192138672, Train_Err = 93.102
root: Val_Loss = 3.671091318130493, Val_Err = 86.85
root: Epoch: [1 | 300]
root: Train_Loss = 3.4667258262634277, Train_Err = 83.01
root: Val_Loss = 3.4482650756835938, Val_Err = 79.96
root: Epoch: [2 | 300]
root: Train_Loss = 2.898777484893799, Train_Err = 72.868
root: Val_Loss = 3.1983072757720947, Val_Err = 73.16
root: Epoch: [3 | 300]
root: Train_Loss = 2.5032520294189453, Train_Err = 64.886
root: Val_Loss = 2.277207851409912, Val_Err = 59.73
root: Epoch: [4 | 300]
root: Train_Loss = 2.227285146713257, Train_Err = 58.978
root: Val_Loss = 2.2294657230377197, Val_Err = 56.7
root: Epoch: [5 | 300]
root: Train_Loss = 2.0408215522766113, Train_Err = 54.446
root: Val_Loss = 1.8303700685501099, Val_Err = 49.71
root: Epoch: [6 | 300]
root: Train_Loss = 1.883329153060913, Train_Err = 50.938
root: Val_Loss = 1.7675251960754395, Val_Err = 48.48
root: Epoch: [7 | 300]
root: Train_Loss = 1.766831874847412, Train_Err = 48.042
root: Val_Loss = 1.6902843713760376, Val_Err = 45.68
root: Epoch: [8 | 300]
root: Train_Loss = 1.6804008483886719, Train_Err = 45.75
root: Val_Loss = 1.9537198543548584, Val_Err = 48.79
root: Epoch: [9 | 300]
root: Train_Loss = 1.5934562683105469, Train_Err = 43.54
root: Val_Loss = 1.5389976501464844, Val_Err = 42.95
root: Epoch: [10 | 300]
root: Train_Loss = 1.5286800861358643, Train_Err = 42.346
root: Val_Loss = 1.4028388261795044, Val_Err = 38.76
root: Epoch: [11 | 300]
root: Train_Loss = 1.4709323644638062, Train_Err = 40.844
root: Val_Loss = 1.4948432445526123, Val_Err = 40.5
root: Epoch: [12 | 300]
root: Train_Loss = 1.413649082183838, Train_Err = 39.37
root: Val_Loss = 1.3644425868988037, Val_Err = 38.05
root: Epoch: [13 | 300]
root: Train_Loss = 1.3732211589813232, Train_Err = 38.694
root: Val_Loss = 1.3342337608337402, Val_Err = 37.56
root: Epoch: [14 | 300]
root: Train_Loss = 1.320155143737793, Train_Err = 37.24
root: Val_Loss = 1.3989474773406982, Val_Err = 38.42
root: Epoch: [15 | 300]
root: Train_Loss = 1.2870638370513916, Train_Err = 36.444
root: Val_Loss = 1.3716086149215698, Val_Err = 36.48
root: Epoch: [16 | 300]
root: Train_Loss = 1.2366997003555298, Train_Err = 35.014
root: Val_Loss = 1.3085068464279175, Val_Err = 36.2
root: Epoch: [17 | 300]
root: Train_Loss = 1.2204252481460571, Train_Err = 34.832
root: Val_Loss = 1.1967494487762451, Val_Err = 33.21
root: Epoch: [18 | 300]
root: Train_Loss = 1.1802617311477661, Train_Err = 33.522
root: Val_Loss = 1.1907247304916382, Val_Err = 33.04
root: Epoch: [19 | 300]
root: Train_Loss = 1.1418516635894775, Train_Err = 32.352
root: Val_Loss = 1.2574026584625244, Val_Err = 35.01
root: Epoch: [20 | 300]
root: Train_Loss = 1.1115244626998901, Train_Err = 31.774
root: Val_Loss = 1.2473679780960083, Val_Err = 34.91
root: Epoch: [21 | 300]
root: Train_Loss = 1.0812145471572876, Train_Err = 31.022
root: Val_Loss = 1.1800717115402222, Val_Err = 32.98
root: Epoch: [22 | 300]
root: Train_Loss = 1.0625755786895752, Train_Err = 30.522
root: Val_Loss = 1.1497442722320557, Val_Err = 32.18
root: Epoch: [23 | 300]
root: Train_Loss = 1.0399575233459473, Train_Err = 30.012
root: Val_Loss = 1.2043274641036987, Val_Err = 32.84
root: Epoch: [24 | 300]
root: Train_Loss = 1.0080715417861938, Train_Err = 29.148
root: Val_Loss = 1.1977790594100952, Val_Err = 32.37
root: Epoch: [25 | 300]
root: Train_Loss = 0.9842680096626282, Train_Err = 28.394
root: Val_Loss = 1.14480721950531, Val_Err = 31.27
root: Epoch: [26 | 300]
root: Train_Loss = 0.9737368226051331, Train_Err = 28.168
root: Val_Loss = 1.1188386678695679, Val_Err = 31.11
root: Epoch: [27 | 300]
root: Train_Loss = 0.9407514333724976, Train_Err = 27.164
root: Val_Loss = 1.0553096532821655, Val_Err = 29.37
root: Epoch: [28 | 300]
root: Train_Loss = 0.9238608479499817, Train_Err = 26.63
root: Val_Loss = 1.2413455247879028, Val_Err = 31.43
root: Epoch: [29 | 300]
root: Train_Loss = 0.9224547147750854, Train_Err = 26.776
root: Val_Loss = 1.017878532409668, Val_Err = 28.46
root: Epoch: [30 | 300]
root: Train_Loss = 0.9055985808372498, Train_Err = 26.148
root: Val_Loss = 1.083836555480957, Val_Err = 29.43
root: Epoch: [31 | 300]
root: Train_Loss = 0.8806039690971375, Train_Err = 25.516
root: Val_Loss = 1.1506587266921997, Val_Err = 30.44
root: Epoch: [32 | 300]
root: Train_Loss = 0.8736412525177002, Train_Err = 25.5
root: Val_Loss = 1.098256230354309, Val_Err = 30.13
root: Epoch: [33 | 300]
root: Train_Loss = 0.8655425310134888, Train_Err = 25.182
root: Val_Loss = 1.239756464958191, Val_Err = 32.53
root: Epoch: [34 | 300]
root: Train_Loss = 0.8548827171325684, Train_Err = 24.764
root: Val_Loss = 1.1071823835372925, Val_Err = 28.87
root: Epoch: [35 | 300]
root: Train_Loss = 0.8300729393959045, Train_Err = 24.352
root: Val_Loss = 1.0692670345306396, Val_Err = 28.39
root: Epoch: [36 | 300]
root: Train_Loss = 0.8127731680870056, Train_Err = 23.554
root: Val_Loss = 1.1221991777420044, Val_Err = 29.88
root: Epoch: [37 | 300]
root: Train_Loss = 0.8156221508979797, Train_Err = 23.926
root: Val_Loss = 1.1404963731765747, Val_Err = 30.17
root: Epoch: [38 | 300]
root: Train_Loss = 0.800565242767334, Train_Err = 23.364
root: Val_Loss = 1.0037105083465576, Val_Err = 27.66
root: Epoch: [39 | 300]
root: Train_Loss = 0.7817116379737854, Train_Err = 22.906
root: Val_Loss = 1.0133017301559448, Val_Err = 27.17
root: Epoch: [40 | 300]
root: Train_Loss = 0.7649047374725342, Train_Err = 22.338
root: Val_Loss = 1.1177198886871338, Val_Err = 28.78
root: Epoch: [41 | 300]
root: Train_Loss = 0.7642555832862854, Train_Err = 22.238
root: Val_Loss = 1.064961552619934, Val_Err = 28.15
root: Epoch: [42 | 300]
root: Train_Loss = 0.7603071928024292, Train_Err = 22.148
root: Val_Loss = 1.1208239793777466, Val_Err = 28.31
root: Epoch: [43 | 300]
root: Train_Loss = 0.7493395805358887, Train_Err = 22.046
root: Val_Loss = 1.155707836151123, Val_Err = 29.54
root: Epoch: [44 | 300]
root: Train_Loss = 0.7347605228424072, Train_Err = 21.564
root: Val_Loss = 1.034922480583191, Val_Err = 27.43
root: Epoch: [45 | 300]
root: Train_Loss = 0.7376795411109924, Train_Err = 21.878
root: Val_Loss = 1.170188307762146, Val_Err = 30.28
root: Epoch: [46 | 300]
root: Train_Loss = 0.7153395414352417, Train_Err = 21.07
root: Val_Loss = 1.145706057548523, Val_Err = 29.47
root: Epoch: [47 | 300]
root: Train_Loss = 0.7094312906265259, Train_Err = 20.862
root: Val_Loss = 1.0672385692596436, Val_Err = 27.95
root: Epoch: [48 | 300]
root: Train_Loss = 0.7051374912261963, Train_Err = 20.726
root: Val_Loss = 1.0622482299804688, Val_Err = 27.29
root: Epoch: [49 | 300]
root: Train_Loss = 0.7009543776512146, Train_Err = 20.486
root: Val_Loss = 1.1400847434997559, Val_Err = 28.77
root: Epoch: [50 | 300]
root: Train_Loss = 0.692686915397644, Train_Err = 20.314
root: Val_Loss = 1.1530879735946655, Val_Err = 29.35
root: Epoch: [51 | 300]
root: Train_Loss = 0.6789448261260986, Train_Err = 19.882
root: Val_Loss = 1.0703154802322388, Val_Err = 28.14
root: Epoch: [52 | 300]
root: Train_Loss = 0.673651933670044, Train_Err = 19.658
root: Val_Loss = 1.0054113864898682, Val_Err = 26.43
root: Epoch: [53 | 300]
root: Train_Loss = 0.6843237280845642, Train_Err = 20.18
root: Val_Loss = 1.1263066530227661, Val_Err = 28.05
root: Epoch: [54 | 300]
root: Train_Loss = 0.6614911556243896, Train_Err = 19.512
root: Val_Loss = 1.1312839984893799, Val_Err = 28.13
root: Epoch: [55 | 300]
root: Train_Loss = 0.6669129729270935, Train_Err = 19.712
root: Val_Loss = 1.1625487804412842, Val_Err = 28.15
root: Epoch: [56 | 300]
root: Train_Loss = 0.6573610901832581, Train_Err = 19.328
root: Val_Loss = 1.1387221813201904, Val_Err = 28.41
root: Epoch: [57 | 300]
root: Train_Loss = 0.6453609466552734, Train_Err = 19.022
root: Val_Loss = 1.0587064027786255, Val_Err = 27.11
root: Epoch: [58 | 300]
root: Train_Loss = 0.6440215706825256, Train_Err = 18.936
root: Val_Loss = 1.081479549407959, Val_Err = 27.43
root: Epoch: [59 | 300]
root: Train_Loss = 0.6487917900085449, Train_Err = 19.118
root: Val_Loss = 1.0416921377182007, Val_Err = 26.29
root: Epoch: [60 | 300]
root: Train_Loss = 0.6316819190979004, Train_Err = 18.664
root: Val_Loss = 1.0526692867279053, Val_Err = 26.41
root: Epoch: [61 | 300]
root: Train_Loss = 0.6393952965736389, Train_Err = 18.848
root: Val_Loss = 1.0702625513076782, Val_Err = 28.2
root: Epoch: [62 | 300]
root: Train_Loss = 0.6352735161781311, Train_Err = 18.816
root: Val_Loss = 1.0622344017028809, Val_Err = 26.92
root: Epoch: [63 | 300]
root: Train_Loss = 0.6220102310180664, Train_Err = 18.314
root: Val_Loss = 1.186242938041687, Val_Err = 28.83
root: Epoch: [64 | 300]
root: Train_Loss = 0.6194705963134766, Train_Err = 18.188
root: Val_Loss = 1.064677357673645, Val_Err = 27.22
root: Epoch: [65 | 300]
root: Train_Loss = 0.6075909733772278, Train_Err = 17.884
root: Val_Loss = 1.09195077419281, Val_Err = 27.11
root: Epoch: [66 | 300]
root: Train_Loss = 0.6127001047134399, Train_Err = 18.15
root: Val_Loss = 1.1163818836212158, Val_Err = 27.68
root: Epoch: [67 | 300]
root: Train_Loss = 0.6161960959434509, Train_Err = 18.12
root: Val_Loss = 1.0740141868591309, Val_Err = 26.37
root: Epoch: [68 | 300]
root: Train_Loss = 0.6081230044364929, Train_Err = 17.9
root: Val_Loss = 1.066465139389038, Val_Err = 27.13
root: Epoch: [69 | 300]
root: Train_Loss = 0.5995491743087769, Train_Err = 17.702
root: Val_Loss = 1.1314576864242554, Val_Err = 27.53
root: Epoch: [70 | 300]
root: Train_Loss = 0.5924770832061768, Train_Err = 17.486
root: Val_Loss = 1.1650702953338623, Val_Err = 28.02
root: Epoch: [71 | 300]
root: Train_Loss = 0.5898833870887756, Train_Err = 17.468
root: Val_Loss = 1.0920016765594482, Val_Err = 27.35
root: Epoch: [72 | 300]
root: Train_Loss = 0.6021988391876221, Train_Err = 17.716
root: Val_Loss = 1.135954737663269, Val_Err = 27.73
root: Epoch: [73 | 300]
root: Train_Loss = 0.5778039693832397, Train_Err = 17.052
root: Val_Loss = 1.0787444114685059, Val_Err = 27.49
root: Epoch: [74 | 300]
root: Train_Loss = 0.5891569256782532, Train_Err = 17.158
root: Val_Loss = 1.0372450351715088, Val_Err = 25.72
root: Epoch: [75 | 300]
root: Train_Loss = 0.5695385932922363, Train_Err = 16.74
root: Val_Loss = 1.0762428045272827, Val_Err = 26.74
root: Epoch: [76 | 300]
root: Train_Loss = 0.579526424407959, Train_Err = 17.174
root: Val_Loss = 1.1580064296722412, Val_Err = 28.19
root: Epoch: [77 | 300]
root: Train_Loss = 0.5717002749443054, Train_Err = 17.0
root: Val_Loss = 1.153356909751892, Val_Err = 29.09
root: Epoch: [78 | 300]
root: Train_Loss = 0.5605600476264954, Train_Err = 16.572
root: Val_Loss = 1.0644519329071045, Val_Err = 26.43
root: Epoch: [79 | 300]
root: Train_Loss = 0.5565445423126221, Train_Err = 16.476
root: Val_Loss = 1.1750935316085815, Val_Err = 27.28
root: Epoch: [80 | 300]
root: Train_Loss = 0.5728549361228943, Train_Err = 16.834
root: Val_Loss = 1.2174514532089233, Val_Err = 28.28
root: Epoch: [81 | 300]
root: Train_Loss = 0.5598968863487244, Train_Err = 16.538
root: Val_Loss = 1.1126062870025635, Val_Err = 27.16
root: Epoch: [82 | 300]
root: Train_Loss = 0.5642967224121094, Train_Err = 16.696
root: Val_Loss = 1.0363389253616333, Val_Err = 25.99
root: Epoch: [83 | 300]
root: Train_Loss = 0.5570794939994812, Train_Err = 16.358
root: Val_Loss = 1.116074562072754, Val_Err = 27.36
root: Epoch: [84 | 300]
root: Train_Loss = 0.5565310120582581, Train_Err = 16.368
root: Val_Loss = 1.1088337898254395, Val_Err = 27.11
root: Epoch: [85 | 300]
root: Train_Loss = 0.553149402141571, Train_Err = 16.324
root: Val_Loss = 1.2829185724258423, Val_Err = 29.72
root: Epoch: [86 | 300]
root: Train_Loss = 0.5487642288208008, Train_Err = 16.214
root: Val_Loss = 1.0328127145767212, Val_Err = 25.91
root: Epoch: [87 | 300]
root: Train_Loss = 0.5476941466331482, Train_Err = 16.144
root: Val_Loss = 0.9970142245292664, Val_Err = 25.67
root: Epoch: [88 | 300]
root: Train_Loss = 0.5314921736717224, Train_Err = 15.668
root: Val_Loss = 1.1252118349075317, Val_Err = 27.5
root: Epoch: [89 | 300]
root: Train_Loss = 0.5328575968742371, Train_Err = 15.712
root: Val_Loss = 1.1476693153381348, Val_Err = 26.66
root: Epoch: [90 | 300]
root: Train_Loss = 0.543916642665863, Train_Err = 15.952
root: Val_Loss = 1.0631600618362427, Val_Err = 26.47
root: Epoch: [91 | 300]
root: Train_Loss = 0.5365346074104309, Train_Err = 15.858
root: Val_Loss = 1.0800257921218872, Val_Err = 26.26
root: Epoch: [92 | 300]
root: Train_Loss = 0.5276025533676147, Train_Err = 15.498
root: Val_Loss = 0.9997211694717407, Val_Err = 25.7
root: Epoch: [93 | 300]
root: Train_Loss = 0.525069534778595, Train_Err = 15.536
root: Val_Loss = 1.1436713933944702, Val_Err = 27.16
root: Epoch: [94 | 300]
root: Train_Loss = 0.5300564169883728, Train_Err = 15.528
root: Val_Loss = 1.051944613456726, Val_Err = 25.58
root: Epoch: [95 | 300]
root: Train_Loss = 0.5153412222862244, Train_Err = 15.118
root: Val_Loss = 0.9632547497749329, Val_Err = 24.26
root: Epoch: [96 | 300]
root: Train_Loss = 0.5177965760231018, Train_Err = 15.376
root: Val_Loss = 1.0280430316925049, Val_Err = 26.18
root: Epoch: [97 | 300]
root: Train_Loss = 0.5166082978248596, Train_Err = 15.214
root: Val_Loss = 1.0338772535324097, Val_Err = 25.09
root: Epoch: [98 | 300]
root: Train_Loss = 0.5104726552963257, Train_Err = 14.972
root: Val_Loss = 1.0950952768325806, Val_Err = 26.68
root: Epoch: [99 | 300]
root: Train_Loss = 0.5123763084411621, Train_Err = 15.128
root: Val_Loss = 1.0633840560913086, Val_Err = 26.14
root: Epoch: [100 | 300]
root: Train_Loss = 0.5088800191879272, Train_Err = 14.974
root: Val_Loss = 1.1025419235229492, Val_Err = 26.04
root: Epoch: [101 | 300]
root: Train_Loss = 0.5048767328262329, Train_Err = 14.856
root: Val_Loss = 1.1359091997146606, Val_Err = 26.28
root: Epoch: [102 | 300]
root: Train_Loss = 0.5073599219322205, Train_Err = 15.012
root: Val_Loss = 1.1609681844711304, Val_Err = 27.57
root: Epoch: [103 | 300]
root: Train_Loss = 0.5114699006080627, Train_Err = 15.0
root: Val_Loss = 1.2206400632858276, Val_Err = 27.93
root: Epoch: [104 | 300]
root: Train_Loss = 0.507527232170105, Train_Err = 14.79
root: Val_Loss = 1.1060112714767456, Val_Err = 26.35
root: Epoch: [105 | 300]
root: Train_Loss = 0.5008675456047058, Train_Err = 14.71
root: Val_Loss = 1.1493250131607056, Val_Err = 27.08
root: Epoch: [106 | 300]
root: Train_Loss = 0.4998151957988739, Train_Err = 14.772
root: Val_Loss = 1.036278247833252, Val_Err = 25.58
root: Epoch: [107 | 300]
root: Train_Loss = 0.5027108192443848, Train_Err = 14.738
root: Val_Loss = 1.157554030418396, Val_Err = 27.16
root: Epoch: [108 | 300]
root: Train_Loss = 0.49586600065231323, Train_Err = 14.632
root: Val_Loss = 1.096268653869629, Val_Err = 27.1
root: Epoch: [109 | 300]
root: Train_Loss = 0.4850904643535614, Train_Err = 14.316
root: Val_Loss = 1.0971108675003052, Val_Err = 26.02
root: Epoch: [110 | 300]
root: Train_Loss = 0.5065227746963501, Train_Err = 15.05
root: Val_Loss = 1.067643642425537, Val_Err = 25.02
root: Epoch: [111 | 300]
root: Train_Loss = 0.48984265327453613, Train_Err = 14.722
root: Val_Loss = 1.110337734222412, Val_Err = 25.97
root: Epoch: [112 | 300]
root: Train_Loss = 0.492195188999176, Train_Err = 14.546
root: Val_Loss = 1.0818482637405396, Val_Err = 25.66
root: Epoch: [113 | 300]
root: Train_Loss = 0.49339520931243896, Train_Err = 14.474
root: Val_Loss = 1.0418003797531128, Val_Err = 25.61
root: Epoch: [114 | 300]
root: Train_Loss = 0.4883783757686615, Train_Err = 14.482
root: Val_Loss = 1.1056406497955322, Val_Err = 26.14
root: Epoch: [115 | 300]
root: Train_Loss = 0.48181962966918945, Train_Err = 14.118
root: Val_Loss = 1.177024006843567, Val_Err = 27.19
root: Epoch: [116 | 300]
root: Train_Loss = 0.48959970474243164, Train_Err = 14.394
root: Val_Loss = 1.0518443584442139, Val_Err = 26.1
root: Epoch: [117 | 300]
root: Train_Loss = 0.4763239026069641, Train_Err = 14.046
root: Val_Loss = 1.1025279760360718, Val_Err = 25.42
root: Epoch: [118 | 300]
root: Train_Loss = 0.4853324592113495, Train_Err = 14.19
root: Val_Loss = 1.0843474864959717, Val_Err = 25.43
root: Epoch: [119 | 300]
root: Train_Loss = 0.48512306809425354, Train_Err = 14.32
root: Val_Loss = 1.0270743370056152, Val_Err = 25.18
root: Epoch: [120 | 300]
root: Train_Loss = 0.48113495111465454, Train_Err = 14.14
root: Val_Loss = 1.1335581541061401, Val_Err = 26.25
root: Epoch: [121 | 300]
root: Train_Loss = 0.47334927320480347, Train_Err = 13.948
root: Val_Loss = 1.14516282081604, Val_Err = 26.77
root: Epoch: [122 | 300]
root: Train_Loss = 0.4869474768638611, Train_Err = 14.258
root: Val_Loss = 1.1318068504333496, Val_Err = 27.94
root: Epoch: [123 | 300]
root: Train_Loss = 0.47652769088745117, Train_Err = 13.996
root: Val_Loss = 1.0311752557754517, Val_Err = 25.34
root: Epoch: [124 | 300]
root: Train_Loss = 0.4773026406764984, Train_Err = 14.196
root: Val_Loss = 1.1045516729354858, Val_Err = 25.74
root: Epoch: [125 | 300]
root: Train_Loss = 0.4769967794418335, Train_Err = 14.002
root: Val_Loss = 1.1002438068389893, Val_Err = 25.95
root: Epoch: [126 | 300]
root: Train_Loss = 0.47391974925994873, Train_Err = 13.902
root: Val_Loss = 1.1105005741119385, Val_Err = 26.29
root: Epoch: [127 | 300]
root: Train_Loss = 0.46561312675476074, Train_Err = 13.726
root: Val_Loss = 1.07662832736969, Val_Err = 26.34
root: Epoch: [128 | 300]
root: Train_Loss = 0.47726067900657654, Train_Err = 14.07
root: Val_Loss = 1.02898371219635, Val_Err = 25.4
root: Epoch: [129 | 300]
root: Train_Loss = 0.4736851453781128, Train_Err = 14.142
root: Val_Loss = 1.1132274866104126, Val_Err = 26.2
root: Epoch: [130 | 300]
root: Train_Loss = 0.4650615155696869, Train_Err = 13.72
root: Val_Loss = 1.0332030057907104, Val_Err = 24.35
root: Epoch: [131 | 300]
root: Train_Loss = 0.4498019516468048, Train_Err = 13.072
root: Val_Loss = 1.0960121154785156, Val_Err = 25.93
root: Epoch: [132 | 300]
root: Train_Loss = 0.4621601104736328, Train_Err = 13.588
root: Val_Loss = 1.0440447330474854, Val_Err = 25.22
root: Epoch: [133 | 300]
root: Train_Loss = 0.4527209997177124, Train_Err = 13.416
root: Val_Loss = 1.1065573692321777, Val_Err = 26.13
root: Epoch: [134 | 300]
root: Train_Loss = 0.46675607562065125, Train_Err = 13.822
root: Val_Loss = 1.0452349185943604, Val_Err = 25.05
root: Epoch: [135 | 300]
root: Train_Loss = 0.45983001589775085, Train_Err = 13.56
root: Val_Loss = 1.0859346389770508, Val_Err = 25.74
root: Epoch: [136 | 300]
root: Train_Loss = 0.4543703496456146, Train_Err = 13.45
root: Val_Loss = 0.9923614859580994, Val_Err = 24.72
root: Epoch: [137 | 300]
root: Train_Loss = 0.46352097392082214, Train_Err = 13.606
root: Val_Loss = 0.9987779855728149, Val_Err = 23.91
root: Epoch: [138 | 300]
root: Train_Loss = 0.4627385437488556, Train_Err = 13.622
root: Val_Loss = 1.1192902326583862, Val_Err = 25.71
root: Epoch: [139 | 300]
root: Train_Loss = 0.4729015827178955, Train_Err = 13.904
root: Val_Loss = 1.2077964544296265, Val_Err = 26.68
root: Epoch: [140 | 300]
root: Train_Loss = 0.4527231454849243, Train_Err = 13.254
root: Val_Loss = 1.1407842636108398, Val_Err = 26.41
root: Epoch: [141 | 300]
root: Train_Loss = 0.46090593934059143, Train_Err = 13.356
root: Val_Loss = 1.055146336555481, Val_Err = 24.64
root: Epoch: [142 | 300]
root: Train_Loss = 0.4603440761566162, Train_Err = 13.57
root: Val_Loss = 1.041284203529358, Val_Err = 24.4
root: Epoch: [143 | 300]
root: Train_Loss = 0.45113080739974976, Train_Err = 13.144
root: Val_Loss = 1.0960092544555664, Val_Err = 25.09
root: Epoch: [144 | 300]
root: Train_Loss = 0.4477754831314087, Train_Err = 13.226
root: Val_Loss = 1.1058813333511353, Val_Err = 25.32
root: Epoch: [145 | 300]
root: Train_Loss = 0.45398661494255066, Train_Err = 13.29
root: Val_Loss = 1.1369420289993286, Val_Err = 27.03
root: Epoch: [146 | 300]
root: Train_Loss = 0.448017418384552, Train_Err = 13.198
root: Val_Loss = 1.0874613523483276, Val_Err = 25.9
root: Epoch: [147 | 300]
root: Train_Loss = 0.45565491914749146, Train_Err = 13.45
root: Val_Loss = 1.1265016794204712, Val_Err = 26.87
root: Epoch: [148 | 300]
root: Train_Loss = 0.4528270661830902, Train_Err = 13.34
root: Val_Loss = 1.0268136262893677, Val_Err = 24.73
root: Epoch: [149 | 300]
root: Train_Loss = 0.4440811574459076, Train_Err = 13.004
root: Val_Loss = 1.1121355295181274, Val_Err = 25.92
root: Epoch: [150 | 300]
root: Train_Loss = 0.260526567697525, Train_Err = 7.128
root: Val_Loss = 0.6860214471817017, Val_Err = 17.82
root: Epoch: [151 | 300]
root: Train_Loss = 0.19579052925109863, Train_Err = 5.01
root: Val_Loss = 0.6694527864456177, Val_Err = 17.11
root: Epoch: [152 | 300]
root: Train_Loss = 0.17379124462604523, Train_Err = 4.5
root: Val_Loss = 0.661034107208252, Val_Err = 16.86
root: Epoch: [153 | 300]
root: Train_Loss = 0.17031091451644897, Train_Err = 4.386
root: Val_Loss = 0.6616472601890564, Val_Err = 16.93
root: Epoch: [154 | 300]
root: Train_Loss = 0.15821686387062073, Train_Err = 4.042
root: Val_Loss = 0.6499097943305969, Val_Err = 16.62
root: Epoch: [155 | 300]
root: Train_Loss = 0.14630241692066193, Train_Err = 3.728
root: Val_Loss = 0.6544434428215027, Val_Err = 16.66
root: Epoch: [156 | 300]
root: Train_Loss = 0.1436406970024109, Train_Err = 3.684
root: Val_Loss = 0.6402971148490906, Val_Err = 16.4
root: Epoch: [157 | 300]
root: Train_Loss = 0.14189064502716064, Train_Err = 3.61
root: Val_Loss = 0.6472764611244202, Val_Err = 16.45
root: Epoch: [158 | 300]
root: Train_Loss = 0.1396503448486328, Train_Err = 3.592
root: Val_Loss = 0.6517153382301331, Val_Err = 16.85
root: Epoch: [159 | 300]
root: Train_Loss = 0.13803322613239288, Train_Err = 3.5
root: Val_Loss = 0.645459771156311, Val_Err = 16.4
root: Epoch: [160 | 300]
root: Train_Loss = 0.132598876953125, Train_Err = 3.386
root: Val_Loss = 0.6411186456680298, Val_Err = 16.3
root: Epoch: [161 | 300]
root: Train_Loss = 0.13468362390995026, Train_Err = 3.398
root: Val_Loss = 0.6459078788757324, Val_Err = 16.44
root: Epoch: [162 | 300]
root: Train_Loss = 0.136738121509552, Train_Err = 3.44
root: Val_Loss = 0.6385526657104492, Val_Err = 16.11
root: Epoch: [163 | 300]
root: Train_Loss = 0.13428741693496704, Train_Err = 3.466
root: Val_Loss = 0.6428027749061584, Val_Err = 16.63
root: Epoch: [164 | 300]
root: Train_Loss = 0.1256275326013565, Train_Err = 3.176
root: Val_Loss = 0.6360609531402588, Val_Err = 16.28
root: Epoch: [165 | 300]
root: Train_Loss = 0.1244528517127037, Train_Err = 3.186
root: Val_Loss = 0.631426215171814, Val_Err = 15.87
root: Epoch: [166 | 300]
root: Train_Loss = 0.1253954917192459, Train_Err = 3.208
root: Val_Loss = 0.6325915455818176, Val_Err = 16.02
root: Epoch: [167 | 300]
root: Train_Loss = 0.12377382814884186, Train_Err = 3.092
root: Val_Loss = 0.6391810178756714, Val_Err = 16.57
root: Epoch: [168 | 300]
root: Train_Loss = 0.12226704508066177, Train_Err = 3.084
root: Val_Loss = 0.6393476128578186, Val_Err = 16.45
root: Epoch: [169 | 300]
root: Train_Loss = 0.12534770369529724, Train_Err = 3.166
root: Val_Loss = 0.6364675760269165, Val_Err = 16.37
root: Epoch: [170 | 300]
root: Train_Loss = 0.1259738802909851, Train_Err = 3.17
root: Val_Loss = 0.6316781640052795, Val_Err = 16.27
root: Epoch: [171 | 300]
root: Train_Loss = 0.11935450881719589, Train_Err = 3.052
root: Val_Loss = 0.6327753067016602, Val_Err = 15.99
root: Epoch: [172 | 300]
root: Train_Loss = 0.11852414906024933, Train_Err = 3.006
root: Val_Loss = 0.6341507434844971, Val_Err = 16.33
root: Epoch: [173 | 300]
root: Train_Loss = 0.11768221110105515, Train_Err = 2.926
root: Val_Loss = 0.6381316781044006, Val_Err = 16.27
root: Epoch: [174 | 300]
root: Train_Loss = 0.115315742790699, Train_Err = 2.934
root: Val_Loss = 0.6299018859863281, Val_Err = 16.35
root: Epoch: [175 | 300]
root: Train_Loss = 0.11559613794088364, Train_Err = 2.88
root: Val_Loss = 0.6267525553703308, Val_Err = 16.31
root: Epoch: [176 | 300]
root: Train_Loss = 0.1136850044131279, Train_Err = 2.81
root: Val_Loss = 0.625583291053772, Val_Err = 16.04
root: Epoch: [177 | 300]
root: Train_Loss = 0.11097855865955353, Train_Err = 2.794
root: Val_Loss = 0.6232383251190186, Val_Err = 16.03
root: Epoch: [178 | 300]
root: Train_Loss = 0.11706937104463577, Train_Err = 2.912
root: Val_Loss = 0.6245178580284119, Val_Err = 15.94
root: Epoch: [179 | 300]
root: Train_Loss = 0.1134067177772522, Train_Err = 2.826
root: Val_Loss = 0.6327037215232849, Val_Err = 16.13
root: Epoch: [180 | 300]
root: Train_Loss = 0.11609117686748505, Train_Err = 2.984
root: Val_Loss = 0.6307227611541748, Val_Err = 16.17
root: Epoch: [181 | 300]
root: Train_Loss = 0.11243315786123276, Train_Err = 2.84
root: Val_Loss = 0.6238961815834045, Val_Err = 16.34
root: Epoch: [182 | 300]
root: Train_Loss = 0.10958778113126755, Train_Err = 2.762
root: Val_Loss = 0.6218662858009338, Val_Err = 16.1
root: Epoch: [183 | 300]
root: Train_Loss = 0.1112382709980011, Train_Err = 2.862
root: Val_Loss = 0.6269261837005615, Val_Err = 16.29
root: Epoch: [184 | 300]
root: Train_Loss = 0.11174971610307693, Train_Err = 2.808
root: Val_Loss = 0.6263676881790161, Val_Err = 16.08
root: Epoch: [185 | 300]
root: Train_Loss = 0.11255598068237305, Train_Err = 2.836
root: Val_Loss = 0.6224405765533447, Val_Err = 16.09
root: Epoch: [186 | 300]
root: Train_Loss = 0.10793837904930115, Train_Err = 2.666
root: Val_Loss = 0.6235997676849365, Val_Err = 16.0
root: Epoch: [187 | 300]
root: Train_Loss = 0.11063088476657867, Train_Err = 2.802
root: Val_Loss = 0.623646080493927, Val_Err = 16.04
root: Epoch: [188 | 300]
root: Train_Loss = 0.10484489798545837, Train_Err = 2.674
root: Val_Loss = 0.6173781752586365, Val_Err = 15.97
root: Epoch: [189 | 300]
root: Train_Loss = 0.10821612179279327, Train_Err = 2.748
root: Val_Loss = 0.6161909699440002, Val_Err = 16.1
root: Epoch: [190 | 300]
root: Train_Loss = 0.11160072684288025, Train_Err = 2.83
root: Val_Loss = 0.6255429983139038, Val_Err = 16.37
root: Epoch: [191 | 300]
root: Train_Loss = 0.1080184131860733, Train_Err = 2.692
root: Val_Loss = 0.6176691055297852, Val_Err = 16.13
root: Epoch: [192 | 300]
root: Train_Loss = 0.10935460776090622, Train_Err = 2.776
root: Val_Loss = 0.6122205257415771, Val_Err = 15.95
root: Epoch: [193 | 300]
root: Train_Loss = 0.10791614651679993, Train_Err = 2.712
root: Val_Loss = 0.6224393248558044, Val_Err = 16.15
root: Epoch: [194 | 300]
root: Train_Loss = 0.10733967274427414, Train_Err = 2.696
root: Val_Loss = 0.6233110427856445, Val_Err = 16.08
root: Epoch: [195 | 300]
root: Train_Loss = 0.10806611180305481, Train_Err = 2.654
root: Val_Loss = 0.6316376328468323, Val_Err = 16.46
root: Epoch: [196 | 300]
root: Train_Loss = 0.11023267358541489, Train_Err = 2.748
root: Val_Loss = 0.6302720308303833, Val_Err = 16.49
root: Epoch: [197 | 300]
root: Train_Loss = 0.10539493709802628, Train_Err = 2.698
root: Val_Loss = 0.6225764155387878, Val_Err = 16.06
root: Epoch: [198 | 300]
root: Train_Loss = 0.10976594686508179, Train_Err = 2.692
root: Val_Loss = 0.622376024723053, Val_Err = 16.22
root: Epoch: [199 | 300]
root: Train_Loss = 0.10561206936836243, Train_Err = 2.64
root: Val_Loss = 0.6261394619941711, Val_Err = 16.35
root: Epoch: [200 | 300]
root: Train_Loss = 0.10543304681777954, Train_Err = 2.632
root: Val_Loss = 0.6180793046951294, Val_Err = 16.26
root: Epoch: [201 | 300]
root: Train_Loss = 0.10809434950351715, Train_Err = 2.654
root: Val_Loss = 0.6152307391166687, Val_Err = 16.17
root: Epoch: [202 | 300]
root: Train_Loss = 0.10358905047178268, Train_Err = 2.578
root: Val_Loss = 0.6189205646514893, Val_Err = 16.08
root: Epoch: [203 | 300]
root: Train_Loss = 0.10673238337039948, Train_Err = 2.672
root: Val_Loss = 0.6231769919395447, Val_Err = 16.31
root: Epoch: [204 | 300]
root: Train_Loss = 0.10548213869333267, Train_Err = 2.632
root: Val_Loss = 0.619354784488678, Val_Err = 16.23
root: Epoch: [205 | 300]
root: Train_Loss = 0.10250052809715271, Train_Err = 2.588
root: Val_Loss = 0.6149951219558716, Val_Err = 16.3
root: Epoch: [206 | 300]
root: Train_Loss = 0.10381899774074554, Train_Err = 2.564
root: Val_Loss = 0.6176885962486267, Val_Err = 16.08
root: Epoch: [207 | 300]
root: Train_Loss = 0.10088646411895752, Train_Err = 2.542
root: Val_Loss = 0.6257951855659485, Val_Err = 16.39
root: Epoch: [208 | 300]
root: Train_Loss = 0.10452699661254883, Train_Err = 2.692
root: Val_Loss = 0.6297754049301147, Val_Err = 16.61
root: Epoch: [209 | 300]
root: Train_Loss = 0.10193265229463577, Train_Err = 2.582
root: Val_Loss = 0.622979462146759, Val_Err = 16.46
root: Epoch: [210 | 300]
root: Train_Loss = 0.10331539064645767, Train_Err = 2.57
root: Val_Loss = 0.6256523728370667, Val_Err = 16.43
root: Epoch: [211 | 300]
root: Train_Loss = 0.10504739731550217, Train_Err = 2.596
root: Val_Loss = 0.6266769170761108, Val_Err = 16.4
root: Epoch: [212 | 300]
root: Train_Loss = 0.10320741683244705, Train_Err = 2.606
root: Val_Loss = 0.6222955584526062, Val_Err = 16.14
root: Epoch: [213 | 300]
root: Train_Loss = 0.10083112120628357, Train_Err = 2.476
root: Val_Loss = 0.6269515752792358, Val_Err = 16.37
root: Epoch: [214 | 300]
root: Train_Loss = 0.10199522227048874, Train_Err = 2.482
root: Val_Loss = 0.6190954446792603, Val_Err = 16.09
root: Epoch: [215 | 300]
root: Train_Loss = 0.10119526088237762, Train_Err = 2.558
root: Val_Loss = 0.6169047951698303, Val_Err = 16.07
root: Epoch: [216 | 300]
root: Train_Loss = 0.0994487777352333, Train_Err = 2.472
root: Val_Loss = 0.6239166259765625, Val_Err = 16.3
root: Epoch: [217 | 300]
root: Train_Loss = 0.10502948611974716, Train_Err = 2.65
root: Val_Loss = 0.610743522644043, Val_Err = 16.15
root: Epoch: [218 | 300]
root: Train_Loss = 0.09540379792451859, Train_Err = 2.42
root: Val_Loss = 0.6181508898735046, Val_Err = 16.33
root: Epoch: [219 | 300]
root: Train_Loss = 0.10403552651405334, Train_Err = 2.576
root: Val_Loss = 0.6203401684761047, Val_Err = 16.23
root: Epoch: [220 | 300]
root: Train_Loss = 0.10505055636167526, Train_Err = 2.648
root: Val_Loss = 0.6153320670127869, Val_Err = 15.89
root: Epoch: [221 | 300]
root: Train_Loss = 0.10521069169044495, Train_Err = 2.608
root: Val_Loss = 0.6216808557510376, Val_Err = 16.14
root: Epoch: [222 | 300]
root: Train_Loss = 0.10441585630178452, Train_Err = 2.554
root: Val_Loss = 0.6173359155654907, Val_Err = 15.88
root: Epoch: [223 | 300]
root: Train_Loss = 0.10115166008472443, Train_Err = 2.536
root: Val_Loss = 0.6124393939971924, Val_Err = 16.22
root: Epoch: [224 | 300]
root: Train_Loss = 0.10533986240625381, Train_Err = 2.63
root: Val_Loss = 0.6278805732727051, Val_Err = 16.11
root: Epoch: [225 | 300]
root: Train_Loss = 0.09614773094654083, Train_Err = 2.366
root: Val_Loss = 0.6128090620040894, Val_Err = 16.0
root: Epoch: [226 | 300]
root: Train_Loss = 0.09711751341819763, Train_Err = 2.394
root: Val_Loss = 0.6090624928474426, Val_Err = 16.15
root: Epoch: [227 | 300]
root: Train_Loss = 0.09419179707765579, Train_Err = 2.368
root: Val_Loss = 0.6035752296447754, Val_Err = 15.78
root: Epoch: [228 | 300]
root: Train_Loss = 0.09367187321186066, Train_Err = 2.326
root: Val_Loss = 0.5996048450469971, Val_Err = 15.71
root: Epoch: [229 | 300]
root: Train_Loss = 0.09382319450378418, Train_Err = 2.306
root: Val_Loss = 0.5971707701683044, Val_Err = 15.59
root: Epoch: [230 | 300]
root: Train_Loss = 0.08970486372709274, Train_Err = 2.21
root: Val_Loss = 0.5969108939170837, Val_Err = 15.5
root: Epoch: [231 | 300]
root: Train_Loss = 0.09025606513023376, Train_Err = 2.268
root: Val_Loss = 0.5954883694648743, Val_Err = 15.67
root: Epoch: [232 | 300]
root: Train_Loss = 0.09106086939573288, Train_Err = 2.314
root: Val_Loss = 0.5980545878410339, Val_Err = 15.53
root: Epoch: [233 | 300]
root: Train_Loss = 0.09050533920526505, Train_Err = 2.242
root: Val_Loss = 0.598157525062561, Val_Err = 15.57
root: Epoch: [234 | 300]
root: Train_Loss = 0.09107207506895065, Train_Err = 2.234
root: Val_Loss = 0.5952067375183105, Val_Err = 15.48
root: Epoch: [235 | 300]
root: Train_Loss = 0.0893356129527092, Train_Err = 2.232
root: Val_Loss = 0.5950968861579895, Val_Err = 15.39
root: Epoch: [236 | 300]
root: Train_Loss = 0.089935801923275, Train_Err = 2.22
root: Val_Loss = 0.592018187046051, Val_Err = 15.41
root: Epoch: [237 | 300]
root: Train_Loss = 0.08546207845211029, Train_Err = 2.14
root: Val_Loss = 0.5911303758621216, Val_Err = 15.49
root: Epoch: [238 | 300]
root: Train_Loss = 0.08776774257421494, Train_Err = 2.178
root: Val_Loss = 0.5877283811569214, Val_Err = 15.48
root: Epoch: [239 | 300]
root: Train_Loss = 0.08712396025657654, Train_Err = 2.18
root: Val_Loss = 0.5905523896217346, Val_Err = 15.48
root: Epoch: [240 | 300]
root: Train_Loss = 0.08867377787828445, Train_Err = 2.204
root: Val_Loss = 0.5889537930488586, Val_Err = 15.42
root: Epoch: [241 | 300]
root: Train_Loss = 0.08912301808595657, Train_Err = 2.178
root: Val_Loss = 0.5895684361457825, Val_Err = 15.38
root: Epoch: [242 | 300]
root: Train_Loss = 0.09030655026435852, Train_Err = 2.264
root: Val_Loss = 0.5905577540397644, Val_Err = 15.31
root: Epoch: [243 | 300]
root: Train_Loss = 0.08597961813211441, Train_Err = 2.126
root: Val_Loss = 0.5894650220870972, Val_Err = 15.29
root: Epoch: [244 | 300]
root: Train_Loss = 0.08809167891740799, Train_Err = 2.17
root: Val_Loss = 0.5866091847419739, Val_Err = 15.36
root: Epoch: [245 | 300]
root: Train_Loss = 0.08938074111938477, Train_Err = 2.23
root: Val_Loss = 0.5861505270004272, Val_Err = 15.38
root: Epoch: [246 | 300]
root: Train_Loss = 0.08812940865755081, Train_Err = 2.214
root: Val_Loss = 0.5868101716041565, Val_Err = 15.31
root: Epoch: [247 | 300]
root: Train_Loss = 0.08884982019662857, Train_Err = 2.192
root: Val_Loss = 0.5863681435585022, Val_Err = 15.59
root: Epoch: [248 | 300]
root: Train_Loss = 0.08698844164609909, Train_Err = 2.152
root: Val_Loss = 0.587130069732666, Val_Err = 15.51
root: Epoch: [249 | 300]
root: Train_Loss = 0.09100210666656494, Train_Err = 2.294
root: Val_Loss = 0.5866010785102844, Val_Err = 15.37
root: Epoch: [250 | 300]
root: Train_Loss = 0.0884370282292366, Train_Err = 2.17
root: Val_Loss = 0.5824133157730103, Val_Err = 15.28
root: Epoch: [251 | 300]
root: Train_Loss = 0.08674975484609604, Train_Err = 2.194
root: Val_Loss = 0.5822873711585999, Val_Err = 15.4
root: Epoch: [252 | 300]
root: Train_Loss = 0.08738434314727783, Train_Err = 2.188
root: Val_Loss = 0.5853575468063354, Val_Err = 15.32
root: Epoch: [253 | 300]
root: Train_Loss = 0.08762632310390472, Train_Err = 2.194
root: Val_Loss = 0.5854487419128418, Val_Err = 15.38
root: Epoch: [254 | 300]
root: Train_Loss = 0.08510488271713257, Train_Err = 2.166
root: Val_Loss = 0.5798642635345459, Val_Err = 15.41
root: Epoch: [255 | 300]
root: Train_Loss = 0.08991140127182007, Train_Err = 2.216
root: Val_Loss = 0.5831765532493591, Val_Err = 15.38
root: Epoch: [256 | 300]
root: Train_Loss = 0.08804620057344437, Train_Err = 2.204
root: Val_Loss = 0.5822046399116516, Val_Err = 15.37
root: Epoch: [257 | 300]
root: Train_Loss = 0.08643269538879395, Train_Err = 2.142
root: Val_Loss = 0.5848886370658875, Val_Err = 15.39
root: Epoch: [258 | 300]
root: Train_Loss = 0.08718686550855637, Train_Err = 2.194
root: Val_Loss = 0.5848945379257202, Val_Err = 15.32
root: Epoch: [259 | 300]
root: Train_Loss = 0.08521879464387894, Train_Err = 2.118
root: Val_Loss = 0.5809939503669739, Val_Err = 15.36
root: Epoch: [260 | 300]
root: Train_Loss = 0.08400720357894897, Train_Err = 2.1
root: Val_Loss = 0.5808215737342834, Val_Err = 15.41
root: Epoch: [261 | 300]
root: Train_Loss = 0.08250539749860764, Train_Err = 2.038
root: Val_Loss = 0.5829993486404419, Val_Err = 15.54
root: Epoch: [262 | 300]
root: Train_Loss = 0.08521100133657455, Train_Err = 2.142
root: Val_Loss = 0.5847488045692444, Val_Err = 15.35
root: Epoch: [263 | 300]
root: Train_Loss = 0.08836353570222855, Train_Err = 2.222
root: Val_Loss = 0.5822676420211792, Val_Err = 15.41
root: Epoch: [264 | 300]
root: Train_Loss = 0.08398902416229248, Train_Err = 2.118
root: Val_Loss = 0.5838280916213989, Val_Err = 15.56
root: Epoch: [265 | 300]
root: Train_Loss = 0.08301805704832077, Train_Err = 2.086
root: Val_Loss = 0.5907825827598572, Val_Err = 15.46
root: Epoch: [266 | 300]
root: Train_Loss = 0.08683037757873535, Train_Err = 2.158
root: Val_Loss = 0.5860607028007507, Val_Err = 15.54
root: Epoch: [267 | 300]
root: Train_Loss = 0.08591029047966003, Train_Err = 2.152
root: Val_Loss = 0.5829389095306396, Val_Err = 15.38
root: Epoch: [268 | 300]
root: Train_Loss = 0.08676258474588394, Train_Err = 2.158
root: Val_Loss = 0.5821529030799866, Val_Err = 15.43
root: Epoch: [269 | 300]
root: Train_Loss = 0.08757247030735016, Train_Err = 2.218
root: Val_Loss = 0.5828955173492432, Val_Err = 15.36
root: Epoch: [270 | 300]
root: Train_Loss = 0.08674705028533936, Train_Err = 2.104
root: Val_Loss = 0.584632396697998, Val_Err = 15.42
root: Epoch: [271 | 300]
root: Train_Loss = 0.08555101603269577, Train_Err = 2.084
root: Val_Loss = 0.5848759412765503, Val_Err = 15.35
root: Epoch: [272 | 300]
root: Train_Loss = 0.07978065311908722, Train_Err = 2.004
root: Val_Loss = 0.5867839455604553, Val_Err = 15.3
root: Epoch: [273 | 300]
root: Train_Loss = 0.08385171741247177, Train_Err = 2.056
root: Val_Loss = 0.5843634009361267, Val_Err = 15.36
root: Epoch: [274 | 300]
root: Train_Loss = 0.08313623070716858, Train_Err = 2.01
root: Val_Loss = 0.5829851031303406, Val_Err = 15.36
root: Epoch: [275 | 300]
root: Train_Loss = 0.08675073087215424, Train_Err = 2.18
root: Val_Loss = 0.5826921463012695, Val_Err = 15.55
root: Epoch: [276 | 300]
root: Train_Loss = 0.08729978650808334, Train_Err = 2.144
root: Val_Loss = 0.5824130773544312, Val_Err = 15.33
root: Epoch: [277 | 300]
root: Train_Loss = 0.08058124035596848, Train_Err = 1.986
root: Val_Loss = 0.58188396692276, Val_Err = 15.36
root: Epoch: [278 | 300]
root: Train_Loss = 0.07901840656995773, Train_Err = 1.99
root: Val_Loss = 0.5847861170768738, Val_Err = 15.43
root: Epoch: [279 | 300]
root: Train_Loss = 0.08449479192495346, Train_Err = 2.096
root: Val_Loss = 0.5818960070610046, Val_Err = 15.38
root: Epoch: [280 | 300]
root: Train_Loss = 0.08260108530521393, Train_Err = 2.01
root: Val_Loss = 0.5797687768936157, Val_Err = 15.32
root: Epoch: [281 | 300]
root: Train_Loss = 0.0796113833785057, Train_Err = 1.966
root: Val_Loss = 0.5773465037345886, Val_Err = 15.48
root: Epoch: [282 | 300]
root: Train_Loss = 0.08525142073631287, Train_Err = 2.068
root: Val_Loss = 0.5795707106590271, Val_Err = 15.27
root: Epoch: [283 | 300]
root: Train_Loss = 0.08331364393234253, Train_Err = 2.048
root: Val_Loss = 0.5797399282455444, Val_Err = 15.42
root: Epoch: [284 | 300]
root: Train_Loss = 0.08445783704519272, Train_Err = 2.062
root: Val_Loss = 0.5810523629188538, Val_Err = 15.53
root: Epoch: [285 | 300]
root: Train_Loss = 0.08383812010288239, Train_Err = 2.13
root: Val_Loss = 0.5794467329978943, Val_Err = 15.26
root: Epoch: [286 | 300]
root: Train_Loss = 0.08578114956617355, Train_Err = 2.124
root: Val_Loss = 0.5809440612792969, Val_Err = 15.43
root: Epoch: [287 | 300]
root: Train_Loss = 0.0830005630850792, Train_Err = 2.048
root: Val_Loss = 0.5802940726280212, Val_Err = 15.29
root: Epoch: [288 | 300]
root: Train_Loss = 0.08155352622270584, Train_Err = 2.054
root: Val_Loss = 0.5791351199150085, Val_Err = 15.32
root: Epoch: [289 | 300]
root: Train_Loss = 0.08591607958078384, Train_Err = 2.162
root: Val_Loss = 0.5779522061347961, Val_Err = 15.35
root: Epoch: [290 | 300]
root: Train_Loss = 0.0826977789402008, Train_Err = 2.1
root: Val_Loss = 0.5798537135124207, Val_Err = 15.41
root: Epoch: [291 | 300]
root: Train_Loss = 0.08605275303125381, Train_Err = 2.15
root: Val_Loss = 0.5757315158843994, Val_Err = 15.4
root: Epoch: [292 | 300]
root: Train_Loss = 0.08728759735822678, Train_Err = 2.204
root: Val_Loss = 0.5771898627281189, Val_Err = 15.48
root: Epoch: [293 | 300]
root: Train_Loss = 0.08122678101062775, Train_Err = 2.002
root: Val_Loss = 0.5810162425041199, Val_Err = 15.34
root: Epoch: [294 | 300]
root: Train_Loss = 0.08308980613946915, Train_Err = 2.076
root: Val_Loss = 0.5798607468605042, Val_Err = 15.4
root: Epoch: [295 | 300]
root: Train_Loss = 0.08545561134815216, Train_Err = 2.126
root: Val_Loss = 0.5789139866828918, Val_Err = 15.38
root: Epoch: [296 | 300]
root: Train_Loss = 0.080288827419281, Train_Err = 2.008
root: Val_Loss = 0.5766473412513733, Val_Err = 15.39
root: Epoch: [297 | 300]
root: Train_Loss = 0.08240743726491928, Train_Err = 2.034
root: Val_Loss = 0.5771805644035339, Val_Err = 15.39
root: Epoch: [298 | 300]
root: Train_Loss = 0.08925662189722061, Train_Err = 2.184
root: Val_Loss = 0.5747304558753967, Val_Err = 15.36
root: Epoch: [299 | 300]
root: Train_Loss = 0.08569764345884323, Train_Err = 2.14
root: Val_Loss = 0.5771294236183167, Val_Err = 15.32
